**************************************************************************************************
**************************************************************************************************

MFCC ~ 12, USERS AND OTHERS

**************************************************************************************************
**************************************************************************************************


m = 1
----------------------------------------------
==> CostDetection: 96.4
==============================================

m = 2
----------------------------------------------
==> CostDetection: 94.0
==============================================

m = 3
----------------------------------------------
==> CostDetection: 48.7
==============================================

m = 4
----------------------------------------------
==> CostDetection: 51.2
==============================================

m = 5
----------------------------------------------
==> CostDetection: 45.6
==============================================

m = 6
----------------------------------------------
==> CostDetection: 38.3
==============================================

m = 7
----------------------------------------------
==> CostDetection: 44.3
==============================================

m = 8
----------------------------------------------
==> CostDetection: 33.9
==============================================

m = 9
----------------------------------------------
==> CostDetection: 28.7
==============================================

m = 10
----------------------------------------------
==> CostDetection: 35.5
==============================================

m = 11
----------------------------------------------
==> CostDetection: 28.3
==============================================

m = 12
----------------------------------------------
==> CostDetection: 39.1
==============================================

m = 13
----------------------------------------------
==> CostDetection: 31.1
==============================================

m = 14
----------------------------------------------
==> CostDetection: 35.8
==============================================

m = 15
----------------------------------------------
==> CostDetection: 29.5
==============================================

m = 16
----------------------------------------------
==> CostDetection: 34.3
==============================================

m = 17
----------------------------------------------
==> CostDetection: 35.9
==============================================

m = 18
----------------------------------------------
==> CostDetection: 35.1
==============================================

m = 19
----------------------------------------------
==> CostDetection: 37.1
==============================================

m = 20
----------------------------------------------
==> CostDetection: 34.3
==============================================

m = 21
----------------------------------------------
==> CostDetection: 34.3
==============================================

m = 22
----------------------------------------------
==> CostDetection: 28.7
==============================================

m = 23
----------------------------------------------
==> CostDetection: 32.7
==============================================

m = 24
----------------------------------------------
==> CostDetection: 33.9
==============================================

m = 25
----------------------------------------------
==> CostDetection: 33.5
==============================================

m = 26
----------------------------------------------
==> CostDetection: 33.5
==============================================

m = 27
----------------------------------------------
==> CostDetection: 34.7
==============================================

m = 28
----------------------------------------------
==> CostDetection: 32.2
==============================================

m = 29
----------------------------------------------
==> CostDetection: 34.2
==============================================

m = 30
----------------------------------------------
==> CostDetection: 35.8
==============================================

m = 31
----------------------------------------------
==> CostDetection: 32.6
==============================================

m = 32
----------------------------------------------
==> CostDetection: 31.8
==============================================

m = 33
----------------------------------------------
==> CostDetection: 33.1
==============================================

m = 34
----------------------------------------------
==> CostDetection: 32.6
==============================================

m = 35
----------------------------------------------
==> CostDetection: 35.0
==============================================

m = 36
----------------------------------------------
==> CostDetection: 35.0
==============================================

m = 37
----------------------------------------------
==> CostDetection: 35.0
==============================================

m = 38
----------------------------------------------
==> CostDetection: 36.2
==============================================

m = 39
----------------------------------------------
==> CostDetection: 35.8
==============================================

m = 40
----------------------------------------------
==> CostDetection: 29.9
==============================================

m = 41
----------------------------------------------
==> CostDetection: 29.9
==============================================

m = 42
----------------------------------------------
==> CostDetection: 29.1
==============================================

m = 43
----------------------------------------------
==> CostDetection: 31.5
==============================================

m = 44
----------------------------------------------
==> CostDetection: 35.0
==============================================

m = 45
----------------------------------------------
==> CostDetection: 30.8
==============================================

m = 46
----------------------------------------------
==> CostDetection: 30.3
==============================================

***************************************************************************************************

m = 512
----------------------------------------------
==> CostDetection: 30.0
==============================================

m = 1024
----------------------------------------------
==> CostDetection: 28.0
==============================================

m = 2048
----------------------------------------------
==> CostDetection: 28.0
==============================================

***************************************************************************************************

m = 47
----------------------------------------------
==> CostDetection: 34.7
==============================================

m = 48
----------------------------------------------
==> CostDetection: 33.8
==============================================

m = 49
----------------------------------------------
==> CostDetection: 30.7
==============================================

m = 50
----------------------------------------------
==> CostDetection: 30.3
==============================================

**************************************************************************************************

INCREMENTANDO THRESHOLDS

m = 50
----------------------------------------------
==> CostDetection: 29.9
==============================================

**************************************************************************************************

m = 51
----------------------------------------------
==> CostDetection: 31.5
==============================================

m = 52
----------------------------------------------
==> CostDetection: 31.1
==============================================

m = 53
----------------------------------------------
==> CostDetection: 32.3
==============================================

m = 54
----------------------------------------------
==> CostDetection: 31.9
==============================================

m = 55
----------------------------------------------
==> CostDetection: 32.3
==============================================

m = 56
----------------------------------------------
==> CostDetection: 31.6
==============================================

m = 57
----------------------------------------------
==> CostDetection: 27.6
==============================================

**************************************************************************************************

gmm_train  -v 1 -T 1e-6 -N 120 -t 1e-6 -n 120 -m $m -i 1 -d $w/$FEAT -e $FEAT -g $w/gmm/$FEAT/$world.gmm $lists/verif/$world.train || exit 1

m = 57
----------------------------------------------
==> CostDetection: 18.8
==============================================


gmm_train  -v 1 -T 1e-8 -N 200 -t 1e-8 -n 200 -m $m -i 1 -d $w/$FEAT -e $FEAT -g $w/gmm/$FEAT/$world.gmm $lists/verif/$world.train || exit 1

m = 57
----------------------------------------------
==> CostDetection: 25.6
==============================================

elegimos th de la primera opción

**************************************************************************************************

m = 58
----------------------------------------------
==> CostDetection: 30.7
==============================================

m = 59
----------------------------------------------
==> CostDetection: 26.0
==============================================

m = 60
----------------------------------------------
==> CostDetection: 28.4
==============================================

m = 61
----------------------------------------------
==> CostDetection: 28.0
==============================================

m = 62
----------------------------------------------
==> CostDetection: 33.1
==============================================

m = 63
----------------------------------------------
==> CostDetection: 28.4
==============================================

m = 64
----------------------------------------------
==> CostDetection: 29.2
==============================================

m = 65
----------------------------------------------
==> CostDetection: 28.0
==============================================

m = 66
----------------------------------------------
==> CostDetection: 25.2
==============================================

m = 67
----------------------------------------------
==> CostDetection: 28.8
==============================================

m = 68
----------------------------------------------
==> CostDetection: 29.2
==============================================

m = 69
----------------------------------------------
==> CostDetection: 28.8
==============================================

m = 70
----------------------------------------------
==> CostDetection: 25.6
==============================================

m = 71
----------------------------------------------
==> CostDetection: 27.6
==============================================

m = 72
----------------------------------------------
==> CostDetection: 27.6
==============================================

m = 73
----------------------------------------------
==> CostDetection: 32.7
==============================================

m = 74
----------------------------------------------
==> CostDetection: 32.4
==============================================

m = 75
----------------------------------------------
==> CostDetection: 29.9
==============================================

m = 76
----------------------------------------------
==> CostDetection: 33.1
==============================================

m = 77
----------------------------------------------
==> CostDetection: 27.1
==============================================

m = 78
----------------------------------------------
==> CostDetection: 30.4
==============================================

m = 79
----------------------------------------------
==> CostDetection: 26.0
==============================================

m = 80
----------------------------------------------
==> CostDetection: 24.4
==============================================

m = 81
----------------------------------------------
==> CostDetection: 31.2
==============================================

m = 82
----------------------------------------------
==> CostDetection: 25.2
==============================================

m = 83
----------------------------------------------
==> CostDetection: 27.6
==============================================

m = 84
----------------------------------------------
==> CostDetection: 26.0
==============================================

m = 85
----------------------------------------------
==> CostDetection: 25.6
==============================================

m = 86
----------------------------------------------
==> CostDetection: 26.4
==============================================

m = 87
----------------------------------------------
==> CostDetection: 20.8
==============================================

m = 88
----------------------------------------------
==> CostDetection: 22.4
==============================================

m = 89
----------------------------------------------
==> CostDetection: 22.4
==============================================

m = 90
----------------------------------------------
==> CostDetection: 22.0
==============================================

m = 91
----------------------------------------------
==> CostDetection: 22.0
==============================================

m = 92
----------------------------------------------
==> CostDetection: 22.4
==============================================

m = 93
----------------------------------------------
==> CostDetection: 22.0
==============================================

m = 94
----------------------------------------------
==> CostDetection: 22.0
==============================================

m = 95
----------------------------------------------
==> CostDetection: 23.6
==============================================

m = 96
----------------------------------------------
==> CostDetection: 22.0
==============================================

m = 97
----------------------------------------------
==> CostDetection: 22.0
==============================================

m = 98
----------------------------------------------
==> CostDetection: 25.6
==============================================

m = 99
----------------------------------------------
==> CostDetection: 20.8
==============================================

m = 100
----------------------------------------------
==> CostDetection: 19.2
==============================================

m = 101
----------------------------------------------
==> CostDetection: 19.2
==============================================

m = 102
----------------------------------------------
==> CostDetection: 20.0
==============================================

m = 103
----------------------------------------------
==> CostDetection: 21.2
==============================================

m = 104
----------------------------------------------
==> CostDetection: 20.4
==============================================

m = 105
----------------------------------------------
==> CostDetection: 20.0
==============================================

m = 106
----------------------------------------------
==> CostDetection: 19.2
==============================================

m = 107
----------------------------------------------
==> CostDetection: 23.2
==============================================

m = 108
----------------------------------------------
==> CostDetection: 18.4
==============================================

m = 109
----------------------------------------------
==> CostDetection: 25.2
==============================================

m = 110
----------------------------------------------
==> CostDetection: 18.0
==============================================

m = 111
----------------------------------------------
==> CostDetection: 19.2
==============================================

m = 112
----------------------------------------------
==> CostDetection: 22.4
==============================================

m = 113
----------------------------------------------
==> CostDetection: 20.4
==============================================

m = 114
----------------------------------------------
==> CostDetection: 21.2
==============================================

m = 115
----------------------------------------------
==> CostDetection: 22.0
==============================================

m = 116
----------------------------------------------
==> CostDetection: 21.6
==============================================

m = 117
----------------------------------------------
==> CostDetection: 20.4
==============================================

m = 118
----------------------------------------------
==> CostDetection: 20.0
==============================================

m = 119
----------------------------------------------
==> CostDetection: 23.6
==============================================

m = 120
----------------------------------------------
==> CostDetection: 24.0
==============================================

m = 121
----------------------------------------------
==> CostDetection: 22.4
==============================================

m = 122
----------------------------------------------
==> CostDetection: 25.6
==============================================

m = 123
----------------------------------------------
==> CostDetection: 24.4
==============================================

m = 124
----------------------------------------------
==> CostDetection: 22.0
==============================================

m = 125
----------------------------------------------
==> CostDetection: 25.5
==============================================

m = 126
----------------------------------------------
==> CostDetection: 25.5
==============================================

m = 127
----------------------------------------------
==> CostDetection: 24.8
==============================================



**************************************************************************************************
**************************************************************************************************

MFCC ~ 12, USERS

**************************************************************************************************
**************************************************************************************************

m = 95
----------------------------------------------
==> CostDetection: 34.3
==============================================

m = 96
----------------------------------------------
==> CostDetection: 33.9
==============================================

m = 97
----------------------------------------------
==> CostDetection: 28.8
==============================================

m = 98
----------------------------------------------
==> CostDetection: 29.2
==============================================

m = 99
----------------------------------------------
==> CostDetection: 28.8
==============================================

m = 100
----------------------------------------------
==> CostDetection: 30.0
==============================================

m = 101
----------------------------------------------
==> CostDetection: 30.0
==============================================

m = 102
----------------------------------------------
==> CostDetection: 29.6
==============================================

m = 103
----------------------------------------------
==> CostDetection: 28.0
==============================================

m = 104
----------------------------------------------
==> CostDetection: 28.0
==============================================

m = 105
----------------------------------------------
==> CostDetection: 25.6
==============================================

m = 106
----------------------------------------------
==> CostDetection: 26.8
==============================================

m = 107
----------------------------------------------
==> CostDetection: 26.0
==============================================

m = 108
----------------------------------------------
==> CostDetection: 24.8
==============================================

m = 109
----------------------------------------------
==> CostDetection: 30.0
==============================================

m = 110
----------------------------------------------
==> CostDetection: 28.0
==============================================

m = 111
----------------------------------------------
==> CostDetection: 30.8
==============================================

m = 112
----------------------------------------------
==> CostDetection: 29.2
==============================================

m = 113
----------------------------------------------
==> CostDetection: 23.6
==============================================

m = 114
----------------------------------------------
==> CostDetection: 25.6
==============================================

m = 115
----------------------------------------------
==> CostDetection: 26.0
==============================================

m = 116
----------------------------------------------
==> CostDetection: 26.0
==============================================

m = 117
----------------------------------------------
==> CostDetection: 25.6
==============================================

m = 118
----------------------------------------------
==> CostDetection: 31.2
==============================================

m = 119
----------------------------------------------
==> CostDetection: 26.8
==============================================

m = 120
----------------------------------------------
==> CostDetection: 26.4
==============================================

m = 121
----------------------------------------------
==> CostDetection: 27.6
==============================================

