BLOCK00/SES002/SA002S12	SES002	1.50027	-51.216	-52.7163
BLOCK00/SES002/SA002S13	SES002	1.50079	-51.2634	-52.7642
BLOCK00/SES002/SA002S23	SES002	1.40796	-50.9673	-52.3753
BLOCK00/SES002/SA002S26	SES002	2.20887	-50.6771	-52.886
BLOCK00/SES002/SA002S28	SES002	1.33806	-51.2991	-52.6372
BLOCK00/SES007/SA007S14	SES007	0.639969	-51.882	-52.522
BLOCK00/SES007/SA007S15	SES007	-0.0605507	-52.8079	-52.7474
BLOCK00/SES007/SA007S24	SES007	0.112652	-52.4972	-52.6098
BLOCK00/SES007/SA007S27	SES007	0.322178	-52.9597	-53.2819
BLOCK00/SES007/SA007S29	SES007	0.115574	-52.1443	-52.2598
BLOCK00/SES008/SA008S11	SES008	0.576092	-52.534	-53.1101
BLOCK00/SES008/SA008S12	SES008	0.274475	-52.6069	-52.8814
BLOCK00/SES008/SA008S19	SES008	0.624413	-52.0092	-52.6336
BLOCK00/SES008/SA008S22	SES008	0.483658	-53.0816	-53.5653
BLOCK00/SES008/SA008S29	SES008	1.01838	-52.1677	-53.1861
BLOCK01/SES014/SA014S10	SES014	1.28028	-51.5723	-52.8526
BLOCK01/SES014/SA014S12	SES014	1.83208	-49.9517	-51.7838
BLOCK01/SES014/SA014S24	SES014	1.45173	-51.2964	-52.7481
BLOCK01/SES014/SA014S26	SES014	2.12016	-49.2537	-51.3738
BLOCK01/SES014/SA014S28	SES014	1.62451	-50.8642	-52.4887
BLOCK01/SES016/SA016S12	SES016	-0.0947952	-54.5269	-54.4321
BLOCK01/SES016/SA016S13	SES016	0.624237	-53.5041	-54.1283
BLOCK01/SES016/SA016S22	SES016	0.27581	-53.5313	-53.8071
BLOCK01/SES016/SA016S25	SES016	0.525425	-51.425	-51.9504
BLOCK01/SES016/SA016S27	SES016	1.11997	-51.749	-52.869
BLOCK01/SES019/SA019S13	SES019	1.90138	-52.4023	-54.3036
BLOCK01/SES019/SA019S14	SES019	1.20667	-52.4395	-53.6462
BLOCK01/SES019/SA019S22	SES019	1.50317	-51.7644	-53.2676
BLOCK01/SES019/SA019S25	SES019	1.33698	-52.7745	-54.1115
BLOCK01/SES019/SA019S29	SES019	2.46824	-52.336	-54.8042
BLOCK02/SES029/SA029S11	SES029	0.446255	-52.6939	-53.1401
BLOCK02/SES029/SA029S12	SES029	-0.0180054	-52.6124	-52.5944
BLOCK02/SES029/SA029S20	SES029	0.0387115	-53.8256	-53.8643
BLOCK02/SES029/SA029S25	SES029	0.36525	-52.6948	-53.0601
BLOCK02/SES029/SA029S28	SES029	0.0733109	-52.9611	-53.0344
BLOCK04/SES042/SA042S12	SES042	2.03381	-50.1327	-52.1665
BLOCK04/SES042/SA042S15	SES042	1.54364	-50.5487	-52.0924
BLOCK04/SES042/SA042S22	SES042	3.05241	-49.0869	-52.1393
BLOCK04/SES042/SA042S25	SES042	1.81746	-51.1327	-52.9501
BLOCK04/SES042/SA042S27	SES042	1.94453	-49.9851	-51.9296
BLOCK04/SES048/SA048S11	SES048	0.566235	-51.9544	-52.5206
BLOCK04/SES048/SA048S12	SES048	0.671783	-51.7822	-52.4539
BLOCK04/SES048/SA048S20	SES048	0.488373	-51.9093	-52.3976
BLOCK04/SES048/SA048S23	SES048	1.27356	-52.0076	-53.2812
BLOCK04/SES048/SA048S27	SES048	0.719776	-51.6312	-52.351
BLOCK06/SES060/SA060S11	SES060	0.668747	-52.3987	-53.0674
BLOCK06/SES060/SA060S12	SES060	-0.20155	-53.713	-53.5115
BLOCK06/SES060/SA060S22	SES060	-0.0534782	-53.6074	-53.554
BLOCK06/SES060/SA060S24	SES060	0.259727	-52.2314	-52.4911
BLOCK06/SES060/SA060S28	SES060	0.411251	-51.188	-51.5993
BLOCK06/SES062/SA062S10	SES062	0.690105	-51.6385	-52.3286
BLOCK06/SES062/SA062S11	SES062	0.949894	-52.0965	-53.0464
BLOCK06/SES062/SA062S21	SES062	1.18353	-50.3609	-51.5444
BLOCK06/SES062/SA062S26	SES062	0.748043	-51.4767	-52.2247
BLOCK06/SES062/SA062S29	SES062	0.714878	-51.5661	-52.281
BLOCK06/SES068/SA068S14	SES068	0.197895	-52.8956	-53.0935
BLOCK06/SES068/SA068S15	SES068	0.789661	-51.812	-52.6016
BLOCK06/SES068/SA068S23	SES068	0.129761	-53.0403	-53.17
BLOCK06/SES068/SA068S27	SES068	1.07437	-52.2786	-53.353
BLOCK06/SES068/SA068S29	SES068	0.499882	-52.32	-52.8199
BLOCK08/SES082/SA082S12	SES082	0.937057	-51.8369	-52.774
BLOCK08/SES082/SA082S14	SES082	0.853672	-51.9379	-52.7916
BLOCK08/SES082/SA082S21	SES082	1.1375	-51.8564	-52.9939
BLOCK08/SES082/SA082S24	SES082	1.12101	-52.0011	-53.1221
BLOCK08/SES082/SA082S28	SES082	0.88168	-52.1972	-53.0788
BLOCK08/SES083/SA083S14	SES083	-0.107975	-53.0739	-52.9659
BLOCK08/SES083/SA083S15	SES083	0.416481	-52.5916	-53.0081
BLOCK08/SES083/SA083S24	SES083	0.174332	-52.6719	-52.8462
BLOCK08/SES083/SA083S26	SES083	0.187649	-52.5394	-52.7271
BLOCK08/SES083/SA083S29	SES083	-0.175171	-52.8343	-52.6591
BLOCK08/SES085/SA085S10	SES085	0.0773277	-53.2535	-53.3308
BLOCK08/SES085/SA085S13	SES085	0.376209	-53.5403	-53.9165
BLOCK08/SES085/SA085S22	SES085	-0.172047	-54.2692	-54.0972
BLOCK08/SES085/SA085S26	SES085	0.105446	-53.4896	-53.5951
BLOCK08/SES085/SA085S28	SES085	0.463356	-52.7735	-53.2368
BLOCK08/SES087/SA087S15	SES087	1.27211	-50.9774	-52.2495
BLOCK08/SES087/SA087S16	SES087	1.28817	-51.1639	-52.4521
BLOCK08/SES087/SA087S24	SES087	1.10763	-51.381	-52.4886
BLOCK08/SES087/SA087S26	SES087	1.38073	-50.2884	-51.6692
BLOCK08/SES087/SA087S29	SES087	1.11714	-51.0952	-52.2123
BLOCK09/SES099/SA099S15	SES099	1.61204	-51.97	-53.582
BLOCK09/SES099/SA099S16	SES099	1.13093	-51.9571	-53.0881
BLOCK09/SES099/SA099S24	SES099	1.18226	-51.488	-52.6703
BLOCK09/SES099/SA099S26	SES099	1.76653	-51.0253	-52.7919
BLOCK09/SES099/SA099S29	SES099	1.43474	-51.2714	-52.7062
BLOCK10/SES101/SA101S11	SES101	0.133671	-52.0728	-52.2065
BLOCK10/SES101/SA101S13	SES101	0.0960579	-52.2447	-52.3408
BLOCK10/SES101/SA101S22	SES101	0.188011	-53.2663	-53.4543
BLOCK10/SES101/SA101S24	SES101	0.723763	-51.8433	-52.5671
BLOCK10/SES101/SA101S28	SES101	-0.478161	-54.002	-53.5239
BLOCK10/SES104/SA104S11	SES104	0.729424	-51.1683	-51.8978
BLOCK10/SES104/SA104S12	SES104	1.22005	-50.9915	-52.2115
BLOCK10/SES104/SA104S21	SES104	1.07008	-51.4903	-52.5604
BLOCK10/SES104/SA104S24	SES104	1.11151	-51.3464	-52.4579
BLOCK10/SES104/SA104S28	SES104	1.77539	-51.0874	-52.8628
BLOCK10/SES105/SA105S12	SES105	0.44891	-52.6648	-53.1137
BLOCK10/SES105/SA105S13	SES105	0.196732	-52.6164	-52.8131
BLOCK10/SES105/SA105S22	SES105	0.0750465	-53.6777	-53.7527
BLOCK10/SES105/SA105S26	SES105	0.631351	-52.6747	-53.306
BLOCK10/SES105/SA105S29	SES105	0.177696	-53.0489	-53.2266
BLOCK10/SES106/SA106S09	SES106	0.851871	-52.305	-53.1569
BLOCK10/SES106/SA106S11	SES106	1.04185	-50.7493	-51.7911
BLOCK10/SES106/SA106S22	SES106	1.54013	-51.8687	-53.4089
BLOCK10/SES106/SA106S27	SES106	1.01789	-51.0626	-52.0805
BLOCK10/SES106/SA106S29	SES106	0.969265	-50.6224	-51.5917
BLOCK11/SES117/SA117S12	SES117	0.155567	-53.2146	-53.3701
BLOCK11/SES117/SA117S13	SES117	-0.222843	-53.2489	-53.0261
BLOCK11/SES117/SA117S23	SES117	1.25881	-53.4903	-54.7491
BLOCK11/SES117/SA117S25	SES117	1.13465	-53.2772	-54.4119
BLOCK11/SES117/SA117S28	SES117	0.459293	-53.271	-53.7303
BLOCK12/SES120/SA120S08	SES120	0.243652	-53.7855	-54.0292
BLOCK12/SES120/SA120S11	SES120	0.243973	-53.7746	-54.0186
BLOCK12/SES120/SA120S22	SES120	0.102924	-52.7843	-52.8872
BLOCK12/SES120/SA120S24	SES120	0.803265	-52.6694	-53.4727
BLOCK12/SES120/SA120S28	SES120	0.0106163	-54.4162	-54.4268
BLOCK12/SES125/SA125S13	SES125	1.4414	-51.2098	-52.6512
BLOCK12/SES125/SA125S14	SES125	1.24166	-51.4224	-52.664
BLOCK12/SES125/SA125S25	SES125	1.90544	-50.9023	-52.8078
BLOCK12/SES125/SA125S27	SES125	1.72992	-50.9851	-52.7151
BLOCK12/SES125/SA125S29	SES125	1.57593	-50.9401	-52.516
BLOCK12/SES127/SA127S11	SES127	0.405434	-52.7383	-53.1438
BLOCK12/SES127/SA127S12	SES127	0.454762	-52.5831	-53.0378
BLOCK12/SES127/SA127S23	SES127	0.593567	-52.9324	-53.526
BLOCK12/SES127/SA127S25	SES127	-0.0748558	-53.253	-53.1782
BLOCK12/SES127/SA127S27	SES127	1.01336	-52.6937	-53.7071
BLOCK12/SES129/SA129S11	SES129	1.00786	-51.7762	-52.7841
BLOCK12/SES129/SA129S12	SES129	1.22062	-51.7765	-52.9971
BLOCK12/SES129/SA129S22	SES129	0.8983	-51.5206	-52.4189
BLOCK12/SES129/SA129S27	SES129	1.50374	-51.2988	-52.8025
BLOCK12/SES129/SA129S29	SES129	1.48355	-51.2967	-52.7802
BLOCK14/SES142/SA142S11	SES142	2.0812	-52.0795	-54.1607
BLOCK14/SES142/SA142S12	SES142	1.58782	-52.8384	-54.4262
BLOCK14/SES142/SA142S24	SES142	2.42505	-52.3996	-54.8246
BLOCK14/SES142/SA142S27	SES142	2.27254	-51.6087	-53.8813
BLOCK14/SES142/SA142S29	SES142	2.03148	-51.5082	-53.5397
BLOCK14/SES143/SA143S12	SES143	0.689877	-52.7946	-53.4845
BLOCK14/SES143/SA143S13	SES143	0.655102	-53.0722	-53.7273
BLOCK14/SES143/SA143S23	SES143	1.08097	-53.1378	-54.2188
BLOCK14/SES143/SA143S25	SES143	1.0104	-52.7764	-53.7868
BLOCK14/SES143/SA143S28	SES143	0.852409	-52.2401	-53.0925
BLOCK14/SES144/SA144S09	SES144	0.595959	-52.3497	-52.9457
BLOCK14/SES144/SA144S11	SES144	0.760754	-53.1577	-53.9185
BLOCK14/SES144/SA144S21	SES144	0.263733	-53.1234	-53.3871
BLOCK14/SES144/SA144S25	SES144	0.300251	-53.023	-53.3232
BLOCK14/SES144/SA144S29	SES144	0.117466	-52.8649	-52.9824
BLOCK14/SES146/SA146S14	SES146	0.810448	-52.8739	-53.6843
BLOCK14/SES146/SA146S15	SES146	0.17268	-52.9687	-53.1414
BLOCK14/SES146/SA146S24	SES146	0.26149	-52.62	-52.8815
BLOCK14/SES146/SA146S26	SES146	0.835331	-53.2433	-54.0787
BLOCK14/SES146/SA146S29	SES146	0.503521	-53.221	-53.7245
BLOCK14/SES147/SA147S11	SES147	0.775509	-52.7574	-53.5329
BLOCK14/SES147/SA147S13	SES147	0.916817	-52.0195	-52.9363
BLOCK14/SES147/SA147S23	SES147	1.16361	-53.0541	-54.2177
BLOCK14/SES147/SA147S26	SES147	1.01357	-52.8436	-53.8572
BLOCK14/SES147/SA147S28	SES147	1.0928	-52.2427	-53.3355
BLOCK14/SES148/SA148S10	SES148	0.48597	-52.0384	-52.5244
BLOCK14/SES148/SA148S12	SES148	0.195415	-52.9615	-53.1569
BLOCK14/SES148/SA148S22	SES148	0.378658	-52.4648	-52.8434
BLOCK14/SES148/SA148S26	SES148	0.275063	-52.1521	-52.4272
BLOCK14/SES148/SA148S29	SES148	0.452579	-52.868	-53.3206
BLOCK14/SES149/SA149S13	SES149	0.308578	-52.1173	-52.4259
BLOCK14/SES149/SA149S14	SES149	0.395294	-51.6599	-52.0552
BLOCK14/SES149/SA149S24	SES149	1.0878	-51.5823	-52.6701
BLOCK14/SES149/SA149S26	SES149	1.01367	-51.0453	-52.059
BLOCK14/SES149/SA149S28	SES149	1.71034	-50.7366	-52.4469
BLOCK15/SES158/SA158S13	SES158	0.92601	-51.9299	-52.8559
BLOCK15/SES158/SA158S14	SES158	0.942146	-52.3329	-53.275
BLOCK15/SES158/SA158S23	SES158	1.13972	-51.7187	-52.8584
BLOCK15/SES158/SA158S26	SES158	1.77124	-51.4608	-53.2321
BLOCK15/SES158/SA158S28	SES158	0.481903	-52.1121	-52.594
BLOCK16/SES162/SA162S10	SES162	0.334259	-53.7303	-54.0646
BLOCK16/SES162/SA162S11	SES162	0.598412	-53.0157	-53.6141
BLOCK16/SES162/SA162S21	SES162	1.09811	-52.5281	-53.6262
BLOCK16/SES162/SA162S24	SES162	1.11821	-52.7655	-53.8837
BLOCK16/SES162/SA162S27	SES162	0.686394	-53.5421	-54.2285
BLOCK16/SES167/SA167S14	SES167	1.46084	-51.4925	-52.9533
BLOCK16/SES167/SA167S15	SES167	1.05201	-52.6014	-53.6534
BLOCK16/SES167/SA167S21	SES167	1.39763	-51.1581	-52.5557
BLOCK16/SES167/SA167S25	SES167	1.66545	-52.2887	-53.9542
BLOCK16/SES167/SA167S29	SES167	2.38102	-51.0032	-53.3842
BLOCK17/SES172/SA172S12	SES172	0.917267	-53.0023	-53.9196
BLOCK17/SES172/SA172S13	SES172	1.0671	-53.3569	-54.424
BLOCK17/SES172/SA172S23	SES172	0.246265	-52.4248	-52.671
BLOCK17/SES172/SA172S27	SES172	0.65115	-53.2694	-53.9205
BLOCK17/SES172/SA172S29	SES172	0.720081	-53.3462	-54.0663
BLOCK17/SES175/SA175S11	SES175	1.05059	-52.9243	-53.9749
BLOCK17/SES175/SA175S13	SES175	0.883827	-52.0756	-52.9594
BLOCK17/SES175/SA175S23	SES175	1.39984	-52.7659	-54.1657
BLOCK17/SES175/SA175S25	SES175	0.857216	-53.9262	-54.7835
BLOCK17/SES175/SA175S28	SES175	1.19266	-52.2773	-53.4699
BLOCK17/SES177/SA177S15	SES177	0.382767	-52.924	-53.3068
BLOCK17/SES177/SA177S17	SES177	0.276115	-52.91	-53.1862
BLOCK17/SES177/SA177S23	SES177	0.516602	-52.9277	-53.4443
BLOCK17/SES177/SA177S26	SES177	0.33271	-51.8415	-52.1742
BLOCK17/SES177/SA177S28	SES177	0.197121	-52.4128	-52.61
BLOCK18/SES180/SA180S13	SES180	0.644978	-53.0223	-53.6673
BLOCK18/SES180/SA180S15	SES180	0.64069	-52.988	-53.6287
BLOCK18/SES180/SA180S24	SES180	0.768398	-51.9608	-52.7292
BLOCK18/SES180/SA180S26	SES180	0.504883	-52.8775	-53.3824
BLOCK18/SES180/SA180S29	SES180	0.895519	-53.0169	-53.9124
BLOCK18/SES183/SA183S13	SES183	0.663273	-53.0835	-53.7468
BLOCK18/SES183/SA183S14	SES183	0.0689201	-53.2383	-53.3072
BLOCK18/SES183/SA183S24	SES183	1.04849	-53.1475	-54.196
BLOCK18/SES183/SA183S27	SES183	0.740753	-52.937	-53.6777
BLOCK18/SES183/SA183S29	SES183	0.596336	-52.4975	-53.0939
BLOCK18/SES187/SA187S13	SES187	0.53294	-54.0031	-54.536
BLOCK18/SES187/SA187S14	SES187	0.735519	-53.1603	-53.8958
BLOCK18/SES187/SA187S24	SES187	0.989624	-53.688	-54.6776
BLOCK18/SES187/SA187S27	SES187	0.386955	-53.4486	-53.8356
BLOCK18/SES187/SA187S29	SES187	0.554306	-53.7892	-54.3435
BLOCK18/SES189/SA189S10	SES189	1.42691	-54.0074	-55.4343
BLOCK18/SES189/SA189S13	SES189	1.74438	-54.9227	-56.6671
BLOCK18/SES189/SA189S24	SES189	1.87606	-53.8889	-55.765
BLOCK18/SES189/SA189S26	SES189	0.55555	-53.7669	-54.3225
BLOCK18/SES189/SA189S29	SES189	2.05071	-53.5499	-55.6006
BLOCK20/SES202/SA202S12	SES202	1.37876	-52.8075	-54.1863
BLOCK20/SES202/SA202S14	SES202	1.916	-51.9564	-53.8724
BLOCK20/SES202/SA202S24	SES202	1.21996	-52.7084	-53.9284
BLOCK20/SES202/SA202S27	SES202	1.46926	-51.8112	-53.2804
BLOCK20/SES202/SA202S29	SES202	2.19564	-51.1778	-53.3734
BLOCK20/SES206/SA206S15	SES206	0.809502	-50.9818	-51.7913
BLOCK20/SES206/SA206S17	SES206	1.34534	-51.0476	-52.3929
BLOCK20/SES206/SA206S24	SES206	1.34169	-50.7078	-52.0495
BLOCK20/SES206/SA206S27	SES206	1.3807	-51.4546	-52.8353
BLOCK20/SES206/SA206S29	SES206	1.34024	-50.3495	-51.6897
BLOCK22/SES226/SA226S12	SES226	0.971878	-51.6129	-52.5848
BLOCK22/SES226/SA226S13	SES226	0.176376	-52.3468	-52.5232
BLOCK22/SES226/SA226S20	SES226	0.758259	-52.2813	-53.0396
BLOCK22/SES226/SA226S23	SES226	0.831482	-51.7032	-52.5347
BLOCK22/SES226/SA226S28	SES226	1.29019	-51.0458	-52.336
BLOCK25/SES259/SA259S13	SES259	1.69667	-50.7194	-52.4161
BLOCK25/SES259/SA259S14	SES259	1.00324	-51.1404	-52.1437
BLOCK25/SES259/SA259S22	SES259	1.64471	-50.4521	-52.0969
BLOCK25/SES259/SA259S24	SES259	1.62791	-50.3074	-51.9353
BLOCK25/SES259/SA259S28	SES259	1.49317	-50.2977	-51.7909
BLOCK27/SES270/SA270S14	SES270	1.53996	-52.1302	-53.6702
BLOCK27/SES270/SA270S16	SES270	0.768051	-52.2124	-52.9805
BLOCK27/SES270/SA270S22	SES270	1.26421	-51.9498	-53.214
BLOCK27/SES270/SA270S26	SES270	1.17729	-52.141	-53.3182
BLOCK27/SES270/SA270S28	SES270	0.980049	-51.9385	-52.9186
BLOCK27/SES275/SA275S17	SES275	0.855213	-52.9845	-53.8397
BLOCK27/SES275/SA275S18	SES275	0.403217	-52.9594	-53.3627
BLOCK27/SES275/SA275S24	SES275	0.535736	-53.2323	-53.7681
BLOCK27/SES275/SA275S26	SES275	0.668446	-52.2702	-52.9387
BLOCK27/SES275/SA275S28	SES275	0.419888	-52.4393	-52.8592
BLOCK29/SES292/SA292S10	SES292	-0.135128	-52.9638	-52.8287
BLOCK29/SES292/SA292S12	SES292	0.0116158	-54.1638	-54.1754
BLOCK29/SES292/SA292S22	SES292	0.542	-52.3942	-52.9362
BLOCK29/SES292/SA292S24	SES292	0.131508	-52.9914	-53.1229
BLOCK29/SES292/SA292S27	SES292	-0.0943336	-52.9717	-52.8774
BLOCK00/SES001/SA001S14	SES062	-0.0546875	-52.1577	-52.1031
BLOCK00/SES001/SA001S14	SES082	-0.0688171	-52.1719	-52.1031
BLOCK00/SES001/SA001S14	SES106	-0.896206	-52.9993	-52.1031
BLOCK00/SES001/SA001S14	SES206	-0.794308	-52.8974	-52.1031
BLOCK00/SES001/SA001S15	SES062	-0.134739	-51.7103	-51.5756
BLOCK00/SES001/SA001S15	SES104	-0.411789	-51.9874	-51.5756
BLOCK00/SES001/SA001S15	SES106	-0.785297	-52.3609	-51.5756
BLOCK00/SES001/SA001S15	SES206	-0.682003	-52.2576	-51.5756
BLOCK00/SES001/SA001S24	SES062	-0.310104	-53.2498	-52.9397
BLOCK00/SES001/SA001S24	SES082	-0.853519	-53.7933	-52.9397
BLOCK00/SES001/SA001S24	SES087	-1.14475	-54.0845	-52.9397
BLOCK00/SES001/SA001S24	SES206	-0.330509	-53.2702	-52.9397
BLOCK00/SES001/SA001S27	SES062	-0.867813	-52.6349	-51.7671
BLOCK00/SES001/SA001S27	SES082	-1.28718	-53.0543	-51.7671
BLOCK00/SES001/SA001S27	SES087	-1.3078	-53.0749	-51.7671
BLOCK00/SES001/SA001S27	SES206	-0.993298	-52.7604	-51.7671
BLOCK00/SES001/SA001S29	SES062	-0.49287	-52.9396	-52.4468
BLOCK00/SES001/SA001S29	SES082	-0.181305	-52.6281	-52.4468
BLOCK00/SES001/SA001S29	SES158	-0.389668	-52.8364	-52.4468
BLOCK00/SES001/SA001S29	SES206	-0.47945	-52.9262	-52.4468
BLOCK00/SES003/SA003S11	SES002	-0.153076	-52.6075	-52.4544
BLOCK00/SES003/SA003S11	SES019	-0.428139	-52.8825	-52.4544
BLOCK00/SES003/SA003S11	SES082	0.510582	-51.9438	-52.4544
BLOCK00/SES003/SA003S11	SES125	0.0823898	-52.372	-52.4544
BLOCK00/SES003/SA003S15	SES016	-1.62197	-53.8808	-52.2588
BLOCK00/SES003/SA003S15	SES019	-0.169464	-52.4283	-52.2588
BLOCK00/SES003/SA003S15	SES062	-0.447727	-52.7065	-52.2588
BLOCK00/SES003/SA003S15	SES206	0.202328	-52.0565	-52.2588
BLOCK00/SES003/SA003S22	SES002	-0.552071	-52.8716	-52.3195
BLOCK00/SES003/SA003S22	SES062	-0.518147	-52.8376	-52.3195
BLOCK00/SES003/SA003S22	SES082	0.0577507	-52.2617	-52.3195
BLOCK00/SES003/SA003S22	SES087	-0.0282822	-52.3478	-52.3195
BLOCK00/SES003/SA003S25	SES062	0.134567	-53.0766	-53.2112
BLOCK00/SES003/SA003S25	SES082	0.866974	-52.3442	-53.2112
BLOCK00/SES003/SA003S25	SES087	-0.463791	-53.675	-53.2112
BLOCK00/SES003/SA003S25	SES206	-0.248978	-53.4602	-53.2112
BLOCK00/SES003/SA003S29	SES002	-0.964348	-53.3184	-52.354
BLOCK00/SES003/SA003S29	SES062	-0.547607	-52.9016	-52.354
BLOCK00/SES003/SA003S29	SES082	0.0817337	-52.2723	-52.354
BLOCK00/SES003/SA003S29	SES087	-0.17062	-52.5246	-52.354
BLOCK00/SES004/SA004S12	SES083	-0.937859	-54.3024	-53.3645
BLOCK00/SES004/SA004S12	SES148	-0.60408	-53.9686	-53.3645
BLOCK00/SES004/SA004S12	SES172	-0.797771	-54.1623	-53.3645
BLOCK00/SES004/SA004S12	SES292	-0.906418	-54.271	-53.3645
BLOCK00/SES004/SA004S17	SES083	-0.80278	-54.4878	-53.685
BLOCK00/SES004/SA004S17	SES162	-0.496655	-54.1816	-53.685
BLOCK00/SES004/SA004S17	SES172	-0.933876	-54.6189	-53.685
BLOCK00/SES004/SA004S17	SES292	-0.5257	-54.2107	-53.685
BLOCK00/SES004/SA004S24	SES083	-0.63781	-53.7472	-53.1094
BLOCK00/SES004/SA004S24	SES148	-0.657959	-53.7673	-53.1094
BLOCK00/SES004/SA004S24	SES172	-0.725445	-53.8348	-53.1094
BLOCK00/SES004/SA004S24	SES292	-0.51368	-53.6231	-53.1094
BLOCK00/SES004/SA004S26	SES083	-0.159206	-53.146	-52.9868
BLOCK00/SES004/SA004S26	SES127	-0.51405	-53.5008	-52.9868
BLOCK00/SES004/SA004S26	SES148	-0.979263	-53.966	-52.9868
BLOCK00/SES004/SA004S26	SES292	-0.355225	-53.342	-52.9868
BLOCK00/SES004/SA004S28	SES083	-0.636597	-53.7162	-53.0796
BLOCK00/SES004/SA004S28	SES127	-1.09709	-54.1767	-53.0796
BLOCK00/SES004/SA004S28	SES187	-0.588585	-53.6682	-53.0796
BLOCK00/SES004/SA004S28	SES292	-0.558891	-53.6385	-53.0796
BLOCK00/SES006/SA006S10	SES014	-0.274593	-54.3541	-54.0795
BLOCK00/SES006/SA006S10	SES158	0.271912	-53.8076	-54.0795
BLOCK00/SES006/SA006S10	SES226	-0.4925	-54.572	-54.0795
BLOCK00/SES006/SA006S10	SES270	0.353012	-53.7265	-54.0795
BLOCK00/SES006/SA006S11	SES158	0.125141	-53.6532	-53.7784
BLOCK00/SES006/SA006S11	SES226	-0.359879	-54.1383	-53.7784
BLOCK00/SES006/SA006S11	SES270	0.13504	-53.6433	-53.7784
BLOCK00/SES006/SA006S11	SES275	-0.970013	-54.7484	-53.7784
BLOCK00/SES006/SA006S23	SES062	-1.18734	-54.1837	-52.9964
BLOCK00/SES006/SA006S23	SES105	-0.728443	-53.7248	-52.9964
BLOCK00/SES006/SA006S23	SES158	-0.148865	-53.1453	-52.9964
BLOCK00/SES006/SA006S23	SES275	-0.881516	-53.8779	-52.9964
BLOCK00/SES006/SA006S26	SES104	-0.247494	-52.9416	-52.6941
BLOCK00/SES006/SA006S26	SES158	0.215084	-52.479	-52.6941
BLOCK00/SES006/SA006S26	SES270	-0.0511246	-52.7452	-52.6941
BLOCK00/SES006/SA006S26	SES275	-0.884686	-53.5788	-52.6941
BLOCK00/SES006/SA006S28	SES007	-0.851131	-54.0953	-53.2442
BLOCK00/SES006/SA006S28	SES105	-0.875992	-54.1202	-53.2442
BLOCK00/SES006/SA006S28	SES158	-0.255333	-53.4995	-53.2442
BLOCK00/SES006/SA006S28	SES275	-1.21672	-54.4609	-53.2442
BLOCK00/SES009/SA009S12	SES083	-0.704193	-53.4512	-52.747
BLOCK00/SES009/SA009S12	SES148	-0.465714	-53.2127	-52.747
BLOCK00/SES009/SA009S12	SES177	-2.23464	-54.9817	-52.747
BLOCK00/SES009/SA009S12	SES292	-0.130451	-52.8775	-52.747
BLOCK00/SES009/SA009S15	SES007	0.685337	-51.4855	-52.1708
BLOCK00/SES009/SA009S15	SES099	-2.74203	-54.9128	-52.1708
BLOCK00/SES009/SA009S15	SES148	-0.75993	-52.9308	-52.1708
BLOCK00/SES009/SA009S15	SES172	-1.28212	-53.4529	-52.1708
BLOCK00/SES009/SA009S24	SES146	-0.44754	-53.0086	-52.5611
BLOCK00/SES009/SA009S24	SES148	-0.35685	-52.9179	-52.5611
BLOCK00/SES009/SA009S24	SES177	-2.04772	-54.6088	-52.5611
BLOCK00/SES009/SA009S24	SES292	0.108459	-52.4526	-52.5611
BLOCK00/SES009/SA009S26	SES083	-0.611336	-53.7956	-53.1843
BLOCK00/SES009/SA009S26	SES101	-0.433472	-53.6178	-53.1843
BLOCK00/SES009/SA009S26	SES120	-0.237862	-53.4222	-53.1843
BLOCK00/SES009/SA009S26	SES177	-2.26677	-55.4511	-53.1843
BLOCK00/SES009/SA009S29	SES083	-0.0732346	-52.7723	-52.699
BLOCK00/SES009/SA009S29	SES101	-0.274551	-52.9736	-52.699
BLOCK00/SES009/SA009S29	SES177	-2.2354	-54.9344	-52.699
BLOCK00/SES009/SA009S29	SES292	0.118057	-52.581	-52.699
BLOCK01/SES011/SA011S10	SES019	0.548355	-52.5728	-53.1212
BLOCK01/SES011/SA011S10	SES042	0.362247	-52.759	-53.1212
BLOCK01/SES011/SA011S10	SES082	-0.0250626	-53.1463	-53.1212
BLOCK01/SES011/SA011S10	SES206	0.755489	-52.3657	-53.1212
BLOCK01/SES011/SA011S11	SES019	0.164936	-52.7599	-52.9249
BLOCK01/SES011/SA011S11	SES042	-0.144844	-53.0697	-52.9249
BLOCK01/SES011/SA011S11	SES082	-0.576771	-53.5016	-52.9249
BLOCK01/SES011/SA011S11	SES206	0.567661	-52.3572	-52.9249
BLOCK01/SES011/SA011S22	SES019	0.242226	-52.6222	-52.8645
BLOCK01/SES011/SA011S22	SES042	0.416237	-52.4482	-52.8645
BLOCK01/SES011/SA011S22	SES082	-0.0932808	-52.9577	-52.8645
BLOCK01/SES011/SA011S22	SES206	0.577145	-52.2873	-52.8645
BLOCK01/SES011/SA011S24	SES019	0.327103	-52.1333	-52.4604
BLOCK01/SES011/SA011S24	SES042	0.960068	-51.5004	-52.4604
BLOCK01/SES011/SA011S24	SES104	0.0983505	-52.3621	-52.4604
BLOCK01/SES011/SA011S24	SES206	0.872498	-51.5879	-52.4604
BLOCK01/SES011/SA011S27	SES082	0.610275	-51.8389	-52.4491
BLOCK01/SES011/SA011S27	SES087	0.284279	-52.1649	-52.4491
BLOCK01/SES011/SA011S27	SES125	0.848988	-51.6001	-52.4491
BLOCK01/SES011/SA011S27	SES206	0.63126	-51.8179	-52.4491
BLOCK01/SES012/SA012S11	SES007	-0.665936	-52.3999	-51.7339
BLOCK01/SES012/SA012S11	SES082	0.327248	-51.4067	-51.7339
BLOCK01/SES012/SA012S11	SES083	-0.43576	-52.1697	-51.7339
BLOCK01/SES012/SA012S11	SES206	0.66254	-51.0714	-51.7339
BLOCK01/SES012/SA012S14	SES082	-0.013031	-52.3699	-52.3569
BLOCK01/SES012/SA012S14	SES087	-0.773396	-53.1303	-52.3569
BLOCK01/SES012/SA012S14	SES206	0.117718	-52.2392	-52.3569
BLOCK01/SES012/SA012S14	SES292	-0.977623	-53.3345	-52.3569
BLOCK01/SES012/SA012S24	SES082	0.810219	-52.3734	-53.1836
BLOCK01/SES012/SA012S24	SES087	0.333923	-52.8497	-53.1836
BLOCK01/SES012/SA012S24	SES120	-1.20285	-54.3865	-53.1836
BLOCK01/SES012/SA012S24	SES206	0.585117	-52.5985	-53.1836
BLOCK01/SES012/SA012S26	SES019	-0.580795	-53.2912	-52.7104
BLOCK01/SES012/SA012S26	SES082	0.136318	-52.5741	-52.7104
BLOCK01/SES012/SA012S26	SES206	0.982483	-51.7279	-52.7104
BLOCK01/SES012/SA012S26	SES292	-0.721958	-53.4324	-52.7104
BLOCK01/SES012/SA012S29	SES062	-1.03613	-53.1996	-52.1634
BLOCK01/SES012/SA012S29	SES082	-0.422401	-52.5858	-52.1634
BLOCK01/SES012/SA012S29	SES083	-0.804615	-52.9681	-52.1634
BLOCK01/SES012/SA012S29	SES206	-0.00775909	-52.1712	-52.1634
BLOCK01/SES013/SA013S16	SES062	-1.06437	-53.9873	-52.9229
BLOCK01/SES013/SA013S16	SES106	0.595688	-52.3272	-52.9229
BLOCK01/SES013/SA013S16	SES206	0.484383	-52.4385	-52.9229
BLOCK01/SES013/SA013S16	SES226	0.282772	-52.6401	-52.9229
BLOCK01/SES013/SA013S17	SES062	-1.09898	-53.4366	-52.3376
BLOCK01/SES013/SA013S17	SES106	0.728279	-51.6093	-52.3376
BLOCK01/SES013/SA013S17	SES206	0.58733	-51.7503	-52.3376
BLOCK01/SES013/SA013S17	SES226	0.0840034	-52.2536	-52.3376
BLOCK01/SES013/SA013S23	SES104	0.545269	-52.4095	-52.9548
BLOCK01/SES013/SA013S23	SES106	0.69252	-52.2623	-52.9548
BLOCK01/SES013/SA013S23	SES206	0.529503	-52.4253	-52.9548
BLOCK01/SES013/SA013S23	SES270	0.510952	-52.4438	-52.9548
BLOCK01/SES013/SA013S25	SES042	-0.120277	-52.7848	-52.6645
BLOCK01/SES013/SA013S25	SES104	0.554153	-52.1103	-52.6645
BLOCK01/SES013/SA013S25	SES106	0.889118	-51.7754	-52.6645
BLOCK01/SES013/SA013S25	SES206	0.591465	-52.073	-52.6645
BLOCK01/SES013/SA013S29	SES062	-1.08516	-53.6516	-52.5664
BLOCK01/SES013/SA013S29	SES104	0.235516	-52.3309	-52.5664
BLOCK01/SES013/SA013S29	SES106	0.750256	-51.8162	-52.5664
BLOCK01/SES013/SA013S29	SES206	0.462605	-52.1038	-52.5664
BLOCK02/SES021/SA021S13	SES016	-1.26876	-52.7532	-51.4845
BLOCK02/SES021/SA021S13	SES029	-1.34306	-52.8275	-51.4845
BLOCK02/SES021/SA021S13	SES087	0.159935	-51.3245	-51.4845
BLOCK02/SES021/SA021S13	SES206	0.500999	-50.9835	-51.4845
BLOCK02/SES021/SA021S15	SES087	0.277462	-51.0904	-51.3678
BLOCK02/SES021/SA021S15	SES125	0.494991	-50.8729	-51.3678
BLOCK02/SES021/SA021S15	SES206	0.883213	-50.4846	-51.3678
BLOCK02/SES021/SA021S15	SES226	0.290359	-51.0775	-51.3678
BLOCK02/SES021/SA021S23	SES062	-0.778107	-53.8235	-53.0454
BLOCK02/SES021/SA021S23	SES087	-0.221691	-53.2671	-53.0454
BLOCK02/SES021/SA021S23	SES206	0.0845757	-52.9608	-53.0454
BLOCK02/SES021/SA021S23	SES226	0.245476	-52.7999	-53.0454
BLOCK02/SES021/SA021S27	SES002	-0.988338	-53.12	-52.1317
BLOCK02/SES021/SA021S27	SES016	-1.80588	-53.9376	-52.1317
BLOCK02/SES021/SA021S27	SES019	-0.44875	-52.5804	-52.1317
BLOCK02/SES021/SA021S27	SES062	-0.686195	-52.8179	-52.1317
BLOCK02/SES021/SA021S29	SES087	-0.148624	-52.1518	-52.0032
BLOCK02/SES021/SA021S29	SES125	0.307369	-51.6958	-52.0032
BLOCK02/SES021/SA021S29	SES206	0.398373	-51.6048	-52.0032
BLOCK02/SES021/SA021S29	SES226	-0.163391	-52.1666	-52.0032
BLOCK04/SES043/SA043S09	SES083	-0.528137	-54.287	-53.7589
BLOCK04/SES043/SA043S09	SES101	-1.18638	-54.9453	-53.7589
BLOCK04/SES043/SA043S09	SES144	-0.0421638	-53.8011	-53.7589
BLOCK04/SES043/SA043S09	SES172	-1.21789	-54.9768	-53.7589
BLOCK04/SES043/SA043S11	SES083	-0.65221	-53.4182	-52.766
BLOCK04/SES043/SA043S11	SES101	-0.751583	-53.5176	-52.766
BLOCK04/SES043/SA043S11	SES144	-0.311634	-53.0776	-52.766
BLOCK04/SES043/SA043S11	SES172	-0.891285	-53.6573	-52.766
BLOCK04/SES043/SA043S23	SES083	-0.430435	-53.3906	-52.9601
BLOCK04/SES043/SA043S23	SES144	-0.0329323	-52.9931	-52.9601
BLOCK04/SES043/SA043S23	SES177	-1.74533	-54.7055	-52.9601
BLOCK04/SES043/SA043S23	SES275	-0.413094	-53.3732	-52.9601
BLOCK04/SES043/SA043S26	SES083	-0.14571	-53.3219	-53.1762
BLOCK04/SES043/SA043S26	SES101	-0.77039	-53.9466	-53.1762
BLOCK04/SES043/SA043S26	SES144	0.0170555	-53.1591	-53.1762
BLOCK04/SES043/SA043S26	SES177	-1.49287	-54.669	-53.1762
BLOCK04/SES043/SA043S28	SES016	-0.549862	-53.0336	-52.4837
BLOCK04/SES043/SA043S28	SES083	-0.24551	-52.7292	-52.4837
BLOCK04/SES043/SA043S28	SES101	-0.496315	-52.9801	-52.4837
BLOCK04/SES043/SA043S28	SES144	-0.524185	-53.0079	-52.4837
BLOCK04/SES044/SA044S10	SES127	-1.55991	-56.6111	-55.0512
BLOCK04/SES044/SA044S10	SES144	0.0805779	-54.9706	-55.0512
BLOCK04/SES044/SA044S10	SES147	-1.04511	-56.0963	-55.0512
BLOCK04/SES044/SA044S10	SES148	-0.634472	-55.6857	-55.0512
BLOCK04/SES044/SA044S11	SES101	-0.569389	-54.9983	-54.4289
BLOCK04/SES044/SA044S11	SES144	0.161415	-54.2675	-54.4289
BLOCK04/SES044/SA044S11	SES147	-0.260986	-54.6899	-54.4289
BLOCK04/SES044/SA044S11	SES177	-0.959156	-55.3881	-54.4289
BLOCK04/SES044/SA044S24	SES007	-0.543423	-54.3037	-53.7602
BLOCK04/SES044/SA044S24	SES101	-0.694767	-54.455	-53.7602
BLOCK04/SES044/SA044S24	SES147	-1.28608	-55.0463	-53.7602
BLOCK04/SES044/SA044S24	SES177	-1.95391	-55.7142	-53.7602
BLOCK04/SES044/SA044S26	SES007	-0.849319	-54.414	-53.5647
BLOCK04/SES044/SA044S26	SES016	-0.0209312	-53.5856	-53.5647
BLOCK04/SES044/SA044S26	SES101	-0.667484	-54.2322	-53.5647
BLOCK04/SES044/SA044S26	SES147	-0.266117	-53.8308	-53.5647
BLOCK04/SES044/SA044S29	SES007	-1.11543	-54.323	-53.2076
BLOCK04/SES044/SA044S29	SES101	-0.614033	-53.8216	-53.2076
BLOCK04/SES044/SA044S29	SES147	-0.428421	-53.636	-53.2076
BLOCK04/SES044/SA044S29	SES177	-0.979885	-54.1875	-53.2076
BLOCK04/SES046/SA046S13	SES101	-0.882202	-54.7203	-53.8381
BLOCK04/SES046/SA046S13	SES144	-0.25642	-54.0945	-53.8381
BLOCK04/SES046/SA046S13	SES147	-0.432343	-54.2705	-53.8381
BLOCK04/SES046/SA046S13	SES177	-0.18734	-54.0254	-53.8381
BLOCK04/SES046/SA046S15	SES048	-1.8344	-54.7454	-52.911
BLOCK04/SES046/SA046S15	SES083	-0.315575	-53.2266	-52.911
BLOCK04/SES046/SA046S15	SES120	-1.41465	-54.3257	-52.911
BLOCK04/SES046/SA046S15	SES148	-0.507217	-53.4182	-52.911
BLOCK04/SES046/SA046S22	SES101	-1.02206	-54.9534	-53.9313
BLOCK04/SES046/SA046S22	SES144	-0.476574	-54.4079	-53.9313
BLOCK04/SES046/SA046S22	SES147	-0.277988	-54.2093	-53.9313
BLOCK04/SES046/SA046S22	SES172	-0.391056	-54.3223	-53.9313
BLOCK04/SES046/SA046S25	SES083	-0.655567	-53.798	-53.1424
BLOCK04/SES046/SA046S25	SES127	-0.901299	-54.0437	-53.1424
BLOCK04/SES046/SA046S25	SES144	-1.4163	-54.5587	-53.1424
BLOCK04/SES046/SA046S25	SES148	-0.98344	-54.1259	-53.1424
BLOCK04/SES046/SA046S28	SES007	-1.01765	-54.3721	-53.3544
BLOCK04/SES046/SA046S28	SES105	-1.32627	-54.6807	-53.3544
BLOCK04/SES046/SA046S28	SES147	-0.445656	-53.8001	-53.3544
BLOCK04/SES046/SA046S28	SES148	-0.225857	-53.5803	-53.3544
BLOCK04/SES049/SA049S16	SES104	0.203205	-53.8106	-54.0138
BLOCK04/SES049/SA049S16	SES106	0.23138	-53.7824	-54.0138
BLOCK04/SES049/SA049S16	SES120	-0.96994	-54.9837	-54.0138
BLOCK04/SES049/SA049S16	SES206	0.454826	-53.559	-54.0138
BLOCK04/SES049/SA049S18	SES099	0.0713081	-53.6226	-53.6939
BLOCK04/SES049/SA049S18	SES104	-0.369099	-54.063	-53.6939
BLOCK04/SES049/SA049S18	SES125	-0.159424	-53.8533	-53.6939
BLOCK04/SES049/SA049S18	SES206	0.154736	-53.5392	-53.6939
BLOCK04/SES049/SA049S25	SES087	0.562263	-52.8468	-53.4091
BLOCK04/SES049/SA049S25	SES104	0.39502	-53.014	-53.4091
BLOCK04/SES049/SA049S25	SES125	0.072052	-53.337	-53.4091
BLOCK04/SES049/SA049S25	SES206	0.332287	-53.0768	-53.4091
BLOCK04/SES049/SA049S27	SES099	0.141773	-52.7387	-52.8804
BLOCK04/SES049/SA049S27	SES104	0.496262	-52.3842	-52.8804
BLOCK04/SES049/SA049S27	SES125	-0.0674171	-52.9479	-52.8804
BLOCK04/SES049/SA049S27	SES206	0.233368	-52.6471	-52.8804
BLOCK04/SES049/SA049S29	SES099	0.234726	-51.9915	-52.2262
BLOCK04/SES049/SA049S29	SES104	0.509827	-51.7164	-52.2262
BLOCK04/SES049/SA049S29	SES125	0.189304	-52.0369	-52.2262
BLOCK04/SES049/SA049S29	SES206	0.17757	-52.0487	-52.2262
BLOCK06/SES063/SA063S09	SES068	-1.17674	-54.5761	-53.3993
BLOCK06/SES063/SA063S09	SES083	-0.644764	-54.0441	-53.3993
BLOCK06/SES063/SA063S09	SES177	-0.457325	-53.8566	-53.3993
BLOCK06/SES063/SA063S09	SES187	-0.329762	-53.7291	-53.3993
BLOCK06/SES063/SA063S10	SES068	-0.808655	-54.4375	-53.6289
BLOCK06/SES063/SA063S10	SES083	-0.15501	-53.7839	-53.6289
BLOCK06/SES063/SA063S10	SES172	0.0926132	-53.5363	-53.6289
BLOCK06/SES063/SA063S10	SES187	-0.147095	-53.776	-53.6289
BLOCK06/SES063/SA063S20	SES068	-1.53644	-55.1789	-53.6424
BLOCK06/SES063/SA063S20	SES083	-0.533531	-54.176	-53.6424
BLOCK06/SES063/SA063S20	SES172	-0.851944	-54.4944	-53.6424
BLOCK06/SES063/SA063S20	SES187	0.362694	-53.2797	-53.6424
BLOCK06/SES063/SA063S24	SES029	-0.760101	-53.6591	-52.899
BLOCK06/SES063/SA063S24	SES083	-0.130604	-53.0296	-52.899
BLOCK06/SES063/SA063S24	SES177	-0.18042	-53.0794	-52.899
BLOCK06/SES063/SA063S24	SES189	-0.987663	-53.8867	-52.899
BLOCK06/SES063/SA063S27	SES083	-0.0816765	-54.2726	-54.191
BLOCK06/SES063/SA063S27	SES172	0.275661	-53.9153	-54.191
BLOCK06/SES063/SA063S27	SES187	-0.446476	-54.6374	-54.191
BLOCK06/SES063/SA063S27	SES292	-0.269844	-54.4608	-54.191
BLOCK06/SES067/SA067S12	SES083	-1.15482	-54.2304	-53.0756
BLOCK06/SES067/SA067S12	SES172	-1.94662	-55.0222	-53.0756
BLOCK06/SES067/SA067S12	SES202	0.155025	-52.9206	-53.0756
BLOCK06/SES067/SA067S12	SES292	-1.0859	-54.1615	-53.0756
BLOCK06/SES067/SA067S14	SES085	-0.22974	-52.6547	-52.425
BLOCK06/SES067/SA067S14	SES177	-1.04205	-53.4671	-52.425
BLOCK06/SES067/SA067S14	SES183	-0.258797	-52.6838	-52.425
BLOCK06/SES067/SA067S14	SES202	-0.612888	-53.0379	-52.425
BLOCK06/SES067/SA067S21	SES144	-0.291367	-54.6028	-54.3115
BLOCK06/SES067/SA067S21	SES177	-0.483448	-54.7949	-54.3115
BLOCK06/SES067/SA067S21	SES183	-1.12693	-55.4384	-54.3115
BLOCK06/SES067/SA067S21	SES189	0.0648384	-54.2466	-54.3115
BLOCK06/SES067/SA067S25	SES085	-0.113461	-53.4691	-53.3557
BLOCK06/SES067/SA067S25	SES177	-0.611847	-53.9675	-53.3557
BLOCK06/SES067/SA067S25	SES183	-1.04098	-54.3967	-53.3557
BLOCK06/SES067/SA067S25	SES202	0.111065	-53.2446	-53.3557
BLOCK06/SES067/SA067S29	SES085	-0.206123	-53.5938	-53.3877
BLOCK06/SES067/SA067S29	SES177	-0.696072	-54.0837	-53.3877
BLOCK06/SES067/SA067S29	SES183	-0.645523	-54.0332	-53.3877
BLOCK06/SES067/SA067S29	SES202	0.651138	-52.7365	-53.3877
BLOCK06/SES069/SA069S12	SES029	-0.88414	-53.3312	-52.4471
BLOCK06/SES069/SA069S12	SES082	0.215118	-52.232	-52.4471
BLOCK06/SES069/SA069S12	SES087	0.126987	-52.3201	-52.4471
BLOCK06/SES069/SA069S12	SES206	0.239418	-52.2077	-52.4471
BLOCK06/SES069/SA069S13	SES029	-0.776016	-53.2561	-52.4801
BLOCK06/SES069/SA069S13	SES087	-0.317986	-52.7981	-52.4801
BLOCK06/SES069/SA069S13	SES206	-0.166092	-52.6462	-52.4801
BLOCK06/SES069/SA069S13	SES226	-0.654629	-53.1347	-52.4801
BLOCK06/SES069/SA069S23	SES029	-0.737045	-52.1644	-51.4273
BLOCK06/SES069/SA069S23	SES087	0.239681	-51.1877	-51.4273
BLOCK06/SES069/SA069S23	SES206	0.258747	-51.1686	-51.4273
BLOCK06/SES069/SA069S23	SES226	0.0680428	-51.3593	-51.4273
BLOCK06/SES069/SA069S25	SES087	0.0114403	-51.6922	-51.7036
BLOCK06/SES069/SA069S25	SES206	-0.37114	-52.0748	-51.7036
BLOCK06/SES069/SA069S25	SES226	0.0947685	-51.6089	-51.7036
BLOCK06/SES069/SA069S25	SES270	-0.336613	-52.0402	-51.7036
BLOCK06/SES069/SA069S27	SES087	-0.337013	-52.7177	-52.3806
BLOCK06/SES069/SA069S27	SES206	0.569538	-51.8111	-52.3806
BLOCK06/SES069/SA069S27	SES226	0.698982	-51.6817	-52.3806
BLOCK06/SES069/SA069S27	SES270	0.154465	-52.2262	-52.3806
BLOCK08/SES081/SA081S11	SES060	-0.596565	-54.1603	-53.5638
BLOCK08/SES081/SA081S11	SES062	-2.77188	-56.3356	-53.5638
BLOCK08/SES081/SA081S11	SES117	-0.812775	-54.3765	-53.5638
BLOCK08/SES081/SA081S11	SES162	0.0400467	-53.5237	-53.5638
BLOCK08/SES081/SA081S13	SES016	0.148121	-52.275	-52.4231
BLOCK08/SES081/SA081S13	SES060	-0.00957489	-52.4327	-52.4231
BLOCK08/SES081/SA081S13	SES068	0.134899	-52.2882	-52.4231
BLOCK08/SES081/SA081S13	SES129	-1.11603	-53.5391	-52.4231
BLOCK08/SES081/SA081S24	SES060	-0.158588	-53.23	-53.0714
BLOCK08/SES081/SA081S24	SES068	-0.374207	-53.4456	-53.0714
BLOCK08/SES081/SA081S24	SES117	-0.846539	-53.918	-53.0714
BLOCK08/SES081/SA081S24	SES275	-1.36767	-54.4391	-53.0714
BLOCK08/SES081/SA081S27	SES007	-0.41684	-53.8075	-53.3907
BLOCK08/SES081/SA081S27	SES060	-0.319134	-53.7098	-53.3907
BLOCK08/SES081/SA081S27	SES117	-0.135227	-53.5259	-53.3907
BLOCK08/SES081/SA081S27	SES275	-1.20739	-54.5981	-53.3907
BLOCK08/SES081/SA081S29	SES007	-0.596542	-53.6745	-53.078
BLOCK08/SES081/SA081S29	SES060	-0.0624847	-53.1405	-53.078
BLOCK08/SES081/SA081S29	SES117	-0.657684	-53.7357	-53.078
BLOCK08/SES081/SA081S29	SES275	-1.24749	-54.3255	-53.078
BLOCK08/SES086/SA086S11	SES029	-1.41686	-55.3104	-53.8935
BLOCK08/SES086/SA086S11	SES082	0.332542	-53.561	-53.8935
BLOCK08/SES086/SA086S11	SES087	0.478798	-53.4147	-53.8935
BLOCK08/SES086/SA086S11	SES206	0.302666	-53.5909	-53.8935
BLOCK08/SES086/SA086S12	SES029	-0.945618	-54.1341	-53.1885
BLOCK08/SES086/SA086S12	SES082	0.286766	-52.9017	-53.1885
BLOCK08/SES086/SA086S12	SES087	0.755943	-52.4325	-53.1885
BLOCK08/SES086/SA086S12	SES206	0.50053	-52.6879	-53.1885
BLOCK08/SES086/SA086S20	SES029	-1.32636	-53.6479	-52.3215
BLOCK08/SES086/SA086S20	SES082	-0.0333862	-52.3549	-52.3215
BLOCK08/SES086/SA086S20	SES087	0.849934	-51.4716	-52.3215
BLOCK08/SES086/SA086S20	SES206	0.911564	-51.4099	-52.3215
BLOCK08/SES086/SA086S24	SES087	0.693947	-52.5163	-53.2102
BLOCK08/SES086/SA086S24	SES104	0.417435	-52.7928	-53.2102
BLOCK08/SES086/SA086S24	SES120	-1.2234	-54.4336	-53.2102
BLOCK08/SES086/SA086S24	SES206	0.856831	-52.3534	-53.2102
BLOCK08/SES086/SA086S28	SES029	-1.22443	-53.5846	-52.3602
BLOCK08/SES086/SA086S28	SES082	0.260952	-52.0992	-52.3602
BLOCK08/SES086/SA086S28	SES087	0.500526	-51.8596	-52.3602
BLOCK08/SES086/SA086S28	SES206	0.637539	-51.7226	-52.3602
BLOCK08/SES089/SA089S13	SES087	-0.377247	-53.2791	-52.9018
BLOCK08/SES089/SA089S13	SES206	-0.595032	-53.4969	-52.9018
BLOCK08/SES089/SA089S13	SES226	0.16098	-52.7409	-52.9018
BLOCK08/SES089/SA089S13	SES270	-1.1595	-54.0613	-52.9018
BLOCK08/SES089/SA089S14	SES062	-0.431271	-52.2934	-51.8621
BLOCK08/SES089/SA089S14	SES087	0.397778	-51.4643	-51.8621
BLOCK08/SES089/SA089S14	SES206	-0.0364761	-51.8986	-51.8621
BLOCK08/SES089/SA089S14	SES226	0.401928	-51.4602	-51.8621
BLOCK08/SES089/SA089S23	SES087	-0.0886307	-52.8736	-52.7849
BLOCK08/SES089/SA089S23	SES206	-0.261673	-53.0466	-52.7849
BLOCK08/SES089/SA089S23	SES226	0.444633	-52.3403	-52.7849
BLOCK08/SES089/SA089S23	SES270	-1.16125	-53.9462	-52.7849
BLOCK08/SES089/SA089S25	SES062	0.0216827	-52.3162	-52.3379
BLOCK08/SES089/SA089S25	SES087	0.327755	-52.0102	-52.3379
BLOCK08/SES089/SA089S25	SES206	-0.294579	-52.6325	-52.3379
BLOCK08/SES089/SA089S25	SES226	0.933216	-51.4047	-52.3379
BLOCK08/SES089/SA089S28	SES062	-0.236046	-52.4795	-52.2435
BLOCK08/SES089/SA089S28	SES087	0.344509	-51.899	-52.2435
BLOCK08/SES089/SA089S28	SES206	-0.271511	-52.515	-52.2435
BLOCK08/SES089/SA089S28	SES226	0.708664	-51.5348	-52.2435
BLOCK09/SES097/SA097S11	SES099	0.951977	-52.487	-53.439
BLOCK09/SES097/SA097S11	SES125	0.688671	-52.7503	-53.439
BLOCK09/SES097/SA097S11	SES206	0.351658	-53.0873	-53.439
BLOCK09/SES097/SA097S11	SES226	0.248966	-53.19	-53.439
BLOCK09/SES097/SA097S14	SES062	-1.15818	-53.9571	-52.799
BLOCK09/SES097/SA097S14	SES099	0.00369263	-52.7953	-52.799
BLOCK09/SES097/SA097S14	SES104	0.236351	-52.5626	-52.799
BLOCK09/SES097/SA097S14	SES206	-0.169262	-52.9682	-52.799
BLOCK09/SES097/SA097S22	SES099	0.677399	-52.8269	-53.5043
BLOCK09/SES097/SA097S22	SES206	0.198322	-53.306	-53.5043
BLOCK09/SES097/SA097S22	SES226	0.0921898	-53.4121	-53.5043
BLOCK09/SES097/SA097S22	SES270	0.71685	-52.7875	-53.5043
BLOCK09/SES097/SA097S26	SES099	0.882847	-51.9717	-52.8545
BLOCK09/SES097/SA097S26	SES120	-0.711147	-53.5657	-52.8545
BLOCK09/SES097/SA097S26	SES206	0.596802	-52.2577	-52.8545
BLOCK09/SES097/SA097S26	SES226	0.20726	-52.6472	-52.8545
BLOCK09/SES097/SA097S28	SES099	0.284821	-52.4576	-52.7424
BLOCK09/SES097/SA097S28	SES120	-1.03635	-53.7787	-52.7424
BLOCK09/SES097/SA097S28	SES206	-0.155823	-52.8982	-52.7424
BLOCK09/SES097/SA097S28	SES226	0.297424	-52.445	-52.7424
BLOCK09/SES098/SA098S11	SES127	-1.2143	-55.8663	-54.652
BLOCK09/SES098/SA098S11	SES144	-0.543823	-55.1958	-54.652
BLOCK09/SES098/SA098S11	SES147	0.119522	-54.5325	-54.652
BLOCK09/SES098/SA098S11	SES148	-1.34646	-55.9985	-54.652
BLOCK09/SES098/SA098S12	SES127	-1.56426	-57.7414	-56.1771
BLOCK09/SES098/SA098S12	SES144	-0.250076	-56.4272	-56.1771
BLOCK09/SES098/SA098S12	SES147	0.384491	-55.7926	-56.1771
BLOCK09/SES098/SA098S12	SES189	0.0812683	-56.0958	-56.1771
BLOCK09/SES098/SA098S20	SES127	-1.1986	-56.0448	-54.8462
BLOCK09/SES098/SA098S20	SES147	0.0275879	-54.8186	-54.8462
BLOCK09/SES098/SA098S20	SES148	-1.55886	-56.4051	-54.8462
BLOCK09/SES098/SA098S20	SES292	-1.037	-55.8832	-54.8462
BLOCK09/SES098/SA098S23	SES127	-0.900105	-55.2289	-54.3287
BLOCK09/SES098/SA098S23	SES147	0.184292	-54.1445	-54.3287
BLOCK09/SES098/SA098S23	SES187	0.413052	-53.9157	-54.3287
BLOCK09/SES098/SA098S23	SES292	-1.26263	-55.5914	-54.3287
BLOCK09/SES098/SA098S27	SES127	-1.39828	-56.2714	-54.8731
BLOCK09/SES098/SA098S27	SES147	-0.270737	-55.1438	-54.8731
BLOCK09/SES098/SA098S27	SES148	-1.78483	-56.6579	-54.8731
BLOCK09/SES098/SA098S27	SES292	-1.56293	-56.436	-54.8731
BLOCK10/SES102/SA102S13	SES101	0.0499191	-53.719	-53.7689
BLOCK10/SES102/SA102S13	SES105	-0.716339	-54.4852	-53.7689
BLOCK10/SES102/SA102S13	SES120	-0.422592	-54.1915	-53.7689
BLOCK10/SES102/SA102S13	SES158	-5.18326	-58.9521	-53.7689
BLOCK10/SES102/SA102S14	SES007	0.253071	-52.7922	-53.0453
BLOCK10/SES102/SA102S14	SES101	-0.157547	-53.2028	-53.0453
BLOCK10/SES102/SA102S14	SES105	0.0483589	-52.9969	-53.0453
BLOCK10/SES102/SA102S14	SES147	-1.4001	-54.4454	-53.0453
BLOCK10/SES102/SA102S22	SES007	-0.427113	-52.6142	-52.1871
BLOCK10/SES102/SA102S22	SES101	-0.574226	-52.7613	-52.1871
BLOCK10/SES102/SA102S22	SES105	-0.431438	-52.6185	-52.1871
BLOCK10/SES102/SA102S22	SES158	-2.13161	-54.3187	-52.1871
BLOCK10/SES102/SA102S25	SES007	0.0609741	-52.6556	-52.7165
BLOCK10/SES102/SA102S25	SES101	-0.0147667	-52.7313	-52.7165
BLOCK10/SES102/SA102S25	SES105	-0.259331	-52.9759	-52.7165
BLOCK10/SES102/SA102S25	SES147	-1.65566	-54.3722	-52.7165
BLOCK10/SES102/SA102S27	SES007	-0.177052	-53.6811	-53.5041
BLOCK10/SES102/SA102S27	SES101	-0.636814	-54.1409	-53.5041
BLOCK10/SES102/SA102S27	SES105	-0.380875	-53.885	-53.5041
BLOCK10/SES102/SA102S27	SES147	-1.19339	-54.6975	-53.5041
BLOCK10/SES103/SA103S14	SES105	-0.379749	-53.1732	-52.7934
BLOCK10/SES103/SA103S14	SES106	0.432579	-52.3608	-52.7934
BLOCK10/SES103/SA103S14	SES120	-1.25429	-54.0477	-52.7934
BLOCK10/SES103/SA103S14	SES206	0.130596	-52.6628	-52.7934
BLOCK10/SES103/SA103S15	SES099	0.335674	-53.3292	-53.6649
BLOCK10/SES103/SA103S15	SES101	-1.36999	-55.0349	-53.6649
BLOCK10/SES103/SA103S15	SES104	0.406124	-53.2587	-53.6649
BLOCK10/SES103/SA103S15	SES125	-0.012043	-53.6769	-53.6649
BLOCK10/SES103/SA103S24	SES104	0.00616074	-52.6167	-52.6228
BLOCK10/SES103/SA103S24	SES125	-0.154106	-52.7769	-52.6228
BLOCK10/SES103/SA103S24	SES148	-1.41676	-54.0396	-52.6228
BLOCK10/SES103/SA103S24	SES158	0.0692368	-52.5536	-52.6228
BLOCK10/SES103/SA103S26	SES104	-0.255207	-53.2317	-52.9764
BLOCK10/SES103/SA103S26	SES106	0.301437	-52.675	-52.9764
BLOCK10/SES103/SA103S26	SES125	-0.294373	-53.2708	-52.9764
BLOCK10/SES103/SA103S26	SES148	-1.65207	-54.6285	-52.9764
BLOCK10/SES103/SA103S28	SES104	0.116604	-53.4475	-53.5641
BLOCK10/SES103/SA103S28	SES106	0.176281	-53.3878	-53.5641
BLOCK10/SES103/SA103S28	SES125	-0.124252	-53.6884	-53.5641
BLOCK10/SES103/SA103S28	SES206	-0.0350723	-53.5992	-53.5641
BLOCK12/SES121/SA121S12	SES042	-0.894325	-54.4094	-53.5151
BLOCK12/SES121/SA121S12	SES087	-0.192352	-53.7074	-53.5151
BLOCK12/SES121/SA121S12	SES105	-0.350834	-53.8659	-53.5151
BLOCK12/SES121/SA121S12	SES206	0.348133	-53.1669	-53.5151
BLOCK12/SES121/SA121S14	SES007	-0.784683	-54.6603	-53.8756
BLOCK12/SES121/SA121S14	SES105	-0.496861	-54.3725	-53.8756
BLOCK12/SES121/SA121S14	SES106	-0.00117111	-53.8768	-53.8756
BLOCK12/SES121/SA121S14	SES206	-0.045414	-53.9211	-53.8756
BLOCK12/SES121/SA121S23	SES105	-0.414288	-54.6354	-54.2211
BLOCK12/SES121/SA121S23	SES106	0.0314064	-54.1897	-54.2211
BLOCK12/SES121/SA121S23	SES120	-1.27605	-55.4972	-54.2211
BLOCK12/SES121/SA121S23	SES206	0.0903587	-54.1308	-54.2211
BLOCK12/SES121/SA121S25	SES007	-0.728893	-55.1547	-54.4258
BLOCK12/SES121/SA121S25	SES105	-0.751526	-55.1773	-54.4258
BLOCK12/SES121/SA121S25	SES106	0.0408173	-54.385	-54.4258
BLOCK12/SES121/SA121S25	SES206	-0.0481033	-54.4739	-54.4258
BLOCK12/SES121/SA121S27	SES087	0.0778389	-54.1717	-54.2496
BLOCK12/SES121/SA121S27	SES105	-0.597816	-54.8474	-54.2496
BLOCK12/SES121/SA121S27	SES120	-0.915207	-55.1648	-54.2496
BLOCK12/SES121/SA121S27	SES206	0.547588	-53.702	-54.2496
BLOCK12/SES124/SA124S16	SES042	0.432671	-51.6187	-52.0513
BLOCK12/SES124/SA124S16	SES082	-0.0714722	-52.1228	-52.0513
BLOCK12/SES124/SA124S16	SES183	-2.13567	-54.187	-52.0513
BLOCK12/SES124/SA124S16	SES206	0.147305	-51.904	-52.0513
BLOCK12/SES124/SA124S17	SES105	-0.196674	-53.569	-53.3723
BLOCK12/SES124/SA124S17	SES149	0.125179	-53.2471	-53.3723
BLOCK12/SES124/SA124S17	SES158	-0.432453	-53.8048	-53.3723
BLOCK12/SES124/SA124S17	SES275	-0.781021	-54.1533	-53.3723
BLOCK12/SES124/SA124S23	SES105	-0.563221	-51.8741	-51.3109
BLOCK12/SES124/SA124S23	SES125	0.969231	-50.3417	-51.3109
BLOCK12/SES124/SA124S23	SES129	-1.31924	-52.6301	-51.3109
BLOCK12/SES124/SA124S23	SES158	0.163704	-51.1472	-51.3109
BLOCK12/SES124/SA124S26	SES105	-0.930447	-53.5638	-52.6334
BLOCK12/SES124/SA124S26	SES125	1.23139	-51.402	-52.6334
BLOCK12/SES124/SA124S26	SES129	-1.58453	-54.2179	-52.6334
BLOCK12/SES124/SA124S26	SES158	0.233585	-52.3998	-52.6334
BLOCK12/SES124/SA124S28	SES104	0.260056	-51.8028	-52.0629
BLOCK12/SES124/SA124S28	SES106	0.626431	-51.4365	-52.0629
BLOCK12/SES124/SA124S28	SES125	0.816147	-51.2467	-52.0629
BLOCK12/SES124/SA124S28	SES275	-1.12807	-53.191	-52.0629
BLOCK12/SES126/SA126S13	SES007	-1.01928	-55.8666	-54.8474
BLOCK12/SES126/SA126S13	SES162	0.473801	-54.3736	-54.8474
BLOCK12/SES126/SA126S13	SES177	-0.174057	-55.0214	-54.8474
BLOCK12/SES126/SA126S13	SES180	0.326015	-54.5213	-54.8474
BLOCK12/SES126/SA126S14	SES144	-0.296021	-53.6323	-53.3363
BLOCK12/SES126/SA126S14	SES148	-0.775944	-54.1122	-53.3363
BLOCK12/SES126/SA126S14	SES177	-0.00679779	-53.3431	-53.3363
BLOCK12/SES126/SA126S14	SES180	0.49968	-52.8366	-53.3363
BLOCK12/SES126/SA126S20	SES007	-1.20633	-54.7866	-53.5803
BLOCK12/SES126/SA126S20	SES162	0.0240097	-53.5563	-53.5803
BLOCK12/SES126/SA126S20	SES172	-1.56543	-55.1457	-53.5803
BLOCK12/SES126/SA126S20	SES180	-0.498394	-54.0787	-53.5803
BLOCK12/SES126/SA126S24	SES120	-1.20277	-54.7686	-53.5658
BLOCK12/SES126/SA126S24	SES162	0.399075	-53.1667	-53.5658
BLOCK12/SES126/SA126S24	SES177	-0.313282	-53.8791	-53.5658
BLOCK12/SES126/SA126S24	SES180	0.433048	-53.1328	-53.5658
BLOCK12/SES126/SA126S26	SES120	-1.06092	-54.7655	-53.7045
BLOCK12/SES126/SA126S26	SES177	-0.498711	-54.2033	-53.7045
BLOCK12/SES126/SA126S26	SES180	0.0280228	-53.6765	-53.7045
BLOCK12/SES126/SA126S26	SES202	-1.77247	-55.477	-53.7045
BLOCK12/SES128/SA128S10	SES087	-0.666424	-53.555	-52.8886
BLOCK12/SES128/SA128S10	SES206	-0.0215034	-52.9101	-52.8886
BLOCK12/SES128/SA128S10	SES226	0.128586	-52.76	-52.8886
BLOCK12/SES128/SA128S10	SES270	-0.215977	-53.1046	-52.8886
BLOCK12/SES128/SA128S12	SES120	-0.826672	-53.9197	-53.093
BLOCK12/SES128/SA128S12	SES158	-0.439419	-53.5324	-53.093
BLOCK12/SES128/SA128S12	SES206	-0.0377426	-53.1307	-53.093
BLOCK12/SES128/SA128S12	SES226	-0.000816345	-53.0938	-53.093
BLOCK12/SES128/SA128S21	SES106	-0.839283	-54.8844	-54.0451
BLOCK12/SES128/SA128S21	SES120	-0.395023	-54.4402	-54.0451
BLOCK12/SES128/SA128S21	SES206	-0.175869	-54.221	-54.0451
BLOCK12/SES128/SA128S21	SES226	-0.0445633	-54.0897	-54.0451
BLOCK12/SES128/SA128S24	SES087	-0.615028	-53.9672	-53.3521
BLOCK12/SES128/SA128S24	SES120	-0.603119	-53.9552	-53.3521
BLOCK12/SES128/SA128S24	SES206	-0.14106	-53.4932	-53.3521
BLOCK12/SES128/SA128S24	SES226	-0.00889206	-53.361	-53.3521
BLOCK12/SES128/SA128S27	SES099	-0.37175	-52.9245	-52.5527
BLOCK12/SES128/SA128S27	SES120	-0.521103	-53.0738	-52.5527
BLOCK12/SES128/SA128S27	SES206	-0.0288467	-52.5816	-52.5527
BLOCK12/SES128/SA128S27	SES226	0.389957	-52.1628	-52.5527
BLOCK13/SES130/SA130S13	SES143	-1.75154	-56.9084	-55.1568
BLOCK13/SES130/SA130S13	SES144	0.615444	-54.5414	-55.1568
BLOCK13/SES130/SA130S13	SES146	0.40303	-54.7538	-55.1568
BLOCK13/SES130/SA130S13	SES275	-0.716885	-55.8737	-55.1568
BLOCK13/SES130/SA130S15	SES143	-1.50594	-55.5975	-54.0916
BLOCK13/SES130/SA130S15	SES144	0.101521	-53.9901	-54.0916
BLOCK13/SES130/SA130S15	SES146	0.341656	-53.7499	-54.0916
BLOCK13/SES130/SA130S15	SES275	-0.191338	-54.2829	-54.0916
BLOCK13/SES130/SA130S23	SES127	-1.65872	-56.7124	-55.0537
BLOCK13/SES130/SA130S23	SES144	0.0273857	-55.0263	-55.0537
BLOCK13/SES130/SA130S23	SES146	0.538151	-54.5155	-55.0537
BLOCK13/SES130/SA130S23	SES162	-1.14351	-56.1972	-55.0537
BLOCK13/SES130/SA130S25	SES127	-0.902054	-54.5094	-53.6073
BLOCK13/SES130/SA130S25	SES144	0.208187	-53.3991	-53.6073
BLOCK13/SES130/SA130S25	SES146	0.328285	-53.279	-53.6073
BLOCK13/SES130/SA130S25	SES275	-0.175739	-53.7831	-53.6073
BLOCK13/SES130/SA130S28	SES127	-0.353348	-54.2154	-53.862
BLOCK13/SES130/SA130S28	SES144	0.0640144	-53.798	-53.862
BLOCK13/SES130/SA130S28	SES146	-0.172871	-54.0349	-53.862
BLOCK13/SES130/SA130S28	SES275	0.144005	-53.718	-53.862
BLOCK13/SES131/SA131S13	SES002	-0.0841866	-54.4691	-54.3849
BLOCK13/SES131/SA131S13	SES007	-0.988419	-55.3734	-54.3849
BLOCK13/SES131/SA131S13	SES099	-0.194519	-54.5795	-54.3849
BLOCK13/SES131/SA131S13	SES105	-0.644104	-55.029	-54.3849
BLOCK13/SES131/SA131S14	SES104	-0.254185	-53.0086	-52.7544
BLOCK13/SES131/SA131S14	SES106	0.327068	-52.4273	-52.7544
BLOCK13/SES131/SA131S14	SES125	-0.217762	-52.9722	-52.7544
BLOCK13/SES131/SA131S14	SES148	-1.20234	-53.9568	-52.7544
BLOCK13/SES131/SA131S20	SES104	-0.326141	-54.0368	-53.7106
BLOCK13/SES131/SA131S20	SES106	0.406067	-53.3045	-53.7106
BLOCK13/SES131/SA131S20	SES125	-0.0404129	-53.751	-53.7106
BLOCK13/SES131/SA131S20	SES148	-1.55677	-55.2674	-53.7106
BLOCK13/SES131/SA131S22	SES099	0.292694	-52.8787	-53.1714
BLOCK13/SES131/SA131S22	SES104	0.0205269	-53.1509	-53.1714
BLOCK13/SES131/SA131S22	SES125	0.288307	-52.8831	-53.1714
BLOCK13/SES131/SA131S22	SES206	-0.122993	-53.2944	-53.1714
BLOCK13/SES131/SA131S29	SES087	0.183456	-53.258	-53.4415
BLOCK13/SES131/SA131S29	SES104	-0.669838	-54.1113	-53.4415
BLOCK13/SES131/SA131S29	SES125	-0.0856628	-53.5272	-53.4415
BLOCK13/SES131/SA131S29	SES206	0.0389862	-53.4025	-53.4415
BLOCK13/SES132/SA132S11	SES083	-0.3409	-53.3349	-52.994
BLOCK13/SES132/SA132S11	SES120	0.00308228	-52.9909	-52.994
BLOCK13/SES132/SA132S11	SES127	-0.316074	-53.3101	-52.994
BLOCK13/SES132/SA132S11	SES275	-0.829014	-53.823	-52.994
BLOCK13/SES132/SA132S12	SES083	-0.676319	-53.5456	-52.8693
BLOCK13/SES132/SA132S12	SES143	-0.781418	-53.6507	-52.8693
BLOCK13/SES132/SA132S12	SES144	-0.28508	-53.1544	-52.8693
BLOCK13/SES132/SA132S12	SES148	-0.291653	-53.1609	-52.8693
BLOCK13/SES132/SA132S22	SES062	-0.364563	-53.0302	-52.6657
BLOCK13/SES132/SA132S22	SES083	-0.371651	-53.0373	-52.6657
BLOCK13/SES132/SA132S22	SES127	-0.140446	-52.8061	-52.6657
BLOCK13/SES132/SA132S22	SES275	-0.582043	-53.2477	-52.6657
BLOCK13/SES132/SA132S24	SES007	-0.66415	-53.4443	-52.7801
BLOCK13/SES132/SA132S24	SES083	-0.50465	-53.2848	-52.7801
BLOCK13/SES132/SA132S24	SES127	-0.582233	-53.3624	-52.7801
BLOCK13/SES132/SA132S24	SES275	-1.10458	-53.8847	-52.7801
BLOCK13/SES132/SA132S27	SES083	-0.754166	-54.2153	-53.4612
BLOCK13/SES132/SA132S27	SES120	0.0933342	-53.3678	-53.4612
BLOCK13/SES132/SA132S27	SES127	-0.708195	-54.1694	-53.4612
BLOCK13/SES132/SA132S27	SES275	-0.82045	-54.2816	-53.4612
BLOCK14/SES141/SA141S09	SES143	0.18259	-53.397	-53.5796
BLOCK14/SES141/SA141S09	SES144	-0.295368	-53.875	-53.5796
BLOCK14/SES141/SA141S09	SES162	0.208771	-53.3709	-53.5796
BLOCK14/SES141/SA141S09	SES180	0.303257	-53.2764	-53.5796
BLOCK14/SES141/SA141S15	SES127	-0.325336	-53.6866	-53.3612
BLOCK14/SES141/SA141S15	SES144	-0.340816	-53.702	-53.3612
BLOCK14/SES141/SA141S15	SES162	0.11726	-53.244	-53.3612
BLOCK14/SES141/SA141S15	SES180	0.0909042	-53.2703	-53.3612
BLOCK14/SES141/SA141S24	SES127	0.114731	-53.1675	-53.2823
BLOCK14/SES141/SA141S24	SES144	-0.401016	-53.6833	-53.2823
BLOCK14/SES141/SA141S24	SES162	0.312122	-52.9702	-53.2823
BLOCK14/SES141/SA141S24	SES183	-1.18008	-54.4624	-53.2823
BLOCK14/SES141/SA141S26	SES142	-0.173351	-54.2943	-54.1209
BLOCK14/SES141/SA141S26	SES144	-0.328274	-54.4492	-54.1209
BLOCK14/SES141/SA141S26	SES172	-1.1857	-55.3066	-54.1209
BLOCK14/SES141/SA141S26	SES180	-0.0151787	-54.1361	-54.1209
BLOCK14/SES141/SA141S29	SES127	0.361187	-52.7861	-53.1473
BLOCK14/SES141/SA141S29	SES142	0.60096	-52.5463	-53.1473
BLOCK14/SES141/SA141S29	SES144	-0.665668	-53.813	-53.1473
BLOCK14/SES141/SA141S29	SES180	0.737026	-52.4103	-53.1473
BLOCK15/SES157/SA157S08	SES083	-0.672653	-53.9482	-53.2755
BLOCK15/SES157/SA157S08	SES127	-1.44246	-54.718	-53.2755
BLOCK15/SES157/SA157S08	SES148	-0.241478	-53.517	-53.2755
BLOCK15/SES157/SA157S08	SES292	-0.568367	-53.8439	-53.2755
BLOCK15/SES157/SA157S11	SES083	-0.697395	-54.1809	-53.4836
BLOCK15/SES157/SA157S11	SES127	-1.5375	-55.021	-53.4836
BLOCK15/SES157/SA157S11	SES148	-0.604549	-54.0881	-53.4836
BLOCK15/SES157/SA157S11	SES292	-0.620995	-54.1045	-53.4836
BLOCK15/SES157/SA157S21	SES127	-1.35271	-54.6006	-53.2479
BLOCK15/SES157/SA157S21	SES148	0.0411415	-53.2068	-53.2479
BLOCK15/SES157/SA157S21	SES158	-2.15489	-55.4028	-53.2479
BLOCK15/SES157/SA157S21	SES292	-0.0313683	-53.2793	-53.2479
BLOCK15/SES157/SA157S24	SES127	-1.83756	-54.9353	-53.0978
BLOCK15/SES157/SA157S24	SES148	-0.375534	-53.4733	-53.0978
BLOCK15/SES157/SA157S24	SES183	-0.840633	-53.9384	-53.0978
BLOCK15/SES157/SA157S24	SES292	-0.11924	-53.217	-53.0978
BLOCK15/SES157/SA157S26	SES007	-0.00401306	-53.1583	-53.1543
BLOCK15/SES157/SA157S26	SES127	-0.367393	-53.5217	-53.1543
BLOCK15/SES157/SA157S26	SES147	-0.967445	-54.1218	-53.1543
BLOCK15/SES157/SA157S26	SES148	-0.175312	-53.3296	-53.1543
BLOCK16/SES161/SA161S10	SES007	-0.629234	-54.3629	-53.7337
BLOCK16/SES161/SA161S10	SES105	-0.187393	-53.9211	-53.7337
BLOCK16/SES161/SA161S10	SES158	-0.988514	-54.7222	-53.7337
BLOCK16/SES161/SA161S10	SES275	-0.445896	-54.1796	-53.7337
BLOCK16/SES161/SA161S12	SES007	-0.423805	-53.6072	-53.1834
BLOCK16/SES161/SA161S12	SES105	-0.208309	-53.3917	-53.1834
BLOCK16/SES161/SA161S12	SES158	-0.572662	-53.756	-53.1834
BLOCK16/SES161/SA161S12	SES275	-0.253139	-53.4365	-53.1834
BLOCK16/SES161/SA161S20	SES007	-0.4519	-54.5924	-54.1405
BLOCK16/SES161/SA161S20	SES105	-0.344669	-54.4852	-54.1405
BLOCK16/SES161/SA161S20	SES158	-0.739777	-54.8803	-54.1405
BLOCK16/SES161/SA161S20	SES275	-0.315517	-54.456	-54.1405
BLOCK16/SES161/SA161S23	SES007	-0.771744	-53.7217	-52.9499
BLOCK16/SES161/SA161S23	SES105	-0.358356	-53.3083	-52.9499
BLOCK16/SES161/SA161S23	SES148	-0.957893	-53.9078	-52.9499
BLOCK16/SES161/SA161S23	SES158	-0.687515	-53.6374	-52.9499
BLOCK16/SES161/SA161S28	SES007	-0.648323	-53.9465	-53.2982
BLOCK16/SES161/SA161S28	SES105	-0.369278	-53.6675	-53.2982
BLOCK16/SES161/SA161S28	SES158	-0.440865	-53.7391	-53.2982
BLOCK16/SES161/SA161S28	SES206	-0.544254	-53.8424	-53.2982
BLOCK16/SES164/SA164S11	SES104	-0.10075	-52.5213	-52.4206
BLOCK16/SES164/SA164S11	SES125	0.668808	-51.7518	-52.4206
BLOCK16/SES164/SA164S11	SES158	0.5658	-51.8548	-52.4206
BLOCK16/SES164/SA164S11	SES206	0.130753	-52.2898	-52.4206
BLOCK16/SES164/SA164S13	SES099	0.333759	-53.8048	-54.1386
BLOCK16/SES164/SA164S13	SES104	-0.355968	-54.4946	-54.1386
BLOCK16/SES164/SA164S13	SES125	-0.186043	-54.3246	-54.1386
BLOCK16/SES164/SA164S13	SES206	-0.001194	-54.1398	-54.1386
BLOCK16/SES164/SA164S24	SES002	1.08189	-51.9445	-53.0264
BLOCK16/SES164/SA164S24	SES099	0.676945	-52.3494	-53.0264
BLOCK16/SES164/SA164S24	SES125	0.526371	-52.5	-53.0264
BLOCK16/SES164/SA164S24	SES226	0.27335	-52.753	-53.0264
BLOCK16/SES164/SA164S27	SES087	-0.0567398	-53.6133	-53.5565
BLOCK16/SES164/SA164S27	SES125	0.174484	-53.382	-53.5565
BLOCK16/SES164/SA164S27	SES206	0.171486	-53.385	-53.5565
BLOCK16/SES164/SA164S27	SES226	-0.0731621	-53.6297	-53.5565
BLOCK16/SES164/SA164S29	SES002	0.268196	-52.6157	-52.8839
BLOCK16/SES164/SA164S29	SES019	-0.460316	-53.3442	-52.8839
BLOCK16/SES164/SA164S29	SES125	0.412491	-52.4714	-52.8839
BLOCK16/SES164/SA164S29	SES226	-0.152256	-53.0361	-52.8839
BLOCK16/SES169/SA169S13	SES117	-0.962151	-54.505	-53.5428
BLOCK16/SES169/SA169S13	SES144	-0.0943031	-53.6371	-53.5428
BLOCK16/SES169/SA169S13	SES146	-0.0605278	-53.6034	-53.5428
BLOCK16/SES169/SA169S13	SES162	-1.3893	-54.9321	-53.5428
BLOCK16/SES169/SA169S14	SES144	0.0105362	-52.3727	-52.3832
BLOCK16/SES169/SA169S14	SES148	-0.45031	-52.8335	-52.3832
BLOCK16/SES169/SA169S14	SES177	-1.43805	-53.8212	-52.3832
BLOCK16/SES169/SA169S14	SES180	-2.17209	-54.5553	-52.3832
BLOCK16/SES169/SA169S24	SES117	-1.13453	-55.1238	-53.9893
BLOCK16/SES169/SA169S24	SES144	-0.329082	-54.3184	-53.9893
BLOCK16/SES169/SA169S24	SES146	0.107002	-53.8823	-53.9893
BLOCK16/SES169/SA169S24	SES162	-0.766869	-54.7562	-53.9893
BLOCK16/SES169/SA169S27	SES127	-0.811573	-53.9097	-53.0981
BLOCK16/SES169/SA169S27	SES129	0.145073	-52.9531	-53.0981
BLOCK16/SES169/SA169S27	SES144	-0.0875931	-53.1857	-53.0981
BLOCK16/SES169/SA169S27	SES146	0.422668	-52.6755	-53.0981
BLOCK16/SES169/SA169S29	SES144	0.0674362	-52.5672	-52.6347
BLOCK16/SES169/SA169S29	SES162	-0.72662	-53.3613	-52.6347
BLOCK16/SES169/SA169S29	SES177	-1.50078	-54.1354	-52.6347
BLOCK16/SES169/SA169S29	SES180	-1.26222	-53.8969	-52.6347
BLOCK17/SES171/SA171S12	SES083	-0.809013	-54.3741	-53.5651
BLOCK17/SES171/SA171S12	SES148	-0.376163	-53.9412	-53.5651
BLOCK17/SES171/SA171S12	SES172	-0.423149	-53.9882	-53.5651
BLOCK17/SES171/SA171S12	SES292	-0.729069	-54.2941	-53.5651
BLOCK17/SES171/SA171S15	SES148	-0.672081	-55.2611	-54.589
BLOCK17/SES171/SA171S15	SES177	-1.00504	-55.5941	-54.589
BLOCK17/SES171/SA171S15	SES180	-1.63879	-56.2278	-54.589
BLOCK17/SES171/SA171S15	SES292	-1.32046	-55.9095	-54.589
BLOCK17/SES171/SA171S22	SES007	-1.1236	-54.1177	-52.9941
BLOCK17/SES171/SA171S22	SES148	-0.414928	-53.409	-52.9941
BLOCK17/SES171/SA171S22	SES177	-0.409863	-53.404	-52.9941
BLOCK17/SES171/SA171S22	SES180	-0.927185	-53.9213	-52.9941
BLOCK17/SES171/SA171S25	SES101	-1.32455	-56.1526	-54.8281
BLOCK17/SES171/SA171S25	SES120	-1.78675	-56.6148	-54.8281
BLOCK17/SES171/SA171S25	SES177	-0.614113	-55.4422	-54.8281
BLOCK17/SES171/SA171S25	SES180	-0.70808	-55.5361	-54.8281
BLOCK17/SES171/SA171S27	SES177	-0.429592	-54.1908	-53.7612
BLOCK17/SES171/SA171S27	SES180	-1.01675	-54.778	-53.7612
BLOCK17/SES171/SA171S27	SES189	-0.520367	-54.2816	-53.7612
BLOCK17/SES171/SA171S27	SES292	-1.10032	-54.8616	-53.7612
BLOCK17/SES173/SA173S13	SES162	-0.502934	-55.1485	-54.6456
BLOCK17/SES173/SA173S13	SES177	-0.711357	-55.3569	-54.6456
BLOCK17/SES173/SA173S13	SES180	-0.510799	-55.1564	-54.6456
BLOCK17/SES173/SA173S13	SES292	-1.51624	-56.1618	-54.6456
BLOCK17/SES173/SA173S14	SES007	-2.2595	-57.1678	-54.9083
BLOCK17/SES173/SA173S14	SES162	-0.303844	-55.2122	-54.9083
BLOCK17/SES173/SA173S14	SES177	-0.911415	-55.8197	-54.9083
BLOCK17/SES173/SA173S14	SES180	-0.607086	-55.5154	-54.9083
BLOCK17/SES173/SA173S24	SES144	0.166344	-55.7596	-55.926
BLOCK17/SES173/SA173S24	SES162	-0.376423	-56.3024	-55.926
BLOCK17/SES173/SA173S24	SES177	-0.949699	-56.8757	-55.926
BLOCK17/SES173/SA173S24	SES180	-0.639431	-56.5654	-55.926
BLOCK17/SES173/SA173S27	SES162	-0.547764	-54.9738	-54.426
BLOCK17/SES173/SA173S27	SES177	-0.85614	-55.2822	-54.426
BLOCK17/SES173/SA173S27	SES180	-0.632843	-55.0589	-54.426
BLOCK17/SES173/SA173S27	SES292	-1.42146	-55.8475	-54.426
BLOCK17/SES173/SA173S29	SES162	-0.334015	-55.6638	-55.3298
BLOCK17/SES173/SA173S29	SES175	0.363056	-54.9667	-55.3298
BLOCK17/SES173/SA173S29	SES177	-0.988487	-56.3183	-55.3298
BLOCK17/SES173/SA173S29	SES292	-1.66278	-56.9926	-55.3298
BLOCK18/SES182/SA182S10	SES144	0.178993	-53.358	-53.537
BLOCK18/SES182/SA182S10	SES177	-0.363842	-53.9008	-53.537
BLOCK18/SES182/SA182S10	SES180	-0.308147	-53.8451	-53.537
BLOCK18/SES182/SA182S10	SES275	-0.668354	-54.2053	-53.537
BLOCK18/SES182/SA182S12	SES144	-0.190891	-53.1515	-52.9606
BLOCK18/SES182/SA182S12	SES177	-0.30563	-53.2663	-52.9606
BLOCK18/SES182/SA182S12	SES180	-0.236771	-53.1974	-52.9606
BLOCK18/SES182/SA182S12	SES275	-0.863159	-53.8238	-52.9606
BLOCK18/SES182/SA182S21	SES117	0.0523758	-54.2072	-54.2596
BLOCK18/SES182/SA182S21	SES144	-0.61821	-54.8778	-54.2596
BLOCK18/SES182/SA182S21	SES162	0.203781	-54.0558	-54.2596
BLOCK18/SES182/SA182S21	SES180	0.221909	-54.0377	-54.2596
BLOCK18/SES182/SA182S23	SES117	-0.0125771	-53.6833	-53.6707
BLOCK18/SES182/SA182S23	SES144	-0.553154	-54.2238	-53.6707
BLOCK18/SES182/SA182S23	SES180	-0.349197	-54.0199	-53.6707
BLOCK18/SES182/SA182S23	SES275	-0.929569	-54.6003	-53.6707
BLOCK18/SES182/SA182S25	SES007	-0.587246	-54.5491	-53.9618
BLOCK18/SES182/SA182S25	SES162	0.174484	-53.7873	-53.9618
BLOCK18/SES182/SA182S25	SES177	-0.157066	-54.1189	-53.9618
BLOCK18/SES182/SA182S25	SES180	0.283676	-53.6781	-53.9618
BLOCK18/SES184/SA184S12	SES177	-0.213924	-54.187	-53.9731
BLOCK18/SES184/SA184S12	SES180	-0.594345	-54.5674	-53.9731
BLOCK18/SES184/SA184S12	SES189	-1.28859	-55.2617	-53.9731
BLOCK18/SES184/SA184S12	SES292	-0.668728	-54.6418	-53.9731
BLOCK18/SES184/SA184S13	SES101	-0.859039	-54.8606	-54.0016
BLOCK18/SES184/SA184S13	SES177	-0.596985	-54.5985	-54.0016
BLOCK18/SES184/SA184S13	SES180	-0.330166	-54.3317	-54.0016
BLOCK18/SES184/SA184S13	SES292	-0.217731	-54.2193	-54.0016
BLOCK18/SES184/SA184S22	SES177	-0.21553	-54.0485	-53.833
BLOCK18/SES184/SA184S22	SES180	0.0769806	-53.756	-53.833
BLOCK18/SES184/SA184S22	SES189	-1.53054	-55.3635	-53.833
BLOCK18/SES184/SA184S22	SES292	-0.630302	-54.4633	-53.833
BLOCK18/SES184/SA184S25	SES101	-0.333698	-53.1863	-52.8526
BLOCK18/SES184/SA184S25	SES177	-0.646004	-53.4986	-52.8526
BLOCK18/SES184/SA184S25	SES180	-0.700935	-53.5535	-52.8526
BLOCK18/SES184/SA184S25	SES292	-0.177391	-53.0299	-52.8526
BLOCK18/SES184/SA184S27	SES083	-0.477077	-53.8699	-53.3928
BLOCK18/SES184/SA184S27	SES177	-0.593468	-53.9863	-53.3928
BLOCK18/SES184/SA184S27	SES202	-2.12898	-55.5218	-53.3928
BLOCK18/SES184/SA184S27	SES292	-0.42104	-53.8139	-53.3928
BLOCK20/SES204/SA204S12	SES062	-1.05192	-53.5279	-52.476
BLOCK20/SES204/SA204S12	SES083	-0.98595	-53.462	-52.476
BLOCK20/SES204/SA204S12	SES206	-0.0212326	-52.4972	-52.476
BLOCK20/SES204/SA204S12	SES226	-0.0157013	-52.4917	-52.476
BLOCK20/SES204/SA204S14	SES068	-1.4581	-53.1788	-51.7207
BLOCK20/SES204/SA204S14	SES087	-0.193844	-51.9145	-51.7207
BLOCK20/SES204/SA204S14	SES206	-0.515091	-52.2358	-51.7207
BLOCK20/SES204/SA204S14	SES226	-0.363342	-52.084	-51.7207
BLOCK20/SES204/SA204S22	SES068	-1.41137	-54.4102	-52.9988
BLOCK20/SES204/SA204S22	SES082	-0.98365	-53.9824	-52.9988
BLOCK20/SES204/SA204S22	SES083	-0.958057	-53.9568	-52.9988
BLOCK20/SES204/SA204S22	SES206	-0.0632477	-53.062	-52.9988
BLOCK20/SES204/SA204S25	SES062	-1.11121	-53.8772	-52.766
BLOCK20/SES204/SA204S25	SES083	-0.986221	-53.7522	-52.766
BLOCK20/SES204/SA204S25	SES206	-0.0853844	-52.8514	-52.766
BLOCK20/SES204/SA204S25	SES226	0.114418	-52.6516	-52.766
BLOCK20/SES204/SA204S27	SES068	-1.79928	-54.5203	-52.721
BLOCK20/SES204/SA204S27	SES082	-0.311256	-53.0322	-52.721
BLOCK20/SES204/SA204S27	SES087	0.0123444	-52.7086	-52.721
BLOCK20/SES204/SA204S27	SES206	-0.085247	-52.8062	-52.721
BLOCK20/SES207/SA207S10	SES127	-1.08393	-54.3142	-53.2302
BLOCK20/SES207/SA207S10	SES183	-0.792591	-54.0228	-53.2302
BLOCK20/SES207/SA207S10	SES189	-0.757874	-53.9881	-53.2302
BLOCK20/SES207/SA207S10	SES292	-1.14844	-54.3787	-53.2302
BLOCK20/SES207/SA207S11	SES127	-1.60031	-54.9693	-53.369
BLOCK20/SES207/SA207S11	SES183	-0.330498	-53.6995	-53.369
BLOCK20/SES207/SA207S11	SES187	-0.723522	-54.0925	-53.369
BLOCK20/SES207/SA207S11	SES292	-0.682701	-54.0517	-53.369
BLOCK20/SES207/SA207S25	SES068	-0.612019	-54.3956	-53.7836
BLOCK20/SES207/SA207S25	SES083	-0.629822	-54.4134	-53.7836
BLOCK20/SES207/SA207S25	SES127	-0.672817	-54.4564	-53.7836
BLOCK20/SES207/SA207S25	SES187	-0.101261	-53.8849	-53.7836
BLOCK20/SES207/SA207S27	SES127	-1.34315	-55.3386	-53.9954
BLOCK20/SES207/SA207S27	SES183	-0.763721	-54.7592	-53.9954
BLOCK20/SES207/SA207S27	SES187	-0.674973	-54.6704	-53.9954
BLOCK20/SES207/SA207S27	SES292	-0.826874	-54.8223	-53.9954
BLOCK20/SES207/SA207S29	SES083	-0.648766	-54.2154	-53.5666
BLOCK20/SES207/SA207S29	SES085	-0.346245	-53.9129	-53.5666
BLOCK20/SES207/SA207S29	SES172	-0.587818	-54.1545	-53.5666
BLOCK20/SES207/SA207S29	SES189	-1.03915	-54.6058	-53.5666
BLOCK22/SES221/SA221S12	SES068	-0.869431	-54.6637	-53.7942
BLOCK22/SES221/SA221S12	SES143	-0.0639992	-53.8582	-53.7942
BLOCK22/SES221/SA221S12	SES175	0.585304	-53.2089	-53.7942
BLOCK22/SES221/SA221S12	SES202	0.232918	-53.5613	-53.7942
BLOCK22/SES221/SA221S15	SES085	-0.532558	-55.5748	-55.0422
BLOCK22/SES221/SA221S15	SES143	-0.208736	-55.2509	-55.0422
BLOCK22/SES221/SA221S15	SES175	0.335335	-54.7069	-55.0422
BLOCK22/SES221/SA221S15	SES187	0.597897	-54.4443	-55.0422
BLOCK22/SES221/SA221S23	SES068	-0.879929	-54.8858	-54.0059
BLOCK22/SES221/SA221S23	SES143	-0.269005	-54.2749	-54.0059
BLOCK22/SES221/SA221S23	SES175	0.647774	-53.3581	-54.0059
BLOCK22/SES221/SA221S23	SES189	0.634922	-53.3709	-54.0059
BLOCK22/SES221/SA221S27	SES085	-0.127403	-54.7816	-54.6542
BLOCK22/SES221/SA221S27	SES143	-0.0910759	-54.7453	-54.6542
BLOCK22/SES221/SA221S27	SES175	0.0864792	-54.5677	-54.6542
BLOCK22/SES221/SA221S27	SES189	1.50737	-53.1468	-54.6542
BLOCK22/SES221/SA221S29	SES085	-0.437885	-55.9686	-55.5307
BLOCK22/SES221/SA221S29	SES143	-0.275204	-55.8059	-55.5307
BLOCK22/SES221/SA221S29	SES175	0.441711	-55.089	-55.5307
BLOCK22/SES221/SA221S29	SES187	0.916073	-54.6146	-55.5307
BLOCK22/SES223/SA223S11	SES143	-0.0585938	-54.7665	-54.7079
BLOCK22/SES223/SA223S11	SES144	-1.08981	-55.7977	-54.7079
BLOCK22/SES223/SA223S11	SES175	0.0690193	-54.6389	-54.7079
BLOCK22/SES223/SA223S11	SES187	-0.195988	-54.9039	-54.7079
BLOCK22/SES223/SA223S13	SES068	-1.42144	-57.0521	-55.6307
BLOCK22/SES223/SA223S13	SES143	-0.387486	-56.0182	-55.6307
BLOCK22/SES223/SA223S13	SES146	-1.41121	-57.0419	-55.6307
BLOCK22/SES223/SA223S13	SES202	-0.735558	-56.3663	-55.6307
BLOCK22/SES223/SA223S22	SES143	0.00712585	-54.6508	-54.6579
BLOCK22/SES223/SA223S22	SES144	-0.540825	-55.1988	-54.6579
BLOCK22/SES223/SA223S22	SES175	-0.0384941	-54.6964	-54.6579
BLOCK22/SES223/SA223S22	SES187	0.339478	-54.3185	-54.6579
BLOCK22/SES223/SA223S25	SES068	-1.16007	-56.0258	-54.8658
BLOCK22/SES223/SA223S25	SES143	-0.548382	-55.4142	-54.8658
BLOCK22/SES223/SA223S25	SES175	-0.00867081	-54.8745	-54.8658
BLOCK22/SES223/SA223S25	SES187	-0.167217	-55.033	-54.8658
BLOCK22/SES223/SA223S27	SES143	-0.27285	-54.6973	-54.4244
BLOCK22/SES223/SA223S27	SES146	-1.231	-55.6554	-54.4244
BLOCK22/SES223/SA223S27	SES187	-0.0338821	-54.4583	-54.4244
BLOCK22/SES223/SA223S27	SES292	-1.39657	-55.821	-54.4244
BLOCK27/SES273/SA273S12	SES099	0.905754	-51.2475	-52.1532
BLOCK27/SES273/SA273S12	SES104	1.13234	-51.0209	-52.1532
BLOCK27/SES273/SA273S12	SES125	0.673046	-51.4802	-52.1532
BLOCK27/SES273/SA273S12	SES206	1.17648	-50.9767	-52.1532
BLOCK27/SES273/SA273S13	SES099	0.450359	-51.177	-51.6274
BLOCK27/SES273/SA273S13	SES104	0.515018	-51.1124	-51.6274
BLOCK27/SES273/SA273S13	SES206	0.485207	-51.1422	-51.6274
BLOCK27/SES273/SA273S13	SES292	-0.97163	-52.599	-51.6274
BLOCK27/SES273/SA273S21	SES099	0.466476	-51.3491	-51.8156
BLOCK27/SES273/SA273S21	SES148	-1.57346	-53.3891	-51.8156
BLOCK27/SES273/SA273S21	SES149	-0.17461	-51.9902	-51.8156
BLOCK27/SES273/SA273S21	SES177	-2.78364	-54.5993	-51.8156
BLOCK27/SES273/SA273S25	SES104	0.383842	-51.5615	-51.9453
BLOCK27/SES273/SA273S25	SES125	0.168011	-51.7773	-51.9453
BLOCK27/SES273/SA273S25	SES158	0.514759	-51.4306	-51.9453
BLOCK27/SES273/SA273S25	SES206	0.787083	-51.1582	-51.9453
BLOCK27/SES273/SA273S27	SES099	0.337311	-51.3825	-51.7198
BLOCK27/SES273/SA273S27	SES104	0.00334167	-51.7164	-51.7198
BLOCK27/SES273/SA273S27	SES149	0.0658875	-51.6539	-51.7198
BLOCK27/SES273/SA273S27	SES275	-0.550926	-52.2707	-51.7198
BLOCK27/SES274/SA274S10	SES105	-0.71196	-52.6931	-51.9812
BLOCK27/SES274/SA274S10	SES125	0.0548706	-51.9263	-51.9812
BLOCK27/SES274/SA274S10	SES129	-0.309776	-52.291	-51.9812
BLOCK27/SES274/SA274S10	SES158	-0.598446	-52.5796	-51.9812
BLOCK27/SES274/SA274S11	SES105	-0.539581	-52.4941	-51.9545
BLOCK27/SES274/SA274S11	SES149	-0.219566	-52.1741	-51.9545
BLOCK27/SES274/SA274S11	SES158	-0.319866	-52.2744	-51.9545
BLOCK27/SES274/SA274S11	SES275	-0.431419	-52.3859	-51.9545
BLOCK27/SES274/SA274S21	SES105	-0.64592	-52.6038	-51.9579
BLOCK27/SES274/SA274S21	SES129	-0.790794	-52.7487	-51.9579
BLOCK27/SES274/SA274S21	SES149	-0.659206	-52.6171	-51.9579
BLOCK27/SES274/SA274S21	SES158	-0.838974	-52.7969	-51.9579
BLOCK27/SES274/SA274S24	SES105	-0.58643	-52.29	-51.7036
BLOCK27/SES274/SA274S24	SES129	-0.862514	-52.5661	-51.7036
BLOCK27/SES274/SA274S24	SES149	-0.213341	-51.9169	-51.7036
BLOCK27/SES274/SA274S24	SES158	-0.43652	-52.1401	-51.7036
BLOCK27/SES274/SA274S29	SES105	-0.57378	-52.6053	-52.0315
BLOCK27/SES274/SA274S29	SES106	-0.0615196	-52.093	-52.0315
BLOCK27/SES274/SA274S29	SES120	-0.790855	-52.8224	-52.0315
BLOCK27/SES274/SA274S29	SES275	-0.518444	-52.5499	-52.0315
BLOCK27/SES276/SA276S16	SES148	0.0230217	-53.7873	-53.8103
BLOCK27/SES276/SA276S16	SES172	-0.838711	-54.649	-53.8103
BLOCK27/SES276/SA276S16	SES180	-2.0639	-55.8742	-53.8103
BLOCK27/SES276/SA276S16	SES292	-0.0212784	-53.8316	-53.8103
BLOCK27/SES276/SA276S17	SES101	-0.55378	-54.5534	-53.9996
BLOCK27/SES276/SA276S17	SES177	-1.04717	-55.0468	-53.9996
BLOCK27/SES276/SA276S17	SES180	-0.989784	-54.9894	-53.9996
BLOCK27/SES276/SA276S17	SES292	-0.0766907	-54.0763	-53.9996
BLOCK27/SES276/SA276S24	SES101	-0.230286	-53.6388	-53.4085
BLOCK27/SES276/SA276S24	SES177	-1.17095	-54.5795	-53.4085
BLOCK27/SES276/SA276S24	SES180	-1.23479	-54.6433	-53.4085
BLOCK27/SES276/SA276S24	SES292	-0.302921	-53.7114	-53.4085
BLOCK27/SES276/SA276S26	SES101	-0.97514	-54.8106	-53.8355
BLOCK27/SES276/SA276S26	SES177	-1.05486	-54.8903	-53.8355
BLOCK27/SES276/SA276S26	SES180	-0.556973	-54.3924	-53.8355
BLOCK27/SES276/SA276S26	SES292	-0.347134	-54.1826	-53.8355
BLOCK27/SES276/SA276S28	SES101	-0.498714	-54.2152	-53.7165
BLOCK27/SES276/SA276S28	SES177	-0.911137	-54.6277	-53.7165
BLOCK27/SES276/SA276S28	SES180	-0.368324	-54.0848	-53.7165
BLOCK27/SES276/SA276S28	SES292	-0.298916	-54.0154	-53.7165
BLOCK27/SES277/SA277S12	SES101	-0.243801	-54.465	-54.2212
BLOCK27/SES277/SA277S12	SES177	-0.613895	-54.8351	-54.2212
BLOCK27/SES277/SA277S12	SES180	-0.144718	-54.366	-54.2212
BLOCK27/SES277/SA277S12	SES292	-0.51059	-54.7318	-54.2212
BLOCK27/SES277/SA277S14	SES177	-0.502144	-54.6918	-54.1897
BLOCK27/SES277/SA277S14	SES180	-1.12267	-55.3124	-54.1897
BLOCK27/SES277/SA277S14	SES189	0.130016	-54.0597	-54.1897
BLOCK27/SES277/SA277S14	SES292	-1.38717	-55.5769	-54.1897
BLOCK27/SES277/SA277S21	SES177	-0.486465	-53.8591	-53.3726
BLOCK27/SES277/SA277S21	SES180	-1.11353	-54.4861	-53.3726
BLOCK27/SES277/SA277S21	SES189	-0.455612	-53.8282	-53.3726
BLOCK27/SES277/SA277S21	SES292	-0.822624	-54.1952	-53.3726
BLOCK27/SES277/SA277S24	SES144	-0.871029	-55.3784	-54.5073
BLOCK27/SES277/SA277S24	SES177	-0.377338	-54.8847	-54.5073
BLOCK27/SES277/SA277S24	SES180	-0.892029	-55.3994	-54.5073
BLOCK27/SES277/SA277S24	SES189	-0.282082	-54.7894	-54.5073
BLOCK27/SES277/SA277S29	SES177	-0.434612	-53.3198	-52.8852
BLOCK27/SES277/SA277S29	SES180	-0.253647	-53.1388	-52.8852
BLOCK27/SES277/SA277S29	SES202	-0.670498	-53.5557	-52.8852
BLOCK27/SES277/SA277S29	SES292	-1.09786	-53.9831	-52.8852
BLOCK27/SES279/SA279S09	SES120	-0.825527	-53.3287	-52.5032
BLOCK27/SES279/SA279S09	SES146	-0.906326	-53.4095	-52.5032
BLOCK27/SES279/SA279S09	SES206	-0.505222	-53.0084	-52.5032
BLOCK27/SES279/SA279S09	SES226	-0.672295	-53.1755	-52.5032
BLOCK27/SES279/SA279S10	SES099	-0.612934	-53.0284	-52.4155
BLOCK27/SES279/SA279S10	SES206	-0.174561	-52.5901	-52.4155
BLOCK27/SES279/SA279S10	SES226	-0.0780411	-52.4935	-52.4155
BLOCK27/SES279/SA279S10	SES292	-0.305695	-52.7212	-52.4155
BLOCK27/SES279/SA279S20	SES099	-1.09975	-53.563	-52.4633
BLOCK27/SES279/SA279S20	SES206	-0.411472	-52.8747	-52.4633
BLOCK27/SES279/SA279S20	SES226	-0.241367	-52.7046	-52.4633
BLOCK27/SES279/SA279S20	SES292	-0.436722	-52.9	-52.4633
BLOCK27/SES279/SA279S26	SES099	-0.254753	-53.035	-52.7803
BLOCK27/SES279/SA279S26	SES206	0.164963	-52.6153	-52.7803
BLOCK27/SES279/SA279S26	SES226	-0.000972748	-52.7812	-52.7803
BLOCK27/SES279/SA279S26	SES292	-0.32935	-53.1096	-52.7803
BLOCK27/SES279/SA279S28	SES099	-0.719948	-52.3728	-51.6528
BLOCK27/SES279/SA279S28	SES120	-0.768642	-52.4214	-51.6528
BLOCK27/SES279/SA279S28	SES177	-2.91886	-54.5717	-51.6528
BLOCK27/SES279/SA279S28	SES206	-0.482189	-52.135	-51.6528
BLOCK29/SES290/SA290S12	SES162	-0.0405579	-53.0312	-52.9906
BLOCK29/SES290/SA290S12	SES177	-0.458813	-53.4494	-52.9906
BLOCK29/SES290/SA290S12	SES180	-0.723972	-53.7146	-52.9906
BLOCK29/SES290/SA290S12	SES292	-0.947617	-53.9382	-52.9906
BLOCK29/SES290/SA290S13	SES007	-2.14746	-56.5248	-54.3773
BLOCK29/SES290/SA290S13	SES162	-0.481686	-54.859	-54.3773
BLOCK29/SES290/SA290S13	SES177	-0.353088	-54.7304	-54.3773
BLOCK29/SES290/SA290S13	SES180	-0.286327	-54.6636	-54.3773
BLOCK29/SES290/SA290S22	SES177	-0.0749817	-53.4841	-53.4092
BLOCK29/SES290/SA290S22	SES180	0.139446	-53.2697	-53.4092
BLOCK29/SES290/SA290S22	SES202	-0.311893	-53.7211	-53.4092
BLOCK29/SES290/SA290S22	SES292	-0.95393	-54.3631	-53.4092
BLOCK29/SES290/SA290S25	SES162	0.0234909	-52.9873	-53.0108
BLOCK29/SES290/SA290S25	SES177	-0.0797234	-53.0905	-53.0108
BLOCK29/SES290/SA290S25	SES180	-0.208149	-53.219	-53.0108
BLOCK29/SES290/SA290S25	SES292	-0.721596	-53.7324	-53.0108
BLOCK29/SES290/SA290S29	SES177	-0.294178	-53.1903	-52.8961
BLOCK29/SES290/SA290S29	SES180	0.310856	-52.5852	-52.8961
BLOCK29/SES290/SA290S29	SES275	-1.15647	-54.0526	-52.8961
BLOCK29/SES290/SA290S29	SES292	-0.44561	-53.3417	-52.8961
BLOCK29/SES291/SA291S11	SES105	-1.09096	-54.7244	-53.6334
BLOCK29/SES291/SA291S11	SES125	0.246586	-53.3868	-53.6334
BLOCK29/SES291/SA291S11	SES158	0.303402	-53.33	-53.6334
BLOCK29/SES291/SA291S11	SES275	-1.42463	-55.058	-53.6334
BLOCK29/SES291/SA291S12	SES158	0.521217	-52.3984	-52.9197
BLOCK29/SES291/SA291S12	SES226	0.131195	-52.7885	-52.9197
BLOCK29/SES291/SA291S12	SES270	1.11444	-51.8052	-52.9197
BLOCK29/SES291/SA291S12	SES275	-1.2422	-54.1619	-52.9197
BLOCK29/SES291/SA291S22	SES082	-0.0979309	-52.772	-52.6741
BLOCK29/SES291/SA291S22	SES158	-0.098156	-52.7723	-52.6741
BLOCK29/SES291/SA291S22	SES259	-0.214043	-52.8881	-52.6741
BLOCK29/SES291/SA291S22	SES275	-1.07513	-53.7492	-52.6741
BLOCK29/SES291/SA291S24	SES104	0.789715	-51.3913	-52.1811
BLOCK29/SES291/SA291S24	SES125	0.81078	-51.3703	-52.1811
BLOCK29/SES291/SA291S24	SES158	0.485771	-51.6953	-52.1811
BLOCK29/SES291/SA291S24	SES275	-1.26051	-53.4416	-52.1811
BLOCK29/SES291/SA291S27	SES158	0.893169	-51.9054	-52.7986
BLOCK29/SES291/SA291S27	SES172	-2.35398	-55.1526	-52.7986
BLOCK29/SES291/SA291S27	SES275	-1.43409	-54.2327	-52.7986
BLOCK29/SES291/SA291S27	SES292	-1.1971	-53.9957	-52.7986
