spk_ver/v00/v0000	SES146	0.872086	-47.1662	-48.0383
spk_ver/v00/v0001	SES002	-17.4154	-65.265	-47.8496
spk_ver/v00/v0002	SES002	-12.1747	-61.0214	-48.8466
spk_ver/v00/v0003	SES002	-17.6623	-66.3659	-48.7035
spk_ver/v00/v0004	SES002	-3.07799	-51.0667	-47.9888
spk_ver/v00/v0005	SES002	-4.45675	-51.7112	-47.2545
spk_ver/v00/v0006	SES002	-10.7818	-58.3192	-47.5374
spk_ver/v00/v0007	SES002	-10.2459	-59.1601	-48.9142
spk_ver/v00/v0008	SES146	0.436016	-47.4354	-47.8714
spk_ver/v00/v0009	SES002	-2.71659	-49.6949	-46.9783
spk_ver/v00/v0010	SES002	-5.9206	-53.6893	-47.7687
spk_ver/v00/v0011	SES002	-3.40523	-52.6918	-49.2865
spk_ver/v00/v0012	SES002	-11.5333	-58.3358	-46.8025
spk_ver/v00/v0013	SES002	-7.54766	-54.9206	-47.373
spk_ver/v00/v0014	SES002	-2.32859	-49.7657	-47.4371
spk_ver/v00/v0015	SES002	-3.43407	-50.293	-46.859
spk_ver/v00/v0016	SES275	0.530239	-47.9109	-48.4412
spk_ver/v00/v0017	SES002	-2.09795	-49.0517	-46.9538
spk_ver/v00/v0018	SES002	-16.3267	-65.2783	-48.9516
spk_ver/v00/v0019	SES002	-2.86579	-50.0701	-47.2043
spk_ver/v00/v0020	SES002	-14.5256	-64.3426	-49.817
spk_ver/v00/v0021	SES002	-12.9682	-61.2922	-48.324
spk_ver/v00/v0022	SES002	-3.86895	-51.0019	-47.1329
spk_ver/v00/v0023	SES002	-11.3598	-58.2055	-46.8457
spk_ver/v00/v0024	SES002	-14.2237	-62.9038	-48.6801
spk_ver/v00/v0025	SES002	-8.25198	-57.5636	-49.3116
spk_ver/v00/v0026	SES002	-7.34041	-54.7521	-47.4117
spk_ver/v00/v0027	SES129	2.36442	-45.8669	-48.2313
spk_ver/v00/v0028	SES007	-2.08299	-49.0268	-46.9438
spk_ver/v00/v0029	SES083	-0.0268898	-46.8208	-46.794
spk_ver/v00/v0030	SES019	2.39116	-45.8706	-48.2618
spk_ver/v00/v0031	SES007	-2.46206	-51.4156	-48.9536
spk_ver/v00/v0032	SES270	0.721535	-46.0289	-46.7505
spk_ver/v00/v0033	SES007	-3.84666	-51.4735	-47.6269
spk_ver/v00/v0034	SES007	-4.13413	-56.0533	-51.9191
spk_ver/v00/v0035	SES007	-2.03466	-49.0261	-46.9914
spk_ver/v00/v0036	SES007	-2.55183	-54.5432	-51.9914
spk_ver/v00/v0037	SES007	-5.22533	-52.1636	-46.9382
spk_ver/v00/v0038	SES259	2.30703	-44.4729	-46.7799
spk_ver/v00/v0039	SES007	-5.04942	-53.0742	-48.0247
spk_ver/v00/v0040	SES007	-4.53751	-50.9833	-46.4458
spk_ver/v00/v0041	SES007	-3.43229	-50.2729	-46.8406
spk_ver/v00/v0042	SES007	-1.51438	-49.3338	-47.8194
spk_ver/v00/v0043	SES007	-1.07049	-48.6655	-47.595
spk_ver/v00/v0044	SES007	-3.91578	-50.1831	-46.2673
spk_ver/v00/v0045	SES007	-1.67788	-49.4924	-47.8145
spk_ver/v00/v0046	SES007	-1.41356	-49.1646	-47.751
spk_ver/v00/v0047	SES172	0.603222	-46.6766	-47.2798
spk_ver/v00/v0048	SES105	1.52594	-46.7327	-48.2586
spk_ver/v00/v0049	SES007	-1.11785	-48.5189	-47.401
spk_ver/v00/v0050	SES292	-0.627239	-47.9614	-47.3342
spk_ver/v00/v0051	SES007	-1.9708	-50.2979	-48.3271
spk_ver/v00/v0052	SES068	0.900291	-45.6637	-46.564
spk_ver/v00/v0053	SES008	-1.48262	-48.4896	-47.0069
spk_ver/v00/v0054	SES008	-7.04337	-56.7018	-49.6585
spk_ver/v00/v0055	SES008	-2.29776	-50.8426	-48.5449
spk_ver/v00/v0056	SES008	-6.84317	-54.11	-47.2668
spk_ver/v00/v0057	SES008	-5.33474	-53.4582	-48.1235
spk_ver/v00/v0058	SES083	0.239235	-46.9812	-47.2205
spk_ver/v00/v0059	SES158	1.63342	-45.1853	-46.8188
spk_ver/v00/v0060	SES008	-2.75304	-49.8172	-47.0642
spk_ver/v00/v0061	SES101	-0.18903	-47.241	-47.0519
spk_ver/v00/v0062	SES008	-4.6432	-52.4777	-47.8345
spk_ver/v00/v0063	SES008	-3.12477	-51.0241	-47.8993
spk_ver/v00/v0064	SES117	1.85868	-46.8269	-48.6856
spk_ver/v00/v0065	SES149	1.79442	-45.9858	-47.7802
spk_ver/v00/v0066	SES008	-1.72064	-49.6528	-47.9321
spk_ver/v00/v0067	SES008	-2.98041	-52.9766	-49.9962
spk_ver/v00/v0068	SES162	2.23161	-46.5006	-48.7322
spk_ver/v00/v0069	SES008	-6.6712	-54.787	-48.1158
spk_ver/v00/v0070	SES008	-0.74284	-47.9773	-47.2345
spk_ver/v00/v0071	SES008	-3.14685	-51.3137	-48.1669
spk_ver/v00/v0072	SES008	-1.77469	-48.8712	-47.0965
spk_ver/v00/v0073	SES008	-3.66854	-50.2487	-46.5802
spk_ver/v00/v0074	SES008	-5.31949	-52.5085	-47.189
spk_ver/v00/v0075	SES008	-9.4173	-57.8884	-48.4711
spk_ver/v00/v0076	SES167	2.10089	-45.6449	-47.7458
spk_ver/v00/v0077	SES008	-2.19947	-49.1476	-46.9482
spk_ver/v00/v0078	SES177	0.813934	-46.0554	-46.8694
spk_ver/v00/v0079	SES008	-2.1817	-49.3822	-47.2005
spk_ver/v00/v0080	SES008	-3.57903	-52.06	-48.4809
spk_ver/v00/v0081	SES008	-5.73765	-54.0682	-48.3305
spk_ver/v00/v0082	SES008	-3.56184	-50.3609	-46.7991
spk_ver/v00/v0083	SES008	-6.40315	-54.689	-48.2858
spk_ver/v00/v0084	SES144	0.709469	-47.15	-47.8594
spk_ver/v00/v0085	SES008	-2.29665	-49.9373	-47.6406
spk_ver/v00/v0086	SES008	-2.44571	-48.5962	-46.1504
spk_ver/v00/v0087	SES008	-4.92466	-53.1035	-48.1789
spk_ver/v00/v0088	SES008	-4.49479	-51.8102	-47.3154
spk_ver/v00/v0089	SES008	-2.04215	-50.2252	-48.1831
spk_ver/v00/v0090	SES142	2.56607	-45.6318	-48.1979
spk_ver/v00/v0091	SES008	-5.73692	-52.6684	-46.9314
spk_ver/v00/v0092	SES158	0.911137	-46.3223	-47.2334
spk_ver/v00/v0093	SES014	-4.90875	-52.131	-47.2222
spk_ver/v00/v0094	SES014	-4.32015	-53.5424	-49.2222
spk_ver/v00/v0095	SES014	-1.41933	-48.5269	-47.1076
spk_ver/v00/v0096	SES014	-10.759	-58.1716	-47.4126
spk_ver/v00/v0097	SES014	-3.03999	-50.9707	-47.9307
spk_ver/v00/v0098	SES014	-1.95531	-48.3762	-46.4209
spk_ver/v00/v0099	SES014	-17.0345	-65.2866	-48.2521
spk_ver/v01/v0100	SES127	0.425678	-47.2665	-47.6922
spk_ver/v01/v0101	SES014	-12.3023	-61.4017	-49.0995
spk_ver/v01/v0102	SES014	-19.3727	-67.8143	-48.4416
spk_ver/v01/v0103	SES014	-6.58754	-56.7951	-50.2076
spk_ver/v01/v0104	SES014	-16.2157	-64.8187	-48.6031
spk_ver/v01/v0105	SES014	-4.09259	-53.7802	-49.6876
spk_ver/v01/v0106	SES014	-2.37257	-49.875	-47.5024
spk_ver/v01/v0107	SES014	-19.3121	-66.5067	-47.1946
spk_ver/v01/v0108	SES014	-20.1203	-68.5068	-48.3865
spk_ver/v01/v0109	SES014	-12.4468	-61.7544	-49.3077
spk_ver/v01/v0110	SES014	-4.115	-53.2042	-49.0892
spk_ver/v01/v0111	SES014	-1.53865	-48.4356	-46.897
spk_ver/v01/v0112	SES014	-14.5205	-61.9782	-47.4576
spk_ver/v01/v0113	SES104	-0.719341	-48.5205	-47.8012
spk_ver/v01/v0114	SES082	0.449001	-46.456	-46.905
spk_ver/v01/v0115	SES087	1.7205	-45.6594	-47.3799
spk_ver/v01/v0116	SES014	-2.16082	-49.2602	-47.0994
spk_ver/v01/v0117	SES177	0.644165	-47.1765	-47.8207
spk_ver/v01/v0118	SES014	-13.8711	-62.7321	-48.8609
spk_ver/v01/v0119	SES014	-1.35038	-48.1648	-46.8145
spk_ver/v01/v0120	SES014	-19.2021	-67.8864	-48.6843
spk_ver/v01/v0121	SES146	0.24543	-47.0655	-47.3109
spk_ver/v01/v0122	SES014	2.10884	-44.0847	-46.1936
spk_ver/v01/v0123	SES014	-3.34776	-50.4056	-47.0578
spk_ver/v01/v0124	SES014	-18.3051	-66.4169	-48.1118
spk_ver/v01/v0125	SES014	-7.06029	-55.8617	-48.8014
spk_ver/v01/v0126	SES016	-2.54439	-51.1887	-48.6443
spk_ver/v01/v0127	SES016	-1.94964	-51.2921	-49.3425
spk_ver/v01/v0128	SES106	1.57839	-45.6942	-47.2725
spk_ver/v01/v0129	SES016	-3.72789	-50.5198	-46.7919
spk_ver/v01/v0130	SES016	-2.26307	-50.1166	-47.8536
spk_ver/v01/v0131	SES016	-4.43819	-51.4077	-46.9695
spk_ver/v01/v0132	SES016	-2.35385	-49.7947	-47.4408
spk_ver/v01/v0133	SES016	-2.85211	-51.4219	-48.5698
spk_ver/v01/v0134	SES016	-2.99701	-49.639	-46.642
spk_ver/v01/v0135	SES016	-4.55177	-53.106	-48.5543
spk_ver/v01/v0136	SES016	-4.95711	-53.7423	-48.7852
spk_ver/v01/v0137	SES007	0.423462	-46.9297	-47.3532
spk_ver/v01/v0138	SES016	-0.695553	-48.4065	-47.7109
spk_ver/v01/v0139	SES016	-0.962353	-47.9195	-46.9571
spk_ver/v01/v0140	SES016	1.72412	-46.1169	-47.841
spk_ver/v01/v0141	SES016	-8.74537	-59.0108	-50.2655
spk_ver/v01/v0142	SES016	-3.73629	-51.3858	-47.6496
spk_ver/v01/v0143	SES016	-6.92684	-55.1172	-48.1904
spk_ver/v01/v0144	SES016	-4.56584	-51.5102	-46.9443
spk_ver/v01/v0145	SES016	-6.6485	-56.3	-49.6515
spk_ver/v01/v0146	SES016	-1.81179	-48.8915	-47.0797
spk_ver/v01/v0147	SES016	-1.83433	-49.7925	-47.9582
spk_ver/v01/v0148	SES127	0.798244	-47.1161	-47.9144
spk_ver/v01/v0149	SES016	-5.2715	-52.7689	-47.4974
spk_ver/v01/v0150	SES016	-2.01488	-49.6928	-47.6779
spk_ver/v01/v0151	SES147	1.69513	-47.4273	-49.1224
spk_ver/v01/v0152	SES016	-2.00481	-49.6309	-47.6261
spk_ver/v01/v0153	SES104	0.597389	-45.7164	-46.3138
spk_ver/v01/v0154	SES016	-4.33911	-52.8576	-48.5185
spk_ver/v01/v0155	SES016	-2.37094	-50.9648	-48.5939
spk_ver/v01/v0156	SES019	-1.23134	-50.1637	-48.9323
spk_ver/v01/v0157	SES019	-4.01251	-50.4206	-46.4081
spk_ver/v01/v0158	SES019	-0.987953	-48.2286	-47.2407
spk_ver/v01/v0159	SES007	0.748142	-46.9448	-47.6929
spk_ver/v01/v0160	SES019	-3.50574	-50.283	-46.7772
spk_ver/v01/v0161	SES019	-3.90096	-51.7499	-47.8489
spk_ver/v01/v0162	SES019	-10.9246	-57.6121	-46.6875
spk_ver/v01/v0163	SES189	1.55389	-47.5305	-49.0844
spk_ver/v01/v0164	SES019	-2.84276	-49.766	-46.9232
spk_ver/v01/v0165	SES019	-1.39402	-49.1831	-47.789
spk_ver/v01/v0166	SES019	-9.04976	-56.8023	-47.7525
spk_ver/v01/v0167	SES019	-13.3288	-61.471	-48.1422
spk_ver/v01/v0168	SES019	-1.88644	-50.5091	-48.6227
spk_ver/v01/v0169	SES019	-6.42894	-54.1872	-47.7582
spk_ver/v01/v0170	SES270	0.689575	-45.8529	-46.5424
spk_ver/v01/v0171	SES019	-3.00046	-50.0553	-47.0548
spk_ver/v01/v0172	SES019	-15.2916	-63.7343	-48.4427
spk_ver/v01/v0173	SES206	1.16156	-45.95	-47.1116
spk_ver/v01/v0174	SES019	-3.85719	-52.267	-48.4098
spk_ver/v01/v0175	SES014	0.854557	-45.7231	-46.5777
spk_ver/v01/v0176	SES019	-8.76907	-55.826	-47.0569
spk_ver/v01/v0177	SES120	0.369747	-47.3625	-47.7323
spk_ver/v01/v0178	SES019	-2.16644	-51.435	-49.2685
spk_ver/v01/v0179	SES019	-14.7432	-61.7228	-46.9796
spk_ver/v01/v0180	SES175	1.46001	-46.3957	-47.8557
spk_ver/v01/v0181	SES019	-12.8726	-61.4032	-48.5306
spk_ver/v01/v0182	SES019	-5.33342	-52.71	-47.3766
spk_ver/v01/v0183	SES029	-3.26943	-51.4715	-48.2021
spk_ver/v01/v0184	SES029	-5.79409	-53.0815	-47.2874
spk_ver/v01/v0185	SES029	-2.33612	-50.0495	-47.7134
spk_ver/v01/v0186	SES068	1.01319	-45.8561	-46.8693
spk_ver/v01/v0187	SES029	-4.95377	-52.2375	-47.2837
spk_ver/v01/v0188	SES029	-3.73843	-50.2705	-46.532
spk_ver/v01/v0189	SES149	2.11007	-45.1624	-47.2724
spk_ver/v01/v0190	SES029	-4.75549	-52.0605	-47.305
spk_ver/v01/v0191	SES029	-4.328	-51.8259	-47.4979
spk_ver/v01/v0192	SES183	2.27128	-45.4762	-47.7474
spk_ver/v01/v0193	SES029	-1.89387	-50.0691	-48.1752
spk_ver/v01/v0194	SES016	2.0376	-45.9294	-47.967
spk_ver/v01/v0195	SES029	-3.2625	-50.7948	-47.5323
spk_ver/v01/v0196	SES029	-1.39713	-49.1596	-47.7625
spk_ver/v01/v0197	SES029	-4.42009	-51.0207	-46.6006
spk_ver/v01/v0198	SES146	0.216167	-47.3369	-47.5531
spk_ver/v01/v0199	SES029	-3.96101	-52.6785	-48.7175
spk_ver/v02/v0200	SES029	-1.93139	-51.5251	-49.5938
spk_ver/v02/v0201	SES068	1.24997	-46.1236	-47.3736
spk_ver/v02/v0202	SES148	1.98029	-46.2154	-48.1957
spk_ver/v02/v0203	SES029	-4.56087	-51.9099	-47.349
spk_ver/v02/v0204	SES029	-1.06224	-48.6997	-47.6374
spk_ver/v02/v0205	SES060	0.441788	-46.1766	-46.6184
spk_ver/v02/v0206	SES127	1.65141	-45.6219	-47.2733
spk_ver/v02/v0207	SES029	-3.68318	-51.7883	-48.1051
spk_ver/v02/v0208	SES048	2.04399	-46.57	-48.614
spk_ver/v02/v0209	SES029	-1.44665	-49.6993	-48.2527
spk_ver/v02/v0210	SES029	-4.25208	-52.3659	-48.1138
spk_ver/v02/v0211	SES029	-3.1733	-49.9079	-46.7346
spk_ver/v02/v0212	SES042	-15.7453	-64.1845	-48.4392
spk_ver/v02/v0213	SES085	1.25634	-46.4373	-47.6936
spk_ver/v02/v0214	SES206	1.26793	-45.1844	-46.4523
spk_ver/v02/v0215	SES144	0.877979	-47.0971	-47.9751
spk_ver/v02/v0216	SES042	-3.83691	-51.2419	-47.405
spk_ver/v02/v0217	SES042	-5.63192	-55.1976	-49.5657
spk_ver/v02/v0218	SES042	-2.30882	-48.9342	-46.6254
spk_ver/v02/v0219	SES206	0.999718	-45.7568	-46.7565
spk_ver/v02/v0220	SES019	3.87414	-44.8035	-48.6777
spk_ver/v02/v0221	SES007	0.546375	-46.7753	-47.3216
spk_ver/v02/v0222	SES042	-14.7211	-63.666	-48.9449
spk_ver/v02/v0223	SES147	1.57819	-47.8351	-49.4133
spk_ver/v02/v0224	SES105	1.16562	-47.0256	-48.1912
spk_ver/v02/v0225	SES042	-2.46658	-49.4323	-46.9657
spk_ver/v02/v0226	SES275	1.1423	-46.8502	-47.9925
spk_ver/v02/v0227	SES042	-4.76767	-52.7482	-47.9805
spk_ver/v02/v0228	SES042	-6.65712	-54.7449	-48.0878
spk_ver/v02/v0229	SES042	-14.7419	-62.3449	-47.603
spk_ver/v02/v0230	SES085	0.225479	-46.0159	-46.2414
spk_ver/v02/v0231	SES014	2.09148	-44.0228	-46.1143
spk_ver/v02/v0232	SES042	-2.53798	-49.3234	-46.7854
spk_ver/v02/v0233	SES048	-5.06219	-52.3944	-47.3322
spk_ver/v02/v0234	SES048	-10.3943	-59.4997	-49.1054
spk_ver/v02/v0235	SES029	0.0793266	-47.8225	-47.9019
spk_ver/v02/v0236	SES048	-4.60618	-51.3535	-46.7473
spk_ver/v02/v0237	SES048	-5.06221	-51.7992	-46.737
spk_ver/v02/v0238	SES048	-4.59265	-51.9356	-47.3429
spk_ver/v02/v0239	SES060	1.12383	-46.1843	-47.3082
spk_ver/v02/v0240	SES048	-8.4002	-56.4325	-48.0323
spk_ver/v02/v0241	SES048	-8.34684	-56.4269	-48.08
spk_ver/v02/v0242	SES189	3.50821	-46.2657	-49.7739
spk_ver/v02/v0243	SES162	1.35265	-47.2215	-48.5742
spk_ver/v02/v0244	SES048	-5.63717	-52.4796	-46.8424
spk_ver/v02/v0245	SES048	-5.4529	-52.3842	-46.9313
spk_ver/v02/v0246	SES048	-4.81347	-51.5609	-46.7475
spk_ver/v02/v0247	SES048	-5.90722	-54.3426	-48.4354
spk_ver/v02/v0248	SES226	1.41086	-46.5847	-47.9956
spk_ver/v02/v0249	SES048	-4.49394	-53.5718	-49.0778
spk_ver/v02/v0250	SES048	-4.06531	-52.638	-48.5727
spk_ver/v02/v0251	SES048	-5.83901	-54.1994	-48.3604
spk_ver/v02/v0252	SES060	-5.33082	-55.4707	-50.1398
spk_ver/v02/v0253	SES060	-5.11672	-52.1875	-47.0708
spk_ver/v02/v0254	SES259	2.23844	-44.6077	-46.8462
spk_ver/v02/v0255	SES060	-6.74399	-55.8483	-49.1043
spk_ver/v02/v0256	SES202	1.2067	-47.6639	-48.8706
spk_ver/v02/v0257	SES148	1.18012	-46.0528	-47.2329
spk_ver/v02/v0258	SES060	-6.00841	-56.0681	-50.0597
spk_ver/v02/v0259	SES060	-2.531	-49.1821	-46.6511
spk_ver/v02/v0260	SES060	-3.70294	-51.3609	-47.658
spk_ver/v02/v0261	SES099	2.06248	-45.5099	-47.5724
spk_ver/v02/v0262	SES060	-2.65568	-50.1447	-47.489
spk_ver/v02/v0263	SES060	-2.17793	-48.7458	-46.5678
spk_ver/v02/v0264	SES292	0.404221	-47.4015	-47.8057
spk_ver/v02/v0265	SES060	-1.771	-49.2726	-47.5016
spk_ver/v02/v0266	SES060	-6.621	-54.5993	-47.9783
spk_ver/v02/v0267	SES060	-5.39371	-54.4894	-49.0957
spk_ver/v02/v0268	SES060	-4.7991	-54.6542	-49.8551
spk_ver/v02/v0269	SES127	1.38124	-46.0675	-47.4487
spk_ver/v02/v0270	SES060	-4.31221	-52.667	-48.3548
spk_ver/v02/v0271	SES060	-1.98059	-49.9036	-47.923
spk_ver/v02/v0272	SES060	-4.28788	-53.7995	-49.5116
spk_ver/v02/v0273	SES087	1.82745	-46.0547	-47.8822
spk_ver/v02/v0274	SES146	0.555126	-47.4005	-47.9557
spk_ver/v02/v0275	SES060	-5.81286	-54.3978	-48.5849
spk_ver/v02/v0276	SES002	2.36771	-44.3434	-46.7112
spk_ver/v02/v0277	SES060	-1.98402	-49.9422	-47.9582
spk_ver/v02/v0278	SES060	-4.85949	-52.1356	-47.2761
spk_ver/v02/v0279	SES060	-4.8152	-51.1584	-46.3432
spk_ver/v02/v0280	SES129	2.24961	-46.0359	-48.2856
spk_ver/v02/v0281	SES162	1.51843	-46.8248	-48.3432
spk_ver/v02/v0282	SES060	-3.58719	-50.685	-47.0978
spk_ver/v02/v0283	SES060	-3.18171	-50.3014	-47.1197
spk_ver/v02/v0284	SES062	-7.34461	-57.7507	-50.4061
spk_ver/v02/v0285	SES062	-10.8193	-58.8127	-47.9934
spk_ver/v02/v0286	SES120	0.498043	-48.079	-48.577
spk_ver/v02/v0287	SES062	-5.2165	-53.8594	-48.6429
spk_ver/v02/v0288	SES062	-3.83226	-51.2768	-47.4445
spk_ver/v02/v0289	SES062	-2.8507	-49.6725	-46.8218
spk_ver/v02/v0290	SES062	-2.88018	-50.4707	-47.5906
spk_ver/v02/v0291	SES275	0.264412	-47.2011	-47.4656
spk_ver/v02/v0292	SES062	-4.36211	-53.695	-49.3329
spk_ver/v02/v0293	SES062	-4.23763	-53.9168	-49.6791
spk_ver/v02/v0294	SES062	-3.73067	-50.4956	-46.7649
spk_ver/v02/v0295	SES062	-3.68873	-51.6316	-47.9429
spk_ver/v02/v0296	SES062	-4.04967	-51.8153	-47.7656
spk_ver/v02/v0297	SES062	-8.95342	-57.5078	-48.5544
spk_ver/v02/v0298	SES062	-5.15887	-53.1658	-48.0069
spk_ver/v02/v0299	SES062	-3.37333	-51.2724	-47.899
spk_ver/v03/v0300	SES062	-5.44052	-55.0754	-49.6349
spk_ver/v03/v0301	SES062	-2.84682	-49.9094	-47.0625
spk_ver/v03/v0302	SES172	1.04266	-45.7718	-46.8144
spk_ver/v03/v0303	SES062	-2.35991	-49.9193	-47.5594
spk_ver/v03/v0304	SES062	-3.88142	-51.0723	-47.1909
spk_ver/v03/v0305	SES062	-3.94837	-51.6189	-47.6706
spk_ver/v03/v0306	SES062	-6.69342	-56.7528	-50.0594
spk_ver/v03/v0307	SES062	-3.99062	-50.8285	-46.8379
spk_ver/v03/v0308	SES062	-5.11652	-53.3131	-48.1965
spk_ver/v03/v0309	SES062	-3.69779	-53.3271	-49.6293
spk_ver/v03/v0310	SES125	1.17719	-45.0037	-46.1809
spk_ver/v03/v0311	SES062	-4.39377	-51.2767	-46.8829
spk_ver/v03/v0312	SES062	-9.16531	-57.8467	-48.6814
spk_ver/v03/v0313	SES062	-4.13251	-54.3808	-50.2483
spk_ver/v03/v0314	SES068	-4.749	-51.496	-46.747
spk_ver/v03/v0315	SES068	-3.93416	-51.2411	-47.3069
spk_ver/v03/v0316	SES068	-3.38551	-52.1318	-48.7463
spk_ver/v03/v0317	SES068	-2.99506	-52.1792	-49.1842
spk_ver/v03/v0318	SES068	-6.05552	-53.1365	-47.081
spk_ver/v03/v0319	SES068	-7.33842	-55.3989	-48.0605
spk_ver/v03/v0320	SES068	-2.2599	-48.8169	-46.557
spk_ver/v03/v0321	SES068	-0.590069	-47.9357	-47.3457
spk_ver/v03/v0322	SES068	-0.885544	-49.2467	-48.3611
spk_ver/v03/v0323	SES068	-4.07756	-52.3409	-48.2634
spk_ver/v03/v0324	SES144	0.248245	-48.0515	-48.2998
spk_ver/v03/v0325	SES068	-4.33364	-51.9258	-47.5922
spk_ver/v03/v0326	SES068	-0.836792	-47.0142	-46.1774
spk_ver/v03/v0327	SES068	-2.49726	-50.046	-47.5487
spk_ver/v03/v0328	SES068	-7.20419	-54.6418	-47.4377
spk_ver/v03/v0329	SES068	-3.96998	-51.318	-47.3481
spk_ver/v03/v0330	SES180	0.460449	-47.9551	-48.4155
spk_ver/v03/v0331	SES068	-0.744881	-48.5791	-47.8342
spk_ver/v03/v0332	SES275	1.38373	-46.6084	-47.9921
spk_ver/v03/v0333	SES062	1.74205	-44.2554	-45.9974
spk_ver/v03/v0334	SES270	1.2023	-46.5221	-47.7243
spk_ver/v03/v0335	SES068	-9.03117	-57.7867	-48.7555
spk_ver/v03/v0336	SES068	-0.615768	-47.2474	-46.6316
spk_ver/v03/v0337	SES068	-3.76539	-52.8966	-49.1312
spk_ver/v03/v0338	SES068	-1.59159	-49.9708	-48.3792
spk_ver/v03/v0339	SES068	-1.40179	-48.9676	-47.5658
spk_ver/v03/v0340	SES068	-2.81422	-51.9615	-49.1473
spk_ver/v03/v0341	SES016	1.00657	-45.9753	-46.9819
spk_ver/v03/v0342	SES068	-3.49239	-53.0904	-49.598
spk_ver/v03/v0343	SES068	-1.40177	-49.054	-47.6522
spk_ver/v03/v0344	SES125	1.20177	-45.8115	-47.0133
spk_ver/v03/v0345	SES187	0.861313	-46.2296	-47.0909
spk_ver/v03/v0346	SES068	-3.19851	-50.3625	-47.164
spk_ver/v03/v0347	SES143	1.27706	-46.5294	-47.8065
spk_ver/v03/v0348	SES292	0.817123	-46.4946	-47.3117
spk_ver/v03/v0349	SES082	-7.68377	-55.3417	-47.658
spk_ver/v03/v0350	SES101	1.26092	-45.1745	-46.4355
spk_ver/v03/v0351	SES082	-1.3395	-49.2851	-47.9456
spk_ver/v03/v0352	SES082	-1.74609	-49.5611	-47.815
spk_ver/v03/v0353	SES082	-9.18381	-57.0953	-47.9115
spk_ver/v03/v0354	SES082	-17.8517	-66.6578	-48.8061
spk_ver/v03/v0355	SES083	1.14003	-45.4723	-46.6124
spk_ver/v03/v0356	SES082	-2.85059	-51.0626	-48.212
spk_ver/v03/v0357	SES082	-15.1895	-63.51	-48.3205
spk_ver/v03/v0358	SES082	-2.24115	-49.3674	-47.1263
spk_ver/v03/v0359	SES117	1.47686	-48.5985	-50.0754
spk_ver/v03/v0360	SES082	-9.72543	-57.7524	-48.027
spk_ver/v03/v0361	SES082	-2.10823	-49.5439	-47.4357
spk_ver/v03/v0362	SES007	1.23624	-45.9636	-47.1999
spk_ver/v03/v0363	SES082	-3.07443	-50.2005	-47.126
spk_ver/v03/v0364	SES019	2.32159	-45.3102	-47.6318
spk_ver/v03/v0365	SES082	-2.25589	-49.486	-47.2301
spk_ver/v03/v0366	SES226	1.67564	-45.8386	-47.5143
spk_ver/v03/v0367	SES167	2.19313	-45.1826	-47.3758
spk_ver/v03/v0368	SES082	-3.91948	-50.1712	-46.2518
spk_ver/v03/v0369	SES042	3.29125	-43.9674	-47.2586
spk_ver/v03/v0370	SES042	1.55206	-44.9223	-46.4743
spk_ver/v03/v0371	SES082	-12.9069	-60.6059	-47.699
spk_ver/v03/v0372	SES082	-2.88319	-49.7065	-46.8234
spk_ver/v03/v0373	SES082	-9.16758	-57.7568	-48.5892
spk_ver/v03/v0374	SES083	-2.18665	-48.6526	-46.466
spk_ver/v03/v0375	SES292	0.795837	-46.4572	-47.253
spk_ver/v03/v0376	SES083	-4.53496	-51.895	-47.36
spk_ver/v03/v0377	SES083	-6.25576	-54.5637	-48.3079
spk_ver/v03/v0378	SES083	-2.35895	-51.6599	-49.3009
spk_ver/v03/v0379	SES083	-2.40594	-50.3913	-47.9853
spk_ver/v03/v0380	SES083	-4.70946	-53.8139	-49.1044
spk_ver/v03/v0381	SES083	-2.72957	-51.2136	-48.484
spk_ver/v03/v0382	SES148	0.399364	-47.3347	-47.7341
spk_ver/v03/v0383	SES083	-2.36414	-48.6891	-46.3249
spk_ver/v03/v0384	SES226	1.53067	-45.9867	-47.5174
spk_ver/v03/v0385	SES226	1.39362	-45.354	-46.7476
spk_ver/v03/v0386	SES087	1.8203	-46.0959	-47.9162
spk_ver/v03/v0387	SES029	0.923203	-46.6052	-47.5284
spk_ver/v03/v0388	SES147	1.41617	-47.4069	-48.8231
spk_ver/v03/v0389	SES083	-5.21033	-54.2716	-49.0613
spk_ver/v03/v0390	SES189	1.71546	-46.32	-48.0354
spk_ver/v03/v0391	SES083	-2.33971	-49.6799	-47.3402
spk_ver/v03/v0392	SES083	-0.364998	-46.7578	-46.3928
spk_ver/v03/v0393	SES083	-2.95703	-50.7885	-47.8315
spk_ver/v03/v0394	SES083	-4.90614	-51.8577	-46.9515
spk_ver/v03/v0395	SES083	-1.66563	-48.7402	-47.0746
spk_ver/v03/v0396	SES014	1.72049	-44.1223	-45.8428
spk_ver/v03/v0397	SES085	-0.0539818	-46.9667	-46.9128
spk_ver/v03/v0398	SES085	-1.50086	-47.5598	-46.059
spk_ver/v03/v0399	SES085	-5.55431	-52.7352	-47.1809
spk_ver/v04/v0400	SES106	1.20631	-45.2259	-46.4322
spk_ver/v04/v0401	SES085	-4.96438	-52.0948	-47.1305
spk_ver/v04/v0402	SES085	-10.3621	-57.9882	-47.626
spk_ver/v04/v0403	SES085	-0.689503	-47.5809	-46.8914
spk_ver/v04/v0404	SES180	1.58427	-46.218	-47.8022
spk_ver/v04/v0405	SES129	1.62096	-44.6771	-46.298
spk_ver/v04/v0406	SES085	-5.36217	-52.9585	-47.5964
spk_ver/v04/v0407	SES146	0.152073	-48.3686	-48.5207
spk_ver/v04/v0408	SES085	-0.454441	-47.3079	-46.8535
spk_ver/v04/v0409	SES085	-3.72152	-51.5041	-47.7826
spk_ver/v04/v0410	SES085	-6.20934	-53.6531	-47.4438
spk_ver/v04/v0411	SES292	0.672176	-47.3548	-48.027
spk_ver/v04/v0412	SES085	-1.05384	-48.2725	-47.2187
spk_ver/v04/v0413	SES125	1.38908	-45.3551	-46.7442
spk_ver/v04/v0414	SES085	-5.33212	-56.74	-51.4079
spk_ver/v04/v0415	SES085	-2.26553	-49.6453	-47.3797
spk_ver/v04/v0416	SES085	-3.88403	-51.1147	-47.2306
spk_ver/v04/v0417	SES062	0.0501213	-46.1045	-46.1547
spk_ver/v04/v0418	SES060	2.36712	-45.3112	-47.6783
spk_ver/v04/v0419	SES085	-2.03215	-50.1297	-48.0975
spk_ver/v04/v0420	SES085	-4.69837	-51.5973	-46.899
spk_ver/v04/v0421	SES085	-6.86299	-54.4716	-47.6086
spk_ver/v04/v0422	SES085	-1.43543	-50.3214	-48.8859
spk_ver/v04/v0423	SES085	-7.08321	-54.7094	-47.6262
spk_ver/v04/v0424	SES085	-5.21121	-53.9593	-48.7481
spk_ver/v04/v0425	SES183	1.12348	-47.2168	-48.3403
spk_ver/v04/v0426	SES085	-5.43944	-52.7124	-47.2729
spk_ver/v04/v0427	SES087	-3.75126	-51.725	-47.9738
spk_ver/v04/v0428	SES162	1.324	-46.9333	-48.2573
spk_ver/v04/v0429	SES087	-2.8971	-49.6496	-46.7525
spk_ver/v04/v0430	SES087	-7.0271	-56.3517	-49.3246
spk_ver/v04/v0431	SES087	-17.2687	-65.3958	-48.1271
spk_ver/v04/v0432	SES087	-5.63376	-53.0639	-47.4301
spk_ver/v04/v0433	SES087	-10.8869	-57.6665	-46.7796
spk_ver/v04/v0434	SES142	3.39903	-44.7542	-48.1532
spk_ver/v04/v0435	SES087	-14.6952	-63.0631	-48.3679
spk_ver/v04/v0436	SES099	1.2487	-45.9464	-47.1951
spk_ver/v04/v0437	SES087	-4.91969	-52.099	-47.1793
spk_ver/v04/v0438	SES087	-10.0473	-59.0059	-48.9586
spk_ver/v04/v0439	SES087	-2.42897	-48.935	-46.506
spk_ver/v04/v0440	SES087	-9.44736	-56.7799	-47.3326
spk_ver/v04/v0441	SES087	-15.2977	-63.1728	-47.8751
spk_ver/v04/v0442	SES187	1.90409	-46.5163	-48.4204
spk_ver/v04/v0443	SES172	1.78801	-45.8471	-47.6351
spk_ver/v04/v0444	SES087	-3.59334	-50.6099	-47.0166
spk_ver/v04/v0445	SES087	-2.34603	-49.0932	-46.7472
spk_ver/v04/v0446	SES087	-1.07615	-47.6635	-46.5874
spk_ver/v04/v0447	SES087	-2.18414	-49.2278	-47.0437
spk_ver/v04/v0448	SES106	1.43384	-46.4401	-47.874
spk_ver/v04/v0449	SES146	1.34389	-47.0823	-48.4262
spk_ver/v04/v0450	SES087	-13.1064	-61.492	-48.3856
spk_ver/v04/v0451	SES087	-2.29887	-49.8152	-47.5163
spk_ver/v04/v0452	SES007	1.57079	-46.0943	-47.6651
spk_ver/v04/v0453	SES087	-2.87737	-50.4662	-47.5888
spk_ver/v04/v0454	SES087	-13.1797	-60.8932	-47.7136
spk_ver/v04/v0455	SES180	1.56886	-46.1669	-47.7358
spk_ver/v04/v0456	SES099	-8.04275	-57.3906	-49.3478
spk_ver/v04/v0457	SES042	1.97463	-45.2065	-47.1811
spk_ver/v04/v0458	SES099	-0.760574	-48.0804	-47.3199
spk_ver/v04/v0459	SES099	-17.2016	-65.3304	-48.1289
spk_ver/v04/v0460	SES099	-7.48283	-57.9984	-50.5156
spk_ver/v04/v0461	SES099	-3.02192	-50.9314	-47.9095
spk_ver/v04/v0462	SES082	1.71325	-45.0567	-46.77
spk_ver/v04/v0463	SES099	-0.77668	-48.2168	-47.4401
spk_ver/v04/v0464	SES099	-0.0421524	-46.4721	-46.4299
spk_ver/v04/v0465	SES099	-14.4276	-62.2396	-47.812
spk_ver/v04/v0466	SES099	-0.875317	-47.897	-47.0217
spk_ver/v04/v0467	SES099	-1.24419	-48.5528	-47.3086
spk_ver/v04/v0468	SES129	2.41087	-45.9619	-48.3728
spk_ver/v04/v0469	SES101	0.300831	-46.7134	-47.0142
spk_ver/v04/v0470	SES099	-11.2684	-60.009	-48.7406
spk_ver/v04/v0471	SES172	1.03189	-46.7292	-47.761
spk_ver/v04/v0472	SES099	0.0607643	-47.5071	-47.5678
spk_ver/v04/v0473	SES270	2.86368	-45.3451	-48.2088
spk_ver/v04/v0474	SES099	-6.19847	-54.198	-47.9995
spk_ver/v04/v0475	SES099	-4.55899	-51.6149	-47.056
spk_ver/v04/v0476	SES099	-3.87466	-53.6447	-49.77
spk_ver/v04/v0477	SES002	2.22268	-44.6332	-46.8559
spk_ver/v04/v0478	SES099	-0.0465431	-47.5393	-47.4928
spk_ver/v04/v0479	SES007	-0.735073	-48.4451	-47.71
spk_ver/v04/v0480	SES101	-4.65103	-50.9911	-46.34
spk_ver/v04/v0481	SES101	-4.28912	-53.7761	-49.487
spk_ver/v04/v0482	SES175	0.801823	-47.3009	-48.1027
spk_ver/v04/v0483	SES101	-2.77457	-49.5136	-46.739
spk_ver/v04/v0484	SES101	-4.69743	-50.8255	-46.128
spk_ver/v04/v0485	SES101	-3.02292	-52.1267	-49.1038
spk_ver/v04/v0486	SES101	-1.93391	-51.1537	-49.2198
spk_ver/v04/v0487	SES101	-3.15297	-51.4109	-48.258
spk_ver/v04/v0488	SES101	-4.53819	-52.2317	-47.6935
spk_ver/v04/v0489	SES147	1.17554	-48.2579	-49.4334
spk_ver/v04/v0490	SES085	0.246223	-47.5452	-47.7914
spk_ver/v04/v0491	SES101	-2.8842	-51.823	-48.9388
spk_ver/v04/v0492	SES101	-5.28687	-54.7858	-49.4989
spk_ver/v04/v0493	SES101	-3.13535	-49.7803	-46.6449
spk_ver/v04/v0494	SES101	-2.6426	-52.5715	-49.9289
spk_ver/v04/v0495	SES101	-1.21158	-47.2581	-46.0465
spk_ver/v04/v0496	SES101	-2.59875	-50.9267	-48.328
spk_ver/v04/v0497	SES014	1.68678	-44.0803	-45.7671
spk_ver/v04/v0498	SES101	-4.32594	-51.8375	-47.5116
spk_ver/v04/v0499	SES101	-1.51652	-48.5739	-47.0574
spk_ver/v05/v0500	SES085	0.647297	-46.0763	-46.7236
spk_ver/v05/v0501	SES101	-5.89807	-53.1086	-47.2105
spk_ver/v05/v0502	SES275	0.564217	-46.7972	-47.3614
spk_ver/v05/v0503	SES117	1.33243	-47.2226	-48.555
spk_ver/v05/v0504	SES101	-4.49657	-51.6368	-47.1402
spk_ver/v05/v0505	SES101	-2.01984	-50.095	-48.0752
spk_ver/v05/v0506	SES101	-2.4791	-50.3979	-47.9188
spk_ver/v05/v0507	SES048	1.34463	-45.6846	-47.0292
spk_ver/v05/v0508	SES117	0.241821	-48.9176	-49.1594
spk_ver/v05/v0509	SES202	3.17144	-44.5272	-47.6986
spk_ver/v05/v0510	SES104	-3.57775	-53.0434	-49.4657
spk_ver/v05/v0511	SES008	0.047802	-48.5689	-48.6167
spk_ver/v05/v0512	SES104	-1.24195	-49.6991	-48.4572
spk_ver/v05/v0513	SES104	-1.7753	-48.1208	-46.3455
spk_ver/v05/v0514	SES104	-11.3947	-58.479	-47.0843
spk_ver/v05/v0515	SES104	-20.3666	-68.639	-48.2724
spk_ver/v05/v0516	SES104	-1.7555	-51.082	-49.3265
spk_ver/v05/v0517	SES060	0.657536	-46.0007	-46.6582
spk_ver/v05/v0518	SES104	-18.1342	-66.9378	-48.8035
spk_ver/v05/v0519	SES104	-17.7496	-66.0026	-48.2529
spk_ver/v05/v0520	SES104	-1.28796	-47.9312	-46.6433
spk_ver/v05/v0521	SES008	1.06319	-45.6896	-46.7527
spk_ver/v05/v0522	SES068	1.10387	-46.4918	-47.5957
spk_ver/v05/v0523	SES087	1.56518	-45.3533	-46.9185
spk_ver/v05/v0524	SES104	-1.61179	-49.229	-47.6172
spk_ver/v05/v0525	SES104	-1.34466	-48.7732	-47.4285
spk_ver/v05/v0526	SES104	-1.64561	-47.7096	-46.064
spk_ver/v05/v0527	SES083	0.577381	-46.2403	-46.8177
spk_ver/v05/v0528	SES148	1.13425	-46.4493	-47.5835
spk_ver/v05/v0529	SES104	-2.93357	-50.7636	-47.83
spk_ver/v05/v0530	SES104	-11.9887	-59.7144	-47.7257
spk_ver/v05/v0531	SES125	1.32593	-46.0905	-47.4164
spk_ver/v05/v0532	SES104	-17.4305	-64.9732	-47.5427
spk_ver/v05/v0533	SES149	2.40306	-45.0657	-47.4688
spk_ver/v05/v0534	SES104	-15.729	-63.517	-47.788
spk_ver/v05/v0535	SES187	1.00644	-47.2558	-48.2623
spk_ver/v05/v0536	SES104	-3.27424	-50.7446	-47.4704
spk_ver/v05/v0537	SES104	-2.01057	-49.1567	-47.1461
spk_ver/v05/v0538	SES167	1.6912	-45.9358	-47.627
spk_ver/v05/v0539	SES104	-1.7708	-51.4828	-49.712
spk_ver/v05/v0540	SES104	-14.1617	-60.4966	-46.3349
spk_ver/v05/v0541	SES183	1.73667	-47.9891	-49.7258
spk_ver/v05/v0542	SES104	-1.82458	-49.3047	-47.4802
spk_ver/v05/v0543	SES104	-15.0687	-62.1379	-47.0692
spk_ver/v05/v0544	SES105	-4.40838	-52.0049	-47.5965
spk_ver/v05/v0545	SES105	-3.31482	-51.7527	-48.4379
spk_ver/v05/v0546	SES105	-3.49656	-50.7923	-47.2957
spk_ver/v05/v0547	SES105	-4.53626	-53.6788	-49.1425
spk_ver/v05/v0548	SES019	3.24792	-45.5299	-48.7778
spk_ver/v05/v0549	SES105	-3.35535	-51.7142	-48.3588
spk_ver/v05/v0550	SES105	-3.71915	-52.6918	-48.9727
spk_ver/v05/v0551	SES202	2.19954	-46.06	-48.2595
spk_ver/v05/v0552	SES105	-5.52975	-53.8653	-48.3356
spk_ver/v05/v0553	SES105	-1.16457	-48.8272	-47.6626
spk_ver/v05/v0554	SES105	-2.54683	-49.2736	-46.7267
spk_ver/v05/v0555	SES105	-3.37926	-51.2565	-47.8773
spk_ver/v05/v0556	SES082	0.0313797	-46.913	-46.9444
spk_ver/v05/v0557	SES105	-4.07082	-51.6123	-47.5415
spk_ver/v05/v0558	SES014	1.35537	-44.8968	-46.2521
spk_ver/v05/v0559	SES105	-2.74512	-50.1312	-47.3861
spk_ver/v05/v0560	SES177	0.0621872	-47.409	-47.4712
spk_ver/v05/v0561	SES189	4.11774	-50.1402	-54.258
spk_ver/v05/v0562	SES105	-3.52718	-52.0732	-48.546
spk_ver/v05/v0563	SES099	1.03215	-47.197	-48.2292
spk_ver/v05/v0564	SES105	-2.25672	-50.4581	-48.2014
spk_ver/v05/v0565	SES105	-3.78752	-50.7366	-46.9491
spk_ver/v05/v0566	SES105	-4.18765	-52.4639	-48.2762
spk_ver/v05/v0567	SES142	2.53278	-46.4517	-48.9845
spk_ver/v05/v0568	SES048	1.3978	-46.3541	-47.7519
spk_ver/v05/v0569	SES105	-4.59039	-51.6108	-47.0204
spk_ver/v05/v0570	SES105	-2.2461	-49.2698	-47.0237
spk_ver/v05/v0571	SES105	-4.60368	-52.741	-48.1373
spk_ver/v05/v0572	SES105	-3.7717	-52.7452	-48.9735
spk_ver/v05/v0573	SES105	-4.5074	-52.4161	-47.9087
spk_ver/v05/v0574	SES105	-1.8718	-49.9222	-48.0504
spk_ver/v05/v0575	SES105	-2.81689	-51.4185	-48.6016
spk_ver/v05/v0576	SES106	-16.1575	-64.872	-48.7145
spk_ver/v05/v0577	SES106	-5.49423	-54.6081	-49.1139
spk_ver/v05/v0578	SES106	-9.4203	-56.9938	-47.5735
spk_ver/v05/v0579	SES106	-12.676	-60.144	-47.468
spk_ver/v05/v0580	SES106	-1.53776	-47.8474	-46.3096
spk_ver/v05/v0581	SES106	-15.6294	-64.5721	-48.9427
spk_ver/v05/v0582	SES106	-2.48657	-50.2789	-47.7923
spk_ver/v05/v0583	SES106	-1.52287	-48.2622	-46.7394
spk_ver/v05/v0584	SES106	-15.9968	-63.9478	-47.951
spk_ver/v05/v0585	SES106	-1.72636	-51.1026	-49.3762
spk_ver/v05/v0586	SES106	-10.6237	-59.0776	-48.4539
spk_ver/v05/v0587	SES106	-3.84873	-51.4948	-47.6461
spk_ver/v05/v0588	SES106	-10.0862	-56.8562	-46.77
spk_ver/v05/v0589	SES106	-14.6971	-61.6194	-46.9223
spk_ver/v05/v0590	SES082	0.745434	-46.6083	-47.3537
spk_ver/v05/v0591	SES180	1.0536	-46.7336	-47.7872
spk_ver/v05/v0592	SES106	-1.69592	-49.0045	-47.3086
spk_ver/v05/v0593	SES106	-19.5093	-68.0474	-48.5381
spk_ver/v05/v0594	SES292	1.06211	-46.2378	-47.2999
spk_ver/v05/v0595	SES106	-1.31979	-49.3327	-48.013
spk_ver/v05/v0596	SES106	-14.8897	-63.17	-48.2803
spk_ver/v05/v0597	SES106	-12.8274	-60.2625	-47.4351
spk_ver/v05/v0598	SES042	2.26365	-45.7113	-47.9749
spk_ver/v05/v0599	SES106	-14.1753	-63.1008	-48.9255
spk_ver/v06/v0600	SES106	-0.415863	-49.0863	-48.6705
spk_ver/v06/v0601	SES106	-2.17696	-49.6932	-47.5163
spk_ver/v06/v0602	SES106	-6.57423	-53.6678	-47.0935
spk_ver/v06/v0603	SES106	-15.7934	-64.1377	-48.3443
spk_ver/v06/v0604	SES106	-12.3147	-59.8199	-47.5052
spk_ver/v06/v0605	SES106	-11.7108	-61.0864	-49.3756
spk_ver/v06/v0606	SES048	2.22563	-44.7568	-46.9825
spk_ver/v06/v0607	SES167	3.33361	-44.6006	-47.9342
spk_ver/v06/v0608	SES106	-12.0384	-59.936	-47.8976
spk_ver/v06/v0609	SES143	0.508015	-47.5293	-48.0373
spk_ver/v06/v0610	SES106	-18.8934	-68.819	-49.9256
spk_ver/v06/v0611	SES106	-7.92891	-56.5834	-48.6544
spk_ver/v06/v0612	SES106	-21.8506	-70.134	-48.2835
spk_ver/v06/v0613	SES117	-1.74065	-49.4805	-47.7398
spk_ver/v06/v0614	SES117	-7.05329	-54.2569	-47.2037
spk_ver/v06/v0615	SES117	-2.08467	-50.0993	-48.0147
spk_ver/v06/v0616	SES106	1.7133	-44.0112	-45.7245
spk_ver/v06/v0617	SES142	3.28706	-45.5595	-48.8466
spk_ver/v06/v0618	SES048	2.05757	-44.5517	-46.6093
spk_ver/v06/v0619	SES175	1.3801	-47.0927	-48.4728
spk_ver/v06/v0620	SES180	1.18991	-46.1773	-47.3672
spk_ver/v06/v0621	SES117	-0.159103	-49.5539	-49.3948
spk_ver/v06/v0622	SES029	-0.260853	-48.2152	-47.9543
spk_ver/v06/v0623	SES117	-1.58694	-48.5126	-46.9257
spk_ver/v06/v0624	SES117	-7.10251	-55.2748	-48.1722
spk_ver/v06/v0625	SES117	-1.77154	-52.5625	-50.7909
spk_ver/v06/v0626	SES106	1.40242	-45.5866	-46.9891
spk_ver/v06/v0627	SES226	1.70361	-45.154	-46.8576
spk_ver/v06/v0628	SES117	-0.598766	-48.5079	-47.9091
spk_ver/v06/v0629	SES117	-6.06702	-52.4777	-46.4107
spk_ver/v06/v0630	SES117	-8.22849	-55.0436	-46.8151
spk_ver/v06/v0631	SES117	-8.72219	-58.6234	-49.9012
spk_ver/v06/v0632	SES117	-2.65811	-49.1434	-46.4852
spk_ver/v06/v0633	SES099	2.42301	-45.3366	-47.7596
spk_ver/v06/v0634	SES105	2.03135	-46.6763	-48.7076
spk_ver/v06/v0635	SES167	1.0602	-47.4638	-48.5239
spk_ver/v06/v0636	SES117	-0.164097	-47.591	-47.4269
spk_ver/v06/v0637	SES202	2.01347	-46.1005	-48.1139
spk_ver/v06/v0638	SES117	-4.4158	-51.4473	-47.0315
spk_ver/v06/v0639	SES167	1.54197	-46.6669	-48.2089
spk_ver/v06/v0640	SES117	-4.22356	-52.05	-47.8264
spk_ver/v06/v0641	SES117	-4.41185	-51.393	-46.9812
spk_ver/v06/v0642	SES101	1.34702	-45.5165	-46.8635
spk_ver/v06/v0643	SES068	1.42437	-46.113	-47.5373
spk_ver/v06/v0644	SES120	-5.04443	-53.3404	-48.296
spk_ver/v06/v0645	SES120	-1.82968	-50.6864	-48.8567
spk_ver/v06/v0646	SES172	0.653408	-47.8581	-48.5115
spk_ver/v06/v0647	SES120	-2.58162	-50.2029	-47.6212
spk_ver/v06/v0648	SES120	-0.734577	-47.4124	-46.6778
spk_ver/v06/v0649	SES120	-4.57099	-52.6885	-48.1175
spk_ver/v06/v0650	SES087	1.86793	-45.5699	-47.4378
spk_ver/v06/v0651	SES120	-2.96428	-50.2285	-47.2642
spk_ver/v06/v0652	SES104	-0.446156	-48.4684	-48.0223
spk_ver/v06/v0653	SES129	1.6589	-45.7487	-47.4076
spk_ver/v06/v0654	SES120	-3.49472	-51.488	-47.9932
spk_ver/v06/v0655	SES120	-1.4592	-49.4772	-48.018
spk_ver/v06/v0656	SES120	-1.7414	-49.0207	-47.2793
spk_ver/v06/v0657	SES147	1.09813	-47.8442	-48.9423
spk_ver/v06/v0658	SES120	-3.85435	-51.4247	-47.5703
spk_ver/v06/v0659	SES120	-3.50836	-49.8458	-46.3374
spk_ver/v06/v0660	SES120	-0.882088	-48.2156	-47.3335
spk_ver/v06/v0661	SES120	-3.69229	-52.9048	-49.2125
spk_ver/v06/v0662	SES120	-3.00838	-50.9883	-47.98
spk_ver/v06/v0663	SES120	-3.36932	-52.2524	-48.8831
spk_ver/v06/v0664	SES147	1.99107	-46.7923	-48.7834
spk_ver/v06/v0665	SES162	1.40783	-46.7697	-48.1775
spk_ver/v06/v0666	SES120	-1.7799	-49.0005	-47.2206
spk_ver/v06/v0667	SES120	-3.13437	-50.8128	-47.6785
spk_ver/v06/v0668	SES120	1.16674	-46.1619	-47.3286
spk_ver/v06/v0669	SES142	3.4358	-45.308	-48.7438
spk_ver/v06/v0670	SES106	1.7021	-45.5621	-47.2642
spk_ver/v06/v0671	SES183	2.38824	-45.7325	-48.1208
spk_ver/v06/v0672	SES120	-2.80085	-50.3895	-47.5887
spk_ver/v06/v0673	SES029	-0.276329	-48.0881	-47.8118
spk_ver/v06/v0674	SES120	-2.33868	-50.4476	-48.1089
spk_ver/v06/v0675	SES008	1.23631	-46.1986	-47.4349
spk_ver/v06/v0676	SES125	-17.6483	-67.1263	-49.478
spk_ver/v06/v0677	SES143	1.00297	-47.1547	-48.1577
spk_ver/v06/v0678	SES125	-14.627	-64.144	-49.517
spk_ver/v06/v0679	SES162	0.699848	-46.4821	-47.182
spk_ver/v06/v0680	SES125	-7.24771	-54.4896	-47.2419
spk_ver/v06/v0681	SES125	-2.39711	-49.9991	-47.602
spk_ver/v06/v0682	SES125	-9.27482	-56.008	-46.7331
spk_ver/v06/v0683	SES226	1.14531	-46.2703	-47.4156
spk_ver/v06/v0684	SES125	-12.5435	-60.889	-48.3455
spk_ver/v06/v0685	SES125	-17.8781	-65.515	-47.6369
spk_ver/v06/v0686	SES120	1.38166	-45.5061	-46.8877
spk_ver/v06/v0687	SES125	-4.74327	-53.4051	-48.6619
spk_ver/v06/v0688	SES158	1.59727	-45.3558	-46.9531
spk_ver/v06/v0689	SES125	-7.06066	-55.9322	-48.8716
spk_ver/v06/v0690	SES105	1.71514	-46.5826	-48.2978
spk_ver/v06/v0691	SES125	-1.68383	-49.1779	-47.4941
spk_ver/v06/v0692	SES125	-2.92911	-50.1205	-47.1914
spk_ver/v06/v0693	SES180	2.10274	-45.6889	-47.7916
spk_ver/v06/v0694	SES125	-22.8751	-71.1141	-48.239
spk_ver/v06/v0695	SES125	-4.01003	-51.3064	-47.2964
spk_ver/v06/v0696	SES125	-16.9319	-64.47	-47.5382
spk_ver/v06/v0697	SES125	-18.891	-67.7128	-48.8218
spk_ver/v06/v0698	SES083	0.85017	-45.6018	-46.4519
spk_ver/v06/v0699	SES125	-14.848	-62.782	-47.934
spk_ver/v07/v0700	SES014	0.822094	-46.0729	-46.895
spk_ver/v07/v0701	SES125	-9.9854	-57.059	-47.0736
spk_ver/v07/v0702	SES127	-1.02601	-48.6445	-47.6185
spk_ver/v07/v0703	SES127	-0.587162	-50.057	-49.4698
spk_ver/v07/v0704	SES206	1.6335	-45.28	-46.9135
spk_ver/v07/v0705	SES127	-2.62833	-50.6417	-48.0134
spk_ver/v07/v0706	SES127	-4.65796	-52.2556	-47.5976
spk_ver/v07/v0707	SES127	-5.99359	-52.9313	-46.9377
spk_ver/v07/v0708	SES275	0.741119	-46.8204	-47.5616
spk_ver/v07/v0709	SES127	-3.372	-51.3247	-47.9527
spk_ver/v07/v0710	SES105	0.847755	-47.5321	-48.3798
spk_ver/v07/v0711	SES127	-3.63525	-52.7106	-49.0754
spk_ver/v07/v0712	SES127	-2.28319	-50.2939	-48.0107
spk_ver/v07/v0713	SES127	-5.76759	-53.0465	-47.2789
spk_ver/v07/v0714	SES019	4.08663	-44.8301	-48.9167
spk_ver/v07/v0715	SES127	-5.01984	-54.5613	-49.5414
spk_ver/v07/v0716	SES148	0.837215	-46.77	-47.6072
spk_ver/v07/v0717	SES162	1.59818	-46.0816	-47.6797
spk_ver/v07/v0718	SES189	2.1697	-47.6671	-49.8368
spk_ver/v07/v0719	SES149	0.141323	-46.0975	-46.2388
spk_ver/v07/v0720	SES175	0.99556	-47.0828	-48.0784
spk_ver/v07/v0721	SES127	-5.49975	-53.1892	-47.6894
spk_ver/v07/v0722	SES127	-2.35719	-50.7555	-48.3983
spk_ver/v07/v0723	SES127	-2.51114	-49.5838	-47.0727
spk_ver/v07/v0724	SES127	-4.30217	-52.1153	-47.8131
spk_ver/v07/v0725	SES127	-3.33871	-52.0036	-48.6649
spk_ver/v07/v0726	SES259	2.24874	-44.791	-47.0398
spk_ver/v07/v0727	SES127	-4.52236	-53.6877	-49.1653
spk_ver/v07/v0728	SES127	-0.557938	-47.8173	-47.2594
spk_ver/v07/v0729	SES127	-7.13739	-54.8713	-47.7339
spk_ver/v07/v0730	SES127	-3.94619	-52.8066	-48.8604
spk_ver/v07/v0731	SES129	-2.0767	-49.0924	-47.0157
spk_ver/v07/v0732	SES129	-4.34993	-52.3868	-48.0369
spk_ver/v07/v0733	SES129	-7.26361	-57.267	-50.0034
spk_ver/v07/v0734	SES129	-11.6688	-61.7514	-50.0826
spk_ver/v07/v0735	SES183	0.717579	-47.1373	-47.8549
spk_ver/v07/v0736	SES129	-4.76544	-52.4985	-47.7331
spk_ver/v07/v0737	SES129	-4.25159	-52.8015	-48.5499
spk_ver/v07/v0738	SES129	-5.81819	-53.3172	-47.499
spk_ver/v07/v0739	SES129	-5.62418	-53.778	-48.1538
spk_ver/v07/v0740	SES167	-1.299	-49.2412	-47.9422
spk_ver/v07/v0741	SES129	-4.79908	-53.9316	-49.1325
spk_ver/v07/v0742	SES129	-3.89605	-50.1223	-46.2263
spk_ver/v07/v0743	SES129	-2.80521	-51.1411	-48.3359
spk_ver/v07/v0744	SES129	-8.1968	-57.8284	-49.6316
spk_ver/v07/v0745	SES180	1.36968	-46.5781	-47.9477
spk_ver/v07/v0746	SES129	-1.8167	-48.8262	-47.0095
spk_ver/v07/v0747	SES292	0.539146	-46.4841	-47.0232
spk_ver/v07/v0748	SES202	1.99402	-45.7233	-47.7174
spk_ver/v07/v0749	SES270	1.61142	-45.9329	-47.5444
spk_ver/v07/v0750	SES129	-4.16742	-51.5276	-47.3602
spk_ver/v07/v0751	SES129	-4.77023	-51.2039	-46.4336
spk_ver/v07/v0752	SES060	0.043869	-47.2182	-47.2621
spk_ver/v07/v0753	SES129	-6.21274	-54.5921	-48.3793
spk_ver/v07/v0754	SES129	-11.2519	-62.2568	-51.0049
spk_ver/v07/v0755	SES129	-5.26577	-53.874	-48.6082
spk_ver/v07/v0756	SES175	1.0796	-46.9316	-48.0112
spk_ver/v07/v0757	SES129	-5.1689	-53.5424	-48.3735
spk_ver/v07/v0758	SES129	-6.15665	-53.7759	-47.6193
spk_ver/v07/v0759	SES129	-5.78447	-51.6861	-45.9016
spk_ver/v07/v0760	SES129	-4.8154	-52.6637	-47.8484
spk_ver/v07/v0761	SES129	-3.87049	-49.5344	-45.6639
spk_ver/v07/v0762	SES172	1.05053	-46.7428	-47.7934
spk_ver/v07/v0763	SES129	-6.23805	-55.9133	-49.6752
spk_ver/v07/v0764	SES129	-7.07542	-53.9458	-46.8704
spk_ver/v07/v0765	SES175	1.48785	-47.2747	-48.7626
spk_ver/v07/v0766	SES129	-4.73606	-51.1702	-46.4342
spk_ver/v07/v0767	SES129	-4.28029	-51.6852	-47.4049
spk_ver/v07/v0768	SES042	1.62594	-45.0362	-46.6622
spk_ver/v07/v0769	SES099	1.65843	-46.6256	-48.284
spk_ver/v07/v0770	SES142	-4.91427	-53.1186	-48.2043
spk_ver/v07/v0771	SES142	-7.65174	-55.2808	-47.629
spk_ver/v07/v0772	SES101	0.205299	-46.4369	-46.6422
spk_ver/v07/v0773	SES142	-11.8693	-59.6864	-47.8171
spk_ver/v07/v0774	SES142	-6.4108	-55.6208	-49.21
spk_ver/v07/v0775	SES142	-3.57119	-51.9929	-48.4217
spk_ver/v07/v0776	SES142	-4.15899	-51.1047	-46.9457
spk_ver/v07/v0777	SES142	-5.44019	-53.5859	-48.1457
spk_ver/v07/v0778	SES142	-2.36502	-51.6594	-49.2943
spk_ver/v07/v0779	SES142	-13.3234	-61.0384	-47.715
spk_ver/v07/v0780	SES142	-8.66294	-57.4814	-48.8185
spk_ver/v07/v0781	SES142	-13.6774	-61.5145	-47.8371
spk_ver/v07/v0782	SES101	0.525959	-46.8637	-47.3897
spk_ver/v07/v0783	SES142	-9.16508	-56.7117	-47.5466
spk_ver/v07/v0784	SES187	1.3645	-46.4922	-47.8567
spk_ver/v07/v0785	SES143	0.866535	-47.7867	-48.6533
spk_ver/v07/v0786	SES142	-5.00805	-53.1212	-48.1132
spk_ver/v07/v0787	SES144	0.731369	-47.2554	-47.9868
spk_ver/v07/v0788	SES275	0.721874	-46.8411	-47.5629
spk_ver/v07/v0789	SES142	-4.39677	-51.8464	-47.4496
spk_ver/v07/v0790	SES099	1.27777	-45.7749	-47.0526
spk_ver/v07/v0791	SES142	-13.9129	-61.1191	-47.2062
spk_ver/v07/v0792	SES142	-8.36757	-54.6908	-46.3232
spk_ver/v07/v0793	SES142	-11.5564	-59.5793	-48.0229
spk_ver/v07/v0794	SES014	1.64227	-44.5499	-46.1922
spk_ver/v07/v0795	SES142	-10.6974	-57.432	-46.7346
spk_ver/v07/v0796	SES142	-6.01263	-53.4596	-47.447
spk_ver/v07/v0797	SES143	-0.620239	-47.6398	-47.0195
spk_ver/v07/v0798	SES206	1.41858	-44.7546	-46.1732
spk_ver/v07/v0799	SES143	-7.23846	-55.2421	-48.0037
spk_ver/v08/v0800	SES143	-1.51682	-49.8466	-48.3297
spk_ver/v08/v0801	SES143	-1.46096	-48.5367	-47.0758
spk_ver/v08/v0802	SES143	-4.17427	-51.8028	-47.6285
spk_ver/v08/v0803	SES143	-4.33339	-51.6679	-47.3345
spk_ver/v08/v0804	SES143	-6.42249	-54.7017	-48.2792
spk_ver/v08/v0805	SES143	-6.66809	-55.4511	-48.783
spk_ver/v08/v0806	SES143	-3.45528	-52.6291	-49.1738
spk_ver/v08/v0807	SES177	0.253998	-47.0882	-47.3422
spk_ver/v08/v0808	SES149	1.47906	-46.0405	-47.5196
spk_ver/v08/v0809	SES143	-9.23852	-56.3506	-47.1121
spk_ver/v08/v0810	SES158	1.385	-46.2582	-47.6432
spk_ver/v08/v0811	SES143	-3.13329	-54.1982	-51.0649
spk_ver/v08/v0812	SES062	1.56741	-44.8184	-46.3859
spk_ver/v08/v0813	SES259	2.47643	-44.9652	-47.4416
spk_ver/v08/v0814	SES143	-7.86467	-54.1728	-46.3081
spk_ver/v08/v0815	SES143	-5.18697	-52.7924	-47.6054
spk_ver/v08/v0816	SES143	-1.76403	-48.9258	-47.1618
spk_ver/v08/v0817	SES144	0.841892	-47.5501	-48.392
spk_ver/v08/v0818	SES143	-1.51189	-49.2791	-47.7672
spk_ver/v08/v0819	SES143	-3.3805	-51.3919	-48.0114
spk_ver/v08/v0820	SES143	-1.29002	-47.2505	-45.9605
spk_ver/v08/v0821	SES143	-1.37044	-50.4497	-49.0793
spk_ver/v08/v0822	SES143	-5.56311	-52.9202	-47.3571
spk_ver/v08/v0823	SES104	1.24142	-45.4409	-46.6824
spk_ver/v08/v0824	SES143	-4.03418	-52.233	-48.1988
spk_ver/v08/v0825	SES143	-5.29247	-52.1876	-46.8951
spk_ver/v08/v0826	SES144	-5.71802	-52.5111	-46.793
spk_ver/v08/v0827	SES144	-1.70212	-48.7728	-47.0707
spk_ver/v08/v0828	SES144	-0.417171	-47.4779	-47.0607
spk_ver/v08/v0829	SES172	0.610455	-47.0393	-47.6497
spk_ver/v08/v0830	SES144	-0.174435	-47.8755	-47.701
spk_ver/v08/v0831	SES183	1.17257	-47.654	-48.8266
spk_ver/v08/v0832	SES144	-5.59628	-54.5787	-48.9824
spk_ver/v08/v0833	SES144	-5.85783	-52.9795	-47.1217
spk_ver/v08/v0834	SES144	-1.15984	-48.6509	-47.491
spk_ver/v08/v0835	SES144	-2.72979	-51.2284	-48.4986
spk_ver/v08/v0836	SES144	-2.07503	-49.431	-47.356
spk_ver/v08/v0837	SES144	-3.81982	-49.6691	-45.8493
spk_ver/v08/v0838	SES144	-3.67464	-52.8617	-49.187
spk_ver/v08/v0839	SES085	0.418369	-46.4013	-46.8197
spk_ver/v08/v0840	SES144	-0.943611	-48.5055	-47.5619
spk_ver/v08/v0841	SES144	-6.3796	-55.1204	-48.7408
spk_ver/v08/v0842	SES144	-5.42168	-52.1799	-46.7582
spk_ver/v08/v0843	SES144	-0.0934219	-47.2118	-47.1184
spk_ver/v08/v0844	SES144	-3.18608	-50.6868	-47.5008
spk_ver/v08/v0845	SES144	-6.34376	-53.3302	-46.9865
spk_ver/v08/v0846	SES104	0.802795	-46.6794	-47.4822
spk_ver/v08/v0847	SES144	-7.50442	-56.3703	-48.8659
spk_ver/v08/v0848	SES144	-1.98997	-53.3052	-51.3152
spk_ver/v08/v0849	SES144	-7.18085	-54.1188	-46.938
spk_ver/v08/v0850	SES144	-4.86762	-51.8918	-47.0242
spk_ver/v08/v0851	SES144	-2.65779	-49.7408	-47.083
spk_ver/v08/v0852	SES144	-1.32298	-48.0482	-46.7252
spk_ver/v08/v0853	SES144	-7.9566	-55.0738	-47.1172
spk_ver/v08/v0854	SES144	-1.29241	-49.3018	-48.0094
spk_ver/v08/v0855	SES144	-0.146229	-46.4156	-46.2694
spk_ver/v08/v0856	SES082	0.159172	-49.1006	-49.2598
spk_ver/v08/v0857	SES142	2.98209	-45.048	-48.0301
spk_ver/v08/v0858	SES144	-0.643562	-50.0058	-49.3623
spk_ver/v08/v0859	SES144	-0.518074	-48.7977	-48.2797
spk_ver/v08/v0860	SES146	-4.79768	-52.7951	-47.9974
spk_ver/v08/v0861	SES146	-3.40752	-51.0898	-47.6822
spk_ver/v08/v0862	SES146	-5.40517	-53.833	-48.4278
spk_ver/v08/v0863	SES146	-3.87781	-52.6368	-48.759
spk_ver/v08/v0864	SES146	-4.20945	-51.2211	-47.0116
spk_ver/v08/v0865	SES008	1.98336	-44.7144	-46.6977
spk_ver/v08/v0866	SES142	1.55619	-46.5228	-48.079
spk_ver/v08/v0867	SES146	-3.83577	-50.9383	-47.1025
spk_ver/v08/v0868	SES082	2.07943	-44.3572	-46.4366
spk_ver/v08/v0869	SES146	-2.25552	-48.6192	-46.3636
spk_ver/v08/v0870	SES146	-5.11621	-53.0091	-47.8929
spk_ver/v08/v0871	SES146	-4.11612	-51.3418	-47.2257
spk_ver/v08/v0872	SES146	-4.38193	-52.8279	-48.446
spk_ver/v08/v0873	SES082	1.2504	-44.7911	-46.0415
spk_ver/v08/v0874	SES146	-3.93712	-53.353	-49.4158
spk_ver/v08/v0875	SES144	0.757561	-47.7017	-48.4593
spk_ver/v08/v0876	SES146	-2.34811	-48.4153	-46.0672
spk_ver/v08/v0877	SES146	-3.75537	-51.473	-47.7177
spk_ver/v08/v0878	SES146	-2.96432	-50.8442	-47.8799
spk_ver/v08/v0879	SES146	-4.14323	-51.8796	-47.7363
spk_ver/v08/v0880	SES146	-4.31577	-53.0448	-48.7291
spk_ver/v08/v0881	SES143	0.958691	-46.8538	-47.8125
spk_ver/v08/v0882	SES146	-1.62859	-50.1533	-48.5247
spk_ver/v08/v0883	SES147	-2.66252	-49.4542	-46.7917
spk_ver/v08/v0884	SES147	-0.725258	-48.4024	-47.6772
spk_ver/v08/v0885	SES016	0.999012	-46.7276	-47.7267
spk_ver/v08/v0886	SES147	-0.611759	-49.4018	-48.79
spk_ver/v08/v0887	SES147	-1.65921	-49.873	-48.2138
spk_ver/v08/v0888	SES147	-1.35689	-49.9697	-48.6128
spk_ver/v08/v0889	SES019	1.30985	-46.0696	-47.3794
spk_ver/v08/v0890	SES147	-3.67963	-53.2526	-49.573
spk_ver/v08/v0891	SES147	-3.83894	-50.9188	-47.0798
spk_ver/v08/v0892	SES147	-2.05383	-50.057	-48.0031
spk_ver/v08/v0893	SES270	2.0648	-46.6449	-48.7097
spk_ver/v08/v0894	SES029	0.435787	-47.211	-47.6468
spk_ver/v08/v0895	SES147	-1.02011	-50.5573	-49.5372
spk_ver/v08/v0896	SES117	0.731529	-48.0138	-48.7453
spk_ver/v08/v0897	SES183	1.99745	-47.8819	-49.8793
spk_ver/v08/v0898	SES147	-5.23994	-51.9283	-46.6884
spk_ver/v08/v0899	SES147	-1.61086	-51.2493	-49.6384
spk_ver/v09/v0900	SES087	1.06718	-45.4595	-46.5266
spk_ver/v09/v0901	SES147	-7.98847	-55.6986	-47.7101
spk_ver/v09/v0902	SES147	-4.79862	-52.3972	-47.5985
spk_ver/v09/v0903	SES147	-1.61754	-49.0945	-47.4769
spk_ver/v09/v0904	SES147	-5.30155	-52.6002	-47.2987
spk_ver/v09/v0905	SES143	0.940323	-47.1517	-48.092
spk_ver/v09/v0906	SES149	0.556866	-46.559	-47.1159
spk_ver/v09/v0907	SES148	-2.32095	-50.389	-48.0681
spk_ver/v09/v0908	SES148	-0.227921	-47.828	-47.6
spk_ver/v09/v0909	SES106	1.80867	-46.4739	-48.2825
spk_ver/v09/v0910	SES148	-0.676231	-50.0165	-49.3403
spk_ver/v09/v0911	SES148	-4.35175	-51.57	-47.2183
spk_ver/v09/v0912	SES142	1.48232	-46.8028	-48.2852
spk_ver/v09/v0913	SES148	-4.89722	-52.5745	-47.6773
spk_ver/v09/v0914	SES148	-3.29392	-50.2112	-46.9173
spk_ver/v09/v0915	SES148	-2.99557	-52.4479	-49.4523
spk_ver/v09/v0916	SES148	-3.03433	-52.1699	-49.1356
spk_ver/v09/v0917	SES148	0.981457	-46.83	-47.8114
spk_ver/v09/v0918	SES148	-0.460323	-47.532	-47.0717
spk_ver/v09/v0919	SES270	1.27477	-46.7988	-48.0735
spk_ver/v09/v0920	SES148	-2.29259	-49.4096	-47.117
spk_ver/v09/v0921	SES148	-3.68198	-50.8073	-47.1253
spk_ver/v09/v0922	SES129	0.541122	-46.7448	-47.286
spk_ver/v09/v0923	SES117	1.26999	-46.378	-47.648
spk_ver/v09/v0924	SES042	2.95104	-44.1655	-47.1165
spk_ver/v09/v0925	SES148	-4.70815	-54.029	-49.3209
spk_ver/v09/v0926	SES148	-6.11058	-54.3651	-48.2545
spk_ver/v09/v0927	SES144	0.831795	-47.1621	-47.9939
spk_ver/v09/v0928	SES007	0.552841	-47.6719	-48.2248
spk_ver/v09/v0929	SES148	-2.03743	-48.8157	-46.7783
spk_ver/v09/v0930	SES148	-1.7995	-48.6954	-46.8959
spk_ver/v09/v0931	SES148	-2.4622	-51.4341	-48.9719
spk_ver/v09/v0932	SES202	2.68607	-45.3388	-48.0249
spk_ver/v09/v0933	SES148	-0.497269	-47.76	-47.2627
spk_ver/v09/v0934	SES148	-4.52662	-51.8754	-47.3487
spk_ver/v09/v0935	SES060	1.39268	-45.5944	-46.9871
spk_ver/v09/v0936	SES060	1.94003	-46.3197	-48.2598
spk_ver/v09/v0937	SES148	-1.85169	-49.647	-47.7953
spk_ver/v09/v0938	SES148	-2.38715	-50.7531	-48.366
spk_ver/v09/v0939	SES148	-3.68109	-50.2729	-46.5918
spk_ver/v09/v0940	SES148	-3.79481	-50.4624	-46.6676
spk_ver/v09/v0941	SES149	-2.80836	-50.2937	-47.4853
spk_ver/v09/v0942	SES149	-10.0474	-57.1178	-47.0704
spk_ver/v09/v0943	SES149	-10.1796	-58.2371	-48.0575
spk_ver/v09/v0944	SES149	-2.1743	-49.5233	-47.349
spk_ver/v09/v0945	SES105	0.696751	-46.6815	-47.3783
spk_ver/v09/v0946	SES149	-4.55899	-51.27	-46.711
spk_ver/v09/v0947	SES149	-9.344	-59.249	-49.905
spk_ver/v09/v0948	SES149	-11.5871	-58.5983	-47.0112
spk_ver/v09/v0949	SES149	-6.4318	-52.0206	-45.5888
spk_ver/v09/v0950	SES226	0.97364	-45.2937	-46.2673
spk_ver/v09/v0951	SES149	-12.1721	-60.5833	-48.4112
spk_ver/v09/v0952	SES149	-6.72416	-54.2027	-47.4786
spk_ver/v09/v0953	SES062	1.05534	-45.4283	-46.4836
spk_ver/v09/v0954	SES149	-13.3142	-61.8719	-48.5577
spk_ver/v09/v0955	SES048	0.740509	-45.9333	-46.6738
spk_ver/v09/v0956	SES158	-1.05369	-48.4211	-47.3674
spk_ver/v09/v0957	SES158	-5.94202	-56.1894	-50.2474
spk_ver/v09/v0958	SES158	-0.816868	-46.8538	-46.0369
spk_ver/v09/v0959	SES158	-2.56611	-49.7859	-47.2198
spk_ver/v09/v0960	SES158	-8.10623	-56.8297	-48.7234
spk_ver/v09/v0961	SES147	1.31855	-47.3841	-48.7026
spk_ver/v09/v0962	SES158	-12.0904	-60.6695	-48.5791
spk_ver/v09/v0963	SES292	0.804962	-46.7504	-47.5554
spk_ver/v09/v0964	SES060	1.21078	-45.2897	-46.5005
spk_ver/v09/v0965	SES002	1.46296	-46.1489	-47.6119
spk_ver/v09/v0966	SES149	1.51015	-45.6308	-47.1409
spk_ver/v09/v0967	SES158	-9.74487	-58.6146	-48.8698
spk_ver/v09/v0968	SES158	-3.74818	-51.7011	-47.9529
spk_ver/v09/v0969	SES275	0.0188217	-48.3462	-48.365
spk_ver/v09/v0970	SES158	-10.3527	-57.58	-47.2273
spk_ver/v09/v0971	SES158	-9.09832	-56.6532	-47.5549
spk_ver/v09/v0972	SES002	1.89156	-45.2378	-47.1293
spk_ver/v09/v0973	SES158	-11.4021	-59.008	-47.6059
spk_ver/v09/v0974	SES202	1.85294	-45.5001	-47.3531
spk_ver/v09/v0975	SES158	-12.6943	-61.2251	-48.5308
spk_ver/v09/v0976	SES158	-0.113415	-47.6686	-47.5552
spk_ver/v09/v0977	SES162	-1.25758	-48.8411	-47.5835
spk_ver/v09/v0978	SES162	-7.59492	-55.5616	-47.9666
spk_ver/v09/v0979	SES162	-7.71061	-55.3073	-47.5967
spk_ver/v09/v0980	SES162	-2.39332	-51.2396	-48.8463
spk_ver/v09/v0981	SES162	-3.65097	-52.7666	-49.1156
spk_ver/v09/v0982	SES259	2.42527	-44.576	-47.0012
spk_ver/v09/v0983	SES162	-4.53984	-56.0642	-51.5243
spk_ver/v09/v0984	SES162	-2.33317	-49.3807	-47.0476
spk_ver/v09/v0985	SES162	-1.15777	-48.3646	-47.2068
spk_ver/v09/v0986	SES062	1.36618	-45.1817	-46.5479
spk_ver/v09/v0987	SES162	-1.02228	-49.2597	-48.2374
spk_ver/v09/v0988	SES162	-5.61241	-52.8324	-47.22
spk_ver/v09/v0989	SES162	-6.02315	-55.0707	-49.0475
spk_ver/v09/v0990	SES162	-5.26519	-53.1744	-47.9093
spk_ver/v09/v0991	SES087	1.72303	-45.5818	-47.3049
spk_ver/v09/v0992	SES120	0.270073	-47.7489	-48.0189
spk_ver/v09/v0993	SES162	-5.37907	-52.1484	-46.7694
spk_ver/v09/v0994	SES162	-2.0575	-49.1388	-47.0813
spk_ver/v09/v0995	SES162	-5.06189	-51.6055	-46.5436
spk_ver/v09/v0996	SES162	-2.45571	-48.3339	-45.8782
spk_ver/v09/v0997	SES162	-6.57919	-53.8643	-47.2851
spk_ver/v09/v0998	SES162	-3.93616	-53.0592	-49.123
spk_ver/v09/v0999	SES162	-1.26295	-47.3525	-46.0895
spk_ver/v10/v1000	SES162	-5.42993	-52.0635	-46.6336
spk_ver/v10/v1001	SES148	1.54653	-46.5944	-48.1409
spk_ver/v10/v1002	SES162	-0.536469	-48.7776	-48.2411
spk_ver/v10/v1003	SES162	-2.4651	-50.8117	-48.3466
spk_ver/v10/v1004	SES162	-4.05236	-52.63	-48.5776
spk_ver/v10/v1005	SES162	-6.56773	-54.5796	-48.0119
spk_ver/v10/v1006	SES162	-5.89506	-53.8006	-47.9056
spk_ver/v10/v1007	SES162	-2.22903	-50.7089	-48.4798
spk_ver/v10/v1008	SES162	-6.05725	-56.0968	-50.0396
spk_ver/v10/v1009	SES162	-6.3371	-53.3022	-46.9651
spk_ver/v10/v1010	SES167	-7.28283	-56.1531	-48.8702
spk_ver/v10/v1011	SES167	-0.415936	-48.6433	-48.2274
spk_ver/v10/v1012	SES167	-2.49047	-51.4614	-48.9709
spk_ver/v10/v1013	SES167	-10.964	-58.3079	-47.3439
spk_ver/v10/v1014	SES167	-2.1616	-48.6974	-46.5358
spk_ver/v10/v1015	SES167	-1.2275	-48.6876	-47.4601
spk_ver/v10/v1016	SES167	-2.00018	-49.5077	-47.5075
spk_ver/v10/v1017	SES167	-2.56273	-50.1059	-47.5432
spk_ver/v10/v1018	SES167	-4.31019	-51.9279	-47.6177
spk_ver/v10/v1019	SES167	-3.11133	-50.0633	-46.952
spk_ver/v10/v1020	SES167	-10.4458	-57.8754	-47.4296
spk_ver/v10/v1021	SES167	-1.23187	-51.1489	-49.917
spk_ver/v10/v1022	SES167	-5.67187	-53.553	-47.8811
spk_ver/v10/v1023	SES167	-5.66694	-55.2347	-49.5678
spk_ver/v10/v1024	SES167	-5.98024	-57.1583	-51.1781
spk_ver/v10/v1025	SES167	-2.15824	-48.9706	-46.8123
spk_ver/v10/v1026	SES167	-3.05493	-51.0218	-47.9669
spk_ver/v10/v1027	SES167	-2.61448	-49.5552	-46.9408
spk_ver/v10/v1028	SES167	-9.28754	-56.2557	-46.9682
spk_ver/v10/v1029	SES167	-5.04061	-53.0527	-48.0121
spk_ver/v10/v1030	SES167	-6.98483	-53.9288	-46.944
spk_ver/v10/v1031	SES167	-8.41005	-56.1399	-47.7298
spk_ver/v10/v1032	SES167	-9.13155	-54.8656	-45.734
spk_ver/v10/v1033	SES167	-8.65765	-55.0785	-46.4209
spk_ver/v10/v1034	SES002	1.8461	-44.1506	-45.9967
spk_ver/v10/v1035	SES167	-3.3166	-50.4666	-47.15
spk_ver/v10/v1036	SES083	0.961349	-46.2911	-47.2524
spk_ver/v10/v1037	SES167	-3.38877	-51.2974	-47.9086
spk_ver/v10/v1038	SES167	-2.79287	-53.1871	-50.3942
spk_ver/v10/v1039	SES167	-3.08155	-51.2532	-48.1717
spk_ver/v10/v1040	SES167	-11.7752	-59.0893	-47.3141
spk_ver/v10/v1041	SES167	-0.851826	-49.3197	-48.4679
spk_ver/v10/v1042	SES087	1.86473	-45.948	-47.8127
spk_ver/v10/v1043	SES029	1.06408	-46.5509	-47.6149
spk_ver/v10/v1044	SES206	1.04105	-45.7149	-46.756
spk_ver/v10/v1045	SES172	-2.74337	-51.7953	-49.0519
spk_ver/v10/v1046	SES172	1.23076	-45.6726	-46.9034
spk_ver/v10/v1047	SES172	-2.59842	-50.2889	-47.6905
spk_ver/v10/v1048	SES259	3.13045	-44.522	-47.6525
spk_ver/v10/v1049	SES172	-5.5034	-52.4931	-46.9897
spk_ver/v10/v1050	SES120	1.15485	-47.1681	-48.3229
spk_ver/v10/v1051	SES172	-2.54028	-49.4762	-46.936
spk_ver/v10/v1052	SES172	-4.1543	-51.9386	-47.7843
spk_ver/v10/v1053	SES172	-3.92691	-52.9725	-49.0456
spk_ver/v10/v1054	SES172	-3.14059	-51.6302	-48.4896
spk_ver/v10/v1055	SES189	1.88506	-49.1061	-50.9911
spk_ver/v10/v1056	SES172	-4.66018	-52.0902	-47.43
spk_ver/v10/v1057	SES172	-1.1874	-48.7309	-47.5435
spk_ver/v10/v1058	SES172	-2.56601	-49.8532	-47.2872
spk_ver/v10/v1059	SES172	-2.06183	-49.8521	-47.7903
spk_ver/v10/v1060	SES029	0.389206	-46.6814	-47.0706
spk_ver/v10/v1061	SES175	-10.9964	-58.4997	-47.5034
spk_ver/v10/v1062	SES187	0.52549	-46.4752	-47.0007
spk_ver/v10/v1063	SES019	2.82903	-46.4827	-49.3117
spk_ver/v10/v1064	SES175	-8.03621	-55.4684	-47.4322
spk_ver/v10/v1065	SES175	-8.09272	-55.5921	-47.4994
spk_ver/v10/v1066	SES175	-7.72605	-56.938	-49.212
spk_ver/v10/v1067	SES175	-2.80402	-51.1932	-48.3891
spk_ver/v10/v1068	SES175	-8.94243	-56.2064	-47.2639
spk_ver/v10/v1069	SES016	2.34985	-44.9614	-47.3112
spk_ver/v10/v1070	SES175	-3.15929	-52.1799	-49.0206
spk_ver/v10/v1071	SES175	-3.53519	-49.7642	-46.229
spk_ver/v10/v1072	SES175	-10.532	-57.8998	-47.3678
spk_ver/v10/v1073	SES029	0.157093	-47.2012	-47.3583
spk_ver/v10/v1074	SES175	-6.27227	-53.7267	-47.4544
spk_ver/v10/v1075	SES175	-0.831581	-48.1379	-47.3064
spk_ver/v10/v1076	SES175	-0.216103	-46.9616	-46.7455
spk_ver/v10/v1077	SES175	-7.0131	-52.9213	-45.9082
spk_ver/v10/v1078	SES127	1.25726	-45.5411	-46.7983
spk_ver/v10/v1079	SES175	-5.90991	-52.0496	-46.1397
spk_ver/v10/v1080	SES175	-1.02048	-49.7882	-48.7677
spk_ver/v10/v1081	SES175	-6.80866	-54.9317	-48.1231
spk_ver/v10/v1082	SES175	-5.03631	-51.835	-46.7987
spk_ver/v10/v1083	SES007	0.935032	-46.9112	-47.8462
spk_ver/v10/v1084	SES068	0.518581	-46.268	-46.7865
spk_ver/v10/v1085	SES008	1.0916	-45.7308	-46.8224
spk_ver/v10/v1086	SES175	-1.2786	-47.607	-46.3284
spk_ver/v10/v1087	SES175	-5.30173	-52.7775	-47.4758
spk_ver/v10/v1088	SES008	1.64405	-45.5911	-47.2352
spk_ver/v10/v1089	SES177	-4.26783	-50.0205	-45.7527
spk_ver/v10/v1090	SES177	-6.17676	-52.8723	-46.6956
spk_ver/v10/v1091	SES177	-5.71816	-53.6083	-47.8902
spk_ver/v10/v1092	SES177	-0.846878	-48.7508	-47.9039
spk_ver/v10/v1093	SES177	-7.744	-55.1584	-47.4144
spk_ver/v10/v1094	SES002	1.68221	-45.4303	-47.1125
spk_ver/v10/v1095	SES104	1.06915	-46.4763	-47.5455
spk_ver/v10/v1096	SES177	-2.8533	-50.0305	-47.1772
spk_ver/v10/v1097	SES177	-2.94263	-52.5672	-49.6246
spk_ver/v10/v1098	SES177	-3.29591	-50.9585	-47.6626
spk_ver/v10/v1099	SES177	-0.522617	-47.8512	-47.3286
spk_ver/v11/v1100	SES177	-5.96003	-53.6771	-47.717
spk_ver/v11/v1101	SES085	-0.125141	-46.767	-46.6418
spk_ver/v11/v1102	SES187	1.44279	-46.5824	-48.0252
spk_ver/v11/v1103	SES177	-1.4355	-49.3009	-47.8654
spk_ver/v11/v1104	SES177	1.46013	-45.8632	-47.3233
spk_ver/v11/v1105	SES177	-0.479191	-47.1288	-46.6496
spk_ver/v11/v1106	SES177	-3.87468	-51.0434	-47.1688
spk_ver/v11/v1107	SES177	-1.34256	-48.4142	-47.0716
spk_ver/v11/v1108	SES177	-0.494965	-48.2143	-47.7193
spk_ver/v11/v1109	SES125	2.02491	-44.9066	-46.9315
spk_ver/v11/v1110	SES177	-4.74083	-51.958	-47.2172
spk_ver/v11/v1111	SES177	-2.71859	-50.1531	-47.4345
spk_ver/v11/v1112	SES177	-4.8551	-51.4213	-46.5662
spk_ver/v11/v1113	SES177	-7.24528	-53.9434	-46.6981
spk_ver/v11/v1114	SES177	-1.55936	-50.5031	-48.9437
spk_ver/v11/v1115	SES177	-3.13986	-51.9791	-48.8393
spk_ver/v11/v1116	SES085	1.10785	-45.532	-46.6398
spk_ver/v11/v1117	SES147	0.430527	-47.5977	-48.0283
spk_ver/v11/v1118	SES177	-1.12939	-49.2992	-48.1699
spk_ver/v11/v1119	SES177	-5.13127	-52.2116	-47.0803
spk_ver/v11/v1120	SES180	-8.2939	-55.4288	-47.1349
spk_ver/v11/v1121	SES189	1.38208	-48.1864	-49.5684
spk_ver/v11/v1122	SES117	0.943748	-50.1251	-51.0688
spk_ver/v11/v1123	SES129	2.56659	-44.8713	-47.4379
spk_ver/v11/v1124	SES180	-2.98413	-51.3492	-48.3651
spk_ver/v11/v1125	SES180	-2.00536	-49.0941	-47.0887
spk_ver/v11/v1126	SES180	-0.803383	-48.3083	-47.5049
spk_ver/v11/v1127	SES180	-2.60873	-51.0432	-48.4345
spk_ver/v11/v1128	SES016	1.36559	-47.2715	-48.6371
spk_ver/v11/v1129	SES158	0.665127	-45.6095	-46.2746
spk_ver/v11/v1130	SES180	-3.62479	-51.2854	-47.6606
spk_ver/v11/v1131	SES180	-6.03932	-52.2578	-46.2185
spk_ver/v11/v1132	SES180	-2.80177	-52.4395	-49.6377
spk_ver/v11/v1133	SES180	-7.12989	-53.7283	-46.5984
spk_ver/v11/v1134	SES180	-4.35046	-52.8773	-48.5268
spk_ver/v11/v1135	SES180	-1.71519	-48.5116	-46.7965
spk_ver/v11/v1136	SES180	-8.53319	-57.2333	-48.7001
spk_ver/v11/v1137	SES148	0.558548	-46.7646	-47.3232
spk_ver/v11/v1138	SES104	1.31698	-44.5957	-45.9127
spk_ver/v11/v1139	SES180	-8.76593	-56.2849	-47.5189
spk_ver/v11/v1140	SES083	0.657116	-46.7705	-47.4276
spk_ver/v11/v1141	SES180	-6.44956	-53.7828	-47.3333
spk_ver/v11/v1142	SES180	-3.62825	-51.7588	-48.1306
spk_ver/v11/v1143	SES180	-2.85143	-51.8341	-48.9826
spk_ver/v11/v1144	SES099	1.42523	-46.6884	-48.1137
spk_ver/v11/v1145	SES180	-2.22116	-49.9882	-47.767
spk_ver/v11/v1146	SES183	-3.75025	-52.2223	-48.472
spk_ver/v11/v1147	SES183	-1.48419	-48.9977	-47.5135
spk_ver/v11/v1148	SES183	-7.69597	-56.6458	-48.9499
spk_ver/v11/v1149	SES183	-8.10752	-55.8084	-47.7009
spk_ver/v11/v1150	SES183	-6.65554	-55.1399	-48.4843
spk_ver/v11/v1151	SES082	1.26807	-45.7554	-47.0234
spk_ver/v11/v1152	SES183	-3.57335	-52.7228	-49.1495
spk_ver/v11/v1153	SES183	-3.61626	-50.8897	-47.2734
spk_ver/v11/v1154	SES002	1.90685	-44.4384	-46.3453
spk_ver/v11/v1155	SES183	-2.91385	-51.7177	-48.8039
spk_ver/v11/v1156	SES183	-6.21256	-55.1732	-48.9606
spk_ver/v11/v1157	SES183	-6.33463	-52.7845	-46.4499
spk_ver/v11/v1158	SES183	-0.757603	-48.222	-47.4644
spk_ver/v11/v1159	SES183	-2.72491	-51.1285	-48.4036
spk_ver/v11/v1160	SES183	-10.1598	-57.4205	-47.2607
spk_ver/v11/v1161	SES183	-6.88872	-55.8615	-48.9727
spk_ver/v11/v1162	SES105	1.63388	-46.38	-48.0139
spk_ver/v11/v1163	SES183	-7.81611	-54.624	-46.8079
spk_ver/v11/v1164	SES259	2.1022	-45.2296	-47.3318
spk_ver/v11/v1165	SES183	-2.83297	-52.1011	-49.2681
spk_ver/v11/v1166	SES183	-7.32156	-54.0815	-46.7599
spk_ver/v11/v1167	SES183	-4.06749	-52.2691	-48.2016
spk_ver/v11/v1168	SES183	-3.44897	-50.6813	-47.2324
spk_ver/v11/v1169	SES183	-7.22725	-54.3224	-47.0951
spk_ver/v11/v1170	SES183	-6.38369	-53.876	-47.4923
spk_ver/v11/v1171	SES183	-11.3805	-60.0914	-48.711
spk_ver/v11/v1172	SES187	-5.43242	-52.7925	-47.3601
spk_ver/v11/v1173	SES019	2.84402	-46.2095	-49.0536
spk_ver/v11/v1174	SES187	-6.52543	-55.138	-48.6125
spk_ver/v11/v1175	SES187	-1.78196	-50.9312	-49.1493
spk_ver/v11/v1176	SES083	0.39085	-45.7311	-46.1219
spk_ver/v11/v1177	SES187	-7.76211	-57.0617	-49.2996
spk_ver/v11/v1178	SES187	-5.70409	-53.1117	-47.4076
spk_ver/v11/v1179	SES187	-2.43936	-50.7729	-48.3336
spk_ver/v11/v1180	SES187	-1.11115	-49.2627	-48.1515
spk_ver/v11/v1181	SES187	-7.7377	-54.1494	-46.4117
spk_ver/v11/v1182	SES187	-1.24833	-48.1589	-46.9105
spk_ver/v11/v1183	SES187	-6.73735	-54.2246	-47.4873
spk_ver/v11/v1184	SES187	-0.117435	-47.8616	-47.7442
spk_ver/v11/v1185	SES127	1.7254	-46.1186	-47.844
spk_ver/v11/v1186	SES187	-1.19302	-48.3426	-47.1496
spk_ver/v11/v1187	SES187	-2.59486	-49.2183	-46.6235
spk_ver/v11/v1188	SES187	-0.92561	-50.506	-49.5804
spk_ver/v11/v1189	SES042	1.72614	-44.8863	-46.6124
spk_ver/v11/v1190	SES187	-0.870346	-47.6328	-46.7624
spk_ver/v11/v1191	SES187	-6.92846	-56.4506	-49.5222
spk_ver/v11/v1192	SES187	-5.07193	-53.0131	-47.9412
spk_ver/v11/v1193	SES183	1.35218	-47.3637	-48.7159
spk_ver/v11/v1194	SES187	-1.96091	-50.5084	-48.5475
spk_ver/v11/v1195	SES187	-6.80124	-54.3611	-47.5599
spk_ver/v11/v1196	SES146	1.44248	-47.1023	-48.5447
spk_ver/v11/v1197	SES189	-7.14247	-54.588	-47.4455
spk_ver/v11/v1198	SES175	2.25663	-46.211	-48.4676
spk_ver/v11/v1199	SES189	-7.75113	-56.2669	-48.5158
spk_ver/v12/v1200	SES189	-2.30441	-48.6749	-46.3705
spk_ver/v12/v1201	SES177	1.46123	-45.8019	-47.2632
spk_ver/v12/v1202	SES189	-1.84563	-50.2865	-48.4409
spk_ver/v12/v1203	SES143	1.49786	-46.614	-48.1119
spk_ver/v12/v1204	SES189	-2.81483	-50.9678	-48.1529
spk_ver/v12/v1205	SES189	-1.76405	-48.989	-47.225
spk_ver/v12/v1206	SES189	-5.88629	-54.5975	-48.7112
spk_ver/v12/v1207	SES189	-4.79556	-52.1576	-47.3621
spk_ver/v12/v1208	SES189	-4.49134	-50.9491	-46.4577
spk_ver/v12/v1209	SES189	-6.66008	-54.9056	-48.2455
spk_ver/v12/v1210	SES189	-0.298569	-48.702	-48.4035
spk_ver/v12/v1211	SES062	1.86283	-44.8511	-46.7139
spk_ver/v12/v1212	SES189	-2.16668	-49.395	-47.2283
spk_ver/v12/v1213	SES048	1.38247	-45.7099	-47.0923
spk_ver/v12/v1214	SES042	2.67864	-44.0729	-46.7516
spk_ver/v12/v1215	SES008	1.65715	-45.0254	-46.6825
spk_ver/v12/v1216	SES202	-8.08173	-53.7482	-45.6664
spk_ver/v12/v1217	SES202	-2.99024	-52.2864	-49.2961
spk_ver/v12/v1218	SES085	1.0872	-44.3645	-45.4517
spk_ver/v12/v1219	SES202	-3.16167	-50.5881	-47.4265
spk_ver/v12/v1220	SES202	-5.23043	-52.6991	-47.4686
spk_ver/v12/v1221	SES202	-0.749565	-48.9434	-48.1939
spk_ver/v12/v1222	SES202	-12.3909	-60.4258	-48.0349
spk_ver/v12/v1223	SES158	0.638149	-46.0005	-46.6386
spk_ver/v12/v1224	SES202	-2.17783	-51.4472	-49.2694
spk_ver/v12/v1225	SES202	-10.8514	-57.5629	-46.7115
spk_ver/v12/v1226	SES202	-8.95168	-56.7087	-47.757
spk_ver/v12/v1227	SES202	-4.94823	-53.6822	-48.7339
spk_ver/v12/v1228	SES177	0.498062	-46.6196	-47.1176
spk_ver/v12/v1229	SES202	-7.70578	-55.7564	-48.0506
spk_ver/v12/v1230	SES202	-1.85349	-49.7428	-47.8893
spk_ver/v12/v1231	SES202	-7.49447	-56.8931	-49.3986
spk_ver/v12/v1232	SES202	-1.68656	-51.4397	-49.7531
spk_ver/v12/v1233	SES206	1.32375	-45.0657	-46.3894
spk_ver/v12/v1234	SES202	-9.61395	-57.1044	-47.4904
spk_ver/v12/v1235	SES202	-6.15358	-53.4902	-47.3366
spk_ver/v12/v1236	SES125	2.2684	-45.1068	-47.3752
spk_ver/v12/v1237	SES127	1.67316	-45.8989	-47.5721
spk_ver/v12/v1238	SES202	3.06602	-44.5224	-47.5884
spk_ver/v12/v1239	SES167	2.07818	-45.3742	-47.4524
spk_ver/v12/v1240	SES206	-14.6813	-63.4109	-48.7296
spk_ver/v12/v1241	SES206	-14.3108	-63.3751	-49.0643
spk_ver/v12/v1242	SES206	-1.52513	-48.4784	-46.9532
spk_ver/v12/v1243	SES206	-2.56317	-50.4422	-47.8791
spk_ver/v12/v1244	SES259	1.7993	-45.6792	-47.4785
spk_ver/v12/v1245	SES206	-5.18887	-53.5495	-48.3606
spk_ver/v12/v1246	SES206	-7.44873	-54.9825	-47.5337
spk_ver/v12/v1247	SES206	-0.836899	-48.163	-47.3261
spk_ver/v12/v1248	SES206	-16.9344	-66.26	-49.3256
spk_ver/v12/v1249	SES270	2.40598	-46.2867	-48.6927
spk_ver/v12/v1250	SES206	-11.9206	-60.3809	-48.4603
spk_ver/v12/v1251	SES206	-6.71238	-53.8813	-47.169
spk_ver/v12/v1252	SES206	-6.25187	-53.9344	-47.6826
spk_ver/v12/v1253	SES206	-2.26802	-48.7037	-46.4357
spk_ver/v12/v1254	SES206	-2.59902	-50.1969	-47.5979
spk_ver/v12/v1255	SES125	1.42196	-45.4223	-46.8442
spk_ver/v12/v1256	SES206	-19.2822	-67.1295	-47.8473
spk_ver/v12/v1257	SES206	-11.3664	-58.011	-46.6447
spk_ver/v12/v1258	SES206	-2.39617	-50.1442	-47.748
spk_ver/v12/v1259	SES206	-14.3646	-62.7791	-48.4144
spk_ver/v12/v1260	SES206	-17.8666	-66.7778	-48.9112
spk_ver/v12/v1261	SES206	-13.2703	-60.8814	-47.6111
spk_ver/v12/v1262	SES206	-16.5447	-64.4606	-47.9159
spk_ver/v12/v1263	SES206	-9.45689	-56.5108	-47.0539
spk_ver/v12/v1264	SES149	1.35342	-46.3107	-47.6641
spk_ver/v12/v1265	SES206	-1.14794	-49.9762	-48.8283
spk_ver/v12/v1266	SES206	-18.6843	-67.0104	-48.3261
spk_ver/v12/v1267	SES206	-1.87883	-51.4969	-49.6181
spk_ver/v12/v1268	SES206	-6.46094	-54.8319	-48.371
spk_ver/v12/v1269	SES206	-15.7042	-66.3665	-50.6623
spk_ver/v12/v1270	SES206	-23.4686	-73.5604	-50.0919
spk_ver/v12/v1271	SES226	-14.995	-63.8534	-48.8585
spk_ver/v12/v1272	SES226	-1.17554	-47.453	-46.2774
spk_ver/v12/v1273	SES226	-10.5873	-57.5125	-46.9252
spk_ver/v12/v1274	SES226	-10.5626	-58.6801	-48.1175
spk_ver/v12/v1275	SES226	-0.357574	-47.7259	-47.3683
spk_ver/v12/v1276	SES226	-9.41957	-57.4337	-48.0141
spk_ver/v12/v1277	SES226	-1.38766	-48.4795	-47.0918
spk_ver/v12/v1278	SES226	-0.640812	-47.9382	-47.2974
spk_ver/v12/v1279	SES226	-9.402	-56.2194	-46.8174
spk_ver/v12/v1280	SES226	-2.76012	-49.2812	-46.5211
spk_ver/v12/v1281	SES226	-1.58641	-49.6078	-48.0214
spk_ver/v12/v1282	SES226	-2.16986	-50.3392	-48.1693
spk_ver/v12/v1283	SES143	1.32414	-46.6678	-47.9919
spk_ver/v12/v1284	SES226	-6.42693	-53.257	-46.8301
spk_ver/v12/v1285	SES226	-1.98331	-49.3246	-47.3413
spk_ver/v12/v1286	SES226	-2.11805	-49.6553	-47.5373
spk_ver/v12/v1287	SES226	-4.1241	-52.2567	-48.1326
spk_ver/v12/v1288	SES226	-10.0099	-56.9912	-46.9813
spk_ver/v12/v1289	SES104	1.11224	-46.4887	-47.6009
spk_ver/v12/v1290	SES008	2.46377	-46.2053	-48.6691
spk_ver/v12/v1291	SES226	-2.1435	-48.9085	-46.765
spk_ver/v12/v1292	SES259	-6.12333	-54.0528	-47.9295
spk_ver/v12/v1293	SES062	1.49315	-45.3443	-46.8374
spk_ver/v12/v1294	SES099	1.00721	-47.2206	-48.2278
spk_ver/v12/v1295	SES158	0.979301	-46.6924	-47.6717
spk_ver/v12/v1296	SES259	-7.05209	-54.5376	-47.4855
spk_ver/v12/v1297	SES259	-5.8124	-53.9008	-48.0884
spk_ver/v12/v1298	SES259	-3.88605	-51.0448	-47.1587
spk_ver/v12/v1299	SES259	-9.59171	-56.9807	-47.3889
spk_ver/v13/v1300	SES120	1.27296	-46.7775	-48.0504
spk_ver/v13/v1301	SES259	-12.1962	-59.5783	-47.3821
spk_ver/v13/v1302	SES259	-11.4415	-59.4367	-47.9952
spk_ver/v13/v1303	SES129	1.72086	-46.0777	-47.7985
spk_ver/v13/v1304	SES259	-6.43272	-55.6443	-49.2116
spk_ver/v13/v1305	SES259	-4.84147	-54.8055	-49.9641
spk_ver/v13/v1306	SES106	0.946323	-46.2773	-47.2236
spk_ver/v13/v1307	SES259	-5.31352	-54.3117	-48.9982
spk_ver/v13/v1308	SES259	-2.68225	-49.5866	-46.9044
spk_ver/v13/v1309	SES259	-8.61968	-55.7924	-47.1728
spk_ver/v13/v1310	SES259	-6.90134	-53.7961	-46.8947
spk_ver/v13/v1311	SES259	-7.50364	-54.8	-47.2964
spk_ver/v13/v1312	SES259	-2.7733	-48.7352	-45.9619
spk_ver/v13/v1313	SES144	0.788586	-46.6283	-47.4169
spk_ver/v13/v1314	SES259	-10.5095	-58.3532	-47.8437
spk_ver/v13/v1315	SES162	1.63824	-45.7359	-47.3741
spk_ver/v13/v1316	SES206	0.955757	-45.4086	-46.3644
spk_ver/v13/v1317	SES175	1.73691	-47.0331	-48.77
spk_ver/v13/v1318	SES259	-10.8676	-59.3886	-48.521
spk_ver/v13/v1319	SES259	-11.6935	-59.8678	-48.1743
spk_ver/v13/v1320	SES270	-0.883362	-48.2017	-47.3183
spk_ver/v13/v1321	SES101	-0.159748	-46.7996	-46.6399
spk_ver/v13/v1322	SES177	1.96112	-45.3162	-47.2774
spk_ver/v13/v1323	SES127	1.75292	-44.8182	-46.5711
spk_ver/v13/v1324	SES270	-13.7154	-61.9177	-48.2023
spk_ver/v13/v1325	SES062	1.37894	-45.2348	-46.6137
spk_ver/v13/v1326	SES270	0.237492	-48.1716	-48.4091
spk_ver/v13/v1327	SES120	0.23032	-47.809	-48.0393
spk_ver/v13/v1328	SES270	-5.01554	-53.8941	-48.8785
spk_ver/v13/v1329	SES270	-7.67428	-54.765	-47.0907
spk_ver/v13/v1330	SES270	-1.43155	-49.9513	-48.5197
spk_ver/v13/v1331	SES270	-7.53312	-54.4353	-46.9022
spk_ver/v13/v1332	SES270	-0.577953	-46.9964	-46.4185
spk_ver/v13/v1333	SES270	-1.70834	-50.9022	-49.1938
spk_ver/v13/v1334	SES270	-4.0702	-51.3085	-47.2383
spk_ver/v13/v1335	SES270	-0.118523	-47.1498	-47.0313
spk_ver/v13/v1336	SES270	-2.12084	-49.2287	-47.1079
spk_ver/v13/v1337	SES016	1.51608	-45.5848	-47.1009
spk_ver/v13/v1338	SES270	-8.01964	-55.3388	-47.3191
spk_ver/v13/v1339	SES002	1.13519	-45.0592	-46.1944
spk_ver/v13/v1340	SES105	1.95562	-47.2566	-49.2123
spk_ver/v13/v1341	SES275	-3.50219	-52.6706	-49.1684
spk_ver/v13/v1342	SES187	1.71186	-46.5999	-48.3118
spk_ver/v13/v1343	SES275	-4.24754	-52.3871	-48.1396
spk_ver/v13/v1344	SES275	-4.34132	-52.6017	-48.2604
spk_ver/v13/v1345	SES275	-3.57752	-50.8821	-47.3045
spk_ver/v13/v1346	SES275	-6.13013	-54.005	-47.8748
spk_ver/v13/v1347	SES275	-4.83573	-54.506	-49.6703
spk_ver/v13/v1348	SES180	0.00601578	-47.4552	-47.4613
spk_ver/v13/v1349	SES275	-3.73903	-54.0966	-50.3575
spk_ver/v13/v1350	SES275	-1.98668	-49.2238	-47.2372
spk_ver/v13/v1351	SES275	-4.30558	-56.0334	-51.7278
spk_ver/v13/v1352	SES275	-3.29926	-51.2038	-47.9045
spk_ver/v13/v1353	SES275	-3.59087	-53.005	-49.4141
spk_ver/v13/v1354	SES189	3.44248	-48.1959	-51.6383
spk_ver/v13/v1355	SES068	0.318653	-45.6636	-45.9823
spk_ver/v13/v1356	SES275	-4.1642	-52.5131	-48.3489
spk_ver/v13/v1357	SES048	0.391201	-46.9325	-47.3237
spk_ver/v13/v1358	SES226	1.49215	-44.6603	-46.1524
spk_ver/v13/v1359	SES016	0.897648	-46.0755	-46.9732
spk_ver/v13/v1360	SES275	-3.40498	-52.0375	-48.6325
spk_ver/v13/v1361	SES068	1.19879	-45.1623	-46.361
spk_ver/v13/v1362	SES275	-4.68079	-51.4311	-46.7503
spk_ver/v13/v1363	SES275	-4.58741	-52.6715	-48.0841
spk_ver/v13/v1364	SES275	-4.16101	-53.8827	-49.7217
spk_ver/v13/v1365	SES275	-3.35395	-50.4944	-47.1405
spk_ver/v13/v1366	SES187	0.713673	-46.4449	-47.1586
spk_ver/v13/v1367	SES275	-4.81215	-53.0204	-48.2082
spk_ver/v13/v1368	SES125	1.12426	-45.8326	-46.9569
spk_ver/v13/v1369	SES275	-3.26152	-52.1297	-48.8682
spk_ver/v13/v1370	SES292	-3.56247	-49.9616	-46.3991
spk_ver/v13/v1371	SES292	-3.57594	-50.5557	-46.9798
spk_ver/v13/v1372	SES292	-3.42349	-51.4058	-47.9823
spk_ver/v13/v1373	SES292	-2.5418	-50.0814	-47.5396
spk_ver/v13/v1374	SES101	0.886372	-47.2533	-48.1396
spk_ver/v13/v1375	SES292	-4.31718	-52.7117	-48.3945
spk_ver/v13/v1376	SES292	-2.08745	-49.3886	-47.3012
spk_ver/v13/v1377	SES292	-7.31671	-56.4149	-49.0982
spk_ver/v13/v1378	SES292	-0.962315	-47.9159	-46.9536
spk_ver/v13/v1379	SES292	-1.75908	-49.9965	-48.2374
spk_ver/v13/v1380	SES292	-2.48365	-50.5944	-48.1108
spk_ver/v13/v1381	SES292	-3.33866	-48.7243	-45.3857
spk_ver/v13/v1382	SES292	-3.91251	-54.0523	-50.1398
spk_ver/v13/v1383	SES292	-2.78769	-50.5553	-47.7676
spk_ver/v13/v1384	SES292	-2.67583	-50.3452	-47.6693
spk_ver/v13/v1385	SES292	-2.21195	-50.6267	-48.4148
spk_ver/v13/v1386	SES292	-2.53217	-50.853	-48.3208
spk_ver/v13/v1387	SES158	2.44666	-46.6471	-49.0938
spk_ver/v13/v1388	SES292	-1.16274	-48.0336	-46.8708
spk_ver/v13/v1389	SES292	-1.46357	-47.6541	-46.1905
spk_ver/v13/v1390	SES292	-3.86482	-50.247	-46.3822
spk_ver/v13/v1391	SES292	-2.30973	-49.6549	-47.3452
spk_ver/v13/v1392	SES292	-2.53904	-52.008	-49.469
spk_ver/v13/v1393	SES292	-3.5386	-50.4992	-46.9606
spk_ver/v13/v1394	SES292	-5.74253	-53.8237	-48.0811
spk_ver/v13/v1395	SES292	-4.1893	-50.4904	-46.3011
spk_ver/v13/v1396	SES117	2.40137	-46.9991	-49.4004
spk_ver/v13/v1397	SES292	-2.82979	-49.8959	-47.0661
spk_ver/v13/v1398	SES292	-4.34415	-53.5411	-49.1969
spk_ver/v13/v1399	SES292	-1.76877	-49.4704	-47.7016
