BLOCK00/SES002/SA002S12	SES002	1.43285	-45.5869	-47.0197
BLOCK00/SES002/SA002S13	SES002	1.56466	-45.3677	-46.9324
BLOCK00/SES002/SA002S23	SES002	1.66464	-44.9947	-46.6593
BLOCK00/SES002/SA002S26	SES002	2.36931	-44.9789	-47.3482
BLOCK00/SES002/SA002S28	SES002	1.73946	-45.5171	-47.2565
BLOCK00/SES007/SA007S14	SES007	2.01304	-44.3912	-46.4043
BLOCK00/SES007/SA007S15	SES007	0.629253	-46.5841	-47.2134
BLOCK00/SES007/SA007S24	SES007	1.16888	-45.97	-47.1389
BLOCK00/SES007/SA007S27	SES007	0.631065	-47.1904	-47.8215
BLOCK00/SES007/SA007S29	SES007	0.661629	-46.2883	-46.9499
BLOCK00/SES008/SA008S11	SES008	1.49569	-46.194	-47.6896
BLOCK00/SES008/SA008S12	SES008	0.480648	-47.152	-47.6326
BLOCK00/SES008/SA008S19	SES008	1.53818	-45.703	-47.2411
BLOCK00/SES008/SA008S22	SES008	1.63039	-46.6847	-48.3151
BLOCK00/SES008/SA008S29	SES008	1.26347	-46.3806	-47.644
BLOCK01/SES014/SA014S10	SES014	1.66128	-45.9341	-47.5954
BLOCK01/SES014/SA014S12	SES014	2.79974	-43.5586	-46.3583
BLOCK01/SES014/SA014S24	SES014	1.58644	-45.1884	-46.7748
BLOCK01/SES014/SA014S26	SES014	2.3376	-42.9259	-45.2635
BLOCK01/SES014/SA014S28	SES014	2.53856	-43.8305	-46.369
BLOCK01/SES016/SA016S12	SES016	1.95299	-47.0743	-49.0273
BLOCK01/SES016/SA016S13	SES016	1.49506	-46.507	-48.002
BLOCK01/SES016/SA016S22	SES016	1.42343	-46.6461	-48.0695
BLOCK01/SES016/SA016S25	SES016	2.07943	-44.132	-46.2114
BLOCK01/SES016/SA016S27	SES016	1.89587	-45.4722	-47.368
BLOCK01/SES019/SA019S13	SES019	3.22513	-45.8722	-49.0974
BLOCK01/SES019/SA019S14	SES019	1.59219	-46.7732	-48.3654
BLOCK01/SES019/SA019S22	SES019	2.72017	-45.4738	-48.194
BLOCK01/SES019/SA019S25	SES019	2.76646	-46.017	-48.7834
BLOCK01/SES019/SA019S29	SES019	3.68007	-45.6288	-49.3089
BLOCK02/SES029/SA029S11	SES029	1.62794	-45.7347	-47.3626
BLOCK02/SES029/SA029S12	SES029	0.521599	-46.3059	-46.8275
BLOCK02/SES029/SA029S20	SES029	0.748997	-47.093	-47.842
BLOCK02/SES029/SA029S25	SES029	0.85973	-46.1659	-47.0256
BLOCK02/SES029/SA029S28	SES029	0.50922	-46.76	-47.2692
BLOCK04/SES042/SA042S12	SES042	2.67434	-44.241	-46.9154
BLOCK04/SES042/SA042S15	SES042	2.31473	-45.0251	-47.3398
BLOCK04/SES042/SA042S22	SES042	3.54112	-43.3926	-46.9337
BLOCK04/SES042/SA042S25	SES042	1.76198	-46.2974	-48.0593
BLOCK04/SES042/SA042S27	SES042	2.22018	-45.0081	-47.2283
BLOCK04/SES048/SA048S11	SES048	1.26166	-46.0423	-47.3039
BLOCK04/SES048/SA048S12	SES048	0.796047	-46.3172	-47.1132
BLOCK04/SES048/SA048S20	SES048	1.00901	-45.7704	-46.7794
BLOCK04/SES048/SA048S23	SES048	1.68304	-45.9158	-47.5988
BLOCK04/SES048/SA048S27	SES048	1.28856	-45.8158	-47.1044
BLOCK06/SES060/SA060S11	SES060	1.99646	-45.3518	-47.3483
BLOCK06/SES060/SA060S12	SES060	-0.816284	-48.0197	-47.2035
BLOCK06/SES060/SA060S22	SES060	0.565994	-47.9113	-48.4773
BLOCK06/SES060/SA060S24	SES060	1.43588	-45.6464	-47.0823
BLOCK06/SES060/SA060S28	SES060	1.54508	-44.1633	-45.7084
BLOCK06/SES062/SA062S10	SES062	1.32482	-45.3343	-46.6591
BLOCK06/SES062/SA062S11	SES062	1.73049	-45.1476	-46.8781
BLOCK06/SES062/SA062S21	SES062	1.6824	-44.4413	-46.1237
BLOCK06/SES062/SA062S26	SES062	0.874336	-44.8557	-45.73
BLOCK06/SES062/SA062S29	SES062	1.8331	-44.5067	-46.3398
BLOCK06/SES068/SA068S14	SES068	0.755562	-46.6866	-47.4421
BLOCK06/SES068/SA068S15	SES068	1.8274	-45.3246	-47.152
BLOCK06/SES068/SA068S23	SES068	0.784706	-46.9369	-47.7216
BLOCK06/SES068/SA068S27	SES068	2.05413	-44.8292	-46.8833
BLOCK06/SES068/SA068S29	SES068	0.933846	-46.1071	-47.0409
BLOCK08/SES082/SA082S12	SES082	0.583073	-47.5011	-48.0842
BLOCK08/SES082/SA082S14	SES082	0.422684	-46.955	-47.3777
BLOCK08/SES082/SA082S21	SES082	1.00322	-46.3919	-47.3951
BLOCK08/SES082/SA082S24	SES082	0.491074	-46.5516	-47.0427
BLOCK08/SES082/SA082S28	SES082	0.378551	-46.6707	-47.0493
BLOCK08/SES083/SA083S14	SES083	-0.0679169	-46.75	-46.6821
BLOCK08/SES083/SA083S15	SES083	0.14608	-46.5806	-46.7266
BLOCK08/SES083/SA083S24	SES083	-0.310562	-47.292	-46.9814
BLOCK08/SES083/SA083S26	SES083	1.08657	-46.1963	-47.2829
BLOCK08/SES083/SA083S29	SES083	-0.0290108	-46.641	-46.612
BLOCK08/SES085/SA085S10	SES085	0.2089	-46.5816	-46.7905
BLOCK08/SES085/SA085S13	SES085	1.04612	-46.5004	-47.5465
BLOCK08/SES085/SA085S22	SES085	-1.8853	-49.3896	-47.5043
BLOCK08/SES085/SA085S26	SES085	-0.85936	-48.119	-47.2597
BLOCK08/SES085/SA085S28	SES085	1.4161	-45.9934	-47.4095
BLOCK08/SES087/SA087S15	SES087	1.63575	-46.0419	-47.6777
BLOCK08/SES087/SA087S16	SES087	1.88916	-45.4955	-47.3846
BLOCK08/SES087/SA087S24	SES087	2.17634	-45.5808	-47.7571
BLOCK08/SES087/SA087S26	SES087	1.1128	-45.0695	-46.1823
BLOCK08/SES087/SA087S29	SES087	1.76727	-45.5227	-47.29
BLOCK09/SES099/SA099S15	SES099	1.55286	-46.4421	-47.995
BLOCK09/SES099/SA099S16	SES099	1.33781	-46.1821	-47.5199
BLOCK09/SES099/SA099S24	SES099	1.22769	-46.0191	-47.2468
BLOCK09/SES099/SA099S26	SES099	1.74912	-45.6909	-47.44
BLOCK09/SES099/SA099S29	SES099	1.58904	-45.6592	-47.2482
BLOCK10/SES101/SA101S11	SES101	0.0373764	-46.4397	-46.4771
BLOCK10/SES101/SA101S13	SES101	1.79322	-44.7887	-46.582
BLOCK10/SES101/SA101S22	SES101	0.63628	-46.7849	-47.4212
BLOCK10/SES101/SA101S24	SES101	1.34005	-45.3187	-46.6588
BLOCK10/SES101/SA101S28	SES101	0.279522	-47.2883	-47.5678
BLOCK10/SES104/SA104S11	SES104	1.08138	-45.4854	-46.5668
BLOCK10/SES104/SA104S12	SES104	1.64249	-44.8373	-46.4798
BLOCK10/SES104/SA104S21	SES104	0.628929	-46.3295	-46.9584
BLOCK10/SES104/SA104S24	SES104	0.800659	-46.4786	-47.2793
BLOCK10/SES104/SA104S28	SES104	1.53057	-45.6419	-47.1725
BLOCK10/SES105/SA105S12	SES105	0.586788	-47.5232	-48.11
BLOCK10/SES105/SA105S13	SES105	1.22972	-47.0338	-48.2635
BLOCK10/SES105/SA105S22	SES105	1.08349	-47.7832	-48.8667
BLOCK10/SES105/SA105S26	SES105	1.57945	-46.5536	-48.133
BLOCK10/SES105/SA105S29	SES105	0.889194	-47.0679	-47.9571
BLOCK10/SES106/SA106S09	SES106	0.582787	-47.4281	-48.0109
BLOCK10/SES106/SA106S11	SES106	0.829403	-45.6302	-46.4596
BLOCK10/SES106/SA106S22	SES106	2.10099	-46.1054	-48.2064
BLOCK10/SES106/SA106S27	SES106	0.958157	-45.9004	-46.8586
BLOCK10/SES106/SA106S29	SES106	1.10509	-45.8239	-46.929
BLOCK11/SES117/SA117S12	SES117	-0.00872803	-47.4542	-47.4455
BLOCK11/SES117/SA117S13	SES117	0.421478	-47.0422	-47.4637
BLOCK11/SES117/SA117S23	SES117	1.88608	-47.6489	-49.535
BLOCK11/SES117/SA117S25	SES117	1.67436	-47.0361	-48.7105
BLOCK11/SES117/SA117S28	SES117	1.53265	-47.2434	-48.7761
BLOCK12/SES120/SA120S08	SES120	1.10062	-47.8311	-48.9318
BLOCK12/SES120/SA120S11	SES120	0.949429	-48.5561	-49.5056
BLOCK12/SES120/SA120S22	SES120	0.30077	-47.2864	-47.5872
BLOCK12/SES120/SA120S24	SES120	1.24435	-46.7949	-48.0393
BLOCK12/SES120/SA120S28	SES120	0.48262	-49.1643	-49.6469
BLOCK12/SES125/SA125S13	SES125	1.66011	-45.4275	-47.0876
BLOCK12/SES125/SA125S14	SES125	1.35757	-46.0648	-47.4224
BLOCK12/SES125/SA125S25	SES125	2.32963	-45.1742	-47.5038
BLOCK12/SES125/SA125S27	SES125	2.64261	-44.8111	-47.4537
BLOCK12/SES125/SA125S29	SES125	2.17083	-44.812	-46.9828
BLOCK12/SES127/SA127S11	SES127	1.11181	-46.783	-47.8948
BLOCK12/SES127/SA127S12	SES127	-0.472443	-47.327	-46.8546
BLOCK12/SES127/SA127S23	SES127	0.782001	-47.2075	-47.9895
BLOCK12/SES127/SA127S25	SES127	-0.24905	-47.9373	-47.6882
BLOCK12/SES127/SA127S27	SES127	1.20972	-46.6019	-47.8116
BLOCK12/SES129/SA129S11	SES129	1.93174	-45.3934	-47.3251
BLOCK12/SES129/SA129S12	SES129	1.25431	-45.8711	-47.1255
BLOCK12/SES129/SA129S22	SES129	1.13044	-45.863	-46.9934
BLOCK12/SES129/SA129S27	SES129	2.19571	-45.1411	-47.3368
BLOCK12/SES129/SA129S29	SES129	2.30716	-44.8023	-47.1094
BLOCK14/SES142/SA142S11	SES142	2.98039	-45.6209	-48.6013
BLOCK14/SES142/SA142S12	SES142	1.35705	-47.0878	-48.4449
BLOCK14/SES142/SA142S24	SES142	2.09851	-46.28	-48.3785
BLOCK14/SES142/SA142S27	SES142	2.95938	-45.2815	-48.2409
BLOCK14/SES142/SA142S29	SES142	3.39204	-44.5982	-47.9902
BLOCK14/SES143/SA143S12	SES143	1.45822	-46.76	-48.2182
BLOCK14/SES143/SA143S13	SES143	1.15323	-46.9628	-48.116
BLOCK14/SES143/SA143S23	SES143	1.7929	-46.7221	-48.515
BLOCK14/SES143/SA143S25	SES143	1.65158	-46.4756	-48.1271
BLOCK14/SES143/SA143S28	SES143	1.4263	-46.1147	-47.541
BLOCK14/SES144/SA144S09	SES144	0.989723	-46.9326	-47.9223
BLOCK14/SES144/SA144S11	SES144	0.961788	-47.5059	-48.4677
BLOCK14/SES144/SA144S21	SES144	0.500881	-47.5405	-48.0414
BLOCK14/SES144/SA144S25	SES144	0.473194	-48.3401	-48.8133
BLOCK14/SES144/SA144S29	SES144	0.124096	-47.4319	-47.556
BLOCK14/SES146/SA146S14	SES146	0.98391	-47.4205	-48.4044
BLOCK14/SES146/SA146S15	SES146	0.74218	-47.4032	-48.1454
BLOCK14/SES146/SA146S24	SES146	0.646599	-47.4125	-48.0591
BLOCK14/SES146/SA146S26	SES146	0.891788	-47.8878	-48.7796
BLOCK14/SES146/SA146S29	SES146	0.625069	-48.0735	-48.6985
BLOCK14/SES147/SA147S11	SES147	2.49896	-46.6797	-49.1786
BLOCK14/SES147/SA147S13	SES147	2.19541	-45.4499	-47.6453
BLOCK14/SES147/SA147S23	SES147	2.10535	-47.1012	-49.2066
BLOCK14/SES147/SA147S26	SES147	1.99038	-46.7474	-48.7378
BLOCK14/SES147/SA147S28	SES147	2.06556	-46.0871	-48.1526
BLOCK14/SES148/SA148S10	SES148	1.74405	-46.0542	-47.7982
BLOCK14/SES148/SA148S12	SES148	0.902615	-46.869	-47.7717
BLOCK14/SES148/SA148S22	SES148	1.69658	-45.6414	-47.3379
BLOCK14/SES148/SA148S26	SES148	0.432266	-46.9161	-47.3484
BLOCK14/SES148/SA148S29	SES148	0.992023	-46.977	-47.969
BLOCK14/SES149/SA149S13	SES149	-0.452408	-48.1038	-47.6514
BLOCK14/SES149/SA149S14	SES149	0.311275	-46.3757	-46.687
BLOCK14/SES149/SA149S24	SES149	1.87795	-45.6611	-47.539
BLOCK14/SES149/SA149S26	SES149	1.94793	-45.3804	-47.3284
BLOCK14/SES149/SA149S28	SES149	2.60087	-44.5839	-47.1847
BLOCK15/SES158/SA158S13	SES158	0.9566	-46.4738	-47.4304
BLOCK15/SES158/SA158S14	SES158	1.27133	-46.1132	-47.3845
BLOCK15/SES158/SA158S23	SES158	1.20058	-46.0732	-47.2738
BLOCK15/SES158/SA158S26	SES158	2.1496	-45.4005	-47.5501
BLOCK15/SES158/SA158S28	SES158	0.768173	-46.5072	-47.2753
BLOCK16/SES162/SA162S10	SES162	-0.00995255	-48.9745	-48.9645
BLOCK16/SES162/SA162S11	SES162	1.45789	-46.4611	-47.919
BLOCK16/SES162/SA162S21	SES162	2.08599	-45.9506	-48.0366
BLOCK16/SES162/SA162S24	SES162	1.28998	-46.7074	-47.9974
BLOCK16/SES162/SA162S27	SES162	2.57074	-46.238	-48.8088
BLOCK16/SES167/SA167S14	SES167	1.76686	-45.3407	-47.1076
BLOCK16/SES167/SA167S15	SES167	1.64429	-46.3814	-48.0257
BLOCK16/SES167/SA167S21	SES167	2.32317	-44.8622	-47.1854
BLOCK16/SES167/SA167S25	SES167	2.54258	-45.8175	-48.36
BLOCK16/SES167/SA167S29	SES167	2.97238	-44.7299	-47.7023
BLOCK17/SES172/SA172S12	SES172	2.21348	-45.9259	-48.1393
BLOCK17/SES172/SA172S13	SES172	2.4337	-46.073	-48.5067
BLOCK17/SES172/SA172S23	SES172	1.03068	-45.6096	-46.6403
BLOCK17/SES172/SA172S27	SES172	1.3098	-46.8857	-48.1954
BLOCK17/SES172/SA172S29	SES172	2.57692	-45.6806	-48.2575
BLOCK17/SES175/SA175S11	SES175	1.58025	-46.0925	-47.6728
BLOCK17/SES175/SA175S13	SES175	1.31878	-46.2629	-47.5817
BLOCK17/SES175/SA175S23	SES175	2.15201	-46.0321	-48.1841
BLOCK17/SES175/SA175S25	SES175	1.06593	-47.6565	-48.7225
BLOCK17/SES175/SA175S28	SES175	2.01703	-45.4565	-47.4735
BLOCK17/SES177/SA177S15	SES177	0.837814	-46.6193	-47.4571
BLOCK17/SES177/SA177S17	SES177	0.764355	-46.7149	-47.4793
BLOCK17/SES177/SA177S23	SES177	0.811104	-46.9845	-47.7956
BLOCK17/SES177/SA177S26	SES177	1.19648	-44.8366	-46.0331
BLOCK17/SES177/SA177S28	SES177	0.949986	-45.9234	-46.8734
BLOCK18/SES180/SA180S13	SES180	1.24583	-46.6326	-47.8784
BLOCK18/SES180/SA180S15	SES180	0.951618	-47.1592	-48.1108
BLOCK18/SES180/SA180S24	SES180	1.76264	-45.2354	-46.9981
BLOCK18/SES180/SA180S26	SES180	1.75645	-45.852	-47.6084
BLOCK18/SES180/SA180S29	SES180	1.99034	-46.5014	-48.4918
BLOCK18/SES183/SA183S13	SES183	1.79132	-46.8559	-48.6472
BLOCK18/SES183/SA183S14	SES183	-0.629257	-48.8362	-48.2069
BLOCK18/SES183/SA183S24	SES183	1.11205	-47.4408	-48.5529
BLOCK18/SES183/SA183S27	SES183	1.68979	-46.7655	-48.4553
BLOCK18/SES183/SA183S29	SES183	1.30404	-46.6049	-47.9089
BLOCK18/SES187/SA187S13	SES187	1.34952	-47.3119	-48.6614
BLOCK18/SES187/SA187S14	SES187	1.03396	-47.352	-48.386
BLOCK18/SES187/SA187S24	SES187	1.60304	-46.3823	-47.9853
BLOCK18/SES187/SA187S27	SES187	1.44348	-46.7097	-48.1531
BLOCK18/SES187/SA187S29	SES187	1.15505	-47.1239	-48.279
BLOCK18/SES189/SA189S10	SES189	2.64241	-48.3607	-51.0031
BLOCK18/SES189/SA189S13	SES189	3.05392	-48.4717	-51.5256
BLOCK18/SES189/SA189S24	SES189	3.58439	-46.8893	-50.4737
BLOCK18/SES189/SA189S26	SES189	1.69262	-47.4236	-49.1162
BLOCK18/SES189/SA189S29	SES189	3.26805	-47.0882	-50.3563
BLOCK20/SES202/SA202S12	SES202	1.9529	-46.8032	-48.7561
BLOCK20/SES202/SA202S14	SES202	3.19981	-45.2738	-48.4736
BLOCK20/SES202/SA202S24	SES202	1.94128	-46.4697	-48.411
BLOCK20/SES202/SA202S27	SES202	2.42097	-44.9471	-47.3681
BLOCK20/SES202/SA202S29	SES202	2.89901	-44.7232	-47.6223
BLOCK20/SES206/SA206S15	SES206	0.123344	-45.9421	-46.0654
BLOCK20/SES206/SA206S17	SES206	1.54207	-44.9988	-46.5409
BLOCK20/SES206/SA206S24	SES206	1.30709	-44.7385	-46.0455
BLOCK20/SES206/SA206S27	SES206	1.47456	-45.5506	-47.0251
BLOCK20/SES206/SA206S29	SES206	1.50685	-44.7612	-46.2681
BLOCK22/SES226/SA226S12	SES226	1.28362	-45.9898	-47.2735
BLOCK22/SES226/SA226S13	SES226	-1.09447	-48.3012	-47.2068
BLOCK22/SES226/SA226S20	SES226	0.665085	-47.0915	-47.7565
BLOCK22/SES226/SA226S23	SES226	1.25469	-45.796	-47.0507
BLOCK22/SES226/SA226S28	SES226	1.12572	-46.0963	-47.222
BLOCK25/SES259/SA259S13	SES259	3.08302	-44.5704	-47.6535
BLOCK25/SES259/SA259S14	SES259	1.59565	-45.6661	-47.2617
BLOCK25/SES259/SA259S22	SES259	1.87915	-45.1852	-47.0644
BLOCK25/SES259/SA259S24	SES259	2.25848	-44.9073	-47.1658
BLOCK25/SES259/SA259S28	SES259	1.69849	-44.9053	-46.6038
BLOCK27/SES270/SA270S14	SES270	2.52096	-46.3752	-48.8961
BLOCK27/SES270/SA270S16	SES270	0.941093	-46.7634	-47.7045
BLOCK27/SES270/SA270S22	SES270	2.64599	-45.5184	-48.1644
BLOCK27/SES270/SA270S26	SES270	1.27883	-46.9997	-48.2785
BLOCK27/SES270/SA270S28	SES270	1.42582	-46.0299	-47.4557
BLOCK27/SES275/SA275S17	SES275	2.02949	-46.598	-48.6275
BLOCK27/SES275/SA275S18	SES275	0.346512	-46.9141	-47.2607
BLOCK27/SES275/SA275S24	SES275	0.806744	-47.918	-48.7247
BLOCK27/SES275/SA275S26	SES275	1.39331	-46.4366	-47.8299
BLOCK27/SES275/SA275S28	SES275	0.718964	-46.8324	-47.5513
BLOCK29/SES292/SA292S10	SES292	0.31712	-46.8182	-47.1354
BLOCK29/SES292/SA292S12	SES292	-0.234173	-47.9757	-47.7415
BLOCK29/SES292/SA292S22	SES292	1.27491	-46.1651	-47.4401
BLOCK29/SES292/SA292S24	SES292	0.290455	-46.7059	-46.9963
BLOCK29/SES292/SA292S27	SES292	0.296867	-46.3546	-46.6515
BLOCK00/SES001/SA001S14	SES062	-1.98637	-49.3117	-47.3253
BLOCK00/SES001/SA001S14	SES082	-1.44439	-48.7697	-47.3253
BLOCK00/SES001/SA001S14	SES106	-3.16547	-50.4908	-47.3253
BLOCK00/SES001/SA001S14	SES206	-4.02997	-51.3553	-47.3253
BLOCK00/SES001/SA001S15	SES062	-1.86534	-48.5304	-46.6651
BLOCK00/SES001/SA001S15	SES104	-3.1411	-49.8062	-46.6651
BLOCK00/SES001/SA001S15	SES106	-2.64479	-49.3099	-46.6651
BLOCK00/SES001/SA001S15	SES206	-3.34319	-50.0083	-46.6651
BLOCK00/SES001/SA001S24	SES062	-3.08588	-50.4504	-47.3646
BLOCK00/SES001/SA001S24	SES082	-2.6387	-50.0033	-47.3646
BLOCK00/SES001/SA001S24	SES087	-4.39621	-51.7608	-47.3646
BLOCK00/SES001/SA001S24	SES206	-2.69957	-50.0641	-47.3646
BLOCK00/SES001/SA001S27	SES062	-1.5339	-47.8863	-46.3524
BLOCK00/SES001/SA001S27	SES082	-2.93936	-49.2918	-46.3524
BLOCK00/SES001/SA001S27	SES087	-3.20531	-49.5577	-46.3524
BLOCK00/SES001/SA001S27	SES206	-3.47498	-49.8274	-46.3524
BLOCK00/SES001/SA001S29	SES062	-2.07635	-49.1445	-47.0681
BLOCK00/SES001/SA001S29	SES082	-1.43973	-48.5078	-47.0681
BLOCK00/SES001/SA001S29	SES158	-2.36174	-49.4299	-47.0681
BLOCK00/SES001/SA001S29	SES206	-3.46416	-50.5323	-47.0681
BLOCK00/SES003/SA003S11	SES002	-2.41534	-49.5405	-47.1251
BLOCK00/SES003/SA003S11	SES019	-1.55799	-48.6831	-47.1251
BLOCK00/SES003/SA003S11	SES082	-0.816978	-47.9421	-47.1251
BLOCK00/SES003/SA003S11	SES125	-2.40208	-49.5272	-47.1251
BLOCK00/SES003/SA003S15	SES016	-4.36887	-51.4831	-47.1142
BLOCK00/SES003/SA003S15	SES019	-1.4963	-48.6105	-47.1142
BLOCK00/SES003/SA003S15	SES062	-3.04811	-50.1623	-47.1142
BLOCK00/SES003/SA003S15	SES206	-2.1893	-49.3035	-47.1142
BLOCK00/SES003/SA003S22	SES002	-2.99116	-50.0679	-47.0767
BLOCK00/SES003/SA003S22	SES062	-1.46283	-48.5396	-47.0767
BLOCK00/SES003/SA003S22	SES082	-2.08733	-49.1641	-47.0767
BLOCK00/SES003/SA003S22	SES087	-2.36563	-49.4424	-47.0767
BLOCK00/SES003/SA003S25	SES062	-3.98033	-51.892	-47.9117
BLOCK00/SES003/SA003S25	SES082	-1.52119	-49.4329	-47.9117
BLOCK00/SES003/SA003S25	SES087	-2.64298	-50.5547	-47.9117
BLOCK00/SES003/SA003S25	SES206	-4.48105	-52.3927	-47.9117
BLOCK00/SES003/SA003S29	SES002	-3.45534	-51.2766	-47.8213
BLOCK00/SES003/SA003S29	SES062	-3.47531	-51.2966	-47.8213
BLOCK00/SES003/SA003S29	SES082	-1.14616	-48.9674	-47.8213
BLOCK00/SES003/SA003S29	SES087	-2.72746	-50.5487	-47.8213
BLOCK00/SES004/SA004S12	SES083	-2.49003	-49.8454	-47.3553
BLOCK00/SES004/SA004S12	SES148	-1.73957	-49.0949	-47.3553
BLOCK00/SES004/SA004S12	SES172	-1.44758	-48.8029	-47.3553
BLOCK00/SES004/SA004S12	SES292	-2.54901	-49.9044	-47.3553
BLOCK00/SES004/SA004S17	SES083	-2.52286	-50.5081	-47.9852
BLOCK00/SES004/SA004S17	SES162	-1.91429	-49.8995	-47.9852
BLOCK00/SES004/SA004S17	SES172	-2.04354	-50.0288	-47.9852
BLOCK00/SES004/SA004S17	SES292	-2.51786	-50.5031	-47.9852
BLOCK00/SES004/SA004S24	SES083	-2.06166	-49.2204	-47.1588
BLOCK00/SES004/SA004S24	SES148	-1.65232	-48.8111	-47.1588
BLOCK00/SES004/SA004S24	SES172	-0.704723	-47.8635	-47.1588
BLOCK00/SES004/SA004S24	SES292	-1.55236	-48.7111	-47.1588
BLOCK00/SES004/SA004S26	SES083	-2.09576	-48.949	-46.8532
BLOCK00/SES004/SA004S26	SES127	-1.50518	-48.3584	-46.8532
BLOCK00/SES004/SA004S26	SES148	-2.82647	-49.6797	-46.8532
BLOCK00/SES004/SA004S26	SES292	-1.68806	-48.5413	-46.8532
BLOCK00/SES004/SA004S28	SES083	-1.94893	-48.8225	-46.8736
BLOCK00/SES004/SA004S28	SES127	-1.3561	-48.2297	-46.8736
BLOCK00/SES004/SA004S28	SES187	-1.12575	-47.9994	-46.8736
BLOCK00/SES004/SA004S28	SES292	-2.41497	-49.2886	-46.8736
BLOCK00/SES006/SA006S10	SES014	-3.11205	-52.1744	-49.0624
BLOCK00/SES006/SA006S10	SES158	-1.74605	-50.8084	-49.0624
BLOCK00/SES006/SA006S10	SES226	-3.76369	-52.8261	-49.0624
BLOCK00/SES006/SA006S10	SES270	-0.98716	-50.0495	-49.0624
BLOCK00/SES006/SA006S11	SES158	-1.51694	-50.5622	-49.0452
BLOCK00/SES006/SA006S11	SES226	-2.56063	-51.6059	-49.0452
BLOCK00/SES006/SA006S11	SES270	-0.866165	-49.9114	-49.0452
BLOCK00/SES006/SA006S11	SES275	-3.61604	-52.6613	-49.0452
BLOCK00/SES006/SA006S23	SES062	-4.20578	-52.7835	-48.5777
BLOCK00/SES006/SA006S23	SES105	-3.13141	-51.7091	-48.5777
BLOCK00/SES006/SA006S23	SES158	-1.81894	-50.3967	-48.5777
BLOCK00/SES006/SA006S23	SES275	-3.71768	-52.2954	-48.5777
BLOCK00/SES006/SA006S26	SES104	-2.76945	-50.6449	-47.8755
BLOCK00/SES006/SA006S26	SES158	-1.43091	-49.3064	-47.8755
BLOCK00/SES006/SA006S26	SES270	-1.11512	-48.9906	-47.8755
BLOCK00/SES006/SA006S26	SES275	-4.33908	-52.2146	-47.8755
BLOCK00/SES006/SA006S28	SES007	-3.60944	-52.2445	-48.635
BLOCK00/SES006/SA006S28	SES105	-3.77211	-52.4071	-48.635
BLOCK00/SES006/SA006S28	SES158	-1.78176	-50.4168	-48.635
BLOCK00/SES006/SA006S28	SES275	-4.00113	-52.6361	-48.635
BLOCK00/SES009/SA009S12	SES083	-1.94102	-49.0591	-47.1181
BLOCK00/SES009/SA009S12	SES148	-2.22343	-49.3415	-47.1181
BLOCK00/SES009/SA009S12	SES177	-3.31726	-50.4354	-47.1181
BLOCK00/SES009/SA009S12	SES292	-1.30344	-48.4215	-47.1181
BLOCK00/SES009/SA009S15	SES007	0.316753	-46.173	-46.4898
BLOCK00/SES009/SA009S15	SES099	-8.05205	-54.5418	-46.4898
BLOCK00/SES009/SA009S15	SES148	-2.31106	-48.8009	-46.4898
BLOCK00/SES009/SA009S15	SES172	-2.27185	-48.7616	-46.4898
BLOCK00/SES009/SA009S24	SES146	-1.3152	-48.0246	-46.7094
BLOCK00/SES009/SA009S24	SES148	-1.82837	-48.5378	-46.7094
BLOCK00/SES009/SA009S24	SES177	-3.1348	-49.8442	-46.7094
BLOCK00/SES009/SA009S24	SES292	-1.17548	-47.8849	-46.7094
BLOCK00/SES009/SA009S26	SES083	-2.1612	-49.7649	-47.6037
BLOCK00/SES009/SA009S26	SES101	-1.88093	-49.4847	-47.6037
BLOCK00/SES009/SA009S26	SES120	-1.80498	-49.4087	-47.6037
BLOCK00/SES009/SA009S26	SES177	-3.83353	-51.4373	-47.6037
BLOCK00/SES009/SA009S29	SES083	-1.82883	-49.1416	-47.3127
BLOCK00/SES009/SA009S29	SES101	-1.47346	-48.7862	-47.3127
BLOCK00/SES009/SA009S29	SES177	-3.69238	-51.0051	-47.3127
BLOCK00/SES009/SA009S29	SES292	-1.47088	-48.7836	-47.3127
BLOCK01/SES011/SA011S10	SES019	-2.25825	-49.8608	-47.6025
BLOCK01/SES011/SA011S10	SES042	-1.71692	-49.3194	-47.6025
BLOCK01/SES011/SA011S10	SES082	-2.82859	-50.4311	-47.6025
BLOCK01/SES011/SA011S10	SES206	-1.52626	-49.1288	-47.6025
BLOCK01/SES011/SA011S11	SES019	-2.54664	-50.7007	-48.154
BLOCK01/SES011/SA011S11	SES042	-1.48307	-49.6371	-48.154
BLOCK01/SES011/SA011S11	SES082	-2.88028	-51.0343	-48.154
BLOCK01/SES011/SA011S11	SES206	-2.41262	-50.5667	-48.154
BLOCK01/SES011/SA011S22	SES019	-2.06628	-49.8957	-47.8294
BLOCK01/SES011/SA011S22	SES042	-1.06189	-48.8913	-47.8294
BLOCK01/SES011/SA011S22	SES082	-2.59992	-50.4293	-47.8294
BLOCK01/SES011/SA011S22	SES206	-1.74321	-49.5726	-47.8294
BLOCK01/SES011/SA011S24	SES019	-2.43773	-49.6107	-47.173
BLOCK01/SES011/SA011S24	SES042	-1.27881	-48.4518	-47.173
BLOCK01/SES011/SA011S24	SES104	-2.84357	-50.0166	-47.173
BLOCK01/SES011/SA011S24	SES206	-1.37068	-48.5437	-47.173
BLOCK01/SES011/SA011S27	SES082	-0.284924	-47.3863	-47.1014
BLOCK01/SES011/SA011S27	SES087	-1.43362	-48.535	-47.1014
BLOCK01/SES011/SA011S27	SES125	-1.07894	-48.1804	-47.1014
BLOCK01/SES011/SA011S27	SES206	-0.59153	-47.693	-47.1014
BLOCK01/SES012/SA012S11	SES007	-2.3044	-48.4165	-46.1121
BLOCK01/SES012/SA012S11	SES082	-1.7501	-47.8622	-46.1121
BLOCK01/SES012/SA012S11	SES083	-3.07748	-49.1896	-46.1121
BLOCK01/SES012/SA012S11	SES206	-1.37381	-47.4859	-46.1121
BLOCK01/SES012/SA012S14	SES082	-1.71943	-48.6722	-46.9528
BLOCK01/SES012/SA012S14	SES087	-3.01473	-49.9675	-46.9528
BLOCK01/SES012/SA012S14	SES206	-2.10099	-49.0538	-46.9528
BLOCK01/SES012/SA012S14	SES292	-3.65478	-50.6076	-46.9528
BLOCK01/SES012/SA012S24	SES082	-0.34293	-48.3455	-48.0026
BLOCK01/SES012/SA012S24	SES087	-1.59232	-49.5949	-48.0026
BLOCK01/SES012/SA012S24	SES120	-4.09789	-52.1005	-48.0026
BLOCK01/SES012/SA012S24	SES206	-0.918495	-48.9211	-48.0026
BLOCK01/SES012/SA012S26	SES019	-4.18707	-51.308	-47.121
BLOCK01/SES012/SA012S26	SES082	-3.09939	-50.2204	-47.121
BLOCK01/SES012/SA012S26	SES206	-1.19318	-48.3142	-47.121
BLOCK01/SES012/SA012S26	SES292	-3.37735	-50.4983	-47.121
BLOCK01/SES012/SA012S29	SES062	-3.63221	-49.9902	-46.358
BLOCK01/SES012/SA012S29	SES082	-1.4245	-47.7825	-46.358
BLOCK01/SES012/SA012S29	SES083	-3.1342	-49.4922	-46.358
BLOCK01/SES012/SA012S29	SES206	-1.19054	-47.5485	-46.358
BLOCK01/SES013/SA013S16	SES062	-4.85489	-52.0955	-47.2406
BLOCK01/SES013/SA013S16	SES106	-1.87201	-49.1127	-47.2406
BLOCK01/SES013/SA013S16	SES206	-1.95553	-49.1962	-47.2406
BLOCK01/SES013/SA013S16	SES226	-1.65968	-48.9003	-47.2406
BLOCK01/SES013/SA013S17	SES062	-4.75939	-51.2961	-46.5367
BLOCK01/SES013/SA013S17	SES106	-1.75114	-48.2879	-46.5367
BLOCK01/SES013/SA013S17	SES206	-0.768257	-47.305	-46.5367
BLOCK01/SES013/SA013S17	SES226	-1.28159	-47.8183	-46.5367
BLOCK01/SES013/SA013S23	SES104	-2.27054	-49.5924	-47.3218
BLOCK01/SES013/SA013S23	SES106	-1.12768	-48.4495	-47.3218
BLOCK01/SES013/SA013S23	SES206	-1.54442	-48.8662	-47.3218
BLOCK01/SES013/SA013S23	SES270	-1.36474	-48.6866	-47.3218
BLOCK01/SES013/SA013S25	SES042	-3.15569	-50.0128	-46.8571
BLOCK01/SES013/SA013S25	SES104	-2.09699	-48.9541	-46.8571
BLOCK01/SES013/SA013S25	SES106	-1.28474	-48.1419	-46.8571
BLOCK01/SES013/SA013S25	SES206	-2.20018	-49.0573	-46.8571
BLOCK01/SES013/SA013S29	SES062	-4.65897	-51.6724	-47.0134
BLOCK01/SES013/SA013S29	SES104	-2.56973	-49.5831	-47.0134
BLOCK01/SES013/SA013S29	SES106	-1.08984	-48.1032	-47.0134
BLOCK01/SES013/SA013S29	SES206	-2.15476	-49.1682	-47.0134
BLOCK02/SES021/SA021S13	SES016	-2.89364	-48.8985	-46.0049
BLOCK02/SES021/SA021S13	SES029	-3.01167	-49.0166	-46.0049
BLOCK02/SES021/SA021S13	SES087	-2.36625	-48.3712	-46.0049
BLOCK02/SES021/SA021S13	SES206	-1.36815	-47.3731	-46.0049
BLOCK02/SES021/SA021S15	SES087	-2.04988	-47.3771	-45.3273
BLOCK02/SES021/SA021S15	SES125	-1.99613	-47.3234	-45.3273
BLOCK02/SES021/SA021S15	SES206	-0.956326	-46.2836	-45.3273
BLOCK02/SES021/SA021S15	SES226	-1.66727	-46.9945	-45.3273
BLOCK02/SES021/SA021S23	SES062	-3.12944	-50.1802	-47.0507
BLOCK02/SES021/SA021S23	SES087	-2.759	-49.8097	-47.0507
BLOCK02/SES021/SA021S23	SES206	-2.68554	-49.7363	-47.0507
BLOCK02/SES021/SA021S23	SES226	-1.5255	-48.5762	-47.0507
BLOCK02/SES021/SA021S27	SES002	-2.99309	-48.7804	-45.7873
BLOCK02/SES021/SA021S27	SES016	-4.03359	-49.8209	-45.7873
BLOCK02/SES021/SA021S27	SES019	-2.05828	-47.8456	-45.7873
BLOCK02/SES021/SA021S27	SES062	-1.79616	-47.5835	-45.7873
BLOCK02/SES021/SA021S29	SES087	-2.51509	-48.2467	-45.7316
BLOCK02/SES021/SA021S29	SES125	-2.3002	-48.0318	-45.7316
BLOCK02/SES021/SA021S29	SES206	-2.1138	-47.8454	-45.7316
BLOCK02/SES021/SA021S29	SES226	-1.49319	-47.2248	-45.7316
BLOCK04/SES043/SA043S09	SES083	-2.87422	-51.2925	-48.4183
BLOCK04/SES043/SA043S09	SES101	-2.63887	-51.0571	-48.4183
BLOCK04/SES043/SA043S09	SES144	-1.12025	-49.5385	-48.4183
BLOCK04/SES043/SA043S09	SES172	-3.3737	-51.792	-48.4183
BLOCK04/SES043/SA043S11	SES083	-1.27192	-48.7169	-47.445
BLOCK04/SES043/SA043S11	SES101	-1.72693	-49.1719	-47.445
BLOCK04/SES043/SA043S11	SES144	-1.41722	-48.8622	-47.445
BLOCK04/SES043/SA043S11	SES172	-2.00516	-49.4501	-47.445
BLOCK04/SES043/SA043S23	SES083	-0.922749	-48.3442	-47.4214
BLOCK04/SES043/SA043S23	SES144	-0.671162	-48.0926	-47.4214
BLOCK04/SES043/SA043S23	SES177	-3.37535	-50.7968	-47.4214
BLOCK04/SES043/SA043S23	SES275	-0.905697	-48.3271	-47.4214
BLOCK04/SES043/SA043S26	SES083	-0.854973	-49.1558	-48.3008
BLOCK04/SES043/SA043S26	SES101	-1.35572	-49.6565	-48.3008
BLOCK04/SES043/SA043S26	SES144	-0.297821	-48.5986	-48.3008
BLOCK04/SES043/SA043S26	SES177	-3.07516	-51.376	-48.3008
BLOCK04/SES043/SA043S28	SES016	-3.02468	-50.1364	-47.1117
BLOCK04/SES043/SA043S28	SES083	-1.08864	-48.2003	-47.1117
BLOCK04/SES043/SA043S28	SES101	-1.07645	-48.1882	-47.1117
BLOCK04/SES043/SA043S28	SES144	-1.36105	-48.4728	-47.1117
BLOCK04/SES044/SA044S10	SES127	-3.52707	-53.6381	-50.111
BLOCK04/SES044/SA044S10	SES144	-0.357204	-50.4682	-50.111
BLOCK04/SES044/SA044S10	SES147	-4.06567	-54.1767	-50.111
BLOCK04/SES044/SA044S10	SES148	-2.32839	-52.4394	-50.111
BLOCK04/SES044/SA044S11	SES101	-2.16666	-51.1134	-48.9467
BLOCK04/SES044/SA044S11	SES144	0.281391	-48.6653	-48.9467
BLOCK04/SES044/SA044S11	SES147	-2.60046	-51.5472	-48.9467
BLOCK04/SES044/SA044S11	SES177	-2.48187	-51.4286	-48.9467
BLOCK04/SES044/SA044S24	SES007	-2.23079	-50.4777	-48.2469
BLOCK04/SES044/SA044S24	SES101	-1.78076	-50.0277	-48.2469
BLOCK04/SES044/SA044S24	SES147	-4.56443	-52.8114	-48.2469
BLOCK04/SES044/SA044S24	SES177	-3.42375	-51.6707	-48.2469
BLOCK04/SES044/SA044S26	SES007	-1.87783	-50.1531	-48.2752
BLOCK04/SES044/SA044S26	SES016	-1.75551	-50.0308	-48.2752
BLOCK04/SES044/SA044S26	SES101	-1.55373	-49.829	-48.2752
BLOCK04/SES044/SA044S26	SES147	-2.04625	-50.3215	-48.2752
BLOCK04/SES044/SA044S29	SES007	-2.53003	-50.2268	-47.6968
BLOCK04/SES044/SA044S29	SES101	-0.820061	-48.5169	-47.6968
BLOCK04/SES044/SA044S29	SES147	-2.49377	-50.1906	-47.6968
BLOCK04/SES044/SA044S29	SES177	-2.81578	-50.5126	-47.6968
BLOCK04/SES046/SA046S13	SES101	-2.62681	-51.0676	-48.4408
BLOCK04/SES046/SA046S13	SES144	-1.11666	-49.5575	-48.4408
BLOCK04/SES046/SA046S13	SES147	-2.33498	-50.7758	-48.4408
BLOCK04/SES046/SA046S13	SES177	-1.88403	-50.3248	-48.4408
BLOCK04/SES046/SA046S15	SES048	-2.64818	-49.9078	-47.2596
BLOCK04/SES046/SA046S15	SES083	-1.20505	-48.4647	-47.2596
BLOCK04/SES046/SA046S15	SES120	-2.1195	-49.3791	-47.2596
BLOCK04/SES046/SA046S15	SES148	-1.52639	-48.786	-47.2596
BLOCK04/SES046/SA046S22	SES101	-1.47294	-49.8332	-48.3602
BLOCK04/SES046/SA046S22	SES144	-1.22437	-49.5846	-48.3602
BLOCK04/SES046/SA046S22	SES147	-1.69359	-50.0538	-48.3602
BLOCK04/SES046/SA046S22	SES172	-2.13508	-50.4953	-48.3602
BLOCK04/SES046/SA046S25	SES083	-1.72503	-50.4654	-48.7404
BLOCK04/SES046/SA046S25	SES127	-1.85541	-50.5958	-48.7404
BLOCK04/SES046/SA046S25	SES144	-2.3805	-51.1209	-48.7404
BLOCK04/SES046/SA046S25	SES148	-1.67101	-50.4114	-48.7404
BLOCK04/SES046/SA046S28	SES007	-3.47114	-52.5019	-49.0307
BLOCK04/SES046/SA046S28	SES105	-1.86581	-50.8965	-49.0307
BLOCK04/SES046/SA046S28	SES147	-2.16021	-51.1909	-49.0307
BLOCK04/SES046/SA046S28	SES148	-0.857742	-49.8885	-49.0307
BLOCK04/SES049/SA049S16	SES104	-2.83817	-51.4902	-48.6521
BLOCK04/SES049/SA049S16	SES106	-2.18181	-50.8339	-48.6521
BLOCK04/SES049/SA049S16	SES120	-5.1507	-53.8028	-48.6521
BLOCK04/SES049/SA049S16	SES206	-2.05557	-50.7076	-48.6521
BLOCK04/SES049/SA049S18	SES099	-1.38324	-50.766	-49.3828
BLOCK04/SES049/SA049S18	SES104	-3.23219	-52.615	-49.3828
BLOCK04/SES049/SA049S18	SES125	-2.80516	-52.1879	-49.3828
BLOCK04/SES049/SA049S18	SES206	-2.98994	-52.3727	-49.3828
BLOCK04/SES049/SA049S25	SES087	-2.30738	-50.4404	-48.133
BLOCK04/SES049/SA049S25	SES104	-2.02262	-50.1556	-48.133
BLOCK04/SES049/SA049S25	SES125	-3.10532	-51.2383	-48.133
BLOCK04/SES049/SA049S25	SES206	-1.52799	-49.661	-48.133
BLOCK04/SES049/SA049S27	SES099	-1.42381	-49.354	-47.9302
BLOCK04/SES049/SA049S27	SES104	-1.19865	-49.1288	-47.9302
BLOCK04/SES049/SA049S27	SES125	-3.46896	-51.3991	-47.9302
BLOCK04/SES049/SA049S27	SES206	-2.66826	-50.5984	-47.9302
BLOCK04/SES049/SA049S29	SES099	-1.42095	-48.5187	-47.0978
BLOCK04/SES049/SA049S29	SES104	-0.782467	-47.8802	-47.0978
BLOCK04/SES049/SA049S29	SES125	-2.71762	-49.8154	-47.0978
BLOCK04/SES049/SA049S29	SES206	-2.12639	-49.2242	-47.0978
BLOCK06/SES063/SA063S09	SES068	-2.20896	-50.2361	-48.0272
BLOCK06/SES063/SA063S09	SES083	-0.279617	-48.3068	-48.0272
BLOCK06/SES063/SA063S09	SES177	-2.02103	-50.0482	-48.0272
BLOCK06/SES063/SA063S09	SES187	-2.05374	-50.0809	-48.0272
BLOCK06/SES063/SA063S10	SES068	-1.87446	-50.3446	-48.4702
BLOCK06/SES063/SA063S10	SES083	-0.448219	-48.9184	-48.4702
BLOCK06/SES063/SA063S10	SES172	-1.08498	-49.5552	-48.4702
BLOCK06/SES063/SA063S10	SES187	-1.05841	-49.5286	-48.4702
BLOCK06/SES063/SA063S20	SES068	-2.51816	-50.8756	-48.3575
BLOCK06/SES063/SA063S20	SES083	-0.409325	-48.7668	-48.3575
BLOCK06/SES063/SA063S20	SES172	-1.38937	-49.7468	-48.3575
BLOCK06/SES063/SA063S20	SES187	-0.504578	-48.862	-48.3575
BLOCK06/SES063/SA063S24	SES029	-2.13874	-49.7468	-47.6081
BLOCK06/SES063/SA063S24	SES083	-0.192589	-47.8007	-47.6081
BLOCK06/SES063/SA063S24	SES177	-1.22044	-48.8285	-47.6081
BLOCK06/SES063/SA063S24	SES189	-1.91648	-49.5246	-47.6081
BLOCK06/SES063/SA063S27	SES083	-0.255417	-49.1151	-48.8597
BLOCK06/SES063/SA063S27	SES172	-1.04229	-49.902	-48.8597
BLOCK06/SES063/SA063S27	SES187	-0.902794	-49.7625	-48.8597
BLOCK06/SES063/SA063S27	SES292	-2.27752	-51.1372	-48.8597
BLOCK06/SES067/SA067S12	SES083	-2.62735	-50.1827	-47.5554
BLOCK06/SES067/SA067S12	SES172	-3.05782	-50.6132	-47.5554
BLOCK06/SES067/SA067S12	SES202	-0.560955	-48.1163	-47.5554
BLOCK06/SES067/SA067S12	SES292	-2.01834	-49.5737	-47.5554
BLOCK06/SES067/SA067S14	SES085	-1.98611	-48.9435	-46.9574
BLOCK06/SES067/SA067S14	SES177	-2.03926	-48.9967	-46.9574
BLOCK06/SES067/SA067S14	SES183	-2.08326	-49.0407	-46.9574
BLOCK06/SES067/SA067S14	SES202	-0.8717	-47.8291	-46.9574
BLOCK06/SES067/SA067S21	SES144	-1.66505	-50.0793	-48.4142
BLOCK06/SES067/SA067S21	SES177	-1.30287	-49.7171	-48.4142
BLOCK06/SES067/SA067S21	SES183	-4.61167	-53.0259	-48.4142
BLOCK06/SES067/SA067S21	SES189	-1.06761	-49.4818	-48.4142
BLOCK06/SES067/SA067S25	SES085	-1.18947	-49.0218	-47.8323
BLOCK06/SES067/SA067S25	SES177	-1.35591	-49.1882	-47.8323
BLOCK06/SES067/SA067S25	SES183	-3.44485	-51.2772	-47.8323
BLOCK06/SES067/SA067S25	SES202	-0.209801	-48.0421	-47.8323
BLOCK06/SES067/SA067S29	SES085	-1.14418	-49.1353	-47.9911
BLOCK06/SES067/SA067S29	SES177	-1.51672	-49.5078	-47.9911
BLOCK06/SES067/SA067S29	SES183	-3.26549	-51.2566	-47.9911
BLOCK06/SES067/SA067S29	SES202	-0.293468	-48.2846	-47.9911
BLOCK06/SES069/SA069S12	SES029	-3.21317	-49.7012	-46.488
BLOCK06/SES069/SA069S12	SES082	-1.41483	-47.9029	-46.488
BLOCK06/SES069/SA069S12	SES087	-2.76541	-49.2534	-46.488
BLOCK06/SES069/SA069S12	SES206	-2.12795	-48.616	-46.488
BLOCK06/SES069/SA069S13	SES029	-3.56538	-50.2439	-46.6785
BLOCK06/SES069/SA069S13	SES087	-2.9163	-49.5948	-46.6785
BLOCK06/SES069/SA069S13	SES206	-3.1168	-49.7953	-46.6785
BLOCK06/SES069/SA069S13	SES226	-2.16365	-48.8422	-46.6785
BLOCK06/SES069/SA069S23	SES029	-1.68063	-46.8508	-45.1702
BLOCK06/SES069/SA069S23	SES087	-2.52674	-47.6969	-45.1702
BLOCK06/SES069/SA069S23	SES206	-2.21257	-47.3827	-45.1702
BLOCK06/SES069/SA069S23	SES226	-1.39081	-46.561	-45.1702
BLOCK06/SES069/SA069S25	SES087	-2.13051	-47.9856	-45.8551
BLOCK06/SES069/SA069S25	SES206	-3.01415	-48.8692	-45.8551
BLOCK06/SES069/SA069S25	SES226	-2.15014	-48.0052	-45.8551
BLOCK06/SES069/SA069S25	SES270	-2.30795	-48.163	-45.8551
BLOCK06/SES069/SA069S27	SES087	-3.26607	-49.2392	-45.9731
BLOCK06/SES069/SA069S27	SES206	-2.21304	-48.1862	-45.9731
BLOCK06/SES069/SA069S27	SES226	-1.42751	-47.4006	-45.9731
BLOCK06/SES069/SA069S27	SES270	-2.26596	-48.2391	-45.9731
BLOCK08/SES081/SA081S11	SES060	-1.06261	-48.1341	-47.0715
BLOCK08/SES081/SA081S11	SES062	-3.3928	-50.4643	-47.0715
BLOCK08/SES081/SA081S11	SES117	-3.28473	-50.3562	-47.0715
BLOCK08/SES081/SA081S11	SES162	-1.58198	-48.6535	-47.0715
BLOCK08/SES081/SA081S13	SES016	-0.825211	-47.5846	-46.7593
BLOCK08/SES081/SA081S13	SES060	-0.29039	-47.0497	-46.7593
BLOCK08/SES081/SA081S13	SES068	-0.237724	-46.9971	-46.7593
BLOCK08/SES081/SA081S13	SES129	-1.96917	-48.7285	-46.7593
BLOCK08/SES081/SA081S24	SES060	-0.397739	-47.659	-47.2613
BLOCK08/SES081/SA081S24	SES068	-0.950153	-48.2114	-47.2613
BLOCK08/SES081/SA081S24	SES117	-2.70634	-49.9676	-47.2613
BLOCK08/SES081/SA081S24	SES275	-2.56936	-49.8306	-47.2613
BLOCK08/SES081/SA081S27	SES007	-0.825916	-48.4691	-47.6432
BLOCK08/SES081/SA081S27	SES060	-0.870571	-48.5138	-47.6432
BLOCK08/SES081/SA081S27	SES117	-1.26303	-48.9062	-47.6432
BLOCK08/SES081/SA081S27	SES275	-2.003	-49.6462	-47.6432
BLOCK08/SES081/SA081S29	SES007	-1.12563	-48.4444	-47.3188
BLOCK08/SES081/SA081S29	SES060	-0.736027	-48.0548	-47.3188
BLOCK08/SES081/SA081S29	SES117	-2.13886	-49.4577	-47.3188
BLOCK08/SES081/SA081S29	SES275	-2.37525	-49.694	-47.3188
BLOCK08/SES086/SA086S11	SES029	-5.17251	-53.4971	-48.3246
BLOCK08/SES086/SA086S11	SES082	-2.8804	-51.205	-48.3246
BLOCK08/SES086/SA086S11	SES087	-0.836895	-49.1615	-48.3246
BLOCK08/SES086/SA086S11	SES206	-2.81664	-51.1413	-48.3246
BLOCK08/SES086/SA086S12	SES029	-4.62157	-52.2673	-47.6457
BLOCK08/SES086/SA086S12	SES082	-2.91122	-50.5569	-47.6457
BLOCK08/SES086/SA086S12	SES087	-0.171482	-47.8172	-47.6457
BLOCK08/SES086/SA086S12	SES206	-2.49486	-50.1405	-47.6457
BLOCK08/SES086/SA086S20	SES029	-4.66298	-51.1451	-46.4821
BLOCK08/SES086/SA086S20	SES082	-3.13889	-49.621	-46.4821
BLOCK08/SES086/SA086S20	SES087	-0.168697	-46.6508	-46.4821
BLOCK08/SES086/SA086S20	SES206	-1.59153	-48.0737	-46.4821
BLOCK08/SES086/SA086S24	SES087	-0.767723	-48.5882	-47.8205
BLOCK08/SES086/SA086S24	SES104	-2.33994	-50.1604	-47.8205
BLOCK08/SES086/SA086S24	SES120	-4.68339	-52.5039	-47.8205
BLOCK08/SES086/SA086S24	SES206	-1.08097	-48.9014	-47.8205
BLOCK08/SES086/SA086S28	SES029	-3.41239	-50.0548	-46.6424
BLOCK08/SES086/SA086S28	SES082	-2.02733	-48.6698	-46.6424
BLOCK08/SES086/SA086S28	SES087	-0.647312	-47.2897	-46.6424
BLOCK08/SES086/SA086S28	SES206	-1.12132	-47.7638	-46.6424
BLOCK08/SES089/SA089S13	SES087	-2.63741	-49.9916	-47.3542
BLOCK08/SES089/SA089S13	SES206	-3.41843	-50.7727	-47.3542
BLOCK08/SES089/SA089S13	SES226	-1.75828	-49.1125	-47.3542
BLOCK08/SES089/SA089S13	SES270	-4.48273	-51.837	-47.3542
BLOCK08/SES089/SA089S14	SES062	-2.22932	-49.3515	-47.1222
BLOCK08/SES089/SA089S14	SES087	-0.968159	-48.0904	-47.1222
BLOCK08/SES089/SA089S14	SES206	-1.86451	-48.9867	-47.1222
BLOCK08/SES089/SA089S14	SES226	-0.915272	-48.0375	-47.1222
BLOCK08/SES089/SA089S23	SES087	-2.43008	-50.1632	-47.7331
BLOCK08/SES089/SA089S23	SES206	-3.67961	-51.4128	-47.7331
BLOCK08/SES089/SA089S23	SES226	-1.61189	-49.345	-47.7331
BLOCK08/SES089/SA089S23	SES270	-4.89849	-52.6316	-47.7331
BLOCK08/SES089/SA089S25	SES062	-3.12196	-50.1628	-47.0408
BLOCK08/SES089/SA089S25	SES087	-1.91111	-48.952	-47.0408
BLOCK08/SES089/SA089S25	SES206	-3.48301	-50.5239	-47.0408
BLOCK08/SES089/SA089S25	SES226	-1.36875	-48.4096	-47.0408
BLOCK08/SES089/SA089S28	SES062	-1.63461	-48.8468	-47.2122
BLOCK08/SES089/SA089S28	SES087	-1.39187	-48.6041	-47.2122
BLOCK08/SES089/SA089S28	SES206	-2.09998	-49.3122	-47.2122
BLOCK08/SES089/SA089S28	SES226	-0.607117	-47.8193	-47.2122
BLOCK09/SES097/SA097S11	SES099	-0.518169	-48.0218	-47.5036
BLOCK09/SES097/SA097S11	SES125	-2.92367	-50.4273	-47.5036
BLOCK09/SES097/SA097S11	SES206	-1.99384	-49.4975	-47.5036
BLOCK09/SES097/SA097S11	SES226	-1.37549	-48.8791	-47.5036
BLOCK09/SES097/SA097S14	SES062	-3.37728	-51.0794	-47.7021
BLOCK09/SES097/SA097S14	SES099	-1.89769	-49.5998	-47.7021
BLOCK09/SES097/SA097S14	SES104	-1.83568	-49.5378	-47.7021
BLOCK09/SES097/SA097S14	SES206	-2.71973	-50.4219	-47.7021
BLOCK09/SES097/SA097S22	SES099	-0.8671	-48.7371	-47.87
BLOCK09/SES097/SA097S22	SES206	-1.98157	-49.8516	-47.87
BLOCK09/SES097/SA097S22	SES226	-1.52489	-49.3949	-47.87
BLOCK09/SES097/SA097S22	SES270	-0.723267	-48.5933	-47.87
BLOCK09/SES097/SA097S26	SES099	-0.803749	-47.7318	-46.928
BLOCK09/SES097/SA097S26	SES120	-3.10943	-50.0375	-46.928
BLOCK09/SES097/SA097S26	SES206	-2.61226	-49.5403	-46.928
BLOCK09/SES097/SA097S26	SES226	-1.99342	-48.9215	-46.928
BLOCK09/SES097/SA097S28	SES099	-1.30819	-48.6628	-47.3546
BLOCK09/SES097/SA097S28	SES120	-3.08727	-50.4419	-47.3546
BLOCK09/SES097/SA097S28	SES206	-2.47542	-49.83	-47.3546
BLOCK09/SES097/SA097S28	SES226	-2.11707	-49.4717	-47.3546
BLOCK09/SES098/SA098S11	SES127	-2.96519	-52.2281	-49.2629
BLOCK09/SES098/SA098S11	SES144	-3.05553	-52.3185	-49.2629
BLOCK09/SES098/SA098S11	SES147	-0.772942	-50.0359	-49.2629
BLOCK09/SES098/SA098S11	SES148	-3.52012	-52.7831	-49.2629
BLOCK09/SES098/SA098S12	SES127	-4.63838	-55.2888	-50.6505
BLOCK09/SES098/SA098S12	SES144	-3.22197	-53.8724	-50.6505
BLOCK09/SES098/SA098S12	SES147	-1.69502	-52.3455	-50.6505
BLOCK09/SES098/SA098S12	SES189	-1.05145	-51.7019	-50.6505
BLOCK09/SES098/SA098S20	SES127	-4.19267	-53.5818	-49.3892
BLOCK09/SES098/SA098S20	SES147	-1.56393	-50.9531	-49.3892
BLOCK09/SES098/SA098S20	SES148	-3.95514	-53.3443	-49.3892
BLOCK09/SES098/SA098S20	SES292	-5.88657	-55.2757	-49.3892
BLOCK09/SES098/SA098S23	SES127	-2.16589	-51.0823	-48.9164
BLOCK09/SES098/SA098S23	SES147	-0.815979	-49.7324	-48.9164
BLOCK09/SES098/SA098S23	SES187	-0.90921	-49.8256	-48.9164
BLOCK09/SES098/SA098S23	SES292	-3.83593	-52.7523	-48.9164
BLOCK09/SES098/SA098S27	SES127	-4.15602	-53.1903	-49.0342
BLOCK09/SES098/SA098S27	SES147	-2.65457	-51.6888	-49.0342
BLOCK09/SES098/SA098S27	SES148	-4.58546	-53.6197	-49.0342
BLOCK09/SES098/SA098S27	SES292	-4.29493	-53.3292	-49.0342
BLOCK10/SES102/SA102S13	SES101	-1.36121	-50.2098	-48.8486
BLOCK10/SES102/SA102S13	SES105	-1.93174	-50.7803	-48.8486
BLOCK10/SES102/SA102S13	SES120	-1.80587	-50.6544	-48.8486
BLOCK10/SES102/SA102S13	SES158	-6.38141	-55.23	-48.8486
BLOCK10/SES102/SA102S14	SES007	-0.274052	-47.0776	-46.8036
BLOCK10/SES102/SA102S14	SES101	-0.462288	-47.2659	-46.8036
BLOCK10/SES102/SA102S14	SES105	-0.604134	-47.4077	-46.8036
BLOCK10/SES102/SA102S14	SES147	-4.75346	-51.5571	-46.8036
BLOCK10/SES102/SA102S22	SES007	-0.828152	-47.8568	-47.0287
BLOCK10/SES102/SA102S22	SES101	-0.328045	-47.3567	-47.0287
BLOCK10/SES102/SA102S22	SES105	-0.881767	-47.9104	-47.0287
BLOCK10/SES102/SA102S22	SES158	-3.27632	-50.305	-47.0287
BLOCK10/SES102/SA102S25	SES007	-1.23087	-48.3057	-47.0749
BLOCK10/SES102/SA102S25	SES101	-0.403358	-47.4782	-47.0749
BLOCK10/SES102/SA102S25	SES105	-0.920437	-47.9953	-47.0749
BLOCK10/SES102/SA102S25	SES147	-5.98333	-53.0582	-47.0749
BLOCK10/SES102/SA102S27	SES007	-1.04634	-48.7417	-47.6954
BLOCK10/SES102/SA102S27	SES101	-1.04199	-48.7374	-47.6954
BLOCK10/SES102/SA102S27	SES105	-1.31894	-49.0143	-47.6954
BLOCK10/SES102/SA102S27	SES147	-4.05163	-51.747	-47.6954
BLOCK10/SES103/SA103S14	SES105	-3.61718	-51.7568	-48.1396
BLOCK10/SES103/SA103S14	SES106	-1.49965	-49.6392	-48.1396
BLOCK10/SES103/SA103S14	SES120	-4.65279	-52.7924	-48.1396
BLOCK10/SES103/SA103S14	SES206	-2.84666	-50.9863	-48.1396
BLOCK10/SES103/SA103S15	SES099	-2.19187	-51.0838	-48.8919
BLOCK10/SES103/SA103S15	SES101	-4.9492	-53.8411	-48.8919
BLOCK10/SES103/SA103S15	SES104	-2.21795	-51.1098	-48.8919
BLOCK10/SES103/SA103S15	SES125	-2.12319	-51.0151	-48.8919
BLOCK10/SES103/SA103S24	SES104	-1.97372	-49.5904	-47.6167
BLOCK10/SES103/SA103S24	SES125	-2.21568	-49.8324	-47.6167
BLOCK10/SES103/SA103S24	SES148	-4.22418	-51.8409	-47.6167
BLOCK10/SES103/SA103S24	SES158	-1.4352	-49.0519	-47.6167
BLOCK10/SES103/SA103S26	SES104	-2.24758	-50.2642	-48.0166
BLOCK10/SES103/SA103S26	SES106	-1.93778	-49.9544	-48.0166
BLOCK10/SES103/SA103S26	SES125	-2.0457	-50.0623	-48.0166
BLOCK10/SES103/SA103S26	SES148	-5.05963	-53.0762	-48.0166
BLOCK10/SES103/SA103S28	SES104	-2.60754	-50.4164	-47.8088
BLOCK10/SES103/SA103S28	SES106	-2.17076	-49.9796	-47.8088
BLOCK10/SES103/SA103S28	SES125	-3.13374	-50.9426	-47.8088
BLOCK10/SES103/SA103S28	SES206	-3.23317	-51.042	-47.8088
BLOCK12/SES121/SA121S12	SES042	-2.33298	-51.9197	-49.5867
BLOCK12/SES121/SA121S12	SES087	-1.95419	-51.5409	-49.5867
BLOCK12/SES121/SA121S12	SES105	-1.34697	-50.9337	-49.5867
BLOCK12/SES121/SA121S12	SES206	-1.62795	-51.2147	-49.5867
BLOCK12/SES121/SA121S14	SES007	-3.31638	-53.2554	-49.939
BLOCK12/SES121/SA121S14	SES105	-3.09478	-53.0338	-49.939
BLOCK12/SES121/SA121S14	SES106	-2.3674	-52.3064	-49.939
BLOCK12/SES121/SA121S14	SES206	-3.35277	-53.2918	-49.939
BLOCK12/SES121/SA121S23	SES105	-3.07175	-52.8658	-49.794
BLOCK12/SES121/SA121S23	SES106	-2.15009	-51.9441	-49.794
BLOCK12/SES121/SA121S23	SES120	-3.55997	-53.354	-49.794
BLOCK12/SES121/SA121S23	SES206	-1.72018	-51.5142	-49.794
BLOCK12/SES121/SA121S25	SES007	-3.37134	-53.8868	-50.5155
BLOCK12/SES121/SA121S25	SES105	-3.46438	-53.9799	-50.5155
BLOCK12/SES121/SA121S25	SES106	-1.63997	-52.1554	-50.5155
BLOCK12/SES121/SA121S25	SES206	-2.56521	-53.0807	-50.5155
BLOCK12/SES121/SA121S27	SES087	-0.912838	-50.371	-49.4581
BLOCK12/SES121/SA121S27	SES105	-4.36994	-53.8281	-49.4581
BLOCK12/SES121/SA121S27	SES120	-3.01259	-52.4707	-49.4581
BLOCK12/SES121/SA121S27	SES206	-2.62052	-52.0786	-49.4581
BLOCK12/SES124/SA124S16	SES042	-0.811607	-48.0656	-47.254
BLOCK12/SES124/SA124S16	SES082	-1.1413	-48.3953	-47.254
BLOCK12/SES124/SA124S16	SES183	-4.43229	-51.6862	-47.254
BLOCK12/SES124/SA124S16	SES206	-1.09713	-48.3511	-47.254
BLOCK12/SES124/SA124S17	SES105	-2.46124	-51.1391	-48.6778
BLOCK12/SES124/SA124S17	SES149	-2.84033	-51.5182	-48.6778
BLOCK12/SES124/SA124S17	SES158	-3.34249	-52.0203	-48.6778
BLOCK12/SES124/SA124S17	SES275	-3.61644	-52.2943	-48.6778
BLOCK12/SES124/SA124S23	SES105	-3.08117	-49.4413	-46.3601
BLOCK12/SES124/SA124S23	SES125	0.0796509	-46.2805	-46.3601
BLOCK12/SES124/SA124S23	SES129	-4.03114	-50.3913	-46.3601
BLOCK12/SES124/SA124S23	SES158	-1.50476	-47.8649	-46.3601
BLOCK12/SES124/SA124S26	SES105	-3.75676	-50.9827	-47.2259
BLOCK12/SES124/SA124S26	SES125	0.0494156	-47.1765	-47.2259
BLOCK12/SES124/SA124S26	SES129	-4.33845	-51.5644	-47.2259
BLOCK12/SES124/SA124S26	SES158	-2.26843	-49.4944	-47.2259
BLOCK12/SES124/SA124S28	SES104	-0.981014	-48.074	-47.093
BLOCK12/SES124/SA124S28	SES106	-0.457165	-47.5502	-47.093
BLOCK12/SES124/SA124S28	SES125	0.319782	-46.7732	-47.093
BLOCK12/SES124/SA124S28	SES275	-3.91903	-51.012	-47.093
BLOCK12/SES126/SA126S13	SES007	-2.86018	-52.42	-49.5598
BLOCK12/SES126/SA126S13	SES162	-1.35516	-50.915	-49.5598
BLOCK12/SES126/SA126S13	SES177	-0.92247	-50.4823	-49.5598
BLOCK12/SES126/SA126S13	SES180	-1.59642	-51.1562	-49.5598
BLOCK12/SES126/SA126S14	SES144	-0.812977	-48.6164	-47.8034
BLOCK12/SES126/SA126S14	SES148	-1.75887	-49.5623	-47.8034
BLOCK12/SES126/SA126S14	SES177	-0.810417	-48.6139	-47.8034
BLOCK12/SES126/SA126S14	SES180	-1.1454	-48.9488	-47.8034
BLOCK12/SES126/SA126S20	SES007	-1.98406	-50.098	-48.1139
BLOCK12/SES126/SA126S20	SES162	-2.04556	-50.1595	-48.1139
BLOCK12/SES126/SA126S20	SES172	-3.55548	-51.6694	-48.1139
BLOCK12/SES126/SA126S20	SES180	-2.25524	-50.3692	-48.1139
BLOCK12/SES126/SA126S24	SES120	-1.57384	-49.6281	-48.0542
BLOCK12/SES126/SA126S24	SES162	-1.34852	-49.4028	-48.0542
BLOCK12/SES126/SA126S24	SES177	-0.773754	-48.828	-48.0542
BLOCK12/SES126/SA126S24	SES180	-0.754433	-48.8087	-48.0542
BLOCK12/SES126/SA126S26	SES120	-1.32715	-49.402	-48.0748
BLOCK12/SES126/SA126S26	SES177	-1.29979	-49.3746	-48.0748
BLOCK12/SES126/SA126S26	SES180	-0.97876	-49.0536	-48.0748
BLOCK12/SES126/SA126S26	SES202	-3.44964	-51.5245	-48.0748
BLOCK12/SES128/SA128S10	SES087	-3.44732	-50.9887	-47.5414
BLOCK12/SES128/SA128S10	SES206	-2.57481	-50.1162	-47.5414
BLOCK12/SES128/SA128S10	SES226	-2.08208	-49.6234	-47.5414
BLOCK12/SES128/SA128S10	SES270	-2.30409	-49.8454	-47.5414
BLOCK12/SES128/SA128S12	SES120	-2.75343	-50.3702	-47.6168
BLOCK12/SES128/SA128S12	SES158	-2.42258	-50.0393	-47.6168
BLOCK12/SES128/SA128S12	SES206	-1.63296	-49.2497	-47.6168
BLOCK12/SES128/SA128S12	SES226	-2.22658	-49.8433	-47.6168
BLOCK12/SES128/SA128S21	SES106	-4.2225	-52.7678	-48.5453
BLOCK12/SES128/SA128S21	SES120	-3.34991	-51.8952	-48.5453
BLOCK12/SES128/SA128S21	SES206	-3.93334	-52.4786	-48.5453
BLOCK12/SES128/SA128S21	SES226	-2.45464	-50.9999	-48.5453
BLOCK12/SES128/SA128S24	SES087	-3.77501	-51.9456	-48.1706
BLOCK12/SES128/SA128S24	SES120	-2.0435	-50.2141	-48.1706
BLOCK12/SES128/SA128S24	SES206	-3.20925	-51.3798	-48.1706
BLOCK12/SES128/SA128S24	SES226	-2.42752	-50.5981	-48.1706
BLOCK12/SES128/SA128S27	SES099	-2.58919	-49.8726	-47.2834
BLOCK12/SES128/SA128S27	SES120	-2.49406	-49.7775	-47.2834
BLOCK12/SES128/SA128S27	SES206	-2.75823	-50.0417	-47.2834
BLOCK12/SES128/SA128S27	SES226	-1.39427	-48.6777	-47.2834
BLOCK13/SES130/SA130S13	SES143	-3.98973	-53.6464	-49.6567
BLOCK13/SES130/SA130S13	SES144	-0.0671005	-49.7238	-49.6567
BLOCK13/SES130/SA130S13	SES146	-1.53797	-51.1946	-49.6567
BLOCK13/SES130/SA130S13	SES275	-3.13992	-52.7966	-49.6567
BLOCK13/SES130/SA130S15	SES143	-2.59805	-50.9311	-48.333
BLOCK13/SES130/SA130S15	SES144	-0.115978	-48.449	-48.333
BLOCK13/SES130/SA130S15	SES146	-0.721733	-49.0548	-48.333
BLOCK13/SES130/SA130S15	SES275	-1.521	-49.854	-48.333
BLOCK13/SES130/SA130S23	SES127	-3.51697	-53.4348	-49.9178
BLOCK13/SES130/SA130S23	SES144	-1.32667	-51.2445	-49.9178
BLOCK13/SES130/SA130S23	SES146	-0.592533	-50.5103	-49.9178
BLOCK13/SES130/SA130S23	SES162	-1.9773	-51.8951	-49.9178
BLOCK13/SES130/SA130S25	SES127	-2.51654	-50.5063	-47.9898
BLOCK13/SES130/SA130S25	SES144	-1.27229	-49.2621	-47.9898
BLOCK13/SES130/SA130S25	SES146	-1.0011	-48.9909	-47.9898
BLOCK13/SES130/SA130S25	SES275	-1.06962	-49.0594	-47.9898
BLOCK13/SES130/SA130S28	SES127	-1.11795	-49.6469	-48.529
BLOCK13/SES130/SA130S28	SES144	-0.827869	-49.3569	-48.529
BLOCK13/SES130/SA130S28	SES146	-0.53561	-49.0646	-48.529
BLOCK13/SES130/SA130S28	SES275	-0.488968	-49.018	-48.529
BLOCK13/SES131/SA131S13	SES002	-2.865	-52.5759	-49.7109
BLOCK13/SES131/SA131S13	SES007	-3.9114	-53.6223	-49.7109
BLOCK13/SES131/SA131S13	SES099	-2.73417	-52.4451	-49.7109
BLOCK13/SES131/SA131S13	SES105	-2.84706	-52.558	-49.7109
BLOCK13/SES131/SA131S14	SES104	-2.53399	-50.5374	-48.0034
BLOCK13/SES131/SA131S14	SES106	-2.11164	-50.1151	-48.0034
BLOCK13/SES131/SA131S14	SES125	-1.58067	-49.5841	-48.0034
BLOCK13/SES131/SA131S14	SES148	-2.31225	-50.3157	-48.0034
BLOCK13/SES131/SA131S20	SES104	-2.87709	-51.8172	-48.9401
BLOCK13/SES131/SA131S20	SES106	-2.03436	-50.9744	-48.9401
BLOCK13/SES131/SA131S20	SES125	-2.16806	-51.1081	-48.9401
BLOCK13/SES131/SA131S20	SES148	-4.58398	-53.524	-48.9401
BLOCK13/SES131/SA131S22	SES099	-1.99639	-50.356	-48.3596
BLOCK13/SES131/SA131S22	SES104	-2.71971	-51.0794	-48.3596
BLOCK13/SES131/SA131S22	SES125	-1.8713	-50.2309	-48.3596
BLOCK13/SES131/SA131S22	SES206	-2.47364	-50.8333	-48.3596
BLOCK13/SES131/SA131S29	SES087	-0.860069	-50.0702	-49.2101
BLOCK13/SES131/SA131S29	SES104	-3.37235	-52.5825	-49.2101
BLOCK13/SES131/SA131S29	SES125	-2.19557	-51.4057	-49.2101
BLOCK13/SES131/SA131S29	SES206	-2.13065	-51.3408	-49.2101
BLOCK13/SES132/SA132S11	SES083	-1.55371	-49.2472	-47.6935
BLOCK13/SES132/SA132S11	SES120	-0.336201	-48.0297	-47.6935
BLOCK13/SES132/SA132S11	SES127	-0.971188	-48.6647	-47.6935
BLOCK13/SES132/SA132S11	SES275	-1.36775	-49.0612	-47.6935
BLOCK13/SES132/SA132S12	SES083	-1.63186	-48.9616	-47.3298
BLOCK13/SES132/SA132S12	SES143	-2.68763	-50.0174	-47.3298
BLOCK13/SES132/SA132S12	SES144	-0.195168	-47.5249	-47.3298
BLOCK13/SES132/SA132S12	SES148	-1.12489	-48.4547	-47.3298
BLOCK13/SES132/SA132S22	SES062	-1.02423	-48.4321	-47.4079
BLOCK13/SES132/SA132S22	SES083	-0.970329	-48.3782	-47.4079
BLOCK13/SES132/SA132S22	SES127	-0.777092	-48.185	-47.4079
BLOCK13/SES132/SA132S22	SES275	-1.18298	-48.5909	-47.4079
BLOCK13/SES132/SA132S24	SES007	-1.01972	-48.1613	-47.1415
BLOCK13/SES132/SA132S24	SES083	-1.85504	-48.9966	-47.1415
BLOCK13/SES132/SA132S24	SES127	-1.52834	-48.6699	-47.1415
BLOCK13/SES132/SA132S24	SES275	-1.72997	-48.8715	-47.1415
BLOCK13/SES132/SA132S27	SES083	-2.46417	-50.4933	-48.0292
BLOCK13/SES132/SA132S27	SES120	-0.311535	-48.3407	-48.0292
BLOCK13/SES132/SA132S27	SES127	-2.46927	-50.4984	-48.0292
BLOCK13/SES132/SA132S27	SES275	-2.18708	-50.2162	-48.0292
BLOCK14/SES141/SA141S09	SES143	-0.978424	-49.1049	-48.1265
BLOCK14/SES141/SA141S09	SES144	-0.966064	-49.0926	-48.1265
BLOCK14/SES141/SA141S09	SES162	-0.792519	-48.919	-48.1265
BLOCK14/SES141/SA141S09	SES180	-1.19164	-49.3181	-48.1265
BLOCK14/SES141/SA141S15	SES127	-1.30136	-49.347	-48.0457
BLOCK14/SES141/SA141S15	SES144	-0.875736	-48.9214	-48.0457
BLOCK14/SES141/SA141S15	SES162	-0.735718	-48.7814	-48.0457
BLOCK14/SES141/SA141S15	SES180	-0.325218	-48.3709	-48.0457
BLOCK14/SES141/SA141S24	SES127	-0.587925	-48.4213	-47.8334
BLOCK14/SES141/SA141S24	SES144	-1.58904	-49.4224	-47.8334
BLOCK14/SES141/SA141S24	SES162	-0.29578	-48.1291	-47.8334
BLOCK14/SES141/SA141S24	SES183	-3.18208	-51.0154	-47.8334
BLOCK14/SES141/SA141S26	SES142	-0.630711	-49.4936	-48.8629
BLOCK14/SES141/SA141S26	SES144	-1.15744	-50.0204	-48.8629
BLOCK14/SES141/SA141S26	SES172	-0.878582	-49.7415	-48.8629
BLOCK14/SES141/SA141S26	SES180	-0.298981	-49.1619	-48.8629
BLOCK14/SES141/SA141S29	SES127	-0.35265	-48.0898	-47.7372
BLOCK14/SES141/SA141S29	SES142	0.270218	-47.4669	-47.7372
BLOCK14/SES141/SA141S29	SES144	-0.986786	-48.7239	-47.7372
BLOCK14/SES141/SA141S29	SES180	-0.192261	-47.9294	-47.7372
BLOCK15/SES157/SA157S08	SES083	-2.76104	-51.2423	-48.4812
BLOCK15/SES157/SA157S08	SES127	-2.64407	-51.1253	-48.4812
BLOCK15/SES157/SA157S08	SES148	-1.27718	-49.7584	-48.4812
BLOCK15/SES157/SA157S08	SES292	-2.97482	-51.4561	-48.4812
BLOCK15/SES157/SA157S11	SES083	-2.9432	-50.9508	-48.0076
BLOCK15/SES157/SA157S11	SES127	-3.33406	-51.3416	-48.0076
BLOCK15/SES157/SA157S11	SES148	-2.19727	-50.2048	-48.0076
BLOCK15/SES157/SA157S11	SES292	-2.19719	-50.2048	-48.0076
BLOCK15/SES157/SA157S21	SES127	-3.28181	-51.5328	-48.2509
BLOCK15/SES157/SA157S21	SES148	-1.05075	-49.3017	-48.2509
BLOCK15/SES157/SA157S21	SES158	-5.67909	-53.93	-48.2509
BLOCK15/SES157/SA157S21	SES292	-2.15312	-50.4041	-48.2509
BLOCK15/SES157/SA157S24	SES127	-2.56216	-50.4837	-47.9215
BLOCK15/SES157/SA157S24	SES148	-0.584805	-48.5063	-47.9215
BLOCK15/SES157/SA157S24	SES183	-1.95654	-49.878	-47.9215
BLOCK15/SES157/SA157S24	SES292	-2.00731	-49.9288	-47.9215
BLOCK15/SES157/SA157S26	SES007	-1.08314	-48.8988	-47.8156
BLOCK15/SES157/SA157S26	SES127	-1.22646	-49.0421	-47.8156
BLOCK15/SES157/SA157S26	SES147	-4.26233	-52.078	-47.8156
BLOCK15/SES157/SA157S26	SES148	-1.01215	-48.8278	-47.8156
BLOCK16/SES161/SA161S10	SES007	-2.44345	-51.8731	-49.4297
BLOCK16/SES161/SA161S10	SES105	-1.52413	-50.9538	-49.4297
BLOCK16/SES161/SA161S10	SES158	-2.6262	-52.0559	-49.4297
BLOCK16/SES161/SA161S10	SES275	-1.95997	-51.3897	-49.4297
BLOCK16/SES161/SA161S12	SES007	-2.42722	-50.9021	-48.4748
BLOCK16/SES161/SA161S12	SES105	-2.56136	-51.0362	-48.4748
BLOCK16/SES161/SA161S12	SES158	-3.35167	-51.8265	-48.4748
BLOCK16/SES161/SA161S12	SES275	-2.26176	-50.7366	-48.4748
BLOCK16/SES161/SA161S20	SES007	-2.87407	-52.9496	-50.0756
BLOCK16/SES161/SA161S20	SES105	-2.24865	-52.3242	-50.0756
BLOCK16/SES161/SA161S20	SES158	-3.50115	-53.5767	-50.0756
BLOCK16/SES161/SA161S20	SES275	-2.60897	-52.6845	-50.0756
BLOCK16/SES161/SA161S23	SES007	-2.68689	-51.0864	-48.3995
BLOCK16/SES161/SA161S23	SES105	-2.08718	-50.4867	-48.3995
BLOCK16/SES161/SA161S23	SES148	-2.88461	-51.2841	-48.3995
BLOCK16/SES161/SA161S23	SES158	-3.05791	-51.4574	-48.3995
BLOCK16/SES161/SA161S28	SES007	-3.4898	-52.2786	-48.7888
BLOCK16/SES161/SA161S28	SES105	-3.00471	-51.7936	-48.7888
BLOCK16/SES161/SA161S28	SES158	-2.19762	-50.9865	-48.7888
BLOCK16/SES161/SA161S28	SES206	-2.89186	-51.6807	-48.7888
BLOCK16/SES164/SA164S11	SES104	-2.19486	-49.3782	-47.1834
BLOCK16/SES164/SA164S11	SES125	-1.53654	-48.7199	-47.1834
BLOCK16/SES164/SA164S11	SES158	-1.33132	-48.5147	-47.1834
BLOCK16/SES164/SA164S11	SES206	-2.03597	-49.2193	-47.1834
BLOCK16/SES164/SA164S13	SES099	-1.03857	-49.6293	-48.5907
BLOCK16/SES164/SA164S13	SES104	-2.64817	-51.2389	-48.5907
BLOCK16/SES164/SA164S13	SES125	-2.01055	-50.6013	-48.5907
BLOCK16/SES164/SA164S13	SES206	-2.02179	-50.6125	-48.5907
BLOCK16/SES164/SA164S24	SES002	-0.405495	-48.089	-47.6835
BLOCK16/SES164/SA164S24	SES099	-0.243877	-47.9274	-47.6835
BLOCK16/SES164/SA164S24	SES125	-1.87035	-49.5539	-47.6835
BLOCK16/SES164/SA164S24	SES226	-1.39921	-49.0827	-47.6835
BLOCK16/SES164/SA164S27	SES087	-1.59243	-50.0125	-48.4201
BLOCK16/SES164/SA164S27	SES125	-1.88916	-50.3093	-48.4201
BLOCK16/SES164/SA164S27	SES206	-2.01665	-50.4368	-48.4201
BLOCK16/SES164/SA164S27	SES226	-1.62298	-50.0431	-48.4201
BLOCK16/SES164/SA164S29	SES002	-1.01392	-48.5253	-47.5114
BLOCK16/SES164/SA164S29	SES019	-1.95556	-49.467	-47.5114
BLOCK16/SES164/SA164S29	SES125	-2.53311	-50.0445	-47.5114
BLOCK16/SES164/SA164S29	SES226	-1.8514	-49.3628	-47.5114
BLOCK16/SES169/SA169S13	SES117	-2.99314	-51.2	-48.2069
BLOCK16/SES169/SA169S13	SES144	-1.11448	-49.3214	-48.2069
BLOCK16/SES169/SA169S13	SES146	-1.54016	-49.7471	-48.2069
BLOCK16/SES169/SA169S13	SES162	-2.0806	-50.2875	-48.2069
BLOCK16/SES169/SA169S14	SES144	-2.17786	-48.7393	-46.5614
BLOCK16/SES169/SA169S14	SES148	-1.77425	-48.3357	-46.5614
BLOCK16/SES169/SA169S14	SES177	-1.55997	-48.1214	-46.5614
BLOCK16/SES169/SA169S14	SES180	-3.45026	-50.0117	-46.5614
BLOCK16/SES169/SA169S24	SES117	-2.59674	-51.4545	-48.8577
BLOCK16/SES169/SA169S24	SES144	-0.337292	-49.195	-48.8577
BLOCK16/SES169/SA169S24	SES146	-1.21823	-50.076	-48.8577
BLOCK16/SES169/SA169S24	SES162	-1.66302	-50.5208	-48.8577
BLOCK16/SES169/SA169S27	SES127	-2.46195	-50.41	-47.948
BLOCK16/SES169/SA169S27	SES129	-1.01218	-48.9602	-47.948
BLOCK16/SES169/SA169S27	SES144	-1.10577	-49.0538	-47.948
BLOCK16/SES169/SA169S27	SES146	-0.233704	-48.1817	-47.948
BLOCK16/SES169/SA169S29	SES144	-0.993645	-48.1844	-47.1907
BLOCK16/SES169/SA169S29	SES162	-1.30219	-48.4929	-47.1907
BLOCK16/SES169/SA169S29	SES177	-2.93708	-50.1278	-47.1907
BLOCK16/SES169/SA169S29	SES180	-2.79681	-49.9875	-47.1907
BLOCK17/SES171/SA171S12	SES083	-1.64215	-50.1092	-48.467
BLOCK17/SES171/SA171S12	SES148	-1.66845	-50.1355	-48.467
BLOCK17/SES171/SA171S12	SES172	-1.0507	-49.5177	-48.467
BLOCK17/SES171/SA171S12	SES292	-2.94358	-51.4106	-48.467
BLOCK17/SES171/SA171S15	SES148	-1.93264	-50.9865	-49.0538
BLOCK17/SES171/SA171S15	SES177	-1.69205	-50.7459	-49.0538
BLOCK17/SES171/SA171S15	SES180	-3.93398	-52.9878	-49.0538
BLOCK17/SES171/SA171S15	SES292	-4.57331	-53.6271	-49.0538
BLOCK17/SES171/SA171S22	SES007	-1.81761	-49.5217	-47.7041
BLOCK17/SES171/SA171S22	SES148	-1.48388	-49.188	-47.7041
BLOCK17/SES171/SA171S22	SES177	-0.707119	-48.4113	-47.7041
BLOCK17/SES171/SA171S22	SES180	-2.71846	-50.4226	-47.7041
BLOCK17/SES171/SA171S25	SES101	-2.44254	-51.438	-48.9954
BLOCK17/SES171/SA171S25	SES120	-2.86609	-51.8615	-48.9954
BLOCK17/SES171/SA171S25	SES177	-1.25901	-50.2545	-48.9954
BLOCK17/SES171/SA171S25	SES180	-3.41095	-52.4064	-48.9954
BLOCK17/SES171/SA171S27	SES177	-0.760601	-49.1445	-48.3839
BLOCK17/SES171/SA171S27	SES180	-2.35354	-50.7374	-48.3839
BLOCK17/SES171/SA171S27	SES189	-0.804707	-49.1886	-48.3839
BLOCK17/SES171/SA171S27	SES292	-3.28685	-51.6707	-48.3839
BLOCK17/SES173/SA173S13	SES162	-2.20235	-51.3732	-49.1708
BLOCK17/SES173/SA173S13	SES177	-2.49894	-51.6698	-49.1708
BLOCK17/SES173/SA173S13	SES180	-2.64169	-51.8125	-49.1708
BLOCK17/SES173/SA173S13	SES292	-2.93569	-52.1065	-49.1708
BLOCK17/SES173/SA173S14	SES007	-3.29327	-52.6409	-49.3476
BLOCK17/SES173/SA173S14	SES162	-2.00406	-51.3517	-49.3476
BLOCK17/SES173/SA173S14	SES177	-1.54942	-50.8971	-49.3476
BLOCK17/SES173/SA173S14	SES180	-2.93233	-52.28	-49.3476
BLOCK17/SES173/SA173S24	SES144	-2.18002	-52.1088	-49.9288
BLOCK17/SES173/SA173S24	SES162	-2.2796	-52.2084	-49.9288
BLOCK17/SES173/SA173S24	SES177	-1.35886	-51.2877	-49.9288
BLOCK17/SES173/SA173S24	SES180	-3.80318	-53.732	-49.9288
BLOCK17/SES173/SA173S27	SES162	-3.34914	-52.1917	-48.8425
BLOCK17/SES173/SA173S27	SES177	-2.22331	-51.0658	-48.8425
BLOCK17/SES173/SA173S27	SES180	-3.03024	-51.8728	-48.8425
BLOCK17/SES173/SA173S27	SES292	-4.89199	-53.7345	-48.8425
BLOCK17/SES173/SA173S29	SES162	-2.70419	-51.7267	-49.0225
BLOCK17/SES173/SA173S29	SES175	-1.09828	-50.1207	-49.0225
BLOCK17/SES173/SA173S29	SES177	-2.00343	-51.0259	-49.0225
BLOCK17/SES173/SA173S29	SES292	-4.70015	-53.7226	-49.0225
BLOCK18/SES182/SA182S10	SES144	-1.54862	-49.7001	-48.1515
BLOCK18/SES182/SA182S10	SES177	-1.71658	-49.8681	-48.1515
BLOCK18/SES182/SA182S10	SES180	-2.52017	-50.6717	-48.1515
BLOCK18/SES182/SA182S10	SES275	-1.13306	-49.2846	-48.1515
BLOCK18/SES182/SA182S12	SES144	-0.498943	-48.2977	-47.7988
BLOCK18/SES182/SA182S12	SES177	-1.12052	-48.9193	-47.7988
BLOCK18/SES182/SA182S12	SES180	-1.56676	-49.3656	-47.7988
BLOCK18/SES182/SA182S12	SES275	-1.4889	-49.2877	-47.7988
BLOCK18/SES182/SA182S21	SES117	-1.2052	-50.2286	-49.0234
BLOCK18/SES182/SA182S21	SES144	-1.08591	-50.1093	-49.0234
BLOCK18/SES182/SA182S21	SES162	-0.291752	-49.3151	-49.0234
BLOCK18/SES182/SA182S21	SES180	-1.60332	-50.6267	-49.0234
BLOCK18/SES182/SA182S23	SES117	-1.59083	-50.0584	-48.4676
BLOCK18/SES182/SA182S23	SES144	-1.72312	-50.1907	-48.4676
BLOCK18/SES182/SA182S23	SES180	-2.1005	-50.5681	-48.4676
BLOCK18/SES182/SA182S23	SES275	-1.24939	-49.717	-48.4676
BLOCK18/SES182/SA182S25	SES007	-1.18299	-49.6499	-48.4669
BLOCK18/SES182/SA182S25	SES162	-0.781803	-49.2487	-48.4669
BLOCK18/SES182/SA182S25	SES177	-1.25602	-49.723	-48.4669
BLOCK18/SES182/SA182S25	SES180	-1.5284	-49.9953	-48.4669
BLOCK18/SES184/SA184S12	SES177	-2.29118	-50.5801	-48.2889
BLOCK18/SES184/SA184S12	SES180	-1.79864	-50.0875	-48.2889
BLOCK18/SES184/SA184S12	SES189	-2.37945	-50.6683	-48.2889
BLOCK18/SES184/SA184S12	SES292	-2.25373	-50.5426	-48.2889
BLOCK18/SES184/SA184S13	SES101	-1.68435	-49.8671	-48.1828
BLOCK18/SES184/SA184S13	SES177	-1.53617	-49.7189	-48.1828
BLOCK18/SES184/SA184S13	SES180	-1.73455	-49.9173	-48.1828
BLOCK18/SES184/SA184S13	SES292	-1.53164	-49.7144	-48.1828
BLOCK18/SES184/SA184S22	SES177	-1.69963	-49.2823	-47.5826
BLOCK18/SES184/SA184S22	SES180	-1.45587	-49.0385	-47.5826
BLOCK18/SES184/SA184S22	SES189	-3.08942	-50.672	-47.5826
BLOCK18/SES184/SA184S22	SES292	-1.86439	-49.447	-47.5826
BLOCK18/SES184/SA184S25	SES101	-0.587063	-47.7477	-47.1606
BLOCK18/SES184/SA184S25	SES177	-1.68526	-48.8459	-47.1606
BLOCK18/SES184/SA184S25	SES180	-0.983761	-48.1444	-47.1606
BLOCK18/SES184/SA184S25	SES292	-1.06897	-48.2296	-47.1606
BLOCK18/SES184/SA184S27	SES083	-1.8105	-49.5078	-47.6973
BLOCK18/SES184/SA184S27	SES177	-1.69078	-49.3881	-47.6973
BLOCK18/SES184/SA184S27	SES202	-2.96852	-50.6658	-47.6973
BLOCK18/SES184/SA184S27	SES292	-2.08143	-49.7787	-47.6973
BLOCK20/SES204/SA204S12	SES062	-2.81035	-49.8653	-47.055
BLOCK20/SES204/SA204S12	SES083	-3.38541	-50.4404	-47.055
BLOCK20/SES204/SA204S12	SES206	-1.64671	-48.7017	-47.055
BLOCK20/SES204/SA204S12	SES226	-2.31804	-49.373	-47.055
BLOCK20/SES204/SA204S14	SES068	-3.59959	-50.084	-46.4844
BLOCK20/SES204/SA204S14	SES087	-1.35125	-47.8356	-46.4844
BLOCK20/SES204/SA204S14	SES206	-2.91278	-49.3971	-46.4844
BLOCK20/SES204/SA204S14	SES226	-2.19197	-48.6763	-46.4844
BLOCK20/SES204/SA204S22	SES068	-4.31984	-51.7421	-47.4223
BLOCK20/SES204/SA204S22	SES082	-3.55255	-50.9749	-47.4223
BLOCK20/SES204/SA204S22	SES083	-4.76918	-52.1915	-47.4223
BLOCK20/SES204/SA204S22	SES206	-2.31876	-49.7411	-47.4223
BLOCK20/SES204/SA204S25	SES062	-3.72387	-51.0361	-47.3122
BLOCK20/SES204/SA204S25	SES083	-4.41006	-51.7222	-47.3122
BLOCK20/SES204/SA204S25	SES206	-1.86257	-49.1748	-47.3122
BLOCK20/SES204/SA204S25	SES226	-2.45055	-49.7627	-47.3122
BLOCK20/SES204/SA204S27	SES068	-4.83639	-52.5955	-47.7591
BLOCK20/SES204/SA204S27	SES082	-3.40589	-51.165	-47.7591
BLOCK20/SES204/SA204S27	SES087	-1.53388	-49.293	-47.7591
BLOCK20/SES204/SA204S27	SES206	-2.24243	-50.0015	-47.7591
BLOCK20/SES207/SA207S10	SES127	-1.72495	-49.8699	-48.1449
BLOCK20/SES207/SA207S10	SES183	-2.42361	-50.5685	-48.1449
BLOCK20/SES207/SA207S10	SES189	-1.91872	-50.0636	-48.1449
BLOCK20/SES207/SA207S10	SES292	-1.85525	-50.0002	-48.1449
BLOCK20/SES207/SA207S11	SES127	-3.60634	-51.8049	-48.1986
BLOCK20/SES207/SA207S11	SES183	-2.36998	-50.5686	-48.1986
BLOCK20/SES207/SA207S11	SES187	-2.05875	-50.2573	-48.1986
BLOCK20/SES207/SA207S11	SES292	-2.22538	-50.424	-48.1986
BLOCK20/SES207/SA207S25	SES068	-1.63617	-49.8112	-48.1751
BLOCK20/SES207/SA207S25	SES083	-2.25008	-50.4252	-48.1751
BLOCK20/SES207/SA207S25	SES127	-1.29649	-49.4716	-48.1751
BLOCK20/SES207/SA207S25	SES187	-0.509743	-48.6848	-48.1751
BLOCK20/SES207/SA207S27	SES127	-2.33446	-51.3224	-48.988
BLOCK20/SES207/SA207S27	SES183	-1.81757	-50.8056	-48.988
BLOCK20/SES207/SA207S27	SES187	-0.916988	-49.905	-48.988
BLOCK20/SES207/SA207S27	SES292	-2.24187	-51.2299	-48.988
BLOCK20/SES207/SA207S29	SES083	-2.12468	-50.3134	-48.1887
BLOCK20/SES207/SA207S29	SES085	-1.58546	-49.7742	-48.1887
BLOCK20/SES207/SA207S29	SES172	-1.73581	-49.9245	-48.1887
BLOCK20/SES207/SA207S29	SES189	-2.32471	-50.5134	-48.1887
BLOCK22/SES221/SA221S12	SES068	-2.26416	-49.7445	-47.4803
BLOCK22/SES221/SA221S12	SES143	-2.10571	-49.586	-47.4803
BLOCK22/SES221/SA221S12	SES175	-0.595428	-48.0757	-47.4803
BLOCK22/SES221/SA221S12	SES202	-0.980385	-48.4607	-47.4803
BLOCK22/SES221/SA221S15	SES085	-3.48038	-52.266	-48.7856
BLOCK22/SES221/SA221S15	SES143	-3.25873	-52.0443	-48.7856
BLOCK22/SES221/SA221S15	SES175	-1.38467	-50.1703	-48.7856
BLOCK22/SES221/SA221S15	SES187	-1.27732	-50.0629	-48.7856
BLOCK22/SES221/SA221S23	SES068	-3.18277	-50.7506	-47.5678
BLOCK22/SES221/SA221S23	SES143	-2.86998	-50.4378	-47.5678
BLOCK22/SES221/SA221S23	SES175	-0.528397	-48.0962	-47.5678
BLOCK22/SES221/SA221S23	SES189	-0.334023	-47.9018	-47.5678
BLOCK22/SES221/SA221S27	SES085	-3.53249	-52.2863	-48.7538
BLOCK22/SES221/SA221S27	SES143	-2.07004	-50.8238	-48.7538
BLOCK22/SES221/SA221S27	SES175	-0.462536	-49.2163	-48.7538
BLOCK22/SES221/SA221S27	SES189	1.30135	-47.4525	-48.7538
BLOCK22/SES221/SA221S29	SES085	-5.45107	-54.7444	-49.2933
BLOCK22/SES221/SA221S29	SES143	-2.72118	-52.0145	-49.2933
BLOCK22/SES221/SA221S29	SES175	-0.719948	-50.0133	-49.2933
BLOCK22/SES221/SA221S29	SES187	-0.809605	-50.103	-49.2933
BLOCK22/SES223/SA223S11	SES143	-1.94997	-50.5776	-48.6276
BLOCK22/SES223/SA223S11	SES144	-3.14714	-51.7748	-48.6276
BLOCK22/SES223/SA223S11	SES175	-1.3847	-50.0123	-48.6276
BLOCK22/SES223/SA223S11	SES187	-1.43567	-50.0633	-48.6276
BLOCK22/SES223/SA223S13	SES068	-2.39433	-52.0177	-49.6234
BLOCK22/SES223/SA223S13	SES143	-2.89364	-52.517	-49.6234
BLOCK22/SES223/SA223S13	SES146	-4.62132	-54.2447	-49.6234
BLOCK22/SES223/SA223S13	SES202	-1.98777	-51.6111	-49.6234
BLOCK22/SES223/SA223S22	SES143	-1.19957	-50.2926	-49.093
BLOCK22/SES223/SA223S22	SES144	-2.56284	-51.6558	-49.093
BLOCK22/SES223/SA223S22	SES175	-0.566906	-49.6599	-49.093
BLOCK22/SES223/SA223S22	SES187	-1.10216	-50.1951	-49.093
BLOCK22/SES223/SA223S25	SES068	-1.44099	-50.0026	-48.5616
BLOCK22/SES223/SA223S25	SES143	-2.26648	-50.8281	-48.5616
BLOCK22/SES223/SA223S25	SES175	-1.01606	-49.5776	-48.5616
BLOCK22/SES223/SA223S25	SES187	-1.09211	-49.6537	-48.5616
BLOCK22/SES223/SA223S27	SES143	-1.2672	-50.5159	-49.2487
BLOCK22/SES223/SA223S27	SES146	-2.14459	-51.3933	-49.2487
BLOCK22/SES223/SA223S27	SES187	-0.960236	-50.2089	-49.2487
BLOCK22/SES223/SA223S27	SES292	-3.44483	-52.6935	-49.2487
BLOCK27/SES273/SA273S12	SES099	-0.403912	-46.7281	-46.3242
BLOCK27/SES273/SA273S12	SES104	-0.792835	-47.117	-46.3242
BLOCK27/SES273/SA273S12	SES125	-1.87727	-48.2014	-46.3242
BLOCK27/SES273/SA273S12	SES206	-0.746475	-47.0706	-46.3242
BLOCK27/SES273/SA273S13	SES099	-0.818951	-47.0526	-46.2337
BLOCK27/SES273/SA273S13	SES104	-0.77116	-47.0048	-46.2337
BLOCK27/SES273/SA273S13	SES206	-2.09288	-48.3265	-46.2337
BLOCK27/SES273/SA273S13	SES292	-3.26179	-49.4955	-46.2337
BLOCK27/SES273/SA273S21	SES099	-0.13525	-47.2074	-47.0721
BLOCK27/SES273/SA273S21	SES148	-3.88828	-50.9604	-47.0721
BLOCK27/SES273/SA273S21	SES149	-2.16691	-49.239	-47.0721
BLOCK27/SES273/SA273S21	SES177	-5.41089	-52.483	-47.0721
BLOCK27/SES273/SA273S25	SES104	-0.778572	-47.401	-46.6224
BLOCK27/SES273/SA273S25	SES125	-2.42043	-49.0428	-46.6224
BLOCK27/SES273/SA273S25	SES158	0.197556	-46.4248	-46.6224
BLOCK27/SES273/SA273S25	SES206	-1.13742	-47.7598	-46.6224
BLOCK27/SES273/SA273S27	SES099	-0.916862	-47.1005	-46.1837
BLOCK27/SES273/SA273S27	SES104	-1.24701	-47.4307	-46.1837
BLOCK27/SES273/SA273S27	SES149	-1.88958	-48.0732	-46.1837
BLOCK27/SES273/SA273S27	SES275	-2.86681	-49.0505	-46.1837
BLOCK27/SES274/SA274S10	SES105	-2.14622	-48.8981	-46.7519
BLOCK27/SES274/SA274S10	SES125	-1.81798	-48.5698	-46.7519
BLOCK27/SES274/SA274S10	SES129	-2.10324	-48.8551	-46.7519
BLOCK27/SES274/SA274S10	SES158	-2.47838	-49.2302	-46.7519
BLOCK27/SES274/SA274S11	SES105	-2.0077	-48.7528	-46.7451
BLOCK27/SES274/SA274S11	SES149	-2.03561	-48.7807	-46.7451
BLOCK27/SES274/SA274S11	SES158	-1.66167	-48.4067	-46.7451
BLOCK27/SES274/SA274S11	SES275	-1.55352	-48.2986	-46.7451
BLOCK27/SES274/SA274S21	SES105	-2.5512	-49.5948	-47.0436
BLOCK27/SES274/SA274S21	SES129	-2.03872	-49.0823	-47.0436
BLOCK27/SES274/SA274S21	SES149	-1.68835	-48.7319	-47.0436
BLOCK27/SES274/SA274S21	SES158	-3.18645	-50.23	-47.0436
BLOCK27/SES274/SA274S24	SES105	-2.80515	-49.9073	-47.1022
BLOCK27/SES274/SA274S24	SES129	-2.88114	-49.9833	-47.1022
BLOCK27/SES274/SA274S24	SES149	-2.62225	-49.7244	-47.1022
BLOCK27/SES274/SA274S24	SES158	-3.34675	-50.4489	-47.1022
BLOCK27/SES274/SA274S29	SES105	-2.30262	-49.0421	-46.7395
BLOCK27/SES274/SA274S29	SES106	-2.40359	-49.1431	-46.7395
BLOCK27/SES274/SA274S29	SES120	-2.72135	-49.4608	-46.7395
BLOCK27/SES274/SA274S29	SES275	-1.70845	-48.4479	-46.7395
BLOCK27/SES276/SA276S16	SES148	-1.95768	-49.8614	-47.9038
BLOCK27/SES276/SA276S16	SES172	-2.21074	-50.1145	-47.9038
BLOCK27/SES276/SA276S16	SES180	-4.41172	-52.3155	-47.9038
BLOCK27/SES276/SA276S16	SES292	-1.3226	-49.2264	-47.9038
BLOCK27/SES276/SA276S17	SES101	-1.90151	-49.9064	-48.0049
BLOCK27/SES276/SA276S17	SES177	-2.40677	-50.4116	-48.0049
BLOCK27/SES276/SA276S17	SES180	-2.86244	-50.8673	-48.0049
BLOCK27/SES276/SA276S17	SES292	-1.95496	-49.9598	-48.0049
BLOCK27/SES276/SA276S24	SES101	-0.963245	-48.2073	-47.244
BLOCK27/SES276/SA276S24	SES177	-1.49579	-48.7398	-47.244
BLOCK27/SES276/SA276S24	SES180	-2.58704	-49.8311	-47.244
BLOCK27/SES276/SA276S24	SES292	-2.5541	-49.7981	-47.244
BLOCK27/SES276/SA276S26	SES101	-2.11285	-49.9199	-47.8071
BLOCK27/SES276/SA276S26	SES177	-1.62494	-49.432	-47.8071
BLOCK27/SES276/SA276S26	SES180	-1.7221	-49.5292	-47.8071
BLOCK27/SES276/SA276S26	SES292	-1.3054	-49.1124	-47.8071
BLOCK27/SES276/SA276S28	SES101	-1.60439	-49.277	-47.6726
BLOCK27/SES276/SA276S28	SES177	-2.43007	-50.1027	-47.6726
BLOCK27/SES276/SA276S28	SES180	-1.46975	-49.1424	-47.6726
BLOCK27/SES276/SA276S28	SES292	-1.42957	-49.1022	-47.6726
BLOCK27/SES277/SA277S12	SES101	-0.943874	-49.6984	-48.7546
BLOCK27/SES277/SA277S12	SES177	-2.28105	-51.0356	-48.7546
BLOCK27/SES277/SA277S12	SES180	-2.72047	-51.475	-48.7546
BLOCK27/SES277/SA277S12	SES292	-3.34822	-52.1028	-48.7546
BLOCK27/SES277/SA277S14	SES177	-1.26979	-50.1605	-48.8908
BLOCK27/SES277/SA277S14	SES180	-2.62511	-51.5159	-48.8908
BLOCK27/SES277/SA277S14	SES189	-0.546829	-49.4376	-48.8908
BLOCK27/SES277/SA277S14	SES292	-4.27215	-53.1629	-48.8908
BLOCK27/SES277/SA277S21	SES177	-0.778183	-48.471	-47.6928
BLOCK27/SES277/SA277S21	SES180	-2.35879	-50.0516	-47.6928
BLOCK27/SES277/SA277S21	SES189	-0.960171	-48.653	-47.6928
BLOCK27/SES277/SA277S21	SES292	-3.79655	-51.4894	-47.6928
BLOCK27/SES277/SA277S24	SES144	-2.58922	-51.4585	-48.8693
BLOCK27/SES277/SA277S24	SES177	-1.25343	-50.1227	-48.8693
BLOCK27/SES277/SA277S24	SES180	-2.08117	-50.9504	-48.8693
BLOCK27/SES277/SA277S24	SES189	-1.13322	-50.0025	-48.8693
BLOCK27/SES277/SA277S29	SES177	-0.88858	-47.7209	-46.8324
BLOCK27/SES277/SA277S29	SES180	-1.97016	-48.8025	-46.8324
BLOCK27/SES277/SA277S29	SES202	-1.1283	-47.9607	-46.8324
BLOCK27/SES277/SA277S29	SES292	-2.43331	-49.2657	-46.8324
BLOCK27/SES279/SA279S09	SES120	-2.36308	-49.6082	-47.2451
BLOCK27/SES279/SA279S09	SES146	-2.09966	-49.3448	-47.2451
BLOCK27/SES279/SA279S09	SES206	-2.85553	-50.1006	-47.2451
BLOCK27/SES279/SA279S09	SES226	-3.18634	-50.4314	-47.2451
BLOCK27/SES279/SA279S10	SES099	-3.03851	-50.4661	-47.4276
BLOCK27/SES279/SA279S10	SES206	-2.51965	-49.9472	-47.4276
BLOCK27/SES279/SA279S10	SES226	-2.47653	-49.9041	-47.4276
BLOCK27/SES279/SA279S10	SES292	-1.67664	-49.1042	-47.4276
BLOCK27/SES279/SA279S20	SES099	-4.34898	-51.8964	-47.5475
BLOCK27/SES279/SA279S20	SES206	-2.47422	-50.0217	-47.5475
BLOCK27/SES279/SA279S20	SES226	-2.36954	-49.917	-47.5475
BLOCK27/SES279/SA279S20	SES292	-1.42636	-48.9738	-47.5475
BLOCK27/SES279/SA279S26	SES099	-3.27293	-50.4999	-47.227
BLOCK27/SES279/SA279S26	SES206	-2.33635	-49.5633	-47.227
BLOCK27/SES279/SA279S26	SES226	-2.00821	-49.2352	-47.227
BLOCK27/SES279/SA279S26	SES292	-2.29287	-49.5198	-47.227
BLOCK27/SES279/SA279S28	SES099	-3.33811	-49.2456	-45.9075
BLOCK27/SES279/SA279S28	SES120	-1.89596	-47.8034	-45.9075
BLOCK27/SES279/SA279S28	SES177	-4.61146	-50.5189	-45.9075
BLOCK27/SES279/SA279S28	SES206	-2.4595	-48.367	-45.9075
BLOCK29/SES290/SA290S12	SES162	-1.20341	-48.2404	-47.037
BLOCK29/SES290/SA290S12	SES177	-1.54338	-48.5804	-47.037
BLOCK29/SES290/SA290S12	SES180	-2.40006	-49.4371	-47.037
BLOCK29/SES290/SA290S12	SES292	-3.19778	-50.2348	-47.037
BLOCK29/SES290/SA290S13	SES007	-3.7385	-52.0289	-48.2904
BLOCK29/SES290/SA290S13	SES162	-2.44195	-50.7323	-48.2904
BLOCK29/SES290/SA290S13	SES177	-0.747566	-49.0379	-48.2904
BLOCK29/SES290/SA290S13	SES180	-2.10696	-50.3973	-48.2904
BLOCK29/SES290/SA290S22	SES177	-0.311378	-48.1703	-47.8589
BLOCK29/SES290/SA290S22	SES180	-0.839878	-48.6988	-47.8589
BLOCK29/SES290/SA290S22	SES202	-1.15124	-49.0102	-47.8589
BLOCK29/SES290/SA290S22	SES292	-3.17571	-51.0346	-47.8589
BLOCK29/SES290/SA290S25	SES162	-1.26842	-48.4838	-47.2154
BLOCK29/SES290/SA290S25	SES177	-1.20694	-48.4224	-47.2154
BLOCK29/SES290/SA290S25	SES180	-1.63317	-48.8486	-47.2154
BLOCK29/SES290/SA290S25	SES292	-2.28601	-49.5014	-47.2154
BLOCK29/SES290/SA290S29	SES177	-0.26067	-47.2487	-46.988
BLOCK29/SES290/SA290S29	SES180	-0.827892	-47.8159	-46.988
BLOCK29/SES290/SA290S29	SES275	-2.00477	-48.9928	-46.988
BLOCK29/SES290/SA290S29	SES292	-1.4179	-48.4059	-46.988
BLOCK29/SES291/SA291S11	SES105	-3.84061	-52.0368	-48.1962
BLOCK29/SES291/SA291S11	SES125	-0.984829	-49.181	-48.1962
BLOCK29/SES291/SA291S11	SES158	-1.6254	-49.8216	-48.1962
BLOCK29/SES291/SA291S11	SES275	-4.20569	-52.4019	-48.1962
BLOCK29/SES291/SA291S12	SES158	-0.417011	-47.6496	-47.2325
BLOCK29/SES291/SA291S12	SES226	-2.26839	-49.5009	-47.2325
BLOCK29/SES291/SA291S12	SES270	-0.440052	-47.6726	-47.2325
BLOCK29/SES291/SA291S12	SES275	-4.92406	-52.1566	-47.2325
BLOCK29/SES291/SA291S22	SES082	-1.83429	-48.8527	-47.0184
BLOCK29/SES291/SA291S22	SES158	-1.77372	-48.7921	-47.0184
BLOCK29/SES291/SA291S22	SES259	-2.98494	-50.0033	-47.0184
BLOCK29/SES291/SA291S22	SES275	-4.02489	-51.0433	-47.0184
BLOCK29/SES291/SA291S24	SES104	-0.750694	-47.5505	-46.7998
BLOCK29/SES291/SA291S24	SES125	-0.577351	-47.3771	-46.7998
BLOCK29/SES291/SA291S24	SES158	-0.855713	-47.6555	-46.7998
BLOCK29/SES291/SA291S24	SES275	-4.27752	-51.0773	-46.7998
BLOCK29/SES291/SA291S27	SES158	-0.686581	-47.044	-46.3574
BLOCK29/SES291/SA291S27	SES172	-5.48544	-51.8428	-46.3574
BLOCK29/SES291/SA291S27	SES275	-5.1176	-51.475	-46.3574
BLOCK29/SES291/SA291S27	SES292	-3.91853	-50.2759	-46.3574
