BLOCK00/SES002/SA002S12	SES002	1.08905	-51.3475	-52.4365
BLOCK00/SES002/SA002S13	SES002	1.42691	-51.039	-52.4659
BLOCK00/SES002/SA002S23	SES002	1.27716	-50.812	-52.0892
BLOCK00/SES002/SA002S26	SES002	1.96243	-50.5363	-52.4987
BLOCK00/SES002/SA002S28	SES002	1.46316	-51.0029	-52.4661
BLOCK00/SES007/SA007S14	SES007	0.8545	-51.1937	-52.0482
BLOCK00/SES007/SA007S15	SES007	0.0640602	-52.3674	-52.4315
BLOCK00/SES007/SA007S24	SES007	0.343285	-52.0683	-52.4116
BLOCK00/SES007/SA007S27	SES007	0.4272	-52.5747	-53.0019
BLOCK00/SES007/SA007S29	SES007	0.280613	-51.7022	-51.9828
BLOCK00/SES008/SA008S11	SES008	0.747795	-52.2315	-52.9793
BLOCK00/SES008/SA008S12	SES008	0.305405	-52.2758	-52.5812
BLOCK00/SES008/SA008S19	SES008	0.738827	-51.741	-52.4798
BLOCK00/SES008/SA008S22	SES008	0.371559	-52.9036	-53.2751
BLOCK00/SES008/SA008S29	SES008	0.872433	-51.9083	-52.7807
BLOCK01/SES014/SA014S10	SES014	1.00604	-51.575	-52.581
BLOCK01/SES014/SA014S12	SES014	1.76619	-49.7629	-51.5291
BLOCK01/SES014/SA014S24	SES014	1.38993	-50.99	-52.3799
BLOCK01/SES014/SA014S26	SES014	2.19757	-48.8155	-51.0131
BLOCK01/SES014/SA014S28	SES014	1.42802	-50.7044	-52.1324
BLOCK01/SES016/SA016S12	SES016	0.150219	-54.1046	-54.2549
BLOCK01/SES016/SA016S13	SES016	0.446045	-53.2781	-53.7242
BLOCK01/SES016/SA016S22	SES016	0.36718	-53.1213	-53.4884
BLOCK01/SES016/SA016S25	SES016	0.610191	-51.1099	-51.7201
BLOCK01/SES016/SA016S27	SES016	1.11575	-51.3847	-52.5004
BLOCK01/SES019/SA019S13	SES019	1.91214	-52.0738	-53.9859
BLOCK01/SES019/SA019S14	SES019	1.1289	-52.2962	-53.425
BLOCK01/SES019/SA019S22	SES019	1.62217	-51.4563	-53.0785
BLOCK01/SES019/SA019S25	SES019	1.50254	-52.4688	-53.9714
BLOCK01/SES019/SA019S29	SES019	2.65686	-51.9372	-54.5941
BLOCK02/SES029/SA029S11	SES029	0.53651	-52.3564	-52.893
BLOCK02/SES029/SA029S12	SES029	0.0944138	-52.1945	-52.2889
BLOCK02/SES029/SA029S20	SES029	-0.0501328	-53.5481	-53.498
BLOCK02/SES029/SA029S25	SES029	0.379154	-52.346	-52.7251
BLOCK02/SES029/SA029S28	SES029	0.293159	-52.4286	-52.7217
BLOCK04/SES042/SA042S12	SES042	2.10785	-49.8916	-51.9995
BLOCK04/SES042/SA042S15	SES042	1.79042	-50.2672	-52.0577
BLOCK04/SES042/SA042S22	SES042	3.03602	-48.9289	-51.9649
BLOCK04/SES042/SA042S25	SES042	1.88488	-50.9956	-52.8805
BLOCK04/SES042/SA042S27	SES042	1.79303	-50.0401	-51.8331
BLOCK04/SES048/SA048S11	SES048	0.666817	-51.6672	-52.334
BLOCK04/SES048/SA048S12	SES048	0.425484	-51.7675	-52.1929
BLOCK04/SES048/SA048S20	SES048	0.297642	-51.7133	-52.011
BLOCK04/SES048/SA048S23	SES048	1.13455	-51.8701	-53.0047
BLOCK04/SES048/SA048S27	SES048	0.667919	-51.4978	-52.1658
BLOCK06/SES060/SA060S11	SES060	0.729027	-52.0363	-52.7653
BLOCK06/SES060/SA060S12	SES060	-0.449478	-53.4369	-52.9874
BLOCK06/SES060/SA060S22	SES060	-0.139969	-53.4131	-53.2731
BLOCK06/SES060/SA060S24	SES060	0.395664	-51.974	-52.3697
BLOCK06/SES060/SA060S28	SES060	0.436829	-50.6769	-51.1137
BLOCK06/SES062/SA062S10	SES062	0.760349	-51.1693	-51.9296
BLOCK06/SES062/SA062S11	SES062	1.11002	-51.5726	-52.6826
BLOCK06/SES062/SA062S21	SES062	1.30873	-49.8213	-51.1301
BLOCK06/SES062/SA062S26	SES062	0.766121	-51.0052	-51.7713
BLOCK06/SES062/SA062S29	SES062	0.789726	-50.9821	-51.7718
BLOCK06/SES068/SA068S14	SES068	-0.0518074	-52.76	-52.7082
BLOCK06/SES068/SA068S15	SES068	0.810871	-51.4307	-52.2416
BLOCK06/SES068/SA068S23	SES068	0.267876	-52.6384	-52.9062
BLOCK06/SES068/SA068S27	SES068	0.967346	-51.7636	-52.7309
BLOCK06/SES068/SA068S29	SES068	0.590042	-52.0131	-52.6031
BLOCK08/SES082/SA082S12	SES082	0.809052	-51.8032	-52.6122
BLOCK08/SES082/SA082S14	SES082	0.805443	-51.8642	-52.6696
BLOCK08/SES082/SA082S21	SES082	0.897629	-51.7643	-52.662
BLOCK08/SES082/SA082S24	SES082	1.39556	-51.4164	-52.812
BLOCK08/SES082/SA082S28	SES082	0.914665	-51.8667	-52.7813
BLOCK08/SES083/SA083S14	SES083	-0.0267105	-52.7463	-52.7196
BLOCK08/SES083/SA083S15	SES083	0.30357	-52.2716	-52.5752
BLOCK08/SES083/SA083S24	SES083	0.09935	-52.4015	-52.5009
BLOCK08/SES083/SA083S26	SES083	0.224468	-52.2031	-52.4275
BLOCK08/SES083/SA083S29	SES083	-0.275883	-52.6386	-52.3627
BLOCK08/SES085/SA085S10	SES085	0.114899	-52.7892	-52.9041
BLOCK08/SES085/SA085S13	SES085	0.545528	-53.1908	-53.7363
BLOCK08/SES085/SA085S22	SES085	-0.551067	-54.0581	-53.507
BLOCK08/SES085/SA085S26	SES085	0.0384636	-53.2375	-53.276
BLOCK08/SES085/SA085S28	SES085	0.44434	-52.5615	-53.0058
BLOCK08/SES087/SA087S15	SES087	1.13469	-51.0283	-52.163
BLOCK08/SES087/SA087S16	SES087	1.53152	-50.7456	-52.2771
BLOCK08/SES087/SA087S24	SES087	1.07204	-51.2271	-52.2991
BLOCK08/SES087/SA087S26	SES087	1.23731	-50.2361	-51.4734
BLOCK08/SES087/SA087S29	SES087	1.02206	-51.1782	-52.2003
BLOCK09/SES099/SA099S15	SES099	1.67775	-51.7653	-53.443
BLOCK09/SES099/SA099S16	SES099	1.2626	-51.7356	-52.9982
BLOCK09/SES099/SA099S24	SES099	1.28562	-51.1556	-52.4412
BLOCK09/SES099/SA099S26	SES099	1.58014	-50.9269	-52.5071
BLOCK09/SES099/SA099S29	SES099	1.45866	-51.119	-52.5777
BLOCK10/SES101/SA101S11	SES101	0.119423	-51.7284	-51.8478
BLOCK10/SES101/SA101S13	SES101	-0.113953	-51.8693	-51.7553
BLOCK10/SES101/SA101S22	SES101	0.0570984	-52.9936	-53.0507
BLOCK10/SES101/SA101S24	SES101	0.380695	-51.7482	-52.1289
BLOCK10/SES101/SA101S28	SES101	-0.384346	-53.6241	-53.2397
BLOCK10/SES104/SA104S11	SES104	0.749672	-50.8657	-51.6153
BLOCK10/SES104/SA104S12	SES104	1.42451	-50.6298	-52.0543
BLOCK10/SES104/SA104S21	SES104	1.30892	-51.0576	-52.3665
BLOCK10/SES104/SA104S24	SES104	1.1764	-51.1286	-52.3049
BLOCK10/SES104/SA104S28	SES104	1.91348	-50.7845	-52.698
BLOCK10/SES105/SA105S12	SES105	0.488308	-52.4318	-52.9201
BLOCK10/SES105/SA105S13	SES105	0.0604706	-52.5043	-52.5647
BLOCK10/SES105/SA105S22	SES105	0.278599	-53.3643	-53.6429
BLOCK10/SES105/SA105S26	SES105	0.650249	-52.3688	-53.0191
BLOCK10/SES105/SA105S29	SES105	0.227821	-52.7735	-53.0014
BLOCK10/SES106/SA106S09	SES106	1.04581	-52.0724	-53.1183
BLOCK10/SES106/SA106S11	SES106	1.14898	-50.4373	-51.5863
BLOCK10/SES106/SA106S22	SES106	1.7512	-51.3715	-53.1227
BLOCK10/SES106/SA106S27	SES106	1.04397	-50.8856	-51.9295
BLOCK10/SES106/SA106S29	SES106	0.912273	-50.5557	-51.468
BLOCK11/SES117/SA117S12	SES117	0.00597763	-53.1461	-53.1521
BLOCK11/SES117/SA117S13	SES117	-0.124809	-52.9687	-52.8439
BLOCK11/SES117/SA117S23	SES117	1.19825	-53.2383	-54.4366
BLOCK11/SES117/SA117S25	SES117	1.24466	-53.0035	-54.2482
BLOCK11/SES117/SA117S28	SES117	0.55624	-52.9346	-53.4909
BLOCK12/SES120/SA120S08	SES120	0.30064	-53.4867	-53.7874
BLOCK12/SES120/SA120S11	SES120	0.304508	-53.6451	-53.9496
BLOCK12/SES120/SA120S22	SES120	0.389828	-52.2366	-52.6264
BLOCK12/SES120/SA120S24	SES120	0.551746	-52.4749	-53.0266
BLOCK12/SES120/SA120S28	SES120	-0.00334167	-54.1525	-54.1491
BLOCK12/SES125/SA125S13	SES125	1.44027	-51.0021	-52.4424
BLOCK12/SES125/SA125S14	SES125	1.17327	-51.2564	-52.4297
BLOCK12/SES125/SA125S25	SES125	1.94876	-50.6237	-52.5725
BLOCK12/SES125/SA125S27	SES125	1.82261	-50.6811	-52.5037
BLOCK12/SES125/SA125S29	SES125	1.60088	-50.6844	-52.2853
BLOCK12/SES127/SA127S11	SES127	0.390003	-52.5893	-52.9793
BLOCK12/SES127/SA127S12	SES127	0.183956	-52.5214	-52.7054
BLOCK12/SES127/SA127S23	SES127	0.544273	-52.6251	-53.1694
BLOCK12/SES127/SA127S25	SES127	-0.223312	-53.0936	-52.8702
BLOCK12/SES127/SA127S27	SES127	0.879257	-52.2559	-53.1352
BLOCK12/SES129/SA129S11	SES129	1.30007	-51.2879	-52.588
BLOCK12/SES129/SA129S12	SES129	1.18591	-51.4742	-52.6601
BLOCK12/SES129/SA129S22	SES129	1.16146	-51.0691	-52.2306
BLOCK12/SES129/SA129S27	SES129	1.46538	-50.9696	-52.435
BLOCK12/SES129/SA129S29	SES129	1.56153	-50.8757	-52.4372
BLOCK14/SES142/SA142S11	SES142	2.15303	-51.7033	-53.8564
BLOCK14/SES142/SA142S12	SES142	1.59832	-52.537	-54.1353
BLOCK14/SES142/SA142S24	SES142	2.26391	-52.191	-54.455
BLOCK14/SES142/SA142S27	SES142	2.32053	-51.3871	-53.7076
BLOCK14/SES142/SA142S29	SES142	2.08154	-51.2267	-53.3082
BLOCK14/SES143/SA143S12	SES143	0.869709	-52.4906	-53.3603
BLOCK14/SES143/SA143S13	SES143	0.674145	-52.8311	-53.5052
BLOCK14/SES143/SA143S23	SES143	1.10827	-52.8468	-53.9551
BLOCK14/SES143/SA143S25	SES143	0.944813	-52.5293	-53.4741
BLOCK14/SES143/SA143S28	SES143	0.820824	-52.0061	-52.8269
BLOCK14/SES144/SA144S09	SES144	0.685993	-52.0554	-52.7414
BLOCK14/SES144/SA144S11	SES144	0.848064	-52.8845	-53.7325
BLOCK14/SES144/SA144S21	SES144	0.130363	-53.017	-53.1474
BLOCK14/SES144/SA144S25	SES144	0.270145	-52.815	-53.0851
BLOCK14/SES144/SA144S29	SES144	0.187065	-52.5573	-52.7444
BLOCK14/SES146/SA146S14	SES146	0.788387	-52.825	-53.6134
BLOCK14/SES146/SA146S15	SES146	0.165615	-52.8219	-52.9875
BLOCK14/SES146/SA146S24	SES146	0.126377	-52.5695	-52.6958
BLOCK14/SES146/SA146S26	SES146	0.708775	-53.2402	-53.949
BLOCK14/SES146/SA146S29	SES146	0.622257	-52.9977	-53.6199
BLOCK14/SES147/SA147S11	SES147	0.782104	-52.5541	-53.3363
BLOCK14/SES147/SA147S13	SES147	1.1447	-51.6969	-52.8416
BLOCK14/SES147/SA147S23	SES147	1.27649	-52.7486	-54.0251
BLOCK14/SES147/SA147S26	SES147	1.04856	-52.6251	-53.6737
BLOCK14/SES147/SA147S28	SES147	1.17667	-51.841	-53.0176
BLOCK14/SES148/SA148S10	SES148	0.398941	-51.9894	-52.3884
BLOCK14/SES148/SA148S12	SES148	0.202305	-52.7403	-52.9426
BLOCK14/SES148/SA148S22	SES148	0.339146	-52.2355	-52.5746
BLOCK14/SES148/SA148S26	SES148	0.286201	-51.9247	-52.2109
BLOCK14/SES148/SA148S29	SES148	0.485985	-52.6074	-53.0934
BLOCK14/SES149/SA149S13	SES149	-0.0633774	-52.1924	-52.129
BLOCK14/SES149/SA149S14	SES149	0.23341	-51.7145	-51.9479
BLOCK14/SES149/SA149S24	SES149	1.19558	-51.3071	-52.5027
BLOCK14/SES149/SA149S26	SES149	1.21825	-50.757	-51.9752
BLOCK14/SES149/SA149S28	SES149	1.76009	-50.3453	-52.1054
BLOCK15/SES158/SA158S13	SES158	0.954952	-51.6326	-52.5876
BLOCK15/SES158/SA158S14	SES158	0.956028	-52.0994	-53.0555
BLOCK15/SES158/SA158S23	SES158	1.09239	-51.4942	-52.5866
BLOCK15/SES158/SA158S26	SES158	1.72332	-51.1506	-52.8739
BLOCK15/SES158/SA158S28	SES158	0.599289	-51.949	-52.5483
BLOCK16/SES162/SA162S10	SES162	0.148319	-53.6051	-53.7534
BLOCK16/SES162/SA162S11	SES162	0.653061	-52.7228	-53.3759
BLOCK16/SES162/SA162S21	SES162	1.21519	-52.2333	-53.4485
BLOCK16/SES162/SA162S24	SES162	1.14705	-52.5222	-53.6692
BLOCK16/SES162/SA162S27	SES162	0.817867	-53.1505	-53.9684
BLOCK16/SES167/SA167S14	SES167	1.36325	-51.2063	-52.5696
BLOCK16/SES167/SA167S15	SES167	1.17153	-52.2707	-53.4422
BLOCK16/SES167/SA167S21	SES167	1.32565	-50.9026	-52.2283
BLOCK16/SES167/SA167S25	SES167	1.39731	-52.2058	-53.6031
BLOCK16/SES167/SA167S29	SES167	2.27838	-50.7679	-53.0463
BLOCK17/SES172/SA172S12	SES172	0.900642	-52.7455	-53.6461
BLOCK17/SES172/SA172S13	SES172	0.969971	-53.2139	-54.1839
BLOCK17/SES172/SA172S23	SES172	0.355835	-51.9405	-52.2964
BLOCK17/SES172/SA172S27	SES172	0.709446	-52.7988	-53.5083
BLOCK17/SES172/SA172S29	SES172	0.90958	-52.8266	-53.7361
BLOCK17/SES175/SA175S11	SES175	1.15111	-52.4823	-53.6334
BLOCK17/SES175/SA175S13	SES175	0.904922	-51.8414	-52.7463
BLOCK17/SES175/SA175S23	SES175	1.31577	-52.6084	-53.9241
BLOCK17/SES175/SA175S25	SES175	0.764179	-53.7045	-54.4687
BLOCK17/SES175/SA175S28	SES175	1.17413	-52.0679	-53.242
BLOCK17/SES177/SA177S15	SES177	0.569637	-52.5543	-53.1239
BLOCK17/SES177/SA177S17	SES177	0.377567	-52.5343	-52.9119
BLOCK17/SES177/SA177S23	SES177	0.435204	-52.778	-53.2132
BLOCK17/SES177/SA177S26	SES177	0.552574	-51.2588	-51.8114
BLOCK17/SES177/SA177S28	SES177	0.153122	-52.0319	-52.185
BLOCK18/SES180/SA180S13	SES180	0.666389	-52.6638	-53.3302
BLOCK18/SES180/SA180S15	SES180	0.591961	-52.8596	-53.4515
BLOCK18/SES180/SA180S24	SES180	0.728268	-51.6689	-52.3972
BLOCK18/SES180/SA180S26	SES180	0.63324	-52.5664	-53.1996
BLOCK18/SES180/SA180S29	SES180	0.904034	-52.8264	-53.7304
BLOCK18/SES183/SA183S13	SES183	0.847065	-52.7228	-53.5699
BLOCK18/SES183/SA183S14	SES183	-0.0217361	-53.1552	-53.1334
BLOCK18/SES183/SA183S24	SES183	1.04015	-52.8926	-53.9328
BLOCK18/SES183/SA183S27	SES183	0.90345	-52.6191	-53.5225
BLOCK18/SES183/SA183S29	SES183	0.520626	-52.4276	-52.9482
BLOCK18/SES187/SA187S13	SES187	0.490246	-53.7214	-54.2117
BLOCK18/SES187/SA187S14	SES187	0.715832	-52.9745	-53.6903
BLOCK18/SES187/SA187S24	SES187	1.03786	-53.3518	-54.3897
BLOCK18/SES187/SA187S27	SES187	0.38287	-53.1702	-53.5531
BLOCK18/SES187/SA187S29	SES187	0.555809	-53.4997	-54.0555
BLOCK18/SES189/SA189S10	SES189	1.24052	-53.855	-55.0955
BLOCK18/SES189/SA189S13	SES189	1.88297	-54.5174	-56.4004
BLOCK18/SES189/SA189S24	SES189	1.82406	-53.5119	-55.336
BLOCK18/SES189/SA189S26	SES189	0.613853	-53.4974	-54.1113
BLOCK18/SES189/SA189S29	SES189	2.21215	-53.1713	-55.3835
BLOCK20/SES202/SA202S12	SES202	1.55694	-52.3787	-53.9356
BLOCK20/SES202/SA202S14	SES202	2.1334	-51.5909	-53.7243
BLOCK20/SES202/SA202S24	SES202	1.23533	-52.482	-53.7173
BLOCK20/SES202/SA202S27	SES202	1.65497	-51.3809	-53.0359
BLOCK20/SES202/SA202S29	SES202	2.14422	-50.9161	-53.0603
BLOCK20/SES206/SA206S15	SES206	0.630005	-50.9424	-51.5724
BLOCK20/SES206/SA206S17	SES206	1.3039	-50.7118	-52.0157
BLOCK20/SES206/SA206S24	SES206	1.23518	-50.5003	-51.7355
BLOCK20/SES206/SA206S27	SES206	1.40446	-51.2247	-52.6292
BLOCK20/SES206/SA206S29	SES206	1.16959	-50.0838	-51.2533
BLOCK22/SES226/SA226S12	SES226	1.26985	-51.1043	-52.3742
BLOCK22/SES226/SA226S13	SES226	-0.413258	-52.8266	-52.4133
BLOCK22/SES226/SA226S20	SES226	0.679283	-52.1731	-52.8524
BLOCK22/SES226/SA226S23	SES226	0.974903	-51.4708	-52.4457
BLOCK22/SES226/SA226S28	SES226	1.49739	-50.5942	-52.0916
BLOCK25/SES259/SA259S13	SES259	1.90526	-50.3097	-52.215
BLOCK25/SES259/SA259S14	SES259	1.06438	-50.8786	-51.943
BLOCK25/SES259/SA259S22	SES259	1.61917	-50.1824	-51.8016
BLOCK25/SES259/SA259S24	SES259	1.68446	-49.9685	-51.6529
BLOCK25/SES259/SA259S28	SES259	1.33879	-50.1511	-51.4899
BLOCK27/SES270/SA270S14	SES270	1.37201	-52.1143	-53.4863
BLOCK27/SES270/SA270S16	SES270	0.442131	-52.1736	-52.6157
BLOCK27/SES270/SA270S22	SES270	1.43921	-51.5955	-53.0347
BLOCK27/SES270/SA270S26	SES270	1.1733	-51.9554	-53.1287
BLOCK27/SES270/SA270S28	SES270	0.982723	-51.7555	-52.7383
BLOCK27/SES275/SA275S17	SES275	0.81707	-52.8323	-53.6493
BLOCK27/SES275/SA275S18	SES275	0.151337	-52.8513	-53.0027
BLOCK27/SES275/SA275S24	SES275	0.454845	-53.1239	-53.5788
BLOCK27/SES275/SA275S26	SES275	0.558979	-52.1689	-52.7279
BLOCK27/SES275/SA275S28	SES275	0.295895	-52.2414	-52.5373
BLOCK29/SES292/SA292S10	SES292	-0.0468102	-52.6167	-52.5699
BLOCK29/SES292/SA292S12	SES292	-0.0108871	-53.8922	-53.8813
BLOCK29/SES292/SA292S22	SES292	0.477825	-52.1077	-52.5856
BLOCK29/SES292/SA292S24	SES292	0.191933	-52.6699	-52.8618
BLOCK29/SES292/SA292S27	SES292	-0.334137	-52.7809	-52.4467
BLOCK00/SES001/SA001S14	SES062	0.179161	-51.8686	-52.0478
BLOCK00/SES001/SA001S14	SES082	-0.372143	-52.4199	-52.0478
BLOCK00/SES001/SA001S14	SES106	-1.15986	-53.2077	-52.0478
BLOCK00/SES001/SA001S14	SES206	-1.46215	-53.5099	-52.0478
BLOCK00/SES001/SA001S15	SES062	0.140255	-51.2874	-51.4276
BLOCK00/SES001/SA001S15	SES104	-0.827904	-52.2556	-51.4276
BLOCK00/SES001/SA001S15	SES106	-1.09678	-52.5244	-51.4276
BLOCK00/SES001/SA001S15	SES206	-1.31603	-52.7437	-51.4276
BLOCK00/SES001/SA001S24	SES062	-0.0429039	-52.9251	-52.8821
BLOCK00/SES001/SA001S24	SES082	-0.8899	-53.772	-52.8821
BLOCK00/SES001/SA001S24	SES087	-1.26646	-54.1486	-52.8821
BLOCK00/SES001/SA001S24	SES206	-0.617661	-53.4998	-52.8821
BLOCK00/SES001/SA001S27	SES062	-0.740753	-52.3415	-51.6007
BLOCK00/SES001/SA001S27	SES082	-1.47167	-53.0724	-51.6007
BLOCK00/SES001/SA001S27	SES087	-1.46263	-53.0633	-51.6007
BLOCK00/SES001/SA001S27	SES206	-1.37207	-52.9728	-51.6007
BLOCK00/SES001/SA001S29	SES062	-0.368237	-52.6844	-52.3161
BLOCK00/SES001/SA001S29	SES082	-0.357098	-52.6732	-52.3161
BLOCK00/SES001/SA001S29	SES158	-0.72361	-53.0397	-52.3161
BLOCK00/SES001/SA001S29	SES206	-0.978863	-53.295	-52.3161
BLOCK00/SES003/SA003S11	SES002	-0.250359	-52.487	-52.2366
BLOCK00/SES003/SA003S11	SES019	-0.502663	-52.7393	-52.2366
BLOCK00/SES003/SA003S11	SES082	0.400642	-51.836	-52.2366
BLOCK00/SES003/SA003S11	SES125	-0.203228	-52.4399	-52.2366
BLOCK00/SES003/SA003S15	SES016	-2.01818	-54.0739	-52.0557
BLOCK00/SES003/SA003S15	SES019	-0.269966	-52.3257	-52.0557
BLOCK00/SES003/SA003S15	SES062	-0.211071	-52.2668	-52.0557
BLOCK00/SES003/SA003S15	SES206	-0.274117	-52.3298	-52.0557
BLOCK00/SES003/SA003S22	SES002	-0.8792	-53.0556	-52.1764
BLOCK00/SES003/SA003S22	SES062	-0.238712	-52.4151	-52.1764
BLOCK00/SES003/SA003S22	SES082	-0.17189	-52.3483	-52.1764
BLOCK00/SES003/SA003S22	SES087	-0.182693	-52.3591	-52.1764
BLOCK00/SES003/SA003S25	SES062	0.529369	-52.6631	-53.1925
BLOCK00/SES003/SA003S25	SES082	0.958622	-52.2339	-53.1925
BLOCK00/SES003/SA003S25	SES087	-0.846252	-54.0388	-53.1925
BLOCK00/SES003/SA003S25	SES206	-0.701527	-53.894	-53.1925
BLOCK00/SES003/SA003S29	SES002	-0.984116	-53.2448	-52.2607
BLOCK00/SES003/SA003S29	SES062	-0.150108	-52.4108	-52.2607
BLOCK00/SES003/SA003S29	SES082	-0.17078	-52.4314	-52.2607
BLOCK00/SES003/SA003S29	SES087	-0.362759	-52.6234	-52.2607
BLOCK00/SES004/SA004S12	SES083	-1.09085	-54.19	-53.0992
BLOCK00/SES004/SA004S12	SES148	-0.763611	-53.8628	-53.0992
BLOCK00/SES004/SA004S12	SES172	-0.561287	-53.6605	-53.0992
BLOCK00/SES004/SA004S12	SES292	-1.08981	-54.189	-53.0992
BLOCK00/SES004/SA004S17	SES083	-1.13678	-54.5654	-53.4286
BLOCK00/SES004/SA004S17	SES162	-0.567444	-53.9961	-53.4286
BLOCK00/SES004/SA004S17	SES172	-0.91288	-54.3415	-53.4286
BLOCK00/SES004/SA004S17	SES292	-0.770416	-54.199	-53.4286
BLOCK00/SES004/SA004S24	SES083	-0.859707	-53.5876	-52.7279
BLOCK00/SES004/SA004S24	SES148	-0.791397	-53.5193	-52.7279
BLOCK00/SES004/SA004S24	SES172	-0.715477	-53.4434	-52.7279
BLOCK00/SES004/SA004S24	SES292	-0.526348	-53.2543	-52.7279
BLOCK00/SES004/SA004S26	SES083	-0.371273	-53.0479	-52.6767
BLOCK00/SES004/SA004S26	SES127	-0.578171	-53.2548	-52.6767
BLOCK00/SES004/SA004S26	SES148	-1.24764	-53.9243	-52.6767
BLOCK00/SES004/SA004S26	SES292	-0.439713	-53.1164	-52.6767
BLOCK00/SES004/SA004S28	SES083	-0.833538	-53.4973	-52.6638
BLOCK00/SES004/SA004S28	SES127	-1.09109	-53.7549	-52.6638
BLOCK00/SES004/SA004S28	SES187	-0.731297	-53.3951	-52.6638
BLOCK00/SES004/SA004S28	SES292	-1.09618	-53.76	-52.6638
BLOCK00/SES006/SA006S10	SES014	-0.488522	-54.5203	-54.0318
BLOCK00/SES006/SA006S10	SES158	0.108429	-53.9234	-54.0318
BLOCK00/SES006/SA006S10	SES226	-1.04622	-55.078	-54.0318
BLOCK00/SES006/SA006S10	SES270	0.0611916	-53.9706	-54.0318
BLOCK00/SES006/SA006S11	SES158	-0.0291252	-53.7797	-53.7505
BLOCK00/SES006/SA006S11	SES226	-0.645847	-54.3964	-53.7505
BLOCK00/SES006/SA006S11	SES270	-0.048748	-53.7993	-53.7505
BLOCK00/SES006/SA006S11	SES275	-1.26157	-55.0121	-53.7505
BLOCK00/SES006/SA006S23	SES062	-1.06713	-53.9778	-52.9107
BLOCK00/SES006/SA006S23	SES105	-0.827618	-53.7383	-52.9107
BLOCK00/SES006/SA006S23	SES158	-0.291431	-53.2021	-52.9107
BLOCK00/SES006/SA006S23	SES275	-1.06902	-53.9797	-52.9107
BLOCK00/SES006/SA006S26	SES104	-0.593369	-53.1731	-52.5797
BLOCK00/SES006/SA006S26	SES158	-0.188164	-52.7679	-52.5797
BLOCK00/SES006/SA006S26	SES270	-0.242016	-52.8217	-52.5797
BLOCK00/SES006/SA006S26	SES275	-1.18919	-53.7689	-52.5797
BLOCK00/SES006/SA006S28	SES007	-0.838566	-54.2009	-53.3623
BLOCK00/SES006/SA006S28	SES105	-1.03587	-54.3982	-53.3623
BLOCK00/SES006/SA006S28	SES158	-0.433392	-53.7957	-53.3623
BLOCK00/SES006/SA006S28	SES275	-1.36665	-54.729	-53.3623
BLOCK00/SES009/SA009S12	SES083	-0.901749	-53.3008	-52.399
BLOCK00/SES009/SA009S12	SES148	-0.813389	-53.2124	-52.399
BLOCK00/SES009/SA009S12	SES177	-2.34056	-54.7396	-52.399
BLOCK00/SES009/SA009S12	SES292	-0.275883	-52.6749	-52.399
BLOCK00/SES009/SA009S15	SES007	0.585697	-51.2458	-51.8315
BLOCK00/SES009/SA009S15	SES099	-3.60439	-55.4359	-51.8315
BLOCK00/SES009/SA009S15	SES148	-0.922573	-52.7541	-51.8315
BLOCK00/SES009/SA009S15	SES172	-1.28064	-53.1121	-51.8315
BLOCK00/SES009/SA009S24	SES146	-0.486721	-52.7304	-52.2436
BLOCK00/SES009/SA009S24	SES148	-0.657513	-52.9011	-52.2436
BLOCK00/SES009/SA009S24	SES177	-2.12829	-54.3719	-52.2436
BLOCK00/SES009/SA009S24	SES292	-0.0668526	-52.3105	-52.2436
BLOCK00/SES009/SA009S26	SES083	-0.923237	-53.7537	-52.8305
BLOCK00/SES009/SA009S26	SES101	-0.678192	-53.5086	-52.8305
BLOCK00/SES009/SA009S26	SES120	-0.477467	-53.3079	-52.8305
BLOCK00/SES009/SA009S26	SES177	-2.39942	-55.2299	-52.8305
BLOCK00/SES009/SA009S29	SES083	-0.305363	-52.7002	-52.3949
BLOCK00/SES009/SA009S29	SES101	-0.444435	-52.8393	-52.3949
BLOCK00/SES009/SA009S29	SES177	-2.19704	-54.5919	-52.3949
BLOCK00/SES009/SA009S29	SES292	-0.150669	-52.5455	-52.3949
BLOCK01/SES011/SA011S10	SES019	0.219303	-52.7145	-52.9338
BLOCK01/SES011/SA011S10	SES042	0.154171	-52.7796	-52.9338
BLOCK01/SES011/SA011S10	SES082	-0.302071	-53.2359	-52.9338
BLOCK01/SES011/SA011S10	SES206	0.676182	-52.2576	-52.9338
BLOCK01/SES011/SA011S11	SES019	0.0189857	-52.7951	-52.8141
BLOCK01/SES011/SA011S11	SES042	-0.13063	-52.9447	-52.8141
BLOCK01/SES011/SA011S11	SES082	-0.632416	-53.4465	-52.8141
BLOCK01/SES011/SA011S11	SES206	0.344967	-52.4691	-52.8141
BLOCK01/SES011/SA011S22	SES019	0.0686684	-52.6547	-52.7233
BLOCK01/SES011/SA011S22	SES042	0.288425	-52.4349	-52.7233
BLOCK01/SES011/SA011S22	SES082	-0.338531	-53.0619	-52.7233
BLOCK01/SES011/SA011S22	SES206	0.624733	-52.0986	-52.7233
BLOCK01/SES011/SA011S24	SES019	0.175446	-52.0869	-52.2623
BLOCK01/SES011/SA011S24	SES042	0.677444	-51.5849	-52.2623
BLOCK01/SES011/SA011S24	SES104	-0.247772	-52.5101	-52.2623
BLOCK01/SES011/SA011S24	SES206	0.899422	-51.3629	-52.2623
BLOCK01/SES011/SA011S27	SES082	0.458641	-51.7187	-52.1773
BLOCK01/SES011/SA011S27	SES087	-0.112774	-52.2901	-52.1773
BLOCK01/SES011/SA011S27	SES125	0.449951	-51.7274	-52.1773
BLOCK01/SES011/SA011S27	SES206	0.588554	-51.5888	-52.1773
BLOCK01/SES012/SA012S11	SES007	-0.5289	-52.0193	-51.4904
BLOCK01/SES012/SA012S11	SES082	-0.0916634	-51.582	-51.4904
BLOCK01/SES012/SA012S11	SES083	-0.680149	-52.1705	-51.4904
BLOCK01/SES012/SA012S11	SES206	0.309387	-51.181	-51.4904
BLOCK01/SES012/SA012S14	SES082	-0.123798	-52.3453	-52.2215
BLOCK01/SES012/SA012S14	SES087	-0.888538	-53.1101	-52.2215
BLOCK01/SES012/SA012S14	SES206	-0.199337	-52.4209	-52.2215
BLOCK01/SES012/SA012S14	SES292	-1.08075	-53.3023	-52.2215
BLOCK01/SES012/SA012S24	SES082	0.553951	-52.3834	-52.9373
BLOCK01/SES012/SA012S24	SES087	-0.0415688	-52.9789	-52.9373
BLOCK01/SES012/SA012S24	SES120	-1.4852	-54.4225	-52.9373
BLOCK01/SES012/SA012S24	SES206	0.354122	-52.5832	-52.9373
BLOCK01/SES012/SA012S26	SES019	-0.932377	-53.3605	-52.4281
BLOCK01/SES012/SA012S26	SES082	-0.0871277	-52.5152	-52.4281
BLOCK01/SES012/SA012S26	SES206	0.687057	-51.741	-52.4281
BLOCK01/SES012/SA012S26	SES292	-0.956718	-53.3848	-52.4281
BLOCK01/SES012/SA012S29	SES062	-0.812752	-52.8687	-52.056
BLOCK01/SES012/SA012S29	SES082	-0.373043	-52.429	-52.056
BLOCK01/SES012/SA012S29	SES083	-1.13314	-53.1891	-52.056
BLOCK01/SES012/SA012S29	SES206	-0.0366592	-52.0926	-52.056
BLOCK01/SES013/SA013S16	SES062	-1.05274	-53.7578	-52.7051
BLOCK01/SES013/SA013S16	SES106	0.404881	-52.3002	-52.7051
BLOCK01/SES013/SA013S16	SES206	0.328762	-52.3763	-52.7051
BLOCK01/SES013/SA013S16	SES226	-0.251057	-52.9562	-52.7051
BLOCK01/SES013/SA013S17	SES062	-0.980808	-53.1098	-52.129
BLOCK01/SES013/SA013S17	SES106	0.539661	-51.5893	-52.129
BLOCK01/SES013/SA013S17	SES206	0.584576	-51.5444	-52.129
BLOCK01/SES013/SA013S17	SES226	-0.279816	-52.4088	-52.129
BLOCK01/SES013/SA013S23	SES104	0.097847	-52.6121	-52.71
BLOCK01/SES013/SA013S23	SES106	0.576691	-52.1333	-52.71
BLOCK01/SES013/SA013S23	SES206	0.449677	-52.2603	-52.71
BLOCK01/SES013/SA013S23	SES270	0.351452	-52.3585	-52.71
BLOCK01/SES013/SA013S25	SES042	-0.578579	-52.976	-52.3974
BLOCK01/SES013/SA013S25	SES104	0.204731	-52.1927	-52.3974
BLOCK01/SES013/SA013S25	SES106	0.63303	-51.7644	-52.3974
BLOCK01/SES013/SA013S25	SES206	0.291889	-52.1055	-52.3974
BLOCK01/SES013/SA013S29	SES062	-1.04732	-53.3309	-52.2836
BLOCK01/SES013/SA013S29	SES104	-0.0977058	-52.3813	-52.2836
BLOCK01/SES013/SA013S29	SES106	0.528862	-51.7547	-52.2836
BLOCK01/SES013/SA013S29	SES206	0.0572586	-52.2263	-52.2836
BLOCK02/SES021/SA021S13	SES016	-1.39324	-52.7076	-51.3143
BLOCK02/SES021/SA021S13	SES029	-1.31643	-52.6307	-51.3143
BLOCK02/SES021/SA021S13	SES087	0.0279236	-51.2864	-51.3143
BLOCK02/SES021/SA021S13	SES206	0.0989647	-51.2154	-51.3143
BLOCK02/SES021/SA021S15	SES087	0.0173378	-50.9699	-50.9872
BLOCK02/SES021/SA021S15	SES125	0.0180092	-50.9692	-50.9872
BLOCK02/SES021/SA021S15	SES206	0.61816	-50.3691	-50.9872
BLOCK02/SES021/SA021S15	SES226	-0.067318	-51.0546	-50.9872
BLOCK02/SES021/SA021S23	SES062	-0.6129	-53.435	-52.8221
BLOCK02/SES021/SA021S23	SES087	-0.315594	-53.1377	-52.8221
BLOCK02/SES021/SA021S23	SES206	-0.253551	-53.0757	-52.8221
BLOCK02/SES021/SA021S23	SES226	-0.0674973	-52.8896	-52.8221
BLOCK02/SES021/SA021S27	SES002	-0.99155	-52.9278	-51.9362
BLOCK02/SES021/SA021S27	SES016	-1.75483	-53.691	-51.9362
BLOCK02/SES021/SA021S27	SES019	-0.375927	-52.3121	-51.9362
BLOCK02/SES021/SA021S27	SES062	-0.514278	-52.4505	-51.9362
BLOCK02/SES021/SA021S29	SES087	-0.484573	-52.2516	-51.767
BLOCK02/SES021/SA021S29	SES125	-0.0576439	-51.8247	-51.767
BLOCK02/SES021/SA021S29	SES206	0.188808	-51.5782	-51.767
BLOCK02/SES021/SA021S29	SES226	-0.192303	-51.9593	-51.767
BLOCK04/SES043/SA043S09	SES083	-0.663452	-54.1987	-53.5352
BLOCK04/SES043/SA043S09	SES101	-1.18282	-54.718	-53.5352
BLOCK04/SES043/SA043S09	SES144	-0.172417	-53.7076	-53.5352
BLOCK04/SES043/SA043S09	SES172	-1.26472	-54.7999	-53.5352
BLOCK04/SES043/SA043S11	SES083	-0.689472	-53.2745	-52.585
BLOCK04/SES043/SA043S11	SES101	-0.828022	-53.4131	-52.585
BLOCK04/SES043/SA043S11	SES144	-0.388012	-52.9731	-52.585
BLOCK04/SES043/SA043S11	SES172	-0.721973	-53.307	-52.585
BLOCK04/SES043/SA043S23	SES083	-0.409664	-53.1196	-52.7099
BLOCK04/SES043/SA043S23	SES144	-0.0965233	-52.8065	-52.7099
BLOCK04/SES043/SA043S23	SES177	-1.85554	-54.5655	-52.7099
BLOCK04/SES043/SA043S23	SES275	-0.401279	-53.1112	-52.7099
BLOCK04/SES043/SA043S26	SES083	-0.28006	-53.267	-52.9869
BLOCK04/SES043/SA043S26	SES101	-0.897411	-53.8843	-52.9869
BLOCK04/SES043/SA043S26	SES144	0.00812531	-52.9788	-52.9869
BLOCK04/SES043/SA043S26	SES177	-1.48679	-54.4737	-52.9869
BLOCK04/SES043/SA043S28	SES016	-0.512321	-52.8237	-52.3113
BLOCK04/SES043/SA043S28	SES083	-0.118469	-52.4298	-52.3113
BLOCK04/SES043/SA043S28	SES101	-0.359833	-52.6712	-52.3113
BLOCK04/SES043/SA043S28	SES144	-0.465569	-52.7769	-52.3113
BLOCK04/SES044/SA044S10	SES127	-1.74774	-56.7134	-54.9657
BLOCK04/SES044/SA044S10	SES144	0.145641	-54.8201	-54.9657
BLOCK04/SES044/SA044S10	SES147	-1.23404	-56.1997	-54.9657
BLOCK04/SES044/SA044S10	SES148	-0.711227	-55.6769	-54.9657
BLOCK04/SES044/SA044S11	SES101	-0.840504	-55.0506	-54.2101
BLOCK04/SES044/SA044S11	SES144	0.0451088	-54.165	-54.2101
BLOCK04/SES044/SA044S11	SES147	-0.563915	-54.774	-54.2101
BLOCK04/SES044/SA044S11	SES177	-1.0763	-55.2864	-54.2101
BLOCK04/SES044/SA044S24	SES007	-0.49781	-54.0837	-53.5858
BLOCK04/SES044/SA044S24	SES101	-0.594639	-54.1805	-53.5858
BLOCK04/SES044/SA044S24	SES147	-1.64499	-55.2308	-53.5858
BLOCK04/SES044/SA044S24	SES177	-1.98845	-55.5743	-53.5858
BLOCK04/SES044/SA044S26	SES007	-1.01217	-54.3691	-53.357
BLOCK04/SES044/SA044S26	SES016	-0.35141	-53.7084	-53.357
BLOCK04/SES044/SA044S26	SES101	-0.750465	-54.1074	-53.357
BLOCK04/SES044/SA044S26	SES147	-0.652225	-54.0092	-53.357
BLOCK04/SES044/SA044S29	SES007	-0.866646	-53.9327	-53.0661
BLOCK04/SES044/SA044S29	SES101	-0.562706	-53.6288	-53.0661
BLOCK04/SES044/SA044S29	SES147	-0.776062	-53.8421	-53.0661
BLOCK04/SES044/SA044S29	SES177	-1.04092	-54.107	-53.0661
BLOCK04/SES046/SA046S13	SES101	-0.821095	-54.5391	-53.718
BLOCK04/SES046/SA046S13	SES144	-0.225296	-53.9433	-53.718
BLOCK04/SES046/SA046S13	SES147	-0.699329	-54.4173	-53.718
BLOCK04/SES046/SA046S13	SES177	-0.318241	-54.0362	-53.718
BLOCK04/SES046/SA046S15	SES048	-2.03887	-54.6965	-52.6576
BLOCK04/SES046/SA046S15	SES083	-0.451118	-53.1087	-52.6576
BLOCK04/SES046/SA046S15	SES120	-1.34897	-54.0066	-52.6576
BLOCK04/SES046/SA046S15	SES148	-0.61396	-53.2716	-52.6576
BLOCK04/SES046/SA046S22	SES101	-1.17545	-54.878	-53.7026
BLOCK04/SES046/SA046S22	SES144	-0.490055	-54.1926	-53.7026
BLOCK04/SES046/SA046S22	SES147	-0.587708	-54.2903	-53.7026
BLOCK04/SES046/SA046S22	SES172	-0.397457	-54.1	-53.7026
BLOCK04/SES046/SA046S25	SES083	-0.682022	-53.7743	-53.0923
BLOCK04/SES046/SA046S25	SES127	-1.02844	-54.1207	-53.0923
BLOCK04/SES046/SA046S25	SES144	-1.46086	-54.5531	-53.0923
BLOCK04/SES046/SA046S25	SES148	-0.906151	-53.9984	-53.0923
BLOCK04/SES046/SA046S28	SES007	-0.871033	-54.1092	-53.2381
BLOCK04/SES046/SA046S28	SES105	-1.40699	-54.6451	-53.2381
BLOCK04/SES046/SA046S28	SES147	-0.607468	-53.8456	-53.2381
BLOCK04/SES046/SA046S28	SES148	-0.245129	-53.4833	-53.2381
BLOCK04/SES049/SA049S16	SES104	0.00566864	-53.882	-53.8877
BLOCK04/SES049/SA049S16	SES106	0.0954094	-53.7923	-53.8877
BLOCK04/SES049/SA049S16	SES120	-1.19155	-55.0793	-53.8877
BLOCK04/SES049/SA049S16	SES206	-0.0178604	-53.9056	-53.8877
BLOCK04/SES049/SA049S18	SES099	-0.256401	-53.867	-53.6106
BLOCK04/SES049/SA049S18	SES104	-0.670578	-54.2812	-53.6106
BLOCK04/SES049/SA049S18	SES125	-0.546738	-54.1574	-53.6106
BLOCK04/SES049/SA049S18	SES206	-0.377941	-53.9886	-53.6106
BLOCK04/SES049/SA049S25	SES087	0.383667	-52.9773	-53.3609
BLOCK04/SES049/SA049S25	SES104	0.282799	-53.0781	-53.3609
BLOCK04/SES049/SA049S25	SES125	0.0681725	-53.2928	-53.3609
BLOCK04/SES049/SA049S25	SES206	0.323566	-53.0374	-53.3609
BLOCK04/SES049/SA049S27	SES099	-0.0283127	-52.7673	-52.739
BLOCK04/SES049/SA049S27	SES104	0.372246	-52.3668	-52.739
BLOCK04/SES049/SA049S27	SES125	-0.0897675	-52.8288	-52.739
BLOCK04/SES049/SA049S27	SES206	-0.0592766	-52.7983	-52.739
BLOCK04/SES049/SA049S29	SES099	0.162693	-51.9931	-52.1557
BLOCK04/SES049/SA049S29	SES104	0.557358	-51.5984	-52.1557
BLOCK04/SES049/SA049S29	SES125	0.121868	-52.0339	-52.1557
BLOCK04/SES049/SA049S29	SES206	0.0190659	-52.1367	-52.1557
BLOCK06/SES063/SA063S09	SES068	-1.1437	-54.4515	-53.3078
BLOCK06/SES063/SA063S09	SES083	-0.510406	-53.8183	-53.3078
BLOCK06/SES063/SA063S09	SES177	-0.34584	-53.6537	-53.3078
BLOCK06/SES063/SA063S09	SES187	-0.255142	-53.563	-53.3078
BLOCK06/SES063/SA063S10	SES068	-0.967136	-54.3694	-53.4023
BLOCK06/SES063/SA063S10	SES083	-0.0123558	-53.4146	-53.4023
BLOCK06/SES063/SA063S10	SES172	0.101536	-53.3007	-53.4023
BLOCK06/SES063/SA063S10	SES187	-0.22546	-53.6277	-53.4023
BLOCK06/SES063/SA063S20	SES068	-1.57133	-55.1169	-53.5456
BLOCK06/SES063/SA063S20	SES083	-0.349541	-53.8951	-53.5456
BLOCK06/SES063/SA063S20	SES172	-0.96801	-54.5136	-53.5456
BLOCK06/SES063/SA063S20	SES187	0.32851	-53.2171	-53.5456
BLOCK06/SES063/SA063S24	SES029	-0.921143	-53.7016	-52.7804
BLOCK06/SES063/SA063S24	SES083	0.130264	-52.6502	-52.7804
BLOCK06/SES063/SA063S24	SES177	-0.0646362	-52.8451	-52.7804
BLOCK06/SES063/SA063S24	SES189	-1.02283	-53.8033	-52.7804
BLOCK06/SES063/SA063S27	SES083	-0.143799	-54.2512	-54.1074
BLOCK06/SES063/SA063S27	SES172	0.264462	-53.843	-54.1074
BLOCK06/SES063/SA063S27	SES187	-0.580341	-54.6878	-54.1074
BLOCK06/SES063/SA063S27	SES292	-0.390629	-54.4981	-54.1074
BLOCK06/SES067/SA067S12	SES083	-1.03051	-53.9858	-52.9553
BLOCK06/SES067/SA067S12	SES172	-1.74004	-54.6953	-52.9553
BLOCK06/SES067/SA067S12	SES202	0.540478	-52.4148	-52.9553
BLOCK06/SES067/SA067S12	SES292	-0.905285	-53.8606	-52.9553
BLOCK06/SES067/SA067S14	SES085	-0.261848	-52.6413	-52.3795
BLOCK06/SES067/SA067S14	SES177	-0.777802	-53.1573	-52.3795
BLOCK06/SES067/SA067S14	SES183	-0.0374146	-52.4169	-52.3795
BLOCK06/SES067/SA067S14	SES202	0.0530281	-52.3265	-52.3795
BLOCK06/SES067/SA067S21	SES144	-0.300938	-54.4819	-54.181
BLOCK06/SES067/SA067S21	SES177	-0.385334	-54.5663	-54.181
BLOCK06/SES067/SA067S21	SES183	-1.27555	-55.4565	-54.181
BLOCK06/SES067/SA067S21	SES189	0.0876923	-54.0933	-54.181
BLOCK06/SES067/SA067S25	SES085	0.000118256	-53.1208	-53.1209
BLOCK06/SES067/SA067S25	SES177	-0.365238	-53.4861	-53.1209
BLOCK06/SES067/SA067S25	SES183	-1.08506	-54.2059	-53.1209
BLOCK06/SES067/SA067S25	SES202	0.14505	-52.9758	-53.1209
BLOCK06/SES067/SA067S29	SES085	-0.399734	-53.6358	-53.236
BLOCK06/SES067/SA067S29	SES177	-0.482948	-53.719	-53.236
BLOCK06/SES067/SA067S29	SES183	-0.543026	-53.7791	-53.236
BLOCK06/SES067/SA067S29	SES202	0.977997	-52.258	-53.236
BLOCK06/SES069/SA069S12	SES029	-1.01373	-53.2936	-52.2799
BLOCK06/SES069/SA069S12	SES082	0.261997	-52.0179	-52.2799
BLOCK06/SES069/SA069S12	SES087	-0.232986	-52.5129	-52.2799
BLOCK06/SES069/SA069S12	SES206	0.133255	-52.1467	-52.2799
BLOCK06/SES069/SA069S13	SES029	-1.02998	-53.1853	-52.1553
BLOCK06/SES069/SA069S13	SES087	-0.682854	-52.8382	-52.1553
BLOCK06/SES069/SA069S13	SES206	-0.823036	-52.9784	-52.1553
BLOCK06/SES069/SA069S13	SES226	-1.1228	-53.2781	-52.1553
BLOCK06/SES069/SA069S23	SES029	-0.91824	-52.0151	-51.0969
BLOCK06/SES069/SA069S23	SES087	0.115814	-50.981	-51.0969
BLOCK06/SES069/SA069S23	SES206	-0.163872	-51.2607	-51.0969
BLOCK06/SES069/SA069S23	SES226	-0.118725	-51.2156	-51.0969
BLOCK06/SES069/SA069S25	SES087	-0.252144	-51.8619	-51.6097
BLOCK06/SES069/SA069S25	SES206	-0.69569	-52.3054	-51.6097
BLOCK06/SES069/SA069S25	SES226	-0.354183	-51.9639	-51.6097
BLOCK06/SES069/SA069S25	SES270	-0.559757	-52.1695	-51.6097
BLOCK06/SES069/SA069S27	SES087	-0.552616	-52.7113	-52.1587
BLOCK06/SES069/SA069S27	SES206	0.382519	-51.7762	-52.1587
BLOCK06/SES069/SA069S27	SES226	0.234608	-51.9241	-52.1587
BLOCK06/SES069/SA069S27	SES270	-0.145287	-52.304	-52.1587
BLOCK08/SES081/SA081S11	SES060	-0.724548	-54.0192	-53.2946
BLOCK08/SES081/SA081S11	SES062	-2.38384	-55.6785	-53.2946
BLOCK08/SES081/SA081S11	SES117	-1.01104	-54.3057	-53.2946
BLOCK08/SES081/SA081S11	SES162	-0.370667	-53.6653	-53.2946
BLOCK08/SES081/SA081S13	SES016	0.149815	-52.013	-52.1628
BLOCK08/SES081/SA081S13	SES060	-0.0977211	-52.2605	-52.1628
BLOCK08/SES081/SA081S13	SES068	-0.013382	-52.1762	-52.1628
BLOCK08/SES081/SA081S13	SES129	-1.16954	-53.3324	-52.1628
BLOCK08/SES081/SA081S24	SES060	-0.414486	-53.182	-52.7675
BLOCK08/SES081/SA081S24	SES068	-0.367352	-53.1349	-52.7675
BLOCK08/SES081/SA081S24	SES117	-0.896679	-53.6642	-52.7675
BLOCK08/SES081/SA081S24	SES275	-1.52245	-54.29	-52.7675
BLOCK08/SES081/SA081S27	SES007	-0.686604	-53.707	-53.0204
BLOCK08/SES081/SA081S27	SES060	-0.843227	-53.8636	-53.0204
BLOCK08/SES081/SA081S27	SES117	-0.259495	-53.2799	-53.0204
BLOCK08/SES081/SA081S27	SES275	-1.22623	-54.2467	-53.0204
BLOCK08/SES081/SA081S29	SES007	-0.571926	-53.4126	-52.8407
BLOCK08/SES081/SA081S29	SES060	-0.222851	-53.0635	-52.8407
BLOCK08/SES081/SA081S29	SES117	-0.534458	-53.3751	-52.8407
BLOCK08/SES081/SA081S29	SES275	-1.42912	-54.2698	-52.8407
BLOCK08/SES086/SA086S11	SES029	-1.73616	-55.3663	-53.6301
BLOCK08/SES086/SA086S11	SES082	-0.0239143	-53.6541	-53.6301
BLOCK08/SES086/SA086S11	SES087	0.141861	-53.4883	-53.6301
BLOCK08/SES086/SA086S11	SES206	-0.302696	-53.9328	-53.6301
BLOCK08/SES086/SA086S12	SES029	-0.969727	-54.0743	-53.1046
BLOCK08/SES086/SA086S12	SES082	-0.0447769	-53.1493	-53.1046
BLOCK08/SES086/SA086S12	SES087	0.832554	-52.272	-53.1046
BLOCK08/SES086/SA086S12	SES206	0.097599	-53.007	-53.1046
BLOCK08/SES086/SA086S20	SES029	-1.52635	-53.6601	-52.1337
BLOCK08/SES086/SA086S20	SES082	-0.30698	-52.4407	-52.1337
BLOCK08/SES086/SA086S20	SES087	0.862038	-51.2717	-52.1337
BLOCK08/SES086/SA086S20	SES206	0.799664	-51.3341	-52.1337
BLOCK08/SES086/SA086S24	SES087	0.637627	-52.4688	-53.1064
BLOCK08/SES086/SA086S24	SES104	0.245708	-52.8607	-53.1064
BLOCK08/SES086/SA086S24	SES120	-1.32665	-54.4331	-53.1064
BLOCK08/SES086/SA086S24	SES206	0.462303	-52.6441	-53.1064
BLOCK08/SES086/SA086S28	SES029	-1.24126	-53.4524	-52.2111
BLOCK08/SES086/SA086S28	SES082	-0.0231781	-52.2343	-52.2111
BLOCK08/SES086/SA086S28	SES087	0.526417	-51.6847	-52.2111
BLOCK08/SES086/SA086S28	SES206	0.303707	-51.9074	-52.2111
BLOCK08/SES089/SA089S13	SES087	-0.45031	-53.237	-52.7867
BLOCK08/SES089/SA089S13	SES206	-1.02265	-53.8094	-52.7867
BLOCK08/SES089/SA089S13	SES226	-0.0369301	-52.8236	-52.7867
BLOCK08/SES089/SA089S13	SES270	-1.5992	-54.3859	-52.7867
BLOCK08/SES089/SA089S14	SES062	-0.175556	-52.0203	-51.8447
BLOCK08/SES089/SA089S14	SES087	0.276634	-51.5681	-51.8447
BLOCK08/SES089/SA089S14	SES206	-0.274265	-52.119	-51.8447
BLOCK08/SES089/SA089S14	SES226	0.377155	-51.4676	-51.8447
BLOCK08/SES089/SA089S23	SES087	-0.242832	-52.8479	-52.6051
BLOCK08/SES089/SA089S23	SES206	-0.588779	-53.1938	-52.6051
BLOCK08/SES089/SA089S23	SES226	0.195595	-52.4095	-52.6051
BLOCK08/SES089/SA089S23	SES270	-1.54641	-54.1515	-52.6051
BLOCK08/SES089/SA089S25	SES062	0.324062	-51.9335	-52.2576
BLOCK08/SES089/SA089S25	SES087	0.169163	-52.0884	-52.2576
BLOCK08/SES089/SA089S25	SES206	-0.650799	-52.9084	-52.2576
BLOCK08/SES089/SA089S25	SES226	0.681061	-51.5765	-52.2576
BLOCK08/SES089/SA089S28	SES062	-0.0309906	-52.161	-52.13
BLOCK08/SES089/SA089S28	SES087	0.0940895	-52.0359	-52.13
BLOCK08/SES089/SA089S28	SES206	-0.549835	-52.6798	-52.13
BLOCK08/SES089/SA089S28	SES226	0.474548	-51.6555	-52.13
BLOCK09/SES097/SA097S11	SES099	0.79591	-52.5038	-53.2997
BLOCK09/SES097/SA097S11	SES125	0.289284	-53.0104	-53.2997
BLOCK09/SES097/SA097S11	SES206	0.297932	-53.0018	-53.2997
BLOCK09/SES097/SA097S11	SES226	0.399288	-52.9004	-53.2997
BLOCK09/SES097/SA097S14	SES062	-1.06981	-53.7323	-52.6625
BLOCK09/SES097/SA097S14	SES099	-0.256542	-52.919	-52.6625
BLOCK09/SES097/SA097S14	SES104	0.142323	-52.5201	-52.6625
BLOCK09/SES097/SA097S14	SES206	-0.463158	-53.1256	-52.6625
BLOCK09/SES097/SA097S22	SES099	0.191635	-52.9577	-53.1493
BLOCK09/SES097/SA097S22	SES206	-0.362366	-53.5117	-53.1493
BLOCK09/SES097/SA097S22	SES226	-0.518715	-53.668	-53.1493
BLOCK09/SES097/SA097S22	SES270	0.432053	-52.7172	-53.1493
BLOCK09/SES097/SA097S26	SES099	0.652199	-51.9612	-52.6134
BLOCK09/SES097/SA097S26	SES120	-0.766251	-53.3796	-52.6134
BLOCK09/SES097/SA097S26	SES206	0.434132	-52.1793	-52.6134
BLOCK09/SES097/SA097S26	SES226	0.258129	-52.3553	-52.6134
BLOCK09/SES097/SA097S28	SES099	0.135468	-52.5028	-52.6383
BLOCK09/SES097/SA097S28	SES120	-1.02062	-53.6589	-52.6383
BLOCK09/SES097/SA097S28	SES206	-0.440422	-53.0787	-52.6383
BLOCK09/SES097/SA097S28	SES226	0.103359	-52.5349	-52.6383
BLOCK09/SES098/SA098S11	SES127	-1.40732	-55.7828	-54.3754
BLOCK09/SES098/SA098S11	SES144	-0.83345	-55.2089	-54.3754
BLOCK09/SES098/SA098S11	SES147	0.131489	-54.244	-54.3754
BLOCK09/SES098/SA098S11	SES148	-1.75616	-56.1316	-54.3754
BLOCK09/SES098/SA098S12	SES127	-1.80188	-57.6614	-55.8596
BLOCK09/SES098/SA098S12	SES144	-0.64085	-56.5004	-55.8596
BLOCK09/SES098/SA098S12	SES147	0.312855	-55.5467	-55.8596
BLOCK09/SES098/SA098S12	SES189	-0.00543594	-55.865	-55.8596
BLOCK09/SES098/SA098S20	SES127	-1.58216	-56.2032	-54.6211
BLOCK09/SES098/SA098S20	SES147	-0.174973	-54.7961	-54.6211
BLOCK09/SES098/SA098S20	SES148	-1.81216	-56.4332	-54.6211
BLOCK09/SES098/SA098S20	SES292	-1.62651	-56.2476	-54.6211
BLOCK09/SES098/SA098S23	SES127	-1.2782	-55.3702	-54.092
BLOCK09/SES098/SA098S23	SES147	0.0922127	-53.9998	-54.092
BLOCK09/SES098/SA098S23	SES187	0.0517883	-54.0402	-54.092
BLOCK09/SES098/SA098S23	SES292	-1.44984	-55.5419	-54.092
BLOCK09/SES098/SA098S27	SES127	-1.77745	-56.3082	-54.5308
BLOCK09/SES098/SA098S27	SES147	-0.568581	-55.0993	-54.5308
BLOCK09/SES098/SA098S27	SES148	-1.96487	-56.4956	-54.5308
BLOCK09/SES098/SA098S27	SES292	-2.18357	-56.7143	-54.5308
BLOCK10/SES102/SA102S13	SES101	-0.0860977	-53.6115	-53.5254
BLOCK10/SES102/SA102S13	SES105	-0.705898	-54.2313	-53.5254
BLOCK10/SES102/SA102S13	SES120	-0.45335	-53.9788	-53.5254
BLOCK10/SES102/SA102S13	SES158	-5.61421	-59.1396	-53.5254
BLOCK10/SES102/SA102S14	SES007	0.389038	-52.2589	-52.6479
BLOCK10/SES102/SA102S14	SES101	-0.073925	-52.7219	-52.6479
BLOCK10/SES102/SA102S14	SES105	-0.149502	-52.7974	-52.6479
BLOCK10/SES102/SA102S14	SES147	-1.8405	-54.4884	-52.6479
BLOCK10/SES102/SA102S22	SES007	-0.583008	-52.5656	-51.9826
BLOCK10/SES102/SA102S22	SES101	-0.257889	-52.2405	-51.9826
BLOCK10/SES102/SA102S22	SES105	-0.475613	-52.4582	-51.9826
BLOCK10/SES102/SA102S22	SES158	-2.58624	-54.5689	-51.9826
BLOCK10/SES102/SA102S25	SES007	0.129726	-52.4331	-52.5628
BLOCK10/SES102/SA102S25	SES101	-0.0153999	-52.5782	-52.5628
BLOCK10/SES102/SA102S25	SES105	-0.258911	-52.8217	-52.5628
BLOCK10/SES102/SA102S25	SES147	-2.02954	-54.5923	-52.5628
BLOCK10/SES102/SA102S27	SES007	-0.125099	-53.391	-53.2659
BLOCK10/SES102/SA102S27	SES101	-0.6068	-53.8727	-53.2659
BLOCK10/SES102/SA102S27	SES105	-0.428043	-53.6939	-53.2659
BLOCK10/SES102/SA102S27	SES147	-1.42506	-54.691	-53.2659
BLOCK10/SES103/SA103S14	SES105	-0.542038	-53.201	-52.659
BLOCK10/SES103/SA103S14	SES106	0.152287	-52.5067	-52.659
BLOCK10/SES103/SA103S14	SES120	-1.46378	-54.1227	-52.659
BLOCK10/SES103/SA103S14	SES206	-0.189533	-52.8485	-52.659
BLOCK10/SES103/SA103S15	SES099	-0.0659752	-53.6032	-53.5372
BLOCK10/SES103/SA103S15	SES101	-1.48566	-55.0229	-53.5372
BLOCK10/SES103/SA103S15	SES104	-0.0229149	-53.5602	-53.5372
BLOCK10/SES103/SA103S15	SES125	-0.245422	-53.7827	-53.5372
BLOCK10/SES103/SA103S24	SES104	-0.275635	-52.7535	-52.4779
BLOCK10/SES103/SA103S24	SES125	-0.347858	-52.8258	-52.4779
BLOCK10/SES103/SA103S24	SES148	-1.48382	-53.9617	-52.4779
BLOCK10/SES103/SA103S24	SES158	-0.0204277	-52.4983	-52.4779
BLOCK10/SES103/SA103S26	SES104	-0.394955	-53.2273	-52.8324
BLOCK10/SES103/SA103S26	SES106	-0.0568962	-52.8893	-52.8324
BLOCK10/SES103/SA103S26	SES125	-0.433655	-53.266	-52.8324
BLOCK10/SES103/SA103S26	SES148	-1.75896	-54.5913	-52.8324
BLOCK10/SES103/SA103S28	SES104	-0.232105	-53.5951	-53.363
BLOCK10/SES103/SA103S28	SES106	-0.0207062	-53.3837	-53.363
BLOCK10/SES103/SA103S28	SES125	-0.458649	-53.8217	-53.363
BLOCK10/SES103/SA103S28	SES206	-0.57106	-53.9341	-53.363
BLOCK12/SES121/SA121S12	SES042	-1.04165	-54.4044	-53.3628
BLOCK12/SES121/SA121S12	SES087	-0.349583	-53.7124	-53.3628
BLOCK12/SES121/SA121S12	SES105	-0.498783	-53.8616	-53.3628
BLOCK12/SES121/SA121S12	SES206	-0.167236	-53.53	-53.3628
BLOCK12/SES121/SA121S14	SES007	-0.916153	-54.7812	-53.8651
BLOCK12/SES121/SA121S14	SES105	-0.511524	-54.3766	-53.8651
BLOCK12/SES121/SA121S14	SES106	-0.209534	-54.0746	-53.8651
BLOCK12/SES121/SA121S14	SES206	-0.485523	-54.3506	-53.8651
BLOCK12/SES121/SA121S23	SES105	-0.341263	-54.4155	-54.0743
BLOCK12/SES121/SA121S23	SES106	-0.2211	-54.2954	-54.0743
BLOCK12/SES121/SA121S23	SES120	-1.51011	-55.5844	-54.0743
BLOCK12/SES121/SA121S23	SES206	-0.439011	-54.5133	-54.0743
BLOCK12/SES121/SA121S25	SES007	-0.949768	-55.3616	-54.4118
BLOCK12/SES121/SA121S25	SES105	-0.876564	-55.2884	-54.4118
BLOCK12/SES121/SA121S25	SES106	-0.183929	-54.5957	-54.4118
BLOCK12/SES121/SA121S25	SES206	-0.374859	-54.7867	-54.4118
BLOCK12/SES121/SA121S27	SES087	-0.266232	-54.2781	-54.0118
BLOCK12/SES121/SA121S27	SES105	-0.871128	-54.883	-54.0118
BLOCK12/SES121/SA121S27	SES120	-1.01788	-55.0297	-54.0118
BLOCK12/SES121/SA121S27	SES206	-0.167564	-54.1794	-54.0118
BLOCK12/SES124/SA124S16	SES042	0.305584	-51.6555	-51.9611
BLOCK12/SES124/SA124S16	SES082	-0.4375	-52.3986	-51.9611
BLOCK12/SES124/SA124S16	SES183	-1.77456	-53.7357	-51.9611
BLOCK12/SES124/SA124S16	SES206	-0.202507	-52.1636	-51.9611
BLOCK12/SES124/SA124S17	SES105	-0.477509	-53.6321	-53.1545
BLOCK12/SES124/SA124S17	SES149	-0.2388	-53.3933	-53.1545
BLOCK12/SES124/SA124S17	SES158	-0.891968	-54.0465	-53.1545
BLOCK12/SES124/SA124S17	SES275	-1.16185	-54.3164	-53.1545
BLOCK12/SES124/SA124S23	SES105	-0.63496	-51.8292	-51.1942
BLOCK12/SES124/SA124S23	SES125	0.824566	-50.3696	-51.1942
BLOCK12/SES124/SA124S23	SES129	-1.71253	-52.9067	-51.1942
BLOCK12/SES124/SA124S23	SES158	0.0710564	-51.1232	-51.1942
BLOCK12/SES124/SA124S26	SES105	-1.2214	-53.5619	-52.3405
BLOCK12/SES124/SA124S26	SES125	0.863804	-51.4767	-52.3405
BLOCK12/SES124/SA124S26	SES129	-2.11639	-54.4569	-52.3405
BLOCK12/SES124/SA124S26	SES158	-0.0297318	-52.3702	-52.3405
BLOCK12/SES124/SA124S28	SES104	0.146084	-51.8169	-51.963
BLOCK12/SES124/SA124S28	SES106	0.516743	-51.4462	-51.963
BLOCK12/SES124/SA124S28	SES125	0.734997	-51.228	-51.963
BLOCK12/SES124/SA124S28	SES275	-1.31583	-53.2788	-51.963
BLOCK12/SES126/SA126S13	SES007	-1.08644	-55.8155	-54.729
BLOCK12/SES126/SA126S13	SES162	0.180676	-54.5483	-54.729
BLOCK12/SES126/SA126S13	SES177	-0.448109	-55.1771	-54.729
BLOCK12/SES126/SA126S13	SES180	0.0470963	-54.6819	-54.729
BLOCK12/SES126/SA126S14	SES144	-0.484592	-53.563	-53.0784
BLOCK12/SES126/SA126S14	SES148	-0.775677	-53.8541	-53.0784
BLOCK12/SES126/SA126S14	SES177	0.0149422	-53.0635	-53.0784
BLOCK12/SES126/SA126S14	SES180	0.230457	-52.848	-53.0784
BLOCK12/SES126/SA126S20	SES007	-1.09055	-54.4067	-53.3162
BLOCK12/SES126/SA126S20	SES162	-0.114017	-53.4302	-53.3162
BLOCK12/SES126/SA126S20	SES172	-1.6477	-54.9639	-53.3162
BLOCK12/SES126/SA126S20	SES180	-0.440147	-53.7563	-53.3162
BLOCK12/SES126/SA126S24	SES120	-1.09808	-54.3772	-53.2791
BLOCK12/SES126/SA126S24	SES162	0.285812	-52.9933	-53.2791
BLOCK12/SES126/SA126S24	SES177	-0.423855	-53.703	-53.2791
BLOCK12/SES126/SA126S24	SES180	0.108608	-53.1705	-53.2791
BLOCK12/SES126/SA126S26	SES120	-1.40924	-54.8084	-53.3992
BLOCK12/SES126/SA126S26	SES177	-0.805408	-54.2046	-53.3992
BLOCK12/SES126/SA126S26	SES180	-0.192684	-53.5919	-53.3992
BLOCK12/SES126/SA126S26	SES202	-2.22232	-55.6215	-53.3992
BLOCK12/SES128/SA128S10	SES087	-0.917057	-53.7234	-52.8064
BLOCK12/SES128/SA128S10	SES206	-0.350975	-53.1574	-52.8064
BLOCK12/SES128/SA128S10	SES226	-0.134575	-52.941	-52.8064
BLOCK12/SES128/SA128S10	SES270	-0.371185	-53.1776	-52.8064
BLOCK12/SES128/SA128S12	SES120	-0.874374	-53.8522	-52.9778
BLOCK12/SES128/SA128S12	SES158	-0.595512	-53.5733	-52.9778
BLOCK12/SES128/SA128S12	SES206	-0.0929031	-53.0707	-52.9778
BLOCK12/SES128/SA128S12	SES226	-0.176609	-53.1544	-52.9778
BLOCK12/SES128/SA128S21	SES106	-0.920589	-54.8129	-53.8923
BLOCK12/SES128/SA128S21	SES120	-0.420124	-54.3124	-53.8923
BLOCK12/SES128/SA128S21	SES206	-0.734562	-54.6268	-53.8923
BLOCK12/SES128/SA128S21	SES226	-0.30764	-54.1999	-53.8923
BLOCK12/SES128/SA128S24	SES087	-0.971916	-54.1821	-53.2102
BLOCK12/SES128/SA128S24	SES120	-0.618793	-53.829	-53.2102
BLOCK12/SES128/SA128S24	SES206	-0.492317	-53.7025	-53.2102
BLOCK12/SES128/SA128S24	SES226	-0.326595	-53.5368	-53.2102
BLOCK12/SES128/SA128S27	SES099	-0.723877	-53.0597	-52.3359
BLOCK12/SES128/SA128S27	SES120	-0.669212	-53.0051	-52.3359
BLOCK12/SES128/SA128S27	SES206	-0.413124	-52.749	-52.3359
BLOCK12/SES128/SA128S27	SES226	0.016655	-52.3192	-52.3359
BLOCK13/SES130/SA130S13	SES143	-1.46431	-56.3905	-54.9262
BLOCK13/SES130/SA130S13	SES144	0.670979	-54.2552	-54.9262
BLOCK13/SES130/SA130S13	SES146	0.383152	-54.543	-54.9262
BLOCK13/SES130/SA130S13	SES275	-0.780983	-55.7072	-54.9262
BLOCK13/SES130/SA130S15	SES143	-1.47301	-55.275	-53.802
BLOCK13/SES130/SA130S15	SES144	-0.00110245	-53.8031	-53.802
BLOCK13/SES130/SA130S15	SES146	0.000717163	-53.8013	-53.802
BLOCK13/SES130/SA130S15	SES275	-0.414326	-54.2163	-53.802
BLOCK13/SES130/SA130S23	SES127	-1.68644	-56.5875	-54.901
BLOCK13/SES130/SA130S23	SES144	-0.105976	-55.007	-54.901
BLOCK13/SES130/SA130S23	SES146	0.405697	-54.4953	-54.901
BLOCK13/SES130/SA130S23	SES162	-1.33232	-56.2333	-54.901
BLOCK13/SES130/SA130S25	SES127	-0.909431	-54.3586	-53.4492
BLOCK13/SES130/SA130S25	SES144	0.0278969	-53.4213	-53.4492
BLOCK13/SES130/SA130S25	SES146	0.235481	-53.2137	-53.4492
BLOCK13/SES130/SA130S25	SES275	-0.276249	-53.7255	-53.4492
BLOCK13/SES130/SA130S28	SES127	-0.495956	-53.9881	-53.4922
BLOCK13/SES130/SA130S28	SES144	-0.313942	-53.8061	-53.4922
BLOCK13/SES130/SA130S28	SES146	-0.448711	-53.9409	-53.4922
BLOCK13/SES130/SA130S28	SES275	-0.150032	-53.6422	-53.4922
BLOCK13/SES131/SA131S13	SES002	-0.423222	-54.6388	-54.2156
BLOCK13/SES131/SA131S13	SES007	-1.14034	-55.3559	-54.2156
BLOCK13/SES131/SA131S13	SES099	-0.508499	-54.7241	-54.2156
BLOCK13/SES131/SA131S13	SES105	-0.778732	-54.9943	-54.2156
BLOCK13/SES131/SA131S14	SES104	-0.368195	-52.9731	-52.6049
BLOCK13/SES131/SA131S14	SES106	0.0719452	-52.533	-52.6049
BLOCK13/SES131/SA131S14	SES125	-0.387318	-52.9923	-52.6049
BLOCK13/SES131/SA131S14	SES148	-1.23556	-53.8405	-52.6049
BLOCK13/SES131/SA131S20	SES104	-0.607498	-54.1847	-53.5772
BLOCK13/SES131/SA131S20	SES106	0.248894	-53.3283	-53.5772
BLOCK13/SES131/SA131S20	SES125	-0.302555	-53.8798	-53.5772
BLOCK13/SES131/SA131S20	SES148	-1.65094	-55.2282	-53.5772
BLOCK13/SES131/SA131S22	SES099	0.213745	-52.889	-53.1027
BLOCK13/SES131/SA131S22	SES104	-0.181126	-53.2838	-53.1027
BLOCK13/SES131/SA131S22	SES125	0.169445	-52.9333	-53.1027
BLOCK13/SES131/SA131S22	SES206	-0.239082	-53.3418	-53.1027
BLOCK13/SES131/SA131S29	SES087	-0.108128	-53.3886	-53.2805
BLOCK13/SES131/SA131S29	SES104	-1.13797	-54.4185	-53.2805
BLOCK13/SES131/SA131S29	SES125	-0.444271	-53.7248	-53.2805
BLOCK13/SES131/SA131S29	SES206	-0.534882	-53.8154	-53.2805
BLOCK13/SES132/SA132S11	SES083	-0.521854	-53.265	-52.7431
BLOCK13/SES132/SA132S11	SES120	-0.0648232	-52.8079	-52.7431
BLOCK13/SES132/SA132S11	SES127	-0.35791	-53.101	-52.7431
BLOCK13/SES132/SA132S11	SES275	-1.0026	-53.7457	-52.7431
BLOCK13/SES132/SA132S12	SES083	-0.659988	-53.31	-52.65
BLOCK13/SES132/SA132S12	SES143	-0.785118	-53.4351	-52.65
BLOCK13/SES132/SA132S12	SES144	-0.152771	-52.8028	-52.65
BLOCK13/SES132/SA132S12	SES148	-0.499741	-53.1497	-52.65
BLOCK13/SES132/SA132S22	SES062	-0.453899	-52.808	-52.3541
BLOCK13/SES132/SA132S22	SES083	-0.499832	-52.8539	-52.3541
BLOCK13/SES132/SA132S22	SES127	-0.247414	-52.6015	-52.3541
BLOCK13/SES132/SA132S22	SES275	-0.930866	-53.285	-52.3541
BLOCK13/SES132/SA132S24	SES007	-0.632683	-53.1864	-52.5537
BLOCK13/SES132/SA132S24	SES083	-0.601791	-53.1555	-52.5537
BLOCK13/SES132/SA132S24	SES127	-0.728516	-53.2822	-52.5537
BLOCK13/SES132/SA132S24	SES275	-1.36107	-53.9148	-52.5537
BLOCK13/SES132/SA132S27	SES083	-1.14628	-54.3018	-53.1555
BLOCK13/SES132/SA132S27	SES120	-0.0335236	-53.189	-53.1555
BLOCK13/SES132/SA132S27	SES127	-1.09443	-54.25	-53.1555
BLOCK13/SES132/SA132S27	SES275	-1.26948	-54.425	-53.1555
BLOCK14/SES141/SA141S09	SES143	-0.12936	-53.5374	-53.4081
BLOCK14/SES141/SA141S09	SES144	-0.321083	-53.7291	-53.4081
BLOCK14/SES141/SA141S09	SES162	0.0211525	-53.3869	-53.4081
BLOCK14/SES141/SA141S09	SES180	-0.0705032	-53.4786	-53.4081
BLOCK14/SES141/SA141S15	SES127	-0.529076	-53.7559	-53.2269
BLOCK14/SES141/SA141S15	SES144	-0.382042	-53.6089	-53.2269
BLOCK14/SES141/SA141S15	SES162	0.11927	-53.1076	-53.2269
BLOCK14/SES141/SA141S15	SES180	-0.219368	-53.4462	-53.2269
BLOCK14/SES141/SA141S24	SES127	-0.196167	-53.2644	-53.0683
BLOCK14/SES141/SA141S24	SES144	-0.720829	-53.7891	-53.0683
BLOCK14/SES141/SA141S24	SES162	0.267948	-52.8003	-53.0683
BLOCK14/SES141/SA141S24	SES183	-1.35402	-54.4223	-53.0683
BLOCK14/SES141/SA141S26	SES142	-0.363232	-54.3555	-53.9923
BLOCK14/SES141/SA141S26	SES144	-0.413891	-54.4062	-53.9923
BLOCK14/SES141/SA141S26	SES172	-1.54132	-55.5336	-53.9923
BLOCK14/SES141/SA141S26	SES180	-0.0734558	-54.0658	-53.9923
BLOCK14/SES141/SA141S29	SES127	0.162964	-52.8315	-52.9945
BLOCK14/SES141/SA141S29	SES142	0.574364	-52.4201	-52.9945
BLOCK14/SES141/SA141S29	SES144	-0.637074	-53.6315	-52.9945
BLOCK14/SES141/SA141S29	SES180	0.516235	-52.4782	-52.9945
BLOCK15/SES157/SA157S08	SES083	-0.980446	-54.0219	-53.0415
BLOCK15/SES157/SA157S08	SES127	-1.66312	-54.7046	-53.0415
BLOCK15/SES157/SA157S08	SES148	-0.439449	-53.4809	-53.0415
BLOCK15/SES157/SA157S08	SES292	-0.753433	-53.7949	-53.0415
BLOCK15/SES157/SA157S11	SES083	-0.98122	-54.2409	-53.2597
BLOCK15/SES157/SA157S11	SES127	-1.6011	-54.8608	-53.2597
BLOCK15/SES157/SA157S11	SES148	-0.752884	-54.0125	-53.2597
BLOCK15/SES157/SA157S11	SES292	-0.844288	-54.1039	-53.2597
BLOCK15/SES157/SA157S21	SES127	-1.5186	-54.5394	-53.0208
BLOCK15/SES157/SA157S21	SES148	-0.0186081	-53.0394	-53.0208
BLOCK15/SES157/SA157S21	SES158	-2.55451	-55.5753	-53.0208
BLOCK15/SES157/SA157S21	SES292	-0.0623779	-53.0832	-53.0208
BLOCK15/SES157/SA157S24	SES127	-1.83488	-54.6143	-52.7794
BLOCK15/SES157/SA157S24	SES148	-0.45348	-53.2329	-52.7794
BLOCK15/SES157/SA157S24	SES183	-1.04428	-53.8237	-52.7794
BLOCK15/SES157/SA157S24	SES292	-0.228069	-53.0075	-52.7794
BLOCK15/SES157/SA157S26	SES007	-0.162708	-53.0899	-52.9272
BLOCK15/SES157/SA157S26	SES127	-0.554665	-53.4819	-52.9272
BLOCK15/SES157/SA157S26	SES147	-1.32633	-54.2536	-52.9272
BLOCK15/SES157/SA157S26	SES148	-0.327988	-53.2552	-52.9272
BLOCK16/SES161/SA161S10	SES007	-0.68721	-54.3247	-53.6375
BLOCK16/SES161/SA161S10	SES105	-0.331715	-53.9692	-53.6375
BLOCK16/SES161/SA161S10	SES158	-1.16668	-54.8042	-53.6375
BLOCK16/SES161/SA161S10	SES275	-0.614784	-54.2523	-53.6375
BLOCK16/SES161/SA161S12	SES007	-0.356289	-53.5806	-53.2243
BLOCK16/SES161/SA161S12	SES105	-0.00320435	-53.2275	-53.2243
BLOCK16/SES161/SA161S12	SES158	-0.737873	-53.9622	-53.2243
BLOCK16/SES161/SA161S12	SES275	-0.270832	-53.4951	-53.2243
BLOCK16/SES161/SA161S20	SES007	-0.667263	-54.7499	-54.0826
BLOCK16/SES161/SA161S20	SES105	-0.448467	-54.5311	-54.0826
BLOCK16/SES161/SA161S20	SES158	-1.09214	-55.1748	-54.0826
BLOCK16/SES161/SA161S20	SES275	-0.539574	-54.6222	-54.0826
BLOCK16/SES161/SA161S23	SES007	-0.828915	-53.7628	-52.9339
BLOCK16/SES161/SA161S23	SES105	-0.367893	-53.3018	-52.9339
BLOCK16/SES161/SA161S23	SES148	-1.0517	-53.9856	-52.9339
BLOCK16/SES161/SA161S23	SES158	-0.816002	-53.7499	-52.9339
BLOCK16/SES161/SA161S28	SES007	-0.535866	-53.8789	-53.343
BLOCK16/SES161/SA161S28	SES105	-0.243092	-53.5861	-53.343
BLOCK16/SES161/SA161S28	SES158	-0.596794	-53.9398	-53.343
BLOCK16/SES161/SA161S28	SES206	-0.802387	-54.1454	-53.343
BLOCK16/SES164/SA164S11	SES104	-0.219433	-52.4785	-52.2591
BLOCK16/SES164/SA164S11	SES125	0.323841	-51.9353	-52.2591
BLOCK16/SES164/SA164S11	SES158	0.393707	-51.8654	-52.2591
BLOCK16/SES164/SA164S11	SES206	-0.0393867	-52.2985	-52.2591
BLOCK16/SES164/SA164S13	SES099	0.311817	-53.6784	-53.9902
BLOCK16/SES164/SA164S13	SES104	-0.559971	-54.5502	-53.9902
BLOCK16/SES164/SA164S13	SES125	-0.300438	-54.2907	-53.9902
BLOCK16/SES164/SA164S13	SES206	0.134289	-53.8559	-53.9902
BLOCK16/SES164/SA164S24	SES002	0.850193	-51.937	-52.7872
BLOCK16/SES164/SA164S24	SES099	0.980453	-51.8067	-52.7872
BLOCK16/SES164/SA164S24	SES125	0.164265	-52.6229	-52.7872
BLOCK16/SES164/SA164S24	SES226	0.0637245	-52.7235	-52.7872
BLOCK16/SES164/SA164S27	SES087	-0.242222	-53.5746	-53.3324
BLOCK16/SES164/SA164S27	SES125	-0.00418091	-53.3366	-53.3324
BLOCK16/SES164/SA164S27	SES206	0.0105667	-53.3218	-53.3324
BLOCK16/SES164/SA164S27	SES226	-0.399734	-53.7321	-53.3324
BLOCK16/SES164/SA164S29	SES002	-0.022049	-52.6802	-52.6582
BLOCK16/SES164/SA164S29	SES019	-0.812893	-53.4711	-52.6582
BLOCK16/SES164/SA164S29	SES125	0.0551758	-52.603	-52.6582
BLOCK16/SES164/SA164S29	SES226	-0.421936	-53.0801	-52.6582
BLOCK16/SES169/SA169S13	SES117	-1.17128	-54.4054	-53.2341
BLOCK16/SES169/SA169S13	SES144	-0.325695	-53.5598	-53.2341
BLOCK16/SES169/SA169S13	SES146	-0.424351	-53.6585	-53.2341
BLOCK16/SES169/SA169S13	SES162	-1.5604	-54.7945	-53.2341
BLOCK16/SES169/SA169S14	SES144	-0.368652	-52.4538	-52.0851
BLOCK16/SES169/SA169S14	SES148	-0.482807	-52.5679	-52.0851
BLOCK16/SES169/SA169S14	SES177	-1.38771	-53.4728	-52.0851
BLOCK16/SES169/SA169S14	SES180	-2.06824	-54.1533	-52.0851
BLOCK16/SES169/SA169S24	SES117	-1.26223	-54.993	-53.7308
BLOCK16/SES169/SA169S24	SES144	-0.289242	-54.02	-53.7308
BLOCK16/SES169/SA169S24	SES146	-0.32814	-54.0589	-53.7308
BLOCK16/SES169/SA169S24	SES162	-0.948654	-54.6794	-53.7308
BLOCK16/SES169/SA169S27	SES127	-0.95871	-53.8552	-52.8964
BLOCK16/SES169/SA169S27	SES129	0.167397	-52.729	-52.8964
BLOCK16/SES169/SA169S27	SES144	-0.220879	-53.1173	-52.8964
BLOCK16/SES169/SA169S27	SES146	0.231548	-52.6649	-52.8964
BLOCK16/SES169/SA169S29	SES144	0.000652313	-52.3995	-52.4002
BLOCK16/SES169/SA169S29	SES162	-0.950699	-53.3509	-52.4002
BLOCK16/SES169/SA169S29	SES177	-1.7296	-54.1298	-52.4002
BLOCK16/SES169/SA169S29	SES180	-1.33186	-53.7321	-52.4002
BLOCK17/SES171/SA171S12	SES083	-0.879772	-54.298	-53.4183
BLOCK17/SES171/SA171S12	SES148	-0.543434	-53.9617	-53.4183
BLOCK17/SES171/SA171S12	SES172	-0.267666	-53.6859	-53.4183
BLOCK17/SES171/SA171S12	SES292	-0.943581	-54.3619	-53.4183
BLOCK17/SES171/SA171S15	SES148	-0.783939	-55.158	-54.374
BLOCK17/SES171/SA171S15	SES177	-1.15771	-55.5317	-54.374
BLOCK17/SES171/SA171S15	SES180	-1.55765	-55.9317	-54.374
BLOCK17/SES171/SA171S15	SES292	-1.69035	-56.0644	-54.374
BLOCK17/SES171/SA171S22	SES007	-0.710648	-53.5534	-52.8427
BLOCK17/SES171/SA171S22	SES148	-0.534233	-53.377	-52.8427
BLOCK17/SES171/SA171S22	SES177	0.0050087	-52.8377	-52.8427
BLOCK17/SES171/SA171S22	SES180	-1.11601	-53.9587	-52.8427
BLOCK17/SES171/SA171S25	SES101	-1.30416	-55.8778	-54.5736
BLOCK17/SES171/SA171S25	SES120	-1.5413	-56.1149	-54.5736
BLOCK17/SES171/SA171S25	SES177	-0.548283	-55.1219	-54.5736
BLOCK17/SES171/SA171S25	SES180	-0.880379	-55.454	-54.5736
BLOCK17/SES171/SA171S27	SES177	-0.279545	-53.9914	-53.7119
BLOCK17/SES171/SA171S27	SES180	-1.10182	-54.8137	-53.7119
BLOCK17/SES171/SA171S27	SES189	-0.595657	-54.3075	-53.7119
BLOCK17/SES171/SA171S27	SES292	-1.31598	-55.0278	-53.7119
BLOCK17/SES173/SA173S13	SES162	-0.625824	-55.0055	-54.3797
BLOCK17/SES173/SA173S13	SES177	-0.9259	-55.3056	-54.3797
BLOCK17/SES173/SA173S13	SES180	-0.735043	-55.1148	-54.3797
BLOCK17/SES173/SA173S13	SES292	-1.98001	-56.3597	-54.3797
BLOCK17/SES173/SA173S14	SES007	-1.84314	-56.512	-54.6689
BLOCK17/SES173/SA173S14	SES162	-0.398521	-55.0674	-54.6689
BLOCK17/SES173/SA173S14	SES177	-1.29855	-55.9674	-54.6689
BLOCK17/SES173/SA173S14	SES180	-0.814453	-55.4833	-54.6689
BLOCK17/SES173/SA173S24	SES144	-0.149319	-55.6904	-55.541
BLOCK17/SES173/SA173S24	SES162	-0.653511	-56.1946	-55.541
BLOCK17/SES173/SA173S24	SES177	-1.573	-57.114	-55.541
BLOCK17/SES173/SA173S24	SES180	-0.973629	-56.5147	-55.541
BLOCK17/SES173/SA173S27	SES162	-0.863293	-55.0983	-54.235
BLOCK17/SES173/SA173S27	SES177	-1.04202	-55.277	-54.235
BLOCK17/SES173/SA173S27	SES180	-0.632484	-54.8675	-54.235
BLOCK17/SES173/SA173S27	SES292	-1.93203	-56.1671	-54.235
BLOCK17/SES173/SA173S29	SES162	-0.402969	-55.309	-54.9061
BLOCK17/SES173/SA173S29	SES175	0.0570068	-54.8491	-54.9061
BLOCK17/SES173/SA173S29	SES177	-1.13635	-56.0424	-54.9061
BLOCK17/SES173/SA173S29	SES292	-2.17085	-57.0769	-54.9061
BLOCK18/SES182/SA182S10	SES144	-0.0950089	-53.3857	-53.2907
BLOCK18/SES182/SA182S10	SES177	-0.490398	-53.7811	-53.2907
BLOCK18/SES182/SA182S10	SES180	-0.441032	-53.7317	-53.2907
BLOCK18/SES182/SA182S10	SES275	-0.930138	-54.2208	-53.2907
BLOCK18/SES182/SA182S12	SES144	-0.0686455	-52.8783	-52.8096
BLOCK18/SES182/SA182S12	SES177	-0.447601	-53.2572	-52.8096
BLOCK18/SES182/SA182S12	SES180	-0.390968	-53.2006	-52.8096
BLOCK18/SES182/SA182S12	SES275	-0.63377	-53.4434	-52.8096
BLOCK18/SES182/SA182S21	SES117	0.0461655	-54.1314	-54.1775
BLOCK18/SES182/SA182S21	SES144	-0.410534	-54.5881	-54.1775
BLOCK18/SES182/SA182S21	SES162	0.180538	-53.997	-54.1775
BLOCK18/SES182/SA182S21	SES180	0.0944901	-54.083	-54.1775
BLOCK18/SES182/SA182S23	SES117	-0.15992	-53.7194	-53.5594
BLOCK18/SES182/SA182S23	SES144	-0.599136	-54.1586	-53.5594
BLOCK18/SES182/SA182S23	SES180	-0.455902	-54.0153	-53.5594
BLOCK18/SES182/SA182S23	SES275	-0.892941	-54.4524	-53.5594
BLOCK18/SES182/SA182S25	SES007	-0.550751	-54.3179	-53.7672
BLOCK18/SES182/SA182S25	SES162	0.0591393	-53.7081	-53.7672
BLOCK18/SES182/SA182S25	SES177	-0.282536	-54.0497	-53.7672
BLOCK18/SES182/SA182S25	SES180	0.167576	-53.5996	-53.7672
BLOCK18/SES184/SA184S12	SES177	0.00191879	-53.9391	-53.941
BLOCK18/SES184/SA184S12	SES180	-0.659977	-54.601	-53.941
BLOCK18/SES184/SA184S12	SES189	-1.10053	-55.0415	-53.941
BLOCK18/SES184/SA184S12	SES292	-0.837051	-54.778	-53.941
BLOCK18/SES184/SA184S13	SES101	-1.06102	-54.7383	-53.6773
BLOCK18/SES184/SA184S13	SES177	-0.744801	-54.4221	-53.6773
BLOCK18/SES184/SA184S13	SES180	-0.663765	-54.3411	-53.6773
BLOCK18/SES184/SA184S13	SES292	-0.629917	-54.3072	-53.6773
BLOCK18/SES184/SA184S22	SES177	-0.581467	-54.1242	-53.5428
BLOCK18/SES184/SA184S22	SES180	-0.224159	-53.7669	-53.5428
BLOCK18/SES184/SA184S22	SES189	-1.61393	-55.1567	-53.5428
BLOCK18/SES184/SA184S22	SES292	-0.806618	-54.3494	-53.5428
BLOCK18/SES184/SA184S25	SES101	-0.469498	-53.0511	-52.5816
BLOCK18/SES184/SA184S25	SES177	-0.795609	-53.3773	-52.5816
BLOCK18/SES184/SA184S25	SES180	-0.664639	-53.2463	-52.5816
BLOCK18/SES184/SA184S25	SES292	-0.22578	-52.8074	-52.5816
BLOCK18/SES184/SA184S27	SES083	-0.600483	-53.7355	-53.135
BLOCK18/SES184/SA184S27	SES177	-0.835403	-53.9704	-53.135
BLOCK18/SES184/SA184S27	SES202	-2.07186	-55.2068	-53.135
BLOCK18/SES184/SA184S27	SES292	-0.761501	-53.8965	-53.135
BLOCK20/SES204/SA204S12	SES062	-0.90646	-53.2206	-52.3141
BLOCK20/SES204/SA204S12	SES083	-1.15614	-53.4702	-52.3141
BLOCK20/SES204/SA204S12	SES206	-0.280731	-52.5948	-52.3141
BLOCK20/SES204/SA204S12	SES226	-0.301617	-52.6157	-52.3141
BLOCK20/SES204/SA204S14	SES068	-1.39266	-52.9518	-51.5591
BLOCK20/SES204/SA204S14	SES087	-0.447922	-52.0071	-51.5591
BLOCK20/SES204/SA204S14	SES206	-0.838032	-52.3972	-51.5591
BLOCK20/SES204/SA204S14	SES226	-0.468697	-52.0278	-51.5591
BLOCK20/SES204/SA204S22	SES068	-1.4774	-54.2628	-52.7854
BLOCK20/SES204/SA204S22	SES082	-1.19827	-53.9836	-52.7854
BLOCK20/SES204/SA204S22	SES083	-1.23655	-54.0219	-52.7854
BLOCK20/SES204/SA204S22	SES206	-0.298531	-53.0839	-52.7854
BLOCK20/SES204/SA204S25	SES062	-1.13403	-53.6892	-52.5552
BLOCK20/SES204/SA204S25	SES083	-1.36456	-53.9198	-52.5552
BLOCK20/SES204/SA204S25	SES206	-0.218445	-52.7737	-52.5552
BLOCK20/SES204/SA204S25	SES226	-0.176086	-52.7313	-52.5552
BLOCK20/SES204/SA204S27	SES068	-1.62832	-54.2792	-52.6508
BLOCK20/SES204/SA204S27	SES082	-0.610271	-53.2611	-52.6508
BLOCK20/SES204/SA204S27	SES087	-0.02528	-52.6761	-52.6508
BLOCK20/SES204/SA204S27	SES206	-0.173191	-52.824	-52.6508
BLOCK20/SES207/SA207S10	SES127	-1.14271	-54.1644	-53.0216
BLOCK20/SES207/SA207S10	SES183	-1.19285	-54.2145	-53.0216
BLOCK20/SES207/SA207S10	SES189	-0.767609	-53.7892	-53.0216
BLOCK20/SES207/SA207S10	SES292	-1.14593	-54.1676	-53.0216
BLOCK20/SES207/SA207S11	SES127	-1.45763	-54.7294	-53.2718
BLOCK20/SES207/SA207S11	SES183	-0.31913	-53.5909	-53.2718
BLOCK20/SES207/SA207S11	SES187	-0.547329	-53.8191	-53.2718
BLOCK20/SES207/SA207S11	SES292	-0.748196	-54.0199	-53.2718
BLOCK20/SES207/SA207S25	SES068	-0.819542	-54.3916	-53.572
BLOCK20/SES207/SA207S25	SES083	-0.799343	-54.3714	-53.572
BLOCK20/SES207/SA207S25	SES127	-1.02477	-54.5968	-53.572
BLOCK20/SES207/SA207S25	SES187	-0.158092	-53.7301	-53.572
BLOCK20/SES207/SA207S27	SES127	-1.47901	-55.2738	-53.7948
BLOCK20/SES207/SA207S27	SES183	-0.853874	-54.6487	-53.7948
BLOCK20/SES207/SA207S27	SES187	-0.738934	-54.5337	-53.7948
BLOCK20/SES207/SA207S27	SES292	-1.19077	-54.9856	-53.7948
BLOCK20/SES207/SA207S29	SES083	-0.737328	-54.0123	-53.275
BLOCK20/SES207/SA207S29	SES085	-0.569462	-53.8445	-53.275
BLOCK20/SES207/SA207S29	SES172	-0.824837	-54.0998	-53.275
BLOCK20/SES207/SA207S29	SES189	-1.09644	-54.3714	-53.275
BLOCK22/SES221/SA221S12	SES068	-1.18585	-54.6359	-53.4501
BLOCK22/SES221/SA221S12	SES143	-0.234108	-53.6842	-53.4501
BLOCK22/SES221/SA221S12	SES175	0.271458	-53.1786	-53.4501
BLOCK22/SES221/SA221S12	SES202	0.326176	-53.1239	-53.4501
BLOCK22/SES221/SA221S15	SES085	-0.856934	-55.6471	-54.7902
BLOCK22/SES221/SA221S15	SES143	-0.564533	-55.3547	-54.7902
BLOCK22/SES221/SA221S15	SES175	0.171734	-54.6184	-54.7902
BLOCK22/SES221/SA221S15	SES187	0.686584	-54.1036	-54.7902
BLOCK22/SES221/SA221S23	SES068	-1.23063	-54.8658	-53.6351
BLOCK22/SES221/SA221S23	SES143	-0.676712	-54.3118	-53.6351
BLOCK22/SES221/SA221S23	SES175	0.460381	-53.1747	-53.6351
BLOCK22/SES221/SA221S23	SES189	0.511383	-53.1237	-53.6351
BLOCK22/SES221/SA221S27	SES085	-0.485744	-54.8202	-54.3344
BLOCK22/SES221/SA221S27	SES143	-0.537163	-54.8716	-54.3344
BLOCK22/SES221/SA221S27	SES175	-0.189434	-54.5238	-54.3344
BLOCK22/SES221/SA221S27	SES189	1.66688	-52.6675	-54.3344
BLOCK22/SES221/SA221S29	SES085	-0.952744	-56.2082	-55.2554
BLOCK22/SES221/SA221S29	SES143	-0.487148	-55.7426	-55.2554
BLOCK22/SES221/SA221S29	SES175	0.274483	-54.9809	-55.2554
BLOCK22/SES221/SA221S29	SES187	0.903202	-54.3522	-55.2554
BLOCK22/SES223/SA223S11	SES143	-0.271061	-54.7716	-54.5006
BLOCK22/SES223/SA223S11	SES144	-1.44501	-55.9456	-54.5006
BLOCK22/SES223/SA223S11	SES175	-0.0587692	-54.5593	-54.5006
BLOCK22/SES223/SA223S11	SES187	-0.291229	-54.7918	-54.5006
BLOCK22/SES223/SA223S13	SES068	-1.96093	-57.309	-55.3481
BLOCK22/SES223/SA223S13	SES143	-0.844105	-56.1922	-55.3481
BLOCK22/SES223/SA223S13	SES146	-1.74471	-57.0928	-55.3481
BLOCK22/SES223/SA223S13	SES202	-1.11033	-56.4584	-55.3481
BLOCK22/SES223/SA223S22	SES143	-0.437305	-54.9022	-54.4649
BLOCK22/SES223/SA223S22	SES144	-0.923607	-55.3885	-54.4649
BLOCK22/SES223/SA223S22	SES175	-0.280731	-54.7456	-54.4649
BLOCK22/SES223/SA223S22	SES187	0.271782	-54.1931	-54.4649
BLOCK22/SES223/SA223S25	SES068	-1.44049	-55.9529	-54.5124
BLOCK22/SES223/SA223S25	SES143	-0.710987	-55.2234	-54.5124
BLOCK22/SES223/SA223S25	SES175	-0.0774841	-54.5899	-54.5124
BLOCK22/SES223/SA223S25	SES187	-0.521282	-55.0337	-54.5124
BLOCK22/SES223/SA223S27	SES143	-0.222263	-54.4313	-54.209
BLOCK22/SES223/SA223S27	SES146	-1.37425	-55.5832	-54.209
BLOCK22/SES223/SA223S27	SES187	-0.152458	-54.3615	-54.209
BLOCK22/SES223/SA223S27	SES292	-1.8831	-56.0921	-54.209
BLOCK27/SES273/SA273S12	SES099	0.645752	-51.1981	-51.8438
BLOCK27/SES273/SA273S12	SES104	0.801273	-51.0425	-51.8438
BLOCK27/SES273/SA273S12	SES125	0.465725	-51.3781	-51.8438
BLOCK27/SES273/SA273S12	SES206	0.954842	-50.889	-51.8438
BLOCK27/SES273/SA273S13	SES099	0.272491	-51.0856	-51.3581
BLOCK27/SES273/SA273S13	SES104	0.1661	-51.192	-51.3581
BLOCK27/SES273/SA273S13	SES206	0.146484	-51.2116	-51.3581
BLOCK27/SES273/SA273S13	SES292	-1.13245	-52.4906	-51.3581
BLOCK27/SES273/SA273S21	SES099	0.670212	-51.1231	-51.7933
BLOCK27/SES273/SA273S21	SES148	-1.72657	-53.5199	-51.7933
BLOCK27/SES273/SA273S21	SES149	-0.323582	-52.1169	-51.7933
BLOCK27/SES273/SA273S21	SES177	-2.82369	-54.617	-51.7933
BLOCK27/SES273/SA273S25	SES104	0.241764	-51.5645	-51.8063
BLOCK27/SES273/SA273S25	SES125	-0.135529	-51.9418	-51.8063
BLOCK27/SES273/SA273S25	SES158	0.387398	-51.4189	-51.8063
BLOCK27/SES273/SA273S25	SES206	0.662235	-51.144	-51.8063
BLOCK27/SES273/SA273S27	SES099	0.164772	-51.3313	-51.4961
BLOCK27/SES273/SA273S27	SES104	-0.18681	-51.6829	-51.4961
BLOCK27/SES273/SA273S27	SES149	-0.219826	-51.7159	-51.4961
BLOCK27/SES273/SA273S27	SES275	-0.853146	-52.3492	-51.4961
BLOCK27/SES274/SA274S10	SES105	-0.895393	-52.5299	-51.6345
BLOCK27/SES274/SA274S10	SES125	-0.281345	-51.9159	-51.6345
BLOCK27/SES274/SA274S10	SES129	-0.418503	-52.053	-51.6345
BLOCK27/SES274/SA274S10	SES158	-0.985329	-52.6198	-51.6345
BLOCK27/SES274/SA274S11	SES105	-0.821079	-52.4867	-51.6656
BLOCK27/SES274/SA274S11	SES149	-0.490044	-52.1556	-51.6656
BLOCK27/SES274/SA274S11	SES158	-0.642025	-52.3076	-51.6656
BLOCK27/SES274/SA274S11	SES275	-0.732471	-52.398	-51.6656
BLOCK27/SES274/SA274S21	SES105	-0.599823	-52.3683	-51.7685
BLOCK27/SES274/SA274S21	SES129	-0.84021	-52.6087	-51.7685
BLOCK27/SES274/SA274S21	SES149	-0.792278	-52.5608	-51.7685
BLOCK27/SES274/SA274S21	SES158	-1.29536	-53.0639	-51.7685
BLOCK27/SES274/SA274S24	SES105	-0.672356	-52.2905	-51.6181
BLOCK27/SES274/SA274S24	SES129	-1.05665	-52.6748	-51.6181
BLOCK27/SES274/SA274S24	SES149	-0.333858	-51.952	-51.6181
BLOCK27/SES274/SA274S24	SES158	-0.677967	-52.2961	-51.6181
BLOCK27/SES274/SA274S29	SES105	-0.729069	-52.4429	-51.7139
BLOCK27/SES274/SA274S29	SES106	-0.490017	-52.2039	-51.7139
BLOCK27/SES274/SA274S29	SES120	-0.825813	-52.5397	-51.7139
BLOCK27/SES274/SA274S29	SES275	-0.795448	-52.5093	-51.7139
BLOCK27/SES276/SA276S16	SES148	-0.187077	-53.659	-53.4719
BLOCK27/SES276/SA276S16	SES172	-0.984844	-54.4567	-53.4719
BLOCK27/SES276/SA276S16	SES180	-2.05929	-55.5312	-53.4719
BLOCK27/SES276/SA276S16	SES292	-0.37146	-53.8433	-53.4719
BLOCK27/SES276/SA276S17	SES101	-0.880558	-54.5475	-53.6669
BLOCK27/SES276/SA276S17	SES177	-1.2349	-54.9018	-53.6669
BLOCK27/SES276/SA276S17	SES180	-1.03589	-54.7028	-53.6669
BLOCK27/SES276/SA276S17	SES292	-0.198704	-53.8656	-53.6669
BLOCK27/SES276/SA276S24	SES101	-0.388855	-53.4159	-53.0271
BLOCK27/SES276/SA276S24	SES177	-1.29214	-54.3192	-53.0271
BLOCK27/SES276/SA276S24	SES180	-1.3857	-54.4128	-53.0271
BLOCK27/SES276/SA276S24	SES292	-0.631035	-53.6581	-53.0271
BLOCK27/SES276/SA276S26	SES101	-1.23637	-54.7861	-53.5497
BLOCK27/SES276/SA276S26	SES177	-1.15445	-54.7042	-53.5497
BLOCK27/SES276/SA276S26	SES180	-0.717037	-54.2668	-53.5497
BLOCK27/SES276/SA276S26	SES292	-0.481899	-54.0316	-53.5497
BLOCK27/SES276/SA276S28	SES101	-0.707928	-54.0311	-53.3231
BLOCK27/SES276/SA276S28	SES177	-1.14238	-54.4655	-53.3231
BLOCK27/SES276/SA276S28	SES180	-0.524094	-53.8472	-53.3231
BLOCK27/SES276/SA276S28	SES292	-0.699745	-54.0229	-53.3231
BLOCK27/SES277/SA277S12	SES101	-0.327114	-54.4858	-54.1586
BLOCK27/SES277/SA277S12	SES177	-0.631607	-54.7902	-54.1586
BLOCK27/SES277/SA277S12	SES180	-0.0822792	-54.2409	-54.1586
BLOCK27/SES277/SA277S12	SES292	-0.735455	-54.8941	-54.1586
BLOCK27/SES277/SA277S14	SES177	-0.595886	-54.7318	-54.1359
BLOCK27/SES277/SA277S14	SES180	-1.17171	-55.3076	-54.1359
BLOCK27/SES277/SA277S14	SES189	0.0169716	-54.1189	-54.1359
BLOCK27/SES277/SA277S14	SES292	-1.71728	-55.8532	-54.1359
BLOCK27/SES277/SA277S21	SES177	-0.535065	-53.64	-53.1049
BLOCK27/SES277/SA277S21	SES180	-1.28373	-54.3887	-53.1049
BLOCK27/SES277/SA277S21	SES189	-0.682289	-53.7872	-53.1049
BLOCK27/SES277/SA277S21	SES292	-1.17162	-54.2766	-53.1049
BLOCK27/SES277/SA277S24	SES144	-1.22361	-55.4533	-54.2296
BLOCK27/SES277/SA277S24	SES177	-0.556507	-54.7862	-54.2296
BLOCK27/SES277/SA277S24	SES180	-1.08312	-55.3128	-54.2296
BLOCK27/SES277/SA277S24	SES189	-0.508842	-54.7385	-54.2296
BLOCK27/SES277/SA277S29	SES177	-0.217403	-52.8406	-52.6232
BLOCK27/SES277/SA277S29	SES180	-0.482483	-53.1057	-52.6232
BLOCK27/SES277/SA277S29	SES202	-0.553684	-53.1769	-52.6232
BLOCK27/SES277/SA277S29	SES292	-1.13094	-53.7541	-52.6232
BLOCK27/SES279/SA279S09	SES120	-0.803322	-53.1877	-52.3844
BLOCK27/SES279/SA279S09	SES146	-0.914364	-53.2988	-52.3844
BLOCK27/SES279/SA279S09	SES206	-0.891678	-53.2761	-52.3844
BLOCK27/SES279/SA279S09	SES226	-0.936104	-53.3205	-52.3844
BLOCK27/SES279/SA279S10	SES099	-0.999668	-53.3093	-52.3097
BLOCK27/SES279/SA279S10	SES206	-0.681709	-52.9914	-52.3097
BLOCK27/SES279/SA279S10	SES226	-0.256031	-52.5657	-52.3097
BLOCK27/SES279/SA279S10	SES292	-0.310219	-52.6199	-52.3097
BLOCK27/SES279/SA279S20	SES099	-1.51231	-53.8788	-52.3665
BLOCK27/SES279/SA279S20	SES206	-0.832863	-53.1994	-52.3665
BLOCK27/SES279/SA279S20	SES226	-0.509018	-52.8755	-52.3665
BLOCK27/SES279/SA279S20	SES292	-0.26128	-52.6278	-52.3665
BLOCK27/SES279/SA279S26	SES099	-0.281555	-53.0217	-52.7402
BLOCK27/SES279/SA279S26	SES206	0.0944824	-52.6457	-52.7402
BLOCK27/SES279/SA279S26	SES226	-0.23576	-52.9759	-52.7402
BLOCK27/SES279/SA279S26	SES292	-0.267471	-53.0076	-52.7402
BLOCK27/SES279/SA279S28	SES099	-1.10262	-52.6047	-51.5021
BLOCK27/SES279/SA279S28	SES120	-0.792538	-52.2946	-51.5021
BLOCK27/SES279/SA279S28	SES177	-2.73669	-54.2388	-51.5021
BLOCK27/SES279/SA279S28	SES206	-0.774464	-52.2765	-51.5021
BLOCK29/SES290/SA290S12	SES162	-0.288364	-52.9929	-52.7046
BLOCK29/SES290/SA290S12	SES177	-0.40704	-53.1116	-52.7046
BLOCK29/SES290/SA290S12	SES180	-0.642906	-53.3475	-52.7046
BLOCK29/SES290/SA290S12	SES292	-1.25428	-53.9588	-52.7046
BLOCK29/SES290/SA290S13	SES007	-1.76376	-55.876	-54.1123
BLOCK29/SES290/SA290S13	SES162	-0.77594	-54.8882	-54.1123
BLOCK29/SES290/SA290S13	SES177	-0.515755	-54.628	-54.1123
BLOCK29/SES290/SA290S13	SES180	-0.275455	-54.3877	-54.1123
BLOCK29/SES290/SA290S22	SES177	-0.128014	-53.3294	-53.2014
BLOCK29/SES290/SA290S22	SES180	-0.0765457	-53.2779	-53.2014
BLOCK29/SES290/SA290S22	SES202	-0.510082	-53.7115	-53.2014
BLOCK29/SES290/SA290S22	SES292	-1.2656	-54.467	-53.2014
BLOCK29/SES290/SA290S25	SES162	-0.109692	-52.769	-52.6593
BLOCK29/SES290/SA290S25	SES177	-0.198326	-52.8576	-52.6593
BLOCK29/SES290/SA290S25	SES180	-0.311901	-52.9712	-52.6593
BLOCK29/SES290/SA290S25	SES292	-0.992741	-53.652	-52.6593
BLOCK29/SES290/SA290S29	SES177	-0.101593	-52.7206	-52.619
BLOCK29/SES290/SA290S29	SES180	0.0625	-52.5565	-52.619
BLOCK29/SES290/SA290S29	SES275	-1.31715	-53.9362	-52.619
BLOCK29/SES290/SA290S29	SES292	-0.487679	-53.1067	-52.619
BLOCK29/SES291/SA291S11	SES105	-1.2873	-54.7062	-53.4189
BLOCK29/SES291/SA291S11	SES125	0.178135	-53.2408	-53.4189
BLOCK29/SES291/SA291S11	SES158	0.00336456	-53.4156	-53.4189
BLOCK29/SES291/SA291S11	SES275	-1.82557	-55.2445	-53.4189
BLOCK29/SES291/SA291S12	SES158	0.503162	-52.2121	-52.7152
BLOCK29/SES291/SA291S12	SES226	0.166748	-52.5485	-52.7152
BLOCK29/SES291/SA291S12	SES270	0.980225	-51.735	-52.7152
BLOCK29/SES291/SA291S12	SES275	-1.55745	-54.2727	-52.7152
BLOCK29/SES291/SA291S22	SES082	-0.234169	-52.7769	-52.5428
BLOCK29/SES291/SA291S22	SES158	-0.114124	-52.6569	-52.5428
BLOCK29/SES291/SA291S22	SES259	-0.390808	-52.9336	-52.5428
BLOCK29/SES291/SA291S22	SES275	-1.40839	-53.9512	-52.5428
BLOCK29/SES291/SA291S24	SES104	0.642578	-51.3285	-51.9711
BLOCK29/SES291/SA291S24	SES125	0.629986	-51.3411	-51.9711
BLOCK29/SES291/SA291S24	SES158	0.369087	-51.602	-51.9711
BLOCK29/SES291/SA291S24	SES275	-1.64414	-53.6152	-51.9711
BLOCK29/SES291/SA291S27	SES158	0.774124	-51.697	-52.4711
BLOCK29/SES291/SA291S27	SES172	-2.59724	-55.0683	-52.4711
BLOCK29/SES291/SA291S27	SES275	-1.76152	-54.2326	-52.4711
BLOCK29/SES291/SA291S27	SES292	-1.17459	-53.6457	-52.4711
