BLOCK00/SES002/SA002S12	SES002	1.59779	-60.0489	-61.6467
BLOCK00/SES002/SA002S13	SES002	1.52604	-60.6901	-62.2161
BLOCK00/SES002/SA002S23	SES002	1.08636	-60.1957	-61.2821
BLOCK00/SES002/SA002S26	SES002	2.11061	-59.6706	-61.7812
BLOCK00/SES002/SA002S28	SES002	1.28245	-60.6613	-61.9437
BLOCK00/SES007/SA007S14	SES007	1.08646	-60.8755	-61.962
BLOCK00/SES007/SA007S15	SES007	0.235771	-62.4247	-62.6605
BLOCK00/SES007/SA007S24	SES007	0.306057	-62.1755	-62.4815
BLOCK00/SES007/SA007S27	SES007	0.73996	-61.8983	-62.6383
BLOCK00/SES007/SA007S29	SES007	0.286236	-61.5394	-61.8256
BLOCK00/SES008/SA008S11	SES008	0.727135	-62.2865	-63.0136
BLOCK00/SES008/SA008S12	SES008	0.222519	-61.9983	-62.2209
BLOCK00/SES008/SA008S19	SES008	0.925781	-61.4833	-62.409
BLOCK00/SES008/SA008S22	SES008	0.366581	-62.6963	-63.0628
BLOCK00/SES008/SA008S29	SES008	0.851429	-61.7007	-62.5521
BLOCK01/SES014/SA014S10	SES014	1.54718	-61.0952	-62.6424
BLOCK01/SES014/SA014S12	SES014	2.31567	-58.613	-60.9287
BLOCK01/SES014/SA014S24	SES014	1.11705	-60.7459	-61.8629
BLOCK01/SES014/SA014S26	SES014	2.1736	-58.1965	-60.3701
BLOCK01/SES014/SA014S28	SES014	2.34692	-59.5385	-61.8855
BLOCK01/SES016/SA016S12	SES016	0.11274	-64.2861	-64.3989
BLOCK01/SES016/SA016S13	SES016	0.584827	-63.0729	-63.6577
BLOCK01/SES016/SA016S22	SES016	0.015522	-63.5728	-63.5883
BLOCK01/SES016/SA016S25	SES016	0.682873	-60.6874	-61.3702
BLOCK01/SES016/SA016S27	SES016	1.13771	-61.0691	-62.2068
BLOCK01/SES019/SA019S13	SES019	1.95324	-61.4212	-63.3744
BLOCK01/SES019/SA019S14	SES019	1.43396	-61.4339	-62.8678
BLOCK01/SES019/SA019S22	SES019	1.7382	-61.158	-62.8962
BLOCK01/SES019/SA019S25	SES019	1.29926	-62.3845	-63.6838
BLOCK01/SES019/SA019S29	SES019	2.47433	-61.4991	-63.9734
BLOCK02/SES029/SA029S11	SES029	0.240826	-62.5204	-62.7612
BLOCK02/SES029/SA029S12	SES029	0.503117	-62.1645	-62.6676
BLOCK02/SES029/SA029S20	SES029	-0.148033	-63.7349	-63.5868
BLOCK02/SES029/SA029S25	SES029	0.170559	-62.2237	-62.3942
BLOCK02/SES029/SA029S28	SES029	0.0425911	-62.6856	-62.7282
BLOCK04/SES042/SA042S12	SES042	2.24421	-59.3527	-61.5969
BLOCK04/SES042/SA042S15	SES042	1.53624	-60.1506	-61.6869
BLOCK04/SES042/SA042S22	SES042	3.52003	-57.5464	-61.0664
BLOCK04/SES042/SA042S25	SES042	2.11328	-60.3899	-62.5032
BLOCK04/SES042/SA042S27	SES042	2.30371	-58.9375	-61.2412
BLOCK04/SES048/SA048S11	SES048	0.895794	-61.3482	-62.244
BLOCK04/SES048/SA048S12	SES048	0.226643	-61.6302	-61.8569
BLOCK04/SES048/SA048S20	SES048	1.0001	-61.0202	-62.0203
BLOCK04/SES048/SA048S23	SES048	1.15615	-61.7001	-62.8563
BLOCK04/SES048/SA048S27	SES048	1.08751	-60.6372	-61.7247
BLOCK06/SES060/SA060S11	SES060	0.812435	-62.0105	-62.8229
BLOCK06/SES060/SA060S12	SES060	-0.275177	-64.1362	-63.861
BLOCK06/SES060/SA060S22	SES060	-0.0562401	-63.461	-63.4047
BLOCK06/SES060/SA060S24	SES060	0.320839	-62.1181	-62.4389
BLOCK06/SES060/SA060S28	SES060	0.690472	-60.0791	-60.7696
BLOCK06/SES062/SA062S10	SES062	0.72974	-61.2942	-62.024
BLOCK06/SES062/SA062S11	SES062	0.707558	-61.899	-62.6065
BLOCK06/SES062/SA062S21	SES062	0.881874	-59.7699	-60.6517
BLOCK06/SES062/SA062S26	SES062	0.144901	-61.4903	-61.6352
BLOCK06/SES062/SA062S29	SES062	0.869522	-60.7041	-61.5736
BLOCK06/SES068/SA068S14	SES068	0.503082	-62.298	-62.8011
BLOCK06/SES068/SA068S15	SES068	0.847679	-60.8426	-61.6902
BLOCK06/SES068/SA068S23	SES068	0.601467	-62.3485	-62.95
BLOCK06/SES068/SA068S27	SES068	1.27264	-61.6821	-62.9547
BLOCK06/SES068/SA068S29	SES068	0.547733	-61.8011	-62.3488
BLOCK08/SES082/SA082S12	SES082	0.799191	-61.5288	-62.328
BLOCK08/SES082/SA082S14	SES082	0.987728	-61.9067	-62.8945
BLOCK08/SES082/SA082S21	SES082	1.24865	-61.5937	-62.8423
BLOCK08/SES082/SA082S24	SES082	1.42325	-61.3004	-62.7236
BLOCK08/SES082/SA082S28	SES082	0.398323	-62.3737	-62.7721
BLOCK08/SES083/SA083S14	SES083	-0.357498	-62.6962	-62.3387
BLOCK08/SES083/SA083S15	SES083	0.0656929	-62.0793	-62.145
BLOCK08/SES083/SA083S24	SES083	0.021183	-62.3094	-62.3305
BLOCK08/SES083/SA083S26	SES083	-0.0451813	-61.9824	-61.9373
BLOCK08/SES083/SA083S29	SES083	-0.595848	-62.8765	-62.2807
BLOCK08/SES085/SA085S10	SES085	-0.055687	-62.5631	-62.5074
BLOCK08/SES085/SA085S13	SES085	0.320137	-63.0039	-63.3241
BLOCK08/SES085/SA085S22	SES085	-0.99522	-64.6635	-63.6683
BLOCK08/SES085/SA085S26	SES085	0.205341	-62.9222	-63.1276
BLOCK08/SES085/SA085S28	SES085	0.138554	-62.2393	-62.3778
BLOCK08/SES087/SA087S15	SES087	1.14348	-60.6548	-61.7983
BLOCK08/SES087/SA087S16	SES087	1.18406	-60.8407	-62.0248
BLOCK08/SES087/SA087S24	SES087	0.752945	-60.9082	-61.6611
BLOCK08/SES087/SA087S26	SES087	1.0048	-59.8784	-60.8832
BLOCK08/SES087/SA087S29	SES087	1.04046	-61.094	-62.1344
BLOCK09/SES099/SA099S15	SES099	1.73606	-61.2683	-63.0043
BLOCK09/SES099/SA099S16	SES099	1.16529	-61.3218	-62.487
BLOCK09/SES099/SA099S24	SES099	1.44517	-60.5232	-61.9683
BLOCK09/SES099/SA099S26	SES099	1.69327	-60.3121	-62.0054
BLOCK09/SES099/SA099S29	SES099	1.43827	-60.7547	-62.193
BLOCK10/SES101/SA101S11	SES101	0.0699921	-61.5227	-61.5927
BLOCK10/SES101/SA101S13	SES101	0.0148163	-61.8568	-61.8716
BLOCK10/SES101/SA101S22	SES101	0.179329	-62.7564	-62.9357
BLOCK10/SES101/SA101S24	SES101	0.438377	-61.637	-62.0754
BLOCK10/SES101/SA101S28	SES101	-0.400806	-63.8533	-63.4525
BLOCK10/SES104/SA104S11	SES104	0.726151	-60.3948	-61.121
BLOCK10/SES104/SA104S12	SES104	1.44257	-60.2828	-61.7254
BLOCK10/SES104/SA104S21	SES104	1.11713	-61.1567	-62.2739
BLOCK10/SES104/SA104S24	SES104	1.18881	-61.1151	-62.304
BLOCK10/SES104/SA104S28	SES104	1.81246	-60.3745	-62.1869
BLOCK10/SES105/SA105S12	SES105	0.278759	-62.6321	-62.9108
BLOCK10/SES105/SA105S13	SES105	-0.0186501	-62.8301	-62.8115
BLOCK10/SES105/SA105S22	SES105	0.549332	-63.0757	-63.625
BLOCK10/SES105/SA105S26	SES105	0.59259	-62.3663	-62.9589
BLOCK10/SES105/SA105S29	SES105	0.0619125	-62.6657	-62.7276
BLOCK10/SES106/SA106S09	SES106	0.746269	-62.5685	-63.3148
BLOCK10/SES106/SA106S11	SES106	1.03677	-60.4954	-61.5322
BLOCK10/SES106/SA106S22	SES106	2.1567	-61.2186	-63.3753
BLOCK10/SES106/SA106S27	SES106	0.928001	-61.2297	-62.1577
BLOCK10/SES106/SA106S29	SES106	0.824322	-60.4724	-61.2967
BLOCK11/SES117/SA117S12	SES117	-0.00750351	-63.3981	-63.3906
BLOCK11/SES117/SA117S13	SES117	-0.293755	-63.0181	-62.7243
BLOCK11/SES117/SA117S23	SES117	1.7495	-63.69	-65.4395
BLOCK11/SES117/SA117S25	SES117	0.915169	-63.1889	-64.104
BLOCK11/SES117/SA117S28	SES117	0.958546	-63.5867	-64.5452
BLOCK12/SES120/SA120S08	SES120	0.759159	-63.3313	-64.0904
BLOCK12/SES120/SA120S11	SES120	0.187569	-64.436	-64.6236
BLOCK12/SES120/SA120S22	SES120	0.36972	-62.1973	-62.567
BLOCK12/SES120/SA120S24	SES120	0.538807	-62.3574	-62.8962
BLOCK12/SES120/SA120S28	SES120	0.205902	-64.1211	-64.327
BLOCK12/SES125/SA125S13	SES125	1.80085	-60.2638	-62.0646
BLOCK12/SES125/SA125S14	SES125	1.05281	-61.0606	-62.1134
BLOCK12/SES125/SA125S25	SES125	2.03062	-60.1427	-62.1734
BLOCK12/SES125/SA125S27	SES125	2.05123	-59.6594	-61.7106
BLOCK12/SES125/SA125S29	SES125	1.67722	-60.392	-62.0693
BLOCK12/SES127/SA127S11	SES127	0.552074	-62.3194	-62.8714
BLOCK12/SES127/SA127S12	SES127	0.138924	-62.1482	-62.2871
BLOCK12/SES127/SA127S23	SES127	0.589378	-62.4069	-62.9962
BLOCK12/SES127/SA127S25	SES127	-0.382607	-63.484	-63.1014
BLOCK12/SES127/SA127S27	SES127	0.780113	-62.4205	-63.2006
BLOCK12/SES129/SA129S11	SES129	1.12579	-61.2555	-62.3813
BLOCK12/SES129/SA129S12	SES129	1.58935	-60.8534	-62.4427
BLOCK12/SES129/SA129S22	SES129	0.782463	-61.0946	-61.8771
BLOCK12/SES129/SA129S27	SES129	1.63605	-60.4607	-62.0967
BLOCK12/SES129/SA129S29	SES129	1.9768	-60.3091	-62.2859
BLOCK14/SES142/SA142S11	SES142	2.27917	-62.4495	-64.7287
BLOCK14/SES142/SA142S12	SES142	1.14708	-63.2829	-64.43
BLOCK14/SES142/SA142S24	SES142	2.67566	-62.0542	-64.7298
BLOCK14/SES142/SA142S27	SES142	2.59777	-61.3599	-63.9577
BLOCK14/SES142/SA142S29	SES142	2.47081	-61.0883	-63.5591
BLOCK14/SES143/SA143S12	SES143	0.643661	-62.686	-63.3297
BLOCK14/SES143/SA143S13	SES143	0.521862	-62.8035	-63.3254
BLOCK14/SES143/SA143S23	SES143	1.09682	-62.9035	-64.0004
BLOCK14/SES143/SA143S25	SES143	0.691311	-62.7009	-63.3922
BLOCK14/SES143/SA143S28	SES143	0.551704	-62.2051	-62.7568
BLOCK14/SES144/SA144S09	SES144	0.515648	-62.3134	-62.829
BLOCK14/SES144/SA144S11	SES144	0.982536	-63.0651	-64.0477
BLOCK14/SES144/SA144S21	SES144	0.0290375	-63.0244	-63.0534
BLOCK14/SES144/SA144S25	SES144	0.106239	-63.1604	-63.2666
BLOCK14/SES144/SA144S29	SES144	-0.206532	-62.8493	-62.6428
BLOCK14/SES146/SA146S14	SES146	0.750725	-62.6024	-63.3532
BLOCK14/SES146/SA146S15	SES146	0.213406	-62.664	-62.8774
BLOCK14/SES146/SA146S24	SES146	0.086731	-62.5418	-62.6286
BLOCK14/SES146/SA146S26	SES146	0.752636	-63.1012	-63.8539
BLOCK14/SES146/SA146S29	SES146	0.514767	-63.2854	-63.8001
BLOCK14/SES147/SA147S11	SES147	0.798492	-62.9737	-63.7722
BLOCK14/SES147/SA147S13	SES147	1.21523	-61.6564	-62.8716
BLOCK14/SES147/SA147S23	SES147	1.06105	-63.4184	-64.4795
BLOCK14/SES147/SA147S26	SES147	1.23523	-62.6628	-63.898
BLOCK14/SES147/SA147S28	SES147	1.30482	-62.0832	-63.388
BLOCK14/SES148/SA148S10	SES148	0.615429	-61.467	-62.0824
BLOCK14/SES148/SA148S12	SES148	0.126671	-62.6875	-62.8141
BLOCK14/SES148/SA148S22	SES148	0.359356	-61.4991	-61.8584
BLOCK14/SES148/SA148S26	SES148	0.254368	-62.0748	-62.3292
BLOCK14/SES148/SA148S29	SES148	0.132717	-62.6137	-62.7464
BLOCK14/SES149/SA149S13	SES149	-0.395023	-62.1945	-61.7995
BLOCK14/SES149/SA149S14	SES149	0.208035	-61.5616	-61.7697
BLOCK14/SES149/SA149S24	SES149	1.38335	-61.2092	-62.5926
BLOCK14/SES149/SA149S26	SES149	1.65618	-60.9404	-62.5966
BLOCK14/SES149/SA149S28	SES149	2.11013	-59.806	-61.9161
BLOCK15/SES158/SA158S13	SES158	1.29672	-61.3171	-62.6138
BLOCK15/SES158/SA158S14	SES158	1.60917	-61.6585	-63.2676
BLOCK15/SES158/SA158S23	SES158	0.885117	-61.3885	-62.2736
BLOCK15/SES158/SA158S26	SES158	1.99173	-60.7385	-62.7302
BLOCK15/SES158/SA158S28	SES158	0.711639	-61.8237	-62.5353
BLOCK16/SES162/SA162S10	SES162	-0.0967178	-63.1076	-63.0109
BLOCK16/SES162/SA162S11	SES162	0.516617	-62.5837	-63.1003
BLOCK16/SES162/SA162S21	SES162	1.09883	-62.2178	-63.3166
BLOCK16/SES162/SA162S24	SES162	0.960342	-62.3363	-63.2967
BLOCK16/SES162/SA162S27	SES162	0.768696	-63.2992	-64.0678
BLOCK16/SES167/SA167S14	SES167	1.2836	-61.1542	-62.4378
BLOCK16/SES167/SA167S15	SES167	0.992035	-62.5424	-63.5345
BLOCK16/SES167/SA167S21	SES167	0.991814	-61.3506	-62.3424
BLOCK16/SES167/SA167S25	SES167	1.19772	-62.1927	-63.3904
BLOCK16/SES167/SA167S29	SES167	2.19019	-60.5297	-62.7199
BLOCK17/SES172/SA172S12	SES172	0.586369	-62.5546	-63.141
BLOCK17/SES172/SA172S13	SES172	1.03054	-62.8875	-63.9181
BLOCK17/SES172/SA172S23	SES172	0.377499	-61.83	-62.2075
BLOCK17/SES172/SA172S27	SES172	0.497437	-62.6944	-63.1919
BLOCK17/SES172/SA172S29	SES172	0.709995	-62.3019	-63.0119
BLOCK17/SES175/SA175S11	SES175	1.34747	-62.4831	-63.8306
BLOCK17/SES175/SA175S13	SES175	0.802631	-61.9254	-62.7281
BLOCK17/SES175/SA175S23	SES175	1.37614	-62.5277	-63.9039
BLOCK17/SES175/SA175S25	SES175	0.587627	-63.5642	-64.1519
BLOCK17/SES175/SA175S28	SES175	1.49825	-62.0432	-63.5414
BLOCK17/SES177/SA177S15	SES177	0.398983	-62.3323	-62.7313
BLOCK17/SES177/SA177S17	SES177	0.396538	-62.5245	-62.921
BLOCK17/SES177/SA177S23	SES177	0.0920601	-62.9346	-63.0267
BLOCK17/SES177/SA177S26	SES177	0.54731	-61.0215	-61.5688
BLOCK17/SES177/SA177S28	SES177	0.568913	-61.6427	-62.2116
BLOCK18/SES180/SA180S13	SES180	0.465843	-62.84	-63.3059
BLOCK18/SES180/SA180S15	SES180	0.438046	-62.7244	-63.1625
BLOCK18/SES180/SA180S24	SES180	0.775246	-61.3688	-62.1441
BLOCK18/SES180/SA180S26	SES180	0.424072	-62.1542	-62.5782
BLOCK18/SES180/SA180S29	SES180	0.723522	-62.6149	-63.3384
BLOCK18/SES183/SA183S13	SES183	0.468948	-62.953	-63.4219
BLOCK18/SES183/SA183S14	SES183	0.131641	-62.6152	-62.7469
BLOCK18/SES183/SA183S24	SES183	1.01101	-62.8079	-63.8189
BLOCK18/SES183/SA183S27	SES183	0.891853	-62.0677	-62.9595
BLOCK18/SES183/SA183S29	SES183	0.739716	-61.7127	-62.4524
BLOCK18/SES187/SA187S13	SES187	0.297871	-63.7093	-64.0072
BLOCK18/SES187/SA187S14	SES187	0.413387	-63.349	-63.7624
BLOCK18/SES187/SA187S24	SES187	0.530327	-63.2307	-63.761
BLOCK18/SES187/SA187S27	SES187	0.0782394	-63.3413	-63.4195
BLOCK18/SES187/SA187S29	SES187	0.618603	-63.1953	-63.8139
BLOCK18/SES189/SA189S10	SES189	2.05554	-64.3532	-66.4088
BLOCK18/SES189/SA189S13	SES189	2.62486	-65.4238	-68.0486
BLOCK18/SES189/SA189S24	SES189	2.9527	-64.0711	-67.0238
BLOCK18/SES189/SA189S26	SES189	1.76311	-64.1835	-65.9467
BLOCK18/SES189/SA189S29	SES189	2.44669	-63.542	-65.9887
BLOCK20/SES202/SA202S12	SES202	1.1543	-62.9751	-64.1294
BLOCK20/SES202/SA202S14	SES202	2.18979	-61.3142	-63.504
BLOCK20/SES202/SA202S24	SES202	1.35679	-62.4326	-63.7894
BLOCK20/SES202/SA202S27	SES202	1.94962	-61.1096	-63.0592
BLOCK20/SES202/SA202S29	SES202	2.33947	-61.2301	-63.5696
BLOCK20/SES206/SA206S15	SES206	0.492111	-60.5423	-61.0344
BLOCK20/SES206/SA206S17	SES206	1.58935	-60.0644	-61.6537
BLOCK20/SES206/SA206S24	SES206	1.51123	-59.7349	-61.2461
BLOCK20/SES206/SA206S27	SES206	1.41877	-60.4914	-61.9102
BLOCK20/SES206/SA206S29	SES206	1.61795	-58.9821	-60.6
BLOCK22/SES226/SA226S12	SES226	1.2383	-61.7713	-63.0096
BLOCK22/SES226/SA226S13	SES226	-0.263718	-62.3474	-62.0837
BLOCK22/SES226/SA226S20	SES226	0.962372	-61.7631	-62.7255
BLOCK22/SES226/SA226S23	SES226	1.02027	-61.1308	-62.1511
BLOCK22/SES226/SA226S28	SES226	1.49201	-60.51	-62.002
BLOCK25/SES259/SA259S13	SES259	1.9781	-60.027	-62.0051
BLOCK25/SES259/SA259S14	SES259	0.925316	-60.7828	-61.7082
BLOCK25/SES259/SA259S22	SES259	1.4826	-60.0525	-61.5351
BLOCK25/SES259/SA259S24	SES259	1.87819	-59.1399	-61.018
BLOCK25/SES259/SA259S28	SES259	1.32018	-59.8583	-61.1785
BLOCK27/SES270/SA270S14	SES270	1.64612	-61.8252	-63.4713
BLOCK27/SES270/SA270S16	SES270	0.623161	-61.926	-62.5492
BLOCK27/SES270/SA270S22	SES270	1.8448	-61.0265	-62.8713
BLOCK27/SES270/SA270S26	SES270	1.31419	-62.1441	-63.4583
BLOCK27/SES270/SA270S28	SES270	0.805988	-61.1686	-61.9746
BLOCK27/SES275/SA275S17	SES275	0.690876	-62.6642	-63.3551
BLOCK27/SES275/SA275S18	SES275	0.236633	-62.9917	-63.2284
BLOCK27/SES275/SA275S24	SES275	0.579716	-63.3952	-63.9749
BLOCK27/SES275/SA275S26	SES275	0.858376	-62.1005	-62.9589
BLOCK27/SES275/SA275S28	SES275	0.303822	-62.0988	-62.4026
BLOCK29/SES292/SA292S10	SES292	-0.114532	-62.9108	-62.7963
BLOCK29/SES292/SA292S12	SES292	-0.236	-64.2353	-63.9993
BLOCK29/SES292/SA292S22	SES292	0.620781	-61.9147	-62.5355
BLOCK29/SES292/SA292S24	SES292	-0.0758514	-62.6871	-62.6113
BLOCK29/SES292/SA292S27	SES292	-0.152836	-62.3218	-62.1689
BLOCK00/SES001/SA001S14	SES062	-0.837231	-63.555	-62.7177
BLOCK00/SES001/SA001S14	SES082	-1.18545	-63.9032	-62.7177
BLOCK00/SES001/SA001S14	SES106	-2.06535	-64.7831	-62.7177
BLOCK00/SES001/SA001S14	SES206	-2.51875	-65.2365	-62.7177
BLOCK00/SES001/SA001S15	SES062	-1.03246	-62.6543	-61.6218
BLOCK00/SES001/SA001S15	SES104	-1.54398	-63.1658	-61.6218
BLOCK00/SES001/SA001S15	SES106	-1.92539	-63.5472	-61.6218
BLOCK00/SES001/SA001S15	SES206	-2.46563	-64.0874	-61.6218
BLOCK00/SES001/SA001S24	SES062	-1.59987	-64.7071	-63.1072
BLOCK00/SES001/SA001S24	SES082	-1.29027	-64.3975	-63.1072
BLOCK00/SES001/SA001S24	SES087	-2.21438	-65.3216	-63.1072
BLOCK00/SES001/SA001S24	SES206	-1.48692	-64.5941	-63.1072
BLOCK00/SES001/SA001S27	SES062	-1.72939	-63.1492	-61.4198
BLOCK00/SES001/SA001S27	SES082	-2.61806	-64.0379	-61.4198
BLOCK00/SES001/SA001S27	SES087	-3.01146	-64.4313	-61.4198
BLOCK00/SES001/SA001S27	SES206	-2.83968	-64.2595	-61.4198
BLOCK00/SES001/SA001S29	SES062	-1.62947	-64.4917	-62.8622
BLOCK00/SES001/SA001S29	SES082	-1.59089	-64.4531	-62.8622
BLOCK00/SES001/SA001S29	SES158	-1.62445	-64.4866	-62.8622
BLOCK00/SES001/SA001S29	SES206	-2.81964	-65.6818	-62.8622
BLOCK00/SES003/SA003S11	SES002	-0.502781	-63.0394	-62.5366
BLOCK00/SES003/SA003S11	SES019	-0.477436	-63.014	-62.5366
BLOCK00/SES003/SA003S11	SES082	0.425068	-62.1115	-62.5366
BLOCK00/SES003/SA003S11	SES125	-0.602268	-63.1389	-62.5366
BLOCK00/SES003/SA003S15	SES016	-4.65718	-66.6164	-61.9592
BLOCK00/SES003/SA003S15	SES019	-0.474297	-62.4335	-61.9592
BLOCK00/SES003/SA003S15	SES062	-1.69223	-63.6514	-61.9592
BLOCK00/SES003/SA003S15	SES206	-0.515228	-62.4744	-61.9592
BLOCK00/SES003/SA003S22	SES002	-1.56689	-63.8265	-62.2596
BLOCK00/SES003/SA003S22	SES062	-1.31399	-63.5736	-62.2596
BLOCK00/SES003/SA003S22	SES082	-0.520161	-62.7798	-62.2596
BLOCK00/SES003/SA003S22	SES087	-1.26881	-63.5284	-62.2596
BLOCK00/SES003/SA003S25	SES062	-1.46408	-64.863	-63.3989
BLOCK00/SES003/SA003S25	SES082	0.648853	-62.7501	-63.3989
BLOCK00/SES003/SA003S25	SES087	-1.04291	-64.4418	-63.3989
BLOCK00/SES003/SA003S25	SES206	-0.559681	-63.9586	-63.3989
BLOCK00/SES003/SA003S29	SES002	-1.60099	-63.8875	-62.2865
BLOCK00/SES003/SA003S29	SES062	-1.59211	-63.8786	-62.2865
BLOCK00/SES003/SA003S29	SES082	-0.467884	-62.7544	-62.2865
BLOCK00/SES003/SA003S29	SES087	-0.848469	-63.135	-62.2865
BLOCK00/SES004/SA004S12	SES083	-1.07366	-64.5776	-63.504
BLOCK00/SES004/SA004S12	SES148	-1.16727	-64.6712	-63.504
BLOCK00/SES004/SA004S12	SES172	-0.548767	-64.0527	-63.504
BLOCK00/SES004/SA004S12	SES292	-0.924088	-64.4281	-63.504
BLOCK00/SES004/SA004S17	SES083	-1.19612	-64.9823	-63.7862
BLOCK00/SES004/SA004S17	SES162	-0.561657	-64.3478	-63.7862
BLOCK00/SES004/SA004S17	SES172	-0.811825	-64.598	-63.7862
BLOCK00/SES004/SA004S17	SES292	-0.814075	-64.6002	-63.7862
BLOCK00/SES004/SA004S24	SES083	-1.27767	-64.3499	-63.0722
BLOCK00/SES004/SA004S24	SES148	-1.1073	-64.1795	-63.0722
BLOCK00/SES004/SA004S24	SES172	-0.887718	-63.96	-63.0722
BLOCK00/SES004/SA004S24	SES292	-0.543144	-63.6154	-63.0722
BLOCK00/SES004/SA004S26	SES083	-0.495361	-63.6202	-63.1249
BLOCK00/SES004/SA004S26	SES127	-1.03059	-64.1555	-63.1249
BLOCK00/SES004/SA004S26	SES148	-1.3735	-64.4984	-63.1249
BLOCK00/SES004/SA004S26	SES292	-0.843777	-63.9687	-63.1249
BLOCK00/SES004/SA004S28	SES083	-1.03791	-64.2766	-63.2387
BLOCK00/SES004/SA004S28	SES127	-1.58668	-64.8254	-63.2387
BLOCK00/SES004/SA004S28	SES187	-0.635311	-63.874	-63.2387
BLOCK00/SES004/SA004S28	SES292	-0.674049	-63.9128	-63.2387
BLOCK00/SES006/SA006S10	SES014	-0.952225	-65.0646	-64.1123
BLOCK00/SES006/SA006S10	SES158	-0.103958	-64.2163	-64.1123
BLOCK00/SES006/SA006S10	SES226	-1.31331	-65.4256	-64.1123
BLOCK00/SES006/SA006S10	SES270	0.103516	-64.0088	-64.1123
BLOCK00/SES006/SA006S11	SES158	0.0921211	-63.723	-63.8151
BLOCK00/SES006/SA006S11	SES226	-1.09752	-64.9126	-63.8151
BLOCK00/SES006/SA006S11	SES270	-0.2789	-64.094	-63.8151
BLOCK00/SES006/SA006S11	SES275	-2.34792	-66.163	-63.8151
BLOCK00/SES006/SA006S23	SES062	-2.2452	-64.8818	-62.6366
BLOCK00/SES006/SA006S23	SES105	-1.65226	-64.2889	-62.6366
BLOCK00/SES006/SA006S23	SES158	-0.492649	-63.1293	-62.6366
BLOCK00/SES006/SA006S23	SES275	-2.0857	-64.7223	-62.6366
BLOCK00/SES006/SA006S26	SES104	-0.516747	-63.0208	-62.504
BLOCK00/SES006/SA006S26	SES158	0.204109	-62.2999	-62.504
BLOCK00/SES006/SA006S26	SES270	0.0669098	-62.4371	-62.504
BLOCK00/SES006/SA006S26	SES275	-2.50236	-65.0064	-62.504
BLOCK00/SES006/SA006S28	SES007	-2.28664	-65.3104	-63.0238
BLOCK00/SES006/SA006S28	SES105	-1.71687	-64.7407	-63.0238
BLOCK00/SES006/SA006S28	SES158	-0.696075	-63.7199	-63.0238
BLOCK00/SES006/SA006S28	SES275	-2.29604	-65.3198	-63.0238
BLOCK00/SES009/SA009S12	SES083	-1.33224	-63.7459	-62.4137
BLOCK00/SES009/SA009S12	SES148	-0.743744	-63.1574	-62.4137
BLOCK00/SES009/SA009S12	SES177	-2.14954	-64.5632	-62.4137
BLOCK00/SES009/SA009S12	SES292	0.0665131	-62.3472	-62.4137
BLOCK00/SES009/SA009S15	SES007	1.0273	-60.8644	-61.8917
BLOCK00/SES009/SA009S15	SES099	-5.20226	-67.094	-61.8917
BLOCK00/SES009/SA009S15	SES148	-1.08187	-62.9736	-61.8917
BLOCK00/SES009/SA009S15	SES172	-1.63833	-63.5301	-61.8917
BLOCK00/SES009/SA009S24	SES146	-0.623219	-62.9956	-62.3724
BLOCK00/SES009/SA009S24	SES148	-0.528999	-62.9014	-62.3724
BLOCK00/SES009/SA009S24	SES177	-1.62421	-63.9966	-62.3724
BLOCK00/SES009/SA009S24	SES292	0.136814	-62.2355	-62.3724
BLOCK00/SES009/SA009S26	SES083	-1.30805	-64.1935	-62.8855
BLOCK00/SES009/SA009S26	SES101	-0.874084	-63.7596	-62.8855
BLOCK00/SES009/SA009S26	SES120	-0.472294	-63.3578	-62.8855
BLOCK00/SES009/SA009S26	SES177	-2.23844	-65.1239	-62.8855
BLOCK00/SES009/SA009S29	SES083	-0.713242	-62.9736	-62.2603
BLOCK00/SES009/SA009S29	SES101	-0.781876	-63.0422	-62.2603
BLOCK00/SES009/SA009S29	SES177	-2.26864	-64.529	-62.2603
BLOCK00/SES009/SA009S29	SES292	0.0285683	-62.2318	-62.2603
BLOCK01/SES011/SA011S10	SES019	0.23687	-62.7437	-62.9806
BLOCK01/SES011/SA011S10	SES042	0.34938	-62.6312	-62.9806
BLOCK01/SES011/SA011S10	SES082	-0.433815	-63.4144	-62.9806
BLOCK01/SES011/SA011S10	SES206	0.521393	-62.4592	-62.9806
BLOCK01/SES011/SA011S11	SES019	0.0328903	-63.6705	-63.7034
BLOCK01/SES011/SA011S11	SES042	-0.214142	-63.9175	-63.7034
BLOCK01/SES011/SA011S11	SES082	-0.0594444	-63.7628	-63.7034
BLOCK01/SES011/SA011S11	SES206	0.195705	-63.5077	-63.7034
BLOCK01/SES011/SA011S22	SES019	-0.117744	-63.5271	-63.4094
BLOCK01/SES011/SA011S22	SES042	0.247982	-63.1614	-63.4094
BLOCK01/SES011/SA011S22	SES082	-0.387638	-63.797	-63.4094
BLOCK01/SES011/SA011S22	SES206	0.412617	-62.9967	-63.4094
BLOCK01/SES011/SA011S24	SES019	0.0252342	-62.1945	-62.2197
BLOCK01/SES011/SA011S24	SES042	0.497074	-61.7227	-62.2197
BLOCK01/SES011/SA011S24	SES104	0.0919762	-62.1278	-62.2197
BLOCK01/SES011/SA011S24	SES206	0.584553	-61.6352	-62.2197
BLOCK01/SES011/SA011S27	SES082	0.316914	-62.0036	-62.3205
BLOCK01/SES011/SA011S27	SES087	-0.250454	-62.5709	-62.3205
BLOCK01/SES011/SA011S27	SES125	0.735512	-61.585	-62.3205
BLOCK01/SES011/SA011S27	SES206	0.103367	-62.2171	-62.3205
BLOCK01/SES012/SA012S11	SES007	-2.20124	-63.1897	-60.9885
BLOCK01/SES012/SA012S11	SES082	-0.229851	-61.2183	-60.9885
BLOCK01/SES012/SA012S11	SES083	-1.63169	-62.6202	-60.9885
BLOCK01/SES012/SA012S11	SES206	0.390865	-60.5976	-60.9885
BLOCK01/SES012/SA012S14	SES082	0.0405998	-61.6228	-61.6634
BLOCK01/SES012/SA012S14	SES087	-1.00719	-62.6706	-61.6634
BLOCK01/SES012/SA012S14	SES206	-0.105728	-61.7691	-61.6634
BLOCK01/SES012/SA012S14	SES292	-2.30762	-63.971	-61.6634
BLOCK01/SES012/SA012S24	SES082	0.667259	-61.8454	-62.5126
BLOCK01/SES012/SA012S24	SES087	-0.00753021	-62.5202	-62.5126
BLOCK01/SES012/SA012S24	SES120	-3.37591	-65.8886	-62.5126
BLOCK01/SES012/SA012S24	SES206	0.342892	-62.1698	-62.5126
BLOCK01/SES012/SA012S26	SES019	-0.94112	-62.7969	-61.8558
BLOCK01/SES012/SA012S26	SES082	-0.651196	-62.507	-61.8558
BLOCK01/SES012/SA012S26	SES206	0.645111	-61.2107	-61.8558
BLOCK01/SES012/SA012S26	SES292	-2.46037	-64.3162	-61.8558
BLOCK01/SES012/SA012S29	SES062	-1.78669	-63.347	-61.5603
BLOCK01/SES012/SA012S29	SES082	-0.484867	-62.0452	-61.5603
BLOCK01/SES012/SA012S29	SES083	-1.44508	-63.0054	-61.5603
BLOCK01/SES012/SA012S29	SES206	-0.110897	-61.6712	-61.5603
BLOCK01/SES013/SA013S16	SES062	-2.89265	-65.275	-62.3824
BLOCK01/SES013/SA013S16	SES106	0.316772	-62.0656	-62.3824
BLOCK01/SES013/SA013S16	SES206	0.192062	-62.1903	-62.3824
BLOCK01/SES013/SA013S16	SES226	-0.0255585	-62.4079	-62.3824
BLOCK01/SES013/SA013S17	SES062	-2.3153	-63.9155	-61.6002
BLOCK01/SES013/SA013S17	SES106	-0.08601	-61.6862	-61.6002
BLOCK01/SES013/SA013S17	SES206	0.735981	-60.8643	-61.6002
BLOCK01/SES013/SA013S17	SES226	-0.0975761	-61.6978	-61.6002
BLOCK01/SES013/SA013S23	SES104	-0.0154648	-62.4582	-62.4428
BLOCK01/SES013/SA013S23	SES106	0.123901	-62.3189	-62.4428
BLOCK01/SES013/SA013S23	SES206	-0.345394	-62.7882	-62.4428
BLOCK01/SES013/SA013S23	SES270	-0.138016	-62.5808	-62.4428
BLOCK01/SES013/SA013S25	SES042	-0.644363	-62.5547	-61.9103
BLOCK01/SES013/SA013S25	SES104	0.150562	-61.7598	-61.9103
BLOCK01/SES013/SA013S25	SES106	0.536289	-61.3741	-61.9103
BLOCK01/SES013/SA013S25	SES206	-0.0427856	-61.9531	-61.9103
BLOCK01/SES013/SA013S29	SES062	-3.02244	-65.3907	-62.3683
BLOCK01/SES013/SA013S29	SES104	-0.136372	-62.5046	-62.3683
BLOCK01/SES013/SA013S29	SES106	0.818569	-61.5497	-62.3683
BLOCK01/SES013/SA013S29	SES206	-0.0293427	-62.3976	-62.3683
BLOCK02/SES021/SA021S13	SES016	-5.30598	-66.9097	-61.6037
BLOCK02/SES021/SA021S13	SES029	-3.72427	-65.328	-61.6037
BLOCK02/SES021/SA021S13	SES087	-0.491848	-62.0956	-61.6037
BLOCK02/SES021/SA021S13	SES206	-0.234142	-61.8379	-61.6037
BLOCK02/SES021/SA021S15	SES087	-0.359978	-61.1113	-60.7513
BLOCK02/SES021/SA021S15	SES125	0.0521317	-60.6992	-60.7513
BLOCK02/SES021/SA021S15	SES206	0.168713	-60.5826	-60.7513
BLOCK02/SES021/SA021S15	SES226	-0.0978584	-60.8492	-60.7513
BLOCK02/SES021/SA021S23	SES062	-2.19322	-65.2537	-63.0605
BLOCK02/SES021/SA021S23	SES087	-0.53289	-63.5934	-63.0605
BLOCK02/SES021/SA021S23	SES206	-0.723068	-63.7836	-63.0605
BLOCK02/SES021/SA021S23	SES226	-0.0593033	-63.1198	-63.0605
BLOCK02/SES021/SA021S27	SES002	-1.04996	-62.9617	-61.9118
BLOCK02/SES021/SA021S27	SES016	-4.26871	-66.1805	-61.9118
BLOCK02/SES021/SA021S27	SES019	-0.912529	-62.8243	-61.9118
BLOCK02/SES021/SA021S27	SES062	-1.39562	-63.3074	-61.9118
BLOCK02/SES021/SA021S29	SES087	-0.922939	-62.7078	-61.7848
BLOCK02/SES021/SA021S29	SES125	0.29985	-61.485	-61.7848
BLOCK02/SES021/SA021S29	SES206	0.0182076	-61.7666	-61.7848
BLOCK02/SES021/SA021S29	SES226	-0.130539	-61.9154	-61.7848
BLOCK04/SES043/SA043S09	SES083	-1.08059	-64.962	-63.8814
BLOCK04/SES043/SA043S09	SES101	-1.75096	-65.6324	-63.8814
BLOCK04/SES043/SA043S09	SES144	-0.131001	-64.0124	-63.8814
BLOCK04/SES043/SA043S09	SES172	-2.39624	-66.2776	-63.8814
BLOCK04/SES043/SA043S11	SES083	-0.872272	-63.1106	-62.2384
BLOCK04/SES043/SA043S11	SES101	-1.17153	-63.4099	-62.2384
BLOCK04/SES043/SA043S11	SES144	-0.58186	-62.8202	-62.2384
BLOCK04/SES043/SA043S11	SES172	-1.32626	-63.5646	-62.2384
BLOCK04/SES043/SA043S23	SES083	-0.596867	-63.4297	-62.8328
BLOCK04/SES043/SA043S23	SES144	-0.159168	-62.992	-62.8328
BLOCK04/SES043/SA043S23	SES177	-1.78755	-64.6204	-62.8328
BLOCK04/SES043/SA043S23	SES275	-0.580643	-63.4135	-62.8328
BLOCK04/SES043/SA043S26	SES083	-0.749458	-63.1956	-62.4462
BLOCK04/SES043/SA043S26	SES101	-0.785183	-63.2313	-62.4462
BLOCK04/SES043/SA043S26	SES144	0.0031929	-62.443	-62.4462
BLOCK04/SES043/SA043S26	SES177	-1.53491	-63.9811	-62.4462
BLOCK04/SES043/SA043S28	SES016	-0.826454	-62.9214	-62.0949
BLOCK04/SES043/SA043S28	SES083	-0.574242	-62.6692	-62.0949
BLOCK04/SES043/SA043S28	SES101	-0.56266	-62.6576	-62.0949
BLOCK04/SES043/SA043S28	SES144	-0.54908	-62.644	-62.0949
BLOCK04/SES044/SA044S10	SES127	-1.578	-66.2164	-64.6384
BLOCK04/SES044/SA044S10	SES144	-0.245216	-64.8836	-64.6384
BLOCK04/SES044/SA044S10	SES147	-1.18384	-65.8222	-64.6384
BLOCK04/SES044/SA044S10	SES148	-0.994576	-65.633	-64.6384
BLOCK04/SES044/SA044S11	SES101	-1.07877	-65.1647	-64.0859
BLOCK04/SES044/SA044S11	SES144	-0.138924	-64.2249	-64.0859
BLOCK04/SES044/SA044S11	SES147	-1.01812	-65.1041	-64.0859
BLOCK04/SES044/SA044S11	SES177	-1.05247	-65.1384	-64.0859
BLOCK04/SES044/SA044S24	SES007	-0.842342	-64.1711	-63.3288
BLOCK04/SES044/SA044S24	SES101	-1.2238	-64.5526	-63.3288
BLOCK04/SES044/SA044S24	SES147	-1.62507	-64.9539	-63.3288
BLOCK04/SES044/SA044S24	SES177	-2.01575	-65.3445	-63.3288
BLOCK04/SES044/SA044S26	SES007	-1.00495	-64.3747	-63.3698
BLOCK04/SES044/SA044S26	SES016	-0.380543	-63.7503	-63.3698
BLOCK04/SES044/SA044S26	SES101	-0.587418	-63.9572	-63.3698
BLOCK04/SES044/SA044S26	SES147	-0.536339	-63.9061	-63.3698
BLOCK04/SES044/SA044S29	SES007	-0.917393	-63.7471	-62.8297
BLOCK04/SES044/SA044S29	SES101	-0.364098	-63.1938	-62.8297
BLOCK04/SES044/SA044S29	SES147	-0.531853	-63.3615	-62.8297
BLOCK04/SES044/SA044S29	SES177	-0.954052	-63.7837	-62.8297
BLOCK04/SES046/SA046S13	SES101	-1.47662	-65.4313	-63.9547
BLOCK04/SES046/SA046S13	SES144	-0.673225	-64.6279	-63.9547
BLOCK04/SES046/SA046S13	SES147	-1.13261	-65.0873	-63.9547
BLOCK04/SES046/SA046S13	SES177	-0.883995	-64.8387	-63.9547
BLOCK04/SES046/SA046S15	SES048	-2.17514	-64.8113	-62.6361
BLOCK04/SES046/SA046S15	SES083	-0.900738	-63.5369	-62.6361
BLOCK04/SES046/SA046S15	SES120	-1.09256	-63.7287	-62.6361
BLOCK04/SES046/SA046S15	SES148	-0.770966	-63.4071	-62.6361
BLOCK04/SES046/SA046S22	SES101	-0.935524	-64.4017	-63.4662
BLOCK04/SES046/SA046S22	SES144	-0.461727	-63.9279	-63.4662
BLOCK04/SES046/SA046S22	SES147	-0.631386	-64.0976	-63.4662
BLOCK04/SES046/SA046S22	SES172	-0.416149	-63.8824	-63.4662
BLOCK04/SES046/SA046S25	SES083	-0.668236	-63.4351	-62.7669
BLOCK04/SES046/SA046S25	SES127	-1.08899	-63.8559	-62.7669
BLOCK04/SES046/SA046S25	SES144	-1.44777	-64.2146	-62.7669
BLOCK04/SES046/SA046S25	SES148	-1.1289	-63.8958	-62.7669
BLOCK04/SES046/SA046S28	SES007	-2.23869	-65.7892	-63.5505
BLOCK04/SES046/SA046S28	SES105	-2.11577	-65.6663	-63.5505
BLOCK04/SES046/SA046S28	SES147	-2.00038	-65.5509	-63.5505
BLOCK04/SES046/SA046S28	SES148	-0.527168	-64.0777	-63.5505
BLOCK04/SES049/SA049S16	SES104	-0.0079689	-63.6844	-63.6764
BLOCK04/SES049/SA049S16	SES106	-0.0744743	-63.7509	-63.6764
BLOCK04/SES049/SA049S16	SES120	-3.17873	-66.8551	-63.6764
BLOCK04/SES049/SA049S16	SES206	-0.160381	-63.8368	-63.6764
BLOCK04/SES049/SA049S18	SES099	-1.10326	-64.883	-63.7798
BLOCK04/SES049/SA049S18	SES104	-0.636513	-64.4163	-63.7798
BLOCK04/SES049/SA049S18	SES125	-0.629753	-64.4095	-63.7798
BLOCK04/SES049/SA049S18	SES206	-0.481567	-64.2613	-63.7798
BLOCK04/SES049/SA049S25	SES087	0.115372	-63.0618	-63.1772
BLOCK04/SES049/SA049S25	SES104	0.262497	-62.9147	-63.1772
BLOCK04/SES049/SA049S25	SES125	-0.339214	-63.5164	-63.1772
BLOCK04/SES049/SA049S25	SES206	0.190742	-62.9864	-63.1772
BLOCK04/SES049/SA049S27	SES099	-0.537739	-63.1699	-62.6321
BLOCK04/SES049/SA049S27	SES104	0.244637	-62.3875	-62.6321
BLOCK04/SES049/SA049S27	SES125	-0.52483	-63.157	-62.6321
BLOCK04/SES049/SA049S27	SES206	-0.0164185	-62.6485	-62.6321
BLOCK04/SES049/SA049S29	SES099	-0.193283	-62.1117	-61.9184
BLOCK04/SES049/SA049S29	SES104	0.332325	-61.5861	-61.9184
BLOCK04/SES049/SA049S29	SES125	-0.1259	-62.0443	-61.9184
BLOCK04/SES049/SA049S29	SES206	0.100311	-61.8181	-61.9184
BLOCK06/SES063/SA063S09	SES068	-1.53678	-64.2821	-62.7453
BLOCK06/SES063/SA063S09	SES083	-0.964073	-63.7094	-62.7453
BLOCK06/SES063/SA063S09	SES177	-0.520805	-63.2661	-62.7453
BLOCK06/SES063/SA063S09	SES187	-0.364643	-63.11	-62.7453
BLOCK06/SES063/SA063S10	SES068	-1.24372	-64.1401	-62.8964
BLOCK06/SES063/SA063S10	SES083	-0.313152	-63.2096	-62.8964
BLOCK06/SES063/SA063S10	SES172	0.16539	-62.731	-62.8964
BLOCK06/SES063/SA063S10	SES187	-0.112076	-63.0085	-62.8964
BLOCK06/SES063/SA063S20	SES068	-1.59335	-64.6652	-63.0718
BLOCK06/SES063/SA063S20	SES083	-0.439518	-63.5114	-63.0718
BLOCK06/SES063/SA063S20	SES172	-0.0830269	-63.1549	-63.0718
BLOCK06/SES063/SA063S20	SES187	0.361828	-62.71	-63.0718
BLOCK06/SES063/SA063S24	SES029	-1.16041	-63.174	-62.0136
BLOCK06/SES063/SA063S24	SES083	-0.107437	-62.1211	-62.0136
BLOCK06/SES063/SA063S24	SES177	0.0413246	-61.9723	-62.0136
BLOCK06/SES063/SA063S24	SES189	-0.666348	-62.68	-62.0136
BLOCK06/SES063/SA063S27	SES083	-0.0396614	-63.3392	-63.2995
BLOCK06/SES063/SA063S27	SES172	0.224899	-63.0746	-63.2995
BLOCK06/SES063/SA063S27	SES187	-0.457012	-63.7565	-63.2995
BLOCK06/SES063/SA063S27	SES292	-0.979424	-64.2789	-63.2995
BLOCK06/SES067/SA067S12	SES083	-1.20607	-63.6936	-62.4876
BLOCK06/SES067/SA067S12	SES172	-1.29254	-63.7801	-62.4876
BLOCK06/SES067/SA067S12	SES202	0.207039	-62.2805	-62.4876
BLOCK06/SES067/SA067S12	SES292	-1.39097	-63.8785	-62.4876
BLOCK06/SES067/SA067S14	SES085	-0.688099	-62.6231	-61.935
BLOCK06/SES067/SA067S14	SES177	-1.23618	-63.1712	-61.935
BLOCK06/SES067/SA067S14	SES183	-0.892715	-62.8277	-61.935
BLOCK06/SES067/SA067S14	SES202	-0.309052	-62.2441	-61.935
BLOCK06/SES067/SA067S21	SES144	-0.798477	-64.9118	-64.1133
BLOCK06/SES067/SA067S21	SES177	-0.826813	-64.9401	-64.1133
BLOCK06/SES067/SA067S21	SES183	-1.78627	-65.8996	-64.1133
BLOCK06/SES067/SA067S21	SES189	-0.067688	-64.181	-64.1133
BLOCK06/SES067/SA067S25	SES085	-0.463665	-63.0108	-62.5471
BLOCK06/SES067/SA067S25	SES177	-0.513458	-63.0605	-62.5471
BLOCK06/SES067/SA067S25	SES183	-0.81419	-63.3613	-62.5471
BLOCK06/SES067/SA067S25	SES202	0.170261	-62.3768	-62.5471
BLOCK06/SES067/SA067S29	SES085	-0.196907	-63.1622	-62.9653
BLOCK06/SES067/SA067S29	SES177	-0.709171	-63.6745	-62.9653
BLOCK06/SES067/SA067S29	SES183	-0.290924	-63.2562	-62.9653
BLOCK06/SES067/SA067S29	SES202	0.575661	-62.3897	-62.9653
BLOCK06/SES069/SA069S12	SES029	-2.39581	-64.3829	-61.9871
BLOCK06/SES069/SA069S12	SES082	-0.552338	-62.5395	-61.9871
BLOCK06/SES069/SA069S12	SES087	-0.795376	-62.7825	-61.9871
BLOCK06/SES069/SA069S12	SES206	-0.20388	-62.191	-61.9871
BLOCK06/SES069/SA069S13	SES029	-3.00809	-65.2227	-62.2146
BLOCK06/SES069/SA069S13	SES087	-1.64848	-63.8631	-62.2146
BLOCK06/SES069/SA069S13	SES206	-1.36352	-63.5782	-62.2146
BLOCK06/SES069/SA069S13	SES226	-1.42162	-63.6363	-62.2146
BLOCK06/SES069/SA069S23	SES029	-2.14723	-62.8575	-60.7103
BLOCK06/SES069/SA069S23	SES087	-1.07961	-61.7899	-60.7103
BLOCK06/SES069/SA069S23	SES206	-0.755562	-61.4658	-60.7103
BLOCK06/SES069/SA069S23	SES226	-0.72628	-61.4365	-60.7103
BLOCK06/SES069/SA069S25	SES087	-0.764614	-61.8436	-61.079
BLOCK06/SES069/SA069S25	SES206	-1.0085	-62.0875	-61.079
BLOCK06/SES069/SA069S25	SES226	-0.72826	-61.8073	-61.079
BLOCK06/SES069/SA069S25	SES270	-0.916878	-61.9959	-61.079
BLOCK06/SES069/SA069S27	SES087	-0.992081	-62.7952	-61.8031
BLOCK06/SES069/SA069S27	SES206	0.0645752	-61.7385	-61.8031
BLOCK06/SES069/SA069S27	SES226	0.293884	-61.5092	-61.8031
BLOCK06/SES069/SA069S27	SES270	-0.43536	-62.2384	-61.8031
BLOCK08/SES081/SA081S11	SES060	-0.831841	-64.113	-63.2812
BLOCK08/SES081/SA081S11	SES062	-2.14075	-65.422	-63.2812
BLOCK08/SES081/SA081S11	SES117	-0.913857	-64.1951	-63.2812
BLOCK08/SES081/SA081S11	SES162	-0.250469	-63.5317	-63.2812
BLOCK08/SES081/SA081S13	SES016	-0.00535583	-61.7423	-61.737
BLOCK08/SES081/SA081S13	SES060	-0.0363235	-61.7733	-61.737
BLOCK08/SES081/SA081S13	SES068	0.00505066	-61.7319	-61.737
BLOCK08/SES081/SA081S13	SES129	-1.45115	-63.1881	-61.737
BLOCK08/SES081/SA081S24	SES060	-0.404339	-62.9848	-62.5805
BLOCK08/SES081/SA081S24	SES068	-0.443661	-63.0241	-62.5805
BLOCK08/SES081/SA081S24	SES117	-0.923534	-63.504	-62.5805
BLOCK08/SES081/SA081S24	SES275	-1.58506	-64.1656	-62.5805
BLOCK08/SES081/SA081S27	SES007	-0.750492	-63.3578	-62.6073
BLOCK08/SES081/SA081S27	SES060	-0.999443	-63.6068	-62.6073
BLOCK08/SES081/SA081S27	SES117	-0.688843	-63.2962	-62.6073
BLOCK08/SES081/SA081S27	SES275	-1.52058	-64.1279	-62.6073
BLOCK08/SES081/SA081S29	SES007	-0.922878	-63.2224	-62.2995
BLOCK08/SES081/SA081S29	SES060	-0.557846	-62.8573	-62.2995
BLOCK08/SES081/SA081S29	SES117	-0.54966	-62.8492	-62.2995
BLOCK08/SES081/SA081S29	SES275	-1.8127	-64.1122	-62.2995
BLOCK08/SES086/SA086S11	SES029	-3.6745	-66.9363	-63.2618
BLOCK08/SES086/SA086S11	SES082	-0.509827	-63.7717	-63.2618
BLOCK08/SES086/SA086S11	SES087	-0.192562	-63.4544	-63.2618
BLOCK08/SES086/SA086S11	SES206	-0.487556	-63.7494	-63.2618
BLOCK08/SES086/SA086S12	SES029	-3.43258	-66.2053	-62.7727
BLOCK08/SES086/SA086S12	SES082	-0.193527	-62.9663	-62.7727
BLOCK08/SES086/SA086S12	SES087	0.321064	-62.4517	-62.7727
BLOCK08/SES086/SA086S12	SES206	0.180092	-62.5926	-62.7727
BLOCK08/SES086/SA086S20	SES029	-4.26055	-65.8787	-61.6181
BLOCK08/SES086/SA086S20	SES082	-0.616894	-62.235	-61.6181
BLOCK08/SES086/SA086S20	SES087	0.523235	-61.0949	-61.6181
BLOCK08/SES086/SA086S20	SES206	0.289246	-61.3289	-61.6181
BLOCK08/SES086/SA086S24	SES087	0.296963	-62.476	-62.7729
BLOCK08/SES086/SA086S24	SES104	0.0611725	-62.7118	-62.7729
BLOCK08/SES086/SA086S24	SES120	-3.62532	-66.3983	-62.7729
BLOCK08/SES086/SA086S24	SES206	0.667744	-62.1052	-62.7729
BLOCK08/SES086/SA086S28	SES029	-2.97358	-64.8186	-61.8451
BLOCK08/SES086/SA086S28	SES082	-0.355507	-62.2006	-61.8451
BLOCK08/SES086/SA086S28	SES087	0.275223	-61.5698	-61.8451
BLOCK08/SES086/SA086S28	SES206	0.573074	-61.272	-61.8451
BLOCK08/SES089/SA089S13	SES087	-0.939594	-63.8704	-62.9308
BLOCK08/SES089/SA089S13	SES206	-1.15175	-64.0825	-62.9308
BLOCK08/SES089/SA089S13	SES226	-0.456863	-63.3876	-62.9308
BLOCK08/SES089/SA089S13	SES270	-1.88651	-64.8173	-62.9308
BLOCK08/SES089/SA089S14	SES062	-1.80322	-63.7684	-61.9652
BLOCK08/SES089/SA089S14	SES087	-0.323135	-62.2883	-61.9652
BLOCK08/SES089/SA089S14	SES206	-0.540462	-62.5057	-61.9652
BLOCK08/SES089/SA089S14	SES226	0.159744	-61.8055	-61.9652
BLOCK08/SES089/SA089S23	SES087	-0.200081	-63.2303	-63.0302
BLOCK08/SES089/SA089S23	SES206	-1.17425	-64.2045	-63.0302
BLOCK08/SES089/SA089S23	SES226	-0.0740585	-63.1043	-63.0302
BLOCK08/SES089/SA089S23	SES270	-1.91525	-64.9455	-63.0302
BLOCK08/SES089/SA089S25	SES062	-1.69724	-64.4844	-62.7872
BLOCK08/SES089/SA089S25	SES087	-0.246796	-63.034	-62.7872
BLOCK08/SES089/SA089S25	SES206	-0.768833	-63.556	-62.7872
BLOCK08/SES089/SA089S25	SES226	0.860893	-61.9263	-62.7872
BLOCK08/SES089/SA089S28	SES062	-1.69564	-64.4278	-62.7322
BLOCK08/SES089/SA089S28	SES087	-0.13076	-62.8629	-62.7322
BLOCK08/SES089/SA089S28	SES206	-0.840729	-63.5729	-62.7322
BLOCK08/SES089/SA089S28	SES226	0.169346	-62.5628	-62.7322
BLOCK09/SES097/SA097S11	SES099	0.0393295	-62.9117	-62.951
BLOCK09/SES097/SA097S11	SES125	-0.0332718	-62.9843	-62.951
BLOCK09/SES097/SA097S11	SES206	-0.302952	-63.254	-62.951
BLOCK09/SES097/SA097S11	SES226	-0.356277	-63.3073	-62.951
BLOCK09/SES097/SA097S14	SES062	-2.31878	-65.1145	-62.7957
BLOCK09/SES097/SA097S14	SES099	-0.804802	-63.6005	-62.7957
BLOCK09/SES097/SA097S14	SES104	0.347527	-62.4482	-62.7957
BLOCK09/SES097/SA097S14	SES206	-0.490349	-63.2861	-62.7957
BLOCK09/SES097/SA097S22	SES099	-0.311279	-63.1052	-62.7939
BLOCK09/SES097/SA097S22	SES206	-0.0324211	-62.8263	-62.7939
BLOCK09/SES097/SA097S22	SES226	-0.24173	-63.0356	-62.7939
BLOCK09/SES097/SA097S22	SES270	-0.0031929	-62.7971	-62.7939
BLOCK09/SES097/SA097S26	SES099	0.283886	-62.1466	-62.4305
BLOCK09/SES097/SA097S26	SES120	-2.61393	-65.0444	-62.4305
BLOCK09/SES097/SA097S26	SES206	-0.344227	-62.7747	-62.4305
BLOCK09/SES097/SA097S26	SES226	-0.473701	-62.9042	-62.4305
BLOCK09/SES097/SA097S28	SES099	-0.256477	-62.7504	-62.4939
BLOCK09/SES097/SA097S28	SES120	-2.33414	-64.828	-62.4939
BLOCK09/SES097/SA097S28	SES206	-0.549393	-63.0433	-62.4939
BLOCK09/SES097/SA097S28	SES226	-0.505127	-62.999	-62.4939
BLOCK09/SES098/SA098S11	SES127	-1.77971	-66.9634	-65.1837
BLOCK09/SES098/SA098S11	SES144	-0.907272	-66.091	-65.1837
BLOCK09/SES098/SA098S11	SES147	-0.246284	-65.43	-65.1837
BLOCK09/SES098/SA098S11	SES148	-1.37678	-66.5605	-65.1837
BLOCK09/SES098/SA098S12	SES127	-2.5975	-69.3511	-66.7536
BLOCK09/SES098/SA098S12	SES144	-0.745804	-67.4994	-66.7536
BLOCK09/SES098/SA098S12	SES147	-0.416481	-67.17	-66.7536
BLOCK09/SES098/SA098S12	SES189	0.499802	-66.2538	-66.7536
BLOCK09/SES098/SA098S20	SES127	-2.38609	-67.9477	-65.5616
BLOCK09/SES098/SA098S20	SES147	0.00392151	-65.5577	-65.5616
BLOCK09/SES098/SA098S20	SES148	-1.91976	-67.4813	-65.5616
BLOCK09/SES098/SA098S20	SES292	-2.62086	-68.1824	-65.5616
BLOCK09/SES098/SA098S23	SES127	-0.956436	-65.4222	-64.4657
BLOCK09/SES098/SA098S23	SES147	0.223747	-64.242	-64.4657
BLOCK09/SES098/SA098S23	SES187	-0.0536346	-64.5194	-64.4657
BLOCK09/SES098/SA098S23	SES292	-1.59248	-66.0582	-64.4657
BLOCK09/SES098/SA098S27	SES127	-1.80594	-66.6487	-64.8427
BLOCK09/SES098/SA098S27	SES147	-0.603706	-65.4464	-64.8427
BLOCK09/SES098/SA098S27	SES148	-1.95181	-66.7945	-64.8427
BLOCK09/SES098/SA098S27	SES292	-2.0115	-66.8542	-64.8427
BLOCK10/SES102/SA102S13	SES101	-0.675854	-63.6954	-63.0195
BLOCK10/SES102/SA102S13	SES105	-0.935757	-63.9553	-63.0195
BLOCK10/SES102/SA102S13	SES120	-1.27758	-64.2971	-63.0195
BLOCK10/SES102/SA102S13	SES158	-8.609	-71.6285	-63.0195
BLOCK10/SES102/SA102S14	SES007	0.0730247	-62.3717	-62.4447
BLOCK10/SES102/SA102S14	SES101	-0.112728	-62.5574	-62.4447
BLOCK10/SES102/SA102S14	SES105	-0.634441	-63.0792	-62.4447
BLOCK10/SES102/SA102S14	SES147	-1.67851	-64.1232	-62.4447
BLOCK10/SES102/SA102S22	SES007	-0.691051	-62.3849	-61.6939
BLOCK10/SES102/SA102S22	SES101	-0.476688	-62.1706	-61.6939
BLOCK10/SES102/SA102S22	SES105	-0.717472	-62.4114	-61.6939
BLOCK10/SES102/SA102S22	SES158	-4.57524	-66.2691	-61.6939
BLOCK10/SES102/SA102S25	SES007	-0.387657	-62.8943	-62.5067
BLOCK10/SES102/SA102S25	SES101	-0.438473	-62.9451	-62.5067
BLOCK10/SES102/SA102S25	SES105	-0.616512	-63.1232	-62.5067
BLOCK10/SES102/SA102S25	SES147	-2.35266	-64.8593	-62.5067
BLOCK10/SES102/SA102S27	SES007	-0.811596	-63.8957	-63.0841
BLOCK10/SES102/SA102S27	SES101	-0.555103	-63.6392	-63.0841
BLOCK10/SES102/SA102S27	SES105	-0.700806	-63.7849	-63.0841
BLOCK10/SES102/SA102S27	SES147	-1.44631	-64.5304	-63.0841
BLOCK10/SES103/SA103S14	SES105	-1.44677	-64.1757	-62.7289
BLOCK10/SES103/SA103S14	SES106	0.176403	-62.5525	-62.7289
BLOCK10/SES103/SA103S14	SES120	-2.89929	-65.6282	-62.7289
BLOCK10/SES103/SA103S14	SES206	-0.333431	-63.0623	-62.7289
BLOCK10/SES103/SA103S15	SES099	-0.588875	-64.2821	-63.6933
BLOCK10/SES103/SA103S15	SES101	-3.6333	-67.3266	-63.6933
BLOCK10/SES103/SA103S15	SES104	0.0159454	-63.6773	-63.6933
BLOCK10/SES103/SA103S15	SES125	-0.374596	-64.0678	-63.6933
BLOCK10/SES103/SA103S24	SES104	-0.296734	-62.5297	-62.233
BLOCK10/SES103/SA103S24	SES125	-0.903416	-63.1364	-62.233
BLOCK10/SES103/SA103S24	SES148	-3.73389	-65.9669	-62.233
BLOCK10/SES103/SA103S24	SES158	-0.0795555	-62.3125	-62.233
BLOCK10/SES103/SA103S26	SES104	-0.27943	-63.27	-62.9906
BLOCK10/SES103/SA103S26	SES106	-0.115208	-63.1058	-62.9906
BLOCK10/SES103/SA103S26	SES125	-1.11245	-64.103	-62.9906
BLOCK10/SES103/SA103S26	SES148	-3.35171	-66.3423	-62.9906
BLOCK10/SES103/SA103S28	SES104	-0.455414	-64.3703	-63.9148
BLOCK10/SES103/SA103S28	SES106	-0.24485	-64.1597	-63.9148
BLOCK10/SES103/SA103S28	SES125	-1.14819	-65.063	-63.9148
BLOCK10/SES103/SA103S28	SES206	-1.31213	-65.227	-63.9148
BLOCK12/SES121/SA121S12	SES042	-1.35006	-64.6052	-63.2552
BLOCK12/SES121/SA121S12	SES087	-1.11753	-64.3727	-63.2552
BLOCK12/SES121/SA121S12	SES105	-1.2537	-64.5089	-63.2552
BLOCK12/SES121/SA121S12	SES206	-0.664818	-63.92	-63.2552
BLOCK12/SES121/SA121S14	SES007	-3.25697	-67.3848	-64.1278
BLOCK12/SES121/SA121S14	SES105	-1.94449	-66.0723	-64.1278
BLOCK12/SES121/SA121S14	SES106	-0.476486	-64.6043	-64.1278
BLOCK12/SES121/SA121S14	SES206	-0.908928	-65.0367	-64.1278
BLOCK12/SES121/SA121S23	SES105	-1.82227	-66.2879	-64.4657
BLOCK12/SES121/SA121S23	SES106	-0.241447	-64.7071	-64.4657
BLOCK12/SES121/SA121S23	SES120	-3.17429	-67.64	-64.4657
BLOCK12/SES121/SA121S23	SES206	-0.755882	-65.2216	-64.4657
BLOCK12/SES121/SA121S25	SES007	-3.44093	-67.9488	-64.5079
BLOCK12/SES121/SA121S25	SES105	-2.37141	-66.8793	-64.5079
BLOCK12/SES121/SA121S25	SES106	-0.49604	-65.0039	-64.5079
BLOCK12/SES121/SA121S25	SES206	-0.847198	-65.3551	-64.5079
BLOCK12/SES121/SA121S27	SES087	-0.7813	-64.7583	-63.977
BLOCK12/SES121/SA121S27	SES105	-2.78276	-66.7597	-63.977
BLOCK12/SES121/SA121S27	SES120	-3.38389	-67.3608	-63.977
BLOCK12/SES121/SA121S27	SES206	-0.637981	-64.6149	-63.977
BLOCK12/SES124/SA124S16	SES042	-0.29438	-62.4886	-62.1942
BLOCK12/SES124/SA124S16	SES082	-0.746086	-62.9403	-62.1942
BLOCK12/SES124/SA124S16	SES183	-3.92903	-66.1232	-62.1942
BLOCK12/SES124/SA124S16	SES206	-0.371273	-62.5655	-62.1942
BLOCK12/SES124/SA124S17	SES105	-1.95957	-65.057	-63.0975
BLOCK12/SES124/SA124S17	SES149	-0.58952	-63.687	-63.0975
BLOCK12/SES124/SA124S17	SES158	-0.846405	-63.9439	-63.0975
BLOCK12/SES124/SA124S17	SES275	-2.80971	-65.9072	-63.0975
BLOCK12/SES124/SA124S23	SES105	-1.86579	-62.5993	-60.7335
BLOCK12/SES124/SA124S23	SES125	0.833817	-59.8997	-60.7335
BLOCK12/SES124/SA124S23	SES129	-3.71965	-64.4531	-60.7335
BLOCK12/SES124/SA124S23	SES158	-0.403854	-61.1374	-60.7335
BLOCK12/SES124/SA124S26	SES105	-2.57754	-64.4365	-61.8589
BLOCK12/SES124/SA124S26	SES125	0.588009	-61.2709	-61.8589
BLOCK12/SES124/SA124S26	SES129	-4.34285	-66.2018	-61.8589
BLOCK12/SES124/SA124S26	SES158	-0.047905	-61.9068	-61.8589
BLOCK12/SES124/SA124S28	SES104	0.432354	-61.4178	-61.8502
BLOCK12/SES124/SA124S28	SES106	0.48526	-61.3649	-61.8502
BLOCK12/SES124/SA124S28	SES125	0.583893	-61.2663	-61.8502
BLOCK12/SES124/SA124S28	SES275	-2.49435	-64.3445	-61.8502
BLOCK12/SES126/SA126S13	SES007	-1.33462	-66.3197	-64.9851
BLOCK12/SES126/SA126S13	SES162	-0.181808	-65.1669	-64.9851
BLOCK12/SES126/SA126S13	SES177	-0.258011	-65.2431	-64.9851
BLOCK12/SES126/SA126S13	SES180	0.0910187	-64.894	-64.9851
BLOCK12/SES126/SA126S14	SES144	-0.804863	-63.8172	-63.0123
BLOCK12/SES126/SA126S14	SES148	-0.521774	-63.5341	-63.0123
BLOCK12/SES126/SA126S14	SES177	-0.258652	-63.271	-63.0123
BLOCK12/SES126/SA126S14	SES180	0.11771	-62.8946	-63.0123
BLOCK12/SES126/SA126S20	SES007	-1.53812	-64.8077	-63.2696
BLOCK12/SES126/SA126S20	SES162	-0.980862	-64.2504	-63.2696
BLOCK12/SES126/SA126S20	SES172	-1.88351	-65.1531	-63.2696
BLOCK12/SES126/SA126S20	SES180	-1.12214	-64.3917	-63.2696
BLOCK12/SES126/SA126S24	SES120	-0.924328	-64.1316	-63.2072
BLOCK12/SES126/SA126S24	SES162	0.13316	-63.0741	-63.2072
BLOCK12/SES126/SA126S24	SES177	-0.284657	-63.4919	-63.2072
BLOCK12/SES126/SA126S24	SES180	0.498138	-62.7091	-63.2072
BLOCK12/SES126/SA126S26	SES120	-0.97863	-65.0935	-64.1149
BLOCK12/SES126/SA126S26	SES177	-0.297661	-64.4126	-64.1149
BLOCK12/SES126/SA126S26	SES180	-0.0550919	-64.17	-64.1149
BLOCK12/SES126/SA126S26	SES202	-2.28032	-66.3952	-64.1149
BLOCK12/SES128/SA128S10	SES087	-1.28127	-63.7159	-62.4346
BLOCK12/SES128/SA128S10	SES206	-0.559963	-62.9946	-62.4346
BLOCK12/SES128/SA128S10	SES226	-0.531174	-62.9658	-62.4346
BLOCK12/SES128/SA128S10	SES270	-0.780308	-63.2149	-62.4346
BLOCK12/SES128/SA128S12	SES120	-2.72168	-65.2839	-62.5622
BLOCK12/SES128/SA128S12	SES158	-0.593742	-63.1559	-62.5622
BLOCK12/SES128/SA128S12	SES206	-0.074543	-62.6367	-62.5622
BLOCK12/SES128/SA128S12	SES226	-0.395863	-62.958	-62.5622
BLOCK12/SES128/SA128S21	SES106	-1.42175	-65.3586	-63.9368
BLOCK12/SES128/SA128S21	SES120	-2.08178	-66.0186	-63.9368
BLOCK12/SES128/SA128S21	SES206	-1.41514	-65.352	-63.9368
BLOCK12/SES128/SA128S21	SES226	-0.760078	-64.6969	-63.9368
BLOCK12/SES128/SA128S24	SES087	-2.05027	-65.6177	-63.5674
BLOCK12/SES128/SA128S24	SES120	-1.62638	-65.1938	-63.5674
BLOCK12/SES128/SA128S24	SES206	-1.54144	-65.1089	-63.5674
BLOCK12/SES128/SA128S24	SES226	-0.889912	-64.4574	-63.5674
BLOCK12/SES128/SA128S27	SES099	-1.11941	-63.6687	-62.5493
BLOCK12/SES128/SA128S27	SES120	-1.88581	-64.4351	-62.5493
BLOCK12/SES128/SA128S27	SES206	-1.08746	-63.6368	-62.5493
BLOCK12/SES128/SA128S27	SES226	-0.58672	-63.136	-62.5493
BLOCK13/SES130/SA130S13	SES143	-3.26624	-68.974	-65.7077
BLOCK13/SES130/SA130S13	SES144	0.33493	-65.3728	-65.7077
BLOCK13/SES130/SA130S13	SES146	0.0953979	-65.6123	-65.7077
BLOCK13/SES130/SA130S13	SES275	-1.42785	-67.1356	-65.7077
BLOCK13/SES130/SA130S15	SES143	-1.5535	-65.2895	-63.736
BLOCK13/SES130/SA130S15	SES144	-0.269638	-64.0057	-63.736
BLOCK13/SES130/SA130S15	SES146	-0.404602	-64.1406	-63.736
BLOCK13/SES130/SA130S15	SES275	-0.548927	-64.2849	-63.736
BLOCK13/SES130/SA130S23	SES127	-2.44659	-67.0949	-64.6483
BLOCK13/SES130/SA130S23	SES144	-0.425484	-65.0738	-64.6483
BLOCK13/SES130/SA130S23	SES146	-0.303711	-64.952	-64.6483
BLOCK13/SES130/SA130S23	SES162	-1.7098	-66.3581	-64.6483
BLOCK13/SES130/SA130S25	SES127	-1.38377	-64.8002	-63.4165
BLOCK13/SES130/SA130S25	SES144	0.339928	-63.0765	-63.4165
BLOCK13/SES130/SA130S25	SES146	0.380505	-63.0359	-63.4165
BLOCK13/SES130/SA130S25	SES275	-0.439869	-63.8563	-63.4165
BLOCK13/SES130/SA130S28	SES127	-0.802299	-64.2739	-63.4716
BLOCK13/SES130/SA130S28	SES144	-0.262177	-63.7338	-63.4716
BLOCK13/SES130/SA130S28	SES146	-0.874977	-64.3466	-63.4716
BLOCK13/SES130/SA130S28	SES275	-0.337387	-63.809	-63.4716
BLOCK13/SES131/SA131S13	SES002	-1.20361	-65.2229	-64.0193
BLOCK13/SES131/SA131S13	SES007	-2.67469	-66.694	-64.0193
BLOCK13/SES131/SA131S13	SES099	-1.36032	-65.3796	-64.0193
BLOCK13/SES131/SA131S13	SES105	-1.72681	-65.7461	-64.0193
BLOCK13/SES131/SA131S14	SES104	-0.586597	-62.9439	-62.3573
BLOCK13/SES131/SA131S14	SES106	-0.0885963	-62.4459	-62.3573
BLOCK13/SES131/SA131S14	SES125	-0.811222	-63.1685	-62.3573
BLOCK13/SES131/SA131S14	SES148	-2.32266	-64.68	-62.3573
BLOCK13/SES131/SA131S20	SES104	-1.06157	-64.6418	-63.5802
BLOCK13/SES131/SA131S20	SES106	-0.109451	-63.6897	-63.5802
BLOCK13/SES131/SA131S20	SES125	-0.858372	-64.4386	-63.5802
BLOCK13/SES131/SA131S20	SES148	-3.44534	-67.0256	-63.5802
BLOCK13/SES131/SA131S22	SES099	-0.974426	-64.0168	-63.0423
BLOCK13/SES131/SA131S22	SES104	-0.430149	-63.4725	-63.0423
BLOCK13/SES131/SA131S22	SES125	-0.530052	-63.5724	-63.0423
BLOCK13/SES131/SA131S22	SES206	-0.883495	-63.9258	-63.0423
BLOCK13/SES131/SA131S29	SES087	-0.896111	-64.1776	-63.2815
BLOCK13/SES131/SA131S29	SES104	-1.37625	-64.6578	-63.2815
BLOCK13/SES131/SA131S29	SES125	-0.821434	-64.1029	-63.2815
BLOCK13/SES131/SA131S29	SES206	-1.11198	-64.3935	-63.2815
BLOCK13/SES132/SA132S11	SES083	-0.83556	-63.2758	-62.4402
BLOCK13/SES132/SA132S11	SES120	0.17955	-62.2607	-62.4402
BLOCK13/SES132/SA132S11	SES127	-0.547241	-62.9875	-62.4402
BLOCK13/SES132/SA132S11	SES275	-1.10918	-63.5494	-62.4402
BLOCK13/SES132/SA132S12	SES083	-1.13966	-63.6815	-62.5419
BLOCK13/SES132/SA132S12	SES143	-0.729969	-63.2718	-62.5419
BLOCK13/SES132/SA132S12	SES144	-0.424931	-62.9668	-62.5419
BLOCK13/SES132/SA132S12	SES148	-0.466934	-63.0088	-62.5419
BLOCK13/SES132/SA132S22	SES062	-0.918102	-63.2665	-62.3484
BLOCK13/SES132/SA132S22	SES083	-0.946781	-63.2952	-62.3484
BLOCK13/SES132/SA132S22	SES127	-0.56752	-62.9159	-62.3484
BLOCK13/SES132/SA132S22	SES275	-0.671181	-63.0196	-62.3484
BLOCK13/SES132/SA132S24	SES007	-0.779533	-63.1577	-62.3781
BLOCK13/SES132/SA132S24	SES083	-0.819607	-63.1977	-62.3781
BLOCK13/SES132/SA132S24	SES127	-0.732998	-63.1111	-62.3781
BLOCK13/SES132/SA132S24	SES275	-1.43336	-63.8115	-62.3781
BLOCK13/SES132/SA132S27	SES083	-1.37967	-64.231	-62.8514
BLOCK13/SES132/SA132S27	SES120	0.0121231	-62.8392	-62.8514
BLOCK13/SES132/SA132S27	SES127	-1.09649	-63.9478	-62.8514
BLOCK13/SES132/SA132S27	SES275	-1.00175	-63.8531	-62.8514
BLOCK14/SES141/SA141S09	SES143	-0.0495834	-63.2913	-63.2417
BLOCK14/SES141/SA141S09	SES144	-0.404766	-63.6465	-63.2417
BLOCK14/SES141/SA141S09	SES162	0.0421944	-63.1995	-63.2417
BLOCK14/SES141/SA141S09	SES180	-0.125141	-63.3669	-63.2417
BLOCK14/SES141/SA141S15	SES127	-0.58408	-63.719	-63.1349
BLOCK14/SES141/SA141S15	SES144	-0.443024	-63.5779	-63.1349
BLOCK14/SES141/SA141S15	SES162	-0.113914	-63.2488	-63.1349
BLOCK14/SES141/SA141S15	SES180	-0.0650978	-63.2	-63.1349
BLOCK14/SES141/SA141S24	SES127	-0.278221	-63.4526	-63.1744
BLOCK14/SES141/SA141S24	SES144	-0.970264	-64.1447	-63.1744
BLOCK14/SES141/SA141S24	SES162	0.240807	-62.9336	-63.1744
BLOCK14/SES141/SA141S24	SES183	-0.891697	-64.0661	-63.1744
BLOCK14/SES141/SA141S26	SES142	0.0688972	-63.9504	-64.0193
BLOCK14/SES141/SA141S26	SES144	-0.925461	-64.9448	-64.0193
BLOCK14/SES141/SA141S26	SES172	-1.29314	-65.3125	-64.0193
BLOCK14/SES141/SA141S26	SES180	0.0625801	-63.9567	-64.0193
BLOCK14/SES141/SA141S29	SES127	0.164433	-63.0491	-63.2135
BLOCK14/SES141/SA141S29	SES142	0.662315	-62.5512	-63.2135
BLOCK14/SES141/SA141S29	SES144	-0.687256	-63.9008	-63.2135
BLOCK14/SES141/SA141S29	SES180	0.638214	-62.5753	-63.2135
BLOCK15/SES157/SA157S08	SES083	-1.07322	-64.2073	-63.1341
BLOCK15/SES157/SA157S08	SES127	-1.98842	-65.1225	-63.1341
BLOCK15/SES157/SA157S08	SES148	-0.5924	-63.7265	-63.1341
BLOCK15/SES157/SA157S08	SES292	-0.884991	-64.0191	-63.1341
BLOCK15/SES157/SA157S11	SES083	-1.38329	-64.3407	-62.9574
BLOCK15/SES157/SA157S11	SES127	-2.82822	-65.7856	-62.9574
BLOCK15/SES157/SA157S11	SES148	-1.31453	-64.2719	-62.9574
BLOCK15/SES157/SA157S11	SES292	-1.32271	-64.2801	-62.9574
BLOCK15/SES157/SA157S21	SES127	-3.1697	-66.107	-62.9373
BLOCK15/SES157/SA157S21	SES148	-1.13576	-64.0731	-62.9373
BLOCK15/SES157/SA157S21	SES158	-4.69836	-67.6357	-62.9373
BLOCK15/SES157/SA157S21	SES292	-0.601166	-63.5385	-62.9373
BLOCK15/SES157/SA157S24	SES127	-2.44331	-65.4062	-62.9629
BLOCK15/SES157/SA157S24	SES148	-0.476379	-63.4393	-62.9629
BLOCK15/SES157/SA157S24	SES183	-0.942368	-63.9053	-62.9629
BLOCK15/SES157/SA157S24	SES292	-0.337425	-63.3003	-62.9629
BLOCK15/SES157/SA157S26	SES007	0.0213089	-62.7034	-62.7247
BLOCK15/SES157/SA157S26	SES127	-1.14719	-63.8719	-62.7247
BLOCK15/SES157/SA157S26	SES147	-1.29355	-64.0183	-62.7247
BLOCK15/SES157/SA157S26	SES148	-0.664677	-63.3894	-62.7247
BLOCK16/SES161/SA161S10	SES007	-2.21048	-65.7423	-63.5319
BLOCK16/SES161/SA161S10	SES105	-1.23243	-64.7643	-63.5319
BLOCK16/SES161/SA161S10	SES158	-1.70139	-65.2333	-63.5319
BLOCK16/SES161/SA161S10	SES275	-1.72525	-65.2571	-63.5319
BLOCK16/SES161/SA161S12	SES007	-1.89136	-65.6276	-63.7363
BLOCK16/SES161/SA161S12	SES105	-1.2989	-65.0352	-63.7363
BLOCK16/SES161/SA161S12	SES158	-0.720913	-64.4572	-63.7363
BLOCK16/SES161/SA161S12	SES275	-1.23631	-64.9726	-63.7363
BLOCK16/SES161/SA161S20	SES007	-2.41098	-67.2836	-64.8727
BLOCK16/SES161/SA161S20	SES105	-1.46088	-66.3335	-64.8727
BLOCK16/SES161/SA161S20	SES158	-1.64623	-66.5189	-64.8727
BLOCK16/SES161/SA161S20	SES275	-1.5378	-66.4104	-64.8727
BLOCK16/SES161/SA161S23	SES007	-1.98067	-65.0687	-63.088
BLOCK16/SES161/SA161S23	SES105	-0.978546	-64.0666	-63.088
BLOCK16/SES161/SA161S23	SES148	-2.73339	-65.8214	-63.088
BLOCK16/SES161/SA161S23	SES158	-1.34875	-64.4368	-63.088
BLOCK16/SES161/SA161S28	SES007	-2.8784	-66.5763	-63.6979
BLOCK16/SES161/SA161S28	SES105	-1.75372	-65.4516	-63.6979
BLOCK16/SES161/SA161S28	SES158	-0.398865	-64.0968	-63.6979
BLOCK16/SES161/SA161S28	SES206	-1.16736	-64.8653	-63.6979
BLOCK16/SES164/SA164S11	SES104	-0.959255	-62.6958	-61.7365
BLOCK16/SES164/SA164S11	SES125	-0.486183	-62.2227	-61.7365
BLOCK16/SES164/SA164S11	SES158	0.235703	-61.5008	-61.7365
BLOCK16/SES164/SA164S11	SES206	-0.782688	-62.5192	-61.7365
BLOCK16/SES164/SA164S13	SES099	-0.176048	-63.6828	-63.5068
BLOCK16/SES164/SA164S13	SES104	-1.04607	-64.5528	-63.5068
BLOCK16/SES164/SA164S13	SES125	-1.26539	-64.7722	-63.5068
BLOCK16/SES164/SA164S13	SES206	-0.385765	-63.8925	-63.5068
BLOCK16/SES164/SA164S24	SES002	0.147114	-62.4661	-62.6132
BLOCK16/SES164/SA164S24	SES099	0.0577278	-62.5555	-62.6132
BLOCK16/SES164/SA164S24	SES125	-0.497002	-63.1102	-62.6132
BLOCK16/SES164/SA164S24	SES226	-0.72821	-63.3414	-62.6132
BLOCK16/SES164/SA164S27	SES087	-1.22588	-64.3112	-63.0853
BLOCK16/SES164/SA164S27	SES125	-0.511448	-63.5968	-63.0853
BLOCK16/SES164/SA164S27	SES206	-0.914471	-63.9998	-63.0853
BLOCK16/SES164/SA164S27	SES226	-1.00407	-64.0894	-63.0853
BLOCK16/SES164/SA164S29	SES002	-0.645161	-63.1601	-62.5149
BLOCK16/SES164/SA164S29	SES019	-0.873199	-63.3881	-62.5149
BLOCK16/SES164/SA164S29	SES125	-0.496391	-63.0113	-62.5149
BLOCK16/SES164/SA164S29	SES226	-0.718586	-63.2335	-62.5149
BLOCK16/SES169/SA169S13	SES117	-1.17272	-64.5462	-63.3735
BLOCK16/SES169/SA169S13	SES144	-0.501469	-63.875	-63.3735
BLOCK16/SES169/SA169S13	SES146	-0.362083	-63.7356	-63.3735
BLOCK16/SES169/SA169S13	SES162	-1.90227	-65.2758	-63.3735
BLOCK16/SES169/SA169S14	SES144	-0.792675	-62.8567	-62.064
BLOCK16/SES169/SA169S14	SES148	-0.717815	-62.7818	-62.064
BLOCK16/SES169/SA169S14	SES177	-1.14861	-63.2126	-62.064
BLOCK16/SES169/SA169S14	SES180	-1.72242	-63.7864	-62.064
BLOCK16/SES169/SA169S24	SES117	-1.26067	-65.2254	-63.9648
BLOCK16/SES169/SA169S24	SES144	-0.446869	-64.4117	-63.9648
BLOCK16/SES169/SA169S24	SES146	-0.508347	-64.4731	-63.9648
BLOCK16/SES169/SA169S24	SES162	-1.49268	-65.4575	-63.9648
BLOCK16/SES169/SA169S27	SES127	-1.06076	-64.4434	-63.3826
BLOCK16/SES169/SA169S27	SES129	-0.422451	-63.8051	-63.3826
BLOCK16/SES169/SA169S27	SES144	-0.659088	-64.0417	-63.3826
BLOCK16/SES169/SA169S27	SES146	-0.0765343	-63.4592	-63.3826
BLOCK16/SES169/SA169S29	SES144	-0.411407	-62.9499	-62.5384
BLOCK16/SES169/SA169S29	SES162	-1.22948	-63.7679	-62.5384
BLOCK16/SES169/SA169S29	SES177	-1.84854	-64.387	-62.5384
BLOCK16/SES169/SA169S29	SES180	-1.40403	-63.9425	-62.5384
BLOCK17/SES171/SA171S12	SES083	-1.05673	-64.1313	-63.0746
BLOCK17/SES171/SA171S12	SES148	-1.06968	-64.1443	-63.0746
BLOCK17/SES171/SA171S12	SES172	-0.804348	-63.8789	-63.0746
BLOCK17/SES171/SA171S12	SES292	-1.20156	-64.2762	-63.0746
BLOCK17/SES171/SA171S15	SES148	-1.35947	-65.3434	-63.9839
BLOCK17/SES171/SA171S15	SES177	-1.48258	-65.4665	-63.9839
BLOCK17/SES171/SA171S15	SES180	-2.06544	-66.0494	-63.9839
BLOCK17/SES171/SA171S15	SES292	-2.16892	-66.1528	-63.9839
BLOCK17/SES171/SA171S22	SES007	-1.11755	-63.448	-62.3305
BLOCK17/SES171/SA171S22	SES148	-0.786579	-63.1171	-62.3305
BLOCK17/SES171/SA171S22	SES177	-0.39864	-62.7291	-62.3305
BLOCK17/SES171/SA171S22	SES180	-0.622417	-62.9529	-62.3305
BLOCK17/SES171/SA171S25	SES101	-1.75459	-66.4111	-64.6565
BLOCK17/SES171/SA171S25	SES120	-1.8606	-66.5171	-64.6565
BLOCK17/SES171/SA171S25	SES177	-1.02124	-65.6777	-64.6565
BLOCK17/SES171/SA171S25	SES180	-1.37387	-66.0304	-64.6565
BLOCK17/SES171/SA171S27	SES177	-0.636608	-63.9312	-63.2946
BLOCK17/SES171/SA171S27	SES180	-1.43599	-64.7306	-63.2946
BLOCK17/SES171/SA171S27	SES189	-0.774242	-64.0688	-63.2946
BLOCK17/SES171/SA171S27	SES292	-1.35342	-64.648	-63.2946
BLOCK17/SES173/SA173S13	SES162	-0.738373	-65.2065	-64.4681
BLOCK17/SES173/SA173S13	SES177	-1.1083	-65.5764	-64.4681
BLOCK17/SES173/SA173S13	SES180	-0.943779	-65.4119	-64.4681
BLOCK17/SES173/SA173S13	SES292	-2.76812	-67.2362	-64.4681
BLOCK17/SES173/SA173S14	SES007	-2.02635	-67.2624	-65.2361
BLOCK17/SES173/SA173S14	SES162	-0.50322	-65.7393	-65.2361
BLOCK17/SES173/SA173S14	SES177	-0.569656	-65.8057	-65.2361
BLOCK17/SES173/SA173S14	SES180	-0.647789	-65.8839	-65.2361
BLOCK17/SES173/SA173S24	SES144	-0.382401	-66.1748	-65.7924
BLOCK17/SES173/SA173S24	SES162	-0.910027	-66.7024	-65.7924
BLOCK17/SES173/SA173S24	SES177	-1.39127	-67.1836	-65.7924
BLOCK17/SES173/SA173S24	SES180	-1.06998	-66.8624	-65.7924
BLOCK17/SES173/SA173S27	SES162	-0.412331	-64.5873	-64.175
BLOCK17/SES173/SA173S27	SES177	-0.761909	-64.9369	-64.175
BLOCK17/SES173/SA173S27	SES180	-0.873848	-65.0489	-64.175
BLOCK17/SES173/SA173S27	SES292	-1.99935	-66.1744	-64.175
BLOCK17/SES173/SA173S29	SES162	-1.06368	-66.2782	-65.2145
BLOCK17/SES173/SA173S29	SES175	-0.295372	-65.5099	-65.2145
BLOCK17/SES173/SA173S29	SES177	-1.26865	-66.4832	-65.2145
BLOCK17/SES173/SA173S29	SES292	-3.18293	-68.3975	-65.2145
BLOCK18/SES182/SA182S10	SES144	-0.0940781	-63.1855	-63.0914
BLOCK18/SES182/SA182S10	SES177	-0.383026	-63.4745	-63.0914
BLOCK18/SES182/SA182S10	SES180	-0.490578	-63.582	-63.0914
BLOCK18/SES182/SA182S10	SES275	-0.922554	-64.014	-63.0914
BLOCK18/SES182/SA182S12	SES144	-0.479034	-62.9229	-62.4438
BLOCK18/SES182/SA182S12	SES177	-0.908627	-63.3525	-62.4438
BLOCK18/SES182/SA182S12	SES180	-0.777534	-63.2214	-62.4438
BLOCK18/SES182/SA182S12	SES275	-1.19415	-63.638	-62.4438
BLOCK18/SES182/SA182S21	SES117	0.113449	-64.1602	-64.2737
BLOCK18/SES182/SA182S21	SES144	-0.58847	-64.8621	-64.2737
BLOCK18/SES182/SA182S21	SES162	0.17997	-64.0937	-64.2737
BLOCK18/SES182/SA182S21	SES180	0.233597	-64.0401	-64.2737
BLOCK18/SES182/SA182S23	SES117	-0.338879	-63.5515	-63.2126
BLOCK18/SES182/SA182S23	SES144	-1.04862	-64.2612	-63.2126
BLOCK18/SES182/SA182S23	SES180	-0.435905	-63.6485	-63.2126
BLOCK18/SES182/SA182S23	SES275	-1.08136	-64.294	-63.2126
BLOCK18/SES182/SA182S25	SES007	-0.737968	-64.4822	-63.7442
BLOCK18/SES182/SA182S25	SES162	-0.068222	-63.8124	-63.7442
BLOCK18/SES182/SA182S25	SES177	-0.177269	-63.9215	-63.7442
BLOCK18/SES182/SA182S25	SES180	0.00425339	-63.7399	-63.7442
BLOCK18/SES184/SA184S12	SES177	-0.384621	-64.0244	-63.6398
BLOCK18/SES184/SA184S12	SES180	-0.87384	-64.5136	-63.6398
BLOCK18/SES184/SA184S12	SES189	-1.22799	-64.8678	-63.6398
BLOCK18/SES184/SA184S12	SES292	-0.636505	-64.2763	-63.6398
BLOCK18/SES184/SA184S13	SES101	-0.902775	-64.4989	-63.5962
BLOCK18/SES184/SA184S13	SES177	-0.53986	-64.136	-63.5962
BLOCK18/SES184/SA184S13	SES180	-0.910328	-64.5065	-63.5962
BLOCK18/SES184/SA184S13	SES292	-0.608288	-64.2045	-63.5962
BLOCK18/SES184/SA184S22	SES177	-1.05228	-64.2722	-63.2199
BLOCK18/SES184/SA184S22	SES180	-0.483162	-63.7031	-63.2199
BLOCK18/SES184/SA184S22	SES189	-1.60135	-64.8213	-63.2199
BLOCK18/SES184/SA184S22	SES292	-1.10639	-64.3263	-63.2199
BLOCK18/SES184/SA184S25	SES101	-0.295212	-62.4683	-62.1731
BLOCK18/SES184/SA184S25	SES177	-0.91814	-63.0912	-62.1731
BLOCK18/SES184/SA184S25	SES180	-1.23851	-63.4116	-62.1731
BLOCK18/SES184/SA184S25	SES292	-0.626495	-62.7996	-62.1731
BLOCK18/SES184/SA184S27	SES083	-0.719574	-63.3726	-62.653
BLOCK18/SES184/SA184S27	SES177	-1.31263	-63.9656	-62.653
BLOCK18/SES184/SA184S27	SES202	-2.73516	-65.3882	-62.653
BLOCK18/SES184/SA184S27	SES292	-0.788532	-63.4415	-62.653
BLOCK20/SES204/SA204S12	SES062	-2.11224	-64.0842	-61.972
BLOCK20/SES204/SA204S12	SES083	-2.12375	-64.0957	-61.972
BLOCK20/SES204/SA204S12	SES206	-0.212856	-62.1849	-61.972
BLOCK20/SES204/SA204S12	SES226	-0.362686	-62.3347	-61.972
BLOCK20/SES204/SA204S14	SES068	-3.78362	-65.1606	-61.377
BLOCK20/SES204/SA204S14	SES087	-0.43961	-61.8166	-61.377
BLOCK20/SES204/SA204S14	SES206	-0.606171	-61.9832	-61.377
BLOCK20/SES204/SA204S14	SES226	-0.418194	-61.7952	-61.377
BLOCK20/SES204/SA204S22	SES068	-4.40678	-66.9595	-62.5527
BLOCK20/SES204/SA204S22	SES082	-1.69116	-64.2439	-62.5527
BLOCK20/SES204/SA204S22	SES083	-2.41711	-64.9698	-62.5527
BLOCK20/SES204/SA204S22	SES206	-0.258011	-62.8107	-62.5527
BLOCK20/SES204/SA204S25	SES062	-2.58903	-64.8989	-62.3099
BLOCK20/SES204/SA204S25	SES083	-2.24278	-64.5527	-62.3099
BLOCK20/SES204/SA204S25	SES206	0.023037	-62.2868	-62.3099
BLOCK20/SES204/SA204S25	SES226	-0.332676	-62.6425	-62.3099
BLOCK20/SES204/SA204S27	SES068	-5.05001	-67.5592	-62.5092
BLOCK20/SES204/SA204S27	SES082	-0.674667	-63.1838	-62.5092
BLOCK20/SES204/SA204S27	SES087	-0.42017	-62.9293	-62.5092
BLOCK20/SES204/SA204S27	SES206	-0.124897	-62.6341	-62.5092
BLOCK20/SES207/SA207S10	SES127	-0.778015	-63.6835	-62.9054
BLOCK20/SES207/SA207S10	SES183	-0.869778	-63.7752	-62.9054
BLOCK20/SES207/SA207S10	SES189	-0.747444	-63.6529	-62.9054
BLOCK20/SES207/SA207S10	SES292	-1.19142	-64.0969	-62.9054
BLOCK20/SES207/SA207S11	SES127	-1.94703	-64.997	-63.05
BLOCK20/SES207/SA207S11	SES183	-0.77095	-63.8209	-63.05
BLOCK20/SES207/SA207S11	SES187	-0.846401	-63.8964	-63.05
BLOCK20/SES207/SA207S11	SES292	-1.02835	-64.0783	-63.05
BLOCK20/SES207/SA207S25	SES068	-1.09235	-64.5339	-63.4416
BLOCK20/SES207/SA207S25	SES083	-1.20096	-64.6425	-63.4416
BLOCK20/SES207/SA207S25	SES127	-0.955132	-64.3967	-63.4416
BLOCK20/SES207/SA207S25	SES187	-0.281723	-63.7233	-63.4416
BLOCK20/SES207/SA207S27	SES127	-1.09123	-64.9427	-63.8515
BLOCK20/SES207/SA207S27	SES183	-0.507153	-64.3587	-63.8515
BLOCK20/SES207/SA207S27	SES187	-0.726994	-64.5785	-63.8515
BLOCK20/SES207/SA207S27	SES292	-0.811344	-64.6628	-63.8515
BLOCK20/SES207/SA207S29	SES083	-1.21509	-64.4967	-63.2816
BLOCK20/SES207/SA207S29	SES085	-0.722122	-64.0037	-63.2816
BLOCK20/SES207/SA207S29	SES172	-1.21095	-64.4925	-63.2816
BLOCK20/SES207/SA207S29	SES189	-1.05625	-64.3378	-63.2816
BLOCK22/SES221/SA221S12	SES068	-1.68455	-65.4512	-63.7666
BLOCK22/SES221/SA221S12	SES143	-0.566284	-64.3329	-63.7666
BLOCK22/SES221/SA221S12	SES175	-0.0195808	-63.7862	-63.7666
BLOCK22/SES221/SA221S12	SES202	0.020443	-63.7462	-63.7666
BLOCK22/SES221/SA221S15	SES085	-2.10279	-67.2319	-65.1291
BLOCK22/SES221/SA221S15	SES143	-1.03575	-66.1648	-65.1291
BLOCK22/SES221/SA221S15	SES175	-0.881485	-66.0106	-65.1291
BLOCK22/SES221/SA221S15	SES187	-0.33239	-65.4615	-65.1291
BLOCK22/SES221/SA221S23	SES068	-2.07529	-66.3133	-64.238
BLOCK22/SES221/SA221S23	SES143	-1.05295	-65.2909	-64.238
BLOCK22/SES221/SA221S23	SES175	-0.176857	-64.4149	-64.238
BLOCK22/SES221/SA221S23	SES189	0.849777	-63.3882	-64.238
BLOCK22/SES221/SA221S27	SES085	-1.82366	-66.0882	-64.2645
BLOCK22/SES221/SA221S27	SES143	-0.708694	-64.9732	-64.2645
BLOCK22/SES221/SA221S27	SES175	-1.01382	-65.2784	-64.2645
BLOCK22/SES221/SA221S27	SES189	1.12436	-63.1402	-64.2645
BLOCK22/SES221/SA221S29	SES085	-2.76179	-69.1916	-66.4298
BLOCK22/SES221/SA221S29	SES143	-1.69227	-68.1221	-66.4298
BLOCK22/SES221/SA221S29	SES175	-1.04691	-67.4767	-66.4298
BLOCK22/SES221/SA221S29	SES187	0.0206451	-66.4091	-66.4298
BLOCK22/SES223/SA223S11	SES143	-0.396683	-64.6153	-64.2186
BLOCK22/SES223/SA223S11	SES144	-1.35382	-65.5725	-64.2186
BLOCK22/SES223/SA223S11	SES175	-0.736351	-64.955	-64.2186
BLOCK22/SES223/SA223S11	SES187	-0.595322	-64.814	-64.2186
BLOCK22/SES223/SA223S13	SES068	-1.67239	-66.8049	-65.1325
BLOCK22/SES223/SA223S13	SES143	-0.809875	-65.9424	-65.1325
BLOCK22/SES223/SA223S13	SES146	-1.91654	-67.0491	-65.1325
BLOCK22/SES223/SA223S13	SES202	-1.85147	-66.984	-65.1325
BLOCK22/SES223/SA223S22	SES143	-0.833473	-65.2988	-64.4654
BLOCK22/SES223/SA223S22	SES144	-1.18105	-65.6464	-64.4654
BLOCK22/SES223/SA223S22	SES175	-0.949348	-65.4147	-64.4654
BLOCK22/SES223/SA223S22	SES187	-0.111572	-64.5769	-64.4654
BLOCK22/SES223/SA223S25	SES068	-1.74403	-66.3858	-64.6418
BLOCK22/SES223/SA223S25	SES143	-0.536751	-65.1786	-64.6418
BLOCK22/SES223/SA223S25	SES175	-0.714638	-65.3564	-64.6418
BLOCK22/SES223/SA223S25	SES187	-0.789581	-65.4314	-64.6418
BLOCK22/SES223/SA223S27	SES143	-1.02159	-65.8559	-64.8343
BLOCK22/SES223/SA223S27	SES146	-1.4105	-66.2448	-64.8343
BLOCK22/SES223/SA223S27	SES187	-0.609993	-65.4443	-64.8343
BLOCK22/SES223/SA223S27	SES292	-2.32038	-67.1547	-64.8343
BLOCK27/SES273/SA273S12	SES099	0.14817	-60.9995	-61.1476
BLOCK27/SES273/SA273S12	SES104	0.71537	-60.4323	-61.1476
BLOCK27/SES273/SA273S12	SES125	0.118942	-61.0287	-61.1476
BLOCK27/SES273/SA273S12	SES206	0.710953	-60.4367	-61.1476
BLOCK27/SES273/SA273S13	SES099	-0.178757	-61.0221	-60.8434
BLOCK27/SES273/SA273S13	SES104	0.142754	-60.7006	-60.8434
BLOCK27/SES273/SA273S13	SES206	0.299946	-60.5434	-60.8434
BLOCK27/SES273/SA273S13	SES292	-2.44184	-63.2852	-60.8434
BLOCK27/SES273/SA273S21	SES099	0.135017	-60.9261	-61.0611
BLOCK27/SES273/SA273S21	SES148	-3.96701	-65.0281	-61.0611
BLOCK27/SES273/SA273S21	SES149	-0.106464	-61.1675	-61.0611
BLOCK27/SES273/SA273S21	SES177	-4.64058	-65.7017	-61.0611
BLOCK27/SES273/SA273S25	SES104	0.3382	-60.6533	-60.9915
BLOCK27/SES273/SA273S25	SES125	-0.0908775	-61.0824	-60.9915
BLOCK27/SES273/SA273S25	SES158	0.170925	-60.8205	-60.9915
BLOCK27/SES273/SA273S25	SES206	0.619339	-60.3721	-60.9915
BLOCK27/SES273/SA273S27	SES099	-0.0419426	-60.8638	-60.8219
BLOCK27/SES273/SA273S27	SES104	-0.519855	-61.3418	-60.8219
BLOCK27/SES273/SA273S27	SES149	-0.24752	-61.0694	-60.8219
BLOCK27/SES273/SA273S27	SES275	-1.68964	-62.5116	-60.8219
BLOCK27/SES274/SA274S10	SES105	-1.44608	-62.9556	-61.5095
BLOCK27/SES274/SA274S10	SES125	0.132797	-61.3767	-61.5095
BLOCK27/SES274/SA274S10	SES129	-1.99201	-63.5015	-61.5095
BLOCK27/SES274/SA274S10	SES158	-0.708126	-62.2176	-61.5095
BLOCK27/SES274/SA274S11	SES105	-1.60231	-63.1094	-61.507
BLOCK27/SES274/SA274S11	SES149	-0.541985	-62.049	-61.507
BLOCK27/SES274/SA274S11	SES158	-0.417065	-61.9241	-61.507
BLOCK27/SES274/SA274S11	SES275	-1.91546	-63.4225	-61.507
BLOCK27/SES274/SA274S21	SES105	-1.13378	-62.8482	-61.7144
BLOCK27/SES274/SA274S21	SES129	-2.10895	-63.8233	-61.7144
BLOCK27/SES274/SA274S21	SES149	-0.401562	-62.116	-61.7144
BLOCK27/SES274/SA274S21	SES158	-1.10365	-62.818	-61.7144
BLOCK27/SES274/SA274S24	SES105	-1.87544	-63.0632	-61.1878
BLOCK27/SES274/SA274S24	SES129	-2.84615	-64.0339	-61.1878
BLOCK27/SES274/SA274S24	SES149	-0.439857	-61.6277	-61.1878
BLOCK27/SES274/SA274S24	SES158	-0.643822	-61.8316	-61.1878
BLOCK27/SES274/SA274S29	SES105	-1.40541	-63.0264	-61.621
BLOCK27/SES274/SA274S29	SES106	-0.427914	-62.0489	-61.621
BLOCK27/SES274/SA274S29	SES120	-2.38845	-64.0094	-61.621
BLOCK27/SES274/SA274S29	SES275	-1.92749	-63.5485	-61.621
BLOCK27/SES276/SA276S16	SES148	-0.787628	-64.2976	-63.51
BLOCK27/SES276/SA276S16	SES172	-1.48373	-64.9937	-63.51
BLOCK27/SES276/SA276S16	SES180	-2.50432	-66.0143	-63.51
BLOCK27/SES276/SA276S16	SES292	-0.483658	-63.9937	-63.51
BLOCK27/SES276/SA276S17	SES101	-0.798	-64.0975	-63.2995
BLOCK27/SES276/SA276S17	SES177	-1.31898	-64.6185	-63.2995
BLOCK27/SES276/SA276S17	SES180	-0.994831	-64.2944	-63.2995
BLOCK27/SES276/SA276S17	SES292	-0.623001	-63.9225	-63.2995
BLOCK27/SES276/SA276S24	SES101	-0.531597	-63.272	-62.7404
BLOCK27/SES276/SA276S24	SES177	-1.0871	-63.8275	-62.7404
BLOCK27/SES276/SA276S24	SES180	-1.47758	-64.218	-62.7404
BLOCK27/SES276/SA276S24	SES292	-0.756744	-63.4972	-62.7404
BLOCK27/SES276/SA276S26	SES101	-1.56003	-64.8615	-63.3014
BLOCK27/SES276/SA276S26	SES177	-0.952991	-64.2544	-63.3014
BLOCK27/SES276/SA276S26	SES180	-0.653755	-63.9552	-63.3014
BLOCK27/SES276/SA276S26	SES292	-0.802517	-64.104	-63.3014
BLOCK27/SES276/SA276S28	SES101	-0.962399	-64.3707	-63.4083
BLOCK27/SES276/SA276S28	SES177	-0.991337	-64.3997	-63.4083
BLOCK27/SES276/SA276S28	SES180	-0.80315	-64.2115	-63.4083
BLOCK27/SES276/SA276S28	SES292	-0.627636	-64.036	-63.4083
BLOCK27/SES277/SA277S12	SES101	-0.617599	-64.8137	-64.1961
BLOCK27/SES277/SA277S12	SES177	-0.975914	-65.172	-64.1961
BLOCK27/SES277/SA277S12	SES180	-0.617668	-64.8138	-64.1961
BLOCK27/SES277/SA277S12	SES292	-0.983986	-65.1801	-64.1961
BLOCK27/SES277/SA277S14	SES177	-0.556248	-64.4906	-63.9343
BLOCK27/SES277/SA277S14	SES180	-1.58802	-65.5224	-63.9343
BLOCK27/SES277/SA277S14	SES189	-0.1796	-64.1139	-63.9343
BLOCK27/SES277/SA277S14	SES292	-1.50927	-65.4436	-63.9343
BLOCK27/SES277/SA277S21	SES177	-0.782894	-63.7996	-63.0167
BLOCK27/SES277/SA277S21	SES180	-1.31394	-64.3306	-63.0167
BLOCK27/SES277/SA277S21	SES189	-0.595341	-63.612	-63.0167
BLOCK27/SES277/SA277S21	SES292	-1.03266	-64.0493	-63.0167
BLOCK27/SES277/SA277S24	SES144	-1.25887	-65.7854	-64.5265
BLOCK27/SES277/SA277S24	SES177	-0.99482	-65.5213	-64.5265
BLOCK27/SES277/SA277S24	SES180	-1.43277	-65.9593	-64.5265
BLOCK27/SES277/SA277S24	SES189	-0.546036	-65.0725	-64.5265
BLOCK27/SES277/SA277S29	SES177	-0.459827	-62.9794	-62.5196
BLOCK27/SES277/SA277S29	SES180	-0.659027	-63.1786	-62.5196
BLOCK27/SES277/SA277S29	SES202	-1.07199	-63.5916	-62.5196
BLOCK27/SES277/SA277S29	SES292	-1.19908	-63.7187	-62.5196
BLOCK27/SES279/SA279S09	SES120	-1.54127	-63.8525	-62.3112
BLOCK27/SES279/SA279S09	SES146	-1.10817	-63.4194	-62.3112
BLOCK27/SES279/SA279S09	SES206	-1.299	-63.6102	-62.3112
BLOCK27/SES279/SA279S09	SES226	-1.64779	-63.959	-62.3112
BLOCK27/SES279/SA279S10	SES099	-1.17043	-63.3015	-62.1311
BLOCK27/SES279/SA279S10	SES206	-0.911793	-63.0429	-62.1311
BLOCK27/SES279/SA279S10	SES226	-0.747143	-62.8782	-62.1311
BLOCK27/SES279/SA279S10	SES292	-1.09137	-63.2225	-62.1311
BLOCK27/SES279/SA279S20	SES099	-1.99007	-64.6508	-62.6607
BLOCK27/SES279/SA279S20	SES206	-1.34582	-64.0065	-62.6607
BLOCK27/SES279/SA279S20	SES226	-1.10394	-63.7646	-62.6607
BLOCK27/SES279/SA279S20	SES292	-0.932705	-63.5934	-62.6607
BLOCK27/SES279/SA279S26	SES099	-1.00321	-63.9881	-62.9849
BLOCK27/SES279/SA279S26	SES206	-0.427044	-63.4119	-62.9849
BLOCK27/SES279/SA279S26	SES226	-0.771725	-63.7566	-62.9849
BLOCK27/SES279/SA279S26	SES292	-0.97131	-63.9562	-62.9849
BLOCK27/SES279/SA279S28	SES099	-1.71422	-62.9455	-61.2313
BLOCK27/SES279/SA279S28	SES120	-1.50371	-62.735	-61.2313
BLOCK27/SES279/SA279S28	SES177	-3.65313	-64.8844	-61.2313
BLOCK27/SES279/SA279S28	SES206	-1.76268	-62.9939	-61.2313
BLOCK29/SES290/SA290S12	SES162	-0.753506	-63.7488	-62.9953
BLOCK29/SES290/SA290S12	SES177	-0.667992	-63.6633	-62.9953
BLOCK29/SES290/SA290S12	SES180	-1.27682	-64.2721	-62.9953
BLOCK29/SES290/SA290S12	SES292	-1.80836	-64.8037	-62.9953
BLOCK29/SES290/SA290S13	SES007	-2.23692	-66.8356	-64.5987
BLOCK29/SES290/SA290S13	SES162	-0.848351	-65.447	-64.5987
BLOCK29/SES290/SA290S13	SES177	-0.489464	-65.0881	-64.5987
BLOCK29/SES290/SA290S13	SES180	-0.834999	-65.4337	-64.5987
BLOCK29/SES290/SA290S22	SES177	-0.625149	-64.0304	-63.4052
BLOCK29/SES290/SA290S22	SES180	-0.493797	-63.899	-63.4052
BLOCK29/SES290/SA290S22	SES202	-0.676655	-64.0819	-63.4052
BLOCK29/SES290/SA290S22	SES292	-1.8943	-65.2995	-63.4052
BLOCK29/SES290/SA290S25	SES162	-0.575798	-63.4904	-62.9146
BLOCK29/SES290/SA290S25	SES177	-0.740482	-63.6551	-62.9146
BLOCK29/SES290/SA290S25	SES180	-0.665531	-63.5802	-62.9146
BLOCK29/SES290/SA290S25	SES292	-1.73394	-64.6486	-62.9146
BLOCK29/SES290/SA290S29	SES177	-0.113644	-62.6927	-62.5791
BLOCK29/SES290/SA290S29	SES180	0.0437813	-62.5353	-62.5791
BLOCK29/SES290/SA290S29	SES275	-1.34483	-63.9239	-62.5791
BLOCK29/SES290/SA290S29	SES292	-0.971821	-63.5509	-62.5791
BLOCK29/SES291/SA291S11	SES105	-2.18069	-65.0901	-62.9094
BLOCK29/SES291/SA291S11	SES125	-0.202312	-63.1117	-62.9094
BLOCK29/SES291/SA291S11	SES158	-0.281906	-63.1913	-62.9094
BLOCK29/SES291/SA291S11	SES275	-2.79498	-65.7044	-62.9094
BLOCK29/SES291/SA291S12	SES158	0.458576	-61.8969	-62.3555
BLOCK29/SES291/SA291S12	SES226	-0.738728	-63.0942	-62.3555
BLOCK29/SES291/SA291S12	SES270	0.852604	-61.5029	-62.3555
BLOCK29/SES291/SA291S12	SES275	-2.76431	-65.1198	-62.3555
BLOCK29/SES291/SA291S22	SES082	-0.808815	-62.8644	-62.0555
BLOCK29/SES291/SA291S22	SES158	-0.12077	-62.1763	-62.0555
BLOCK29/SES291/SA291S22	SES259	-0.861687	-62.9172	-62.0555
BLOCK29/SES291/SA291S22	SES275	-2.54788	-64.6034	-62.0555
BLOCK29/SES291/SA291S24	SES104	0.428062	-60.5445	-60.9726
BLOCK29/SES291/SA291S24	SES125	0.318214	-60.6544	-60.9726
BLOCK29/SES291/SA291S24	SES158	0.152481	-60.8201	-60.9726
BLOCK29/SES291/SA291S24	SES275	-3.01572	-63.9883	-60.9726
BLOCK29/SES291/SA291S27	SES158	0.432064	-61.2511	-61.6832
BLOCK29/SES291/SA291S27	SES172	-4.32906	-66.0122	-61.6832
BLOCK29/SES291/SA291S27	SES275	-3.06722	-64.7504	-61.6832
BLOCK29/SES291/SA291S27	SES292	-2.52668	-64.2098	-61.6832
