spk_ver/v00/v0000	SES146	0.376552	12.4998	12.1232
spk_ver/v00/v0001	SES002	-7.08461	8.40179	15.4864
spk_ver/v00/v0002	SES002	-3.0767	9.16039	12.2371
spk_ver/v00/v0003	SES002	-8.12975	6.37821	14.508
spk_ver/v00/v0004	SES002	-3.60638	7.11262	10.719
spk_ver/v00/v0005	SES002	-3.06902	6.82744	9.89645
spk_ver/v00/v0006	SES002	-5.78612	8.13476	13.9209
spk_ver/v00/v0007	SES002	-4.29214	8.55298	12.8451
spk_ver/v00/v0008	SES146	0.636109	11.9796	11.3435
spk_ver/v00/v0009	SES002	-2.2604	10.8995	13.1599
spk_ver/v00/v0010	SES002	-5.16059	4.99416	10.1547
spk_ver/v00/v0011	SES002	-2.82936	6.77877	9.60813
spk_ver/v00/v0012	SES002	-4.15709	11.5198	15.6768
spk_ver/v00/v0013	SES002	-4.03125	10.5924	14.6236
spk_ver/v00/v0014	SES002	-2.12803	10.6007	12.7287
spk_ver/v00/v0015	SES002	-3.09779	9.51803	12.6158
spk_ver/v00/v0016	SES275	0.688833	12.1966	11.5078
spk_ver/v00/v0017	SES002	-2.36522	10.5001	12.8653
spk_ver/v00/v0018	SES002	-6.81713	6.8725	13.6896
spk_ver/v00/v0019	SES002	-2.77476	8.56092	11.3357
spk_ver/v00/v0020	SES002	-8.49045	6.09237	14.5828
spk_ver/v00/v0021	SES002	-4.62193	8.39466	13.0166
spk_ver/v00/v0022	SES002	-3.22222	8.69364	11.9159
spk_ver/v00/v0023	SES002	-6.85987	9.58045	16.4403
spk_ver/v00/v0024	SES002	-8.26434	5.09207	13.3564
spk_ver/v00/v0025	SES002	-5.12134	10.3681	15.4895
spk_ver/v00/v0026	SES002	-5.16345	7.58327	12.7467
spk_ver/v00/v0027	SES129	1.11445	13.729	12.6145
spk_ver/v00/v0028	SES007	-2.68679	12.8237	15.5105
spk_ver/v00/v0029	SES083	-0.122628	14.2675	14.3901
spk_ver/v00/v0030	SES019	2.48516	13.1511	10.6659
spk_ver/v00/v0031	SES007	-2.13168	10.0716	12.2033
spk_ver/v00/v0032	SES270	0.87585	12.1916	11.3158
spk_ver/v00/v0033	SES007	-2.91703	11.433	14.35
spk_ver/v00/v0034	SES007	-2.44096	12.1204	14.5613
spk_ver/v00/v0035	SES007	-1.70189	13.2437	14.9456
spk_ver/v00/v0036	SES007	-2.12163	7.62988	9.75151
spk_ver/v00/v0037	SES007	-3.86695	8.211	12.078
spk_ver/v00/v0038	SES259	2.2944	14.8206	12.5262
spk_ver/v00/v0039	SES007	-3.82082	4.58337	8.40418
spk_ver/v00/v0040	SES007	-4.14901	10.1235	14.2726
spk_ver/v00/v0041	SES007	-2.62806	9.07874	11.7068
spk_ver/v00/v0042	SES007	-2.74734	7.80179	10.5491
spk_ver/v00/v0043	SES007	-1.83461	10.2735	12.1081
spk_ver/v00/v0044	SES007	-3.3029	11.141	14.4439
spk_ver/v00/v0045	SES007	-2.35773	12.7892	15.1469
spk_ver/v00/v0046	SES007	-2.25201	11.9516	14.2036
spk_ver/v00/v0047	SES172	0.0127459	15.1077	15.095
spk_ver/v00/v0048	SES105	1.10473	12.5176	11.4129
spk_ver/v00/v0049	SES007	-2.13496	12.9718	15.1068
spk_ver/v00/v0050	SES292	-0.688211	13.1014	13.7896
spk_ver/v00/v0051	SES007	-1.98235	11.772	13.7543
spk_ver/v00/v0052	SES068	1.00566	15.9957	14.9901
spk_ver/v00/v0053	SES008	-1.74816	13.0823	14.8305
spk_ver/v00/v0054	SES008	-2.35923	12.6139	14.9731
spk_ver/v00/v0055	SES008	-2.33392	12.4172	14.7511
spk_ver/v00/v0056	SES008	-6.261	5.1327	11.3937
spk_ver/v00/v0057	SES008	-4.50205	7.63717	12.1392
spk_ver/v00/v0058	SES083	0.694665	15.1015	14.4069
spk_ver/v00/v0059	SES158	1.09612	12.7728	11.6767
spk_ver/v00/v0060	SES008	-4.03167	8.63588	12.6676
spk_ver/v00/v0061	SES101	-0.43038	14.2172	14.6476
spk_ver/v00/v0062	SES008	-3.23847	10.6474	13.8859
spk_ver/v00/v0063	SES008	-2.8604	10.9504	13.8109
spk_ver/v00/v0064	SES117	1.22672	15.0144	13.7876
spk_ver/v00/v0065	SES149	1.35617	14.8837	13.5276
spk_ver/v00/v0066	SES008	-0.643922	14.8231	15.467
spk_ver/v00/v0067	SES008	-2.78186	9.68646	12.4683
spk_ver/v00/v0068	SES162	0.782473	14.3902	13.6077
spk_ver/v00/v0069	SES008	-8.21843	3.64936	11.8678
spk_ver/v00/v0070	SES008	-0.667037	13.2687	13.9357
spk_ver/v00/v0071	SES008	-3.76464	11.5559	15.3206
spk_ver/v00/v0072	SES008	-2.41801	13.522	15.94
spk_ver/v00/v0073	SES008	-2.43798	10.8372	13.2752
spk_ver/v00/v0074	SES008	-4.34975	7.14605	11.4958
spk_ver/v00/v0075	SES008	-8.77187	1.89587	10.6677
spk_ver/v00/v0076	SES167	1.5806	16.6049	15.0243
spk_ver/v00/v0077	SES008	-2.05607	13.2705	15.3266
spk_ver/v00/v0078	SES177	0.436061	14.911	14.475
spk_ver/v00/v0079	SES008	-2.31739	12.9533	15.2707
spk_ver/v00/v0080	SES008	-2.80108	11.0314	13.8325
spk_ver/v00/v0081	SES008	-6.50966	3.67788	10.1875
spk_ver/v00/v0082	SES008	-3.50105	9.32362	12.8247
spk_ver/v00/v0083	SES008	-7.42169	2.22436	9.64605
spk_ver/v00/v0084	SES144	1.13907	14.7013	13.5623
spk_ver/v00/v0085	SES008	-2.6242	12.4054	15.0296
spk_ver/v00/v0086	SES008	-2.77424	12.4253	15.1995
spk_ver/v00/v0087	SES008	-5.83426	8.03236	13.8666
spk_ver/v00/v0088	SES008	-2.36679	15.2356	17.6024
spk_ver/v00/v0089	SES008	-1.83058	10.6199	12.4505
spk_ver/v00/v0090	SES142	1.61077	17.3326	15.7218
spk_ver/v00/v0091	SES008	-6.41434	6.32262	12.737
spk_ver/v00/v0092	SES158	1.32265	12.2907	10.9681
spk_ver/v00/v0093	SES014	-2.10593	11.5639	13.6699
spk_ver/v00/v0094	SES014	-4.23478	4.98392	9.21869
spk_ver/v00/v0095	SES014	-1.06902	13.1205	14.1895
spk_ver/v00/v0096	SES014	-9.62472	1.30592	10.9306
spk_ver/v00/v0097	SES014	-2.79493	8.20739	11.0023
spk_ver/v00/v0098	SES014	-2.61945	11.0373	13.6568
spk_ver/v00/v0099	SES014	-3.20732	9.45353	12.6609
spk_ver/v01/v0100	SES127	-0.0583429	14.6118	14.6701
spk_ver/v01/v0101	SES014	-5.51193	6.63873	12.1507
spk_ver/v01/v0102	SES014	-4.42037	9.18822	13.6086
spk_ver/v01/v0103	SES014	-5.22666	7.61862	12.8453
spk_ver/v01/v0104	SES014	-6.63069	6.73781	13.3685
spk_ver/v01/v0105	SES014	-4.0566	4.8446	8.9012
spk_ver/v01/v0106	SES014	-4.18396	7.04399	11.228
spk_ver/v01/v0107	SES014	-4.9659	12.9891	17.955
spk_ver/v01/v0108	SES014	-7.10695	7.89471	15.0017
spk_ver/v01/v0109	SES014	-3.41431	7.99674	11.4111
spk_ver/v01/v0110	SES014	-2.9079	7.35263	10.2605
spk_ver/v01/v0111	SES014	-2.25613	10.9459	13.202
spk_ver/v01/v0112	SES014	-4.17525	11.9535	16.1288
spk_ver/v01/v0113	SES104	-0.0379124	12.1682	12.2061
spk_ver/v01/v0114	SES082	0.550485	13.9377	13.3873
spk_ver/v01/v0115	SES087	0.72482	12.7475	12.0227
spk_ver/v01/v0116	SES014	-2.13115	9.48928	11.6204
spk_ver/v01/v0117	SES177	0.072978	13.7413	13.6684
spk_ver/v01/v0118	SES014	-3.92025	8.89263	12.8129
spk_ver/v01/v0119	SES014	-1.76288	10.796	12.5589
spk_ver/v01/v0120	SES014	-7.23473	7.32813	14.5629
spk_ver/v01/v0121	SES146	-0.271617	12.6081	12.8797
spk_ver/v01/v0122	SES014	2.47349	16.0591	13.5856
spk_ver/v01/v0123	SES014	-3.01388	10.1333	13.1472
spk_ver/v01/v0124	SES014	-10.0172	4.15171	14.1689
spk_ver/v01/v0125	SES014	-3.82264	9.84433	13.667
spk_ver/v01/v0126	SES016	-2.72089	11.2948	14.0157
spk_ver/v01/v0127	SES016	-3.13982	8.67173	11.8116
spk_ver/v01/v0128	SES106	1.97567	13.6737	11.6981
spk_ver/v01/v0129	SES016	-4.71109	7.93094	12.642
spk_ver/v01/v0130	SES016	-3.15825	12.5058	15.664
spk_ver/v01/v0131	SES016	-4.43543	6.78194	11.2174
spk_ver/v01/v0132	SES016	-3.48581	9.30187	12.7877
spk_ver/v01/v0133	SES016	-3.07526	12.0738	15.149
spk_ver/v01/v0134	SES016	-3.4602	10.2127	13.6729
spk_ver/v01/v0135	SES016	-5.49552	9.7496	15.2451
spk_ver/v01/v0136	SES016	-5.8333	9.59382	15.4271
spk_ver/v01/v0137	SES007	0.380618	13.3537	12.9731
spk_ver/v01/v0138	SES016	-1.60356	14.1533	15.7569
spk_ver/v01/v0139	SES016	-1.99778	12.907	14.9048
spk_ver/v01/v0140	SES016	1.43736	16.5794	15.1421
spk_ver/v01/v0141	SES016	-7.36805	0.59096	7.959
spk_ver/v01/v0142	SES016	-5.59829	6.80091	12.3992
spk_ver/v01/v0143	SES016	-5.45802	4.24476	9.70278
spk_ver/v01/v0144	SES016	-5.48065	8.6211	14.1017
spk_ver/v01/v0145	SES016	-8.38486	3.88241	12.2673
spk_ver/v01/v0146	SES016	-2.37185	11.585	13.9569
spk_ver/v01/v0147	SES016	-2.1126	13.9163	16.0289
spk_ver/v01/v0148	SES127	0.735137	16.2205	15.4853
spk_ver/v01/v0149	SES016	-3.87328	7.94807	11.8214
spk_ver/v01/v0150	SES016	-3.05025	9.2994	12.3496
spk_ver/v01/v0151	SES147	0.602087	12.6928	12.0907
spk_ver/v01/v0152	SES016	-2.34791	11.1088	13.4567
spk_ver/v01/v0153	SES104	1.49625	15.5046	14.0084
spk_ver/v01/v0154	SES016	-4.50448	8.16646	12.6709
spk_ver/v01/v0155	SES016	-2.81894	9.90361	12.7226
spk_ver/v01/v0156	SES019	-0.812822	9.3355	10.1483
spk_ver/v01/v0157	SES019	-4.17042	9.97742	14.1478
spk_ver/v01/v0158	SES019	-1.25419	10.6663	11.9205
spk_ver/v01/v0159	SES007	0.483094	14.2018	13.7187
spk_ver/v01/v0160	SES019	-2.80977	10.5091	13.3189
spk_ver/v01/v0161	SES019	-4.13589	6.7452	10.8811
spk_ver/v01/v0162	SES019	-5.00023	10.2512	15.2515
spk_ver/v01/v0163	SES189	0.917605	14.0858	13.1682
spk_ver/v01/v0164	SES019	-2.79098	9.839	12.63
spk_ver/v01/v0165	SES019	-1.83147	8.28301	10.1145
spk_ver/v01/v0166	SES019	-6.31159	8.83926	15.1508
spk_ver/v01/v0167	SES019	-5.22911	7.5885	12.8176
spk_ver/v01/v0168	SES019	-1.74056	5.94518	7.68574
spk_ver/v01/v0169	SES019	-4.84381	5.38732	10.2311
spk_ver/v01/v0170	SES270	1.20882	12.3967	11.1879
spk_ver/v01/v0171	SES019	-2.48279	8.92944	11.4122
spk_ver/v01/v0172	SES019	-5.43014	7.90048	13.3306
spk_ver/v01/v0173	SES206	0.883504	12.9979	12.1144
spk_ver/v01/v0174	SES019	-3.35708	7.03674	10.3938
spk_ver/v01/v0175	SES014	2.09626	15.7086	13.6124
spk_ver/v01/v0176	SES019	-4.90574	9.75229	14.658
spk_ver/v01/v0177	SES120	0.864651	12.8683	12.0037
spk_ver/v01/v0178	SES019	-2.94923	7.48349	10.4327
spk_ver/v01/v0179	SES019	-7.50383	10.485	17.9888
spk_ver/v01/v0180	SES175	0.682303	15.6726	14.9903
spk_ver/v01/v0181	SES019	-4.69615	7.57071	12.2669
spk_ver/v01/v0182	SES019	-4.92201	8.97229	13.8943
spk_ver/v01/v0183	SES029	-3.10915	9.98181	13.091
spk_ver/v01/v0184	SES029	-7.98282	4.15948	12.1423
spk_ver/v01/v0185	SES029	-3.11063	11.2647	14.3753
spk_ver/v01/v0186	SES068	0.931919	15.9311	14.9992
spk_ver/v01/v0187	SES029	-5.49463	6.3623	11.8569
spk_ver/v01/v0188	SES029	-4.26751	9.18399	13.4515
spk_ver/v01/v0189	SES149	1.92051	15.5135	13.593
spk_ver/v01/v0190	SES029	-4.57998	8.67424	13.2542
spk_ver/v01/v0191	SES029	-4.45452	6.92589	11.3804
spk_ver/v01/v0192	SES183	0.921788	15.6647	14.7429
spk_ver/v01/v0193	SES029	-3.7616	9.64284	13.4044
spk_ver/v01/v0194	SES016	1.33527	15.9724	14.6371
spk_ver/v01/v0195	SES029	-3.63902	9.96117	13.6002
spk_ver/v01/v0196	SES029	-2.08047	11.8798	13.9603
spk_ver/v01/v0197	SES029	-5.16138	8.11817	13.2795
spk_ver/v01/v0198	SES146	0.582362	12.3018	11.7194
spk_ver/v01/v0199	SES029	-5.49726	4.94941	10.4467
spk_ver/v02/v0200	SES029	-2.66377	12.506	15.1698
spk_ver/v02/v0201	SES068	1.17205	16.4479	15.2759
spk_ver/v02/v0202	SES148	2.14027	13.7677	11.6274
spk_ver/v02/v0203	SES029	-3.37493	9.13244	12.5074
spk_ver/v02/v0204	SES029	-2.12309	12.1146	14.2377
spk_ver/v02/v0205	SES060	0.568021	16.5189	15.9509
spk_ver/v02/v0206	SES127	1.5996	18.5634	16.9638
spk_ver/v02/v0207	SES029	-4.27608	6.90469	11.1808
spk_ver/v02/v0208	SES048	1.00702	12.812	11.805
spk_ver/v02/v0209	SES029	-2.2441	13.5572	15.8013
spk_ver/v02/v0210	SES029	-4.0333	7.70575	11.739
spk_ver/v02/v0211	SES029	-3.57	9.13852	12.7085
spk_ver/v02/v0212	SES042	-8.01811	6.55286	14.571
spk_ver/v02/v0213	SES085	1.42791	15.5083	14.0804
spk_ver/v02/v0214	SES206	1.13921	14.4767	13.3375
spk_ver/v02/v0215	SES144	0.407795	14.1081	13.7003
spk_ver/v02/v0216	SES042	-4.22752	7.94229	12.1698
spk_ver/v02/v0217	SES042	-2.81091	3.1309	5.94181
spk_ver/v02/v0218	SES042	-3.11318	9.91276	13.0259
spk_ver/v02/v0219	SES206	0.641212	14.5405	13.8993
spk_ver/v02/v0220	SES019	3.85475	14.3608	10.506
spk_ver/v02/v0221	SES007	0.0437403	13.4131	13.3693
spk_ver/v02/v0222	SES042	-8.54039	4.47785	13.0182
spk_ver/v02/v0223	SES147	0.7932	13.1109	12.3177
spk_ver/v02/v0224	SES105	1.33437	13.0838	11.7494
spk_ver/v02/v0225	SES042	-2.94642	8.9661	11.9125
spk_ver/v02/v0226	SES275	1.09142	12.8375	11.7461
spk_ver/v02/v0227	SES042	-4.76129	6.0156	10.7769
spk_ver/v02/v0228	SES042	-5.88408	9.07424	14.9583
spk_ver/v02/v0229	SES042	-6.52939	9.36269	15.8921
spk_ver/v02/v0230	SES085	-0.173451	15.2436	15.417
spk_ver/v02/v0231	SES014	1.90097	16.4432	14.5423
spk_ver/v02/v0232	SES042	-2.3234	10.4449	12.7683
spk_ver/v02/v0233	SES048	-4.21232	8.1254	12.3377
spk_ver/v02/v0234	SES048	-4.77524	11.4091	16.1843
spk_ver/v02/v0235	SES029	1.0377	15.7334	14.6957
spk_ver/v02/v0236	SES048	-3.83336	12.0515	15.8849
spk_ver/v02/v0237	SES048	-4.43636	6.63313	11.0695
spk_ver/v02/v0238	SES048	-2.22818	12.1587	14.3869
spk_ver/v02/v0239	SES060	1.32237	16.0987	14.7763
spk_ver/v02/v0240	SES048	-5.19089	8.15957	13.3505
spk_ver/v02/v0241	SES048	-4.17696	11.9629	16.1398
spk_ver/v02/v0242	SES189	1.47742	14.0579	12.5805
spk_ver/v02/v0243	SES162	0.936737	13.9519	13.0152
spk_ver/v02/v0244	SES048	-5.9178	7.67229	13.5901
spk_ver/v02/v0245	SES048	-4.22874	7.47757	11.7063
spk_ver/v02/v0246	SES048	-4.53161	7.95087	12.4825
spk_ver/v02/v0247	SES048	-6.7549	3.30633	10.0612
spk_ver/v02/v0248	SES226	2.43514	14.7179	12.2827
spk_ver/v02/v0249	SES048	-2.18725	10.5755	12.7628
spk_ver/v02/v0250	SES048	-3.44957	9.75346	13.203
spk_ver/v02/v0251	SES048	-4.95583	4.71964	9.67546
spk_ver/v02/v0252	SES060	-5.87842	7.6792	13.5576
spk_ver/v02/v0253	SES060	-6.22486	5.29076	11.5156
spk_ver/v02/v0254	SES259	2.73371	15.1968	12.4631
spk_ver/v02/v0255	SES060	-5.65304	6.85957	12.5126
spk_ver/v02/v0256	SES202	1.00681	14.4618	13.455
spk_ver/v02/v0257	SES148	0.742669	14.1224	13.3797
spk_ver/v02/v0258	SES060	-4.71523	4.19065	8.90588
spk_ver/v02/v0259	SES060	-2.08063	11.2273	13.3079
spk_ver/v02/v0260	SES060	-3.93416	10.8576	14.7917
spk_ver/v02/v0261	SES099	2.07136	14.2515	12.1801
spk_ver/v02/v0262	SES060	-3.47553	10.3549	13.8304
spk_ver/v02/v0263	SES060	-3.42335	12.3208	15.7441
spk_ver/v02/v0264	SES292	-0.000637054	13.6202	13.6208
spk_ver/v02/v0265	SES060	-2.37356	11.6643	14.0379
spk_ver/v02/v0266	SES060	-7.34852	3.15009	10.4986
spk_ver/v02/v0267	SES060	-5.79671	5.48136	11.2781
spk_ver/v02/v0268	SES060	-5.44224	3.45922	8.90146
spk_ver/v02/v0269	SES127	0.57169	16.705	16.1333
spk_ver/v02/v0270	SES060	-4.59057	8.45849	13.0491
spk_ver/v02/v0271	SES060	-1.52425	15.2934	16.8176
spk_ver/v02/v0272	SES060	-5.01778	4.58564	9.60342
spk_ver/v02/v0273	SES087	1.30942	13.5472	12.2378
spk_ver/v02/v0274	SES146	0.333765	12.3868	12.0531
spk_ver/v02/v0275	SES060	-4.0484	6.7898	10.8382
spk_ver/v02/v0276	SES002	2.27762	14.7053	12.4276
spk_ver/v02/v0277	SES060	-1.76824	13.847	15.6152
spk_ver/v02/v0278	SES060	-4.56777	5.89207	10.4598
spk_ver/v02/v0279	SES060	-5.56092	7.07174	12.6327
spk_ver/v02/v0280	SES129	2.34456	14.5458	12.2013
spk_ver/v02/v0281	SES162	0.966785	14.2294	13.2626
spk_ver/v02/v0282	SES060	-3.58762	8.05508	11.6427
spk_ver/v02/v0283	SES060	-3.85895	10.7317	14.5906
spk_ver/v02/v0284	SES062	-6.43731	5.19426	11.6316
spk_ver/v02/v0285	SES062	-7.20617	4.75836	11.9645
spk_ver/v02/v0286	SES120	-0.0766382	12.0152	12.0918
spk_ver/v02/v0287	SES062	-3.58018	8.13334	11.7135
spk_ver/v02/v0288	SES062	-4.84213	7.05677	11.8989
spk_ver/v02/v0289	SES062	-3.50391	8.98937	12.4933
spk_ver/v02/v0290	SES062	-2.64112	13.7563	16.3974
spk_ver/v02/v0291	SES275	0.44278	13.0454	12.6026
spk_ver/v02/v0292	SES062	-2.64452	12.298	14.9425
spk_ver/v02/v0293	SES062	-4.53949	11.1257	15.6652
spk_ver/v02/v0294	SES062	-4.47114	8.30708	12.7782
spk_ver/v02/v0295	SES062	-2.86048	10.3957	13.2562
spk_ver/v02/v0296	SES062	-3.93492	9.91972	13.8546
spk_ver/v02/v0297	SES062	-5.60458	7.98954	13.5941
spk_ver/v02/v0298	SES062	-2.52044	8.17897	10.6994
spk_ver/v02/v0299	SES062	-3.24108	10.9082	14.1493
spk_ver/v03/v0300	SES062	-3.65695	11.3676	15.0246
spk_ver/v03/v0301	SES062	-2.39349	12.1533	14.5468
spk_ver/v03/v0302	SES172	0.333763	16.3226	15.9889
spk_ver/v03/v0303	SES062	-3.07408	9.06686	12.1409
spk_ver/v03/v0304	SES062	-3.83258	7.12829	10.9609
spk_ver/v03/v0305	SES062	-2.92243	8.38731	11.3097
spk_ver/v03/v0306	SES062	-4.13437	10.3548	14.4891
spk_ver/v03/v0307	SES062	-2.90245	9.76958	12.672
spk_ver/v03/v0308	SES062	-3.03146	11.7746	14.8061
spk_ver/v03/v0309	SES062	-2.48786	6.95555	9.44341
spk_ver/v03/v0310	SES125	1.49612	15.4077	13.9116
spk_ver/v03/v0311	SES062	-2.4869	10.1709	12.6578
spk_ver/v03/v0312	SES062	-6.27007	6.07257	12.3426
spk_ver/v03/v0313	SES062	-3.23492	10.9517	14.1867
spk_ver/v03/v0314	SES068	-4.17572	8.11246	12.2882
spk_ver/v03/v0315	SES068	-2.77454	9.63146	12.406
spk_ver/v03/v0316	SES068	-2.00687	13.4921	15.499
spk_ver/v03/v0317	SES068	-2.25619	11.5672	13.8234
spk_ver/v03/v0318	SES068	-4.0975	9.6983	13.7958
spk_ver/v03/v0319	SES068	-8.54155	1.81971	10.3613
spk_ver/v03/v0320	SES068	-2.047	10.6143	12.6613
spk_ver/v03/v0321	SES068	-2.14687	10.3569	12.5038
spk_ver/v03/v0322	SES068	-1.8991	11.128	13.0271
spk_ver/v03/v0323	SES068	-2.81486	11.5696	14.3844
spk_ver/v03/v0324	SES144	0.145487	11.6178	11.4723
spk_ver/v03/v0325	SES068	-3.3241	11.56	14.8841
spk_ver/v03/v0326	SES068	-1.02958	13.4797	14.5093
spk_ver/v03/v0327	SES068	-2.61465	12.5409	15.1556
spk_ver/v03/v0328	SES068	-7.19742	3.86609	11.0635
spk_ver/v03/v0329	SES068	-3.74961	10.9868	14.7364
spk_ver/v03/v0330	SES180	-0.391463	13.8098	14.2013
spk_ver/v03/v0331	SES068	-1.29623	12.5035	13.7997
spk_ver/v03/v0332	SES275	1.2807	14.1173	12.8366
spk_ver/v03/v0333	SES062	1.32396	17.2235	15.8995
spk_ver/v03/v0334	SES270	1.17518	11.8681	10.6929
spk_ver/v03/v0335	SES068	-9.25482	0.743791	9.99861
spk_ver/v03/v0336	SES068	-1.50805	15.2117	16.7198
spk_ver/v03/v0337	SES068	-3.02457	11.1221	14.1467
spk_ver/v03/v0338	SES068	-2.88134	9.90254	12.7839
spk_ver/v03/v0339	SES068	-1.52344	11.6056	13.129
spk_ver/v03/v0340	SES068	-2.0003	11.6166	13.6169
spk_ver/v03/v0341	SES016	1.02384	16.6128	15.589
spk_ver/v03/v0342	SES068	-2.34141	10.3768	12.7183
spk_ver/v03/v0343	SES068	-2.58875	9.84577	12.4345
spk_ver/v03/v0344	SES125	1.31723	13.4373	12.12
spk_ver/v03/v0345	SES187	0.777695	16.279	15.5013
spk_ver/v03/v0346	SES068	-4.40844	11.4243	15.8327
spk_ver/v03/v0347	SES143	1.11907	14.8992	13.7801
spk_ver/v03/v0348	SES292	0.585693	14.9052	14.3195
spk_ver/v03/v0349	SES082	-5.48926	7.98277	13.472
spk_ver/v03/v0350	SES101	0.274187	14.989	14.7148
spk_ver/v03/v0351	SES082	-1.33037	9.73367	11.064
spk_ver/v03/v0352	SES082	-2.18524	7.626	9.81124
spk_ver/v03/v0353	SES082	-3.94578	9.75039	13.6962
spk_ver/v03/v0354	SES082	-8.11547	6.1108	14.2263
spk_ver/v03/v0355	SES083	0.449055	15.2606	14.8116
spk_ver/v03/v0356	SES082	-3.22352	7.33147	10.555
spk_ver/v03/v0357	SES082	-5.71125	9.35765	15.0689
spk_ver/v03/v0358	SES082	-1.49832	9.87865	11.377
spk_ver/v03/v0359	SES117	0.588078	12.175	11.587
spk_ver/v03/v0360	SES082	-6.24688	8.45002	14.6969
spk_ver/v03/v0361	SES082	-2.25796	9.48111	11.7391
spk_ver/v03/v0362	SES007	1.24108	13.6829	12.4418
spk_ver/v03/v0363	SES082	-3.59353	8.2636	11.8571
spk_ver/v03/v0364	SES019	2.72462	14.2891	11.5644
spk_ver/v03/v0365	SES082	-1.42294	9.98104	11.404
spk_ver/v03/v0366	SES226	2.15801	14.4204	12.2624
spk_ver/v03/v0367	SES167	1.42384	17.5815	16.1576
spk_ver/v03/v0368	SES082	-3.52108	9.71918	13.2403
spk_ver/v03/v0369	SES042	3.91965	16.1767	12.257
spk_ver/v03/v0370	SES042	2.90873	15.2474	12.3386
spk_ver/v03/v0371	SES082	-5.85125	8.76118	14.6124
spk_ver/v03/v0372	SES082	-2.56833	10.2368	12.8052
spk_ver/v03/v0373	SES082	-5.4929	10.0948	15.5877
spk_ver/v03/v0374	SES083	-2.44946	12.0518	14.5012
spk_ver/v03/v0375	SES292	0.552648	13.845	13.2924
spk_ver/v03/v0376	SES083	-3.09271	9.63538	12.7281
spk_ver/v03/v0377	SES083	-4.90175	5.95971	10.8615
spk_ver/v03/v0378	SES083	-1.31079	11.7425	13.0533
spk_ver/v03/v0379	SES083	-1.47362	11.629	13.1027
spk_ver/v03/v0380	SES083	-2.37852	11.874	14.2525
spk_ver/v03/v0381	SES083	-3.65694	10.3012	13.9582
spk_ver/v03/v0382	SES148	0.20514	14.3685	14.1634
spk_ver/v03/v0383	SES083	-1.92487	12.8768	14.8017
spk_ver/v03/v0384	SES226	1.89748	13.8718	11.9744
spk_ver/v03/v0385	SES226	2.3422	15.4145	13.0723
spk_ver/v03/v0386	SES087	1.4187	13.4024	11.9837
spk_ver/v03/v0387	SES029	0.771851	15.158	14.3862
spk_ver/v03/v0388	SES147	1.21	14.6512	13.4411
spk_ver/v03/v0389	SES083	-3.59635	6.71279	10.3091
spk_ver/v03/v0390	SES189	1.6915	15.0411	13.3496
spk_ver/v03/v0391	SES083	-1.98339	13.1937	15.1771
spk_ver/v03/v0392	SES083	-1.37798	13.5445	14.9225
spk_ver/v03/v0393	SES083	-3.23292	10.0052	13.2382
spk_ver/v03/v0394	SES083	-3.71205	7.22099	10.933
spk_ver/v03/v0395	SES083	-1.93687	14.975	16.9119
spk_ver/v03/v0396	SES014	2.61558	17.2763	14.6607
spk_ver/v03/v0397	SES085	-0.900761	16.8145	17.7153
spk_ver/v03/v0398	SES085	-1.99519	12.7328	14.728
spk_ver/v03/v0399	SES085	-2.61689	9.81337	12.4303
spk_ver/v04/v0400	SES106	1.64176	14.3089	12.6672
spk_ver/v04/v0401	SES085	-3.87912	8.08047	11.9596
spk_ver/v04/v0402	SES085	-8.2756	0.521593	8.79719
spk_ver/v04/v0403	SES085	-0.916184	14.5666	15.4827
spk_ver/v04/v0404	SES180	0.771743	15.68	14.9083
spk_ver/v04/v0405	SES129	1.47415	15.1904	13.7162
spk_ver/v04/v0406	SES085	-4.80468	7.08175	11.8864
spk_ver/v04/v0407	SES146	-0.0808258	11.5364	11.6172
spk_ver/v04/v0408	SES085	-1.36118	14.0772	15.4384
spk_ver/v04/v0409	SES085	-2.9578	8.25201	11.2098
spk_ver/v04/v0410	SES085	-3.72624	9.62573	13.352
spk_ver/v04/v0411	SES292	0.487286	13.8933	13.406
spk_ver/v04/v0412	SES085	-1.78763	13.0601	14.8477
spk_ver/v04/v0413	SES125	1.8131	15.059	13.2459
spk_ver/v04/v0414	SES085	-2.37949	12.5891	14.9686
spk_ver/v04/v0415	SES085	-2.49676	14.3169	16.8137
spk_ver/v04/v0416	SES085	-1.44705	11.1428	12.5899
spk_ver/v04/v0417	SES062	0.857656	16.8643	16.0066
spk_ver/v04/v0418	SES060	1.183	15.7068	14.5238
spk_ver/v04/v0419	SES085	-2.37898	12.2906	14.6696
spk_ver/v04/v0420	SES085	-4.44672	8.21179	12.6585
spk_ver/v04/v0421	SES085	-6.1354	4.03391	10.1693
spk_ver/v04/v0422	SES085	-1.3002	11.1056	12.4058
spk_ver/v04/v0423	SES085	-4.97726	5.86222	10.8395
spk_ver/v04/v0424	SES085	-3.97323	5.68357	9.6568
spk_ver/v04/v0425	SES183	0.176337	13.107	12.9307
spk_ver/v04/v0426	SES085	-4.0717	6.98364	11.0553
spk_ver/v04/v0427	SES087	-3.40455	7.47766	10.8822
spk_ver/v04/v0428	SES162	0.651419	14.9137	14.2622
spk_ver/v04/v0429	SES087	-2.2225	10.5873	12.8098
spk_ver/v04/v0430	SES087	-5.49609	10.4776	15.9737
spk_ver/v04/v0431	SES087	-4.18577	8.96488	13.1507
spk_ver/v04/v0432	SES087	-4.5683	6.61	11.1783
spk_ver/v04/v0433	SES087	-4.22447	10.5915	14.816
spk_ver/v04/v0434	SES142	2.31474	17.4369	15.1221
spk_ver/v04/v0435	SES087	-4.97048	9.57101	14.5415
spk_ver/v04/v0436	SES099	1.65464	14.3924	12.7378
spk_ver/v04/v0437	SES087	-1.87005	12.5329	14.4029
spk_ver/v04/v0438	SES087	-6.21597	8.52204	14.738
spk_ver/v04/v0439	SES087	-2.57942	10.9168	13.4963
spk_ver/v04/v0440	SES087	-3.86927	11.0551	14.9243
spk_ver/v04/v0441	SES087	-5.11376	9.68053	14.7943
spk_ver/v04/v0442	SES187	1.71685	17.3029	15.5861
spk_ver/v04/v0443	SES172	1.11806	15.6782	14.5602
spk_ver/v04/v0444	SES087	-2.72544	8.04239	10.7678
spk_ver/v04/v0445	SES087	-3.40051	9.56762	12.9681
spk_ver/v04/v0446	SES087	-1.5293	10.8853	12.4146
spk_ver/v04/v0447	SES087	-1.61473	10.6302	12.2449
spk_ver/v04/v0448	SES106	1.90829	12.1541	10.2458
spk_ver/v04/v0449	SES146	0.694781	12.6633	11.9686
spk_ver/v04/v0450	SES087	-5.32834	8.66044	13.9888
spk_ver/v04/v0451	SES087	-2.38305	9.52069	11.9037
spk_ver/v04/v0452	SES007	0.916396	13.7244	12.808
spk_ver/v04/v0453	SES087	-3.36863	7.79249	11.1611
spk_ver/v04/v0454	SES087	-6.78936	8.38819	15.1776
spk_ver/v04/v0455	SES180	0.0773888	15.1229	15.0455
spk_ver/v04/v0456	SES099	-5.12727	8.89739	14.0247
spk_ver/v04/v0457	SES042	2.12759	14.5953	12.4677
spk_ver/v04/v0458	SES099	-0.844455	10.728	11.5724
spk_ver/v04/v0459	SES099	-5.14699	11.6796	16.8266
spk_ver/v04/v0460	SES099	-5.37575	7.78775	13.1635
spk_ver/v04/v0461	SES099	-2.53988	10.5852	13.1251
spk_ver/v04/v0462	SES082	2.45853	15.1431	12.6846
spk_ver/v04/v0463	SES099	-1.19309	10.8975	12.0905
spk_ver/v04/v0464	SES099	-0.259094	12.6849	12.944
spk_ver/v04/v0465	SES099	-5.26345	9.31746	14.5809
spk_ver/v04/v0466	SES099	-1.08278	11.6296	12.7123
spk_ver/v04/v0467	SES099	-0.62949	11.1945	11.824
spk_ver/v04/v0468	SES129	2.05658	15.5042	13.4476
spk_ver/v04/v0469	SES101	0.352095	13.2333	12.8812
spk_ver/v04/v0470	SES099	-5.25624	8.39089	13.6471
spk_ver/v04/v0471	SES172	0.869973	14.8194	13.9494
spk_ver/v04/v0472	SES099	-0.511394	10.5009	11.0123
spk_ver/v04/v0473	SES270	2.91986	14.4091	11.4892
spk_ver/v04/v0474	SES099	-4.65899	10.0834	14.7424
spk_ver/v04/v0475	SES099	-2.96607	10.4512	13.4173
spk_ver/v04/v0476	SES099	-4.37295	4.90638	9.27932
spk_ver/v04/v0477	SES002	1.77737	14.8128	13.0354
spk_ver/v04/v0478	SES099	-1.13354	10.7778	11.9114
spk_ver/v04/v0479	SES007	-0.389095	12.7222	13.1113
spk_ver/v04/v0480	SES101	-6.48419	7.04217	13.5264
spk_ver/v04/v0481	SES101	-3.20017	11.1473	14.3475
spk_ver/v04/v0482	SES175	0.21801	14.7317	14.5137
spk_ver/v04/v0483	SES101	-4.49237	7.66328	12.1557
spk_ver/v04/v0484	SES101	-5.63367	9.42008	15.0538
spk_ver/v04/v0485	SES101	-1.68479	11.4695	13.1543
spk_ver/v04/v0486	SES101	-2.12418	10.77	12.8942
spk_ver/v04/v0487	SES101	-1.50227	13.7423	15.2446
spk_ver/v04/v0488	SES101	-6.93185	4.42538	11.3572
spk_ver/v04/v0489	SES147	0.567853	11.9272	11.3594
spk_ver/v04/v0490	SES085	-0.973405	14.0525	15.0259
spk_ver/v04/v0491	SES101	-3.12473	8.63546	11.7602
spk_ver/v04/v0492	SES101	-5.45932	4.04989	9.50921
spk_ver/v04/v0493	SES101	-4.09957	9.68443	13.784
spk_ver/v04/v0494	SES101	-2.22077	12.9286	15.1493
spk_ver/v04/v0495	SES101	-2.30026	13.6054	15.9057
spk_ver/v04/v0496	SES101	-3.09503	10.9949	14.09
spk_ver/v04/v0497	SES014	2.26642	17.0032	14.7368
spk_ver/v04/v0498	SES101	-3.83197	7.9983	11.8303
spk_ver/v04/v0499	SES101	-2.93926	11.3639	14.3031
spk_ver/v05/v0500	SES085	0.579384	16.8329	16.2535
spk_ver/v05/v0501	SES101	-5.99116	6.48497	12.4761
spk_ver/v05/v0502	SES275	0.62604	12.5327	11.9067
spk_ver/v05/v0503	SES117	1.11158	14.74	13.6284
spk_ver/v05/v0504	SES101	-4.97902	7.11028	12.0893
spk_ver/v05/v0505	SES101	-2.85953	11.2986	14.1581
spk_ver/v05/v0506	SES101	-1.93317	13.4023	15.3354
spk_ver/v05/v0507	SES048	0.579144	14.7253	14.1462
spk_ver/v05/v0508	SES117	0.216342	13.1749	12.9586
spk_ver/v05/v0509	SES202	1.90743	17.3234	15.416
spk_ver/v05/v0510	SES104	-2.61023	6.27678	8.88701
spk_ver/v05/v0511	SES008	1.69884	13.6921	11.9932
spk_ver/v05/v0512	SES104	-2.2269	7.953	10.1799
spk_ver/v05/v0513	SES104	-4.19302	8.5161	12.7091
spk_ver/v05/v0514	SES104	-5.72724	8.71396	14.4412
spk_ver/v05/v0515	SES104	-8.27327	7.77466	16.0479
spk_ver/v05/v0516	SES104	-3.22892	4.79766	8.02658
spk_ver/v05/v0517	SES060	0.773865	16.7323	15.9585
spk_ver/v05/v0518	SES104	-5.50206	8.38845	13.8905
spk_ver/v05/v0519	SES104	-8.4171	5.8822	14.2993
spk_ver/v05/v0520	SES104	-1.46534	12.3777	13.843
spk_ver/v05/v0521	SES008	0.677369	15.7059	15.0286
spk_ver/v05/v0522	SES068	1.09599	15.9414	14.8454
spk_ver/v05/v0523	SES087	1.34595	14.3898	13.0439
spk_ver/v05/v0524	SES104	-2.18789	10.0016	12.1895
spk_ver/v05/v0525	SES104	-1.2283	10.7843	12.0126
spk_ver/v05/v0526	SES104	-2.06866	10.0571	12.1258
spk_ver/v05/v0527	SES083	0.538614	15.0145	14.4759
spk_ver/v05/v0528	SES148	1.39781	13.49	12.0922
spk_ver/v05/v0529	SES104	-4.21311	7.391	11.6041
spk_ver/v05/v0530	SES104	-6.68057	6.8026	13.4832
spk_ver/v05/v0531	SES125	1.64767	13.7211	12.0734
spk_ver/v05/v0532	SES104	-7.79789	8.00005	15.7979
spk_ver/v05/v0533	SES149	1.96511	16.3908	14.4257
spk_ver/v05/v0534	SES104	-5.98499	8.79332	14.7783
spk_ver/v05/v0535	SES187	0.552881	15.4579	14.905
spk_ver/v05/v0536	SES104	-3.11044	8.98252	12.093
spk_ver/v05/v0537	SES104	-2.80593	8.64792	11.4539
spk_ver/v05/v0538	SES167	1.47453	17.7017	16.2271
spk_ver/v05/v0539	SES104	-2.29658	6.58992	8.8865
spk_ver/v05/v0540	SES104	-7.79046	10.3415	18.1319
spk_ver/v05/v0541	SES183	1.09526	12.7851	11.6898
spk_ver/v05/v0542	SES104	-2.06976	9.02669	11.0964
spk_ver/v05/v0543	SES104	-7.17733	8.81542	15.9927
spk_ver/v05/v0544	SES105	-4.84474	11.2798	16.1245
spk_ver/v05/v0545	SES105	-3.4586	10.2248	13.6834
spk_ver/v05/v0546	SES105	-3.58251	8.09022	11.6727
spk_ver/v05/v0547	SES105	-4.46275	9.47358	13.9363
spk_ver/v05/v0548	SES019	2.68394	13.4738	10.7899
spk_ver/v05/v0549	SES105	-3.06438	11.5666	14.631
spk_ver/v05/v0550	SES105	-4.04101	6.47466	10.5157
spk_ver/v05/v0551	SES202	2.15587	15.5986	13.4428
spk_ver/v05/v0552	SES105	-4.22705	11.9166	16.1437
spk_ver/v05/v0553	SES105	-1.92842	10.9757	12.9041
spk_ver/v05/v0554	SES105	-2.71111	12.2415	14.9527
spk_ver/v05/v0555	SES105	-2.86592	7.55103	10.417
spk_ver/v05/v0556	SES082	0.826291	13.575	12.7487
spk_ver/v05/v0557	SES105	-4.69177	8.26295	12.9547
spk_ver/v05/v0558	SES014	1.6428	15.0335	13.3907
spk_ver/v05/v0559	SES105	-2.81887	11.6018	14.4207
spk_ver/v05/v0560	SES177	0.0476627	14.4568	14.4092
spk_ver/v05/v0561	SES189	2.74629	10.9276	8.18128
spk_ver/v05/v0562	SES105	-3.07992	7.50062	10.5805
spk_ver/v05/v0563	SES099	1.96239	11.8646	9.90221
spk_ver/v05/v0564	SES105	-2.2984	13.1681	15.4665
spk_ver/v05/v0565	SES105	-4.12913	7.37887	11.508
spk_ver/v05/v0566	SES105	-5.04995	6.0615	11.1115
spk_ver/v05/v0567	SES142	1.58578	15.2703	13.6845
spk_ver/v05/v0568	SES048	0.599414	12.9807	12.3813
spk_ver/v05/v0569	SES105	-4.6266	8.28779	12.9144
spk_ver/v05/v0570	SES105	-2.08156	11.3127	13.3942
spk_ver/v05/v0571	SES105	-3.62845	10.6375	14.2659
spk_ver/v05/v0572	SES105	-4.28317	5.52648	9.80966
spk_ver/v05/v0573	SES105	-5.80907	5.29192	11.101
spk_ver/v05/v0574	SES105	-1.56297	12.7191	14.2821
spk_ver/v05/v0575	SES105	-1.53941	13.2846	14.824
spk_ver/v05/v0576	SES106	-4.84785	8.80963	13.6575
spk_ver/v05/v0577	SES106	-5.24343	8.02211	13.2655
spk_ver/v05/v0578	SES106	-5.3804	8.73981	14.1202
spk_ver/v05/v0579	SES106	-5.88613	8.74456	14.6307
spk_ver/v05/v0580	SES106	-2.75866	11.34	14.0986
spk_ver/v05/v0581	SES106	-8.80184	5.00952	13.8114
spk_ver/v05/v0582	SES106	-2.15492	8.07942	10.2343
spk_ver/v05/v0583	SES106	-2.04938	10.9017	12.9511
spk_ver/v05/v0584	SES106	-4.98589	7.00256	11.9884
spk_ver/v05/v0585	SES106	-0.572171	8.62684	9.19901
spk_ver/v05/v0586	SES106	-4.56797	10.0466	14.6146
spk_ver/v05/v0587	SES106	-3.45466	6.421	9.87566
spk_ver/v05/v0588	SES106	-5.79001	8.906	14.696
spk_ver/v05/v0589	SES106	-6.5102	9.2984	15.8086
spk_ver/v05/v0590	SES082	0.440548	11.7184	11.2778
spk_ver/v05/v0591	SES180	1.06677	16.7088	15.6421
spk_ver/v05/v0592	SES106	-1.96871	9.24844	11.2172
spk_ver/v05/v0593	SES106	-6.52534	7.16319	13.6885
spk_ver/v05/v0594	SES292	0.863378	14.9054	14.042
spk_ver/v05/v0595	SES106	-1.93096	10.0559	11.9868
spk_ver/v05/v0596	SES106	-7.33164	7.38701	14.7186
spk_ver/v05/v0597	SES106	-6.36431	7.85206	14.2164
spk_ver/v05/v0598	SES042	1.67259	13.7398	12.0672
spk_ver/v05/v0599	SES106	-6.19985	7.32247	13.5223
spk_ver/v06/v0600	SES106	-0.492606	8.89383	9.38643
spk_ver/v06/v0601	SES106	-2.22014	9.12007	11.3402
spk_ver/v06/v0602	SES106	-4.27121	8.65355	12.9248
spk_ver/v06/v0603	SES106	-5.15334	9.27367	14.427
spk_ver/v06/v0604	SES106	-4.57916	8.85976	13.4389
spk_ver/v06/v0605	SES106	-5.02168	8.98649	14.0082
spk_ver/v06/v0606	SES048	1.54451	15.3945	13.85
spk_ver/v06/v0607	SES167	2.40718	18.5405	16.1333
spk_ver/v06/v0608	SES106	-5.06892	8.53094	13.5999
spk_ver/v06/v0609	SES143	1.00698	15.4076	14.4006
spk_ver/v06/v0610	SES106	-8.92471	4.2982	13.2229
spk_ver/v06/v0611	SES106	-3.99234	8.77703	12.7694
spk_ver/v06/v0612	SES106	-5.98906	9.66028	15.6493
spk_ver/v06/v0613	SES117	-2.03791	12.5616	14.5996
spk_ver/v06/v0614	SES117	-5.60611	6.54038	12.1465
spk_ver/v06/v0615	SES117	-2.22174	11.7538	13.9756
spk_ver/v06/v0616	SES106	2.3058	16.0319	13.7261
spk_ver/v06/v0617	SES142	2.29	15.5488	13.2588
spk_ver/v06/v0618	SES048	1.76404	15.3123	13.5482
spk_ver/v06/v0619	SES175	0.150198	14.5604	14.4102
spk_ver/v06/v0620	SES180	0.600998	16.0615	15.4605
spk_ver/v06/v0621	SES117	-1.31056	12.0525	13.3631
spk_ver/v06/v0622	SES029	0.683696	15.2854	14.6018
spk_ver/v06/v0623	SES117	-1.72078	13.6508	15.3716
spk_ver/v06/v0624	SES117	-5.03838	6.01291	11.0513
spk_ver/v06/v0625	SES117	-2.80882	11.4408	14.2496
spk_ver/v06/v0626	SES106	1.42575	13.5089	12.0831
spk_ver/v06/v0627	SES226	2.39925	14.973	12.5738
spk_ver/v06/v0628	SES117	-0.92726	15.7327	16.6599
spk_ver/v06/v0629	SES117	-4.09968	9.90454	14.0042
spk_ver/v06/v0630	SES117	-4.36413	6.97704	11.3412
spk_ver/v06/v0631	SES117	-5.959	3.31208	9.27108
spk_ver/v06/v0632	SES117	-2.22494	12.2443	14.4693
spk_ver/v06/v0633	SES099	1.81569	13.6358	11.8201
spk_ver/v06/v0634	SES105	1.82125	13.4252	11.6039
spk_ver/v06/v0635	SES167	0.111734	15.8435	15.7318
spk_ver/v06/v0636	SES117	-1.36504	12.6917	14.0567
spk_ver/v06/v0637	SES202	1.5802	15.4797	13.8995
spk_ver/v06/v0638	SES117	-3.21649	10.6243	13.8408
spk_ver/v06/v0639	SES167	1.02561	13.8855	12.8599
spk_ver/v06/v0640	SES117	-2.9593	10.1738	13.1331
spk_ver/v06/v0641	SES117	-3.98623	8.42195	12.4082
spk_ver/v06/v0642	SES101	0.827362	15.106	14.2787
spk_ver/v06/v0643	SES068	1.07138	16.1044	15.033
spk_ver/v06/v0644	SES120	-3.32025	7.45341	10.7737
spk_ver/v06/v0645	SES120	-1.70034	11.4253	13.1256
spk_ver/v06/v0646	SES172	0.539123	14.0871	13.5479
spk_ver/v06/v0647	SES120	-3.68141	12.2863	15.9677
spk_ver/v06/v0648	SES120	-0.941101	13.4608	14.4019
spk_ver/v06/v0649	SES120	-2.99921	6.13909	9.1383
spk_ver/v06/v0650	SES087	1.7121	13.9773	12.2652
spk_ver/v06/v0651	SES120	-1.30372	9.88071	11.1844
spk_ver/v06/v0652	SES104	0.353948	10.8403	10.4864
spk_ver/v06/v0653	SES129	1.60339	15.7362	14.1328
spk_ver/v06/v0654	SES120	-3.50927	10.2925	13.8018
spk_ver/v06/v0655	SES120	-1.61328	8.62571	10.239
spk_ver/v06/v0656	SES120	-1.96496	12.4845	14.4495
spk_ver/v06/v0657	SES147	0.468678	12.5015	12.0328
spk_ver/v06/v0658	SES120	-2.58173	8.98838	11.5701
spk_ver/v06/v0659	SES120	-2.70407	10.3426	13.0467
spk_ver/v06/v0660	SES120	-1.14815	11.6692	12.8173
spk_ver/v06/v0661	SES120	-2.66189	7.40233	10.0642
spk_ver/v06/v0662	SES120	-1.49974	13.7086	15.2083
spk_ver/v06/v0663	SES120	-2.93911	11.0623	14.0014
spk_ver/v06/v0664	SES147	0.6937	15.0758	14.3821
spk_ver/v06/v0665	SES162	0.79443	13.8637	13.0693
spk_ver/v06/v0666	SES120	-2.53309	11.2171	13.7502
spk_ver/v06/v0667	SES120	-0.74379	11.6847	12.4285
spk_ver/v06/v0668	SES120	1.02604	14.4866	13.4606
spk_ver/v06/v0669	SES142	2.24763	17.1556	14.908
spk_ver/v06/v0670	SES106	2.30957	14.404	12.0944
spk_ver/v06/v0671	SES183	1.05743	13.6652	12.6078
spk_ver/v06/v0672	SES120	-1.3354	9.12685	10.4622
spk_ver/v06/v0673	SES029	-0.715842	13.6079	14.3238
spk_ver/v06/v0674	SES120	-1.12923	10.7798	11.9091
spk_ver/v06/v0675	SES008	1.85479	15.8212	13.9665
spk_ver/v06/v0676	SES125	-6.02867	7.09582	13.1245
spk_ver/v06/v0677	SES143	0.708514	13.384	12.6755
spk_ver/v06/v0678	SES125	-5.50616	7.66631	13.1725
spk_ver/v06/v0679	SES162	-0.0204659	13.3602	13.3807
spk_ver/v06/v0680	SES125	-3.80445	9.25013	13.0546
spk_ver/v06/v0681	SES125	-3.05931	8.60769	11.667
spk_ver/v06/v0682	SES125	-5.33571	9.69382	15.0295
spk_ver/v06/v0683	SES226	1.44505	14.1987	12.7537
spk_ver/v06/v0684	SES125	-3.26058	8.66211	11.9227
spk_ver/v06/v0685	SES125	-5.54753	8.29338	13.8409
spk_ver/v06/v0686	SES120	0.76615	14.2129	13.4468
spk_ver/v06/v0687	SES125	-5.26057	4.84387	10.1044
spk_ver/v06/v0688	SES158	1.68311	12.617	10.9339
spk_ver/v06/v0689	SES125	-7.08978	6.91973	14.0095
spk_ver/v06/v0690	SES105	1.73058	13.4478	11.7173
spk_ver/v06/v0691	SES125	-1.77735	9.51202	11.2894
spk_ver/v06/v0692	SES125	-3.02403	9.73996	12.764
spk_ver/v06/v0693	SES180	1.21549	16.3101	15.0947
spk_ver/v06/v0694	SES125	-8.25009	7.29908	15.5492
spk_ver/v06/v0695	SES125	-4.33922	8.39411	12.7333
spk_ver/v06/v0696	SES125	-7.71109	9.20845	16.9195
spk_ver/v06/v0697	SES125	-6.40825	6.75488	13.1631
spk_ver/v06/v0698	SES083	0.372212	15.8608	15.4886
spk_ver/v06/v0699	SES125	-4.46926	9.59264	14.0619
spk_ver/v07/v0700	SES014	1.94106	16.0699	14.1288
spk_ver/v07/v0701	SES125	-5.11524	10.6471	15.7624
spk_ver/v07/v0702	SES127	-1.83155	14.0942	15.9257
spk_ver/v07/v0703	SES127	-1.74736	9.76116	11.5085
spk_ver/v07/v0704	SES206	1.7474	14.8606	13.1132
spk_ver/v07/v0705	SES127	-2.81551	10.674	13.4895
spk_ver/v07/v0706	SES127	-2.55218	15.1568	17.709
spk_ver/v07/v0707	SES127	-4.38945	7.9412	12.3306
spk_ver/v07/v0708	SES275	0.794956	13.9149	13.1199
spk_ver/v07/v0709	SES127	-2.76425	11.0221	13.7864
spk_ver/v07/v0710	SES105	1.18719	13.1229	11.9357
spk_ver/v07/v0711	SES127	-3.83176	7.61038	11.4421
spk_ver/v07/v0712	SES127	-3.11381	10.5958	13.7097
spk_ver/v07/v0713	SES127	-3.12279	7.12859	10.2514
spk_ver/v07/v0714	SES019	4.70839	14.6763	9.96789
spk_ver/v07/v0715	SES127	-4.49895	7.5966	12.0956
spk_ver/v07/v0716	SES148	0.80373	12.9113	12.1076
spk_ver/v07/v0717	SES162	1.15811	14.6223	13.4642
spk_ver/v07/v0718	SES189	0.623093	13.8322	13.2092
spk_ver/v07/v0719	SES149	0.435489	14.7386	14.3031
spk_ver/v07/v0720	SES175	1.10766	15.9921	14.8844
spk_ver/v07/v0721	SES127	-3.89	8.25241	12.1424
spk_ver/v07/v0722	SES127	-1.89157	12.0092	13.9008
spk_ver/v07/v0723	SES127	-3.2316	11.7241	14.9557
spk_ver/v07/v0724	SES127	-2.94021	13.0004	15.9406
spk_ver/v07/v0725	SES127	-2.61402	10.2565	12.8705
spk_ver/v07/v0726	SES259	2.46315	15.2163	12.7531
spk_ver/v07/v0727	SES127	-2.32954	11.6078	13.9374
spk_ver/v07/v0728	SES127	-1.36193	14.5467	15.9086
spk_ver/v07/v0729	SES127	-4.92739	6.04628	10.9737
spk_ver/v07/v0730	SES127	-2.90038	9.99338	12.8938
spk_ver/v07/v0731	SES129	-1.982	13.4658	15.4478
spk_ver/v07/v0732	SES129	-2.5683	11.536	14.1043
spk_ver/v07/v0733	SES129	-4.99938	8.238	13.2374
spk_ver/v07/v0734	SES129	-8.91405	5.77764	14.6917
spk_ver/v07/v0735	SES183	0.786555	13.6744	12.8879
spk_ver/v07/v0736	SES129	-3.29407	10.3326	13.6267
spk_ver/v07/v0737	SES129	-2.7319	10.7383	13.4702
spk_ver/v07/v0738	SES129	-6.14391	4.91047	11.0544
spk_ver/v07/v0739	SES129	-4.30564	10.3769	14.6825
spk_ver/v07/v0740	SES167	-1.00142	13.1251	14.1265
spk_ver/v07/v0741	SES129	-3.11315	11.0152	14.1283
spk_ver/v07/v0742	SES129	-3.88394	10.7949	14.6788
spk_ver/v07/v0743	SES129	-2.553	11.7298	14.2828
spk_ver/v07/v0744	SES129	-5.05718	9.68523	14.7424
spk_ver/v07/v0745	SES180	1.06813	16.2529	15.1847
spk_ver/v07/v0746	SES129	-2.58028	11.1429	13.7232
spk_ver/v07/v0747	SES292	-0.0583906	14.4254	14.4838
spk_ver/v07/v0748	SES202	1.20012	13.5648	12.3647
spk_ver/v07/v0749	SES270	0.869675	13.0274	12.1577
spk_ver/v07/v0750	SES129	-3.90181	13.1654	17.0672
spk_ver/v07/v0751	SES129	-5.53352	8.05036	13.5839
spk_ver/v07/v0752	SES060	-0.271572	13.4566	13.7281
spk_ver/v07/v0753	SES129	-3.76325	9.59355	13.3568
spk_ver/v07/v0754	SES129	-7.14126	4.87071	12.012
spk_ver/v07/v0755	SES129	-4.38894	9.66844	14.0574
spk_ver/v07/v0756	SES175	0.803722	14.2564	13.4526
spk_ver/v07/v0757	SES129	-4.64898	5.58434	10.2333
spk_ver/v07/v0758	SES129	-6.05679	3.95951	10.0163
spk_ver/v07/v0759	SES129	-4.5315	8.27265	12.8042
spk_ver/v07/v0760	SES129	-3.83191	13.0506	16.8825
spk_ver/v07/v0761	SES129	-4.40924	9.36854	13.7778
spk_ver/v07/v0762	SES172	0.323531	15.2906	14.967
spk_ver/v07/v0763	SES129	-5.45602	4.30569	9.7617
spk_ver/v07/v0764	SES129	-4.09539	11.1366	15.232
spk_ver/v07/v0765	SES175	0.598899	15.1623	14.5634
spk_ver/v07/v0766	SES129	-4.59129	9.53054	14.1218
spk_ver/v07/v0767	SES129	-3.22132	10.0476	13.269
spk_ver/v07/v0768	SES042	2.51781	14.9524	12.4346
spk_ver/v07/v0769	SES099	1.38824	12.6687	11.2805
spk_ver/v07/v0770	SES142	-4.02917	9.38024	13.4094
spk_ver/v07/v0771	SES142	-3.73967	10.6267	14.3664
spk_ver/v07/v0772	SES101	0.907136	16.227	15.3199
spk_ver/v07/v0773	SES142	-8.06524	2.25168	10.3169
spk_ver/v07/v0774	SES142	-6.12408	6.43314	12.5572
spk_ver/v07/v0775	SES142	-3.05868	11.5978	14.6564
spk_ver/v07/v0776	SES142	-2.93211	13.5562	16.4883
spk_ver/v07/v0777	SES142	-6.21793	6.54515	12.7631
spk_ver/v07/v0778	SES142	-2.50694	9.43709	11.944
spk_ver/v07/v0779	SES142	-10.1148	1.35199	11.4668
spk_ver/v07/v0780	SES142	-5.8821	1.579	7.4611
spk_ver/v07/v0781	SES142	-9.37758	2.53744	11.915
spk_ver/v07/v0782	SES101	0.460463	13.956	13.4955
spk_ver/v07/v0783	SES142	-5.39381	5.65783	11.0516
spk_ver/v07/v0784	SES187	1.93581	17.3308	15.395
spk_ver/v07/v0785	SES143	0.795766	13.1315	12.3357
spk_ver/v07/v0786	SES142	-5.6197	11.1614	16.7811
spk_ver/v07/v0787	SES144	0.39211	14.4845	14.0924
spk_ver/v07/v0788	SES275	0.256484	12.0187	11.7623
spk_ver/v07/v0789	SES142	-3.84862	10.7034	14.552
spk_ver/v07/v0790	SES099	1.48805	14.7159	13.2279
spk_ver/v07/v0791	SES142	-8.22476	3.26775	11.4925
spk_ver/v07/v0792	SES142	-5.7841	9.35562	15.1397
spk_ver/v07/v0793	SES142	-6.65875	5.40693	12.0657
spk_ver/v07/v0794	SES014	1.77801	15.53	13.7519
spk_ver/v07/v0795	SES142	-7.58519	5.07879	12.664
spk_ver/v07/v0796	SES142	-3.89719	10.2197	14.1169
spk_ver/v07/v0797	SES143	-1.05987	12.8302	13.8901
spk_ver/v07/v0798	SES206	1.35397	15.2858	13.9318
spk_ver/v07/v0799	SES143	-4.02153	3.76945	7.79098
spk_ver/v08/v0800	SES143	-1.59617	10.9149	12.511
spk_ver/v08/v0801	SES143	-1.56166	14.9012	16.4629
spk_ver/v08/v0802	SES143	-2.46307	7.70292	10.166
spk_ver/v08/v0803	SES143	-2.39856	8.76916	11.1677
spk_ver/v08/v0804	SES143	-3.50845	4.95168	8.46012
spk_ver/v08/v0805	SES143	-3.09867	7.58204	10.6807
spk_ver/v08/v0806	SES143	-3.6333	8.18418	11.8175
spk_ver/v08/v0807	SES177	-0.391927	13.3233	13.7153
spk_ver/v08/v0808	SES149	0.82688	14.3188	13.4919
spk_ver/v08/v0809	SES143	-4.40551	7.82229	12.2278
spk_ver/v08/v0810	SES158	1.47505	12.3889	10.9139
spk_ver/v08/v0811	SES143	-4.01738	8.53313	12.5505
spk_ver/v08/v0812	SES062	1.46834	17.6117	16.1434
spk_ver/v08/v0813	SES259	2.43594	15.5418	13.1058
spk_ver/v08/v0814	SES143	-4.74459	8.56213	13.3067
spk_ver/v08/v0815	SES143	-3.53722	7.93996	11.4772
spk_ver/v08/v0816	SES143	-1.87147	13.4522	15.3237
spk_ver/v08/v0817	SES144	0.0880623	14.605	14.517
spk_ver/v08/v0818	SES143	-2.60278	11.1751	13.7779
spk_ver/v08/v0819	SES143	-3.6823	10.1354	13.8177
spk_ver/v08/v0820	SES143	-1.46911	13.274	14.7431
spk_ver/v08/v0821	SES143	-4.28753	8.57158	12.8591
spk_ver/v08/v0822	SES143	-3.84227	7.97705	11.8193
spk_ver/v08/v0823	SES104	2.29254	15.5279	13.2354
spk_ver/v08/v0824	SES143	-4.41721	9.76791	14.1851
spk_ver/v08/v0825	SES143	-2.31393	9.44179	11.7557
spk_ver/v08/v0826	SES144	-4.48186	7.64768	12.1295
spk_ver/v08/v0827	SES144	-2.24471	12.8141	15.0588
spk_ver/v08/v0828	SES144	-1.19508	14.4431	15.6382
spk_ver/v08/v0829	SES172	-0.00767708	13.8636	13.8713
spk_ver/v08/v0830	SES144	-0.662091	13.0277	13.6898
spk_ver/v08/v0831	SES183	0.956981	14.1267	13.1697
spk_ver/v08/v0832	SES144	-5.15513	5.89322	11.0483
spk_ver/v08/v0833	SES144	-5.53338	6.82589	12.3593
spk_ver/v08/v0834	SES144	-1.49421	11.5665	13.0607
spk_ver/v08/v0835	SES144	-3.89534	8.92226	12.8176
spk_ver/v08/v0836	SES144	-2.36919	9.92305	12.2922
spk_ver/v08/v0837	SES144	-2.39002	11.3432	13.7332
spk_ver/v08/v0838	SES144	-4.06128	8.94821	13.0095
spk_ver/v08/v0839	SES085	-0.0817833	15.1052	15.187
spk_ver/v08/v0840	SES144	-1.08587	14.315	15.4009
spk_ver/v08/v0841	SES144	-4.78327	4.35289	9.13616
spk_ver/v08/v0842	SES144	-4.36342	8.26626	12.6297
spk_ver/v08/v0843	SES144	-1.07783	12.6866	13.7644
spk_ver/v08/v0844	SES144	-2.66785	10.1529	12.8207
spk_ver/v08/v0845	SES144	-3.57374	10.9055	14.4793
spk_ver/v08/v0846	SES104	0.938119	13.3632	12.4251
spk_ver/v08/v0847	SES144	-4.84124	8.47978	13.321
spk_ver/v08/v0848	SES144	-3.94038	10.1973	14.1376
spk_ver/v08/v0849	SES144	-7.27731	4.97214	12.2495
spk_ver/v08/v0850	SES144	-3.79508	9.25505	13.0501
spk_ver/v08/v0851	SES144	-1.69083	10.3293	12.0202
spk_ver/v08/v0852	SES144	-0.880144	14.5364	15.4165
spk_ver/v08/v0853	SES144	-4.9072	6.7363	11.6435
spk_ver/v08/v0854	SES144	-2.36919	12.2065	14.5757
spk_ver/v08/v0855	SES144	-0.245947	15.8588	16.1047
spk_ver/v08/v0856	SES082	0.0685616	9.50427	9.4357
spk_ver/v08/v0857	SES142	1.89016	17.0781	15.188
spk_ver/v08/v0858	SES144	-1.40534	11.5734	12.9788
spk_ver/v08/v0859	SES144	-1.80467	11.0613	12.866
spk_ver/v08/v0860	SES146	-4.20336	7.25081	11.4542
spk_ver/v08/v0861	SES146	-3.72969	7.72721	11.4569
spk_ver/v08/v0862	SES146	-3.96235	6.97813	10.9405
spk_ver/v08/v0863	SES146	-3.56249	9.23987	12.8024
spk_ver/v08/v0864	SES146	-3.91743	9.47664	13.3941
spk_ver/v08/v0865	SES008	2.05801	14.7505	12.6925
spk_ver/v08/v0866	SES142	1.63469	15.8038	14.1691
spk_ver/v08/v0867	SES146	-3.33597	9.04976	12.3857
spk_ver/v08/v0868	SES082	2.09205	15.666	13.5739
spk_ver/v08/v0869	SES146	-1.99032	10.3235	12.3139
spk_ver/v08/v0870	SES146	-3.60201	5.37649	8.97849
spk_ver/v08/v0871	SES146	-3.86803	7.43516	11.3032
spk_ver/v08/v0872	SES146	-4.26098	4.58516	8.84614
spk_ver/v08/v0873	SES082	1.17448	15.1224	13.9479
spk_ver/v08/v0874	SES146	-4.92072	10.6204	15.5411
spk_ver/v08/v0875	SES144	0.621821	13.6725	13.0507
spk_ver/v08/v0876	SES146	-2.326	12.5132	14.8392
spk_ver/v08/v0877	SES146	-3.1282	8.19455	11.3228
spk_ver/v08/v0878	SES146	-2.92573	10.1372	13.063
spk_ver/v08/v0879	SES146	-3.38254	10.9777	14.3603
spk_ver/v08/v0880	SES146	-3.51117	9.22769	12.7389
spk_ver/v08/v0881	SES143	0.546344	13.9113	13.3649
spk_ver/v08/v0882	SES146	-1.77572	13.3301	15.1058
spk_ver/v08/v0883	SES147	-2.39806	12.6342	15.0322
spk_ver/v08/v0884	SES147	-1.91573	12.5419	14.4576
spk_ver/v08/v0885	SES016	1.49693	16.2711	14.7741
spk_ver/v08/v0886	SES147	-2.15336	11.273	13.4264
spk_ver/v08/v0887	SES147	-2.9645	10.0032	12.9677
spk_ver/v08/v0888	SES147	-2.5602	11.1402	13.7004
spk_ver/v08/v0889	SES019	1.56919	13.0322	11.463
spk_ver/v08/v0890	SES147	-2.00511	9.96475	11.9699
spk_ver/v08/v0891	SES147	-2.52496	11.4082	13.9331
spk_ver/v08/v0892	SES147	-2.14161	11.9441	14.0857
spk_ver/v08/v0893	SES270	2.54132	11.8619	9.32059
spk_ver/v08/v0894	SES029	0.579312	14.8656	14.2863
spk_ver/v08/v0895	SES147	-2.31815	10.8304	13.1485
spk_ver/v08/v0896	SES117	0.727274	13.8086	13.0813
spk_ver/v08/v0897	SES183	1.49822	12.1812	10.6829
spk_ver/v08/v0898	SES147	-4.5767	8.58062	13.1573
spk_ver/v08/v0899	SES147	-3.24114	10.4412	13.6824
spk_ver/v09/v0900	SES087	1.06674	13.3046	12.2378
spk_ver/v09/v0901	SES147	-5.54241	5.10387	10.6463
spk_ver/v09/v0902	SES147	-3.70445	7.45489	11.1593
spk_ver/v09/v0903	SES147	-1.85901	12.4062	14.2652
spk_ver/v09/v0904	SES147	-2.69684	9.83833	12.5352
spk_ver/v09/v0905	SES143	0.53614	13.8948	13.3586
spk_ver/v09/v0906	SES149	0.273861	14.4831	14.2092
spk_ver/v09/v0907	SES148	-1.46614	12.1282	13.5943
spk_ver/v09/v0908	SES148	-1.58384	13.4471	15.031
spk_ver/v09/v0909	SES106	2.3705	12.3953	10.0248
spk_ver/v09/v0910	SES148	-1.33573	10.7706	12.1063
spk_ver/v09/v0911	SES148	-2.88584	10.2017	13.0876
spk_ver/v09/v0912	SES142	0.700139	16.646	15.9458
spk_ver/v09/v0913	SES148	-2.98168	7.45715	10.4388
spk_ver/v09/v0914	SES148	-3.13969	9.02812	12.1678
spk_ver/v09/v0915	SES148	-4.48462	8.49891	12.9835
spk_ver/v09/v0916	SES148	-2.84937	11.3634	14.2128
spk_ver/v09/v0917	SES148	0.88919	14.2696	13.3804
spk_ver/v09/v0918	SES148	-1.12677	12.1592	13.286
spk_ver/v09/v0919	SES270	1.91082	12.8875	10.9767
spk_ver/v09/v0920	SES148	-2.13027	10.8506	12.9809
spk_ver/v09/v0921	SES148	-2.6042	9.89134	12.4955
spk_ver/v09/v0922	SES129	1.0654	15.1184	14.053
spk_ver/v09/v0923	SES117	1.28731	16.4287	15.1414
spk_ver/v09/v0924	SES042	3.22271	15.9481	12.7254
spk_ver/v09/v0925	SES148	-4.106	6.02269	10.1287
spk_ver/v09/v0926	SES148	-5.13413	4.33802	9.47215
spk_ver/v09/v0927	SES144	0.739155	15.0519	14.3128
spk_ver/v09/v0928	SES007	1.10153	15.1772	14.0757
spk_ver/v09/v0929	SES148	-2.64274	14.1627	16.8055
spk_ver/v09/v0930	SES148	-0.984558	13.1616	14.1462
spk_ver/v09/v0931	SES148	-2.24691	11.1707	13.4177
spk_ver/v09/v0932	SES202	1.45774	18.4689	17.0112
spk_ver/v09/v0933	SES148	-1.20884	14.0011	15.21
spk_ver/v09/v0934	SES148	-3.56485	8.18374	11.7486
spk_ver/v09/v0935	SES060	1.0458	16.0252	14.9794
spk_ver/v09/v0936	SES060	0.750808	14.9242	14.1734
spk_ver/v09/v0937	SES148	-1.97121	11.48	13.4512
spk_ver/v09/v0938	SES148	-1.43225	13.4089	14.8411
spk_ver/v09/v0939	SES148	-3.26773	9.67224	12.94
spk_ver/v09/v0940	SES148	-2.29352	10.0949	12.3885
spk_ver/v09/v0941	SES149	-3.23635	7.40554	10.6419
spk_ver/v09/v0942	SES149	-3.3558	12.1125	15.4683
spk_ver/v09/v0943	SES149	-1.74014	11.6357	13.3759
spk_ver/v09/v0944	SES149	-2.34228	8.66819	11.0105
spk_ver/v09/v0945	SES105	0.913243	13.465	12.5518
spk_ver/v09/v0946	SES149	-3.65288	9.41893	13.0718
spk_ver/v09/v0947	SES149	-2.84993	9.99045	12.8404
spk_ver/v09/v0948	SES149	-3.96415	10.5022	14.4663
spk_ver/v09/v0949	SES149	-1.67321	13.4313	15.1045
spk_ver/v09/v0950	SES226	1.47157	14.9244	13.4529
spk_ver/v09/v0951	SES149	-2.80937	10.5994	13.4088
spk_ver/v09/v0952	SES149	-4.68304	5.64969	10.3327
spk_ver/v09/v0953	SES062	1.10568	16.3118	15.2062
spk_ver/v09/v0954	SES149	-2.96379	12.0599	15.0236
spk_ver/v09/v0955	SES048	0.0740767	14.051	13.977
spk_ver/v09/v0956	SES158	-2.31202	10.3172	12.6292
spk_ver/v09/v0957	SES158	-5.91769	8.50776	14.4254
spk_ver/v09/v0958	SES158	-1.48702	11.8862	13.3732
spk_ver/v09/v0959	SES158	-3.60968	8.64522	12.2549
spk_ver/v09/v0960	SES158	-4.32869	9.11302	13.4417
spk_ver/v09/v0961	SES147	0.98562	13.9113	12.9257
spk_ver/v09/v0962	SES158	-5.80422	7.99948	13.8037
spk_ver/v09/v0963	SES292	0.389988	15.4144	15.0244
spk_ver/v09/v0964	SES060	1.46905	16.2115	14.7425
spk_ver/v09/v0965	SES002	1.08118	12.8201	11.7389
spk_ver/v09/v0966	SES149	1.21831	15.9407	14.7224
spk_ver/v09/v0967	SES158	-6.96193	8.04044	15.0024
spk_ver/v09/v0968	SES158	-3.98044	6.77385	10.7543
spk_ver/v09/v0969	SES275	-0.106574	11.8195	11.926
spk_ver/v09/v0970	SES158	-4.78161	10.5051	15.2867
spk_ver/v09/v0971	SES158	-3.37186	9.82269	13.1945
spk_ver/v09/v0972	SES002	1.45988	14.2196	12.7597
spk_ver/v09/v0973	SES158	-4.87782	9.8828	14.7606
spk_ver/v09/v0974	SES202	1.29656	16.876	15.5794
spk_ver/v09/v0975	SES158	-5.95503	9.03154	14.9866
spk_ver/v09/v0976	SES158	-0.741075	12.0599	12.801
spk_ver/v09/v0977	SES162	-2.52822	12.2483	14.7765
spk_ver/v09/v0978	SES162	-5.4846	3.96728	9.45188
spk_ver/v09/v0979	SES162	-6.3858	5.33561	11.7214
spk_ver/v09/v0980	SES162	-2.49548	10.8246	13.3201
spk_ver/v09/v0981	SES162	-3.31333	9.61021	12.9235
spk_ver/v09/v0982	SES259	2.60723	15.079	12.4717
spk_ver/v09/v0983	SES162	-5.65092	2.32767	7.97859
spk_ver/v09/v0984	SES162	-2.13897	12.6897	14.8286
spk_ver/v09/v0985	SES162	-1.74436	12.5311	14.2754
spk_ver/v09/v0986	SES062	1.20818	16.4873	15.2791
spk_ver/v09/v0987	SES162	-1.65317	12.0297	13.6829
spk_ver/v09/v0988	SES162	-4.5827	7.82321	12.4059
spk_ver/v09/v0989	SES162	-5.98731	3.74679	9.73411
spk_ver/v09/v0990	SES162	-4.18461	10.8166	15.0012
spk_ver/v09/v0991	SES087	1.57714	13.7288	12.1517
spk_ver/v09/v0992	SES120	-0.0165625	12.251	12.2675
spk_ver/v09/v0993	SES162	-4.54517	8.4781	13.0233
spk_ver/v09/v0994	SES162	-1.74004	14.7084	16.4485
spk_ver/v09/v0995	SES162	-5.08681	9.0109	14.0977
spk_ver/v09/v0996	SES162	-3.15097	13.6751	16.826
spk_ver/v09/v0997	SES162	-5.1507	7.22025	12.3709
spk_ver/v09/v0998	SES162	-3.04733	8.46364	11.511
spk_ver/v09/v0999	SES162	-2.8624	15.694	18.5564
spk_ver/v10/v1000	SES162	-5.45458	6.66087	12.1155
spk_ver/v10/v1001	SES148	1.50067	13.1157	11.6151
spk_ver/v10/v1002	SES162	-1.52225	10.8981	12.4203
spk_ver/v10/v1003	SES162	-2.70186	13.4956	16.1974
spk_ver/v10/v1004	SES162	-2.4475	10.0878	12.5353
spk_ver/v10/v1005	SES162	-4.92029	5.61782	10.5381
spk_ver/v10/v1006	SES162	-4.38907	9.7176	14.1067
spk_ver/v10/v1007	SES162	-1.78428	11.0845	12.8687
spk_ver/v10/v1008	SES162	-6.68323	2.81664	9.49987
spk_ver/v10/v1009	SES162	-6.63532	5.4792	12.1145
spk_ver/v10/v1010	SES167	-4.28738	5.52724	9.81462
spk_ver/v10/v1011	SES167	-1.17594	12.8168	13.9927
spk_ver/v10/v1012	SES167	-2.67473	9.51013	12.1849
spk_ver/v10/v1013	SES167	-6.35802	5.265	11.623
spk_ver/v10/v1014	SES167	-1.39768	14.1118	15.5094
spk_ver/v10/v1015	SES167	-2.25255	12.2925	14.5451
spk_ver/v10/v1016	SES167	-2.00967	13.9659	15.9755
spk_ver/v10/v1017	SES167	-2.19021	14.2206	16.4108
spk_ver/v10/v1018	SES167	-4.02053	10.3891	14.4097
spk_ver/v10/v1019	SES167	-3.52965	10.5175	14.0472
spk_ver/v10/v1020	SES167	-8.99726	1.87188	10.8691
spk_ver/v10/v1021	SES167	-2.44892	8.67243	11.1214
spk_ver/v10/v1022	SES167	-6.04457	7.273	13.3176
spk_ver/v10/v1023	SES167	-3.88849	8.99525	12.8837
spk_ver/v10/v1024	SES167	-6.29164	6.1654	12.457
spk_ver/v10/v1025	SES167	-2.38854	12.33	14.7186
spk_ver/v10/v1026	SES167	-4.11728	11.0105	15.1277
spk_ver/v10/v1027	SES167	-2.39793	13.3689	15.7668
spk_ver/v10/v1028	SES167	-6.13818	4.97993	11.1181
spk_ver/v10/v1029	SES167	-5.77887	7.54413	13.323
spk_ver/v10/v1030	SES167	-3.82633	8.96126	12.7876
spk_ver/v10/v1031	SES167	-6.1015	5.01014	11.1116
spk_ver/v10/v1032	SES167	-5.12393	8.64259	13.7665
spk_ver/v10/v1033	SES167	-5.88253	7.92576	13.8083
spk_ver/v10/v1034	SES002	1.29429	14.8282	13.5339
spk_ver/v10/v1035	SES167	-1.03185	14.4151	15.4469
spk_ver/v10/v1036	SES083	0.95479	15.5676	14.6129
spk_ver/v10/v1037	SES167	-3.05737	10.2592	13.3166
spk_ver/v10/v1038	SES167	-3.77149	10.4761	14.2476
spk_ver/v10/v1039	SES167	-2.98604	10.2921	13.2781
spk_ver/v10/v1040	SES167	-6.78274	2.78841	9.57114
spk_ver/v10/v1041	SES167	-1.582	11.7156	13.2976
spk_ver/v10/v1042	SES087	1.46789	13.3183	11.8504
spk_ver/v10/v1043	SES029	1.02194	16.0389	15.017
spk_ver/v10/v1044	SES206	0.66196	14.3796	13.7177
spk_ver/v10/v1045	SES172	-2.54445	9.21756	11.762
spk_ver/v10/v1046	SES172	0.669549	15.5546	14.8851
spk_ver/v10/v1047	SES172	-1.93053	10.731	12.6615
spk_ver/v10/v1048	SES259	3.02434	15.6562	12.6318
spk_ver/v10/v1049	SES172	-4.08013	8.67798	12.7581
spk_ver/v10/v1050	SES120	0.891075	13.1855	12.2944
spk_ver/v10/v1051	SES172	-2.57259	14.3114	16.8839
spk_ver/v10/v1052	SES172	-1.97346	12.3661	14.3395
spk_ver/v10/v1053	SES172	-2.73688	13.7321	16.469
spk_ver/v10/v1054	SES172	-3.25618	10.8896	14.1457
spk_ver/v10/v1055	SES189	0.891215	11.7707	10.8795
spk_ver/v10/v1056	SES172	-3.02241	8.81147	11.8339
spk_ver/v10/v1057	SES172	-2.66474	10.2554	12.9202
spk_ver/v10/v1058	SES172	-1.02202	14.8896	15.9117
spk_ver/v10/v1059	SES172	-3.17244	10.5175	13.6899
spk_ver/v10/v1060	SES029	0.678183	15.2581	14.5799
spk_ver/v10/v1061	SES175	-8.43353	3.30774	11.7413
spk_ver/v10/v1062	SES187	0.319496	16.3326	16.0131
spk_ver/v10/v1063	SES019	3.15279	13.1028	9.94997
spk_ver/v10/v1064	SES175	-5.13104	7.01758	12.1486
spk_ver/v10/v1065	SES175	-5.09248	6.6529	11.7454
spk_ver/v10/v1066	SES175	-8.45067	0.766522	9.21719
spk_ver/v10/v1067	SES175	-2.39929	9.87527	12.2746
spk_ver/v10/v1068	SES175	-3.27634	6.60938	9.88572
spk_ver/v10/v1069	SES016	1.82806	17.2519	15.4238
spk_ver/v10/v1070	SES175	-4.19773	10.9074	15.1051
spk_ver/v10/v1071	SES175	-2.46809	12.8825	15.3506
spk_ver/v10/v1072	SES175	-4.91058	6.53532	11.4459
spk_ver/v10/v1073	SES029	-0.0813265	15.5278	15.6092
spk_ver/v10/v1074	SES175	-2.96613	9.32977	12.2959
spk_ver/v10/v1075	SES175	-1.09618	14.8177	15.9139
spk_ver/v10/v1076	SES175	-1.08988	15.9663	17.0562
spk_ver/v10/v1077	SES175	-3.86235	10.4845	14.3468
spk_ver/v10/v1078	SES127	0.482559	17.884	17.4014
spk_ver/v10/v1079	SES175	-4.10377	9.82638	13.9302
spk_ver/v10/v1080	SES175	-3.61361	9.79263	13.4062
spk_ver/v10/v1081	SES175	-4.46409	7.09696	11.5611
spk_ver/v10/v1082	SES175	-3.46603	10.7746	14.2406
spk_ver/v10/v1083	SES007	1.25778	13.89	12.6322
spk_ver/v10/v1084	SES068	0.639011	16.5135	15.8745
spk_ver/v10/v1085	SES008	0.0306702	15.7535	15.7229
spk_ver/v10/v1086	SES175	-1.42826	12.9489	14.3772
spk_ver/v10/v1087	SES175	-3.58324	10.566	14.1493
spk_ver/v10/v1088	SES008	1.28306	15.4167	14.1337
spk_ver/v10/v1089	SES177	-3.04128	11.2099	14.2512
spk_ver/v10/v1090	SES177	-4.63485	7.58474	12.2196
spk_ver/v10/v1091	SES177	-4.01298	7.29084	11.3038
spk_ver/v10/v1092	SES177	-1.39022	12.2168	13.607
spk_ver/v10/v1093	SES177	-5.67532	6.65165	12.327
spk_ver/v10/v1094	SES002	1.59686	14.5897	12.9928
spk_ver/v10/v1095	SES104	1.27629	14.7094	13.4331
spk_ver/v10/v1096	SES177	-2.22012	11.357	13.5771
spk_ver/v10/v1097	SES177	-2.68983	9.96015	12.65
spk_ver/v10/v1098	SES177	-2.83548	13.7979	16.6333
spk_ver/v10/v1099	SES177	-0.975736	13.4615	14.4373
spk_ver/v11/v1100	SES177	-4.09533	7.15514	11.2505
spk_ver/v11/v1101	SES085	0.0478783	15.85	15.8021
spk_ver/v11/v1102	SES187	1.49555	17.1055	15.6099
spk_ver/v11/v1103	SES177	-1.66687	13.8063	15.4732
spk_ver/v11/v1104	SES177	0.543841	16.1454	15.6015
spk_ver/v11/v1105	SES177	-1.19094	13.8565	15.0475
spk_ver/v11/v1106	SES177	-3.10218	9.06022	12.1624
spk_ver/v11/v1107	SES177	-1.37475	13.5668	14.9415
spk_ver/v11/v1108	SES177	-1.35762	14.96	16.3177
spk_ver/v11/v1109	SES125	1.47678	13.8475	12.3707
spk_ver/v11/v1110	SES177	-3.40022	8.99914	12.3994
spk_ver/v11/v1111	SES177	-2.57634	12.1736	14.7499
spk_ver/v11/v1112	SES177	-3.96322	8.54883	12.512
spk_ver/v11/v1113	SES177	-6.24013	6.62811	12.8682
spk_ver/v11/v1114	SES177	-1.28121	12.827	14.1082
spk_ver/v11/v1115	SES177	-1.82561	10.5566	12.3822
spk_ver/v11/v1116	SES085	0.798706	18.0533	17.2546
spk_ver/v11/v1117	SES147	0.579534	13.7569	13.1774
spk_ver/v11/v1118	SES177	-1.65088	12.1565	13.8073
spk_ver/v11/v1119	SES177	-3.5876	7.47255	11.0602
spk_ver/v11/v1120	SES180	-6.62917	5.27437	11.9035
spk_ver/v11/v1121	SES189	0.114963	12.5408	12.4258
spk_ver/v11/v1122	SES117	0.222485	11.6057	11.3833
spk_ver/v11/v1123	SES129	1.49485	15.251	13.7561
spk_ver/v11/v1124	SES180	-2.71856	11.8674	14.5859
spk_ver/v11/v1125	SES180	-1.87861	13.2109	15.0895
spk_ver/v11/v1126	SES180	-1.89403	14.4189	16.3129
spk_ver/v11/v1127	SES180	-3.16706	10.7365	13.9035
spk_ver/v11/v1128	SES016	0.691936	14.6226	13.9306
spk_ver/v11/v1129	SES158	0.954185	12.7636	11.8094
spk_ver/v11/v1130	SES180	-4.0007	8.92176	12.9225
spk_ver/v11/v1131	SES180	-4.67215	10.9226	15.5947
spk_ver/v11/v1132	SES180	-1.28809	14.9773	16.2654
spk_ver/v11/v1133	SES180	-4.26281	9.19911	13.4619
spk_ver/v11/v1134	SES180	-2.53823	8.2718	10.81
spk_ver/v11/v1135	SES180	-2.35548	12.3385	14.694
spk_ver/v11/v1136	SES180	-6.26452	2.47165	8.73617
spk_ver/v11/v1137	SES148	-0.164785	13.2779	13.4427
spk_ver/v11/v1138	SES104	2.13005	17.2076	15.0775
spk_ver/v11/v1139	SES180	-4.91607	4.79195	9.70802
spk_ver/v11/v1140	SES083	1.05109	15.025	13.9739
spk_ver/v11/v1141	SES180	-4.92254	6.93036	11.8529
spk_ver/v11/v1142	SES180	-3.52396	10.1695	13.6934
spk_ver/v11/v1143	SES180	-3.56039	9.68151	13.2419
spk_ver/v11/v1144	SES099	1.20314	12.8785	11.6753
spk_ver/v11/v1145	SES180	-2.1454	13.5927	15.7381
spk_ver/v11/v1146	SES183	-2.90026	12.1313	15.0315
spk_ver/v11/v1147	SES183	-2.15386	12.8476	15.0014
spk_ver/v11/v1148	SES183	-4.08221	5.77314	9.85534
spk_ver/v11/v1149	SES183	-6.18863	6.7813	12.9699
spk_ver/v11/v1150	SES183	-5.32289	6.39571	11.7186
spk_ver/v11/v1151	SES082	1.22488	13.3294	12.1045
spk_ver/v11/v1152	SES183	-2.42169	9.28434	11.706
spk_ver/v11/v1153	SES183	-1.42527	13.4337	14.8589
spk_ver/v11/v1154	SES002	1.33687	14.9919	13.655
spk_ver/v11/v1155	SES183	-2.16599	12.5707	14.7367
spk_ver/v11/v1156	SES183	-3.51421	6.47853	9.99275
spk_ver/v11/v1157	SES183	-3.06704	10.3284	13.3954
spk_ver/v11/v1158	SES183	-1.54948	12.4796	14.0291
spk_ver/v11/v1159	SES183	-2.06475	11.65	13.7148
spk_ver/v11/v1160	SES183	-7.33872	3.737	11.0757
spk_ver/v11/v1161	SES183	-2.50271	4.90319	7.4059
spk_ver/v11/v1162	SES105	1.28519	13.4013	12.1161
spk_ver/v11/v1163	SES183	-4.69748	7.8182	12.5157
spk_ver/v11/v1164	SES259	2.56931	14.3808	11.8115
spk_ver/v11/v1165	SES183	-1.84035	12.268	14.1084
spk_ver/v11/v1166	SES183	-6.19112	6.21012	12.4012
spk_ver/v11/v1167	SES183	-1.95853	11.0328	12.9913
spk_ver/v11/v1168	SES183	-1.9378	13.6287	15.5665
spk_ver/v11/v1169	SES183	-5.43533	7.90037	13.3357
spk_ver/v11/v1170	SES183	-4.33877	13.6055	17.9443
spk_ver/v11/v1171	SES183	-8.07039	2.60399	10.6744
spk_ver/v11/v1172	SES187	-3.24409	8.74336	11.9875
spk_ver/v11/v1173	SES019	3.5026	12.5884	9.08577
spk_ver/v11/v1174	SES187	-4.11303	5.48415	9.59717
spk_ver/v11/v1175	SES187	-2.4688	10.8233	13.2921
spk_ver/v11/v1176	SES083	0.362188	15.8606	15.4984
spk_ver/v11/v1177	SES187	-4.21711	6.19565	10.4128
spk_ver/v11/v1178	SES187	-4.56218	6.80268	11.3649
spk_ver/v11/v1179	SES187	-2.36588	11.1055	13.4714
spk_ver/v11/v1180	SES187	-1.31498	10.926	12.241
spk_ver/v11/v1181	SES187	-5.46411	8.54782	14.0119
spk_ver/v11/v1182	SES187	-1.3242	14.7719	16.0961
spk_ver/v11/v1183	SES187	-3.03163	6.72679	9.75842
spk_ver/v11/v1184	SES187	-0.108403	13.5402	13.6486
spk_ver/v11/v1185	SES127	1.00945	17.8177	16.8082
spk_ver/v11/v1186	SES187	-1.34609	12.3593	13.7054
spk_ver/v11/v1187	SES187	-2.39796	12.4889	14.8869
spk_ver/v11/v1188	SES187	-1.33753	11.8414	13.1789
spk_ver/v11/v1189	SES042	1.69903	14.6229	12.9239
spk_ver/v11/v1190	SES187	-1.30891	13.6083	14.9172
spk_ver/v11/v1191	SES187	-3.81234	5.34863	9.16098
spk_ver/v11/v1192	SES187	-3.62483	6.76896	10.3938
spk_ver/v11/v1193	SES183	1.04621	13.6839	12.6377
spk_ver/v11/v1194	SES187	-2.94683	11.1835	14.1303
spk_ver/v11/v1195	SES187	-3.3928	8.01294	11.4057
spk_ver/v11/v1196	SES146	1.1309	11.9213	10.7904
spk_ver/v11/v1197	SES189	-5.73964	7.26133	13.001
spk_ver/v11/v1198	SES175	1.18703	15.9595	14.7724
spk_ver/v11/v1199	SES189	-5.261	5.0413	10.3023
spk_ver/v12/v1200	SES189	-2.65329	14.0943	16.7475
spk_ver/v12/v1201	SES177	0.738545	16.089	15.3504
spk_ver/v12/v1202	SES189	-2.12838	12.5608	14.6892
spk_ver/v12/v1203	SES143	-0.109718	13.4391	13.5488
spk_ver/v12/v1204	SES189	-2.99657	11.8846	14.8811
spk_ver/v12/v1205	SES189	-2.63942	13.3225	15.9619
spk_ver/v12/v1206	SES189	-5.10212	4.70044	9.80255
spk_ver/v12/v1207	SES189	-4.27576	8.78695	13.0627
spk_ver/v12/v1208	SES189	-4.8235	12.3263	17.1498
spk_ver/v12/v1209	SES189	-5.77146	4.87397	10.6454
spk_ver/v12/v1210	SES189	-1.7159	13.0592	14.7751
spk_ver/v12/v1211	SES062	1.48086	16.4593	14.9785
spk_ver/v12/v1212	SES189	-3.7476	11.6122	15.3598
spk_ver/v12/v1213	SES048	1.32222	15.1205	13.7983
spk_ver/v12/v1214	SES042	3.2902	16.015	12.7248
spk_ver/v12/v1215	SES008	2.01066	15.1803	13.1697
spk_ver/v12/v1216	SES202	-5.66564	8.86537	14.531
spk_ver/v12/v1217	SES202	-3.70399	9.91529	13.6193
spk_ver/v12/v1218	SES085	0.461685	17.1126	16.6509
spk_ver/v12/v1219	SES202	-2.97745	12.1096	15.0871
spk_ver/v12/v1220	SES202	-2.42787	12.8726	15.3004
spk_ver/v12/v1221	SES202	-2.58753	11.5055	14.093
spk_ver/v12/v1222	SES202	-6.84698	4.03755	10.8845
spk_ver/v12/v1223	SES158	0.892676	12.4661	11.5734
spk_ver/v12/v1224	SES202	-2.75583	11.4072	14.163
spk_ver/v12/v1225	SES202	-3.54914	8.54217	12.0913
spk_ver/v12/v1226	SES202	-3.81047	13.1938	17.0043
spk_ver/v12/v1227	SES202	-2.99558	10.4712	13.4667
spk_ver/v12/v1228	SES177	0.352245	15.8688	15.5166
spk_ver/v12/v1229	SES202	-4.43451	10.2958	14.7303
spk_ver/v12/v1230	SES202	-2.73805	12.4909	15.2289
spk_ver/v12/v1231	SES202	-3.82444	10.5815	14.406
spk_ver/v12/v1232	SES202	-3.07598	10.6694	13.7454
spk_ver/v12/v1233	SES206	1.08531	14.9925	13.9072
spk_ver/v12/v1234	SES202	-5.45423	4.57735	10.0316
spk_ver/v12/v1235	SES202	-2.99054	12.0528	15.0433
spk_ver/v12/v1236	SES125	2.11236	13.4295	11.3171
spk_ver/v12/v1237	SES127	0.713185	15.3306	14.6174
spk_ver/v12/v1238	SES202	1.95284	16.8399	14.8871
spk_ver/v12/v1239	SES167	1.5188	17.6643	16.1455
spk_ver/v12/v1240	SES206	-4.19111	7.8319	12.023
spk_ver/v12/v1241	SES206	-5.28084	9.89962	15.1805
spk_ver/v12/v1242	SES206	-0.803936	12.4963	13.3003
spk_ver/v12/v1243	SES206	-2.6766	8.9862	11.6628
spk_ver/v12/v1244	SES259	2.77509	14.2655	11.4904
spk_ver/v12/v1245	SES206	-3.156	11.2151	14.3711
spk_ver/v12/v1246	SES206	-2.9143	11.8382	14.7525
spk_ver/v12/v1247	SES206	-1.66219	10.6665	12.3287
spk_ver/v12/v1248	SES206	-6.00448	7.54715	13.5516
spk_ver/v12/v1249	SES270	2.4469	12.6003	10.1534
spk_ver/v12/v1250	SES206	-3.5649	9.9066	13.4715
spk_ver/v12/v1251	SES206	-2.71062	11.9156	14.6263
spk_ver/v12/v1252	SES206	-2.43098	10.7185	13.1495
spk_ver/v12/v1253	SES206	-1.55192	11.0782	12.6302
spk_ver/v12/v1254	SES206	-2.60464	8.1124	10.717
spk_ver/v12/v1255	SES125	2.10542	13.9087	11.8033
spk_ver/v12/v1256	SES206	-5.77146	11.342	17.1135
spk_ver/v12/v1257	SES206	-4.49074	10.1134	14.6041
spk_ver/v12/v1258	SES206	-2.37903	9.59107	11.9701
spk_ver/v12/v1259	SES206	-5.58029	10.449	16.0293
spk_ver/v12/v1260	SES206	-4.41757	10.6717	15.0893
spk_ver/v12/v1261	SES206	-5.43012	10.8676	16.2977
spk_ver/v12/v1262	SES206	-6.75718	9.07195	15.8291
spk_ver/v12/v1263	SES206	-3.76739	10.6872	14.4546
spk_ver/v12/v1264	SES149	0.880686	14.56	13.6794
spk_ver/v12/v1265	SES206	-1.84716	8.54254	10.3897
spk_ver/v12/v1266	SES206	-4.75527	10.975	15.7303
spk_ver/v12/v1267	SES206	-1.20455	7.4654	8.66994
spk_ver/v12/v1268	SES206	-3.30281	9.32006	12.6229
spk_ver/v12/v1269	SES206	-6.55829	7.7556	14.3139
spk_ver/v12/v1270	SES206	-6.9631	5.97008	12.9332
spk_ver/v12/v1271	SES226	-5.70268	8.9587	14.6614
spk_ver/v12/v1272	SES226	-1.76548	12.3641	14.1296
spk_ver/v12/v1273	SES226	-5.56641	10.6662	16.2326
spk_ver/v12/v1274	SES226	-5.46008	8.77733	14.2374
spk_ver/v12/v1275	SES226	-1.21278	8.74769	9.96047
spk_ver/v12/v1276	SES226	-5.71686	7.8218	13.5387
spk_ver/v12/v1277	SES226	-2.00156	11.1371	13.1387
spk_ver/v12/v1278	SES226	-1.0288	10.5073	11.5361
spk_ver/v12/v1279	SES226	-5.34108	11.311	16.6521
spk_ver/v12/v1280	SES226	-3.67661	9.43943	13.116
spk_ver/v12/v1281	SES226	-1.12321	10.3144	11.4376
spk_ver/v12/v1282	SES226	-2.48965	9.11869	11.6083
spk_ver/v12/v1283	SES143	1.34759	14.8431	13.4955
spk_ver/v12/v1284	SES226	-4.69197	10.8359	15.5279
spk_ver/v12/v1285	SES226	-2.92915	9.96143	12.8906
spk_ver/v12/v1286	SES226	-2.53077	8.40415	10.9349
spk_ver/v12/v1287	SES226	-3.4973	10.2841	13.7814
spk_ver/v12/v1288	SES226	-5.53211	10.1064	15.6385
spk_ver/v12/v1289	SES104	1.73344	13.8888	12.1553
spk_ver/v12/v1290	SES008	2.66649	16.1188	13.4523
spk_ver/v12/v1291	SES226	-1.48632	10.0399	11.5262
spk_ver/v12/v1292	SES259	-5.82653	5.40938	11.2359
spk_ver/v12/v1293	SES062	0.807508	15.5449	14.7374
spk_ver/v12/v1294	SES099	1.68906	12.0411	10.3521
spk_ver/v12/v1295	SES158	0.798322	11.1309	10.3326
spk_ver/v12/v1296	SES259	-5.32703	11.6252	16.9522
spk_ver/v12/v1297	SES259	-5.0612	8.47874	13.5399
spk_ver/v12/v1298	SES259	-5.36842	7.77267	13.1411
spk_ver/v12/v1299	SES259	-6.05247	7.25954	13.312
spk_ver/v13/v1300	SES120	1.27693	13.2899	12.013
spk_ver/v13/v1301	SES259	-6.8843	9.07403	15.9583
spk_ver/v13/v1302	SES259	-5.73952	6.44528	12.1848
spk_ver/v13/v1303	SES129	1.19361	14.3547	13.1611
spk_ver/v13/v1304	SES259	-3.36545	11.0938	14.4592
spk_ver/v13/v1305	SES259	-7.13423	5.7713	12.9055
spk_ver/v13/v1306	SES106	1.23222	12.6718	11.4396
spk_ver/v13/v1307	SES259	-5.21753	9.56438	14.7819
spk_ver/v13/v1308	SES259	-2.57833	9.52672	12.1051
spk_ver/v13/v1309	SES259	-5.74237	10.0774	15.8198
spk_ver/v13/v1310	SES259	-6.10679	9.23441	15.3412
spk_ver/v13/v1311	SES259	-4.47657	9.79711	14.2737
spk_ver/v13/v1312	SES259	-4.51026	8.82925	13.3395
spk_ver/v13/v1313	SES144	0.866105	15.9071	15.041
spk_ver/v13/v1314	SES259	-6.02577	8.53183	14.5576
spk_ver/v13/v1315	SES162	1.26372	14.6257	13.362
spk_ver/v13/v1316	SES206	0.658517	13.8062	13.1477
spk_ver/v13/v1317	SES175	0.183388	14.7382	14.5548
spk_ver/v13/v1318	SES259	-6.0413	6.94333	12.9846
spk_ver/v13/v1319	SES259	-5.55869	9.22991	14.7886
spk_ver/v13/v1320	SES270	-0.624327	11.7709	12.3952
spk_ver/v13/v1321	SES101	0.0803223	14.8081	14.7277
spk_ver/v13/v1322	SES177	0.841557	17.0297	16.1882
spk_ver/v13/v1323	SES127	0.904671	17.3786	16.474
spk_ver/v13/v1324	SES270	-4.20111	10.2496	14.4507
spk_ver/v13/v1325	SES062	0.822477	15.4302	14.6077
spk_ver/v13/v1326	SES270	-0.360991	10.7318	11.0928
spk_ver/v13/v1327	SES120	0.186408	11.2809	11.0945
spk_ver/v13/v1328	SES270	-5.04456	7.32618	12.3707
spk_ver/v13/v1329	SES270	-4.72706	11.6053	16.3323
spk_ver/v13/v1330	SES270	-1.11686	10.0387	11.1555
spk_ver/v13/v1331	SES270	-4.79284	11.8201	16.6129
spk_ver/v13/v1332	SES270	-1.63909	12.0841	13.7232
spk_ver/v13/v1333	SES270	-2.10169	9.07604	11.1777
spk_ver/v13/v1334	SES270	-3.54559	9.4181	12.9637
spk_ver/v13/v1335	SES270	-0.2822	12.3049	12.5871
spk_ver/v13/v1336	SES270	-2.0392	9.56168	11.6009
spk_ver/v13/v1337	SES016	1.84809	16.8406	14.9925
spk_ver/v13/v1338	SES270	-4.99571	10.8926	15.8883
spk_ver/v13/v1339	SES002	0.931179	13.9473	13.0161
spk_ver/v13/v1340	SES105	2.42705	13.7194	11.2923
spk_ver/v13/v1341	SES275	-3.00294	11.1097	14.1127
spk_ver/v13/v1342	SES187	1.10431	16.7531	15.6488
spk_ver/v13/v1343	SES275	-3.01232	10.9697	13.982
spk_ver/v13/v1344	SES275	-4.0887	6.69788	10.7866
spk_ver/v13/v1345	SES275	-2.42192	8.71299	11.1349
spk_ver/v13/v1346	SES275	-6.17628	5.61093	11.7872
spk_ver/v13/v1347	SES275	-3.75108	12.1652	15.9163
spk_ver/v13/v1348	SES180	0.363494	15.3555	14.992
spk_ver/v13/v1349	SES275	-3.32632	8.83839	12.1647
spk_ver/v13/v1350	SES275	-1.80244	13.2515	15.0539
spk_ver/v13/v1351	SES275	-4.97937	6.96387	11.9432
spk_ver/v13/v1352	SES275	-2.67714	11.3589	14.0361
spk_ver/v13/v1353	SES275	-1.97759	5.5473	7.52489
spk_ver/v13/v1354	SES189	0.564592	10.8664	10.3018
spk_ver/v13/v1355	SES068	0.386434	15.2448	14.8584
spk_ver/v13/v1356	SES275	-3.26044	5.82027	9.08071
spk_ver/v13/v1357	SES048	-0.376671	12.9008	13.2775
spk_ver/v13/v1358	SES226	2.08044	16.2065	14.1261
spk_ver/v13/v1359	SES016	1.1595	15.4815	14.322
spk_ver/v13/v1360	SES275	-3.45113	11.6238	15.0749
spk_ver/v13/v1361	SES068	0.852804	17.3603	16.5075
spk_ver/v13/v1362	SES275	-3.53194	7.25428	10.7862
spk_ver/v13/v1363	SES275	-3.35009	8.5287	11.8788
spk_ver/v13/v1364	SES275	-3.66437	10.0344	13.6987
spk_ver/v13/v1365	SES275	-1.54655	13.2798	14.8264
spk_ver/v13/v1366	SES187	0.914791	17.3474	16.4326
spk_ver/v13/v1367	SES275	-4.18378	6.04111	10.2249
spk_ver/v13/v1368	SES125	1.25896	13.4432	12.1842
spk_ver/v13/v1369	SES275	-2.03269	6.18175	8.21444
spk_ver/v13/v1370	SES292	-2.38193	9.51031	11.8922
spk_ver/v13/v1371	SES292	-2.01596	10.8717	12.8876
spk_ver/v13/v1372	SES292	-2.48192	7.51	9.99192
spk_ver/v13/v1373	SES292	-2.45485	12.1567	14.6115
spk_ver/v13/v1374	SES101	1.0043	14.4357	13.4314
spk_ver/v13/v1375	SES292	-2.77598	11.8321	14.6081
spk_ver/v13/v1376	SES292	-2.20601	12.3776	14.5836
spk_ver/v13/v1377	SES292	-3.86547	8.73481	12.6003
spk_ver/v13/v1378	SES292	-1.56205	12.3626	13.9246
spk_ver/v13/v1379	SES292	-1.74081	11.199	12.9398
spk_ver/v13/v1380	SES292	-2.91819	11.5523	14.4705
spk_ver/v13/v1381	SES292	-1.71398	13.5935	15.3075
spk_ver/v13/v1382	SES292	-2.12459	13.3903	15.5149
spk_ver/v13/v1383	SES292	-1.83501	9.31535	11.1504
spk_ver/v13/v1384	SES292	-1.6892	13.9259	15.6151
spk_ver/v13/v1385	SES292	-2.29766	12.4261	14.7238
spk_ver/v13/v1386	SES292	-2.23554	11.9126	14.1481
spk_ver/v13/v1387	SES158	1.92219	11.2774	9.35517
spk_ver/v13/v1388	SES292	-1.46799	14.9448	16.4128
spk_ver/v13/v1389	SES292	-1.70001	16.23	17.93
spk_ver/v13/v1390	SES292	-2.1544	11.6274	13.7818
spk_ver/v13/v1391	SES292	-2.65194	12.2932	14.9452
spk_ver/v13/v1392	SES292	-2.9138	10.7216	13.6354
spk_ver/v13/v1393	SES292	-1.91909	10.6989	12.618
spk_ver/v13/v1394	SES292	-2.35117	13.1383	15.4894
spk_ver/v13/v1395	SES292	-1.97937	10.2567	12.2361
spk_ver/v13/v1396	SES117	0.543342	13.9093	13.366
spk_ver/v13/v1397	SES292	-2.40135	10.3943	12.7956
spk_ver/v13/v1398	SES292	-2.43815	9.90927	12.3474
spk_ver/v13/v1399	SES292	-0.820795	12.8344	13.6552
