spk_ver/v00/v0000	SES146	1.06704	-7.21438	-8.28142
spk_ver/v00/v0001	SES002	-3.56369	-13.1327	-9.56905
spk_ver/v00/v0002	SES002	-1.52166	-9.79361	-8.27196
spk_ver/v00/v0003	SES002	-2.53603	-11.0318	-8.49579
spk_ver/v00/v0004	SES002	-1.68546	-10.5347	-8.84928
spk_ver/v00/v0005	SES002	-1.98878	-9.82026	-7.83147
spk_ver/v00/v0006	SES002	-3.52759	-11.8447	-8.31709
spk_ver/v00/v0007	SES002	-0.849941	-8.9959	-8.14596
spk_ver/v00/v0008	SES146	0.0499773	-8.31715	-8.36712
spk_ver/v00/v0009	SES002	-0.793516	-8.80113	-8.00762
spk_ver/v00/v0010	SES002	-1.77512	-9.61844	-7.84333
spk_ver/v00/v0011	SES002	0.206315	-9.06593	-9.27225
spk_ver/v00/v0012	SES002	-2.70017	-10.6857	-7.98551
spk_ver/v00/v0013	SES002	-1.02295	-9.27666	-8.25371
spk_ver/v00/v0014	SES002	-1.39523	-9.98634	-8.59111
spk_ver/v00/v0015	SES002	-1.83867	-9.44016	-7.60149
spk_ver/v00/v0016	SES275	0.598083	-7.51828	-8.11636
spk_ver/v00/v0017	SES002	-0.449563	-9.35421	-8.90465
spk_ver/v00/v0018	SES002	-3.00119	-11.6197	-8.6185
spk_ver/v00/v0019	SES002	-0.215882	-8.3668	-8.15092
spk_ver/v00/v0020	SES002	-3.84081	-12.09	-8.24919
spk_ver/v00/v0021	SES002	-1.52726	-10.0781	-8.55086
spk_ver/v00/v0022	SES002	-1.36542	-9.33114	-7.96572
spk_ver/v00/v0023	SES002	-2.57781	-9.08029	-6.50248
spk_ver/v00/v0024	SES002	-4.17799	-12.792	-8.61397
spk_ver/v00/v0025	SES002	-1.60245	-9.75886	-8.15641
spk_ver/v00/v0026	SES002	-2.94595	-10.1595	-7.21356
spk_ver/v00/v0027	SES129	0.453846	-8.58707	-9.04091
spk_ver/v00/v0028	SES007	-1.34506	-9.24692	-7.90186
spk_ver/v00/v0029	SES083	-0.168793	-7.52119	-7.3524
spk_ver/v00/v0030	SES019	2.36915	-6.56078	-8.92992
spk_ver/v00/v0031	SES007	-0.541136	-8.57776	-8.03663
spk_ver/v00/v0032	SES270	0.564183	-7.2651	-7.82928
spk_ver/v00/v0033	SES007	-0.889326	-10.6897	-9.80033
spk_ver/v00/v0034	SES007	-1.14831	-9.56629	-8.41798
spk_ver/v00/v0035	SES007	-0.704985	-7.58081	-6.87583
spk_ver/v00/v0036	SES007	-0.70955	-8.14183	-7.43228
spk_ver/v00/v0037	SES007	-2.92951	-12.1763	-9.24682
spk_ver/v00/v0038	SES259	1.48584	-6.84423	-8.33007
spk_ver/v00/v0039	SES007	-2.76952	-12.267	-9.49746
spk_ver/v00/v0040	SES007	-1.98538	-10.1343	-8.1489
spk_ver/v00/v0041	SES007	-0.369529	-8.08613	-7.71661
spk_ver/v00/v0042	SES007	-1.04707	-8.70508	-7.65801
spk_ver/v00/v0043	SES007	0.151318	-6.79297	-6.94429
spk_ver/v00/v0044	SES007	-1.70935	-8.9587	-7.24935
spk_ver/v00/v0045	SES007	-0.822794	-8.4498	-7.62701
spk_ver/v00/v0046	SES007	-0.909913	-8.6144	-7.70449
spk_ver/v00/v0047	SES172	0.498438	-7.70897	-8.2074
spk_ver/v00/v0048	SES105	0.984789	-7.08397	-8.06876
spk_ver/v00/v0049	SES007	-0.6735	-7.95244	-7.27894
spk_ver/v00/v0050	SES292	0.0192256	-7.47005	-7.48928
spk_ver/v00/v0051	SES007	-0.227816	-8.16082	-7.933
spk_ver/v00/v0052	SES068	0.555662	-7.24005	-7.79571
spk_ver/v00/v0053	SES008	-1.00105	-8.38723	-7.38618
spk_ver/v00/v0054	SES008	-1.15702	-9.33851	-8.18149
spk_ver/v00/v0055	SES008	-0.902358	-9.61891	-8.71655
spk_ver/v00/v0056	SES008	-2.8179	-11.9586	-9.14068
spk_ver/v00/v0057	SES008	-2.63464	-11.2973	-8.66269
spk_ver/v00/v0058	SES083	0.452343	-7.70629	-8.15863
spk_ver/v00/v0059	SES158	0.861197	-7.09704	-7.95824
spk_ver/v00/v0060	SES008	-3.36309	-11.6613	-8.29819
spk_ver/v00/v0061	SES101	0.173936	-7.58937	-7.76331
spk_ver/v00/v0062	SES008	-1.70548	-9.74235	-8.03687
spk_ver/v00/v0063	SES008	-1.68746	-8.97968	-7.29222
spk_ver/v00/v0064	SES117	0.784276	-7.74882	-8.53309
spk_ver/v00/v0065	SES149	0.969524	-7.08595	-8.05547
spk_ver/v00/v0066	SES008	0.798518	-7.8071	-8.60562
spk_ver/v00/v0067	SES008	-1.34356	-9.5991	-8.25553
spk_ver/v00/v0068	SES162	0.789757	-8.75883	-9.54859
spk_ver/v00/v0069	SES008	-4.85759	-15.5748	-10.7172
spk_ver/v00/v0070	SES008	-1.20783	-9.46926	-8.26143
spk_ver/v00/v0071	SES008	-2.07691	-10.0428	-7.96588
spk_ver/v00/v0072	SES008	-0.820879	-7.67361	-6.85273
spk_ver/v00/v0073	SES008	-1.48807	-9.76141	-8.27334
spk_ver/v00/v0074	SES008	-2.85308	-11.9208	-9.06771
spk_ver/v00/v0075	SES008	-3.75743	-12.8694	-9.11193
spk_ver/v00/v0076	SES167	1.67439	-5.74666	-7.42105
spk_ver/v00/v0077	SES008	-0.972796	-8.00506	-7.03227
spk_ver/v00/v0078	SES177	0.117947	-6.89459	-7.01253
spk_ver/v00/v0079	SES008	-0.511307	-8.17611	-7.6648
spk_ver/v00/v0080	SES008	-1.50948	-9.71438	-8.20491
spk_ver/v00/v0081	SES008	-2.35611	-11.5	-9.14392
spk_ver/v00/v0082	SES008	-1.98712	-9.75157	-7.76446
spk_ver/v00/v0083	SES008	-3.49959	-12.6967	-9.19713
spk_ver/v00/v0084	SES144	0.931222	-6.91732	-7.84854
spk_ver/v00/v0085	SES008	-2.13924	-9.94364	-7.80439
spk_ver/v00/v0086	SES008	-1.74275	-7.94943	-6.20668
spk_ver/v00/v0087	SES008	-2.95987	-10.7577	-7.79782
spk_ver/v00/v0088	SES008	-1.57481	-9.20491	-7.63009
spk_ver/v00/v0089	SES008	-1.45167	-9.50757	-8.0559
spk_ver/v00/v0090	SES142	0.565197	-7.26765	-7.83285
spk_ver/v00/v0091	SES008	-2.7353	-11.5405	-8.80518
spk_ver/v00/v0092	SES158	0.969867	-8.67276	-9.64262
spk_ver/v00/v0093	SES014	-0.694364	-8.37601	-7.68165
spk_ver/v00/v0094	SES014	-1.59049	-11.9049	-10.3144
spk_ver/v00/v0095	SES014	0.820337	-8.48996	-9.3103
spk_ver/v00/v0096	SES014	-1.75687	-10.047	-8.29011
spk_ver/v00/v0097	SES014	-0.5794	-10.2914	-9.71203
spk_ver/v00/v0098	SES014	-0.507385	-8.14384	-7.63646
spk_ver/v00/v0099	SES014	-1.29718	-9.46701	-8.16983
spk_ver/v01/v0100	SES127	1.28507	-6.67146	-7.95653
spk_ver/v01/v0101	SES014	-3.22976	-12.9368	-9.70705
spk_ver/v01/v0102	SES014	-1.27895	-9.95836	-8.6794
spk_ver/v01/v0103	SES014	-3.63198	-11.9774	-8.34538
spk_ver/v01/v0104	SES014	-4.53243	-12.243	-7.71057
spk_ver/v01/v0105	SES014	-1.37872	-11.5712	-10.1925
spk_ver/v01/v0106	SES014	0.313799	-8.51656	-8.83036
spk_ver/v01/v0107	SES014	-2.91052	-11.3946	-8.48406
spk_ver/v01/v0108	SES014	-2.30054	-10.4333	-8.13271
spk_ver/v01/v0109	SES014	-0.827856	-9.0844	-8.25655
spk_ver/v01/v0110	SES014	-0.310972	-10.8987	-10.5877
spk_ver/v01/v0111	SES014	0.0514059	-8.0729	-8.12431
spk_ver/v01/v0112	SES014	-2.26073	-9.46161	-7.20088
spk_ver/v01/v0113	SES104	0.172565	-9.4754	-9.64796
spk_ver/v01/v0114	SES082	0.609349	-7.35764	-7.96699
spk_ver/v01/v0115	SES087	1.00516	-7.44288	-8.44804
spk_ver/v01/v0116	SES014	0.594221	-7.91325	-8.50747
spk_ver/v01/v0117	SES177	-0.0342031	-8.01458	-7.98037
spk_ver/v01/v0118	SES014	-0.747831	-9.39711	-8.64927
spk_ver/v01/v0119	SES014	-0.183387	-8.71288	-8.5295
spk_ver/v01/v0120	SES014	-1.86476	-9.2121	-7.34735
spk_ver/v01/v0121	SES146	0.0657406	-7.42859	-7.49433
spk_ver/v01/v0122	SES014	1.55059	-6.39084	-7.94142
spk_ver/v01/v0123	SES014	-0.696688	-8.4887	-7.79201
spk_ver/v01/v0124	SES014	-4.90777	-13.1728	-8.26501
spk_ver/v01/v0125	SES014	-1.75409	-10.1917	-8.43761
spk_ver/v01/v0126	SES016	-0.354215	-8.6664	-8.31218
spk_ver/v01/v0127	SES016	-0.610656	-8.50556	-7.8949
spk_ver/v01/v0128	SES106	0.977163	-7.74299	-8.72015
spk_ver/v01/v0129	SES016	-1.48683	-9.25704	-7.77021
spk_ver/v01/v0130	SES016	-0.289374	-8.49636	-8.20699
spk_ver/v01/v0131	SES016	-1.59172	-9.66184	-8.07012
spk_ver/v01/v0132	SES016	-1.41312	-9.58213	-8.169
spk_ver/v01/v0133	SES016	-0.0584116	-8.02	-7.96159
spk_ver/v01/v0134	SES016	-0.736369	-7.91194	-7.17557
spk_ver/v01/v0135	SES016	-1.30192	-9.98966	-8.68774
spk_ver/v01/v0136	SES016	-0.815207	-8.08469	-7.26948
spk_ver/v01/v0137	SES007	0.0082655	-8.44202	-8.45029
spk_ver/v01/v0138	SES016	-0.224959	-7.94921	-7.72425
spk_ver/v01/v0139	SES016	-0.322958	-7.88404	-7.56108
spk_ver/v01/v0140	SES016	0.834477	-7.01594	-7.85042
spk_ver/v01/v0141	SES016	-5.02627	-17.4872	-12.4609
spk_ver/v01/v0142	SES016	-1.8229	-11.2675	-9.44464
spk_ver/v01/v0143	SES016	-3.18249	-12.5182	-9.33573
spk_ver/v01/v0144	SES016	-0.610702	-8.35841	-7.74771
spk_ver/v01/v0145	SES016	-3.52962	-12.9428	-9.41319
spk_ver/v01/v0146	SES016	-0.838714	-7.86377	-7.02506
spk_ver/v01/v0147	SES016	-0.165008	-8.07919	-7.91418
spk_ver/v01/v0148	SES127	0.449215	-7.66416	-8.11338
spk_ver/v01/v0149	SES016	-1.46906	-10.4907	-9.02164
spk_ver/v01/v0150	SES016	-0.671844	-8.22424	-7.5524
spk_ver/v01/v0151	SES147	1.13034	-7.49027	-8.62062
spk_ver/v01/v0152	SES016	-0.649956	-8.91421	-8.26425
spk_ver/v01/v0153	SES104	0.251205	-7.77988	-8.03109
spk_ver/v01/v0154	SES016	-1.6175	-10.207	-8.58949
spk_ver/v01/v0155	SES016	-1.32272	-9.9141	-8.59138
spk_ver/v01/v0156	SES019	-0.207972	-10.1072	-9.8992
spk_ver/v01/v0157	SES019	-2.85902	-9.65734	-6.79832
spk_ver/v01/v0158	SES019	-0.107173	-9.13516	-9.02799
spk_ver/v01/v0159	SES007	0.0766907	-7.63686	-7.71355
spk_ver/v01/v0160	SES019	-3.97497	-11.7958	-7.8208
spk_ver/v01/v0161	SES019	-5.19899	-14.6127	-9.41373
spk_ver/v01/v0162	SES019	-4.68593	-12.3164	-7.63049
spk_ver/v01/v0163	SES189	0.866137	-7.65176	-8.51789
spk_ver/v01/v0164	SES019	-2.5724	-11.1106	-8.53818
spk_ver/v01/v0165	SES019	-0.255093	-11.2356	-10.9805
spk_ver/v01/v0166	SES019	-3.04328	-10.6758	-7.63254
spk_ver/v01/v0167	SES019	-4.64122	-12.7143	-8.07305
spk_ver/v01/v0168	SES019	-1.45804	-11.4009	-9.94291
spk_ver/v01/v0169	SES019	-14.3007	-25.3165	-11.0158
spk_ver/v01/v0170	SES270	1.29133	-7.02368	-8.31501
spk_ver/v01/v0171	SES019	-3.50714	-11.9975	-8.49036
spk_ver/v01/v0172	SES019	-3.3478	-11.3803	-8.03249
spk_ver/v01/v0173	SES206	0.956553	-8.14168	-9.09824
spk_ver/v01/v0174	SES019	-5.04275	-15.2698	-10.2271
spk_ver/v01/v0175	SES014	1.14241	-7.08849	-8.2309
spk_ver/v01/v0176	SES019	-5.26896	-13.0365	-7.76754
spk_ver/v01/v0177	SES120	0.634516	-8.2115	-8.84601
spk_ver/v01/v0178	SES019	-0.505209	-9.86973	-9.36452
spk_ver/v01/v0179	SES019	-3.05081	-10.3835	-7.3327
spk_ver/v01/v0180	SES175	0.307303	-7.0825	-7.38981
spk_ver/v01/v0181	SES019	-4.15939	-12.6802	-8.52076
spk_ver/v01/v0182	SES019	-5.1904	-13.6368	-8.44637
spk_ver/v01/v0183	SES029	-0.303236	-8.75015	-8.44691
spk_ver/v01/v0184	SES029	-2.60975	-11.4589	-8.84913
spk_ver/v01/v0185	SES029	-0.957684	-8.66782	-7.71014
spk_ver/v01/v0186	SES068	0.433752	-7.32627	-7.76002
spk_ver/v01/v0187	SES029	-1.15981	-8.29527	-7.13546
spk_ver/v01/v0188	SES029	-2.32528	-9.67716	-7.35188
spk_ver/v01/v0189	SES149	0.377009	-6.68023	-7.05724
spk_ver/v01/v0190	SES029	-2.47805	-11.944	-9.46594
spk_ver/v01/v0191	SES029	-1.95105	-10.6663	-8.71526
spk_ver/v01/v0192	SES183	0.829814	-7.37158	-8.2014
spk_ver/v01/v0193	SES029	-1.5926	-10.1014	-8.50876
spk_ver/v01/v0194	SES016	0.794087	-7.80521	-8.5993
spk_ver/v01/v0195	SES029	-0.938455	-9.44507	-8.50661
spk_ver/v01/v0196	SES029	-1.31952	-9.58968	-8.27016
spk_ver/v01/v0197	SES029	-2.08015	-9.93922	-7.85907
spk_ver/v01/v0198	SES146	0.216153	-8.62442	-8.84058
spk_ver/v01/v0199	SES029	-1.94553	-9.86736	-7.92183
spk_ver/v02/v0200	SES029	-0.0183134	-9.13211	-9.11379
spk_ver/v02/v0201	SES068	0.51601	-7.14792	-7.66393
spk_ver/v02/v0202	SES148	1.10352	-6.76902	-7.87253
spk_ver/v02/v0203	SES029	-0.989699	-9.58623	-8.59653
spk_ver/v02/v0204	SES029	-0.419535	-8.12801	-7.70848
spk_ver/v02/v0205	SES060	0.52074	-6.4579	-6.97864
spk_ver/v02/v0206	SES127	0.792562	-6.77079	-7.56335
spk_ver/v02/v0207	SES029	-2.45501	-12.3088	-9.85381
spk_ver/v02/v0208	SES048	0.380051	-8.41491	-8.79496
spk_ver/v02/v0209	SES029	-0.559619	-8.65048	-8.09086
spk_ver/v02/v0210	SES029	-1.42519	-10.2453	-8.82015
spk_ver/v02/v0211	SES029	-0.928748	-8.98469	-8.05595
spk_ver/v02/v0212	SES042	-2.45652	-10.5458	-8.08929
spk_ver/v02/v0213	SES085	0.485429	-8.65927	-9.1447
spk_ver/v02/v0214	SES206	0.984196	-7.61852	-8.60272
spk_ver/v02/v0215	SES144	0.297644	-7.64179	-7.93943
spk_ver/v02/v0216	SES042	-1.58959	-10.3015	-8.71189
spk_ver/v02/v0217	SES042	-0.957875	-12.367	-11.4091
spk_ver/v02/v0218	SES042	-1.1693	-10.1513	-8.98201
spk_ver/v02/v0219	SES206	0.623989	-6.98176	-7.60575
spk_ver/v02/v0220	SES019	3.22822	-6.21454	-9.44276
spk_ver/v02/v0221	SES007	0.100255	-7.71777	-7.81803
spk_ver/v02/v0222	SES042	-3.35037	-11.8977	-8.5473
spk_ver/v02/v0223	SES147	0.649752	-8.02777	-8.67752
spk_ver/v02/v0224	SES105	1.03434	-7.49508	-8.52942
spk_ver/v02/v0225	SES042	-0.381253	-9.81977	-9.43852
spk_ver/v02/v0226	SES275	0.382151	-7.3856	-7.76775
spk_ver/v02/v0227	SES042	-2.10575	-11.9495	-9.84373
spk_ver/v02/v0228	SES042	-1.84233	-10.0193	-8.17699
spk_ver/v02/v0229	SES042	-1.42504	-9.44082	-8.01578
spk_ver/v02/v0230	SES085	0.589221	-6.92764	-7.51686
spk_ver/v02/v0231	SES014	1.28009	-6.29073	-7.57081
spk_ver/v02/v0232	SES042	0.139517	-8.60408	-8.74359
spk_ver/v02/v0233	SES048	-1.56713	-9.84273	-8.2756
spk_ver/v02/v0234	SES048	-1.04509	-9.2065	-8.16142
spk_ver/v02/v0235	SES029	0.410645	-8.17597	-8.58662
spk_ver/v02/v0236	SES048	-1.50693	-9.14086	-7.63393
spk_ver/v02/v0237	SES048	-1.91422	-10.3541	-8.43986
spk_ver/v02/v0238	SES048	-0.610946	-8.25259	-7.64165
spk_ver/v02/v0239	SES060	0.505036	-6.94121	-7.44625
spk_ver/v02/v0240	SES048	-1.95478	-9.63483	-7.68005
spk_ver/v02/v0241	SES048	-0.662628	-8.47035	-7.80772
spk_ver/v02/v0242	SES189	0.584026	-6.12587	-6.7099
spk_ver/v02/v0243	SES162	0.26141	-8.43188	-8.69329
spk_ver/v02/v0244	SES048	-2.9868	-12.0718	-9.08504
spk_ver/v02/v0245	SES048	-1.43859	-9.53181	-8.09322
spk_ver/v02/v0246	SES048	-2.10814	-9.57494	-7.46681
spk_ver/v02/v0247	SES048	-3.53202	-13.1599	-9.62786
spk_ver/v02/v0248	SES226	1.35253	-7.42945	-8.78198
spk_ver/v02/v0249	SES048	-1.12827	-9.77071	-8.64244
spk_ver/v02/v0250	SES048	-1.37499	-9.22119	-7.84619
spk_ver/v02/v0251	SES048	-4.19948	-15.673	-11.4735
spk_ver/v02/v0252	SES060	-1.45684	-9.2523	-7.79546
spk_ver/v02/v0253	SES060	-2.65282	-10.651	-7.99814
spk_ver/v02/v0254	SES259	0.846105	-7.37547	-8.22158
spk_ver/v02/v0255	SES060	-1.99196	-10.2945	-8.30257
spk_ver/v02/v0256	SES202	0.227151	-7.68474	-7.91189
spk_ver/v02/v0257	SES148	1.04722	-7.00409	-8.05131
spk_ver/v02/v0258	SES060	-4.36503	-14.6658	-10.3008
spk_ver/v02/v0259	SES060	-1.35026	-8.79532	-7.44506
spk_ver/v02/v0260	SES060	-1.68508	-9.96435	-8.27927
spk_ver/v02/v0261	SES099	1.44415	-6.71084	-8.15499
spk_ver/v02/v0262	SES060	-1.30244	-9.32545	-8.02301
spk_ver/v02/v0263	SES060	-1.22575	-8.49839	-7.27265
spk_ver/v02/v0264	SES292	0.235054	-8.99717	-9.23223
spk_ver/v02/v0265	SES060	-1.42214	-9.45544	-8.0333
spk_ver/v02/v0266	SES060	-3.53481	-13.0501	-9.51527
spk_ver/v02/v0267	SES060	-4.58446	-14.1137	-9.52921
spk_ver/v02/v0268	SES060	-4.10609	-14.7013	-10.5952
spk_ver/v02/v0269	SES127	0.508742	-6.71386	-7.22261
spk_ver/v02/v0270	SES060	-1.49025	-10.0623	-8.57206
spk_ver/v02/v0271	SES060	-0.269263	-7.76637	-7.49711
spk_ver/v02/v0272	SES060	-2.25991	-11.5018	-9.24187
spk_ver/v02/v0273	SES087	0.978413	-8.29646	-9.27487
spk_ver/v02/v0274	SES146	0.266998	-7.26365	-7.53064
spk_ver/v02/v0275	SES060	-3.80206	-13.1712	-9.3691
spk_ver/v02/v0276	SES002	2.54042	-6.58036	-9.12077
spk_ver/v02/v0277	SES060	-0.62979	-8.7121	-8.08231
spk_ver/v02/v0278	SES060	-1.93552	-10.8261	-8.89061
spk_ver/v02/v0279	SES060	-2.69568	-12.2832	-9.58752
spk_ver/v02/v0280	SES129	1.48103	-7.2954	-8.77643
spk_ver/v02/v0281	SES162	0.903716	-7.63394	-8.53766
spk_ver/v02/v0282	SES060	-1.88949	-9.72019	-7.8307
spk_ver/v02/v0283	SES060	-1.12954	-8.57092	-7.44138
spk_ver/v02/v0284	SES062	-2.60413	-10.8476	-8.24343
spk_ver/v02/v0285	SES062	-1.86213	-10.5158	-8.65366
spk_ver/v02/v0286	SES120	-0.804909	-9.91942	-9.11451
spk_ver/v02/v0287	SES062	-1.30115	-11.0912	-9.79004
spk_ver/v02/v0288	SES062	-3.36744	-12.8063	-9.43883
spk_ver/v02/v0289	SES062	-0.612424	-8.81991	-8.20749
spk_ver/v02/v0290	SES062	0.2757	-7.61714	-7.89284
spk_ver/v02/v0291	SES275	0.505292	-6.98176	-7.48706
spk_ver/v02/v0292	SES062	-0.0837317	-8.48849	-8.40476
spk_ver/v02/v0293	SES062	-0.889638	-8.97081	-8.08117
spk_ver/v02/v0294	SES062	-2.42319	-10.5336	-8.11037
spk_ver/v02/v0295	SES062	-1.4365	-9.23447	-7.79797
spk_ver/v02/v0296	SES062	-1.72748	-9.87722	-8.14974
spk_ver/v02/v0297	SES062	-1.34595	-8.65482	-7.30887
spk_ver/v02/v0298	SES062	-1.00325	-9.5191	-8.51585
spk_ver/v02/v0299	SES062	-1.69789	-10.1548	-8.45692
spk_ver/v03/v0300	SES062	-2.44616	-11.8405	-9.39429
spk_ver/v03/v0301	SES062	-0.855914	-7.96862	-7.1127
spk_ver/v03/v0302	SES172	0.40839	-6.49287	-6.90126
spk_ver/v03/v0303	SES062	-2.01777	-9.979	-7.96123
spk_ver/v03/v0304	SES062	-2.95254	-12.972	-10.0195
spk_ver/v03/v0305	SES062	-1.47345	-10.2777	-8.80428
spk_ver/v03/v0306	SES062	0.0905151	-8.17202	-8.26254
spk_ver/v03/v0307	SES062	-2.24112	-9.94106	-7.69994
spk_ver/v03/v0308	SES062	-0.980497	-9.2729	-8.2924
spk_ver/v03/v0309	SES062	-1.61321	-11.8205	-10.2073
spk_ver/v03/v0310	SES125	0.638995	-5.95764	-6.59664
spk_ver/v03/v0311	SES062	-1.11675	-10.0068	-8.8901
spk_ver/v03/v0312	SES062	-2.0817	-9.74872	-7.66703
spk_ver/v03/v0313	SES062	-0.835489	-8.80317	-7.96768
spk_ver/v03/v0314	SES068	-1.53646	-9.75538	-8.21892
spk_ver/v03/v0315	SES068	-1.80839	-10.0376	-8.22924
spk_ver/v03/v0316	SES068	-0.627574	-9.13423	-8.50666
spk_ver/v03/v0317	SES068	-0.819737	-8.76457	-7.94483
spk_ver/v03/v0318	SES068	-0.958373	-9.44086	-8.48249
spk_ver/v03/v0319	SES068	-2.22623	-11.7285	-9.5023
spk_ver/v03/v0320	SES068	-0.350127	-7.42178	-7.07166
spk_ver/v03/v0321	SES068	-0.391841	-8.91434	-8.5225
spk_ver/v03/v0322	SES068	-1.12012	-8.94947	-7.82934
spk_ver/v03/v0323	SES068	-1.9481	-11.6953	-9.74722
spk_ver/v03/v0324	SES144	0.828809	-7.20349	-8.0323
spk_ver/v03/v0325	SES068	-0.425339	-7.1808	-6.75546
spk_ver/v03/v0326	SES068	-1.05666	-7.99004	-6.93338
spk_ver/v03/v0327	SES068	-1.43365	-8.73823	-7.30459
spk_ver/v03/v0328	SES068	-1.38818	-9.99307	-8.6049
spk_ver/v03/v0329	SES068	-1.56247	-8.49509	-6.93262
spk_ver/v03/v0330	SES180	0.0146017	-8.39614	-8.41074
spk_ver/v03/v0331	SES068	-1.13938	-9.98106	-8.84167
spk_ver/v03/v0332	SES275	0.340779	-7.57881	-7.91959
spk_ver/v03/v0333	SES062	0.556773	-6.83027	-7.38704
spk_ver/v03/v0334	SES270	0.493998	-7.63318	-8.12718
spk_ver/v03/v0335	SES068	-3.3414	-11.5208	-8.17936
spk_ver/v03/v0336	SES068	-1.00613	-8.34263	-7.3365
spk_ver/v03/v0337	SES068	-1.80634	-10.1404	-8.33402
spk_ver/v03/v0338	SES068	-1.31455	-9.56645	-8.25189
spk_ver/v03/v0339	SES068	-1.11189	-9.06226	-7.95037
spk_ver/v03/v0340	SES068	-1.87977	-9.84733	-7.96756
spk_ver/v03/v0341	SES016	0.80379	-6.74311	-7.5469
spk_ver/v03/v0342	SES068	-2.17555	-10.7772	-8.60166
spk_ver/v03/v0343	SES068	-0.811306	-8.97507	-8.16376
spk_ver/v03/v0344	SES125	0.60376	-7.19672	-7.80048
spk_ver/v03/v0345	SES187	0.20496	-8.22403	-8.42899
spk_ver/v03/v0346	SES068	-2.04401	-10.2736	-8.22963
spk_ver/v03/v0347	SES143	1.17483	-6.82932	-8.00415
spk_ver/v03/v0348	SES292	0.236082	-7.71963	-7.95571
spk_ver/v03/v0349	SES082	-1.42342	-8.60641	-7.18298
spk_ver/v03/v0350	SES101	0.739977	-7.26855	-8.00853
spk_ver/v03/v0351	SES082	-0.0695515	-8.29174	-8.22219
spk_ver/v03/v0352	SES082	-0.475733	-12.173	-11.6973
spk_ver/v03/v0353	SES082	-0.94204	-10.8282	-9.88618
spk_ver/v03/v0354	SES082	-1.30751	-8.98703	-7.67952
spk_ver/v03/v0355	SES083	0.428455	-7.00152	-7.42997
spk_ver/v03/v0356	SES082	-0.895947	-9.71196	-8.81601
spk_ver/v03/v0357	SES082	-2.52308	-11.4749	-8.95182
spk_ver/v03/v0358	SES082	-0.266846	-8.52257	-8.25573
spk_ver/v03/v0359	SES117	0.608052	-8.54871	-9.15676
spk_ver/v03/v0360	SES082	-1.79006	-9.35917	-7.56911
spk_ver/v03/v0361	SES082	-0.997492	-10.3093	-9.3118
spk_ver/v03/v0362	SES007	0.57734	-7.35559	-7.93293
spk_ver/v03/v0363	SES082	-0.357027	-8.62696	-8.26994
spk_ver/v03/v0364	SES019	1.58772	-6.91177	-8.49949
spk_ver/v03/v0365	SES082	-0.850342	-10.2216	-9.37125
spk_ver/v03/v0366	SES226	1.43319	-7.55272	-8.98592
spk_ver/v03/v0367	SES167	1.34568	-6.70252	-8.0482
spk_ver/v03/v0368	SES082	-0.612239	-7.54069	-6.92845
spk_ver/v03/v0369	SES042	0.915658	-9.09207	-10.0077
spk_ver/v03/v0370	SES042	1.00056	-7.34487	-8.34543
spk_ver/v03/v0371	SES082	-1.36025	-9.52578	-8.16553
spk_ver/v03/v0372	SES082	-0.998528	-9.05648	-8.05795
spk_ver/v03/v0373	SES082	-2.4568	-12.174	-9.71724
spk_ver/v03/v0374	SES083	-1.09432	-8.21283	-7.11851
spk_ver/v03/v0375	SES292	0.306166	-7.5977	-7.90387
spk_ver/v03/v0376	SES083	-2.15669	-10.4402	-8.28355
spk_ver/v03/v0377	SES083	-1.79662	-11.3188	-9.52221
spk_ver/v03/v0378	SES083	-1.48147	-9.85508	-8.37361
spk_ver/v03/v0379	SES083	-0.208766	-8.06821	-7.85944
spk_ver/v03/v0380	SES083	-0.996588	-9.15119	-8.1546
spk_ver/v03/v0381	SES083	-4.72179	-14.1107	-9.38892
spk_ver/v03/v0382	SES148	-0.283387	-8.59518	-8.31179
spk_ver/v03/v0383	SES083	-0.954651	-7.98587	-7.03122
spk_ver/v03/v0384	SES226	0.775814	-8.50824	-9.28406
spk_ver/v03/v0385	SES226	1.18608	-7.18733	-8.37341
spk_ver/v03/v0386	SES087	1.13053	-7.85543	-8.98596
spk_ver/v03/v0387	SES029	0.252981	-7.25969	-7.51267
spk_ver/v03/v0388	SES147	0.476948	-7.01769	-7.49464
spk_ver/v03/v0389	SES083	-2.01837	-11.8739	-9.85557
spk_ver/v03/v0390	SES189	0.997339	-6.53328	-7.53062
spk_ver/v03/v0391	SES083	-1.12881	-9.28426	-8.15545
spk_ver/v03/v0392	SES083	-0.113055	-7.51578	-7.40272
spk_ver/v03/v0393	SES083	-2.43931	-10.8669	-8.42758
spk_ver/v03/v0394	SES083	-1.49826	-9.10324	-7.60498
spk_ver/v03/v0395	SES083	-1.31962	-9.24603	-7.92641
spk_ver/v03/v0396	SES014	1.42156	-6.29384	-7.7154
spk_ver/v03/v0397	SES085	-0.136762	-7.45949	-7.32272
spk_ver/v03/v0398	SES085	-0.760671	-7.89112	-7.13045
spk_ver/v03/v0399	SES085	-1.2669	-9.64763	-8.38073
spk_ver/v04/v0400	SES106	0.920704	-6.33877	-7.25947
spk_ver/v04/v0401	SES085	-2.07945	-11.3496	-9.27016
spk_ver/v04/v0402	SES085	-7.66689	-18.2757	-10.6088
spk_ver/v04/v0403	SES085	-0.604064	-7.62537	-7.0213
spk_ver/v04/v0404	SES180	0.354672	-6.73237	-7.08704
spk_ver/v04/v0405	SES129	1.19436	-6.475	-7.66936
spk_ver/v04/v0406	SES085	-2.22614	-11.8535	-9.62739
spk_ver/v04/v0407	SES146	-0.287848	-8.64394	-8.35609
spk_ver/v04/v0408	SES085	-0.649115	-8.21241	-7.5633
spk_ver/v04/v0409	SES085	-0.443546	-8.95586	-8.51232
spk_ver/v04/v0410	SES085	-0.612999	-10.906	-10.293
spk_ver/v04/v0411	SES292	0.151575	-8.72562	-8.8772
spk_ver/v04/v0412	SES085	-0.324479	-8.70988	-8.38541
spk_ver/v04/v0413	SES125	0.955908	-7.15126	-8.10716
spk_ver/v04/v0414	SES085	-0.664545	-10.6406	-9.97605
spk_ver/v04/v0415	SES085	-1.19466	-9.30466	-8.11
spk_ver/v04/v0416	SES085	-0.480931	-9.29748	-8.81655
spk_ver/v04/v0417	SES062	0.58088	-6.4435	-7.02438
spk_ver/v04/v0418	SES060	0.983996	-6.9128	-7.89679
spk_ver/v04/v0419	SES085	-0.787059	-9.40079	-8.61373
spk_ver/v04/v0420	SES085	-2.84592	-11.3399	-8.49403
spk_ver/v04/v0421	SES085	-2.23586	-11.6455	-9.40961
spk_ver/v04/v0422	SES085	-0.608273	-9.12388	-8.51561
spk_ver/v04/v0423	SES085	-2.11217	-10.8897	-8.77754
spk_ver/v04/v0424	SES085	-2.44139	-10.9298	-8.48839
spk_ver/v04/v0425	SES183	0.401873	-7.66319	-8.06507
spk_ver/v04/v0426	SES085	-1.97739	-11.1693	-9.19194
spk_ver/v04/v0427	SES087	-1.91513	-12.2496	-10.3345
spk_ver/v04/v0428	SES162	0.293382	-7.27982	-7.5732
spk_ver/v04/v0429	SES087	-0.939401	-9.32964	-8.39024
spk_ver/v04/v0430	SES087	-3.70623	-12.4616	-8.75539
spk_ver/v04/v0431	SES087	-2.32682	-10.2929	-7.96604
spk_ver/v04/v0432	SES087	-1.38913	-9.26832	-7.87919
spk_ver/v04/v0433	SES087	-1.69055	-10.5388	-8.84821
spk_ver/v04/v0434	SES142	1.44473	-6.43273	-7.87746
spk_ver/v04/v0435	SES087	-2.07315	-10.0705	-7.99736
spk_ver/v04/v0436	SES099	0.931117	-7.67592	-8.60704
spk_ver/v04/v0437	SES087	-0.260269	-7.68669	-7.42642
spk_ver/v04/v0438	SES087	-3.1162	-10.1372	-7.02101
spk_ver/v04/v0439	SES087	-0.706553	-8.6665	-7.95995
spk_ver/v04/v0440	SES087	-0.780638	-7.77091	-6.99027
spk_ver/v04/v0441	SES087	-3.01525	-10.2129	-7.19769
spk_ver/v04/v0442	SES187	0.462676	-8.68252	-9.14519
spk_ver/v04/v0443	SES172	1.14622	-7.90048	-9.0467
spk_ver/v04/v0444	SES087	-1.19985	-8.0619	-6.86205
spk_ver/v04/v0445	SES087	-1.34905	-10.4282	-9.07915
spk_ver/v04/v0446	SES087	-0.956717	-8.30128	-7.34457
spk_ver/v04/v0447	SES087	-1.54048	-10.3868	-8.84635
spk_ver/v04/v0448	SES106	0.901374	-8.08185	-8.98322
spk_ver/v04/v0449	SES146	0.563476	-7.80316	-8.36664
spk_ver/v04/v0450	SES087	-2.44073	-11.3882	-8.94746
spk_ver/v04/v0451	SES087	-1.1313	-10.3716	-9.24034
spk_ver/v04/v0452	SES007	0.415903	-8.32711	-8.74301
spk_ver/v04/v0453	SES087	-2.48613	-11.6313	-9.14515
spk_ver/v04/v0454	SES087	-4.26471	-11.8395	-7.57483
spk_ver/v04/v0455	SES180	0.26095	-7.09621	-7.35716
spk_ver/v04/v0456	SES099	-3.19803	-11.3632	-8.16516
spk_ver/v04/v0457	SES042	0.745515	-7.23136	-7.97688
spk_ver/v04/v0458	SES099	-0.237537	-8.92114	-8.68361
spk_ver/v04/v0459	SES099	-3.02605	-11.7534	-8.72735
spk_ver/v04/v0460	SES099	-3.07669	-11.7674	-8.69069
spk_ver/v04/v0461	SES099	-1.50429	-10.3603	-8.85601
spk_ver/v04/v0462	SES082	1.07417	-6.92292	-7.99709
spk_ver/v04/v0463	SES099	-0.573295	-8.84602	-8.27273
spk_ver/v04/v0464	SES099	0.0944724	-7.67217	-7.76664
spk_ver/v04/v0465	SES099	-4.12697	-12.0834	-7.95644
spk_ver/v04/v0466	SES099	-0.865499	-9.80027	-8.93477
spk_ver/v04/v0467	SES099	0.259106	-7.6183	-7.87741
spk_ver/v04/v0468	SES129	1.31014	-7.3656	-8.67575
spk_ver/v04/v0469	SES101	-0.194526	-7.33996	-7.14543
spk_ver/v04/v0470	SES099	-3.83743	-12.594	-8.7566
spk_ver/v04/v0471	SES172	1.00409	-7.01466	-8.01875
spk_ver/v04/v0472	SES099	-0.24488	-9.10818	-8.8633
spk_ver/v04/v0473	SES270	2.15845	-5.80178	-7.96023
spk_ver/v04/v0474	SES099	-4.81221	-12.7854	-7.97324
spk_ver/v04/v0475	SES099	-0.946035	-9.03298	-8.08695
spk_ver/v04/v0476	SES099	-1.75879	-12.1985	-10.4397
spk_ver/v04/v0477	SES002	1.00089	-7.62866	-8.62955
spk_ver/v04/v0478	SES099	-0.344606	-9.12213	-8.77753
spk_ver/v04/v0479	SES007	-0.0204277	-7.35096	-7.33053
spk_ver/v04/v0480	SES101	-1.60079	-9.61488	-8.01408
spk_ver/v04/v0481	SES101	-1.58961	-10.3335	-8.74385
spk_ver/v04/v0482	SES175	0.573801	-7.80263	-8.37643
spk_ver/v04/v0483	SES101	-1.19717	-8.32027	-7.1231
spk_ver/v04/v0484	SES101	-2.95337	-11.5073	-8.55392
spk_ver/v04/v0485	SES101	-1.8203	-10.108	-8.28773
spk_ver/v04/v0486	SES101	-0.236879	-9.12677	-8.88989
spk_ver/v04/v0487	SES101	-1.04478	-8.75394	-7.70916
spk_ver/v04/v0488	SES101	-2.24771	-11.5814	-9.33369
spk_ver/v04/v0489	SES147	0.866651	-7.40942	-8.27608
spk_ver/v04/v0490	SES085	-0.459422	-9.0045	-8.54508
spk_ver/v04/v0491	SES101	-0.748045	-10.0523	-9.30429
spk_ver/v04/v0492	SES101	-4.07686	-15.4574	-11.3805
spk_ver/v04/v0493	SES101	-2.09615	-10.6464	-8.55028
spk_ver/v04/v0494	SES101	-1.67989	-9.81647	-8.13659
spk_ver/v04/v0495	SES101	-1.0121	-7.26688	-6.25478
spk_ver/v04/v0496	SES101	-0.807373	-8.04626	-7.23889
spk_ver/v04/v0497	SES014	1.99907	-6.73444	-8.73351
spk_ver/v04/v0498	SES101	-1.71061	-10.7841	-9.07345
spk_ver/v04/v0499	SES101	-1.83117	-9.46948	-7.63831
spk_ver/v05/v0500	SES085	0.604753	-7.02132	-7.62608
spk_ver/v05/v0501	SES101	-3.90024	-13.6861	-9.78584
spk_ver/v05/v0502	SES275	0.637418	-7.43707	-8.07449
spk_ver/v05/v0503	SES117	0.962702	-7.58515	-8.54785
spk_ver/v05/v0504	SES101	-1.84746	-10.9318	-9.08436
spk_ver/v05/v0505	SES101	-4.01733	-13.0626	-9.04527
spk_ver/v05/v0506	SES101	-0.822551	-8.13014	-7.30759
spk_ver/v05/v0507	SES048	0.565625	-7.19109	-7.75672
spk_ver/v05/v0508	SES117	0.744118	-8.3921	-9.13621
spk_ver/v05/v0509	SES202	0.348567	-8.23155	-8.58011
spk_ver/v05/v0510	SES104	-0.288585	-11.2102	-10.9216
spk_ver/v05/v0511	SES008	1.63466	-7.36374	-8.9984
spk_ver/v05/v0512	SES104	0.0362253	-9.23495	-9.27118
spk_ver/v05/v0513	SES104	-0.209892	-8.21611	-8.00621
spk_ver/v05/v0514	SES104	-1.55317	-9.17982	-7.62665
spk_ver/v05/v0515	SES104	-2.662	-10.678	-8.01601
spk_ver/v05/v0516	SES104	-1.22306	-10.9192	-9.69617
spk_ver/v05/v0517	SES060	1.13579	-6.20407	-7.33986
spk_ver/v05/v0518	SES104	-1.48416	-9.18273	-7.69857
spk_ver/v05/v0519	SES104	-1.85551	-10.5304	-8.67489
spk_ver/v05/v0520	SES104	-0.351727	-8.45713	-8.10541
spk_ver/v05/v0521	SES008	0.867366	-6.04481	-6.91218
spk_ver/v05/v0522	SES068	0.7679	-6.85066	-7.61856
spk_ver/v05/v0523	SES087	1.13254	-6.92142	-8.05396
spk_ver/v05/v0524	SES104	-0.83255	-9.78289	-8.95034
spk_ver/v05/v0525	SES104	-0.0580959	-9.25112	-9.19302
spk_ver/v05/v0526	SES104	0.00572252	-6.75701	-6.76273
spk_ver/v05/v0527	SES083	0.452147	-7.56515	-8.0173
spk_ver/v05/v0528	SES148	1.03891	-6.52551	-7.56441
spk_ver/v05/v0529	SES104	-0.311547	-10.219	-9.90747
spk_ver/v05/v0530	SES104	-2.72294	-10.6934	-7.97042
spk_ver/v05/v0531	SES125	0.77025	-7.32971	-8.09996
spk_ver/v05/v0532	SES104	-2.34399	-10.2656	-7.92157
spk_ver/v05/v0533	SES149	0.683059	-6.67109	-7.35415
spk_ver/v05/v0534	SES104	-1.30237	-9.78638	-8.48401
spk_ver/v05/v0535	SES187	-0.0955601	-9.4863	-9.39074
spk_ver/v05/v0536	SES104	-0.782365	-10.3028	-9.52048
spk_ver/v05/v0537	SES104	-0.0394125	-8.48973	-8.45032
spk_ver/v05/v0538	SES167	1.38897	-7.17727	-8.56624
spk_ver/v05/v0539	SES104	0.527906	-9.03579	-9.5637
spk_ver/v05/v0540	SES104	-2.70086	-10.0129	-7.31205
spk_ver/v05/v0541	SES183	1.30124	-8.58026	-9.88151
spk_ver/v05/v0542	SES104	-0.641107	-10.7763	-10.1352
spk_ver/v05/v0543	SES104	-2.31358	-10.7105	-8.3969
spk_ver/v05/v0544	SES105	-2.40118	-9.96671	-7.56553
spk_ver/v05/v0545	SES105	-2.41203	-11.6288	-9.21681
spk_ver/v05/v0546	SES105	-1.55191	-10.2598	-8.70786
spk_ver/v05/v0547	SES105	-2.30906	-10.9995	-8.69042
spk_ver/v05/v0548	SES019	2.78702	-6.17378	-8.9608
spk_ver/v05/v0549	SES105	-1.90366	-10.0784	-8.17477
spk_ver/v05/v0550	SES105	-2.58746	-13.4006	-10.8131
spk_ver/v05/v0551	SES202	0.233143	-7.51869	-7.75183
spk_ver/v05/v0552	SES105	-2.48772	-11.4443	-8.95657
spk_ver/v05/v0553	SES105	-0.681117	-9.03993	-8.35881
spk_ver/v05/v0554	SES105	-1.35592	-8.06679	-6.71087
spk_ver/v05/v0555	SES105	-1.68301	-10.1166	-8.43359
spk_ver/v05/v0556	SES082	0.279028	-7.8808	-8.15982
spk_ver/v05/v0557	SES105	-1.73705	-10.466	-8.72896
spk_ver/v05/v0558	SES014	1.60805	-6.8175	-8.42555
spk_ver/v05/v0559	SES105	-0.818766	-8.7407	-7.92194
spk_ver/v05/v0560	SES177	0.0998292	-7.19871	-7.29854
spk_ver/v05/v0561	SES189	0.702955	-8.90406	-9.60702
spk_ver/v05/v0562	SES105	-1.64983	-9.96742	-8.31759
spk_ver/v05/v0563	SES099	1.04142	-8.79797	-9.83939
spk_ver/v05/v0564	SES105	-1.33816	-8.70603	-7.36787
spk_ver/v05/v0565	SES105	-2.09098	-10.8748	-8.78382
spk_ver/v05/v0566	SES105	-3.83477	-14.0493	-10.2146
spk_ver/v05/v0567	SES142	0.572274	-7.64245	-8.21472
spk_ver/v05/v0568	SES048	-0.382673	-8.16994	-7.78727
spk_ver/v05/v0569	SES105	-3.4457	-13.3353	-9.88958
spk_ver/v05/v0570	SES105	-0.52098	-8.35128	-7.8303
spk_ver/v05/v0571	SES105	-1.02547	-9.83908	-8.81361
spk_ver/v05/v0572	SES105	-2.02156	-12.0549	-10.0333
spk_ver/v05/v0573	SES105	-3.76645	-13.7114	-9.94499
spk_ver/v05/v0574	SES105	-0.592393	-7.76213	-7.16974
spk_ver/v05/v0575	SES105	-0.109291	-10.0757	-9.96644
spk_ver/v05/v0576	SES106	-1.99971	-11.0203	-9.02062
spk_ver/v05/v0577	SES106	-3.28602	-11.5979	-8.31186
spk_ver/v05/v0578	SES106	-2.5169	-11.2437	-8.72684
spk_ver/v05/v0579	SES106	-2.04946	-9.45098	-7.40153
spk_ver/v05/v0580	SES106	-0.0716047	-7.79249	-7.72088
spk_ver/v05/v0581	SES106	-1.60737	-9.43624	-7.82887
spk_ver/v05/v0582	SES106	-0.890911	-9.37421	-8.4833
spk_ver/v05/v0583	SES106	-0.407729	-8.60226	-8.19453
spk_ver/v05/v0584	SES106	-3.32488	-12.0561	-8.73123
spk_ver/v05/v0585	SES106	1.04971	-8.72778	-9.77749
spk_ver/v05/v0586	SES106	-0.990459	-8.877	-7.88654
spk_ver/v05/v0587	SES106	-3.0276	-11.233	-8.20543
spk_ver/v05/v0588	SES106	-1.92155	-9.21377	-7.29222
spk_ver/v05/v0589	SES106	-1.89691	-9.53823	-7.64132
spk_ver/v05/v0590	SES082	0.247015	-8.10836	-8.35537
spk_ver/v05/v0591	SES180	0.0119047	-8.10087	-8.11278
spk_ver/v05/v0592	SES106	-0.603282	-10.0158	-9.41255
spk_ver/v05/v0593	SES106	-1.90554	-10.278	-8.37249
spk_ver/v05/v0594	SES292	0.191078	-7.90188	-8.09296
spk_ver/v05/v0595	SES106	-0.282872	-10.711	-10.4281
spk_ver/v05/v0596	SES106	-1.55536	-9.13994	-7.58458
spk_ver/v05/v0597	SES106	-1.57879	-9.23797	-7.65918
spk_ver/v05/v0598	SES042	0.813087	-7.79575	-8.60884
spk_ver/v05/v0599	SES106	-1.30567	-10.045	-8.73932
spk_ver/v06/v0600	SES106	0.889443	-8.68216	-9.5716
spk_ver/v06/v0601	SES106	-0.27913	-8.00439	-7.72526
spk_ver/v06/v0602	SES106	-0.804607	-8.78946	-7.98485
spk_ver/v06/v0603	SES106	-1.36463	-9.18829	-7.82366
spk_ver/v06/v0604	SES106	-2.75641	-9.7454	-6.98899
spk_ver/v06/v0605	SES106	-1.72023	-10.04	-8.31981
spk_ver/v06/v0606	SES048	1.06212	-5.51191	-6.57403
spk_ver/v06/v0607	SES167	2.44642	-5.20338	-7.6498
spk_ver/v06/v0608	SES106	-1.98345	-9.83052	-7.84707
spk_ver/v06/v0609	SES143	0.937441	-7.60558	-8.54302
spk_ver/v06/v0610	SES106	-1.66521	-9.48896	-7.82375
spk_ver/v06/v0611	SES106	-0.884625	-7.88616	-7.00153
spk_ver/v06/v0612	SES106	-1.20766	-8.81636	-7.6087
spk_ver/v06/v0613	SES117	-0.49665	-8.48833	-7.99167
spk_ver/v06/v0614	SES117	-1.3036	-9.49103	-8.18742
spk_ver/v06/v0615	SES117	-1.2128	-9.57876	-8.36596
spk_ver/v06/v0616	SES106	0.770555	-6.57093	-7.34149
spk_ver/v06/v0617	SES142	1.16715	-6.60481	-7.77196
spk_ver/v06/v0618	SES048	0.695339	-6.00899	-6.70433
spk_ver/v06/v0619	SES175	0.228413	-9.12352	-9.35193
spk_ver/v06/v0620	SES180	0.521381	-6.34049	-6.86187
spk_ver/v06/v0621	SES117	-0.156462	-8.89269	-8.73623
spk_ver/v06/v0622	SES029	0.524908	-7.73517	-8.26008
spk_ver/v06/v0623	SES117	-1.04527	-8.58746	-7.5422
spk_ver/v06/v0624	SES117	-1.7111	-10.0151	-8.30399
spk_ver/v06/v0625	SES117	-0.649952	-8.79374	-8.14379
spk_ver/v06/v0626	SES106	0.892175	-6.38573	-7.27791
spk_ver/v06/v0627	SES226	1.74507	-6.19547	-7.94054
spk_ver/v06/v0628	SES117	-0.286514	-8.70687	-8.42035
spk_ver/v06/v0629	SES117	-1.86545	-9.63841	-7.77296
spk_ver/v06/v0630	SES117	-1.65228	-8.80382	-7.15155
spk_ver/v06/v0631	SES117	-1.88617	-13.0703	-11.1842
spk_ver/v06/v0632	SES117	-0.191006	-8.08494	-7.89393
spk_ver/v06/v0633	SES099	1.30865	-8.22809	-9.53673
spk_ver/v06/v0634	SES105	1.67653	-6.67407	-8.3506
spk_ver/v06/v0635	SES167	0.38869	-7.84033	-8.22902
spk_ver/v06/v0636	SES117	-0.519148	-8.08531	-7.56616
spk_ver/v06/v0637	SES202	0.502625	-7.65301	-8.15563
spk_ver/v06/v0638	SES117	-0.808709	-8.45878	-7.65007
spk_ver/v06/v0639	SES167	0.308258	-7.9521	-8.26035
spk_ver/v06/v0640	SES117	-0.108309	-8.5365	-8.4282
spk_ver/v06/v0641	SES117	-1.3158	-9.23732	-7.92151
spk_ver/v06/v0642	SES101	0.674556	-6.4973	-7.17185
spk_ver/v06/v0643	SES068	0.617867	-6.90078	-7.51865
spk_ver/v06/v0644	SES120	-1.82242	-10.9382	-9.11582
spk_ver/v06/v0645	SES120	-0.452775	-10.6488	-10.196
spk_ver/v06/v0646	SES172	1.05033	-8.54935	-9.59967
spk_ver/v06/v0647	SES120	-1.11352	-8.55067	-7.43715
spk_ver/v06/v0648	SES120	-0.120531	-7.46952	-7.34899
spk_ver/v06/v0649	SES120	-0.840508	-9.54031	-8.6998
spk_ver/v06/v0650	SES087	0.979611	-8.21614	-9.19575
spk_ver/v06/v0651	SES120	0.00672722	-9.24592	-9.25265
spk_ver/v06/v0652	SES104	0.36119	-7.92115	-8.28234
spk_ver/v06/v0653	SES129	0.811693	-7.82239	-8.63408
spk_ver/v06/v0654	SES120	-1.92752	-9.60483	-7.67731
spk_ver/v06/v0655	SES120	-1.12265	-10.3079	-9.18521
spk_ver/v06/v0656	SES120	-0.680952	-8.97736	-8.2964
spk_ver/v06/v0657	SES147	0.358783	-7.55838	-7.91716
spk_ver/v06/v0658	SES120	-0.295794	-9.54936	-9.25357
spk_ver/v06/v0659	SES120	-0.610679	-8.18218	-7.5715
spk_ver/v06/v0660	SES120	-0.406476	-7.98251	-7.57604
spk_ver/v06/v0661	SES120	-1.36942	-10.5655	-9.19608
spk_ver/v06/v0662	SES120	-1.32912	-10.3003	-8.97118
spk_ver/v06/v0663	SES120	-1.245	-9.21113	-7.96613
spk_ver/v06/v0664	SES147	0.861883	-7.76522	-8.6271
spk_ver/v06/v0665	SES162	0.265618	-7.70021	-7.96583
spk_ver/v06/v0666	SES120	-0.767417	-7.89541	-7.12799
spk_ver/v06/v0667	SES120	0.513472	-9.06642	-9.57989
spk_ver/v06/v0668	SES120	1.36583	-7.77084	-9.13667
spk_ver/v06/v0669	SES142	0.926329	-7.06057	-7.9869
spk_ver/v06/v0670	SES106	1.00548	-7.37563	-8.38111
spk_ver/v06/v0671	SES183	1.69703	-6.91538	-8.61241
spk_ver/v06/v0672	SES120	0.00175667	-8.59282	-8.59457
spk_ver/v06/v0673	SES029	-0.913705	-10.0814	-9.16771
spk_ver/v06/v0674	SES120	-1.321	-9.40454	-8.08354
spk_ver/v06/v0675	SES008	1.86542	-7.13693	-9.00235
spk_ver/v06/v0676	SES125	-1.69796	-11.3941	-9.69616
spk_ver/v06/v0677	SES143	0.930973	-7.32336	-8.25434
spk_ver/v06/v0678	SES125	-0.525982	-9.70086	-9.17488
spk_ver/v06/v0679	SES162	1.08286	-7.55567	-8.63853
spk_ver/v06/v0680	SES125	-0.299924	-8.5513	-8.25138
spk_ver/v06/v0681	SES125	-1.03903	-10.7708	-9.73176
spk_ver/v06/v0682	SES125	-1.99543	-9.39653	-7.4011
spk_ver/v06/v0683	SES226	0.812492	-7.23411	-8.0466
spk_ver/v06/v0684	SES125	-0.708695	-8.65696	-7.94826
spk_ver/v06/v0685	SES125	-1.08503	-9.25574	-8.17071
spk_ver/v06/v0686	SES120	0.596257	-6.60947	-7.20573
spk_ver/v06/v0687	SES125	-2.36738	-13.7403	-11.3729
spk_ver/v06/v0688	SES158	0.819631	-7.2586	-8.07823
spk_ver/v06/v0689	SES125	-2.40832	-10.6315	-8.22316
spk_ver/v06/v0690	SES105	1.47178	-7.605	-9.07678
spk_ver/v06/v0691	SES125	0.906066	-8.50702	-9.41309
spk_ver/v06/v0692	SES125	-0.41879	-8.56124	-8.14245
spk_ver/v06/v0693	SES180	0.672499	-6.46733	-7.13983
spk_ver/v06/v0694	SES125	-3.7171	-11.6702	-7.95314
spk_ver/v06/v0695	SES125	-1.04519	-9.98981	-8.94462
spk_ver/v06/v0696	SES125	-2.19683	-9.71557	-7.51874
spk_ver/v06/v0697	SES125	-1.32594	-10.6686	-9.34263
spk_ver/v06/v0698	SES083	0.453026	-7.02935	-7.48238
spk_ver/v06/v0699	SES125	-0.711564	-8.63207	-7.92051
spk_ver/v07/v0700	SES014	0.391533	-9.49593	-9.88747
spk_ver/v07/v0701	SES125	-1.03622	-8.70124	-7.66503
spk_ver/v07/v0702	SES127	-0.596679	-8.00535	-7.40867
spk_ver/v07/v0703	SES127	-0.0152607	-8.67472	-8.65946
spk_ver/v07/v0704	SES206	1.16535	-7.0779	-8.24324
spk_ver/v07/v0705	SES127	-1.09292	-8.44609	-7.35317
spk_ver/v07/v0706	SES127	-0.516643	-8.1249	-7.60826
spk_ver/v07/v0707	SES127	-1.95353	-9.81152	-7.85799
spk_ver/v07/v0708	SES275	0.409006	-7.23737	-7.64638
spk_ver/v07/v0709	SES127	-2.19499	-9.89485	-7.69986
spk_ver/v07/v0710	SES105	0.244421	-8.36989	-8.61431
spk_ver/v07/v0711	SES127	-0.924442	-9.13495	-8.2105
spk_ver/v07/v0712	SES127	-1.59093	-9.66769	-8.07675
spk_ver/v07/v0713	SES127	-1.52759	-9.83761	-8.31002
spk_ver/v07/v0714	SES019	3.19192	-6.90159	-10.0935
spk_ver/v07/v0715	SES127	-3.20892	-11.3793	-8.17039
spk_ver/v07/v0716	SES148	0.536417	-7.66554	-8.20195
spk_ver/v07/v0717	SES162	0.518058	-7.27743	-7.79549
spk_ver/v07/v0718	SES189	-0.265175	-8.55652	-8.29135
spk_ver/v07/v0719	SES149	0.485364	-5.85691	-6.34228
spk_ver/v07/v0720	SES175	0.72004	-7.67811	-8.39815
spk_ver/v07/v0721	SES127	-2.06649	-10.4176	-8.35115
spk_ver/v07/v0722	SES127	-0.807744	-9.36852	-8.56078
spk_ver/v07/v0723	SES127	-2.60175	-11.0984	-8.49666
spk_ver/v07/v0724	SES127	-0.606492	-7.94405	-7.33756
spk_ver/v07/v0725	SES127	-1.65892	-10.111	-8.45205
spk_ver/v07/v0726	SES259	1.94962	-6.23732	-8.18694
spk_ver/v07/v0727	SES127	-4.68724	-13.2087	-8.52149
spk_ver/v07/v0728	SES127	0.541961	-6.87081	-7.41278
spk_ver/v07/v0729	SES127	-2.05829	-10.5732	-8.51495
spk_ver/v07/v0730	SES127	-0.671144	-8.69975	-8.02861
spk_ver/v07/v0731	SES129	-0.939628	-8.95848	-8.01885
spk_ver/v07/v0732	SES129	-0.685822	-8.68919	-8.00337
spk_ver/v07/v0733	SES129	-0.609714	-8.64529	-8.03558
spk_ver/v07/v0734	SES129	-1.64984	-11.3585	-9.70861
spk_ver/v07/v0735	SES183	0.738213	-7.47325	-8.21147
spk_ver/v07/v0736	SES129	-2.22322	-10.2461	-8.02286
spk_ver/v07/v0737	SES129	-1.45825	-10.3428	-8.88455
spk_ver/v07/v0738	SES129	-2.25694	-11.3656	-9.10865
spk_ver/v07/v0739	SES129	-1.58351	-9.5245	-7.94098
spk_ver/v07/v0740	SES167	-0.654523	-7.47205	-6.81753
spk_ver/v07/v0741	SES129	-1.26686	-9.5903	-8.32343
spk_ver/v07/v0742	SES129	-1.58571	-9.09493	-7.50923
spk_ver/v07/v0743	SES129	-1.62772	-9.29965	-7.67192
spk_ver/v07/v0744	SES129	-3.40386	-12.8022	-9.39839
spk_ver/v07/v0745	SES180	0.578652	-6.8756	-7.45426
spk_ver/v07/v0746	SES129	-1.06799	-8.74342	-7.67543
spk_ver/v07/v0747	SES292	0.234298	-7.81829	-8.05259
spk_ver/v07/v0748	SES202	0.473423	-7.33793	-7.81136
spk_ver/v07/v0749	SES270	0.255844	-8.49161	-8.74745
spk_ver/v07/v0750	SES129	-1.02026	-8.53463	-7.51437
spk_ver/v07/v0751	SES129	-1.32077	-8.81522	-7.49445
spk_ver/v07/v0752	SES060	0.745559	-6.82865	-7.5742
spk_ver/v07/v0753	SES129	-1.9767	-9.53648	-7.55977
spk_ver/v07/v0754	SES129	-1.61442	-10.9242	-9.30975
spk_ver/v07/v0755	SES129	-3.45482	-10.8561	-7.40126
spk_ver/v07/v0756	SES175	0.766866	-7.06169	-7.82855
spk_ver/v07/v0757	SES129	-2.17021	-10.9892	-8.81895
spk_ver/v07/v0758	SES129	-4.08601	-14.4101	-10.3241
spk_ver/v07/v0759	SES129	-3.4434	-11.7748	-8.33137
spk_ver/v07/v0760	SES129	-1.72607	-9.22182	-7.49575
spk_ver/v07/v0761	SES129	-1.2604	-8.74125	-7.48085
spk_ver/v07/v0762	SES172	0.878947	-7.84377	-8.72271
spk_ver/v07/v0763	SES129	-1.58104	-9.91749	-8.33646
spk_ver/v07/v0764	SES129	-1.55174	-8.10021	-6.54847
spk_ver/v07/v0765	SES175	0.0118747	-7.67599	-7.68786
spk_ver/v07/v0766	SES129	-1.81473	-9.52036	-7.70563
spk_ver/v07/v0767	SES129	-0.834458	-9.06573	-8.23127
spk_ver/v07/v0768	SES042	1.21797	-6.34425	-7.56222
spk_ver/v07/v0769	SES099	0.70219	-8.51953	-9.22172
spk_ver/v07/v0770	SES142	-1.12955	-10.1941	-9.06453
spk_ver/v07/v0771	SES142	-0.218065	-7.93467	-7.71661
spk_ver/v07/v0772	SES101	0.859384	-6.27864	-7.13803
spk_ver/v07/v0773	SES142	-3.4881	-13.6938	-10.2057
spk_ver/v07/v0774	SES142	-1.75522	-10.8617	-9.10652
spk_ver/v07/v0775	SES142	-0.848845	-9.12033	-8.27148
spk_ver/v07/v0776	SES142	-0.0133348	-7.74049	-7.72716
spk_ver/v07/v0777	SES142	-2.07222	-9.6331	-7.56088
spk_ver/v07/v0778	SES142	0.164606	-8.24156	-8.40616
spk_ver/v07/v0779	SES142	-2.962	-11.8672	-8.90521
spk_ver/v07/v0780	SES142	-2.86707	-12.2034	-9.33629
spk_ver/v07/v0781	SES142	-3.20358	-11.8455	-8.64189
spk_ver/v07/v0782	SES101	0.610117	-7.11528	-7.7254
spk_ver/v07/v0783	SES142	-1.35538	-7.72851	-6.37313
spk_ver/v07/v0784	SES187	0.612548	-8.98561	-9.59816
spk_ver/v07/v0785	SES143	0.645621	-7.32862	-7.97424
spk_ver/v07/v0786	SES142	-0.928517	-8.52176	-7.59324
spk_ver/v07/v0787	SES144	0.463667	-7.75585	-8.21952
spk_ver/v07/v0788	SES275	0.355392	-7.29644	-7.65183
spk_ver/v07/v0789	SES142	-1.08276	-8.82854	-7.74578
spk_ver/v07/v0790	SES099	0.921846	-7.60827	-8.53012
spk_ver/v07/v0791	SES142	-1.95322	-10.1707	-8.21749
spk_ver/v07/v0792	SES142	-1.74803	-10.1847	-8.43665
spk_ver/v07/v0793	SES142	-2.11268	-11.554	-9.44134
spk_ver/v07/v0794	SES014	1.15121	-6.89442	-8.04563
spk_ver/v07/v0795	SES142	-3.50301	-12.7586	-9.25561
spk_ver/v07/v0796	SES142	-1.24282	-8.80044	-7.55762
spk_ver/v07/v0797	SES143	-0.222299	-7.43105	-7.20875
spk_ver/v07/v0798	SES206	1.08295	-7.65222	-8.73517
spk_ver/v07/v0799	SES143	-1.82582	-11.2993	-9.47353
spk_ver/v08/v0800	SES143	-0.981009	-8.26944	-7.28843
spk_ver/v08/v0801	SES143	-0.550361	-8.06442	-7.51406
spk_ver/v08/v0802	SES143	-1.47248	-9.72316	-8.25068
spk_ver/v08/v0803	SES143	-1.2619	-10.0863	-8.82436
spk_ver/v08/v0804	SES143	-1.34081	-9.43797	-8.09716
spk_ver/v08/v0805	SES143	-1.10168	-9.78462	-8.68293
spk_ver/v08/v0806	SES143	-0.81366	-9.71659	-8.90293
spk_ver/v08/v0807	SES177	-0.0547724	-9.0179	-8.96313
spk_ver/v08/v0808	SES149	0.337644	-6.66059	-6.99823
spk_ver/v08/v0809	SES143	-1.9842	-10.9315	-8.94728
spk_ver/v08/v0810	SES158	1.32972	-7.79843	-9.12814
spk_ver/v08/v0811	SES143	-0.753669	-9.43393	-8.68026
spk_ver/v08/v0812	SES062	0.317255	-7.49343	-7.81068
spk_ver/v08/v0813	SES259	1.61317	-6.86883	-8.482
spk_ver/v08/v0814	SES143	-2.053	-10.5202	-8.46718
spk_ver/v08/v0815	SES143	-1.30277	-8.94224	-7.63947
spk_ver/v08/v0816	SES143	-0.884321	-8.63568	-7.75136
spk_ver/v08/v0817	SES144	1.14127	-8.15368	-9.29495
spk_ver/v08/v0818	SES143	-0.964701	-8.94358	-7.97887
spk_ver/v08/v0819	SES143	-0.626423	-8.25495	-7.62853
spk_ver/v08/v0820	SES143	-0.318694	-7.2212	-6.90251
spk_ver/v08/v0821	SES143	-0.534165	-7.8463	-7.31214
spk_ver/v08/v0822	SES143	-2.28483	-11.1936	-8.90882
spk_ver/v08/v0823	SES104	0.629008	-7.19405	-7.82305
spk_ver/v08/v0824	SES143	-2.54922	-11.3733	-8.82413
spk_ver/v08/v0825	SES143	-1.48668	-9.78847	-8.30179
spk_ver/v08/v0826	SES144	-1.86181	-10.7715	-8.90967
spk_ver/v08/v0827	SES144	-1.21011	-7.8977	-6.68759
spk_ver/v08/v0828	SES144	-0.373675	-8.43445	-8.06078
spk_ver/v08/v0829	SES172	0.244421	-7.83126	-8.07568
spk_ver/v08/v0830	SES144	-0.197946	-7.71556	-7.51761
spk_ver/v08/v0831	SES183	0.927537	-8.17316	-9.10069
spk_ver/v08/v0832	SES144	-2.09459	-11.4074	-9.31277
spk_ver/v08/v0833	SES144	-1.96237	-9.97325	-8.01087
spk_ver/v08/v0834	SES144	-0.731214	-8.74048	-8.00927
spk_ver/v08/v0835	SES144	-0.787147	-8.97557	-8.18843
spk_ver/v08/v0836	SES144	-1.39988	-8.87823	-7.47835
spk_ver/v08/v0837	SES144	-1.30623	-9.83479	-8.52856
spk_ver/v08/v0838	SES144	-2.65455	-12.0343	-9.37978
spk_ver/v08/v0839	SES085	0.544959	-6.88174	-7.4267
spk_ver/v08/v0840	SES144	-0.438794	-8.15307	-7.71428
spk_ver/v08/v0841	SES144	-2.62532	-13.6408	-11.0155
spk_ver/v08/v0842	SES144	-1.70141	-10.7981	-9.09672
spk_ver/v08/v0843	SES144	-0.468191	-7.3764	-6.90821
spk_ver/v08/v0844	SES144	-0.777021	-9.64731	-8.87029
spk_ver/v08/v0845	SES144	-1.6976	-9.34704	-7.64945
spk_ver/v08/v0846	SES104	0.209048	-8.80094	-9.00998
spk_ver/v08/v0847	SES144	-1.1388	-8.56865	-7.42985
spk_ver/v08/v0848	SES144	0.235812	-8.56242	-8.79824
spk_ver/v08/v0849	SES144	-2.78198	-11.8218	-9.0398
spk_ver/v08/v0850	SES144	-1.04303	-9.2337	-8.19067
spk_ver/v08/v0851	SES144	-1.42715	-9.83627	-8.40912
spk_ver/v08/v0852	SES144	-0.594542	-7.69427	-7.09973
spk_ver/v08/v0853	SES144	-4.50792	-17.2148	-12.7069
spk_ver/v08/v0854	SES144	-0.605456	-7.94555	-7.34009
spk_ver/v08/v0855	SES144	0.468644	-6.75432	-7.22296
spk_ver/v08/v0856	SES082	0.0670662	-9.51227	-9.57934
spk_ver/v08/v0857	SES142	0.599826	-6.52823	-7.12805
spk_ver/v08/v0858	SES144	-0.0546832	-7.74968	-7.695
spk_ver/v08/v0859	SES144	-1.35374	-10.0231	-8.6694
spk_ver/v08/v0860	SES146	-1.57847	-10.9554	-9.37692
spk_ver/v08/v0861	SES146	-1.52179	-11.4135	-9.89174
spk_ver/v08/v0862	SES146	-3.00455	-13.7785	-10.7739
spk_ver/v08/v0863	SES146	-0.0780602	-7.27978	-7.20172
spk_ver/v08/v0864	SES146	-1.42749	-10.9233	-9.49578
spk_ver/v08/v0865	SES008	1.89867	-5.90133	-7.80001
spk_ver/v08/v0866	SES142	0.352431	-7.46738	-7.81981
spk_ver/v08/v0867	SES146	-2.37913	-11.4301	-9.05093
spk_ver/v08/v0868	SES082	0.636426	-6.65743	-7.29386
spk_ver/v08/v0869	SES146	-0.937543	-9.26784	-8.3303
spk_ver/v08/v0870	SES146	-3.92448	-14.0942	-10.1697
spk_ver/v08/v0871	SES146	-1.54285	-10.4131	-8.87027
spk_ver/v08/v0872	SES146	-0.819733	-9.0076	-8.18786
spk_ver/v08/v0873	SES082	0.77216	-6.78841	-7.56057
spk_ver/v08/v0874	SES146	-0.739022	-8.91627	-8.17725
spk_ver/v08/v0875	SES144	0.225071	-8.47189	-8.69696
spk_ver/v08/v0876	SES146	-0.626706	-8.29651	-7.6698
spk_ver/v08/v0877	SES146	-1.88809	-10.2772	-8.38906
spk_ver/v08/v0878	SES146	-0.717402	-8.78625	-8.06884
spk_ver/v08/v0879	SES146	-0.466304	-8.49428	-8.02798
spk_ver/v08/v0880	SES146	-0.58395	-8.47469	-7.89074
spk_ver/v08/v0881	SES143	0.832433	-7.59594	-8.42837
spk_ver/v08/v0882	SES146	0.0849552	-7.30417	-7.38912
spk_ver/v08/v0883	SES147	-1.94947	-10.0189	-8.06944
spk_ver/v08/v0884	SES147	-0.116759	-7.49463	-7.37787
spk_ver/v08/v0885	SES016	0.922009	-6.79783	-7.71984
spk_ver/v08/v0886	SES147	-0.507504	-8.1298	-7.6223
spk_ver/v08/v0887	SES147	-1.46508	-9.42782	-7.96274
spk_ver/v08/v0888	SES147	-2.16063	-11.0512	-8.89057
spk_ver/v08/v0889	SES019	1.23947	-7.30113	-8.54061
spk_ver/v08/v0890	SES147	-0.838404	-9.80024	-8.96184
spk_ver/v08/v0891	SES147	-1.04123	-9.12456	-8.08333
spk_ver/v08/v0892	SES147	-0.842431	-8.41759	-7.57516
spk_ver/v08/v0893	SES270	2.42286	-7.16037	-9.58322
spk_ver/v08/v0894	SES029	0.266172	-7.7903	-8.05647
spk_ver/v08/v0895	SES147	-2.85143	-11.4172	-8.56582
spk_ver/v08/v0896	SES117	0.272522	-8.72897	-9.0015
spk_ver/v08/v0897	SES183	0.824413	-8.8761	-9.70052
spk_ver/v08/v0898	SES147	-4.72843	-14.2198	-9.49139
spk_ver/v08/v0899	SES147	-1.99333	-11.956	-9.96265
spk_ver/v09/v0900	SES087	0.88391	-7.23634	-8.12025
spk_ver/v09/v0901	SES147	-3.64469	-13.8131	-10.1684
spk_ver/v09/v0902	SES147	-1.46	-10.3045	-8.84449
spk_ver/v09/v0903	SES147	-1.17337	-8.55332	-7.37995
spk_ver/v09/v0904	SES147	-2.13116	-10.753	-8.62181
spk_ver/v09/v0905	SES143	0.131227	-7.99759	-8.12881
spk_ver/v09/v0906	SES149	0.342327	-7.88166	-8.22399
spk_ver/v09/v0907	SES148	-1.87691	-8.7274	-6.85048
spk_ver/v09/v0908	SES148	-1.11739	-9.15224	-8.03485
spk_ver/v09/v0909	SES106	1.2118	-7.15326	-8.36505
spk_ver/v09/v0910	SES148	-0.896561	-9.91746	-9.0209
spk_ver/v09/v0911	SES148	-0.340774	-9.2329	-8.89212
spk_ver/v09/v0912	SES142	0.145669	-7.60486	-7.75053
spk_ver/v09/v0913	SES148	-0.228065	-8.96732	-8.73925
spk_ver/v09/v0914	SES148	-0.827238	-8.78326	-7.95602
spk_ver/v09/v0915	SES148	-1.61544	-10.0596	-8.44413
spk_ver/v09/v0916	SES148	-1.27044	-9.49751	-8.22707
spk_ver/v09/v0917	SES148	0.435653	-7.33116	-7.76681
spk_ver/v09/v0918	SES148	0.221829	-7.51883	-7.74066
spk_ver/v09/v0919	SES270	1.84324	-6.94229	-8.78553
spk_ver/v09/v0920	SES148	-0.822057	-7.7179	-6.89584
spk_ver/v09/v0921	SES148	-0.663323	-8.93795	-8.27463
spk_ver/v09/v0922	SES129	1.15641	-6.27094	-7.42735
spk_ver/v09/v0923	SES117	0.918034	-6.71662	-7.63465
spk_ver/v09/v0924	SES042	1.78883	-6.38023	-8.16906
spk_ver/v09/v0925	SES148	-3.57985	-12.7013	-9.12147
spk_ver/v09/v0926	SES148	-1.26061	-11.5058	-10.2452
spk_ver/v09/v0927	SES144	0.649179	-7.57999	-8.22917
spk_ver/v09/v0928	SES007	0.473889	-7.33963	-7.81352
spk_ver/v09/v0929	SES148	-0.498371	-8.66583	-8.16746
spk_ver/v09/v0930	SES148	-0.528234	-9.06583	-8.5376
spk_ver/v09/v0931	SES148	-1.06237	-8.95934	-7.89697
spk_ver/v09/v0932	SES202	0.352912	-8.3884	-8.74131
spk_ver/v09/v0933	SES148	-0.775492	-8.43869	-7.6632
spk_ver/v09/v0934	SES148	-0.3206	-8.59349	-8.27289
spk_ver/v09/v0935	SES060	1.19644	-6.4219	-7.61834
spk_ver/v09/v0936	SES060	0.762619	-7.75909	-8.52171
spk_ver/v09/v0937	SES148	-0.379597	-8.46741	-8.08781
spk_ver/v09/v0938	SES148	-0.248903	-8.15643	-7.90753
spk_ver/v09/v0939	SES148	-1.95605	-9.67749	-7.72144
spk_ver/v09/v0940	SES148	-1.35549	-9.34347	-7.98798
spk_ver/v09/v0941	SES149	-0.945409	-8.70977	-7.76436
spk_ver/v09/v0942	SES149	-1.49433	-8.41918	-6.92485
spk_ver/v09/v0943	SES149	-0.728685	-8.72339	-7.99471
spk_ver/v09/v0944	SES149	-1.28819	-9.73168	-8.44349
spk_ver/v09/v0945	SES105	0.91153	-6.30007	-7.2116
spk_ver/v09/v0946	SES149	-1.99952	-11.8162	-9.8167
spk_ver/v09/v0947	SES149	-0.085557	-8.48208	-8.39652
spk_ver/v09/v0948	SES149	-1.573	-9.32199	-7.74899
spk_ver/v09/v0949	SES149	-0.584967	-6.70033	-6.11537
spk_ver/v09/v0950	SES226	0.542534	-6.4832	-7.02573
spk_ver/v09/v0951	SES149	-0.55515	-9.16969	-8.61454
spk_ver/v09/v0952	SES149	-1.02081	-8.87766	-7.85685
spk_ver/v09/v0953	SES062	0.359395	-6.9845	-7.3439
spk_ver/v09/v0954	SES149	-0.712	-9.13175	-8.41975
spk_ver/v09/v0955	SES048	0.0693121	-7.90217	-7.97148
spk_ver/v09/v0956	SES158	-0.688847	-9.07957	-8.39072
spk_ver/v09/v0957	SES158	-1.79824	-10.418	-8.61974
spk_ver/v09/v0958	SES158	-0.285193	-7.04977	-6.76458
spk_ver/v09/v0959	SES158	-1.07178	-9.00172	-7.92995
spk_ver/v09/v0960	SES158	-2.19042	-10.5819	-8.39151
spk_ver/v09/v0961	SES147	0.644068	-6.8542	-7.49826
spk_ver/v09/v0962	SES158	-1.95495	-9.64808	-7.69313
spk_ver/v09/v0963	SES292	-0.229063	-9.55985	-9.33078
spk_ver/v09/v0964	SES060	0.953568	-6.09555	-7.04912
spk_ver/v09/v0965	SES002	1.43036	-8.24304	-9.6734
spk_ver/v09/v0966	SES149	0.236904	-6.21577	-6.45267
spk_ver/v09/v0967	SES158	-2.02573	-10.2862	-8.26048
spk_ver/v09/v0968	SES158	-2.05284	-11.1668	-9.11395
spk_ver/v09/v0969	SES275	0.719346	-7.61555	-8.33489
spk_ver/v09/v0970	SES158	-1.32644	-9.31484	-7.98839
spk_ver/v09/v0971	SES158	-1.86201	-9.51451	-7.6525
spk_ver/v09/v0972	SES002	0.64022	-8.05997	-8.70019
spk_ver/v09/v0973	SES158	-3.62913	-13.8137	-10.1846
spk_ver/v09/v0974	SES202	0.326719	-7.57144	-7.89815
spk_ver/v09/v0975	SES158	-2.41174	-10.5448	-8.13303
spk_ver/v09/v0976	SES158	-0.568813	-8.89369	-8.32488
spk_ver/v09/v0977	SES162	-1.11865	-8.62058	-7.50193
spk_ver/v09/v0978	SES162	-2.9708	-12.8473	-9.87651
spk_ver/v09/v0979	SES162	-2.6142	-12.0916	-9.47739
spk_ver/v09/v0980	SES162	-2.30891	-11.1728	-8.86384
spk_ver/v09/v0981	SES162	-3.05189	-12.2068	-9.1549
spk_ver/v09/v0982	SES259	1.53458	-6.18418	-7.71876
spk_ver/v09/v0983	SES162	-1.19801	-10.127	-8.92902
spk_ver/v09/v0984	SES162	-1.25244	-8.82103	-7.56859
spk_ver/v09/v0985	SES162	-0.074235	-8.50275	-8.42852
spk_ver/v09/v0986	SES062	0.459149	-7.18211	-7.64126
spk_ver/v09/v0987	SES162	0.212924	-7.87818	-8.0911
spk_ver/v09/v0988	SES162	-3.00283	-11.7375	-8.7347
spk_ver/v09/v0989	SES162	-1.66131	-10.8424	-9.18107
spk_ver/v09/v0990	SES162	-3.01398	-12.2603	-9.24629
spk_ver/v09/v0991	SES087	0.901559	-8.57792	-9.47948
spk_ver/v09/v0992	SES120	0.00324154	-7.8881	-7.89134
spk_ver/v09/v0993	SES162	-2.28512	-10.8966	-8.61153
spk_ver/v09/v0994	SES162	-0.922642	-8.18488	-7.26224
spk_ver/v09/v0995	SES162	-2.81187	-10.5067	-7.69485
spk_ver/v09/v0996	SES162	-1.84596	-8.93537	-7.08941
spk_ver/v09/v0997	SES162	-1.98474	-9.93274	-7.948
spk_ver/v09/v0998	SES162	-1.04315	-9.1848	-8.14165
spk_ver/v09/v0999	SES162	-0.867697	-7.30517	-6.43748
spk_ver/v10/v1000	SES162	-1.23419	-8.73217	-7.49798
spk_ver/v10/v1001	SES148	1.07693	-6.53089	-7.60782
spk_ver/v10/v1002	SES162	-0.78285	-8.52763	-7.74478
spk_ver/v10/v1003	SES162	-1.39045	-9.46724	-8.07678
spk_ver/v10/v1004	SES162	-3.19495	-11.7141	-8.51917
spk_ver/v10/v1005	SES162	-1.19179	-10.1136	-8.92183
spk_ver/v10/v1006	SES162	-2.26831	-11.7744	-9.50613
spk_ver/v10/v1007	SES162	-0.648993	-8.46038	-7.81138
spk_ver/v10/v1008	SES162	-1.85937	-11.9248	-10.0654
spk_ver/v10/v1009	SES162	-3.43852	-11.9239	-8.48534
spk_ver/v10/v1010	SES167	-1.23557	-11.6582	-10.4226
spk_ver/v10/v1011	SES167	0.122805	-7.60777	-7.73057
spk_ver/v10/v1012	SES167	-0.982369	-8.92653	-7.94416
spk_ver/v10/v1013	SES167	-5.00548	-15.0034	-9.99792
spk_ver/v10/v1014	SES167	-0.501022	-7.77134	-7.27032
spk_ver/v10/v1015	SES167	-1.59935	-9.33718	-7.73783
spk_ver/v10/v1016	SES167	-0.474836	-8.85486	-8.38003
spk_ver/v10/v1017	SES167	-1.59662	-11.5035	-9.90684
spk_ver/v10/v1018	SES167	-1.1597	-9.26158	-8.10188
spk_ver/v10/v1019	SES167	-1.87595	-9.99116	-8.11521
spk_ver/v10/v1020	SES167	-2.53632	-11.0728	-8.53652
spk_ver/v10/v1021	SES167	-0.575255	-8.4672	-7.89194
spk_ver/v10/v1022	SES167	-2.33688	-10.8454	-8.50851
spk_ver/v10/v1023	SES167	-1.666	-9.38859	-7.7226
spk_ver/v10/v1024	SES167	-3.67371	-12.3258	-8.65212
spk_ver/v10/v1025	SES167	-0.792609	-8.29161	-7.499
spk_ver/v10/v1026	SES167	-2.31491	-10.0909	-7.77599
spk_ver/v10/v1027	SES167	-0.874341	-7.45264	-6.57829
spk_ver/v10/v1028	SES167	-1.63162	-9.50154	-7.86992
spk_ver/v10/v1029	SES167	-2.03384	-10.4107	-8.37682
spk_ver/v10/v1030	SES167	-2.40987	-10.4313	-8.02142
spk_ver/v10/v1031	SES167	-2.11468	-11.417	-9.30233
spk_ver/v10/v1032	SES167	-1.1257	-10.2312	-9.10553
spk_ver/v10/v1033	SES167	-2.27105	-10.0142	-7.74314
spk_ver/v10/v1034	SES002	0.993011	-6.63027	-7.62328
spk_ver/v10/v1035	SES167	0.00975895	-8.3306	-8.34036
spk_ver/v10/v1036	SES083	0.76549	-7.23369	-7.99918
spk_ver/v10/v1037	SES167	-1.55273	-9.43479	-7.88206
spk_ver/v10/v1038	SES167	-0.343425	-8.08434	-7.74092
spk_ver/v10/v1039	SES167	-1.81855	-10.1317	-8.31312
spk_ver/v10/v1040	SES167	-2.097	-9.23365	-7.13665
spk_ver/v10/v1041	SES167	-0.159187	-7.99257	-7.83339
spk_ver/v10/v1042	SES087	0.980025	-8.38024	-9.36026
spk_ver/v10/v1043	SES029	0.36653	-7.6839	-8.05043
spk_ver/v10/v1044	SES206	0.872649	-7.32954	-8.20219
spk_ver/v10/v1045	SES172	-0.87525	-8.49035	-7.6151
spk_ver/v10/v1046	SES172	0.804488	-7.98428	-8.78877
spk_ver/v10/v1047	SES172	-0.507662	-8.85873	-8.35107
spk_ver/v10/v1048	SES259	2.19011	-6.40201	-8.59212
spk_ver/v10/v1049	SES172	-1.57907	-9.92283	-8.34377
spk_ver/v10/v1050	SES120	0.780594	-8.56235	-9.34295
spk_ver/v10/v1051	SES172	-2.41015	-10.6637	-8.25351
spk_ver/v10/v1052	SES172	-0.982142	-8.60406	-7.62192
spk_ver/v10/v1053	SES172	-1.81983	-9.90851	-8.08868
spk_ver/v10/v1054	SES172	-1.32946	-8.34276	-7.0133
spk_ver/v10/v1055	SES189	0.485386	-7.8485	-8.33389
spk_ver/v10/v1056	SES172	-1.54009	-10.3411	-8.80099
spk_ver/v10/v1057	SES172	-1.0556	-9.02063	-7.96503
spk_ver/v10/v1058	SES172	-0.143205	-8.85611	-8.71291
spk_ver/v10/v1059	SES172	-2.01667	-10.8739	-8.85722
spk_ver/v10/v1060	SES029	0.770664	-6.40825	-7.17891
spk_ver/v10/v1061	SES175	-2.39981	-12.8339	-10.4341
spk_ver/v10/v1062	SES187	0.225368	-8.10392	-8.32929
spk_ver/v10/v1063	SES019	3.101	-6.6712	-9.7722
spk_ver/v10/v1064	SES175	-0.601347	-9.43632	-8.83497
spk_ver/v10/v1065	SES175	-1.98862	-11.4278	-9.4392
spk_ver/v10/v1066	SES175	-2.03623	-10.5975	-8.56128
spk_ver/v10/v1067	SES175	-1.66589	-11.2142	-9.54835
spk_ver/v10/v1068	SES175	-0.900211	-9.29182	-8.39161
spk_ver/v10/v1069	SES016	1.1116	-6.17446	-7.28607
spk_ver/v10/v1070	SES175	-0.345266	-7.46925	-7.12398
spk_ver/v10/v1071	SES175	-0.589487	-8.56708	-7.97759
spk_ver/v10/v1072	SES175	-1.87767	-11.1595	-9.28185
spk_ver/v10/v1073	SES029	0.742887	-6.74515	-7.48804
spk_ver/v10/v1074	SES175	-1.0188	-9.97811	-8.95931
spk_ver/v10/v1075	SES175	-0.423133	-7.86002	-7.43689
spk_ver/v10/v1076	SES175	-0.602888	-7.82614	-7.22326
spk_ver/v10/v1077	SES175	-1.39817	-9.29088	-7.89271
spk_ver/v10/v1078	SES127	0.382484	-7.38203	-7.76451
spk_ver/v10/v1079	SES175	-0.956334	-8.6549	-7.69857
spk_ver/v10/v1080	SES175	-0.596922	-7.94534	-7.34842
spk_ver/v10/v1081	SES175	-1.82731	-10.9191	-9.0918
spk_ver/v10/v1082	SES175	-1.1153	-9.85798	-8.74268
spk_ver/v10/v1083	SES007	0.218016	-8.63855	-8.85657
spk_ver/v10/v1084	SES068	0.129304	-7.95441	-8.08372
spk_ver/v10/v1085	SES008	0.46479	-7.50748	-7.97227
spk_ver/v10/v1086	SES175	-0.861577	-7.36814	-6.50657
spk_ver/v10/v1087	SES175	-0.379121	-8.25504	-7.87592
spk_ver/v10/v1088	SES008	1.34187	-7.685	-9.02688
spk_ver/v10/v1089	SES177	-1.83938	-8.43002	-6.59064
spk_ver/v10/v1090	SES177	-2.29309	-10.2579	-7.96483
spk_ver/v10/v1091	SES177	-3.1874	-13.2553	-10.0679
spk_ver/v10/v1092	SES177	-0.0151477	-7.58015	-7.565
spk_ver/v10/v1093	SES177	-3.49349	-13.6329	-10.1394
spk_ver/v10/v1094	SES002	0.902478	-7.82312	-8.7256
spk_ver/v10/v1095	SES104	-0.0946646	-9.46	-9.36534
spk_ver/v10/v1096	SES177	-0.86737	-9.00155	-8.13418
spk_ver/v10/v1097	SES177	-3.03901	-13.0473	-10.0083
spk_ver/v10/v1098	SES177	-2.38843	-10.5506	-8.16218
spk_ver/v10/v1099	SES177	0.154587	-7.52395	-7.67854
spk_ver/v11/v1100	SES177	-0.932047	-9.07791	-8.14586
spk_ver/v11/v1101	SES085	0.419528	-7.04434	-7.46386
spk_ver/v11/v1102	SES187	0.455314	-8.39351	-8.84883
spk_ver/v11/v1103	SES177	-0.0697975	-7.72564	-7.65584
spk_ver/v11/v1104	SES177	-0.347257	-8.8555	-8.50825
spk_ver/v11/v1105	SES177	-0.805414	-8.256	-7.45059
spk_ver/v11/v1106	SES177	-1.47258	-9.15507	-7.68249
spk_ver/v11/v1107	SES177	-0.516105	-8.48256	-7.96646
spk_ver/v11/v1108	SES177	0.0484667	-7.33139	-7.37986
spk_ver/v11/v1109	SES125	0.622246	-7.35428	-7.97652
spk_ver/v11/v1110	SES177	-1.7886	-9.27091	-7.48231
spk_ver/v11/v1111	SES177	-0.859599	-8.63244	-7.77284
spk_ver/v11/v1112	SES177	-1.96673	-9.70817	-7.74144
spk_ver/v11/v1113	SES177	-2.13	-11.1741	-9.04409
spk_ver/v11/v1114	SES177	-0.486469	-8.54368	-8.05721
spk_ver/v11/v1115	SES177	-2.085	-10.7121	-8.62711
spk_ver/v11/v1116	SES085	0.722093	-7.07956	-7.80166
spk_ver/v11/v1117	SES147	-0.302716	-7.70903	-7.40631
spk_ver/v11/v1118	SES177	-1.19304	-8.45059	-7.25755
spk_ver/v11/v1119	SES177	-2.98341	-11.1311	-8.14771
spk_ver/v11/v1120	SES180	-1.38415	-10.2026	-8.81846
spk_ver/v11/v1121	SES189	-0.819485	-8.16124	-7.34175
spk_ver/v11/v1122	SES117	0.46076	-8.70701	-9.16777
spk_ver/v11/v1123	SES129	0.949769	-6.33482	-7.28459
spk_ver/v11/v1124	SES180	0.306807	-8.06466	-8.37146
spk_ver/v11/v1125	SES180	-0.255683	-8.30816	-8.05247
spk_ver/v11/v1126	SES180	0.0277028	-7.54761	-7.57531
spk_ver/v11/v1127	SES180	-1.17196	-9.62926	-8.4573
spk_ver/v11/v1128	SES016	0.638041	-8.25747	-8.89551
spk_ver/v11/v1129	SES158	0.559561	-7.64138	-8.20094
spk_ver/v11/v1130	SES180	-0.541683	-8.28433	-7.74265
spk_ver/v11/v1131	SES180	-1.57907	-9.0703	-7.49123
spk_ver/v11/v1132	SES180	0.451138	-7.98833	-8.43947
spk_ver/v11/v1133	SES180	-2.29197	-10.3119	-8.01993
spk_ver/v11/v1134	SES180	-0.61745	-9.43566	-8.81821
spk_ver/v11/v1135	SES180	-0.620662	-8.90479	-8.28413
spk_ver/v11/v1136	SES180	-3.41333	-13.7794	-10.366
spk_ver/v11/v1137	SES148	0.314269	-7.77925	-8.09352
spk_ver/v11/v1138	SES104	0.739485	-5.97185	-6.71133
spk_ver/v11/v1139	SES180	-1.01505	-9.05558	-8.04053
spk_ver/v11/v1140	SES083	0.229727	-7.93933	-8.16905
spk_ver/v11/v1141	SES180	-3.95633	-13.5732	-9.61688
spk_ver/v11/v1142	SES180	-3.05126	-11.6576	-8.60634
spk_ver/v11/v1143	SES180	-1.67138	-10.7764	-9.10502
spk_ver/v11/v1144	SES099	1.06201	-9.09458	-10.1566
spk_ver/v11/v1145	SES180	-0.357224	-8.72605	-8.36882
spk_ver/v11/v1146	SES183	-1.95179	-10.1051	-8.15327
spk_ver/v11/v1147	SES183	-1.73885	-9.54976	-7.81091
spk_ver/v11/v1148	SES183	-2.41508	-12.1915	-9.77643
spk_ver/v11/v1149	SES183	-3.72835	-13.2313	-9.50292
spk_ver/v11/v1150	SES183	-4.69991	-15.6518	-10.9519
spk_ver/v11/v1151	SES082	0.766025	-7.79219	-8.55822
spk_ver/v11/v1152	SES183	-1.35701	-10.389	-9.03203
spk_ver/v11/v1153	SES183	0.12159	-8.02198	-8.14357
spk_ver/v11/v1154	SES002	1.16688	-7.2767	-8.44358
spk_ver/v11/v1155	SES183	-1.09239	-9.49594	-8.40355
spk_ver/v11/v1156	SES183	-2.24287	-12.0174	-9.77454
spk_ver/v11/v1157	SES183	-1.65434	-10.2728	-8.61851
spk_ver/v11/v1158	SES183	-0.105538	-7.76802	-7.66248
spk_ver/v11/v1159	SES183	-0.642132	-8.88944	-8.2473
spk_ver/v11/v1160	SES183	-3.01283	-10.5683	-7.55547
spk_ver/v11/v1161	SES183	-2.69002	-12.6919	-10.0018
spk_ver/v11/v1162	SES105	1.03207	-6.35578	-7.38786
spk_ver/v11/v1163	SES183	-5.00487	-15.9558	-10.9509
spk_ver/v11/v1164	SES259	1.29234	-6.3065	-7.59884
spk_ver/v11/v1165	SES183	-0.635692	-9.58432	-8.94862
spk_ver/v11/v1166	SES183	-3.44763	-11.9486	-8.50099
spk_ver/v11/v1167	SES183	-0.497353	-7.56645	-7.0691
spk_ver/v11/v1168	SES183	-0.834486	-8.09097	-7.25648
spk_ver/v11/v1169	SES183	-2.98369	-10.7605	-7.77678
spk_ver/v11/v1170	SES183	-1.57889	-9.73541	-8.15653
spk_ver/v11/v1171	SES183	-6.59607	-17.3879	-10.7919
spk_ver/v11/v1172	SES187	-0.996398	-8.76609	-7.76969
spk_ver/v11/v1173	SES019	2.30883	-7.18647	-9.4953
spk_ver/v11/v1174	SES187	-1.12984	-10.5626	-9.43276
spk_ver/v11/v1175	SES187	-0.912249	-9.47497	-8.56272
spk_ver/v11/v1176	SES083	0.555454	-6.65374	-7.2092
spk_ver/v11/v1177	SES187	-3.21025	-13.7576	-10.5473
spk_ver/v11/v1178	SES187	-1.65223	-10.2633	-8.6111
spk_ver/v11/v1179	SES187	-0.939214	-9.17223	-8.23302
spk_ver/v11/v1180	SES187	-0.267536	-8.56795	-8.30041
spk_ver/v11/v1181	SES187	-1.3393	-9.65631	-8.31702
spk_ver/v11/v1182	SES187	-0.688913	-8.42436	-7.73545
spk_ver/v11/v1183	SES187	-0.778505	-9.08736	-8.30885
spk_ver/v11/v1184	SES187	-0.103419	-8.08403	-7.98061
spk_ver/v11/v1185	SES127	0.667248	-7.54147	-8.20872
spk_ver/v11/v1186	SES187	-0.118001	-7.34852	-7.23052
spk_ver/v11/v1187	SES187	-0.339429	-8.07287	-7.73344
spk_ver/v11/v1188	SES187	-0.865668	-9.98832	-9.12265
spk_ver/v11/v1189	SES042	0.96899	-6.83984	-7.80883
spk_ver/v11/v1190	SES187	-1.3451	-8.26999	-6.92489
spk_ver/v11/v1191	SES187	-2.86465	-13.9371	-11.0724
spk_ver/v11/v1192	SES187	-1.346	-10.252	-8.90601
spk_ver/v11/v1193	SES183	1.40872	-7.48635	-8.89507
spk_ver/v11/v1194	SES187	-1.13723	-9.87924	-8.74202
spk_ver/v11/v1195	SES187	-0.631947	-10.8367	-10.2048
spk_ver/v11/v1196	SES146	0.850629	-6.77597	-7.6266
spk_ver/v11/v1197	SES189	-2.23216	-11.0954	-8.86327
spk_ver/v11/v1198	SES175	0.532811	-7.22578	-7.75859
spk_ver/v11/v1199	SES189	-3.90739	-13.7948	-9.88739
spk_ver/v12/v1200	SES189	-1.39681	-8.66284	-7.26602
spk_ver/v12/v1201	SES177	0.309849	-7.32093	-7.63078
spk_ver/v12/v1202	SES189	-2.05535	-10.0233	-7.96792
spk_ver/v12/v1203	SES143	0.905999	-6.85173	-7.75773
spk_ver/v12/v1204	SES189	-1.40936	-9.51187	-8.10251
spk_ver/v12/v1205	SES189	-0.838022	-8.93132	-8.0933
spk_ver/v12/v1206	SES189	-1.39075	-10.3646	-8.97384
spk_ver/v12/v1207	SES189	-4.0536	-11.8734	-7.81983
spk_ver/v12/v1208	SES189	-2.07012	-9.30754	-7.23742
spk_ver/v12/v1209	SES189	-2.89962	-12.4352	-9.53555
spk_ver/v12/v1210	SES189	-1.33598	-9.51876	-8.18278
spk_ver/v12/v1211	SES062	0.508345	-6.47159	-6.97993
spk_ver/v12/v1212	SES189	-1.44569	-9.66604	-8.22034
spk_ver/v12/v1213	SES048	0.748393	-6.9488	-7.6972
spk_ver/v12/v1214	SES042	1.42091	-6.31049	-7.7314
spk_ver/v12/v1215	SES008	1.57316	-5.56441	-7.13758
spk_ver/v12/v1216	SES202	-1.27059	-9.50016	-8.22957
spk_ver/v12/v1217	SES202	-1.32147	-9.13016	-7.80869
spk_ver/v12/v1218	SES085	1.38269	-4.90612	-6.28881
spk_ver/v12/v1219	SES202	-0.995645	-9.00341	-8.00777
spk_ver/v12/v1220	SES202	-0.580957	-7.46356	-6.88261
spk_ver/v12/v1221	SES202	-0.713811	-9.34912	-8.63531
spk_ver/v12/v1222	SES202	-2.35133	-12.3375	-9.98621
spk_ver/v12/v1223	SES158	0.372111	-7.21266	-7.58477
spk_ver/v12/v1224	SES202	-1.06045	-9.81291	-8.75247
spk_ver/v12/v1225	SES202	-0.937774	-9.11208	-8.17431
spk_ver/v12/v1226	SES202	-0.35036	-10.2944	-9.94404
spk_ver/v12/v1227	SES202	-0.854194	-9.71525	-8.86106
spk_ver/v12/v1228	SES177	1.03295	-6.65262	-7.68557
spk_ver/v12/v1229	SES202	-1.26884	-9.37845	-8.10961
spk_ver/v12/v1230	SES202	-1.72364	-9.01053	-7.28689
spk_ver/v12/v1231	SES202	-1.26446	-11.3476	-10.0831
spk_ver/v12/v1232	SES202	-0.973377	-8.91703	-7.94366
spk_ver/v12/v1233	SES206	1.38758	-7.56822	-8.9558
spk_ver/v12/v1234	SES202	-3.55595	-12.6573	-9.10132
spk_ver/v12/v1235	SES202	-1.05464	-10.1982	-9.14359
spk_ver/v12/v1236	SES125	0.985878	-7.76275	-8.74863
spk_ver/v12/v1237	SES127	0.683398	-7.4212	-8.1046
spk_ver/v12/v1238	SES202	0.597301	-7.31456	-7.91186
spk_ver/v12/v1239	SES167	1.41121	-6.54089	-7.9521
spk_ver/v12/v1240	SES206	-2.53768	-10.053	-7.51533
spk_ver/v12/v1241	SES206	-3.84617	-12.8232	-8.97705
spk_ver/v12/v1242	SES206	-0.759503	-9.97478	-9.21528
spk_ver/v12/v1243	SES206	-1.75405	-11.2503	-9.4963
spk_ver/v12/v1244	SES259	1.27312	-7.05422	-8.32734
spk_ver/v12/v1245	SES206	-1.13409	-8.35706	-7.22297
spk_ver/v12/v1246	SES206	-0.988244	-8.9077	-7.91946
spk_ver/v12/v1247	SES206	-0.674194	-8.94217	-8.26798
spk_ver/v12/v1248	SES206	-4.67953	-13.758	-9.0785
spk_ver/v12/v1249	SES270	2.08229	-6.8131	-8.89539
spk_ver/v12/v1250	SES206	-1.60832	-9.26826	-7.65993
spk_ver/v12/v1251	SES206	-0.530395	-7.84485	-7.31446
spk_ver/v12/v1252	SES206	-0.741846	-8.97278	-8.23093
spk_ver/v12/v1253	SES206	-0.876463	-9.60372	-8.72726
spk_ver/v12/v1254	SES206	-1.21419	-10.1362	-8.92202
spk_ver/v12/v1255	SES125	0.629193	-7.18829	-7.81748
spk_ver/v12/v1256	SES206	-5.0357	-13.3192	-8.28345
spk_ver/v12/v1257	SES206	-3.30665	-10.7806	-7.4739
spk_ver/v12/v1258	SES206	-2.63357	-11.6305	-8.99691
spk_ver/v12/v1259	SES206	-2.38922	-9.94084	-7.55161
spk_ver/v12/v1260	SES206	-1.77177	-10.2766	-8.50483
spk_ver/v12/v1261	SES206	-5.05863	-12.0155	-6.9569
spk_ver/v12/v1262	SES206	-4.30551	-12.5684	-8.26292
spk_ver/v12/v1263	SES206	-1.86716	-10.0418	-8.17464
spk_ver/v12/v1264	SES149	0.118664	-7.33891	-7.45757
spk_ver/v12/v1265	SES206	-0.119616	-8.5028	-8.38319
spk_ver/v12/v1266	SES206	-4.42678	-12.6716	-8.24486
spk_ver/v12/v1267	SES206	-0.159167	-9.811	-9.65183
spk_ver/v12/v1268	SES206	-1.85592	-9.71015	-7.85423
spk_ver/v12/v1269	SES206	-3.42371	-11.699	-8.27534
spk_ver/v12/v1270	SES206	-6.11453	-15.9598	-9.84529
spk_ver/v12/v1271	SES226	-2.182	-10.3526	-8.17055
spk_ver/v12/v1272	SES226	-0.604957	-9.92543	-9.32047
spk_ver/v12/v1273	SES226	-2.58025	-10.5002	-7.91999
spk_ver/v12/v1274	SES226	-2.72683	-10.5924	-7.86557
spk_ver/v12/v1275	SES226	0.636727	-8.64718	-9.28391
spk_ver/v12/v1276	SES226	-3.71851	-12.162	-8.44344
spk_ver/v12/v1277	SES226	-0.0122252	-8.7511	-8.73887
spk_ver/v12/v1278	SES226	-0.305323	-8.65246	-8.34713
spk_ver/v12/v1279	SES226	-2.63997	-9.36959	-6.72961
spk_ver/v12/v1280	SES226	-1.43433	-9.37049	-7.93616
spk_ver/v12/v1281	SES226	-0.0492373	-9.91268	-9.86344
spk_ver/v12/v1282	SES226	-2.01551	-11.7136	-9.69808
spk_ver/v12/v1283	SES143	1.03181	-7.17844	-8.21025
spk_ver/v12/v1284	SES226	-2.64739	-8.78379	-6.13641
spk_ver/v12/v1285	SES226	-1.06117	-10.1398	-9.0786
spk_ver/v12/v1286	SES226	-0.691725	-10.4758	-9.78412
spk_ver/v12/v1287	SES226	-2.21722	-9.28986	-7.07263
spk_ver/v12/v1288	SES226	-2.13712	-9.93692	-7.79979
spk_ver/v12/v1289	SES104	-0.0769634	-9.29835	-9.22139
spk_ver/v12/v1290	SES008	2.95557	-7.25421	-10.2098
spk_ver/v12/v1291	SES226	-0.442812	-8.22523	-7.78242
spk_ver/v12/v1292	SES259	-1.7255	-11.5909	-9.86545
spk_ver/v12/v1293	SES062	0.248247	-7.91408	-8.16232
spk_ver/v12/v1294	SES099	0.663541	-9.461	-10.1245
spk_ver/v12/v1295	SES158	0.842109	-7.50905	-8.35116
spk_ver/v12/v1296	SES259	-5.09166	-12.4895	-7.39786
spk_ver/v12/v1297	SES259	-7.36107	-17.0477	-9.68659
spk_ver/v12/v1298	SES259	-0.866836	-10.5668	-9.70001
spk_ver/v12/v1299	SES259	-3.73317	-12.2288	-8.49561
spk_ver/v13/v1300	SES120	0.558328	-8.0057	-8.56402
spk_ver/v13/v1301	SES259	-10.0415	-19.1437	-9.10224
spk_ver/v13/v1302	SES259	-3.75929	-11.9787	-8.21944
spk_ver/v13/v1303	SES129	1.02861	-6.98591	-8.01452
spk_ver/v13/v1304	SES259	-1.32061	-10.1952	-8.87463
spk_ver/v13/v1305	SES259	-4.8285	-13.1741	-8.34557
spk_ver/v13/v1306	SES106	0.697017	-6.80846	-7.50547
spk_ver/v13/v1307	SES259	-3.24868	-11.9871	-8.73839
spk_ver/v13/v1308	SES259	-1.15646	-9.51737	-8.36091
spk_ver/v13/v1309	SES259	-4.90016	-11.8192	-6.91902
spk_ver/v13/v1310	SES259	-5.19724	-12.714	-7.51681
spk_ver/v13/v1311	SES259	-2.30963	-9.22193	-6.9123
spk_ver/v13/v1312	SES259	-1.49694	-9.55724	-8.0603
spk_ver/v13/v1313	SES144	1.17335	-7.15017	-8.32351
spk_ver/v13/v1314	SES259	-4.69076	-13.3697	-8.67895
spk_ver/v13/v1315	SES162	0.736687	-7.55383	-8.29052
spk_ver/v13/v1316	SES206	0.487256	-7.65336	-8.14061
spk_ver/v13/v1317	SES175	-0.299354	-8.28232	-7.98296
spk_ver/v13/v1318	SES259	-2.39998	-9.94392	-7.54394
spk_ver/v13/v1319	SES259	-3.62512	-11.6936	-8.06844
spk_ver/v13/v1320	SES270	-0.314848	-9.17929	-8.86445
spk_ver/v13/v1321	SES101	0.337471	-7.36507	-7.70254
spk_ver/v13/v1322	SES177	0.441188	-7.66733	-8.10851
spk_ver/v13/v1323	SES127	0.743029	-6.34649	-7.08952
spk_ver/v13/v1324	SES270	-2.36621	-10.584	-8.2178
spk_ver/v13/v1325	SES062	0.521314	-6.91819	-7.43951
spk_ver/v13/v1326	SES270	0.91571	-7.56394	-8.47965
spk_ver/v13/v1327	SES120	0.179158	-7.80151	-7.98067
spk_ver/v13/v1328	SES270	-4.32059	-12.9891	-8.6685
spk_ver/v13/v1329	SES270	-2.6586	-9.26252	-6.60392
spk_ver/v13/v1330	SES270	-0.993689	-10.3564	-9.36268
spk_ver/v13/v1331	SES270	-1.73426	-9.27901	-7.54475
spk_ver/v13/v1332	SES270	-1.16061	-9.20593	-8.04532
spk_ver/v13/v1333	SES270	-0.309214	-10.018	-9.70883
spk_ver/v13/v1334	SES270	-2.34105	-10.8315	-8.49047
spk_ver/v13/v1335	SES270	0.695093	-7.638	-8.3331
spk_ver/v13/v1336	SES270	-0.336544	-9.28882	-8.95227
spk_ver/v13/v1337	SES016	0.434491	-7.87893	-8.31342
spk_ver/v13/v1338	SES270	-1.92609	-10.2323	-8.30622
spk_ver/v13/v1339	SES002	0.903308	-6.94035	-7.84366
spk_ver/v13/v1340	SES105	1.61475	-7.19642	-8.81117
spk_ver/v13/v1341	SES275	-0.879211	-9.26048	-8.38127
spk_ver/v13/v1342	SES187	0.324702	-7.6487	-7.9734
spk_ver/v13/v1343	SES275	-1.16537	-9.6139	-8.44853
spk_ver/v13/v1344	SES275	-1.24623	-10.2015	-8.9553
spk_ver/v13/v1345	SES275	-0.915466	-9.54735	-8.63189
spk_ver/v13/v1346	SES275	-3.62755	-12.9017	-9.27416
spk_ver/v13/v1347	SES275	-2.42346	-11.645	-9.22151
spk_ver/v13/v1348	SES180	0.61551	-5.91721	-6.53272
spk_ver/v13/v1349	SES275	-2.74333	-12.4	-9.65665
spk_ver/v13/v1350	SES275	-1.20299	-8.85827	-7.65528
spk_ver/v13/v1351	SES275	-0.657319	-8.93701	-8.27969
spk_ver/v13/v1352	SES275	-0.569881	-9.27489	-8.70501
spk_ver/v13/v1353	SES275	-0.765445	-10.6756	-9.91018
spk_ver/v13/v1354	SES189	0.468448	-6.9902	-7.45865
spk_ver/v13/v1355	SES068	0.745071	-5.83742	-6.58249
spk_ver/v13/v1356	SES275	-1.06605	-10.1647	-9.09861
spk_ver/v13/v1357	SES048	0.140779	-8.43337	-8.57415
spk_ver/v13/v1358	SES226	0.753591	-6.18053	-6.93412
spk_ver/v13/v1359	SES016	0.286904	-7.27053	-7.55743
spk_ver/v13/v1360	SES275	-3.12929	-12.6572	-9.52792
spk_ver/v13/v1361	SES068	0.693247	-6.60937	-7.30262
spk_ver/v13/v1362	SES275	-0.87258	-8.88666	-8.01408
spk_ver/v13/v1363	SES275	-1.07852	-10.6534	-9.57492
spk_ver/v13/v1364	SES275	-2.13442	-12.2728	-10.1384
spk_ver/v13/v1365	SES275	-0.21384	-7.72672	-7.51288
spk_ver/v13/v1366	SES187	0.411735	-7.4364	-7.84813
spk_ver/v13/v1367	SES275	-1.54579	-11.3684	-9.82257
spk_ver/v13/v1368	SES125	-0.0889039	-7.52424	-7.43534
spk_ver/v13/v1369	SES275	-2.41205	-12.0804	-9.66836
spk_ver/v13/v1370	SES292	-0.982812	-8.49336	-7.51055
spk_ver/v13/v1371	SES292	-0.287132	-8.84111	-8.55398
spk_ver/v13/v1372	SES292	-0.179447	-9.39432	-9.21487
spk_ver/v13/v1373	SES292	-1.11233	-9.05318	-7.94085
spk_ver/v13/v1374	SES101	0.745677	-7.18046	-7.92614
spk_ver/v13/v1375	SES292	-1.34072	-9.46633	-8.12561
spk_ver/v13/v1376	SES292	-1.29878	-8.86153	-7.56274
spk_ver/v13/v1377	SES292	-1.82692	-9.84857	-8.02164
spk_ver/v13/v1378	SES292	-0.417793	-8.07386	-7.65607
spk_ver/v13/v1379	SES292	-0.602978	-9.52771	-8.92473
spk_ver/v13/v1380	SES292	-1.34713	-9.69791	-8.35078
spk_ver/v13/v1381	SES292	0.0935702	-6.50032	-6.59389
spk_ver/v13/v1382	SES292	-0.632593	-8.50411	-7.87152
spk_ver/v13/v1383	SES292	0.0781145	-9.02578	-9.1039
spk_ver/v13/v1384	SES292	-0.524101	-8.19404	-7.66994
spk_ver/v13/v1385	SES292	-0.724684	-9.1539	-8.42922
spk_ver/v13/v1386	SES292	-0.623125	-8.53588	-7.91276
spk_ver/v13/v1387	SES158	1.91119	-7.87854	-9.78974
spk_ver/v13/v1388	SES292	-0.145974	-7.52936	-7.38339
spk_ver/v13/v1389	SES292	-0.72854	-7.32794	-6.5994
spk_ver/v13/v1390	SES292	0.198729	-9.09402	-9.29274
spk_ver/v13/v1391	SES292	-0.774217	-8.76584	-7.99162
spk_ver/v13/v1392	SES292	-1.60116	-10.3401	-8.73895
spk_ver/v13/v1393	SES292	-0.475851	-8.53846	-8.06261
spk_ver/v13/v1394	SES292	-1.29403	-9.25076	-7.95673
spk_ver/v13/v1395	SES292	-0.351469	-8.55877	-8.20731
spk_ver/v13/v1396	SES117	1.31722	-7.91659	-9.2338
spk_ver/v13/v1397	SES292	-1.47881	-10.0902	-8.61135
spk_ver/v13/v1398	SES292	-0.999487	-9.29835	-8.29886
spk_ver/v13/v1399	SES292	0.322617	-7.92868	-8.2513
