spk_ver/v00/v0000	SES146	1.22635	-51.5317	-52.758
spk_ver/v00/v0001	SES002	-21.2476	-74.4144	-53.1669
spk_ver/v00/v0002	SES002	-16.4497	-69.7676	-53.3179
spk_ver/v00/v0003	SES002	-24.3331	-78.0037	-53.6706
spk_ver/v00/v0004	SES002	-2.51046	-55.8462	-53.3357
spk_ver/v00/v0005	SES002	-5.61786	-58.5122	-52.8944
spk_ver/v00/v0006	SES002	-12.5994	-64.6961	-52.0968
spk_ver/v00/v0007	SES002	-12.5387	-66.8332	-54.2945
spk_ver/v00/v0008	SES146	0.0168533	-52.9486	-52.9654
spk_ver/v00/v0009	SES002	-2.15976	-54.1274	-51.9676
spk_ver/v00/v0010	SES002	-4.16646	-57.1995	-53.033
spk_ver/v00/v0011	SES002	-2.70248	-57.2709	-54.5685
spk_ver/v00/v0012	SES002	-17.4274	-68.7632	-51.3358
spk_ver/v00/v0013	SES002	-12.0186	-63.968	-51.9493
spk_ver/v00/v0014	SES002	-1.39197	-53.7936	-52.4016
spk_ver/v00/v0015	SES002	-1.91018	-53.8683	-51.9581
spk_ver/v00/v0016	SES275	0.47163	-53.2339	-53.7055
spk_ver/v00/v0017	SES002	-0.473919	-52.4316	-51.9576
spk_ver/v00/v0018	SES002	-19.4866	-73.7675	-54.2809
spk_ver/v00/v0019	SES002	-2.76361	-55.1454	-52.3818
spk_ver/v00/v0020	SES002	-17.6128	-71.8626	-54.2498
spk_ver/v00/v0021	SES002	-17.3004	-70.2294	-52.929
spk_ver/v00/v0022	SES002	-4.02996	-56.5667	-52.5367
spk_ver/v00/v0023	SES002	-13.3824	-64.7791	-51.3966
spk_ver/v00/v0024	SES002	-16.3606	-69.821	-53.4604
spk_ver/v00/v0025	SES002	-10.3734	-63.898	-53.5247
spk_ver/v00/v0026	SES002	-9.32178	-61.2557	-51.9339
spk_ver/v00/v0027	SES129	1.55809	-50.6454	-52.2034
spk_ver/v00/v0028	SES007	-2.67273	-54.7357	-52.063
spk_ver/v00/v0029	SES083	-0.28796	-52.0233	-51.7353
spk_ver/v00/v0030	SES019	2.23553	-50.9443	-53.1798
spk_ver/v00/v0031	SES007	-3.76129	-56.7824	-53.0211
spk_ver/v00/v0032	SES270	0.860355	-51.1892	-52.0495
spk_ver/v00/v0033	SES007	-4.24937	-56.8804	-52.6311
spk_ver/v00/v0034	SES007	-3.25434	-59.9391	-56.6847
spk_ver/v00/v0035	SES007	-1.4415	-53.4873	-52.0458
spk_ver/v00/v0036	SES007	-1.35334	-53.298	-51.9447
spk_ver/v00/v0037	SES007	-4.17918	-56.1782	-51.999
spk_ver/v00/v0038	SES259	2.10467	-49.2775	-51.3822
spk_ver/v00/v0039	SES007	-3.30175	-56.4799	-53.1782
spk_ver/v00/v0040	SES007	-3.65096	-55.0749	-51.4239
spk_ver/v00/v0041	SES007	-3.68665	-55.471	-51.7844
spk_ver/v00/v0042	SES007	-1.34909	-54.334	-52.9849
spk_ver/v00/v0043	SES007	-1.45835	-54.2525	-52.7941
spk_ver/v00/v0044	SES007	-3.12716	-54.0407	-50.9135
spk_ver/v00/v0045	SES007	-1.74019	-53.997	-52.2568
spk_ver/v00/v0046	SES007	-1.98385	-53.9783	-51.9944
spk_ver/v00/v0047	SES172	0.356697	-51.6452	-52.0019
spk_ver/v00/v0048	SES105	1.3071	-51.777	-53.0841
spk_ver/v00/v0049	SES007	-1.05697	-52.8695	-51.8125
spk_ver/v00/v0050	SES292	-0.192192	-52.5842	-52.392
spk_ver/v00/v0051	SES007	-3.45213	-56.4044	-52.9523
spk_ver/v00/v0052	SES068	0.833206	-50.7765	-51.6097
spk_ver/v00/v0053	SES008	-1.73646	-53.1814	-51.4449
spk_ver/v00/v0054	SES008	-6.69525	-61.1643	-54.4691
spk_ver/v00/v0055	SES008	-3.24217	-56.0204	-52.7783
spk_ver/v00/v0056	SES008	-6.88494	-59.6462	-52.7613
spk_ver/v00/v0057	SES008	-6.68698	-59.2613	-52.5744
spk_ver/v00/v0058	SES083	0.385132	-51.7053	-52.0904
spk_ver/v00/v0059	SES158	1.75191	-50.5446	-52.2965
spk_ver/v00/v0060	SES008	-3.20408	-55.5121	-52.308
spk_ver/v00/v0061	SES101	0.188469	-52.0723	-52.2607
spk_ver/v00/v0062	SES008	-4.73699	-57.5331	-52.7961
spk_ver/v00/v0063	SES008	-2.98014	-55.5609	-52.5808
spk_ver/v00/v0064	SES117	1.27823	-52.1698	-53.4481
spk_ver/v00/v0065	SES149	1.76889	-50.3329	-52.1018
spk_ver/v00/v0066	SES008	-2.6985	-55.0502	-52.3517
spk_ver/v00/v0067	SES008	-4.30688	-58.7702	-54.4634
spk_ver/v00/v0068	SES162	1.12525	-51.8303	-52.9555
spk_ver/v00/v0069	SES008	-6.00505	-58.0819	-52.0768
spk_ver/v00/v0070	SES008	-0.909016	-52.8346	-51.9256
spk_ver/v00/v0071	SES008	-3.84808	-56.4677	-52.6196
spk_ver/v00/v0072	SES008	-1.7159	-52.8685	-51.1526
spk_ver/v00/v0073	SES008	-3.41376	-54.764	-51.3502
spk_ver/v00/v0074	SES008	-3.92012	-56.1924	-52.2723
spk_ver/v00/v0075	SES008	-7.25109	-61.1809	-53.9298
spk_ver/v00/v0076	SES167	1.29942	-51.0601	-52.3595
spk_ver/v00/v0077	SES008	-2.73318	-54.1435	-51.4104
spk_ver/v00/v0078	SES177	0.625961	-51.3856	-52.0116
spk_ver/v00/v0079	SES008	-3.741	-56.5351	-52.7941
spk_ver/v00/v0080	SES008	-3.95097	-57.2489	-53.298
spk_ver/v00/v0081	SES008	-6.11683	-60.7107	-54.5939
spk_ver/v00/v0082	SES008	-3.05983	-55.336	-52.2762
spk_ver/v00/v0083	SES008	-7.43283	-61.0855	-53.6527
spk_ver/v00/v0084	SES144	0.994587	-52.1897	-53.1842
spk_ver/v00/v0085	SES008	-2.9973	-55.4642	-52.4669
spk_ver/v00/v0086	SES008	-1.97907	-52.8822	-50.9032
spk_ver/v00/v0087	SES008	-4.97976	-58.8727	-53.893
spk_ver/v00/v0088	SES008	-4.0167	-56.3883	-52.3716
spk_ver/v00/v0089	SES008	-2.35826	-55.832	-53.4738
spk_ver/v00/v0090	SES142	1.76316	-50.9438	-52.707
spk_ver/v00/v0091	SES008	-7.45014	-59.3292	-51.879
spk_ver/v00/v0092	SES158	1.29398	-51.6895	-52.9834
spk_ver/v00/v0093	SES014	-5.30445	-57.2615	-51.957
spk_ver/v00/v0094	SES014	-3.73577	-58.1473	-54.4116
spk_ver/v00/v0095	SES014	-1.5275	-52.9731	-51.4456
spk_ver/v00/v0096	SES014	-3.83767	-55.9308	-52.0931
spk_ver/v00/v0097	SES014	-2.44476	-55.9769	-53.5321
spk_ver/v00/v0098	SES014	-1.81511	-53.3326	-51.5175
spk_ver/v00/v0099	SES014	-13.59	-67.1561	-53.5661
spk_ver/v01/v0100	SES127	0.438168	-51.6995	-52.1376
spk_ver/v01/v0101	SES014	-10.0686	-64.3092	-54.2406
spk_ver/v01/v0102	SES014	-18.7375	-72.5934	-53.8559
spk_ver/v01/v0103	SES014	-4.63282	-59.2205	-54.5876
spk_ver/v01/v0104	SES014	-13.9422	-67.6672	-53.725
spk_ver/v01/v0105	SES014	-3.27045	-57.8352	-54.5648
spk_ver/v01/v0106	SES014	-2.41083	-55.3698	-52.959
spk_ver/v01/v0107	SES014	-16.6288	-68.4851	-51.8563
spk_ver/v01/v0108	SES014	-20.9931	-74.0131	-53.02
spk_ver/v01/v0109	SES014	-12.4276	-66.3893	-53.9617
spk_ver/v01/v0110	SES014	-2.81097	-56.9486	-54.1376
spk_ver/v01/v0111	SES014	-1.55285	-53.2462	-51.6933
spk_ver/v01/v0112	SES014	-13.1276	-65.0431	-51.9155
spk_ver/v01/v0113	SES104	-0.438549	-53.2021	-52.7635
spk_ver/v01/v0114	SES082	0.651951	-51.2827	-51.9346
spk_ver/v01/v0115	SES087	2.05061	-50.2944	-52.345
spk_ver/v01/v0116	SES014	-2.26672	-54.4304	-52.1636
spk_ver/v01/v0117	SES177	-0.0121002	-52.7256	-52.7135
spk_ver/v01/v0118	SES014	-12.8801	-66.7145	-53.8344
spk_ver/v01/v0119	SES014	-1.36368	-53.1359	-51.7722
spk_ver/v01/v0120	SES014	-19.2184	-72.8996	-53.6811
spk_ver/v01/v0121	SES146	0.441772	-52.0406	-52.4824
spk_ver/v01/v0122	SES014	1.7495	-49.0707	-50.8202
spk_ver/v01/v0123	SES014	-1.6182	-53.9143	-52.2961
spk_ver/v01/v0124	SES014	-14.5448	-67.0839	-52.539
spk_ver/v01/v0125	SES014	-6.71832	-60.2882	-53.5699
spk_ver/v01/v0126	SES016	-3.2325	-56.4205	-53.188
spk_ver/v01/v0127	SES016	-3.28155	-57.6425	-54.361
spk_ver/v01/v0128	SES106	2.08861	-50.3605	-52.4491
spk_ver/v01/v0129	SES016	-4.88527	-56.5584	-51.6731
spk_ver/v01/v0130	SES016	-3.29934	-56.2223	-52.923
spk_ver/v01/v0131	SES016	-5.01279	-57.287	-52.2742
spk_ver/v01/v0132	SES016	-1.78219	-54.3468	-52.5646
spk_ver/v01/v0133	SES016	-2.77153	-56.5382	-53.7666
spk_ver/v01/v0134	SES016	-2.86673	-54.505	-51.6382
spk_ver/v01/v0135	SES016	-4.88507	-58.3603	-53.4752
spk_ver/v01/v0136	SES016	-4.55303	-57.9849	-53.4319
spk_ver/v01/v0137	SES007	0.307533	-52.5285	-52.836
spk_ver/v01/v0138	SES016	-1.06639	-53.5536	-52.4872
spk_ver/v01/v0139	SES016	-2.1429	-53.6111	-51.4682
spk_ver/v01/v0140	SES016	0.822899	-51.7604	-52.5833
spk_ver/v01/v0141	SES016	-8.31555	-63.5792	-55.2637
spk_ver/v01/v0142	SES016	-3.84031	-56.1555	-52.3152
spk_ver/v01/v0143	SES016	-6.22068	-60.4361	-54.2154
spk_ver/v01/v0144	SES016	-3.0293	-54.9582	-51.9289
spk_ver/v01/v0145	SES016	-3.33843	-57.5494	-54.2109
spk_ver/v01/v0146	SES016	-1.45121	-53.2186	-51.7674
spk_ver/v01/v0147	SES016	-2.01488	-54.4381	-52.4232
spk_ver/v01/v0148	SES127	0.108677	-52.1492	-52.2578
spk_ver/v01/v0149	SES016	-4.62703	-57.0976	-52.4706
spk_ver/v01/v0150	SES016	-2.1386	-54.5754	-52.4368
spk_ver/v01/v0151	SES147	1.37536	-52.8134	-54.1887
spk_ver/v01/v0152	SES016	-2.42852	-55.0184	-52.5899
spk_ver/v01/v0153	SES104	0.994049	-50.2169	-51.211
spk_ver/v01/v0154	SES016	-3.27656	-56.6631	-53.3865
spk_ver/v01/v0155	SES016	-3.25283	-56.7486	-53.4958
spk_ver/v01/v0156	SES019	-1.57824	-55.0885	-53.5102
spk_ver/v01/v0157	SES019	-4.1451	-55.3681	-51.223
spk_ver/v01/v0158	SES019	-0.986431	-53.1845	-52.1981
spk_ver/v01/v0159	SES007	0.324608	-51.7125	-52.0371
spk_ver/v01/v0160	SES019	-2.89017	-54.2191	-51.329
spk_ver/v01/v0161	SES019	-2.84579	-56.0427	-53.1969
spk_ver/v01/v0162	SES019	-9.83467	-61.3608	-51.5261
spk_ver/v01/v0163	SES189	1.07576	-52.5953	-53.6711
spk_ver/v01/v0164	SES019	-1.69937	-53.6973	-51.998
spk_ver/v01/v0165	SES019	-1.33079	-54.8584	-53.5276
spk_ver/v01/v0166	SES019	-9.34693	-61.1229	-51.776
spk_ver/v01/v0167	SES019	-11.7609	-65.2948	-53.534
spk_ver/v01/v0168	SES019	-1.41736	-55.2081	-53.7908
spk_ver/v01/v0169	SES019	-3.22274	-56.4387	-53.216
spk_ver/v01/v0170	SES270	1.13044	-51.2743	-52.4048
spk_ver/v01/v0171	SES019	-2.61033	-54.9961	-52.3858
spk_ver/v01/v0172	SES019	-12.4172	-65.7633	-53.3461
spk_ver/v01/v0173	SES206	1.2344	-50.7653	-51.9997
spk_ver/v01/v0174	SES019	-1.79871	-54.8533	-53.0546
spk_ver/v01/v0175	SES014	1.36627	-49.9913	-51.3576
spk_ver/v01/v0176	SES019	-8.97874	-61.2839	-52.3052
spk_ver/v01/v0177	SES120	1.21447	-52.1542	-53.3687
spk_ver/v01/v0178	SES019	-1.69736	-56.1596	-54.4622
spk_ver/v01/v0179	SES019	-12.2611	-63.3628	-51.1016
spk_ver/v01/v0180	SES175	1.10879	-51.6694	-52.7781
spk_ver/v01/v0181	SES019	-11.261	-65.1491	-53.8881
spk_ver/v01/v0182	SES019	-6.31096	-57.996	-51.6851
spk_ver/v01/v0183	SES029	-2.33269	-55.3043	-52.9716
spk_ver/v01/v0184	SES029	-5.55205	-57.7957	-52.2437
spk_ver/v01/v0185	SES029	-2.94111	-55.2518	-52.3107
spk_ver/v01/v0186	SES068	0.749332	-51.0173	-51.7667
spk_ver/v01/v0187	SES029	-4.3842	-56.545	-52.1608
spk_ver/v01/v0188	SES029	-2.86455	-54.2753	-51.4107
spk_ver/v01/v0189	SES149	2.13035	-49.6866	-51.8169
spk_ver/v01/v0190	SES029	-4.31604	-56.3003	-51.9843
spk_ver/v01/v0191	SES029	-4.54339	-57.0999	-52.5566
spk_ver/v01/v0192	SES183	1.26759	-50.3903	-51.6579
spk_ver/v01/v0193	SES029	-1.51345	-54.218	-52.7045
spk_ver/v01/v0194	SES016	1.24735	-51.0551	-52.3025
spk_ver/v01/v0195	SES029	-3.0861	-55.247	-52.1609
spk_ver/v01/v0196	SES029	-1.68866	-54.0387	-52.3501
spk_ver/v01/v0197	SES029	-4.34331	-55.8641	-51.5208
spk_ver/v01/v0198	SES146	0.264294	-52.4617	-52.7259
spk_ver/v01/v0199	SES029	-3.45085	-57.1612	-53.7103
spk_ver/v02/v0200	SES029	-2.79085	-56.4588	-53.6679
spk_ver/v02/v0201	SES068	0.70752	-50.9439	-51.6514
spk_ver/v02/v0202	SES148	1.478	-51.1573	-52.6353
spk_ver/v02/v0203	SES029	-2.65689	-55.2026	-52.5457
spk_ver/v02/v0204	SES029	-0.92429	-53.3928	-52.4685
spk_ver/v02/v0205	SES060	1.00382	-50.4454	-51.4493
spk_ver/v02/v0206	SES127	1.16472	-50.5122	-51.6769
spk_ver/v02/v0207	SES029	-4.83417	-57.7683	-52.9342
spk_ver/v02/v0208	SES048	2.15907	-51.4014	-53.5605
spk_ver/v02/v0209	SES029	-2.13108	-54.7793	-52.6483
spk_ver/v02/v0210	SES029	-3.88888	-56.7461	-52.8572
spk_ver/v02/v0211	SES029	-2.57497	-54.4474	-51.8725
spk_ver/v02/v0212	SES042	-21.3151	-75.1814	-53.8663
spk_ver/v02/v0213	SES085	1.41568	-51.379	-52.7946
spk_ver/v02/v0214	SES206	1.53159	-49.9747	-51.5063
spk_ver/v02/v0215	SES144	0.399639	-52.277	-52.6766
spk_ver/v02/v0216	SES042	-3.75034	-56.049	-52.2987
spk_ver/v02/v0217	SES042	-3.14023	-59.5177	-56.3775
spk_ver/v02/v0218	SES042	-1.49288	-52.7246	-51.2317
spk_ver/v02/v0219	SES206	1.31828	-50.3282	-51.6465
spk_ver/v02/v0220	SES019	3.92973	-49.626	-53.5557
spk_ver/v02/v0221	SES007	0.332634	-52.1462	-52.4789
spk_ver/v02/v0222	SES042	-18.3002	-72.2191	-53.9189
spk_ver/v02/v0223	SES147	1.56339	-52.646	-54.2094
spk_ver/v02/v0224	SES105	1.15619	-51.9159	-53.0721
spk_ver/v02/v0225	SES042	-2.31879	-54.5585	-52.2397
spk_ver/v02/v0226	SES275	0.596581	-52.4262	-53.0228
spk_ver/v02/v0227	SES042	-4.98581	-58.0277	-53.0419
spk_ver/v02/v0228	SES042	-9.58683	-62.136	-52.5492
spk_ver/v02/v0229	SES042	-21.974	-73.9735	-51.9995
spk_ver/v02/v0230	SES085	0.0425224	-50.8038	-50.8463
spk_ver/v02/v0231	SES014	1.62194	-49.5293	-51.1512
spk_ver/v02/v0232	SES042	-1.76356	-53.1525	-51.3889
spk_ver/v02/v0233	SES048	-5.02838	-56.8464	-51.818
spk_ver/v02/v0234	SES048	-9.81657	-63.5798	-53.7632
spk_ver/v02/v0235	SES029	0.71048	-51.9141	-52.6246
spk_ver/v02/v0236	SES048	-4.64231	-56.199	-51.5567
spk_ver/v02/v0237	SES048	-4.78209	-57.067	-52.285
spk_ver/v02/v0238	SES048	-4.70804	-57.4159	-52.7079
spk_ver/v02/v0239	SES060	0.582237	-51.2787	-51.861
spk_ver/v02/v0240	SES048	-8.00529	-61.2638	-53.2585
spk_ver/v02/v0241	SES048	-9.14022	-61.9457	-52.8055
spk_ver/v02/v0242	SES189	2.12618	-51.9008	-54.027
spk_ver/v02/v0243	SES162	0.709618	-52.3192	-53.0288
spk_ver/v02/v0244	SES048	-4.17194	-55.5759	-51.404
spk_ver/v02/v0245	SES048	-4.36818	-56.2723	-51.9041
spk_ver/v02/v0246	SES048	-4.08566	-55.643	-51.5573
spk_ver/v02/v0247	SES048	-4.12702	-57.7494	-53.6224
spk_ver/v02/v0248	SES226	2.00562	-50.4671	-52.4727
spk_ver/v02/v0249	SES048	-4.96153	-57.8253	-52.8638
spk_ver/v02/v0250	SES048	-3.67723	-57.1567	-53.4795
spk_ver/v02/v0251	SES048	-4.2409	-57.7059	-53.465
spk_ver/v02/v0252	SES060	-9.2367	-63.4268	-54.1901
spk_ver/v02/v0253	SES060	-5.04403	-57.2883	-52.2443
spk_ver/v02/v0254	SES259	2.24592	-49.2515	-51.4974
spk_ver/v02/v0255	SES060	-6.46719	-60.1301	-53.6629
spk_ver/v02/v0256	SES202	0.465908	-53.0109	-53.4768
spk_ver/v02/v0257	SES148	0.817459	-50.9479	-51.7654
spk_ver/v02/v0258	SES060	-6.91969	-62.1381	-55.2184
spk_ver/v02/v0259	SES060	-1.92002	-54.301	-52.381
spk_ver/v02/v0260	SES060	-2.98628	-55.6935	-52.7072
spk_ver/v02/v0261	SES099	1.91858	-49.9786	-51.8972
spk_ver/v02/v0262	SES060	-4.99599	-57.5382	-52.5422
spk_ver/v02/v0263	SES060	-2.86348	-54.3835	-51.52
spk_ver/v02/v0264	SES292	0.148327	-52.362	-52.5104
spk_ver/v02/v0265	SES060	-1.55612	-53.6815	-52.1254
spk_ver/v02/v0266	SES060	-7.2449	-60.2874	-53.0425
spk_ver/v02/v0267	SES060	-5.10061	-59.1123	-54.0116
spk_ver/v02/v0268	SES060	-5.29942	-59.5868	-54.2874
spk_ver/v02/v0269	SES127	0.957787	-51.3293	-52.287
spk_ver/v02/v0270	SES060	-3.95212	-57.381	-53.4289
spk_ver/v02/v0271	SES060	-2.00362	-53.98	-51.9764
spk_ver/v02/v0272	SES060	-4.40257	-58.7675	-54.3649
spk_ver/v02/v0273	SES087	1.71074	-50.535	-52.2457
spk_ver/v02/v0274	SES146	0.55418	-52.4118	-52.966
spk_ver/v02/v0275	SES060	-5.44281	-59.2285	-53.7857
spk_ver/v02/v0276	SES002	2.27444	-49.7353	-52.0097
spk_ver/v02/v0277	SES060	-2.04449	-53.9258	-51.8813
spk_ver/v02/v0278	SES060	-5.81221	-58.7755	-52.9633
spk_ver/v02/v0279	SES060	-5.52488	-56.9764	-51.4516
spk_ver/v02/v0280	SES129	2.11304	-50.4521	-52.5651
spk_ver/v02/v0281	SES162	0.939266	-52.0727	-53.012
spk_ver/v02/v0282	SES060	-3.85015	-56.034	-52.1839
spk_ver/v02/v0283	SES060	-4.32008	-56.233	-51.9129
spk_ver/v02/v0284	SES062	-5.3077	-59.6164	-54.3087
spk_ver/v02/v0285	SES062	-5.03452	-57.2634	-52.2289
spk_ver/v02/v0286	SES120	-0.286995	-53.4869	-53.1999
spk_ver/v02/v0287	SES062	-3.81112	-57.4725	-53.6614
spk_ver/v02/v0288	SES062	-3.82291	-56.7107	-52.8878
spk_ver/v02/v0289	SES062	-2.27052	-53.4977	-51.2272
spk_ver/v02/v0290	SES062	-3.17725	-55.4983	-52.3211
spk_ver/v02/v0291	SES275	0.1427	-52.3419	-52.4846
spk_ver/v02/v0292	SES062	-5.23438	-58.9483	-53.7139
spk_ver/v02/v0293	SES062	-6.37144	-59.8745	-53.5031
spk_ver/v02/v0294	SES062	-3.01854	-54.4718	-51.4532
spk_ver/v02/v0295	SES062	-5.00053	-58.1401	-53.1396
spk_ver/v02/v0296	SES062	-5.06648	-57.3625	-52.2961
spk_ver/v02/v0297	SES062	-7.63429	-60.6691	-53.0348
spk_ver/v02/v0298	SES062	-4.9886	-57.9134	-52.9248
spk_ver/v02/v0299	SES062	-3.08957	-55.9497	-52.8601
spk_ver/v03/v0300	SES062	-7.14399	-61.8507	-54.7067
spk_ver/v03/v0301	SES062	-3.44266	-55.1541	-51.7114
spk_ver/v03/v0302	SES172	0.487076	-50.5415	-51.0286
spk_ver/v03/v0303	SES062	-1.70141	-54.3994	-52.698
spk_ver/v03/v0304	SES062	-2.65936	-55.3129	-52.6535
spk_ver/v03/v0305	SES062	-3.16802	-55.868	-52.7
spk_ver/v03/v0306	SES062	-8.6223	-63.6932	-55.0709
spk_ver/v03/v0307	SES062	-4.61478	-56.2068	-51.592
spk_ver/v03/v0308	SES062	-8.47061	-62.0641	-53.5935
spk_ver/v03/v0309	SES062	-3.25619	-57.9804	-54.7242
spk_ver/v03/v0310	SES125	1.62868	-49.534	-51.1627
spk_ver/v03/v0311	SES062	-3.75546	-55.2867	-51.5313
spk_ver/v03/v0312	SES062	-10.0843	-63.831	-53.7467
spk_ver/v03/v0313	SES062	-3.89008	-58.7659	-54.8758
spk_ver/v03/v0314	SES068	-4.61351	-56.9577	-52.3442
spk_ver/v03/v0315	SES068	-3.27878	-54.6593	-51.3805
spk_ver/v03/v0316	SES068	-7.59517	-61.5809	-53.9857
spk_ver/v03/v0317	SES068	-3.39827	-57.5602	-54.162
spk_ver/v03/v0318	SES068	-5.14125	-56.9768	-51.8355
spk_ver/v03/v0319	SES068	-6.97427	-60.2071	-53.2328
spk_ver/v03/v0320	SES068	-0.965519	-52.4599	-51.4944
spk_ver/v03/v0321	SES068	-0.959618	-53.4968	-52.5371
spk_ver/v03/v0322	SES068	-1.31836	-54.0143	-52.6959
spk_ver/v03/v0323	SES068	-3.26841	-56.1513	-52.8829
spk_ver/v03/v0324	SES144	0.327244	-53.4841	-53.8114
spk_ver/v03/v0325	SES068	-3.54634	-54.9603	-51.4139
spk_ver/v03/v0326	SES068	-0.844803	-51.8383	-50.9935
spk_ver/v03/v0327	SES068	-2.64095	-55.2546	-52.6137
spk_ver/v03/v0328	SES068	-4.60649	-57.4155	-52.8091
spk_ver/v03/v0329	SES068	-2.334	-54.4094	-52.0754
spk_ver/v03/v0330	SES180	0.162796	-52.801	-52.9638
spk_ver/v03/v0331	SES068	-1.28961	-53.8341	-52.5445
spk_ver/v03/v0332	SES275	1.47242	-51.2388	-52.7112
spk_ver/v03/v0333	SES062	1.29918	-49.7521	-51.0513
spk_ver/v03/v0334	SES270	1.81306	-51.1061	-52.9191
spk_ver/v03/v0335	SES068	-5.56084	-59.7125	-54.1517
spk_ver/v03/v0336	SES068	-1.94319	-52.9706	-51.0274
spk_ver/v03/v0337	SES068	-3.28406	-57.2145	-53.9304
spk_ver/v03/v0338	SES068	-3.72359	-57.1589	-53.4353
spk_ver/v03/v0339	SES068	-0.947777	-53.8539	-52.9061
spk_ver/v03/v0340	SES068	-3.14843	-56.9141	-53.7656
spk_ver/v03/v0341	SES016	0.899471	-50.8567	-51.7561
spk_ver/v03/v0342	SES068	-3.90211	-57.9345	-54.0324
spk_ver/v03/v0343	SES068	-1.80659	-54.6067	-52.8001
spk_ver/v03/v0344	SES125	1.22113	-50.5603	-51.7814
spk_ver/v03/v0345	SES187	0.927555	-51.3547	-52.2823
spk_ver/v03/v0346	SES068	-3.54965	-55.2929	-51.7432
spk_ver/v03/v0347	SES143	0.773746	-51.875	-52.6488
spk_ver/v03/v0348	SES292	0.777626	-51.5091	-52.2867
spk_ver/v03/v0349	SES082	-7.22678	-59.7702	-52.5434
spk_ver/v03/v0350	SES101	1.20607	-49.8932	-51.0993
spk_ver/v03/v0351	SES082	-0.362057	-53.2799	-52.9178
spk_ver/v03/v0352	SES082	-1.65181	-54.7613	-53.1095
spk_ver/v03/v0353	SES082	-6.84089	-59.8335	-52.9926
spk_ver/v03/v0354	SES082	-16.6244	-70.5129	-53.8885
spk_ver/v03/v0355	SES083	0.630913	-50.2394	-50.8703
spk_ver/v03/v0356	SES082	-2.46368	-55.6129	-53.1492
spk_ver/v03/v0357	SES082	-12.9189	-66.0593	-53.1404
spk_ver/v03/v0358	SES082	-1.15286	-53.675	-52.5222
spk_ver/v03/v0359	SES117	0.795139	-53.7716	-54.5667
spk_ver/v03/v0360	SES082	-7.65315	-60.2426	-52.5894
spk_ver/v03/v0361	SES082	-1.54469	-54.593	-53.0483
spk_ver/v03/v0362	SES007	0.845528	-51.3237	-52.1692
spk_ver/v03/v0363	SES082	-2.71338	-54.8362	-52.1228
spk_ver/v03/v0364	SES019	2.01387	-50.8126	-52.8265
spk_ver/v03/v0365	SES082	-1.22648	-54.0233	-52.7968
spk_ver/v03/v0366	SES226	2.0429	-50.8241	-52.867
spk_ver/v03/v0367	SES167	1.16245	-50.6108	-51.7733
spk_ver/v03/v0368	SES082	-2.46959	-53.8321	-51.3625
spk_ver/v03/v0369	SES042	3.29393	-48.2188	-51.5128
spk_ver/v03/v0370	SES042	1.99459	-49.9215	-51.9161
spk_ver/v03/v0371	SES082	-9.13815	-61.7281	-52.5899
spk_ver/v03/v0372	SES082	-1.94846	-53.5562	-51.6077
spk_ver/v03/v0373	SES082	-5.56569	-59.0682	-53.5026
spk_ver/v03/v0374	SES083	-1.2131	-52.8075	-51.5944
spk_ver/v03/v0375	SES292	0.767117	-51.5184	-52.2855
spk_ver/v03/v0376	SES083	-4.0839	-56.2558	-52.1719
spk_ver/v03/v0377	SES083	-3.59057	-56.834	-53.2435
spk_ver/v03/v0378	SES083	-2.60836	-56.0518	-53.4435
spk_ver/v03/v0379	SES083	-2.60601	-55.2887	-52.6827
spk_ver/v03/v0380	SES083	-4.87622	-58.2864	-53.4102
spk_ver/v03/v0381	SES083	-2.10841	-54.6576	-52.5491
spk_ver/v03/v0382	SES148	0.914181	-51.3155	-52.2296
spk_ver/v03/v0383	SES083	-1.52526	-52.9841	-51.4588
spk_ver/v03/v0384	SES226	1.68108	-50.4113	-52.0924
spk_ver/v03/v0385	SES226	2.06843	-49.8028	-51.8713
spk_ver/v03/v0386	SES087	1.67489	-50.8103	-52.4852
spk_ver/v03/v0387	SES029	0.919109	-51.4331	-52.3522
spk_ver/v03/v0388	SES147	1.77612	-51.9802	-53.7563
spk_ver/v03/v0389	SES083	-4.28957	-57.6749	-53.3853
spk_ver/v03/v0390	SES189	1.47967	-51.7092	-53.1888
spk_ver/v03/v0391	SES083	-1.97357	-54.2597	-52.2862
spk_ver/v03/v0392	SES083	-0.520554	-51.443	-50.9224
spk_ver/v03/v0393	SES083	-3.05156	-55.2121	-52.1606
spk_ver/v03/v0394	SES083	-3.92381	-56.6572	-52.7334
spk_ver/v03/v0395	SES083	-1.95514	-54.0868	-52.1316
spk_ver/v03/v0396	SES014	2.53702	-48.5032	-51.0403
spk_ver/v03/v0397	SES085	-0.696411	-51.7682	-51.0718
spk_ver/v03/v0398	SES085	-2.37132	-53.4618	-51.0905
spk_ver/v03/v0399	SES085	-5.72873	-57.6627	-51.9339
spk_ver/v04/v0400	SES106	2.11856	-49.9952	-52.1138
spk_ver/v04/v0401	SES085	-4.65057	-56.8034	-52.1528
spk_ver/v04/v0402	SES085	-7.86426	-61.8014	-53.9372
spk_ver/v04/v0403	SES085	-0.690899	-52.1034	-51.4125
spk_ver/v04/v0404	SES180	0.973373	-51.0467	-52.0201
spk_ver/v04/v0405	SES129	1.74797	-49.5421	-51.29
spk_ver/v04/v0406	SES085	-5.19352	-57.8474	-52.6539
spk_ver/v04/v0407	SES146	0.139297	-53.0375	-53.1768
spk_ver/v04/v0408	SES085	-1.3366	-52.935	-51.5984
spk_ver/v04/v0409	SES085	-4.18139	-56.5027	-52.3213
spk_ver/v04/v0410	SES085	-6.99092	-59.2946	-52.3036
spk_ver/v04/v0411	SES292	0.536983	-52.4339	-52.9708
spk_ver/v04/v0412	SES085	-2.04457	-53.7068	-51.6622
spk_ver/v04/v0413	SES125	1.8637	-49.4685	-51.3322
spk_ver/v04/v0414	SES085	-6.05786	-62.4697	-56.4118
spk_ver/v04/v0415	SES085	-2.40316	-54.6237	-52.2205
spk_ver/v04/v0416	SES085	-4.5062	-57.0067	-52.5005
spk_ver/v04/v0417	SES062	0.2883	-50.7751	-51.0634
spk_ver/v04/v0418	SES060	2.05376	-50.2306	-52.2844
spk_ver/v04/v0419	SES085	-1.96788	-54.2158	-52.2479
spk_ver/v04/v0420	SES085	-6.20462	-58.5263	-52.3217
spk_ver/v04/v0421	SES085	-7.35574	-60.5949	-53.2392
spk_ver/v04/v0422	SES085	-1.55791	-55.1828	-53.6249
spk_ver/v04/v0423	SES085	-6.50164	-59.2192	-52.7175
spk_ver/v04/v0424	SES085	-4.72149	-58.6548	-53.9333
spk_ver/v04/v0425	SES183	1.02301	-52.1088	-53.1318
spk_ver/v04/v0426	SES085	-5.50051	-57.9175	-52.417
spk_ver/v04/v0427	SES087	-2.36187	-55.1644	-52.8026
spk_ver/v04/v0428	SES162	0.708427	-52.0401	-52.7485
spk_ver/v04/v0429	SES087	-1.49441	-53.1872	-51.6928
spk_ver/v04/v0430	SES087	-6.246	-60.3501	-54.1041
spk_ver/v04/v0431	SES087	-16.5149	-69.9679	-53.453
spk_ver/v04/v0432	SES087	-2.42569	-55.408	-52.9823
spk_ver/v04/v0433	SES087	-11.842	-63.341	-51.499
spk_ver/v04/v0434	SES142	2.4093	-50.2931	-52.7024
spk_ver/v04/v0435	SES087	-12.0181	-65.704	-53.6859
spk_ver/v04/v0436	SES099	1.0187	-50.7063	-51.725
spk_ver/v04/v0437	SES087	-5.62724	-57.2821	-51.6549
spk_ver/v04/v0438	SES087	-7.78998	-60.792	-53.002
spk_ver/v04/v0439	SES087	-1.81068	-52.9109	-51.1003
spk_ver/v04/v0440	SES087	-7.53247	-60.016	-52.4835
spk_ver/v04/v0441	SES087	-14.8698	-67.8044	-52.9346
spk_ver/v04/v0442	SES187	1.41722	-51.7394	-53.1567
spk_ver/v04/v0443	SES172	1.77637	-50.7782	-52.5546
spk_ver/v04/v0444	SES087	-3.33995	-55.5601	-52.2202
spk_ver/v04/v0445	SES087	-2.13985	-53.6845	-51.5446
spk_ver/v04/v0446	SES087	-0.25518	-51.7465	-51.4913
spk_ver/v04/v0447	SES087	-0.941635	-52.8539	-51.9123
spk_ver/v04/v0448	SES106	2.05099	-50.8998	-52.9507
spk_ver/v04/v0449	SES146	1.00974	-52.4095	-53.4192
spk_ver/v04/v0450	SES087	-11.9795	-64.8037	-52.8241
spk_ver/v04/v0451	SES087	-1.47896	-53.7536	-52.2747
spk_ver/v04/v0452	SES007	1.15237	-51.409	-52.5614
spk_ver/v04/v0453	SES087	-1.86693	-54.2345	-52.3676
spk_ver/v04/v0454	SES087	-10.595	-63.5856	-52.9906
spk_ver/v04/v0455	SES180	0.788815	-51.7361	-52.5249
spk_ver/v04/v0456	SES099	-7.03586	-60.437	-53.4012
spk_ver/v04/v0457	SES042	2.03005	-50.4675	-52.4976
spk_ver/v04/v0458	SES099	-0.450699	-52.9486	-52.4979
spk_ver/v04/v0459	SES099	-16.3167	-69.1733	-52.8566
spk_ver/v04/v0460	SES099	-9.98776	-64.7109	-54.7231
spk_ver/v04/v0461	SES099	-1.41247	-53.5243	-52.1118
spk_ver/v04/v0462	SES082	2.0141	-49.8571	-51.8712
spk_ver/v04/v0463	SES099	-0.0152168	-52.4633	-52.4481
spk_ver/v04/v0464	SES099	0.692833	-50.7136	-51.4064
spk_ver/v04/v0465	SES099	-13.8029	-66.0937	-52.2908
spk_ver/v04/v0466	SES099	-0.591896	-52.507	-51.9151
spk_ver/v04/v0467	SES099	-1.02894	-53.5008	-52.4719
spk_ver/v04/v0468	SES129	2.18431	-50.3052	-52.4895
spk_ver/v04/v0469	SES101	0.693096	-51.1477	-51.8408
spk_ver/v04/v0470	SES099	-9.98075	-63.7622	-53.7814
spk_ver/v04/v0471	SES172	0.861301	-51.5227	-52.384
spk_ver/v04/v0472	SES099	0.18	-52.0982	-52.2782
spk_ver/v04/v0473	SES270	2.81014	-50.034	-52.8441
spk_ver/v04/v0474	SES099	-4.35288	-56.5297	-52.1768
spk_ver/v04/v0475	SES099	-5.40774	-57.08	-51.6722
spk_ver/v04/v0476	SES099	-2.93367	-58.3586	-55.4249
spk_ver/v04/v0477	SES002	1.90236	-49.3649	-51.2673
spk_ver/v04/v0478	SES099	0.0403137	-52.2054	-52.2458
spk_ver/v04/v0479	SES007	-1.0057	-53.8941	-52.8884
spk_ver/v04/v0480	SES101	-4.80833	-55.9528	-51.1445
spk_ver/v04/v0481	SES101	-5.92098	-59.8857	-53.9648
spk_ver/v04/v0482	SES175	0.187847	-52.6017	-52.7896
spk_ver/v04/v0483	SES101	-2.502	-54.9125	-52.4105
spk_ver/v04/v0484	SES101	-4.24166	-55.3575	-51.1158
spk_ver/v04/v0485	SES101	-3.81826	-57.2609	-53.4427
spk_ver/v04/v0486	SES101	-2.37418	-56.8224	-54.4483
spk_ver/v04/v0487	SES101	-3.00832	-56.2363	-53.228
spk_ver/v04/v0488	SES101	-5.14941	-58.202	-53.0526
spk_ver/v04/v0489	SES147	0.500637	-53.8235	-54.3242
spk_ver/v04/v0490	SES085	0.0561562	-53.1522	-53.2083
spk_ver/v04/v0491	SES101	-3.78691	-57.9612	-54.1743
spk_ver/v04/v0492	SES101	-4.23267	-58.7222	-54.4895
spk_ver/v04/v0493	SES101	-3.34693	-54.7262	-51.3792
spk_ver/v04/v0494	SES101	-2.01668	-56.2498	-54.2332
spk_ver/v04/v0495	SES101	-1.54314	-52.4984	-50.9552
spk_ver/v04/v0496	SES101	-3.58844	-56.2589	-52.6705
spk_ver/v04/v0497	SES014	1.66238	-49.0563	-50.7187
spk_ver/v04/v0498	SES101	-3.06554	-55.8796	-52.814
spk_ver/v04/v0499	SES101	-2.02581	-53.7822	-51.7564
spk_ver/v05/v0500	SES085	0.632614	-50.5118	-51.1444
spk_ver/v05/v0501	SES101	-5.60471	-58.0393	-52.4346
spk_ver/v05/v0502	SES275	0.722233	-51.9656	-52.6878
spk_ver/v05/v0503	SES117	1.02631	-52.5819	-53.6082
spk_ver/v05/v0504	SES101	-4.2304	-56.5368	-52.3064
spk_ver/v05/v0505	SES101	-2.46747	-54.9481	-52.4806
spk_ver/v05/v0506	SES101	-2.36624	-55.2829	-52.9167
spk_ver/v05/v0507	SES048	1.15672	-50.4725	-51.6292
spk_ver/v05/v0508	SES117	0.434025	-53.7983	-54.2323
spk_ver/v05/v0509	SES202	2.16086	-50.0302	-52.1911
spk_ver/v05/v0510	SES104	-1.9834	-56.4822	-54.4988
spk_ver/v05/v0511	SES008	0.468155	-52.9426	-53.4107
spk_ver/v05/v0512	SES104	-1.33089	-54.8001	-53.4692
spk_ver/v05/v0513	SES104	-1.66304	-53.0858	-51.4227
spk_ver/v05/v0514	SES104	-11.9781	-63.3601	-51.3821
spk_ver/v05/v0515	SES104	-16.9011	-70.1526	-53.2515
spk_ver/v05/v0516	SES104	-1.18587	-55.5484	-54.3625
spk_ver/v05/v0517	SES060	0.541302	-50.1658	-50.7071
spk_ver/v05/v0518	SES104	-15.8491	-69.9352	-54.0862
spk_ver/v05/v0519	SES104	-15.9314	-69.4185	-53.4871
spk_ver/v05/v0520	SES104	-0.445217	-51.8769	-51.4317
spk_ver/v05/v0521	SES008	1.13887	-49.9501	-51.089
spk_ver/v05/v0522	SES068	1.12136	-51.1779	-52.2993
spk_ver/v05/v0523	SES087	1.77585	-49.958	-51.7338
spk_ver/v05/v0524	SES104	-1.79403	-54.5034	-52.7093
spk_ver/v05/v0525	SES104	-1.13811	-53.2665	-52.1284
spk_ver/v05/v0526	SES104	-1.71671	-54.0411	-52.3244
spk_ver/v05/v0527	SES083	0.223736	-51.6419	-51.8656
spk_ver/v05/v0528	SES148	0.909805	-51.5784	-52.4882
spk_ver/v05/v0529	SES104	-3.21148	-56.3106	-53.0992
spk_ver/v05/v0530	SES104	-11.6514	-63.935	-52.2836
spk_ver/v05/v0531	SES125	1.2254	-50.8451	-52.0705
spk_ver/v05/v0532	SES104	-14.8737	-67.4599	-52.5862
spk_ver/v05/v0533	SES149	2.63318	-49.2146	-51.8478
spk_ver/v05/v0534	SES104	-15.6891	-68.0748	-52.3857
spk_ver/v05/v0535	SES187	0.864571	-52.4994	-53.3639
spk_ver/v05/v0536	SES104	-2.53091	-54.7374	-52.2065
spk_ver/v05/v0537	SES104	-1.9095	-54.4475	-52.538
spk_ver/v05/v0538	SES167	0.831207	-51.5496	-52.3808
spk_ver/v05/v0539	SES104	-1.89243	-56.4847	-54.5923
spk_ver/v05/v0540	SES104	-13.0969	-63.8652	-50.7683
spk_ver/v05/v0541	SES183	0.876411	-53.4191	-54.2955
spk_ver/v05/v0542	SES104	-1.02171	-53.7321	-52.7104
spk_ver/v05/v0543	SES104	-14.0548	-66.1915	-52.1367
spk_ver/v05/v0544	SES105	-3.89431	-56.5502	-52.6559
spk_ver/v05/v0545	SES105	-2.40841	-55.5581	-53.1497
spk_ver/v05/v0546	SES105	-3.02136	-55.2435	-52.2221
spk_ver/v05/v0547	SES105	-3.91727	-57.9316	-54.0143
spk_ver/v05/v0548	SES019	2.97168	-50.4786	-53.4503
spk_ver/v05/v0549	SES105	-3.0099	-56.059	-53.0491
spk_ver/v05/v0550	SES105	-3.15442	-57.2465	-54.092
spk_ver/v05/v0551	SES202	2.29508	-51.9304	-54.2255
spk_ver/v05/v0552	SES105	-4.25567	-57.8006	-53.5449
spk_ver/v05/v0553	SES105	-0.855423	-53.193	-52.3375
spk_ver/v05/v0554	SES105	-2.27836	-53.7693	-51.491
spk_ver/v05/v0555	SES105	-2.17131	-55.1269	-52.9556
spk_ver/v05/v0556	SES082	0.784138	-51.2525	-52.0366
spk_ver/v05/v0557	SES105	-3.43591	-55.4398	-52.0039
spk_ver/v05/v0558	SES014	1.36618	-49.99	-51.3562
spk_ver/v05/v0559	SES105	-1.9097	-54.1782	-52.2685
spk_ver/v05/v0560	SES177	-0.407372	-52.7842	-52.3768
spk_ver/v05/v0561	SES189	3.19084	-55.8187	-59.0096
spk_ver/v05/v0562	SES105	-2.5924	-56.5812	-53.9888
spk_ver/v05/v0563	SES099	1.56237	-51.7114	-53.2738
spk_ver/v05/v0564	SES105	-2.79397	-54.8338	-52.0398
spk_ver/v05/v0565	SES105	-3.34159	-55.7381	-52.3965
spk_ver/v05/v0566	SES105	-3.2409	-56.6	-53.3591
spk_ver/v05/v0567	SES142	1.85608	-51.7072	-53.5633
spk_ver/v05/v0568	SES048	0.924633	-51.1985	-52.1231
spk_ver/v05/v0569	SES105	-3.4752	-55.7931	-52.3179
spk_ver/v05/v0570	SES105	-1.65038	-53.6064	-51.956
spk_ver/v05/v0571	SES105	-4.75077	-57.8912	-53.1404
spk_ver/v05/v0572	SES105	-3.53135	-57.8022	-54.2709
spk_ver/v05/v0573	SES105	-3.66753	-56.6929	-53.0254
spk_ver/v05/v0574	SES105	-2.31892	-55.143	-52.824
spk_ver/v05/v0575	SES105	-3.1124	-56.4531	-53.3407
spk_ver/v05/v0576	SES106	-14.7435	-68.4639	-53.7204
spk_ver/v05/v0577	SES106	-4.87959	-58.7295	-53.85
spk_ver/v05/v0578	SES106	-9.89066	-62.308	-52.4174
spk_ver/v05/v0579	SES106	-10.7885	-62.6816	-51.8931
spk_ver/v05/v0580	SES106	-1.33352	-52.6688	-51.3353
spk_ver/v05/v0581	SES106	-15.4804	-68.5682	-53.0878
spk_ver/v05/v0582	SES106	-2.11588	-55.721	-53.6051
spk_ver/v05/v0583	SES106	-1.43874	-52.6674	-51.2287
spk_ver/v05/v0584	SES106	-14.2789	-67.2142	-52.9353
spk_ver/v05/v0585	SES106	-0.912292	-55.7828	-54.8705
spk_ver/v05/v0586	SES106	-9.48743	-62.0794	-52.592
spk_ver/v05/v0587	SES106	-4.58746	-57.7788	-53.1913
spk_ver/v05/v0588	SES106	-9.5919	-60.8576	-51.2657
spk_ver/v05/v0589	SES106	-12.9156	-64.0492	-51.1336
spk_ver/v05/v0590	SES082	0.960709	-51.7799	-52.7406
spk_ver/v05/v0591	SES180	0.434822	-52.1638	-52.5986
spk_ver/v05/v0592	SES106	-1.3806	-54.1818	-52.8012
spk_ver/v05/v0593	SES106	-17.0087	-70.4354	-53.4268
spk_ver/v05/v0594	SES292	0.791012	-51.4728	-52.2638
spk_ver/v05/v0595	SES106	-1.04493	-53.9908	-52.9458
spk_ver/v05/v0596	SES106	-13.235	-66.016	-52.781
spk_ver/v05/v0597	SES106	-11.1501	-63.7571	-52.607
spk_ver/v05/v0598	SES042	2.46394	-50.102	-52.5659
spk_ver/v05/v0599	SES106	-11.8013	-65.074	-53.2727
spk_ver/v06/v0600	SES106	-0.205315	-53.6675	-53.4622
spk_ver/v06/v0601	SES106	-2.17497	-55.0051	-52.8301
spk_ver/v06/v0602	SES106	-6.68486	-59.07	-52.3851
spk_ver/v06/v0603	SES106	-13.7737	-66.9711	-53.1974
spk_ver/v06/v0604	SES106	-11.0817	-63.4029	-52.3213
spk_ver/v06/v0605	SES106	-11.5094	-66.2998	-54.7904
spk_ver/v06/v0606	SES048	2.22266	-49.6401	-51.8628
spk_ver/v06/v0607	SES167	1.82196	-49.7546	-51.5765
spk_ver/v06/v0608	SES106	-10.2429	-63.3838	-53.1409
spk_ver/v06/v0609	SES143	0.825424	-51.8384	-52.6638
spk_ver/v06/v0610	SES106	-17.1726	-71.9043	-54.7317
spk_ver/v06/v0611	SES106	-6.62828	-59.8228	-53.1945
spk_ver/v06/v0612	SES106	-17.9244	-71.7437	-53.8193
spk_ver/v06/v0613	SES117	-1.12885	-53.818	-52.6892
spk_ver/v06/v0614	SES117	-4.54941	-56.886	-52.3366
spk_ver/v06/v0615	SES117	-1.4658	-54.5024	-53.0366
spk_ver/v06/v0616	SES106	2.13993	-48.8548	-50.9948
spk_ver/v06/v0617	SES142	2.7737	-51.1115	-53.8852
spk_ver/v06/v0618	SES048	1.72848	-50.0748	-51.8033
spk_ver/v06/v0619	SES175	1.08524	-52.0076	-53.0929
spk_ver/v06/v0620	SES180	0.618877	-51.5218	-52.1406
spk_ver/v06/v0621	SES117	-0.705662	-54.7891	-54.0834
spk_ver/v06/v0622	SES029	-0.00378418	-52.9471	-52.9433
spk_ver/v06/v0623	SES117	-1.77331	-53.5404	-51.7671
spk_ver/v06/v0624	SES117	-3.58313	-56.451	-52.8679
spk_ver/v06/v0625	SES117	-1.92968	-56.7389	-54.8092
spk_ver/v06/v0626	SES106	2.0561	-50.1983	-52.2544
spk_ver/v06/v0627	SES226	1.69042	-50.0653	-51.7558
spk_ver/v06/v0628	SES117	-0.514206	-53.14	-52.6258
spk_ver/v06/v0629	SES117	-2.22028	-52.026	-49.8057
spk_ver/v06/v0630	SES117	-3.57349	-55.4897	-51.9162
spk_ver/v06/v0631	SES117	-4.21648	-58.911	-54.6945
spk_ver/v06/v0632	SES117	-1.70781	-53.2303	-51.5225
spk_ver/v06/v0633	SES099	2.17858	-50.2096	-52.3882
spk_ver/v06/v0634	SES105	1.57261	-51.4701	-53.0427
spk_ver/v06/v0635	SES167	0.530861	-52.2315	-52.7624
spk_ver/v06/v0636	SES117	-0.316921	-52.56	-52.2431
spk_ver/v06/v0637	SES202	1.99029	-51.218	-53.2083
spk_ver/v06/v0638	SES117	-2.61385	-54.6798	-52.066
spk_ver/v06/v0639	SES167	1.45829	-51.2876	-52.7459
spk_ver/v06/v0640	SES117	-1.68166	-54.4179	-52.7362
spk_ver/v06/v0641	SES117	-3.16059	-54.7264	-51.5658
spk_ver/v06/v0642	SES101	1.06482	-50.5132	-51.578
spk_ver/v06/v0643	SES068	0.874409	-51.3726	-52.2471
spk_ver/v06/v0644	SES120	-4.00825	-58.0042	-53.996
spk_ver/v06/v0645	SES120	-1.95809	-55.8364	-53.8783
spk_ver/v06/v0646	SES172	0.752728	-51.957	-52.7098
spk_ver/v06/v0647	SES120	-2.8087	-54.3497	-51.541
spk_ver/v06/v0648	SES120	-0.870697	-52.6758	-51.8051
spk_ver/v06/v0649	SES120	-3.34505	-57.4221	-54.077
spk_ver/v06/v0650	SES087	1.74606	-50.819	-52.565
spk_ver/v06/v0651	SES120	-2.47876	-55.2491	-52.7704
spk_ver/v06/v0652	SES104	-1.15345	-54.5942	-53.4408
spk_ver/v06/v0653	SES129	1.58995	-50.3777	-51.9676
spk_ver/v06/v0654	SES120	-2.60759	-55.3109	-52.7033
spk_ver/v06/v0655	SES120	-2.22459	-55.3996	-53.175
spk_ver/v06/v0656	SES120	-2.47871	-54.9389	-52.4602
spk_ver/v06/v0657	SES147	1.25231	-52.5508	-53.8031
spk_ver/v06/v0658	SES120	-3.3363	-56.7057	-53.3694
spk_ver/v06/v0659	SES120	-2.50982	-54.3452	-51.8354
spk_ver/v06/v0660	SES120	-0.980377	-53.212	-52.2316
spk_ver/v06/v0661	SES120	-3.54636	-57.5499	-54.0035
spk_ver/v06/v0662	SES120	-3.00582	-55.3499	-52.3441
spk_ver/v06/v0663	SES120	-2.73979	-57.0409	-54.3011
spk_ver/v06/v0664	SES147	1.69196	-51.6562	-53.3482
spk_ver/v06/v0665	SES162	1.22955	-52.2708	-53.5004
spk_ver/v06/v0666	SES120	-2.41017	-54.1691	-51.759
spk_ver/v06/v0667	SES120	-3.36633	-56.0641	-52.6978
spk_ver/v06/v0668	SES120	1.4394	-50.9166	-52.356
spk_ver/v06/v0669	SES142	2.4257	-50.7085	-53.1342
spk_ver/v06/v0670	SES106	2.35255	-49.8169	-52.1695
spk_ver/v06/v0671	SES183	1.62813	-51.6744	-53.3025
spk_ver/v06/v0672	SES120	-2.756	-55.7311	-52.9751
spk_ver/v06/v0673	SES029	-0.0619431	-52.9527	-52.8908
spk_ver/v06/v0674	SES120	-1.8736	-54.9449	-53.0713
spk_ver/v06/v0675	SES008	1.81865	-50.3203	-52.1389
spk_ver/v06/v0676	SES125	-13.6525	-68.3062	-54.6536
spk_ver/v06/v0677	SES143	0.640839	-52.3073	-52.9481
spk_ver/v06/v0678	SES125	-11.3778	-65.9638	-54.586
spk_ver/v06/v0679	SES162	0.0617104	-52.2789	-52.3406
spk_ver/v06/v0680	SES125	-6.61317	-58.6943	-52.0812
spk_ver/v06/v0681	SES125	-2.80641	-55.0078	-52.2013
spk_ver/v06/v0682	SES125	-9.34278	-60.2534	-50.9106
spk_ver/v06/v0683	SES226	1.74351	-50.8323	-52.5758
spk_ver/v06/v0684	SES125	-10.8827	-64.1554	-53.2728
spk_ver/v06/v0685	SES125	-14.7444	-66.9921	-52.2478
spk_ver/v06/v0686	SES120	0.833481	-50.8874	-51.7209
spk_ver/v06/v0687	SES125	-3.39283	-58.1667	-54.7739
spk_ver/v06/v0688	SES158	1.48829	-50.8742	-52.3625
spk_ver/v06/v0689	SES125	-5.24095	-59.0437	-53.8028
spk_ver/v06/v0690	SES105	1.4785	-51.3104	-52.7889
spk_ver/v06/v0691	SES125	-0.939899	-53.8265	-52.8866
spk_ver/v06/v0692	SES125	-2.42359	-54.3982	-51.9746
spk_ver/v06/v0693	SES180	1.09299	-51.1953	-52.2883
spk_ver/v06/v0694	SES125	-20.2305	-73.4642	-53.2337
spk_ver/v06/v0695	SES125	-3.59682	-55.7204	-52.1236
spk_ver/v06/v0696	SES125	-14.2684	-66.1699	-51.9015
spk_ver/v06/v0697	SES125	-16.453	-70.1877	-53.7347
spk_ver/v06/v0698	SES083	0.771046	-50.6535	-51.4245
spk_ver/v06/v0699	SES125	-13.1952	-66.1368	-52.9415
spk_ver/v07/v0700	SES014	2.09982	-49.5969	-51.6967
spk_ver/v07/v0701	SES125	-7.16136	-58.7441	-51.5827
spk_ver/v07/v0702	SES127	-1.31652	-53.5458	-52.2292
spk_ver/v07/v0703	SES127	-1.75446	-55.5667	-53.8122
spk_ver/v07/v0704	SES206	1.64508	-49.8642	-51.5093
spk_ver/v07/v0705	SES127	-2.41616	-55.3567	-52.9405
spk_ver/v07/v0706	SES127	-4.55463	-56.8479	-52.2933
spk_ver/v07/v0707	SES127	-4.92029	-56.9899	-52.0696
spk_ver/v07/v0708	SES275	0.556866	-51.8757	-52.4325
spk_ver/v07/v0709	SES127	-3.08087	-56.2468	-53.166
spk_ver/v07/v0710	SES105	0.954266	-52.1186	-53.0729
spk_ver/v07/v0711	SES127	-2.91343	-56.1055	-53.1921
spk_ver/v07/v0712	SES127	-1.44166	-53.8597	-52.418
spk_ver/v07/v0713	SES127	-3.28005	-56.2169	-52.9369
spk_ver/v07/v0714	SES019	3.87182	-49.8755	-53.7473
spk_ver/v07/v0715	SES127	-3.42199	-58.0062	-54.5843
spk_ver/v07/v0716	SES148	0.659721	-51.5532	-52.2129
spk_ver/v07/v0717	SES162	0.840733	-51.2435	-52.0842
spk_ver/v07/v0718	SES189	0.970909	-53.3646	-54.3355
spk_ver/v07/v0719	SES149	0.251881	-50.9698	-51.2217
spk_ver/v07/v0720	SES175	0.781803	-52.1298	-52.9116
spk_ver/v07/v0721	SES127	-4.45972	-56.8953	-52.4356
spk_ver/v07/v0722	SES127	-1.74303	-55.1499	-53.4068
spk_ver/v07/v0723	SES127	-2.68248	-54.9678	-52.2853
spk_ver/v07/v0724	SES127	-4.26004	-56.8615	-52.6014
spk_ver/v07/v0725	SES127	-3.15919	-56.3366	-53.1774
spk_ver/v07/v0726	SES259	1.8001	-49.971	-51.7711
spk_ver/v07/v0727	SES127	-3.10433	-56.93	-53.8257
spk_ver/v07/v0728	SES127	-1.01065	-52.1849	-51.1743
spk_ver/v07/v0729	SES127	-5.06104	-58.0031	-52.9421
spk_ver/v07/v0730	SES127	-2.50183	-56.3082	-53.8063
spk_ver/v07/v0731	SES129	-1.87749	-53.1155	-51.238
spk_ver/v07/v0732	SES129	-5.46676	-58.4997	-53.033
spk_ver/v07/v0733	SES129	-8.89749	-63.8116	-54.9141
spk_ver/v07/v0734	SES129	-13.2619	-67.755	-54.4931
spk_ver/v07/v0735	SES183	1.49865	-51.3243	-52.8229
spk_ver/v07/v0736	SES129	-4.7146	-57.6545	-52.9398
spk_ver/v07/v0737	SES129	-3.38932	-57.003	-53.6137
spk_ver/v07/v0738	SES129	-5.14747	-57.9819	-52.8344
spk_ver/v07/v0739	SES129	-6.54613	-59.6463	-53.1001
spk_ver/v07/v0740	SES167	-0.568283	-52.6901	-52.1219
spk_ver/v07/v0741	SES129	-6.05522	-59.7406	-53.6854
spk_ver/v07/v0742	SES129	-3.90098	-54.8943	-50.9934
spk_ver/v07/v0743	SES129	-2.38699	-55.1876	-52.8006
spk_ver/v07/v0744	SES129	-9.02618	-63.8477	-54.8216
spk_ver/v07/v0745	SES180	0.929249	-51.7693	-52.6986
spk_ver/v07/v0746	SES129	-1.93821	-53.4227	-51.4845
spk_ver/v07/v0747	SES292	0.324261	-51.6111	-51.9353
spk_ver/v07/v0748	SES202	1.24375	-51.7166	-52.9604
spk_ver/v07/v0749	SES270	1.07647	-51.166	-52.2425
spk_ver/v07/v0750	SES129	-3.80083	-55.2788	-51.478
spk_ver/v07/v0751	SES129	-4.46056	-55.71	-51.2494
spk_ver/v07/v0752	SES060	-0.918705	-53.0299	-52.1112
spk_ver/v07/v0753	SES129	-7.46911	-60.9206	-53.4515
spk_ver/v07/v0754	SES129	-13.8262	-69.8695	-56.0433
spk_ver/v07/v0755	SES129	-4.84987	-58.6594	-53.8095
spk_ver/v07/v0756	SES175	1.11924	-52.4527	-53.5719
spk_ver/v07/v0757	SES129	-4.7593	-57.7197	-52.9604
spk_ver/v07/v0758	SES129	-6.07212	-58.7535	-52.6814
spk_ver/v07/v0759	SES129	-4.79776	-56.2398	-51.4421
spk_ver/v07/v0760	SES129	-5.75752	-57.9144	-52.1569
spk_ver/v07/v0761	SES129	-3.3405	-53.8449	-50.5044
spk_ver/v07/v0762	SES172	0.712505	-52.2255	-52.938
spk_ver/v07/v0763	SES129	-4.28335	-58.5136	-54.2303
spk_ver/v07/v0764	SES129	-7.07673	-58.8559	-51.7792
spk_ver/v07/v0765	SES175	1.05367	-53.0019	-54.0555
spk_ver/v07/v0766	SES129	-4.12579	-55.613	-51.4872
spk_ver/v07/v0767	SES129	-5.12289	-57.9218	-52.7989
spk_ver/v07/v0768	SES042	2.14908	-49.4386	-51.5877
spk_ver/v07/v0769	SES099	1.40063	-51.5272	-52.9278
spk_ver/v07/v0770	SES142	-6.07049	-59.4133	-53.3428
spk_ver/v07/v0771	SES142	-5.52178	-57.5882	-52.0664
spk_ver/v07/v0772	SES101	0.558311	-51.2686	-51.8269
spk_ver/v07/v0773	SES142	-10.4812	-63.737	-53.2558
spk_ver/v07/v0774	SES142	-5.10594	-59.4231	-54.3172
spk_ver/v07/v0775	SES142	-2.58975	-55.6524	-53.0627
spk_ver/v07/v0776	SES142	-4.92908	-56.2481	-51.319
spk_ver/v07/v0777	SES142	-4.15852	-56.961	-52.8025
spk_ver/v07/v0778	SES142	-2.60434	-56.369	-53.7647
spk_ver/v07/v0779	SES142	-11.3004	-63.8519	-52.5516
spk_ver/v07/v0780	SES142	-3.72691	-57.882	-54.1551
spk_ver/v07/v0781	SES142	-8.00622	-60.5236	-52.5174
spk_ver/v07/v0782	SES101	0.991768	-51.6561	-52.6478
spk_ver/v07/v0783	SES142	-5.70646	-58.367	-52.6605
spk_ver/v07/v0784	SES187	1.81118	-50.9752	-52.7864
spk_ver/v07/v0785	SES143	0.287041	-53.6831	-53.9702
spk_ver/v07/v0786	SES142	-4.20103	-57.0166	-52.8156
spk_ver/v07/v0787	SES144	0.62994	-51.7839	-52.4138
spk_ver/v07/v0788	SES275	0.0653572	-52.6112	-52.6766
spk_ver/v07/v0789	SES142	-4.23543	-56.5195	-52.2841
spk_ver/v07/v0790	SES099	1.51923	-50.0344	-51.5537
spk_ver/v07/v0791	SES142	-7.83878	-61.1716	-53.3329
spk_ver/v07/v0792	SES142	-4.59155	-55.3622	-50.7706
spk_ver/v07/v0793	SES142	-8.14454	-61.2356	-53.0911
spk_ver/v07/v0794	SES014	1.33801	-49.6085	-50.9465
spk_ver/v07/v0795	SES142	-7.0921	-59.3197	-52.2276
spk_ver/v07/v0796	SES142	-5.1251	-57.0832	-51.9581
spk_ver/v07/v0797	SES143	-0.936275	-52.6796	-51.7434
spk_ver/v07/v0798	SES206	1.60753	-49.3667	-50.9742
spk_ver/v07/v0799	SES143	-5.41118	-58.8692	-53.458
spk_ver/v08/v0800	SES143	-2.39272	-55.7108	-53.3181
spk_ver/v08/v0801	SES143	-1.35349	-52.9906	-51.6371
spk_ver/v08/v0802	SES143	-2.80834	-55.5743	-52.766
spk_ver/v08/v0803	SES143	-4.59526	-56.8669	-52.2716
spk_ver/v08/v0804	SES143	-4.01741	-57.3468	-53.3294
spk_ver/v08/v0805	SES143	-4.52514	-57.8138	-53.2887
spk_ver/v08/v0806	SES143	-4.08855	-58.076	-53.9875
spk_ver/v08/v0807	SES177	0.366161	-51.8115	-52.1776
spk_ver/v08/v0808	SES149	1.52748	-50.3999	-51.9274
spk_ver/v08/v0809	SES143	-6.4119	-58.5314	-52.1195
spk_ver/v08/v0810	SES158	1.77962	-51.033	-52.8126
spk_ver/v08/v0811	SES143	-3.31267	-59.8211	-56.5084
spk_ver/v08/v0812	SES062	0.883846	-50.2992	-51.183
spk_ver/v08/v0813	SES259	1.76224	-49.8487	-51.6109
spk_ver/v08/v0814	SES143	-6.80976	-57.4715	-50.6617
spk_ver/v08/v0815	SES143	-5.04293	-57.8447	-52.8018
spk_ver/v08/v0816	SES143	-1.67029	-53.8365	-52.1662
spk_ver/v08/v0817	SES144	0.668152	-52.5104	-53.1786
spk_ver/v08/v0818	SES143	-1.81539	-54.8047	-52.9894
spk_ver/v08/v0819	SES143	-2.62472	-55.1395	-52.5148
spk_ver/v08/v0820	SES143	-0.767094	-51.4518	-50.6847
spk_ver/v08/v0821	SES143	-3.06595	-56.4582	-53.3922
spk_ver/v08/v0822	SES143	-4.06419	-56.2068	-52.1426
spk_ver/v08/v0823	SES104	1.25593	-50.7183	-51.9742
spk_ver/v08/v0824	SES143	-3.98843	-56.3852	-52.3968
spk_ver/v08/v0825	SES143	-4.70563	-56.6531	-51.9475
spk_ver/v08/v0826	SES144	-5.33536	-57.4106	-52.0753
spk_ver/v08/v0827	SES144	-2.17191	-54.5206	-52.3486
spk_ver/v08/v0828	SES144	-0.806053	-52.5146	-51.7085
spk_ver/v08/v0829	SES172	0.607666	-52.1742	-52.7819
spk_ver/v08/v0830	SES144	-0.676353	-53.2723	-52.596
spk_ver/v08/v0831	SES183	0.674767	-52.7064	-53.3811
spk_ver/v08/v0832	SES144	-3.69534	-57.6253	-53.9299
spk_ver/v08/v0833	SES144	-5.45332	-56.9548	-51.5015
spk_ver/v08/v0834	SES144	-1.30229	-53.8836	-52.5813
spk_ver/v08/v0835	SES144	-2.82129	-56.0107	-53.1894
spk_ver/v08/v0836	SES144	-2.16274	-55.3429	-53.1802
spk_ver/v08/v0837	SES144	-3.47501	-54.5552	-51.0802
spk_ver/v08/v0838	SES144	-3.23488	-57.4414	-54.2066
spk_ver/v08/v0839	SES085	0.10775	-51.8126	-51.9203
spk_ver/v08/v0840	SES144	-0.718124	-53.4763	-52.7582
spk_ver/v08/v0841	SES144	-5.29547	-59.7635	-54.468
spk_ver/v08/v0842	SES144	-4.55455	-56.5206	-51.966
spk_ver/v08/v0843	SES144	-0.983242	-53.0591	-52.0758
spk_ver/v08/v0844	SES144	-3.02556	-55.1634	-52.1379
spk_ver/v08/v0845	SES144	-4.44212	-56.0356	-51.5935
spk_ver/v08/v0846	SES104	0.72398	-51.6217	-52.3457
spk_ver/v08/v0847	SES144	-2.8082	-55.7641	-52.9559
spk_ver/v08/v0848	SES144	-3.05437	-58.4779	-55.4235
spk_ver/v08/v0849	SES144	-6.02062	-58.1465	-52.1259
spk_ver/v08/v0850	SES144	-5.00676	-56.3845	-51.3777
spk_ver/v08/v0851	SES144	-2.16769	-54.1854	-52.0177
spk_ver/v08/v0852	SES144	-0.887886	-52.7186	-51.8308
spk_ver/v08/v0853	SES144	-5.26845	-57.4836	-52.2151
spk_ver/v08/v0854	SES144	-2.30412	-55.0976	-52.7934
spk_ver/v08/v0855	SES144	-0.723953	-51.6634	-50.9394
spk_ver/v08/v0856	SES082	-0.286846	-55.382	-55.0952
spk_ver/v08/v0857	SES142	2.29493	-50.5024	-52.7974
spk_ver/v08/v0858	SES144	-0.75938	-55.0255	-54.2661
spk_ver/v08/v0859	SES144	-1.52179	-54.723	-53.2012
spk_ver/v08/v0860	SES146	-3.63714	-56.6267	-52.9895
spk_ver/v08/v0861	SES146	-3.70411	-56.5663	-52.8622
spk_ver/v08/v0862	SES146	-3.44346	-56.3657	-52.9222
spk_ver/v08/v0863	SES146	-3.11109	-57.0482	-53.9372
spk_ver/v08/v0864	SES146	-3.40374	-54.5806	-51.1768
spk_ver/v08/v0865	SES008	2.02229	-49.7634	-51.7857
spk_ver/v08/v0866	SES142	0.880447	-52.2388	-53.1192
spk_ver/v08/v0867	SES146	-2.45967	-54.0092	-51.5495
spk_ver/v08/v0868	SES082	1.78954	-49.4236	-51.2131
spk_ver/v08/v0869	SES146	-1.52132	-53.0767	-51.5554
spk_ver/v08/v0870	SES146	-3.28913	-57.0103	-53.7211
spk_ver/v08/v0871	SES146	-4.14113	-56.922	-52.7809
spk_ver/v08/v0872	SES146	-3.87698	-57.7961	-53.9191
spk_ver/v08/v0873	SES082	1.28758	-49.5596	-50.8472
spk_ver/v08/v0874	SES146	-3.57301	-57.4551	-53.8821
spk_ver/v08/v0875	SES144	0.318665	-53.0173	-53.336
spk_ver/v08/v0876	SES146	-2.26213	-51.9229	-49.6607
spk_ver/v08/v0877	SES146	-2.73272	-55.1987	-52.466
spk_ver/v08/v0878	SES146	-2.74974	-55.5537	-52.804
spk_ver/v08/v0879	SES146	-4.03398	-56.6917	-52.6577
spk_ver/v08/v0880	SES146	-4.05523	-57.5795	-53.5243
spk_ver/v08/v0881	SES143	1.30867	-51.8148	-53.1235
spk_ver/v08/v0882	SES146	-1.17496	-54.0529	-52.8779
spk_ver/v08/v0883	SES147	-4.02657	-55.5587	-51.5321
spk_ver/v08/v0884	SES147	-1.0295	-53.4274	-52.3979
spk_ver/v08/v0885	SES016	0.535065	-51.6249	-52.1599
spk_ver/v08/v0886	SES147	-2.06453	-55.6509	-53.5864
spk_ver/v08/v0887	SES147	-2.78239	-55.7321	-52.9498
spk_ver/v08/v0888	SES147	-2.12328	-56.0816	-53.9583
spk_ver/v08/v0889	SES019	1.85218	-51.1169	-52.9691
spk_ver/v08/v0890	SES147	-3.71113	-57.4871	-53.776
spk_ver/v08/v0891	SES147	-4.74354	-56.9394	-52.1958
spk_ver/v08/v0892	SES147	-3.97601	-57.086	-53.11
spk_ver/v08/v0893	SES270	1.88827	-51.9922	-53.8805
spk_ver/v08/v0894	SES029	0.594715	-52.1877	-52.7824
spk_ver/v08/v0895	SES147	-2.82383	-57.5918	-54.768
spk_ver/v08/v0896	SES117	1.21622	-52.5335	-53.7497
spk_ver/v08/v0897	SES183	1.70716	-52.6503	-54.3575
spk_ver/v08/v0898	SES147	-3.73734	-55.4635	-51.7262
spk_ver/v08/v0899	SES147	-4.59414	-58.6618	-54.0677
spk_ver/v09/v0900	SES087	1.39958	-50.6372	-52.0368
spk_ver/v09/v0901	SES147	-5.69654	-59.0137	-53.3171
spk_ver/v09/v0902	SES147	-3.72989	-56.1169	-52.387
spk_ver/v09/v0903	SES147	-2.24574	-55.0621	-52.8163
spk_ver/v09/v0904	SES147	-2.67354	-54.4524	-51.7789
spk_ver/v09/v0905	SES143	0.669186	-52.3691	-53.0383
spk_ver/v09/v0906	SES149	0.296036	-51.1186	-51.4146
spk_ver/v09/v0907	SES148	-1.41319	-53.3	-51.8869
spk_ver/v09/v0908	SES148	-0.882664	-53.2738	-52.3912
spk_ver/v09/v0909	SES106	2.23595	-51.0836	-53.3196
spk_ver/v09/v0910	SES148	-1.49562	-55.5085	-54.0129
spk_ver/v09/v0911	SES148	-3.2064	-55.8336	-52.6272
spk_ver/v09/v0912	SES142	0.829136	-52.061	-52.8901
spk_ver/v09/v0913	SES148	-3.58721	-56.6448	-53.0576
spk_ver/v09/v0914	SES148	-2.85336	-55.5468	-52.6934
spk_ver/v09/v0915	SES148	-3.2871	-57.8098	-54.5227
spk_ver/v09/v0916	SES148	-3.9181	-57.7142	-53.7961
spk_ver/v09/v0917	SES148	1.04972	-51.6899	-52.7397
spk_ver/v09/v0918	SES148	-0.920555	-52.7183	-51.7978
spk_ver/v09/v0919	SES270	1.19854	-51.7805	-52.979
spk_ver/v09/v0920	SES148	-1.45638	-53.3761	-51.9197
spk_ver/v09/v0921	SES148	-2.76632	-54.9754	-52.2091
spk_ver/v09/v0922	SES129	0.927906	-50.7447	-51.6726
spk_ver/v09/v0923	SES117	0.821583	-51.8162	-52.6378
spk_ver/v09/v0924	SES042	3.06362	-48.8584	-51.922
spk_ver/v09/v0925	SES148	-2.97898	-57.2436	-54.2646
spk_ver/v09/v0926	SES148	-3.47058	-57.3097	-53.8391
spk_ver/v09/v0927	SES144	0.652874	-51.9173	-52.5701
spk_ver/v09/v0928	SES007	0.0351982	-52.606	-52.6412
spk_ver/v09/v0929	SES148	-2.47834	-53.6597	-51.1814
spk_ver/v09/v0930	SES148	-1.16735	-53.2727	-52.1054
spk_ver/v09/v0931	SES148	-2.90679	-57.0483	-54.1415
spk_ver/v09/v0932	SES202	1.97909	-50.1547	-52.1337
spk_ver/v09/v0933	SES148	-0.864456	-52.6439	-51.7795
spk_ver/v09/v0934	SES148	-3.06473	-54.3882	-51.3234
spk_ver/v09/v0935	SES060	1.32768	-50.17	-51.4977
spk_ver/v09/v0936	SES060	1.18799	-51.2304	-52.4184
spk_ver/v09/v0937	SES148	-1.9226	-54.2387	-52.3161
spk_ver/v09/v0938	SES148	-2.34159	-55.3814	-53.0398
spk_ver/v09/v0939	SES148	-2.19066	-53.8768	-51.6861
spk_ver/v09/v0940	SES148	-2.49077	-53.9171	-51.4263
spk_ver/v09/v0941	SES149	-3.95058	-57.248	-53.2974
spk_ver/v09/v0942	SES149	-7.33186	-58.7508	-51.4189
spk_ver/v09/v0943	SES149	-9.51923	-62.8394	-53.3202
spk_ver/v09/v0944	SES149	-1.96196	-54.6655	-52.7035
spk_ver/v09/v0945	SES105	0.841473	-51.3048	-52.1462
spk_ver/v09/v0946	SES149	-3.24525	-54.8561	-51.6108
spk_ver/v09/v0947	SES149	-8.37578	-62.6788	-54.303
spk_ver/v09/v0948	SES149	-7.37538	-59.1227	-51.7473
spk_ver/v09/v0949	SES149	-4.70723	-55.3338	-50.6265
spk_ver/v09/v0950	SES226	1.0755	-50.4222	-51.4977
spk_ver/v09/v0951	SES149	-9.25727	-62.7066	-53.4493
spk_ver/v09/v0952	SES149	-3.37269	-56.0962	-52.7235
spk_ver/v09/v0953	SES062	0.699013	-50.676	-51.375
spk_ver/v09/v0954	SES149	-11.1061	-64.4726	-53.3666
spk_ver/v09/v0955	SES048	0.0710487	-51.3999	-51.471
spk_ver/v09/v0956	SES158	-0.986115	-53.2088	-52.2227
spk_ver/v09/v0957	SES158	-5.97405	-60.6357	-54.6617
spk_ver/v09/v0958	SES158	-0.528996	-51.9887	-51.4598
spk_ver/v09/v0959	SES158	-1.25502	-53.5717	-52.3166
spk_ver/v09/v0960	SES158	-7.66507	-61.4874	-53.8223
spk_ver/v09/v0961	SES147	1.41499	-52.7888	-54.2038
spk_ver/v09/v0962	SES158	-13.4632	-66.9746	-53.5114
spk_ver/v09/v0963	SES292	0.803596	-51.4589	-52.2625
spk_ver/v09/v0964	SES060	1.24556	-50.4574	-51.7029
spk_ver/v09/v0965	SES002	1.78442	-50.7002	-52.4846
spk_ver/v09/v0966	SES149	1.88318	-49.956	-51.8391
spk_ver/v09/v0967	SES158	-8.92428	-62.6262	-53.702
spk_ver/v09/v0968	SES158	-1.53856	-54.1445	-52.6059
spk_ver/v09/v0969	SES275	-0.311794	-54.0394	-53.7276
spk_ver/v09/v0970	SES158	-9.84553	-62.0736	-52.2281
spk_ver/v09/v0971	SES158	-8.9935	-61.5993	-52.6058
spk_ver/v09/v0972	SES002	1.48307	-49.9786	-51.4617
spk_ver/v09/v0973	SES158	-11.0327	-63.0636	-52.0309
spk_ver/v09/v0974	SES202	1.45128	-51.1286	-52.5799
spk_ver/v09/v0975	SES158	-12.0657	-66.1143	-54.0485
spk_ver/v09/v0976	SES158	-0.259491	-52.3096	-52.0501
spk_ver/v09/v0977	SES162	-1.52736	-53.827	-52.2996
spk_ver/v09/v0978	SES162	-6.1283	-59.6936	-53.5653
spk_ver/v09/v0979	SES162	-6.79044	-59.3359	-52.5455
spk_ver/v09/v0980	SES162	-2.15175	-55.6652	-53.5135
spk_ver/v09/v0981	SES162	-3.82181	-57.688	-53.8662
spk_ver/v09/v0982	SES259	1.95433	-49.6602	-51.6145
spk_ver/v09/v0983	SES162	-4.45044	-60.4573	-56.0068
spk_ver/v09/v0984	SES162	-1.93944	-53.3603	-51.4209
spk_ver/v09/v0985	SES162	-1.83426	-54.016	-52.1817
spk_ver/v09/v0986	SES062	1.23751	-50.1224	-51.3599
spk_ver/v09/v0987	SES162	-1.27882	-54.0364	-52.7576
spk_ver/v09/v0988	SES162	-4.63305	-56.6952	-52.0622
spk_ver/v09/v0989	SES162	-5.12877	-59.704	-54.5752
spk_ver/v09/v0990	SES162	-4.04038	-56.2927	-52.2524
spk_ver/v09/v0991	SES087	2.1172	-50.2281	-52.3453
spk_ver/v09/v0992	SES120	-0.125256	-53.2988	-53.1735
spk_ver/v09/v0993	SES162	-4.68675	-56.6	-51.9133
spk_ver/v09/v0994	SES162	-1.90089	-53.8277	-51.9268
spk_ver/v09/v0995	SES162	-4.39451	-55.4481	-51.0536
spk_ver/v09/v0996	SES162	-2.24356	-53.1937	-50.9501
spk_ver/v09/v0997	SES162	-6.17781	-58.3669	-52.1891
spk_ver/v09/v0998	SES162	-4.74047	-59.0404	-54.2999
spk_ver/v09/v0999	SES162	-1.26768	-51.9517	-50.684
spk_ver/v10/v1000	SES162	-4.49753	-56.5902	-52.0926
spk_ver/v10/v1001	SES148	0.923698	-52.2177	-53.1414
spk_ver/v10/v1002	SES162	-1.02214	-54.6215	-53.5994
spk_ver/v10/v1003	SES162	-2.39132	-55.2121	-52.8208
spk_ver/v10/v1004	SES162	-3.69158	-57.8635	-54.1719
spk_ver/v10/v1005	SES162	-4.19703	-58.0383	-53.8412
spk_ver/v10/v1006	SES162	-4.23165	-56.912	-52.6804
spk_ver/v10/v1007	SES162	-2.63779	-56.3598	-53.7221
spk_ver/v10/v1008	SES162	-4.73222	-59.9061	-55.1739
spk_ver/v10/v1009	SES162	-5.73814	-57.5458	-51.8076
spk_ver/v10/v1010	SES167	-3.5581	-57.3022	-53.7441
spk_ver/v10/v1011	SES167	-0.974934	-53.8029	-52.828
spk_ver/v10/v1012	SES167	-1.99537	-55.757	-53.7617
spk_ver/v10/v1013	SES167	-6.57352	-59.0025	-52.429
spk_ver/v10/v1014	SES167	-1.48737	-52.5179	-51.0306
spk_ver/v10/v1015	SES167	-1.72693	-53.7517	-52.0247
spk_ver/v10/v1016	SES167	-1.66661	-54.3121	-52.6455
spk_ver/v10/v1017	SES167	-1.80339	-54.4809	-52.6775
spk_ver/v10/v1018	SES167	-3.38586	-56.0426	-52.6567
spk_ver/v10/v1019	SES167	-2.71165	-54.9743	-52.2627
spk_ver/v10/v1020	SES167	-5.90818	-58.4263	-52.5181
spk_ver/v10/v1021	SES167	-2.00609	-56.7576	-54.7516
spk_ver/v10/v1022	SES167	-4.15636	-56.6784	-52.522
spk_ver/v10/v1023	SES167	-4.24762	-58.26	-54.0123
spk_ver/v10/v1024	SES167	-4.91708	-60.2346	-55.3175
spk_ver/v10/v1025	SES167	-1.83449	-53.2456	-51.4112
spk_ver/v10/v1026	SES167	-2.42222	-55.152	-52.7298
spk_ver/v10/v1027	SES167	-1.63128	-53.5208	-51.8895
spk_ver/v10/v1028	SES167	-5.65549	-58.0385	-52.383
spk_ver/v10/v1029	SES167	-4.42673	-57.3485	-52.9217
spk_ver/v10/v1030	SES167	-3.24269	-55.3831	-52.1404
spk_ver/v10/v1031	SES167	-5.82951	-58.4378	-52.6083
spk_ver/v10/v1032	SES167	-5.91871	-56.6813	-50.7626
spk_ver/v10/v1033	SES167	-5.62114	-56.6787	-51.0576
spk_ver/v10/v1034	SES002	1.64318	-49.2332	-50.8764
spk_ver/v10/v1035	SES167	-2.05731	-53.6133	-51.556
spk_ver/v10/v1036	SES083	1.10196	-51.2232	-52.3252
spk_ver/v10/v1037	SES167	-2.47824	-55.5333	-53.055
spk_ver/v10/v1038	SES167	-2.83849	-57.8898	-55.0513
spk_ver/v10/v1039	SES167	-1.70052	-54.9858	-53.2853
spk_ver/v10/v1040	SES167	-6.40162	-60.2319	-53.8303
spk_ver/v10/v1041	SES167	-1.49118	-55.0793	-53.5881
spk_ver/v10/v1042	SES087	1.81293	-51.1083	-52.9213
spk_ver/v10/v1043	SES029	1.35865	-51.0057	-52.3644
spk_ver/v10/v1044	SES206	1.15744	-50.1497	-51.3072
spk_ver/v10/v1045	SES172	-3.54007	-56.6962	-53.1562
spk_ver/v10/v1046	SES172	1.14977	-50.9429	-52.0927
spk_ver/v10/v1047	SES172	-1.5787	-53.7437	-52.165
spk_ver/v10/v1048	SES259	2.60625	-48.869	-51.4752
spk_ver/v10/v1049	SES172	-4.76131	-55.9363	-51.175
spk_ver/v10/v1050	SES120	0.973011	-52.4595	-53.4325
spk_ver/v10/v1051	SES172	-3.47594	-55.1713	-51.6954
spk_ver/v10/v1052	SES172	-3.60385	-56.7339	-53.13
spk_ver/v10/v1053	SES172	-5.62629	-58.6188	-52.9925
spk_ver/v10/v1054	SES172	-3.68954	-56.6434	-52.9539
spk_ver/v10/v1055	SES189	1.89175	-53.5657	-55.4574
spk_ver/v10/v1056	SES172	-4.86781	-57.1882	-52.3204
spk_ver/v10/v1057	SES172	-1.74481	-53.9403	-52.1955
spk_ver/v10/v1058	SES172	-3.04726	-55.6342	-52.5869
spk_ver/v10/v1059	SES172	-2.27256	-54.3755	-52.103
spk_ver/v10/v1060	SES029	0.437592	-51.3306	-51.7682
spk_ver/v10/v1061	SES175	-8.7869	-61.7021	-52.9152
spk_ver/v10/v1062	SES187	0.227306	-51.428	-51.6553
spk_ver/v10/v1063	SES019	2.73764	-51.2793	-54.0169
spk_ver/v10/v1064	SES175	-6.49033	-58.7829	-52.2926
spk_ver/v10/v1065	SES175	-7.02091	-59.1449	-52.124
spk_ver/v10/v1066	SES175	-7.6139	-61.6358	-54.0219
spk_ver/v10/v1067	SES175	-3.23572	-56.4844	-53.2487
spk_ver/v10/v1068	SES175	-4.45694	-57.0746	-52.6176
spk_ver/v10/v1069	SES016	2.28822	-49.6762	-51.9644
spk_ver/v10/v1070	SES175	-3.82204	-57.6116	-53.7895
spk_ver/v10/v1071	SES175	-2.81638	-53.59	-50.7736
spk_ver/v10/v1072	SES175	-6.39319	-59.0793	-52.6861
spk_ver/v10/v1073	SES029	-0.0192261	-52.122	-52.1028
spk_ver/v10/v1074	SES175	-4.56388	-57.297	-52.7331
spk_ver/v10/v1075	SES175	-1.84879	-52.9232	-51.0744
spk_ver/v10/v1076	SES175	-0.872444	-51.9151	-51.0427
spk_ver/v10/v1077	SES175	-5.5834	-57.0155	-51.4321
spk_ver/v10/v1078	SES127	0.939228	-50.1139	-51.0531
spk_ver/v10/v1079	SES175	-4.7528	-55.8678	-51.115
spk_ver/v10/v1080	SES175	-2.20786	-55.6681	-53.4602
spk_ver/v10/v1081	SES175	-5.81418	-58.3437	-52.5296
spk_ver/v10/v1082	SES175	-4.49354	-56.4373	-51.9438
spk_ver/v10/v1083	SES007	1.22791	-51.8572	-53.0851
spk_ver/v10/v1084	SES068	0.483906	-51.0362	-51.5201
spk_ver/v10/v1085	SES008	0.956249	-50.0354	-50.9916
spk_ver/v10/v1086	SES175	-1.36017	-52.6742	-51.3141
spk_ver/v10/v1087	SES175	-4.10067	-56.5837	-52.483
spk_ver/v10/v1088	SES008	1.46368	-50.5878	-52.0515
spk_ver/v10/v1089	SES177	-3.08927	-53.8882	-50.7989
spk_ver/v10/v1090	SES177	-4.21024	-56.1106	-51.9004
spk_ver/v10/v1091	SES177	-5.38851	-58.5319	-53.1434
spk_ver/v10/v1092	SES177	-1.54846	-53.9578	-52.4093
spk_ver/v10/v1093	SES177	-6.48932	-58.826	-52.3366
spk_ver/v10/v1094	SES002	1.64567	-49.9403	-51.586
spk_ver/v10/v1095	SES104	0.995502	-51.1097	-52.1052
spk_ver/v10/v1096	SES177	-0.981049	-53.5362	-52.5552
spk_ver/v10/v1097	SES177	-3.94264	-57.8549	-53.9123
spk_ver/v10/v1098	SES177	-2.85676	-54.5348	-51.6781
spk_ver/v10/v1099	SES177	-0.794235	-53.1758	-52.3816
spk_ver/v11/v1100	SES177	-4.74976	-57.6833	-52.9335
spk_ver/v11/v1101	SES085	-0.256149	-52.0227	-51.7665
spk_ver/v11/v1102	SES187	0.698395	-52.0276	-52.726
spk_ver/v11/v1103	SES177	-2.19571	-55.2598	-53.0641
spk_ver/v11/v1104	SES177	0.814899	-50.7096	-51.5245
spk_ver/v11/v1105	SES177	-0.792465	-52.2044	-51.4119
spk_ver/v11/v1106	SES177	-2.05139	-54.844	-52.7926
spk_ver/v11/v1107	SES177	-0.977901	-53.1859	-52.208
spk_ver/v11/v1108	SES177	-0.816357	-52.9654	-52.149
spk_ver/v11/v1109	SES125	1.75981	-49.7316	-51.4914
spk_ver/v11/v1110	SES177	-3.92859	-55.9361	-52.0076
spk_ver/v11/v1111	SES177	-2.17785	-53.9367	-51.7589
spk_ver/v11/v1112	SES177	-3.03856	-55.5989	-52.5603
spk_ver/v11/v1113	SES177	-6.5489	-57.9493	-51.4004
spk_ver/v11/v1114	SES177	-2.40081	-56.0745	-53.6737
spk_ver/v11/v1115	SES177	-2.70901	-56.7453	-54.0363
spk_ver/v11/v1116	SES085	0.699387	-50.4441	-51.1435
spk_ver/v11/v1117	SES147	0.626053	-52.439	-53.0651
spk_ver/v11/v1118	SES177	-0.719849	-53.8213	-53.1014
spk_ver/v11/v1119	SES177	-3.96518	-56.0151	-52.0499
spk_ver/v11/v1120	SES180	-6.59952	-59.3601	-52.7606
spk_ver/v11/v1121	SES189	0.793678	-53.4404	-54.234
spk_ver/v11/v1122	SES117	0.482185	-54.7664	-55.2486
spk_ver/v11/v1123	SES129	2.15734	-49.6255	-51.7828
spk_ver/v11/v1124	SES180	-2.46494	-55.1024	-52.6375
spk_ver/v11/v1125	SES180	-1.41359	-52.8231	-51.4095
spk_ver/v11/v1126	SES180	-1.52662	-53.4518	-51.9252
spk_ver/v11/v1127	SES180	-2.56892	-55.4502	-52.8813
spk_ver/v11/v1128	SES016	0.95612	-52.5646	-53.5208
spk_ver/v11/v1129	SES158	0.894768	-50.9884	-51.8832
spk_ver/v11/v1130	SES180	-2.86588	-55.4017	-52.5358
spk_ver/v11/v1131	SES180	-4.27868	-55.0328	-50.7541
spk_ver/v11/v1132	SES180	-2.46712	-56.6049	-54.1377
spk_ver/v11/v1133	SES180	-4.82721	-56.5294	-51.7022
spk_ver/v11/v1134	SES180	-2.73712	-56.5414	-53.8043
spk_ver/v11/v1135	SES180	-1.66189	-52.9099	-51.248
spk_ver/v11/v1136	SES180	-6.47573	-60.1449	-53.6691
spk_ver/v11/v1137	SES148	0.46759	-51.2545	-51.7221
spk_ver/v11/v1138	SES104	1.65335	-48.957	-50.6103
spk_ver/v11/v1139	SES180	-4.99512	-58.2168	-53.2217
spk_ver/v11/v1140	SES083	0.678749	-51.7618	-52.4405
spk_ver/v11/v1141	SES180	-5.45873	-58.1934	-52.7347
spk_ver/v11/v1142	SES180	-3.18155	-56.11	-52.9285
spk_ver/v11/v1143	SES180	-3.19775	-57.1015	-53.9038
spk_ver/v11/v1144	SES099	1.70833	-51.03	-52.7384
spk_ver/v11/v1145	SES180	-2.67433	-55.3832	-52.7089
spk_ver/v11/v1146	SES183	-3.29618	-56.1813	-52.8851
spk_ver/v11/v1147	SES183	-1.61982	-53.8292	-52.2093
spk_ver/v11/v1148	SES183	-4.03366	-58.3183	-54.2846
spk_ver/v11/v1149	SES183	-5.25094	-57.4234	-52.1725
spk_ver/v11/v1150	SES183	-3.97535	-56.863	-52.8877
spk_ver/v11/v1151	SES082	1.4451	-50.6525	-52.0976
spk_ver/v11/v1152	SES183	-3.54405	-57.8051	-54.2611
spk_ver/v11/v1153	SES183	-4.35055	-56.3208	-51.9703
spk_ver/v11/v1154	SES002	1.89141	-49.023	-50.9144
spk_ver/v11/v1155	SES183	-3.57088	-57.1308	-53.5599
spk_ver/v11/v1156	SES183	-4.7663	-58.6451	-53.8788
spk_ver/v11/v1157	SES183	-1.91698	-51.9019	-49.9849
spk_ver/v11/v1158	SES183	-1.27254	-53.3527	-52.0801
spk_ver/v11/v1159	SES183	-2.722	-55.7425	-53.0205
spk_ver/v11/v1160	SES183	-4.19667	-56.4283	-52.2317
spk_ver/v11/v1161	SES183	-3.93608	-58.3243	-54.3882
spk_ver/v11/v1162	SES105	1.30151	-51.4525	-52.754
spk_ver/v11/v1163	SES183	-4.95551	-57.1254	-52.1699
spk_ver/v11/v1164	SES259	2.00505	-49.8772	-51.8823
spk_ver/v11/v1165	SES183	-3.37317	-57.1798	-53.8066
spk_ver/v11/v1166	SES183	-4.66645	-56.6322	-51.9658
spk_ver/v11/v1167	SES183	-4.15071	-57.1555	-53.0048
spk_ver/v11/v1168	SES183	-3.35422	-55.1279	-51.7737
spk_ver/v11/v1169	SES183	-5.44696	-57.3882	-51.9413
spk_ver/v11/v1170	SES183	-6.48412	-57.8847	-51.4006
spk_ver/v11/v1171	SES183	-6.12121	-59.8772	-53.756
spk_ver/v11/v1172	SES187	-3.78649	-56.5219	-52.7354
spk_ver/v11/v1173	SES019	3.08684	-51.1559	-54.2428
spk_ver/v11/v1174	SES187	-4.968	-59.1748	-54.2068
spk_ver/v11/v1175	SES187	-2.18619	-56.1744	-53.9882
spk_ver/v11/v1176	SES083	0.453114	-50.4882	-50.9413
spk_ver/v11/v1177	SES187	-5.58041	-59.7703	-54.1899
spk_ver/v11/v1178	SES187	-4.65854	-56.8883	-52.2297
spk_ver/v11/v1179	SES187	-2.70887	-55.8525	-53.1436
spk_ver/v11/v1180	SES187	-0.948818	-54.1643	-53.2155
spk_ver/v11/v1181	SES187	-5.80175	-57.623	-51.8212
spk_ver/v11/v1182	SES187	-1.20069	-52.895	-51.6943
spk_ver/v11/v1183	SES187	-4.10328	-56.9021	-52.7988
spk_ver/v11/v1184	SES187	-0.124474	-52.762	-52.6376
spk_ver/v11/v1185	SES127	0.634708	-51.303	-51.9377
spk_ver/v11/v1186	SES187	-1.25634	-53.241	-51.9847
spk_ver/v11/v1187	SES187	-1.93015	-53.1091	-51.179
spk_ver/v11/v1188	SES187	-2.35771	-56.1419	-53.7842
spk_ver/v11/v1189	SES042	1.81821	-49.8672	-51.6854
spk_ver/v11/v1190	SES187	-1.26033	-53.2706	-52.0103
spk_ver/v11/v1191	SES187	-4.17243	-58.8412	-54.6688
spk_ver/v11/v1192	SES187	-3.70701	-56.6245	-52.9175
spk_ver/v11/v1193	SES183	0.679665	-52.5738	-53.2535
spk_ver/v11/v1194	SES187	-2.78867	-56.3274	-53.5387
spk_ver/v11/v1195	SES187	-5.17206	-58.0613	-52.8893
spk_ver/v11/v1196	SES146	1.44751	-52.5582	-54.0058
spk_ver/v11/v1197	SES189	-4.76775	-56.4772	-51.7095
spk_ver/v11/v1198	SES175	1.58603	-51.7523	-53.3383
spk_ver/v11/v1199	SES189	-3.25629	-57.4076	-54.1513
spk_ver/v12/v1200	SES189	-2.6342	-53.6169	-50.9827
spk_ver/v12/v1201	SES177	0.947865	-51.0058	-51.9536
spk_ver/v12/v1202	SES189	-1.63754	-55.233	-53.5955
spk_ver/v12/v1203	SES143	0.18528	-52.5279	-52.7132
spk_ver/v12/v1204	SES189	-2.70547	-55.1272	-52.4217
spk_ver/v12/v1205	SES189	-2.1471	-53.9181	-51.771
spk_ver/v12/v1206	SES189	-5.12809	-58.815	-53.6869
spk_ver/v12/v1207	SES189	-3.94815	-56.3196	-52.3714
spk_ver/v12/v1208	SES189	-3.99369	-54.6619	-50.6682
spk_ver/v12/v1209	SES189	-4.59954	-58.1135	-53.514
spk_ver/v12/v1210	SES189	-0.439064	-53.3937	-52.9547
spk_ver/v12/v1211	SES062	1.91226	-49.8195	-51.7317
spk_ver/v12/v1212	SES189	-3.13217	-54.605	-51.4728
spk_ver/v12/v1213	SES048	1.19575	-50.6509	-51.8466
spk_ver/v12/v1214	SES042	2.60653	-48.8603	-51.4668
spk_ver/v12/v1215	SES008	2.11415	-49.2164	-51.3306
spk_ver/v12/v1216	SES202	-5.10219	-55.5242	-50.422
spk_ver/v12/v1217	SES202	-4.30893	-57.9863	-53.6774
spk_ver/v12/v1218	SES085	1.24974	-49.3309	-50.5807
spk_ver/v12/v1219	SES202	-3.52154	-55.3706	-51.849
spk_ver/v12/v1220	SES202	-4.60643	-56.6892	-52.0828
spk_ver/v12/v1221	SES202	-2.25607	-56.1997	-53.9436
spk_ver/v12/v1222	SES202	-9.05497	-62.4277	-53.3728
spk_ver/v12/v1223	SES158	1.14024	-51.1186	-52.2588
spk_ver/v12/v1224	SES202	-3.05243	-56.8028	-53.7504
spk_ver/v12/v1225	SES202	-7.73269	-59.7072	-51.9745
spk_ver/v12/v1226	SES202	-6.11304	-58.6085	-52.4955
spk_ver/v12/v1227	SES202	-5.40878	-58.6027	-53.1939
spk_ver/v12/v1228	SES177	0.28252	-52.3997	-52.6822
spk_ver/v12/v1229	SES202	-5.53615	-58.1342	-52.5981
spk_ver/v12/v1230	SES202	-2.49628	-55.1031	-52.6068
spk_ver/v12/v1231	SES202	-6.71854	-60.6035	-53.8849
spk_ver/v12/v1232	SES202	-2.74516	-57.675	-54.9299
spk_ver/v12/v1233	SES206	1.45129	-49.5676	-51.0189
spk_ver/v12/v1234	SES202	-7.1772	-59.9036	-52.7264
spk_ver/v12/v1235	SES202	-4.70834	-56.5481	-51.8397
spk_ver/v12/v1236	SES125	1.93027	-50.5517	-52.482
spk_ver/v12/v1237	SES127	1.67324	-50.4444	-52.1176
spk_ver/v12/v1238	SES202	2.62557	-49.8295	-52.455
spk_ver/v12/v1239	SES167	1.11467	-50.6144	-51.7291
spk_ver/v12/v1240	SES206	-13.3411	-66.5458	-53.2048
spk_ver/v12/v1241	SES206	-12.867	-66.5705	-53.7035
spk_ver/v12/v1242	SES206	-0.736423	-52.5105	-51.774
spk_ver/v12/v1243	SES206	-2.93707	-55.5996	-52.6626
spk_ver/v12/v1244	SES259	1.73223	-50.6734	-52.4056
spk_ver/v12/v1245	SES206	-6.1049	-58.3205	-52.2156
spk_ver/v12/v1246	SES206	-7.47727	-59.3895	-51.9122
spk_ver/v12/v1247	SES206	-0.430843	-52.5438	-52.1129
spk_ver/v12/v1248	SES206	-15.8082	-69.8192	-54.011
spk_ver/v12/v1249	SES270	2.38181	-50.9528	-53.3346
spk_ver/v12/v1250	SES206	-11.5819	-64.5678	-52.9859
spk_ver/v12/v1251	SES206	-6.79242	-58.4483	-51.6558
spk_ver/v12/v1252	SES206	-6.97689	-59.7234	-52.7465
spk_ver/v12/v1253	SES206	-0.739788	-52.614	-51.8742
spk_ver/v12/v1254	SES206	-1.5354	-53.6836	-52.1482
spk_ver/v12/v1255	SES125	1.67946	-50.299	-51.9785
spk_ver/v12/v1256	SES206	-16.6352	-68.9512	-52.316
spk_ver/v12/v1257	SES206	-9.61348	-60.9825	-51.3691
spk_ver/v12/v1258	SES206	-1.85014	-54.3186	-52.4685
spk_ver/v12/v1259	SES206	-14.5075	-67.512	-53.0045
spk_ver/v12/v1260	SES206	-18.2448	-71.9321	-53.6872
spk_ver/v12/v1261	SES206	-11.8023	-63.9087	-52.1064
spk_ver/v12/v1262	SES206	-14.6059	-67.5273	-52.9213
spk_ver/v12/v1263	SES206	-8.86746	-60.8245	-51.957
spk_ver/v12/v1264	SES149	1.08596	-51.4588	-52.5447
spk_ver/v12/v1265	SES206	-1.21533	-55.3364	-54.1211
spk_ver/v12/v1266	SES206	-16.4859	-69.4703	-52.9844
spk_ver/v12/v1267	SES206	-1.00062	-56.0692	-55.0686
spk_ver/v12/v1268	SES206	-7.88872	-60.7308	-52.8421
spk_ver/v12/v1269	SES206	-15.9968	-71.2896	-55.2927
spk_ver/v12/v1270	SES206	-21.474	-76.5092	-55.0352
spk_ver/v12/v1271	SES226	-16.5051	-70.7457	-54.2407
spk_ver/v12/v1272	SES226	-0.803558	-51.8909	-51.0874
spk_ver/v12/v1273	SES226	-12.2621	-63.8425	-51.5803
spk_ver/v12/v1274	SES226	-10.6073	-63.5832	-52.976
spk_ver/v12/v1275	SES226	-0.359158	-52.8824	-52.5233
spk_ver/v12/v1276	SES226	-9.17305	-61.936	-52.7629
spk_ver/v12/v1277	SES226	-1.46903	-53.2625	-51.7935
spk_ver/v12/v1278	SES226	-0.106255	-52.7386	-52.6324
spk_ver/v12/v1279	SES226	-9.13602	-60.1927	-51.0567
spk_ver/v12/v1280	SES226	-3.07773	-54.7627	-51.685
spk_ver/v12/v1281	SES226	-1.30239	-54.7401	-53.4377
spk_ver/v12/v1282	SES226	-1.74598	-55.1065	-53.3605
spk_ver/v12/v1283	SES143	0.91637	-51.6199	-52.5362
spk_ver/v12/v1284	SES226	-6.26989	-57.7363	-51.4664
spk_ver/v12/v1285	SES226	-1.5162	-53.377	-51.8608
spk_ver/v12/v1286	SES226	-2.46358	-55.8772	-53.4136
spk_ver/v12/v1287	SES226	-4.50582	-57.0363	-52.5305
spk_ver/v12/v1288	SES226	-9.11592	-60.8381	-51.7222
spk_ver/v12/v1289	SES104	1.31595	-51.1954	-52.5113
spk_ver/v12/v1290	SES008	2.36804	-51.0562	-53.4243
spk_ver/v12/v1291	SES226	-1.27764	-53.1148	-51.8372
spk_ver/v12/v1292	SES259	-3.46647	-56.611	-53.1445
spk_ver/v12/v1293	SES062	1.00868	-50.8044	-51.8131
spk_ver/v12/v1294	SES099	1.6984	-51.8926	-53.591
spk_ver/v12/v1295	SES158	0.188923	-52.5997	-52.7886
spk_ver/v12/v1296	SES259	-8.66227	-59.9631	-51.3009
spk_ver/v12/v1297	SES259	-3.26615	-56.0322	-52.7661
spk_ver/v12/v1298	SES259	-2.5694	-54.2806	-51.7112
spk_ver/v12/v1299	SES259	-8.49291	-61.0236	-52.5307
spk_ver/v13/v1300	SES120	1.12551	-52.0938	-53.2193
spk_ver/v13/v1301	SES259	-11.5458	-64.0918	-52.5459
spk_ver/v13/v1302	SES259	-11.0228	-63.9283	-52.9055
spk_ver/v13/v1303	SES129	1.1652	-51.3858	-52.551
spk_ver/v13/v1304	SES259	-7.52244	-61.4007	-53.8782
spk_ver/v13/v1305	SES259	-5.83611	-60.1647	-54.3286
spk_ver/v13/v1306	SES106	1.1646	-51.4715	-52.6361
spk_ver/v13/v1307	SES259	-5.06354	-59.3289	-54.2654
spk_ver/v13/v1308	SES259	-1.64905	-53.9349	-52.2858
spk_ver/v13/v1309	SES259	-10.3011	-62.1695	-51.8683
spk_ver/v13/v1310	SES259	-7.96785	-59.5504	-51.5825
spk_ver/v13/v1311	SES259	-8.85205	-60.6969	-51.8449
spk_ver/v13/v1312	SES259	-2.48685	-53.3926	-50.9058
spk_ver/v13/v1313	SES144	0.47805	-51.711	-52.189
spk_ver/v13/v1314	SES259	-9.62127	-62.805	-53.1838
spk_ver/v13/v1315	SES162	1.69844	-50.6265	-52.325
spk_ver/v13/v1316	SES206	1.13618	-50.0767	-51.2129
spk_ver/v13/v1317	SES175	1.25169	-52.3657	-53.6174
spk_ver/v13/v1318	SES259	-11.195	-64.7036	-53.5086
spk_ver/v13/v1319	SES259	-12.5619	-65.8607	-53.2987
spk_ver/v13/v1320	SES270	0.0231133	-52.3918	-52.4149
spk_ver/v13/v1321	SES101	-0.112457	-51.8403	-51.7278
spk_ver/v13/v1322	SES177	0.987446	-50.613	-51.6004
spk_ver/v13/v1323	SES127	1.22874	-49.6342	-50.8629
spk_ver/v13/v1324	SES270	-12.7657	-65.6826	-52.9169
spk_ver/v13/v1325	SES062	0.948402	-50.6834	-51.6318
spk_ver/v13/v1326	SES270	0.0821915	-52.6505	-52.7327
spk_ver/v13/v1327	SES120	-0.0626526	-53.5897	-53.527
spk_ver/v13/v1328	SES270	-3.71886	-57.7442	-54.0254
spk_ver/v13/v1329	SES270	-7.5903	-58.5208	-50.9305
spk_ver/v13/v1330	SES270	-0.0195427	-53.4846	-53.4651
spk_ver/v13/v1331	SES270	-8.9674	-59.8697	-50.9023
spk_ver/v13/v1332	SES270	-0.762264	-52.0323	-51.27
spk_ver/v13/v1333	SES270	-0.425213	-54.5176	-54.0923
spk_ver/v13/v1334	SES270	-2.59882	-54.6091	-52.0103
spk_ver/v13/v1335	SES270	0.637444	-51.4444	-52.0818
spk_ver/v13/v1336	SES270	-0.990368	-52.981	-51.9906
spk_ver/v13/v1337	SES016	1.51668	-50.7071	-52.2237
spk_ver/v13/v1338	SES270	-7.10019	-58.8808	-51.7807
spk_ver/v13/v1339	SES002	0.865578	-50.3305	-51.1961
spk_ver/v13/v1340	SES105	1.51085	-52.4	-53.9108
spk_ver/v13/v1341	SES275	-2.52241	-56.9564	-54.434
spk_ver/v13/v1342	SES187	1.17212	-52.4027	-53.5748
spk_ver/v13/v1343	SES275	-3.78367	-56.6268	-52.8431
spk_ver/v13/v1344	SES275	-4.03184	-57.7589	-53.727
spk_ver/v13/v1345	SES275	-2.37019	-54.7988	-52.4286
spk_ver/v13/v1346	SES275	-5.51558	-58.0689	-52.5533
spk_ver/v13/v1347	SES275	-5.13631	-59.0958	-53.9595
spk_ver/v13/v1348	SES180	0.0063591	-52.5917	-52.598
spk_ver/v13/v1349	SES275	-5.03596	-60.303	-55.2671
spk_ver/v13/v1350	SES275	-1.12541	-52.3355	-51.2101
spk_ver/v13/v1351	SES275	-5.21442	-62.0817	-56.8673
spk_ver/v13/v1352	SES275	-1.77253	-54.4746	-52.7021
spk_ver/v13/v1353	SES275	-3.11154	-57.8011	-54.6896
spk_ver/v13/v1354	SES189	1.62388	-53.2621	-54.886
spk_ver/v13/v1355	SES068	0.243992	-50.8662	-51.1102
spk_ver/v13/v1356	SES275	-3.82886	-58.0145	-54.1857
spk_ver/v13/v1357	SES048	0.338875	-51.6149	-51.9538
spk_ver/v13/v1358	SES226	2.37434	-48.8603	-51.2346
spk_ver/v13/v1359	SES016	0.560307	-51.2218	-51.7821
spk_ver/v13/v1360	SES275	-2.93095	-56.544	-53.6131
spk_ver/v13/v1361	SES068	0.8699	-50.2534	-51.1233
spk_ver/v13/v1362	SES275	-4.13186	-56.3624	-52.2305
spk_ver/v13/v1363	SES275	-3.35458	-56.4378	-53.0832
spk_ver/v13/v1364	SES275	-4.75429	-59.8457	-55.0914
spk_ver/v13/v1365	SES275	-2.78233	-54.7095	-51.9272
spk_ver/v13/v1366	SES187	0.632996	-51.2263	-51.8593
spk_ver/v13/v1367	SES275	-5.26284	-58.9064	-53.6436
spk_ver/v13/v1368	SES125	1.36015	-50.4955	-51.8557
spk_ver/v13/v1369	SES275	-2.30513	-56.2469	-53.9418
spk_ver/v13/v1370	SES292	-3.78251	-55.7498	-51.9673
spk_ver/v13/v1371	SES292	-3.4047	-55.3378	-51.9331
spk_ver/v13/v1372	SES292	-3.03523	-56.9147	-53.8794
spk_ver/v13/v1373	SES292	-2.66229	-54.9076	-52.2453
spk_ver/v13/v1374	SES101	1.1087	-51.7196	-52.8283
spk_ver/v13/v1375	SES292	-3.61808	-56.8526	-53.2345
spk_ver/v13/v1376	SES292	-2.39183	-54.3589	-51.967
spk_ver/v13/v1377	SES292	-5.41391	-59.3547	-53.9408
spk_ver/v13/v1378	SES292	-0.990791	-53.1167	-52.1259
spk_ver/v13/v1379	SES292	-2.13015	-54.8203	-52.6901
spk_ver/v13/v1380	SES292	-2.82001	-55.4928	-52.6728
spk_ver/v13/v1381	SES292	-3.08947	-53.5906	-50.5011
spk_ver/v13/v1382	SES292	-3.33161	-57.8003	-54.4686
spk_ver/v13/v1383	SES292	-1.90792	-54.6167	-52.7087
spk_ver/v13/v1384	SES292	-2.49915	-54.8226	-52.3234
spk_ver/v13/v1385	SES292	-2.45917	-55.1494	-52.6903
spk_ver/v13/v1386	SES292	-3.00793	-56.4069	-53.399
spk_ver/v13/v1387	SES158	1.94062	-52.243	-54.1836
spk_ver/v13/v1388	SES292	-0.607224	-51.7319	-51.1247
spk_ver/v13/v1389	SES292	-1.37189	-51.7569	-50.3851
spk_ver/v13/v1390	SES292	-4.05168	-55.4713	-51.4197
spk_ver/v13/v1391	SES292	-2.15619	-54.4266	-52.2705
spk_ver/v13/v1392	SES292	-3.50417	-57.7927	-54.2885
spk_ver/v13/v1393	SES292	-3.00353	-54.9167	-51.9132
spk_ver/v13/v1394	SES292	-3.97144	-56.812	-52.8406
spk_ver/v13/v1395	SES292	-4.55733	-56.2754	-51.718
spk_ver/v13/v1396	SES117	0.959698	-52.6744	-53.6341
spk_ver/v13/v1397	SES292	-3.13427	-54.7995	-51.6652
spk_ver/v13/v1398	SES292	-3.90165	-57.8327	-53.931
spk_ver/v13/v1399	SES292	-1.08023	-53.4012	-52.321
