BLOCK00/SES002/SA002S12	SES002	1.27388	-40.9693	-42.2432
BLOCK00/SES002/SA002S13	SES002	1.89666	-40.3573	-42.254
BLOCK00/SES002/SA002S23	SES002	1.24084	-40.5691	-41.81
BLOCK00/SES002/SA002S26	SES002	2.08993	-40.286	-42.3759
BLOCK00/SES002/SA002S28	SES002	1.11066	-40.9313	-42.042
BLOCK00/SES007/SA007S14	SES007	1.2689	-39.9557	-41.2246
BLOCK00/SES007/SA007S15	SES007	0.568027	-41.5357	-42.1037
BLOCK00/SES007/SA007S24	SES007	0.696526	-41.1729	-41.8694
BLOCK00/SES007/SA007S27	SES007	0.525959	-41.9977	-42.5236
BLOCK00/SES007/SA007S29	SES007	0.36557	-40.8485	-41.2141
BLOCK00/SES008/SA008S11	SES008	1.20762	-41.1058	-42.3134
BLOCK00/SES008/SA008S12	SES008	0.367405	-41.9126	-42.28
BLOCK00/SES008/SA008S19	SES008	1.49192	-40.4354	-41.9273
BLOCK00/SES008/SA008S22	SES008	1.28209	-41.1766	-42.4587
BLOCK00/SES008/SA008S29	SES008	1.47573	-40.6186	-42.0943
BLOCK01/SES014/SA014S10	SES014	2.36497	-40.2838	-42.6487
BLOCK01/SES014/SA014S12	SES014	2.92448	-38.4294	-41.3539
BLOCK01/SES014/SA014S24	SES014	1.68724	-40.3191	-42.0064
BLOCK01/SES014/SA014S26	SES014	2.4202	-38.291	-40.7112
BLOCK01/SES014/SA014S28	SES014	2.91724	-38.4188	-41.336
BLOCK01/SES016/SA016S12	SES016	1.66308	-42.0283	-43.6914
BLOCK01/SES016/SA016S13	SES016	1.46161	-40.9879	-42.4495
BLOCK01/SES016/SA016S22	SES016	0.776035	-41.7971	-42.5731
BLOCK01/SES016/SA016S25	SES016	1.72335	-39.1711	-40.8945
BLOCK01/SES016/SA016S27	SES016	1.82663	-39.7531	-41.5798
BLOCK01/SES019/SA019S13	SES019	2.79872	-41.069	-43.8677
BLOCK01/SES019/SA019S14	SES019	1.8124	-41.2603	-43.0727
BLOCK01/SES019/SA019S22	SES019	2.58706	-40.7263	-43.3134
BLOCK01/SES019/SA019S25	SES019	2.65673	-40.9496	-43.6063
BLOCK01/SES019/SA019S29	SES019	3.28534	-40.8743	-44.1597
BLOCK02/SES029/SA029S11	SES029	1.57928	-40.4706	-42.0499
BLOCK02/SES029/SA029S12	SES029	1.01915	-40.7577	-41.7768
BLOCK02/SES029/SA029S20	SES029	0.672813	-42.13	-42.8028
BLOCK02/SES029/SA029S25	SES029	0.758999	-40.804	-41.563
BLOCK02/SES029/SA029S28	SES029	0.515701	-41.5202	-42.0359
BLOCK04/SES042/SA042S12	SES042	2.25721	-39.609	-41.8662
BLOCK04/SES042/SA042S15	SES042	2.62513	-39.8812	-42.5063
BLOCK04/SES042/SA042S22	SES042	3.39886	-38.4792	-41.8781
BLOCK04/SES042/SA042S25	SES042	2.03597	-41.2573	-43.2933
BLOCK04/SES042/SA042S27	SES042	2.23897	-39.6713	-41.9103
BLOCK04/SES048/SA048S11	SES048	1.36695	-40.748	-42.115
BLOCK04/SES048/SA048S12	SES048	0.597763	-41.4345	-42.0322
BLOCK04/SES048/SA048S20	SES048	0.906284	-40.9084	-41.8146
BLOCK04/SES048/SA048S23	SES048	1.72427	-41.1114	-42.8356
BLOCK04/SES048/SA048S27	SES048	0.804214	-40.5964	-41.4006
BLOCK06/SES060/SA060S11	SES060	1.25315	-40.8582	-42.1114
BLOCK06/SES060/SA060S12	SES060	-0.67844	-42.5865	-41.9081
BLOCK06/SES060/SA060S22	SES060	-0.144917	-42.8302	-42.6853
BLOCK06/SES060/SA060S24	SES060	0.955578	-40.8243	-41.7798
BLOCK06/SES060/SA060S28	SES060	1.19319	-39.4403	-40.6335
BLOCK06/SES062/SA062S10	SES062	0.814613	-40.7575	-41.5721
BLOCK06/SES062/SA062S11	SES062	0.961826	-40.9224	-41.8842
BLOCK06/SES062/SA062S21	SES062	1.87552	-38.5178	-40.3934
BLOCK06/SES062/SA062S26	SES062	0.650692	-40.0924	-40.7431
BLOCK06/SES062/SA062S29	SES062	1.31649	-39.6762	-40.9927
BLOCK06/SES068/SA068S14	SES068	0.432899	-41.4414	-41.8743
BLOCK06/SES068/SA068S15	SES068	0.7995	-40.506	-41.3055
BLOCK06/SES068/SA068S23	SES068	0.608448	-41.5821	-42.1905
BLOCK06/SES068/SA068S27	SES068	1.62392	-39.9177	-41.5416
BLOCK06/SES068/SA068S29	SES068	0.821316	-40.6287	-41.45
BLOCK08/SES082/SA082S12	SES082	0.904797	-42.3478	-43.2526
BLOCK08/SES082/SA082S14	SES082	0.506413	-42.4443	-42.9507
BLOCK08/SES082/SA082S21	SES082	0.87323	-41.7846	-42.6578
BLOCK08/SES082/SA082S24	SES082	0.699238	-41.9864	-42.6856
BLOCK08/SES082/SA082S28	SES082	0.360882	-42.3091	-42.67
BLOCK08/SES083/SA083S14	SES083	-0.169312	-41.8197	-41.6504
BLOCK08/SES083/SA083S15	SES083	0.198162	-41.31	-41.5082
BLOCK08/SES083/SA083S24	SES083	0.134026	-41.697	-41.831
BLOCK08/SES083/SA083S26	SES083	0.664257	-41.0989	-41.7631
BLOCK08/SES083/SA083S29	SES083	-0.164833	-41.5086	-41.3438
BLOCK08/SES085/SA085S10	SES085	0.549923	-41.25	-41.7999
BLOCK08/SES085/SA085S13	SES085	0.88475	-41.3131	-42.1979
BLOCK08/SES085/SA085S22	SES085	-1.08532	-42.9852	-41.8999
BLOCK08/SES085/SA085S26	SES085	-0.409229	-42.2464	-41.8372
BLOCK08/SES085/SA085S28	SES085	1.06351	-40.7496	-41.8132
BLOCK08/SES087/SA087S15	SES087	1.4793	-41.2836	-42.763
BLOCK08/SES087/SA087S16	SES087	1.82922	-40.7939	-42.6231
BLOCK08/SES087/SA087S24	SES087	1.66231	-41.0035	-42.6658
BLOCK08/SES087/SA087S26	SES087	1.74676	-39.6428	-41.3895
BLOCK08/SES087/SA087S29	SES087	1.7156	-40.7631	-42.4787
BLOCK09/SES099/SA099S15	SES099	1.26413	-41.4139	-42.678
BLOCK09/SES099/SA099S16	SES099	1.41585	-41.0407	-42.4566
BLOCK09/SES099/SA099S24	SES099	1.3838	-40.5563	-41.9402
BLOCK09/SES099/SA099S26	SES099	1.44986	-40.6725	-42.1223
BLOCK09/SES099/SA099S29	SES099	1.39614	-40.7311	-42.1272
BLOCK10/SES101/SA101S11	SES101	0.68129	-40.9567	-41.638
BLOCK10/SES101/SA101S13	SES101	1.15845	-40.474	-41.6324
BLOCK10/SES101/SA101S22	SES101	1.18702	-41.4353	-42.6223
BLOCK10/SES101/SA101S24	SES101	1.73518	-40.7269	-42.4621
BLOCK10/SES101/SA101S28	SES101	0.0821228	-42.1924	-42.2745
BLOCK10/SES104/SA104S11	SES104	1.29218	-40.1596	-41.4518
BLOCK10/SES104/SA104S12	SES104	1.61646	-40.0206	-41.6371
BLOCK10/SES104/SA104S21	SES104	1.1847	-40.9073	-42.092
BLOCK10/SES104/SA104S24	SES104	0.875408	-41.6758	-42.5512
BLOCK10/SES104/SA104S28	SES104	1.33186	-41.0669	-42.3987
BLOCK10/SES105/SA105S12	SES105	0.757751	-42.1445	-42.9022
BLOCK10/SES105/SA105S13	SES105	1.17519	-41.7053	-42.8805
BLOCK10/SES105/SA105S22	SES105	0.232109	-42.9928	-43.2249
BLOCK10/SES105/SA105S26	SES105	1.5551	-41.5791	-43.1342
BLOCK10/SES105/SA105S29	SES105	0.956093	-41.4597	-42.4158
BLOCK10/SES106/SA106S09	SES106	1.13255	-42.5846	-43.7172
BLOCK10/SES106/SA106S11	SES106	1.73379	-40.2896	-42.0234
BLOCK10/SES106/SA106S22	SES106	2.61518	-40.8584	-43.4735
BLOCK10/SES106/SA106S27	SES106	1.24552	-41.2674	-42.5129
BLOCK10/SES106/SA106S29	SES106	0.860664	-41.2802	-42.1409
BLOCK11/SES117/SA117S12	SES117	0.751217	-41.0805	-41.8317
BLOCK11/SES117/SA117S13	SES117	0.529873	-41.2647	-41.7946
BLOCK11/SES117/SA117S23	SES117	1.71712	-41.9027	-43.6198
BLOCK11/SES117/SA117S25	SES117	0.881744	-42.1018	-42.9836
BLOCK11/SES117/SA117S28	SES117	1.16267	-41.936	-43.0987
BLOCK12/SES120/SA120S08	SES120	1.12292	-42.642	-43.7649
BLOCK12/SES120/SA120S11	SES120	0.8409	-43.7653	-44.6062
BLOCK12/SES120/SA120S22	SES120	0.385387	-41.9313	-42.3167
BLOCK12/SES120/SA120S24	SES120	0.651569	-42.2207	-42.8723
BLOCK12/SES120/SA120S28	SES120	0.44067	-43.4281	-43.8688
BLOCK12/SES125/SA125S13	SES125	1.83265	-40.2	-42.0326
BLOCK12/SES125/SA125S14	SES125	1.44917	-40.7929	-42.242
BLOCK12/SES125/SA125S25	SES125	2.28438	-40.0523	-42.3367
BLOCK12/SES125/SA125S27	SES125	1.87444	-39.6146	-41.489
BLOCK12/SES125/SA125S29	SES125	1.5856	-40.2855	-41.8711
BLOCK12/SES127/SA127S11	SES127	0.457642	-41.9179	-42.3755
BLOCK12/SES127/SA127S12	SES127	-0.384426	-41.8215	-41.4371
BLOCK12/SES127/SA127S23	SES127	0.391975	-41.6882	-42.0802
BLOCK12/SES127/SA127S25	SES127	-0.410503	-42.1734	-41.7629
BLOCK12/SES127/SA127S27	SES127	0.948162	-40.653	-41.6012
BLOCK12/SES129/SA129S11	SES129	1.37428	-40.091	-41.4653
BLOCK12/SES129/SA129S12	SES129	1.35316	-40.0433	-41.3965
BLOCK12/SES129/SA129S22	SES129	1.21758	-40.5005	-41.7181
BLOCK12/SES129/SA129S27	SES129	1.70209	-39.9044	-41.6065
BLOCK12/SES129/SA129S29	SES129	1.62758	-40.0257	-41.6532
BLOCK14/SES142/SA142S11	SES142	1.46365	-41.0389	-42.5026
BLOCK14/SES142/SA142S12	SES142	0.928856	-41.7901	-42.719
BLOCK14/SES142/SA142S24	SES142	1.64249	-40.9097	-42.5522
BLOCK14/SES142/SA142S27	SES142	1.78234	-40.5823	-42.3646
BLOCK14/SES142/SA142S29	SES142	1.70391	-40.134	-41.8379
BLOCK14/SES143/SA143S12	SES143	1.08939	-41.4932	-42.5826
BLOCK14/SES143/SA143S13	SES143	0.902695	-41.6123	-42.515
BLOCK14/SES143/SA143S23	SES143	1.03836	-41.772	-42.8103
BLOCK14/SES143/SA143S25	SES143	0.661484	-41.811	-42.4725
BLOCK14/SES143/SA143S28	SES143	1.01177	-40.9289	-41.9406
BLOCK14/SES144/SA144S09	SES144	0.855919	-41.1906	-42.0465
BLOCK14/SES144/SA144S11	SES144	0.978752	-42.2158	-43.1945
BLOCK14/SES144/SA144S21	SES144	0.256439	-42.1092	-42.3656
BLOCK14/SES144/SA144S25	SES144	0.560974	-42.0837	-42.6447
BLOCK14/SES144/SA144S29	SES144	0.174019	-42.0311	-42.2051
BLOCK14/SES146/SA146S14	SES146	0.668278	-42.2646	-42.9328
BLOCK14/SES146/SA146S15	SES146	0.174213	-42.184	-42.3582
BLOCK14/SES146/SA146S24	SES146	0.588329	-42.0405	-42.6288
BLOCK14/SES146/SA146S26	SES146	1.1928	-41.914	-43.1068
BLOCK14/SES146/SA146S29	SES146	0.539902	-42.804	-43.3439
BLOCK14/SES147/SA147S11	SES147	1.78786	-41.4406	-43.2285
BLOCK14/SES147/SA147S13	SES147	2.09629	-40.5121	-42.6083
BLOCK14/SES147/SA147S23	SES147	1.59937	-41.7877	-43.387
BLOCK14/SES147/SA147S26	SES147	1.52269	-41.5034	-43.0261
BLOCK14/SES147/SA147S28	SES147	2.53875	-40.6082	-43.147
BLOCK14/SES148/SA148S10	SES148	1.23216	-40.8	-42.0322
BLOCK14/SES148/SA148S12	SES148	0.889244	-41.8238	-42.713
BLOCK14/SES148/SA148S22	SES148	1.12099	-40.3444	-41.4654
BLOCK14/SES148/SA148S26	SES148	0.892281	-40.9771	-41.8694
BLOCK14/SES148/SA148S29	SES148	0.488964	-41.9901	-42.479
BLOCK14/SES149/SA149S13	SES149	0.032856	-42.0772	-42.1101
BLOCK14/SES149/SA149S14	SES149	0.279888	-41.3357	-41.6156
BLOCK14/SES149/SA149S24	SES149	1.12403	-41.1323	-42.2563
BLOCK14/SES149/SA149S26	SES149	1.62654	-40.65	-42.2766
BLOCK14/SES149/SA149S28	SES149	2.29186	-39.7005	-41.9924
BLOCK15/SES158/SA158S13	SES158	0.965702	-41.8776	-42.8433
BLOCK15/SES158/SA158S14	SES158	2.12982	-41.4587	-43.5885
BLOCK15/SES158/SA158S23	SES158	1.00016	-41.496	-42.4961
BLOCK15/SES158/SA158S26	SES158	1.5237	-41.2253	-42.749
BLOCK15/SES158/SA158S28	SES158	1.14943	-41.6772	-42.8266
BLOCK16/SES162/SA162S10	SES162	0.719971	-42.4894	-43.2094
BLOCK16/SES162/SA162S11	SES162	0.81744	-41.4032	-42.2206
BLOCK16/SES162/SA162S21	SES162	1.62073	-40.9504	-42.5711
BLOCK16/SES162/SA162S24	SES162	1.27375	-41.2939	-42.5677
BLOCK16/SES162/SA162S27	SES162	1.277	-41.757	-43.034
BLOCK16/SES167/SA167S14	SES167	1.08658	-40.1666	-41.2532
BLOCK16/SES167/SA167S15	SES167	1.43182	-40.6805	-42.1124
BLOCK16/SES167/SA167S21	SES167	1.63659	-39.7234	-41.36
BLOCK16/SES167/SA167S25	SES167	1.61271	-40.6099	-42.2226
BLOCK16/SES167/SA167S29	SES167	2.19212	-39.3132	-41.5053
BLOCK17/SES172/SA172S12	SES172	1.29663	-41.2998	-42.5964
BLOCK17/SES172/SA172S13	SES172	1.55887	-41.0761	-42.635
BLOCK17/SES172/SA172S23	SES172	1.12575	-39.8529	-40.9786
BLOCK17/SES172/SA172S27	SES172	0.987175	-41.1354	-42.1226
BLOCK17/SES172/SA172S29	SES172	1.34243	-40.9313	-42.2737
BLOCK17/SES175/SA175S11	SES175	1.36948	-40.8308	-42.2003
BLOCK17/SES175/SA175S13	SES175	0.946007	-40.9912	-41.9372
BLOCK17/SES175/SA175S23	SES175	1.32063	-41.2896	-42.6102
BLOCK17/SES175/SA175S25	SES175	0.500729	-42.9835	-43.4842
BLOCK17/SES175/SA175S28	SES175	1.41469	-40.7162	-42.1309
BLOCK17/SES177/SA177S15	SES177	-0.103497	-41.9685	-41.865
BLOCK17/SES177/SA177S17	SES177	0.141823	-41.6923	-41.8342
BLOCK17/SES177/SA177S23	SES177	-0.0758095	-42.1059	-42.03
BLOCK17/SES177/SA177S26	SES177	0.379753	-40.183	-40.5627
BLOCK17/SES177/SA177S28	SES177	0.608902	-40.5562	-41.1651
BLOCK18/SES180/SA180S13	SES180	0.392059	-41.6471	-42.0392
BLOCK18/SES180/SA180S15	SES180	0.629498	-41.7355	-42.365
BLOCK18/SES180/SA180S24	SES180	0.829014	-40.232	-41.061
BLOCK18/SES180/SA180S26	SES180	0.90789	-40.8821	-41.79
BLOCK18/SES180/SA180S29	SES180	0.815762	-41.5442	-42.3599
BLOCK18/SES183/SA183S13	SES183	0.929276	-41.8508	-42.7801
BLOCK18/SES183/SA183S14	SES183	0.579414	-42.2126	-42.792
BLOCK18/SES183/SA183S24	SES183	1.27179	-41.8245	-43.0963
BLOCK18/SES183/SA183S27	SES183	1.16771	-41.7382	-42.9059
BLOCK18/SES183/SA183S29	SES183	1.1376	-40.9898	-42.1274
BLOCK18/SES187/SA187S13	SES187	0.743378	-42.069	-42.8124
BLOCK18/SES187/SA187S14	SES187	0.535294	-42.3193	-42.8546
BLOCK18/SES187/SA187S24	SES187	1.48121	-41.3086	-42.7898
BLOCK18/SES187/SA187S27	SES187	1.42907	-40.8104	-42.2395
BLOCK18/SES187/SA187S29	SES187	0.960178	-42.0785	-43.0386
BLOCK18/SES189/SA189S10	SES189	1.82736	-42.8068	-44.6341
BLOCK18/SES189/SA189S13	SES189	1.97694	-43.2344	-45.2114
BLOCK18/SES189/SA189S24	SES189	1.91356	-42.3824	-44.2959
BLOCK18/SES189/SA189S26	SES189	1.51205	-42.0667	-43.5788
BLOCK18/SES189/SA189S29	SES189	2.13082	-42.131	-44.2618
BLOCK20/SES202/SA202S12	SES202	0.868038	-42.4829	-43.3509
BLOCK20/SES202/SA202S14	SES202	2.22013	-40.6112	-42.8313
BLOCK20/SES202/SA202S24	SES202	1.77596	-41.2431	-43.0191
BLOCK20/SES202/SA202S27	SES202	1.4922	-40.3084	-41.8006
BLOCK20/SES202/SA202S29	SES202	1.62144	-40.3285	-41.9499
BLOCK20/SES206/SA206S15	SES206	0.11161	-41.2467	-41.3584
BLOCK20/SES206/SA206S17	SES206	1.94546	-39.6874	-41.6328
BLOCK20/SES206/SA206S24	SES206	1.75767	-39.8214	-41.5791
BLOCK20/SES206/SA206S27	SES206	1.77331	-40.7668	-42.5401
BLOCK20/SES206/SA206S29	SES206	1.60235	-39.6425	-41.2449
BLOCK22/SES226/SA226S12	SES226	1.26568	-41.5435	-42.8092
BLOCK22/SES226/SA226S13	SES226	-0.315643	-42.8245	-42.5089
BLOCK22/SES226/SA226S20	SES226	1.2439	-41.6573	-42.9013
BLOCK22/SES226/SA226S23	SES226	1.47943	-40.965	-42.4445
BLOCK22/SES226/SA226S28	SES226	1.88496	-40.6045	-42.4894
BLOCK25/SES259/SA259S13	SES259	3.10416	-39.1061	-42.2103
BLOCK25/SES259/SA259S14	SES259	1.53352	-40.4958	-42.0293
BLOCK25/SES259/SA259S22	SES259	1.38666	-40.5269	-41.9136
BLOCK25/SES259/SA259S24	SES259	1.76679	-39.9242	-41.691
BLOCK25/SES259/SA259S28	SES259	1.62515	-39.887	-41.5121
BLOCK27/SES270/SA270S14	SES270	1.92401	-41.728	-43.652
BLOCK27/SES270/SA270S16	SES270	0.924889	-41.579	-42.5038
BLOCK27/SES270/SA270S22	SES270	2.35962	-40.5821	-42.9417
BLOCK27/SES270/SA270S26	SES270	1.25517	-42.2026	-43.4578
BLOCK27/SES270/SA270S28	SES270	1.17368	-41.0468	-42.2205
BLOCK27/SES275/SA275S17	SES275	1.38453	-41.6151	-42.9997
BLOCK27/SES275/SA275S18	SES275	0.274399	-41.8572	-42.1316
BLOCK27/SES275/SA275S24	SES275	0.498566	-43.0628	-43.5613
BLOCK27/SES275/SA275S26	SES275	1.00936	-41.1553	-42.1646
BLOCK27/SES275/SA275S28	SES275	0.254238	-41.707	-41.9612
BLOCK29/SES292/SA292S10	SES292	0.378407	-41.8271	-42.2055
BLOCK29/SES292/SA292S12	SES292	0.300747	-42.6539	-42.9546
BLOCK29/SES292/SA292S22	SES292	1.09389	-40.9861	-42.08
BLOCK29/SES292/SA292S24	SES292	0.418449	-41.3612	-41.7797
BLOCK29/SES292/SA292S27	SES292	0.217834	-41.1631	-41.3809
BLOCK00/SES001/SA001S14	SES062	-1.94735	-44.5429	-42.5955
BLOCK00/SES001/SA001S14	SES082	-1.97506	-44.5706	-42.5955
BLOCK00/SES001/SA001S14	SES106	-2.48804	-45.0836	-42.5955
BLOCK00/SES001/SA001S14	SES206	-2.80819	-45.4037	-42.5955
BLOCK00/SES001/SA001S15	SES062	-1.64014	-43.4174	-41.7772
BLOCK00/SES001/SA001S15	SES104	-4.18348	-45.9607	-41.7772
BLOCK00/SES001/SA001S15	SES106	-2.4683	-44.2455	-41.7772
BLOCK00/SES001/SA001S15	SES206	-3.53593	-45.3132	-41.7772
BLOCK00/SES001/SA001S24	SES062	-2.92897	-45.9379	-43.0089
BLOCK00/SES001/SA001S24	SES082	-2.20797	-45.2169	-43.0089
BLOCK00/SES001/SA001S24	SES087	-2.84462	-45.8536	-43.0089
BLOCK00/SES001/SA001S24	SES206	-1.92266	-44.9316	-43.0089
BLOCK00/SES001/SA001S27	SES062	-1.75989	-43.2559	-41.496
BLOCK00/SES001/SA001S27	SES082	-1.98822	-43.4842	-41.496
BLOCK00/SES001/SA001S27	SES087	-2.03672	-43.5327	-41.496
BLOCK00/SES001/SA001S27	SES206	-3.38547	-44.8815	-41.496
BLOCK00/SES001/SA001S29	SES062	-2.81956	-45.3816	-42.5621
BLOCK00/SES001/SA001S29	SES082	-1.83722	-44.3993	-42.5621
BLOCK00/SES001/SA001S29	SES158	-1.54835	-44.1104	-42.5621
BLOCK00/SES001/SA001S29	SES206	-4.57267	-47.1347	-42.5621
BLOCK00/SES003/SA003S11	SES002	-1.52517	-44.305	-42.7798
BLOCK00/SES003/SA003S11	SES019	-1.44919	-44.229	-42.7798
BLOCK00/SES003/SA003S11	SES082	-0.329639	-43.1094	-42.7798
BLOCK00/SES003/SA003S11	SES125	-1.05935	-43.8391	-42.7798
BLOCK00/SES003/SA003S15	SES016	-2.611	-44.8821	-42.2711
BLOCK00/SES003/SA003S15	SES019	-1.64116	-43.9123	-42.2711
BLOCK00/SES003/SA003S15	SES062	-1.98304	-44.2542	-42.2711
BLOCK00/SES003/SA003S15	SES206	-1.36364	-43.6348	-42.2711
BLOCK00/SES003/SA003S22	SES002	-3.08564	-45.1469	-42.0613
BLOCK00/SES003/SA003S22	SES062	-1.79366	-43.8549	-42.0613
BLOCK00/SES003/SA003S22	SES082	-1.03261	-43.0939	-42.0613
BLOCK00/SES003/SA003S22	SES087	-1.65996	-43.7212	-42.0613
BLOCK00/SES003/SA003S25	SES062	-2.87212	-45.9279	-43.0558
BLOCK00/SES003/SA003S25	SES082	-0.425549	-43.4813	-43.0558
BLOCK00/SES003/SA003S25	SES087	-1.6371	-44.6929	-43.0558
BLOCK00/SES003/SA003S25	SES206	-1.57341	-44.6292	-43.0558
BLOCK00/SES003/SA003S29	SES002	-2.6021	-45.4963	-42.8942
BLOCK00/SES003/SA003S29	SES062	-2.25657	-45.1507	-42.8942
BLOCK00/SES003/SA003S29	SES082	-0.554333	-43.4485	-42.8942
BLOCK00/SES003/SA003S29	SES087	-2.18245	-45.0766	-42.8942
BLOCK00/SES004/SA004S12	SES083	-2.27592	-44.6002	-42.3243
BLOCK00/SES004/SA004S12	SES148	-1.89883	-44.2231	-42.3243
BLOCK00/SES004/SA004S12	SES172	-1.41222	-43.7365	-42.3243
BLOCK00/SES004/SA004S12	SES292	-2.36837	-44.6927	-42.3243
BLOCK00/SES004/SA004S17	SES083	-1.90475	-44.6512	-42.7465
BLOCK00/SES004/SA004S17	SES162	-0.863926	-43.6104	-42.7465
BLOCK00/SES004/SA004S17	SES172	-2.14904	-44.8955	-42.7465
BLOCK00/SES004/SA004S17	SES292	-2.10963	-44.8561	-42.7465
BLOCK00/SES004/SA004S24	SES083	-2.05821	-43.8547	-41.7965
BLOCK00/SES004/SA004S24	SES148	-1.67494	-43.4714	-41.7965
BLOCK00/SES004/SA004S24	SES172	-1.03689	-42.8334	-41.7965
BLOCK00/SES004/SA004S24	SES292	-1.40321	-43.1997	-41.7965
BLOCK00/SES004/SA004S26	SES083	-1.93797	-43.9178	-41.9799
BLOCK00/SES004/SA004S26	SES127	-1.27503	-43.2549	-41.9799
BLOCK00/SES004/SA004S26	SES148	-2.39371	-44.3736	-41.9799
BLOCK00/SES004/SA004S26	SES292	-1.74174	-43.7216	-41.9799
BLOCK00/SES004/SA004S28	SES083	-1.84237	-43.3601	-41.5177
BLOCK00/SES004/SA004S28	SES127	-0.649956	-42.1677	-41.5177
BLOCK00/SES004/SA004S28	SES187	-0.898705	-42.4164	-41.5177
BLOCK00/SES004/SA004S28	SES292	-2.51006	-44.0278	-41.5177
BLOCK00/SES006/SA006S10	SES014	-3.3115	-47.5991	-44.2876
BLOCK00/SES006/SA006S10	SES158	-1.22859	-45.5162	-44.2876
BLOCK00/SES006/SA006S10	SES226	-3.49776	-47.7853	-44.2876
BLOCK00/SES006/SA006S10	SES270	-1.02333	-45.3109	-44.2876
BLOCK00/SES006/SA006S11	SES158	-1.01534	-45.2933	-44.2779
BLOCK00/SES006/SA006S11	SES226	-2.23101	-46.5089	-44.2779
BLOCK00/SES006/SA006S11	SES270	-0.525124	-44.8031	-44.2779
BLOCK00/SES006/SA006S11	SES275	-3.93594	-48.2139	-44.2779
BLOCK00/SES006/SA006S23	SES062	-2.51007	-45.8713	-43.3612
BLOCK00/SES006/SA006S23	SES105	-2.50791	-45.8691	-43.3612
BLOCK00/SES006/SA006S23	SES158	-1.23916	-44.6004	-43.3612
BLOCK00/SES006/SA006S23	SES275	-2.94278	-46.304	-43.3612
BLOCK00/SES006/SA006S26	SES104	-3.11972	-46.206	-43.0863
BLOCK00/SES006/SA006S26	SES158	-0.609303	-43.6956	-43.0863
BLOCK00/SES006/SA006S26	SES270	0.254852	-42.8314	-43.0863
BLOCK00/SES006/SA006S26	SES275	-3.71602	-46.8023	-43.0863
BLOCK00/SES006/SA006S28	SES007	-2.48697	-46.3932	-43.9062
BLOCK00/SES006/SA006S28	SES105	-2.81787	-46.7241	-43.9062
BLOCK00/SES006/SA006S28	SES158	-1.35669	-45.2629	-43.9062
BLOCK00/SES006/SA006S28	SES275	-3.97431	-47.8805	-43.9062
BLOCK00/SES009/SA009S12	SES083	-1.89174	-44.0984	-42.2067
BLOCK00/SES009/SA009S12	SES148	-1.53193	-43.7386	-42.2067
BLOCK00/SES009/SA009S12	SES177	-0.861282	-43.0679	-42.2067
BLOCK00/SES009/SA009S12	SES292	-1.4271	-43.6338	-42.2067
BLOCK00/SES009/SA009S15	SES007	-0.157902	-41.6325	-41.4746
BLOCK00/SES009/SA009S15	SES099	-9.20895	-50.6835	-41.4746
BLOCK00/SES009/SA009S15	SES148	-1.71049	-43.1851	-41.4746
BLOCK00/SES009/SA009S15	SES172	-0.824215	-42.2988	-41.4746
BLOCK00/SES009/SA009S24	SES146	-1.01084	-42.645	-41.6342
BLOCK00/SES009/SA009S24	SES148	-1.29262	-42.9268	-41.6342
BLOCK00/SES009/SA009S24	SES177	-0.467911	-42.1021	-41.6342
BLOCK00/SES009/SA009S24	SES292	-1.32526	-42.9594	-41.6342
BLOCK00/SES009/SA009S26	SES083	-2.03246	-44.2078	-42.1753
BLOCK00/SES009/SA009S26	SES101	-1.83193	-44.0073	-42.1753
BLOCK00/SES009/SA009S26	SES120	-0.83403	-43.0094	-42.1753
BLOCK00/SES009/SA009S26	SES177	-0.883076	-43.0584	-42.1753
BLOCK00/SES009/SA009S29	SES083	-1.52913	-43.2575	-41.7284
BLOCK00/SES009/SA009S29	SES101	-1.53382	-43.2622	-41.7284
BLOCK00/SES009/SA009S29	SES177	-0.526821	-42.2552	-41.7284
BLOCK00/SES009/SA009S29	SES292	-1.70733	-43.4357	-41.7284
BLOCK01/SES011/SA011S10	SES019	-1.56194	-44.2255	-42.6636
BLOCK01/SES011/SA011S10	SES042	-0.754604	-43.4182	-42.6636
BLOCK01/SES011/SA011S10	SES082	-2.74195	-45.4055	-42.6636
BLOCK01/SES011/SA011S10	SES206	-1.33538	-43.999	-42.6636
BLOCK01/SES011/SA011S11	SES019	-1.36938	-44.4251	-43.0557
BLOCK01/SES011/SA011S11	SES042	-1.3218	-44.3775	-43.0557
BLOCK01/SES011/SA011S11	SES082	-1.96172	-45.0175	-43.0557
BLOCK01/SES011/SA011S11	SES206	-1.20152	-44.2573	-43.0557
BLOCK01/SES011/SA011S22	SES019	-1.20054	-43.9943	-42.7938
BLOCK01/SES011/SA011S22	SES042	-1.02364	-43.8174	-42.7938
BLOCK01/SES011/SA011S22	SES082	-1.77585	-44.5696	-42.7938
BLOCK01/SES011/SA011S22	SES206	-0.576027	-43.3698	-42.7938
BLOCK01/SES011/SA011S24	SES019	-1.42271	-43.6794	-42.2567
BLOCK01/SES011/SA011S24	SES042	-0.481544	-42.7383	-42.2567
BLOCK01/SES011/SA011S24	SES104	-1.85572	-44.1124	-42.2567
BLOCK01/SES011/SA011S24	SES206	-0.393211	-42.6499	-42.2567
BLOCK01/SES011/SA011S27	SES082	0.168896	-42.0419	-42.2108
BLOCK01/SES011/SA011S27	SES087	-1.24204	-43.4528	-42.2108
BLOCK01/SES011/SA011S27	SES125	-0.625084	-42.8359	-42.2108
BLOCK01/SES011/SA011S27	SES206	-0.240082	-42.4509	-42.2108
BLOCK01/SES012/SA012S11	SES007	-1.75983	-43.1643	-41.4045
BLOCK01/SES012/SA012S11	SES082	-1.51053	-42.915	-41.4045
BLOCK01/SES012/SA012S11	SES083	-2.31133	-43.7158	-41.4045
BLOCK01/SES012/SA012S11	SES206	-0.966038	-42.3705	-41.4045
BLOCK01/SES012/SA012S14	SES082	-0.989338	-43.1434	-42.1541
BLOCK01/SES012/SA012S14	SES087	-1.72532	-43.8794	-42.1541
BLOCK01/SES012/SA012S14	SES206	-1.08734	-43.2414	-42.1541
BLOCK01/SES012/SA012S14	SES292	-3.95285	-46.1069	-42.1541
BLOCK01/SES012/SA012S24	SES082	-0.234303	-43.2351	-43.0008
BLOCK01/SES012/SA012S24	SES087	-1.24291	-44.2437	-43.0008
BLOCK01/SES012/SA012S24	SES120	-4.44942	-47.4502	-43.0008
BLOCK01/SES012/SA012S24	SES206	-0.788128	-43.7889	-43.0008
BLOCK01/SES012/SA012S26	SES019	-3.05359	-45.2839	-42.2303
BLOCK01/SES012/SA012S26	SES082	-2.08403	-44.3143	-42.2303
BLOCK01/SES012/SA012S26	SES206	-0.589729	-42.82	-42.2303
BLOCK01/SES012/SA012S26	SES292	-3.17927	-45.4096	-42.2303
BLOCK01/SES012/SA012S29	SES062	-2.3767	-44.14	-41.7633
BLOCK01/SES012/SA012S29	SES082	-0.955402	-42.7187	-41.7633
BLOCK01/SES012/SA012S29	SES083	-2.64186	-44.4052	-41.7633
BLOCK01/SES012/SA012S29	SES206	-0.969311	-42.7326	-41.7633
BLOCK01/SES013/SA013S16	SES062	-3.73957	-45.9959	-42.2563
BLOCK01/SES013/SA013S16	SES106	-0.707249	-42.9636	-42.2563
BLOCK01/SES013/SA013S16	SES206	-1.35261	-43.6089	-42.2563
BLOCK01/SES013/SA013S16	SES226	-0.518501	-42.7748	-42.2563
BLOCK01/SES013/SA013S17	SES062	-3.30629	-44.9966	-41.6903
BLOCK01/SES013/SA013S17	SES106	-1.36089	-43.0512	-41.6903
BLOCK01/SES013/SA013S17	SES206	-0.656021	-42.3463	-41.6903
BLOCK01/SES013/SA013S17	SES226	0.0699921	-41.6203	-41.6903
BLOCK01/SES013/SA013S23	SES104	-1.52007	-44.0859	-42.5658
BLOCK01/SES013/SA013S23	SES106	-0.57943	-43.1452	-42.5658
BLOCK01/SES013/SA013S23	SES206	-0.980743	-43.5465	-42.5658
BLOCK01/SES013/SA013S23	SES270	-0.54768	-43.1135	-42.5658
BLOCK01/SES013/SA013S25	SES042	-2.10909	-44.0637	-41.9547
BLOCK01/SES013/SA013S25	SES104	-1.55341	-43.5081	-41.9547
BLOCK01/SES013/SA013S25	SES106	-0.150635	-42.1053	-41.9547
BLOCK01/SES013/SA013S25	SES206	-1.15924	-43.1139	-41.9547
BLOCK01/SES013/SA013S29	SES062	-3.74781	-46.2419	-42.4941
BLOCK01/SES013/SA013S29	SES104	-1.93113	-44.4252	-42.4941
BLOCK01/SES013/SA013S29	SES106	-0.123837	-42.6179	-42.4941
BLOCK01/SES013/SA013S29	SES206	-1.51283	-44.0069	-42.4941
BLOCK02/SES021/SA021S13	SES016	-2.93749	-44.7223	-41.7848
BLOCK02/SES021/SA021S13	SES029	-2.27851	-44.0633	-41.7848
BLOCK02/SES021/SA021S13	SES087	-1.76303	-43.5478	-41.7848
BLOCK02/SES021/SA021S13	SES206	-0.908985	-42.6938	-41.7848
BLOCK02/SES021/SA021S15	SES087	-1.25651	-41.9613	-40.7048
BLOCK02/SES021/SA021S15	SES125	-0.892952	-41.5977	-40.7048
BLOCK02/SES021/SA021S15	SES206	-0.561096	-41.2659	-40.7048
BLOCK02/SES021/SA021S15	SES226	-1.43583	-42.1406	-40.7048
BLOCK02/SES021/SA021S23	SES062	-3.0643	-45.7934	-42.729
BLOCK02/SES021/SA021S23	SES087	-1.76405	-44.4931	-42.729
BLOCK02/SES021/SA021S23	SES206	-1.81439	-44.5434	-42.729
BLOCK02/SES021/SA021S23	SES226	-1.11508	-43.8441	-42.729
BLOCK02/SES021/SA021S27	SES002	-2.12246	-43.4281	-41.3057
BLOCK02/SES021/SA021S27	SES016	-3.91149	-45.2172	-41.3057
BLOCK02/SES021/SA021S27	SES019	-2.02954	-43.3352	-41.3057
BLOCK02/SES021/SA021S27	SES062	-1.11195	-42.4176	-41.3057
BLOCK02/SES021/SA021S29	SES087	-1.90567	-43.34	-41.4343
BLOCK02/SES021/SA021S29	SES125	-1.26342	-42.6977	-41.4343
BLOCK02/SES021/SA021S29	SES206	-1.02855	-42.4629	-41.4343
BLOCK02/SES021/SA021S29	SES226	-0.819775	-42.2541	-41.4343
BLOCK04/SES043/SA043S09	SES083	-1.53464	-44.7608	-43.2262
BLOCK04/SES043/SA043S09	SES101	-2.68892	-45.9151	-43.2262
BLOCK04/SES043/SA043S09	SES144	-0.397713	-43.6239	-43.2262
BLOCK04/SES043/SA043S09	SES172	-3.65373	-46.8799	-43.2262
BLOCK04/SES043/SA043S11	SES083	-0.692795	-42.7102	-42.0174
BLOCK04/SES043/SA043S11	SES101	-1.42431	-43.4417	-42.0174
BLOCK04/SES043/SA043S11	SES144	-0.685612	-42.703	-42.0174
BLOCK04/SES043/SA043S11	SES172	-1.4902	-43.5076	-42.0174
BLOCK04/SES043/SA043S23	SES083	-0.370487	-42.7223	-42.3518
BLOCK04/SES043/SA043S23	SES144	-0.0732841	-42.4251	-42.3518
BLOCK04/SES043/SA043S23	SES177	-1.27841	-43.6302	-42.3518
BLOCK04/SES043/SA043S23	SES275	-0.618626	-42.9704	-42.3518
BLOCK04/SES043/SA043S26	SES083	-1.27258	-43.7472	-42.4746
BLOCK04/SES043/SA043S26	SES101	-1.73607	-44.2107	-42.4746
BLOCK04/SES043/SA043S26	SES144	-0.177696	-42.6523	-42.4746
BLOCK04/SES043/SA043S26	SES177	-1.44992	-43.9245	-42.4746
BLOCK04/SES043/SA043S28	SES016	-1.77581	-43.5972	-41.8214
BLOCK04/SES043/SA043S28	SES083	-0.739765	-42.5611	-41.8214
BLOCK04/SES043/SA043S28	SES101	-0.946918	-42.7683	-41.8214
BLOCK04/SES043/SA043S28	SES144	-0.762897	-42.5843	-41.8214
BLOCK04/SES044/SA044S10	SES127	-3.04702	-47.5709	-44.5239
BLOCK04/SES044/SA044S10	SES144	-0.300571	-44.8245	-44.5239
BLOCK04/SES044/SA044S10	SES147	-3.69049	-48.2144	-44.5239
BLOCK04/SES044/SA044S10	SES148	-2.72137	-47.2453	-44.5239
BLOCK04/SES044/SA044S11	SES101	-2.2898	-46.1483	-43.8585
BLOCK04/SES044/SA044S11	SES144	0.101955	-43.7566	-43.8585
BLOCK04/SES044/SA044S11	SES147	-2.99266	-46.8512	-43.8585
BLOCK04/SES044/SA044S11	SES177	-2.06081	-45.9193	-43.8585
BLOCK04/SES044/SA044S24	SES007	-2.6912	-45.7534	-43.0622
BLOCK04/SES044/SA044S24	SES101	-1.59227	-44.6545	-43.0622
BLOCK04/SES044/SA044S24	SES147	-2.50443	-45.5667	-43.0622
BLOCK04/SES044/SA044S24	SES177	-2.0006	-45.0628	-43.0622
BLOCK04/SES044/SA044S26	SES007	-1.77663	-44.7833	-43.0067
BLOCK04/SES044/SA044S26	SES016	-0.64819	-43.6549	-43.0067
BLOCK04/SES044/SA044S26	SES101	-1.36121	-44.3679	-43.0067
BLOCK04/SES044/SA044S26	SES147	-1.62357	-44.6302	-43.0067
BLOCK04/SES044/SA044S29	SES007	-1.63363	-43.8509	-42.2173
BLOCK04/SES044/SA044S29	SES101	-1.08805	-43.3053	-42.2173
BLOCK04/SES044/SA044S29	SES147	-2.21574	-44.433	-42.2173
BLOCK04/SES044/SA044S29	SES177	-1.90844	-44.1257	-42.2173
BLOCK04/SES046/SA046S13	SES101	-2.89059	-46.0276	-43.137
BLOCK04/SES046/SA046S13	SES144	-0.594524	-43.7315	-43.137
BLOCK04/SES046/SA046S13	SES147	-3.11676	-46.2537	-43.137
BLOCK04/SES046/SA046S13	SES177	-1.27996	-44.417	-43.137
BLOCK04/SES046/SA046S15	SES048	-2.50044	-44.0906	-41.5901
BLOCK04/SES046/SA046S15	SES083	-1.11926	-42.7094	-41.5901
BLOCK04/SES046/SA046S15	SES120	-2.77671	-44.3669	-41.5901
BLOCK04/SES046/SA046S15	SES148	-1.42378	-43.0139	-41.5901
BLOCK04/SES046/SA046S22	SES101	-1.54768	-44.2135	-42.6658
BLOCK04/SES046/SA046S22	SES144	-1.13718	-43.803	-42.6658
BLOCK04/SES046/SA046S22	SES147	-3.70376	-46.3695	-42.6658
BLOCK04/SES046/SA046S22	SES172	-1.55225	-44.218	-42.6658
BLOCK04/SES046/SA046S25	SES083	-1.99152	-44.2105	-42.219
BLOCK04/SES046/SA046S25	SES127	-1.36421	-43.5832	-42.219
BLOCK04/SES046/SA046S25	SES144	-1.58476	-43.8038	-42.219
BLOCK04/SES046/SA046S25	SES148	-0.820587	-43.0396	-42.219
BLOCK04/SES046/SA046S28	SES007	-2.06286	-45.5491	-43.4863
BLOCK04/SES046/SA046S28	SES105	-1.79781	-45.2841	-43.4863
BLOCK04/SES046/SA046S28	SES147	-1.98688	-45.4731	-43.4863
BLOCK04/SES046/SA046S28	SES148	-1.30857	-44.7948	-43.4863
BLOCK04/SES049/SA049S16	SES104	-1.84299	-45.3438	-43.5008
BLOCK04/SES049/SA049S16	SES106	-1.16277	-44.6635	-43.5008
BLOCK04/SES049/SA049S16	SES120	-3.52145	-47.0222	-43.5008
BLOCK04/SES049/SA049S16	SES206	-1.21394	-44.7147	-43.5008
BLOCK04/SES049/SA049S18	SES099	-0.385098	-44.7799	-44.3948
BLOCK04/SES049/SA049S18	SES104	-2.79204	-47.1869	-44.3948
BLOCK04/SES049/SA049S18	SES125	-2.70724	-47.1021	-44.3948
BLOCK04/SES049/SA049S18	SES206	-2.16202	-46.5568	-44.3948
BLOCK04/SES049/SA049S25	SES087	-1.17588	-44.5004	-43.3245
BLOCK04/SES049/SA049S25	SES104	-1.28727	-44.6117	-43.3245
BLOCK04/SES049/SA049S25	SES125	-1.8445	-45.169	-43.3245
BLOCK04/SES049/SA049S25	SES206	-0.546722	-43.8712	-43.3245
BLOCK04/SES049/SA049S27	SES099	-0.614529	-43.2986	-42.6841
BLOCK04/SES049/SA049S27	SES104	-0.482567	-43.1667	-42.6841
BLOCK04/SES049/SA049S27	SES125	-1.77068	-44.4548	-42.6841
BLOCK04/SES049/SA049S27	SES206	-1.30551	-43.9896	-42.6841
BLOCK04/SES049/SA049S29	SES099	0.182041	-41.6761	-41.8581
BLOCK04/SES049/SA049S29	SES104	-0.461952	-42.3201	-41.8581
BLOCK04/SES049/SA049S29	SES125	-1.00373	-42.8618	-41.8581
BLOCK04/SES049/SA049S29	SES206	-0.418056	-42.2762	-41.8581
BLOCK06/SES063/SA063S09	SES068	-1.85741	-44.2191	-42.3617
BLOCK06/SES063/SA063S09	SES083	-0.661366	-43.0231	-42.3617
BLOCK06/SES063/SA063S09	SES177	-1.25941	-43.6211	-42.3617
BLOCK06/SES063/SA063S09	SES187	-1.54205	-43.9038	-42.3617
BLOCK06/SES063/SA063S10	SES068	-2.09159	-44.877	-42.7854
BLOCK06/SES063/SA063S10	SES083	-0.800274	-43.5857	-42.7854
BLOCK06/SES063/SA063S10	SES172	-1.26175	-44.0472	-42.7854
BLOCK06/SES063/SA063S10	SES187	-1.09464	-43.8801	-42.7854
BLOCK06/SES063/SA063S20	SES068	-2.54222	-45.0512	-42.509
BLOCK06/SES063/SA063S20	SES083	-1.00224	-43.5112	-42.509
BLOCK06/SES063/SA063S20	SES172	-1.5881	-44.0971	-42.509
BLOCK06/SES063/SA063S20	SES187	-0.639317	-43.1483	-42.509
BLOCK06/SES063/SA063S24	SES029	-2.50855	-44.4489	-41.9403
BLOCK06/SES063/SA063S24	SES083	-0.600395	-42.5407	-41.9403
BLOCK06/SES063/SA063S24	SES177	-0.958908	-42.8992	-41.9403
BLOCK06/SES063/SA063S24	SES189	-0.89867	-42.839	-41.9403
BLOCK06/SES063/SA063S27	SES083	0.309505	-42.8733	-43.1829
BLOCK06/SES063/SA063S27	SES172	-0.548565	-43.7314	-43.1829
BLOCK06/SES063/SA063S27	SES187	-1.81812	-45.001	-43.1829
BLOCK06/SES063/SA063S27	SES292	-2.18739	-45.3702	-43.1829
BLOCK06/SES067/SA067S12	SES083	-2.14136	-44.3788	-42.2374
BLOCK06/SES067/SA067S12	SES172	-2.68911	-44.9265	-42.2374
BLOCK06/SES067/SA067S12	SES202	-0.498085	-42.7355	-42.2374
BLOCK06/SES067/SA067S12	SES292	-1.83388	-44.0713	-42.2374
BLOCK06/SES067/SA067S14	SES085	-1.59239	-43.2503	-41.6579
BLOCK06/SES067/SA067S14	SES177	-1.34424	-43.0022	-41.6579
BLOCK06/SES067/SA067S14	SES183	-1.68821	-43.3461	-41.6579
BLOCK06/SES067/SA067S14	SES202	-0.826981	-42.4849	-41.6579
BLOCK06/SES067/SA067S21	SES144	-1.33225	-44.2989	-42.9666
BLOCK06/SES067/SA067S21	SES177	-0.974941	-43.9416	-42.9666
BLOCK06/SES067/SA067S21	SES183	-2.70378	-45.6704	-42.9666
BLOCK06/SES067/SA067S21	SES189	-0.35136	-43.318	-42.9666
BLOCK06/SES067/SA067S25	SES085	-1.10568	-43.5423	-42.4366
BLOCK06/SES067/SA067S25	SES177	-1.10914	-43.5457	-42.4366
BLOCK06/SES067/SA067S25	SES183	-1.0286	-43.4652	-42.4366
BLOCK06/SES067/SA067S25	SES202	-0.837112	-43.2737	-42.4366
BLOCK06/SES067/SA067S29	SES085	-1.02066	-43.4055	-42.3848
BLOCK06/SES067/SA067S29	SES177	-1.30146	-43.6863	-42.3848
BLOCK06/SES067/SA067S29	SES183	-1.70103	-44.0858	-42.3848
BLOCK06/SES067/SA067S29	SES202	-0.0241508	-42.409	-42.3848
BLOCK06/SES069/SA069S12	SES029	-2.27458	-44.4395	-42.1649
BLOCK06/SES069/SA069S12	SES082	-0.864616	-43.0295	-42.1649
BLOCK06/SES069/SA069S12	SES087	-2.05172	-44.2166	-42.1649
BLOCK06/SES069/SA069S12	SES206	-1.5263	-43.6912	-42.1649
BLOCK06/SES069/SA069S13	SES029	-3.14589	-45.2095	-42.0636
BLOCK06/SES069/SA069S13	SES087	-2.31284	-44.3765	-42.0636
BLOCK06/SES069/SA069S13	SES206	-2.48363	-44.5472	-42.0636
BLOCK06/SES069/SA069S13	SES226	-1.49171	-43.5553	-42.0636
BLOCK06/SES069/SA069S23	SES029	-1.22414	-42.0783	-40.8542
BLOCK06/SES069/SA069S23	SES087	-2.525	-43.3792	-40.8542
BLOCK06/SES069/SA069S23	SES206	-2.23429	-43.0884	-40.8542
BLOCK06/SES069/SA069S23	SES226	-1.49681	-42.351	-40.8542
BLOCK06/SES069/SA069S25	SES087	-1.61247	-42.7785	-41.166
BLOCK06/SES069/SA069S25	SES206	-2.59993	-43.7659	-41.166
BLOCK06/SES069/SA069S25	SES226	-1.22431	-42.3903	-41.166
BLOCK06/SES069/SA069S25	SES270	-1.29552	-42.4615	-41.166
BLOCK06/SES069/SA069S27	SES087	-2.40733	-43.9153	-41.508
BLOCK06/SES069/SA069S27	SES206	-0.87569	-42.3837	-41.508
BLOCK06/SES069/SA069S27	SES226	-0.290661	-41.7987	-41.508
BLOCK06/SES069/SA069S27	SES270	-0.899025	-42.407	-41.508
BLOCK08/SES081/SA081S11	SES060	-0.994728	-43.0787	-42.084
BLOCK08/SES081/SA081S11	SES062	-2.57312	-44.6571	-42.084
BLOCK08/SES081/SA081S11	SES117	-2.97261	-45.0566	-42.084
BLOCK08/SES081/SA081S11	SES162	-2.19951	-44.2835	-42.084
BLOCK08/SES081/SA081S13	SES016	-1.29342	-42.6851	-41.3917
BLOCK08/SES081/SA081S13	SES060	-0.285557	-41.6772	-41.3917
BLOCK08/SES081/SA081S13	SES068	-0.741539	-42.1332	-41.3917
BLOCK08/SES081/SA081S13	SES129	-1.61234	-43.004	-41.3917
BLOCK08/SES081/SA081S24	SES060	-0.932541	-42.5937	-41.6612
BLOCK08/SES081/SA081S24	SES068	-0.578327	-42.2395	-41.6612
BLOCK08/SES081/SA081S24	SES117	-2.07827	-43.7394	-41.6612
BLOCK08/SES081/SA081S24	SES275	-1.2792	-42.9404	-41.6612
BLOCK08/SES081/SA081S27	SES007	-0.998264	-43	-42.0017
BLOCK08/SES081/SA081S27	SES060	-1.45292	-43.4546	-42.0017
BLOCK08/SES081/SA081S27	SES117	-1.14619	-43.1479	-42.0017
BLOCK08/SES081/SA081S27	SES275	-1.19392	-43.1956	-42.0017
BLOCK08/SES081/SA081S29	SES007	-1.19421	-42.6319	-41.4377
BLOCK08/SES081/SA081S29	SES060	-1.08093	-42.5186	-41.4377
BLOCK08/SES081/SA081S29	SES117	-2.15941	-43.5971	-41.4377
BLOCK08/SES081/SA081S29	SES275	-1.83522	-43.2729	-41.4377
BLOCK08/SES086/SA086S11	SES029	-5.64878	-49.6808	-44.0321
BLOCK08/SES086/SA086S11	SES082	-1.60126	-45.6333	-44.0321
BLOCK08/SES086/SA086S11	SES087	-0.619171	-44.6512	-44.0321
BLOCK08/SES086/SA086S11	SES206	-2.2063	-46.2384	-44.0321
BLOCK08/SES086/SA086S12	SES029	-5.35929	-48.6885	-43.3292
BLOCK08/SES086/SA086S12	SES082	-1.58326	-44.9125	-43.3292
BLOCK08/SES086/SA086S12	SES087	0.25473	-43.0745	-43.3292
BLOCK08/SES086/SA086S12	SES206	-1.20066	-44.5299	-43.3292
BLOCK08/SES086/SA086S20	SES029	-4.17551	-46.1536	-41.9781
BLOCK08/SES086/SA086S20	SES082	-1.50921	-43.4873	-41.9781
BLOCK08/SES086/SA086S20	SES087	0.492764	-41.4853	-41.9781
BLOCK08/SES086/SA086S20	SES206	-0.271477	-42.2496	-41.9781
BLOCK08/SES086/SA086S24	SES087	-0.252331	-43.4098	-43.1574
BLOCK08/SES086/SA086S24	SES104	-1.83446	-44.9919	-43.1574
BLOCK08/SES086/SA086S24	SES120	-4.3469	-47.5043	-43.1574
BLOCK08/SES086/SA086S24	SES206	-0.336727	-43.4942	-43.1574
BLOCK08/SES086/SA086S28	SES029	-3.89794	-46.0777	-42.1797
BLOCK08/SES086/SA086S28	SES082	-1.55363	-43.7333	-42.1797
BLOCK08/SES086/SA086S28	SES087	0.115608	-42.0641	-42.1797
BLOCK08/SES086/SA086S28	SES206	-0.924736	-43.1045	-42.1797
BLOCK08/SES089/SA089S13	SES087	-2.36544	-45.0366	-42.6712
BLOCK08/SES089/SA089S13	SES206	-2.33203	-45.0032	-42.6712
BLOCK08/SES089/SA089S13	SES226	-1.75272	-44.4239	-42.6712
BLOCK08/SES089/SA089S13	SES270	-2.72628	-45.3975	-42.6712
BLOCK08/SES089/SA089S14	SES062	-1.94165	-44.5512	-42.6096
BLOCK08/SES089/SA089S14	SES087	-0.589909	-43.1995	-42.6096
BLOCK08/SES089/SA089S14	SES206	-0.725224	-43.3348	-42.6096
BLOCK08/SES089/SA089S14	SES226	-0.834366	-43.4439	-42.6096
BLOCK08/SES089/SA089S23	SES087	-1.56061	-44.72	-43.1594
BLOCK08/SES089/SA089S23	SES206	-1.58216	-44.7415	-43.1594
BLOCK08/SES089/SA089S23	SES226	-1.79462	-44.954	-43.1594
BLOCK08/SES089/SA089S23	SES270	-2.32251	-45.4819	-43.1594
BLOCK08/SES089/SA089S25	SES062	-2.61068	-45.1063	-42.4957
BLOCK08/SES089/SA089S25	SES087	-0.89875	-43.3944	-42.4957
BLOCK08/SES089/SA089S25	SES206	-1.43351	-43.9292	-42.4957
BLOCK08/SES089/SA089S25	SES226	-1.0013	-43.4969	-42.4957
BLOCK08/SES089/SA089S28	SES062	-2.06502	-44.3421	-42.277
BLOCK08/SES089/SA089S28	SES087	-1.52489	-43.8019	-42.277
BLOCK08/SES089/SA089S28	SES206	-1.05209	-43.3291	-42.277
BLOCK08/SES089/SA089S28	SES226	-0.819592	-43.0966	-42.277
BLOCK09/SES097/SA097S11	SES099	0.01894	-43.113	-43.132
BLOCK09/SES097/SA097S11	SES125	-1.99337	-45.1253	-43.132
BLOCK09/SES097/SA097S11	SES206	-2.17249	-45.3045	-43.132
BLOCK09/SES097/SA097S11	SES226	-0.522938	-43.6549	-43.132
BLOCK09/SES097/SA097S14	SES062	-3.09877	-45.8036	-42.7048
BLOCK09/SES097/SA097S14	SES099	-1.0305	-43.7353	-42.7048
BLOCK09/SES097/SA097S14	SES104	-1.7919	-44.4967	-42.7048
BLOCK09/SES097/SA097S14	SES206	-1.97602	-44.6809	-42.7048
BLOCK09/SES097/SA097S22	SES099	0.309639	-42.766	-43.0757
BLOCK09/SES097/SA097S22	SES206	-1.42315	-44.4988	-43.0757
BLOCK09/SES097/SA097S22	SES226	-1.2158	-44.2915	-43.0757
BLOCK09/SES097/SA097S22	SES270	0.32539	-42.7503	-43.0757
BLOCK09/SES097/SA097S26	SES099	-0.12281	-42.805	-42.6822
BLOCK09/SES097/SA097S26	SES120	-2.92435	-45.6066	-42.6822
BLOCK09/SES097/SA097S26	SES206	-1.38029	-44.0625	-42.6822
BLOCK09/SES097/SA097S26	SES226	-1.96144	-44.6437	-42.6822
BLOCK09/SES097/SA097S28	SES099	-0.874935	-43.7266	-42.8517
BLOCK09/SES097/SA097S28	SES120	-2.64827	-45.5	-42.8517
BLOCK09/SES097/SA097S28	SES206	-2.44756	-45.2992	-42.8517
BLOCK09/SES097/SA097S28	SES226	-2.04213	-44.8938	-42.8517
BLOCK09/SES098/SA098S11	SES127	-1.87207	-45.4724	-43.6003
BLOCK09/SES098/SA098S11	SES144	-1.0923	-44.6926	-43.6003
BLOCK09/SES098/SA098S11	SES147	-0.986076	-44.5864	-43.6003
BLOCK09/SES098/SA098S11	SES148	-2.54499	-46.1453	-43.6003
BLOCK09/SES098/SA098S12	SES127	-2.99619	-47.8273	-44.8311
BLOCK09/SES098/SA098S12	SES144	-1.56699	-46.3981	-44.8311
BLOCK09/SES098/SA098S12	SES147	-2.53762	-47.3687	-44.8311
BLOCK09/SES098/SA098S12	SES189	-1.22403	-46.0551	-44.8311
BLOCK09/SES098/SA098S20	SES127	-2.63892	-46.4947	-43.8558
BLOCK09/SES098/SA098S20	SES147	-2.60239	-46.4582	-43.8558
BLOCK09/SES098/SA098S20	SES148	-2.62947	-46.4853	-43.8558
BLOCK09/SES098/SA098S20	SES292	-4.57395	-48.4297	-43.8558
BLOCK09/SES098/SA098S23	SES127	-1.8558	-45.2053	-43.3496
BLOCK09/SES098/SA098S23	SES147	-1.72015	-45.0697	-43.3496
BLOCK09/SES098/SA098S23	SES187	-1.01754	-44.3671	-43.3496
BLOCK09/SES098/SA098S23	SES292	-2.38937	-45.7389	-43.3496
BLOCK09/SES098/SA098S27	SES127	-2.25309	-45.9553	-43.7023
BLOCK09/SES098/SA098S27	SES147	-2.45304	-46.1553	-43.7023
BLOCK09/SES098/SA098S27	SES148	-2.98283	-46.6851	-43.7023
BLOCK09/SES098/SA098S27	SES292	-2.48046	-46.1827	-43.7023
BLOCK10/SES102/SA102S13	SES101	-0.473827	-43.9846	-43.5108
BLOCK10/SES102/SA102S13	SES105	-1.34334	-44.8541	-43.5108
BLOCK10/SES102/SA102S13	SES120	-1.56531	-45.0761	-43.5108
BLOCK10/SES102/SA102S13	SES158	-5.15345	-48.6642	-43.5108
BLOCK10/SES102/SA102S14	SES007	-0.385708	-42.0979	-41.7122
BLOCK10/SES102/SA102S14	SES101	-0.821083	-42.5333	-41.7122
BLOCK10/SES102/SA102S14	SES105	-0.504662	-42.2169	-41.7122
BLOCK10/SES102/SA102S14	SES147	-2.23142	-43.9437	-41.7122
BLOCK10/SES102/SA102S22	SES007	-1.39088	-43.4719	-42.081
BLOCK10/SES102/SA102S22	SES101	-0.49033	-42.5714	-42.081
BLOCK10/SES102/SA102S22	SES105	-0.585945	-42.667	-42.081
BLOCK10/SES102/SA102S22	SES158	-3.93643	-46.0175	-42.081
BLOCK10/SES102/SA102S25	SES007	-0.839939	-43.148	-42.308
BLOCK10/SES102/SA102S25	SES101	-0.244419	-42.5525	-42.308
BLOCK10/SES102/SA102S25	SES105	-0.685619	-42.9937	-42.308
BLOCK10/SES102/SA102S25	SES147	-2.72999	-45.038	-42.308
BLOCK10/SES102/SA102S27	SES007	-1.08692	-43.735	-42.648
BLOCK10/SES102/SA102S27	SES101	-0.93124	-43.5793	-42.648
BLOCK10/SES102/SA102S27	SES105	-0.852276	-43.5003	-42.648
BLOCK10/SES102/SA102S27	SES147	-2.16428	-44.8123	-42.648
BLOCK10/SES103/SA103S14	SES105	-2.74067	-46.649	-43.9083
BLOCK10/SES103/SA103S14	SES106	-0.71262	-44.6209	-43.9083
BLOCK10/SES103/SA103S14	SES120	-3.80127	-47.7096	-43.9083
BLOCK10/SES103/SA103S14	SES206	-1.88672	-45.795	-43.9083
BLOCK10/SES103/SA103S15	SES099	-0.495411	-45.1448	-44.6494
BLOCK10/SES103/SA103S15	SES101	-4.9338	-49.5832	-44.6494
BLOCK10/SES103/SA103S15	SES104	-1.72488	-46.3742	-44.6494
BLOCK10/SES103/SA103S15	SES125	-1.47065	-46.12	-44.6494
BLOCK10/SES103/SA103S24	SES104	-2.11885	-45.4016	-43.2828
BLOCK10/SES103/SA103S24	SES125	-1.62276	-44.9055	-43.2828
BLOCK10/SES103/SA103S24	SES148	-3.6908	-46.9736	-43.2828
BLOCK10/SES103/SA103S24	SES158	-0.911751	-44.1945	-43.2828
BLOCK10/SES103/SA103S26	SES104	-2.0759	-45.7834	-43.7075
BLOCK10/SES103/SA103S26	SES106	-1.07032	-44.7778	-43.7075
BLOCK10/SES103/SA103S26	SES125	-1.75809	-45.4656	-43.7075
BLOCK10/SES103/SA103S26	SES148	-4.27138	-47.9789	-43.7075
BLOCK10/SES103/SA103S28	SES104	-3.06144	-46.8069	-43.7454
BLOCK10/SES103/SA103S28	SES106	-1.76379	-45.5092	-43.7454
BLOCK10/SES103/SA103S28	SES125	-2.55869	-46.3041	-43.7454
BLOCK10/SES103/SA103S28	SES206	-3.04613	-46.7915	-43.7454
BLOCK12/SES121/SA121S12	SES042	-2.42426	-47.0548	-44.6305
BLOCK12/SES121/SA121S12	SES087	-1.97811	-46.6086	-44.6305
BLOCK12/SES121/SA121S12	SES105	-1.72022	-46.3507	-44.6305
BLOCK12/SES121/SA121S12	SES206	-1.17964	-45.8102	-44.6305
BLOCK12/SES121/SA121S14	SES007	-3.33018	-48.4136	-45.0835
BLOCK12/SES121/SA121S14	SES105	-2.97524	-48.0587	-45.0835
BLOCK12/SES121/SA121S14	SES106	-1.50414	-46.5876	-45.0835
BLOCK12/SES121/SA121S14	SES206	-1.68639	-46.7698	-45.0835
BLOCK12/SES121/SA121S23	SES105	-2.88326	-47.9511	-45.0679
BLOCK12/SES121/SA121S23	SES106	-1.15727	-46.2251	-45.0679
BLOCK12/SES121/SA121S23	SES120	-3.81231	-48.8802	-45.0679
BLOCK12/SES121/SA121S23	SES206	-1.04243	-46.1103	-45.0679
BLOCK12/SES121/SA121S25	SES007	-2.69376	-48.5588	-45.8651
BLOCK12/SES121/SA121S25	SES105	-3.27344	-49.1385	-45.8651
BLOCK12/SES121/SA121S25	SES106	-1.5004	-47.3655	-45.8651
BLOCK12/SES121/SA121S25	SES206	-1.68171	-47.5468	-45.8651
BLOCK12/SES121/SA121S27	SES087	-0.569527	-44.9104	-44.3409
BLOCK12/SES121/SA121S27	SES105	-4.36806	-48.709	-44.3409
BLOCK12/SES121/SA121S27	SES120	-3.31075	-47.6517	-44.3409
BLOCK12/SES121/SA121S27	SES206	-0.980881	-45.3218	-44.3409
BLOCK12/SES124/SA124S16	SES042	-0.55064	-42.7114	-42.1607
BLOCK12/SES124/SA124S16	SES082	-0.777401	-42.9381	-42.1607
BLOCK12/SES124/SA124S16	SES183	-4.23246	-46.3932	-42.1607
BLOCK12/SES124/SA124S16	SES206	-1.12183	-43.2826	-42.1607
BLOCK12/SES124/SA124S17	SES105	-3.64338	-46.9285	-43.2851
BLOCK12/SES124/SA124S17	SES149	-2.41281	-45.698	-43.2851
BLOCK12/SES124/SA124S17	SES158	-2.78122	-46.0664	-43.2851
BLOCK12/SES124/SA124S17	SES275	-4.85707	-48.1422	-43.2851
BLOCK12/SES124/SA124S23	SES105	-2.76573	-43.7595	-40.9938
BLOCK12/SES124/SA124S23	SES125	0.108299	-40.8855	-40.9938
BLOCK12/SES124/SA124S23	SES129	-3.55229	-44.5461	-40.9938
BLOCK12/SES124/SA124S23	SES158	-0.96809	-41.9619	-40.9938
BLOCK12/SES124/SA124S26	SES105	-4.04499	-45.9197	-41.8747
BLOCK12/SES124/SA124S26	SES125	-0.122066	-41.9968	-41.8747
BLOCK12/SES124/SA124S26	SES129	-4.72705	-46.6018	-41.8747
BLOCK12/SES124/SA124S26	SES158	-1.18377	-43.0585	-41.8747
BLOCK12/SES124/SA124S28	SES104	-1.00817	-42.7105	-41.7023
BLOCK12/SES124/SA124S28	SES106	-0.480881	-42.1832	-41.7023
BLOCK12/SES124/SA124S28	SES125	-0.0822754	-41.7846	-41.7023
BLOCK12/SES124/SA124S28	SES275	-4.66691	-46.3692	-41.7023
BLOCK12/SES126/SA126S13	SES007	-2.12322	-46.1255	-44.0023
BLOCK12/SES126/SA126S13	SES162	-2.26729	-46.2696	-44.0023
BLOCK12/SES126/SA126S13	SES177	-1.52861	-45.5309	-44.0023
BLOCK12/SES126/SA126S13	SES180	-2.22043	-46.2227	-44.0023
BLOCK12/SES126/SA126S14	SES144	-0.946747	-43.2026	-42.2558
BLOCK12/SES126/SA126S14	SES148	-1.68065	-43.9365	-42.2558
BLOCK12/SES126/SA126S14	SES177	-0.622505	-42.8783	-42.2558
BLOCK12/SES126/SA126S14	SES180	-1.77074	-44.0266	-42.2558
BLOCK12/SES126/SA126S20	SES007	-2.02682	-44.7827	-42.7559
BLOCK12/SES126/SA126S20	SES162	-1.98323	-44.7391	-42.7559
BLOCK12/SES126/SA126S20	SES172	-3.8586	-46.6145	-42.7559
BLOCK12/SES126/SA126S20	SES180	-2.72838	-45.4843	-42.7559
BLOCK12/SES126/SA126S24	SES120	-1.36483	-43.4974	-42.1326
BLOCK12/SES126/SA126S24	SES162	-2.13011	-44.2627	-42.1326
BLOCK12/SES126/SA126S24	SES177	-1.29334	-43.426	-42.1326
BLOCK12/SES126/SA126S24	SES180	-1.65414	-43.7868	-42.1326
BLOCK12/SES126/SA126S26	SES120	-1.15549	-44.2314	-43.0759
BLOCK12/SES126/SA126S26	SES177	-1.29056	-44.3665	-43.0759
BLOCK12/SES126/SA126S26	SES180	-1.65135	-44.7273	-43.0759
BLOCK12/SES126/SA126S26	SES202	-1.98567	-45.0616	-43.0759
BLOCK12/SES128/SA128S10	SES087	-2.77047	-45.2078	-42.4373
BLOCK12/SES128/SA128S10	SES206	-2.01308	-44.4504	-42.4373
BLOCK12/SES128/SA128S10	SES226	-1.03307	-43.4704	-42.4373
BLOCK12/SES128/SA128S10	SES270	-0.814751	-43.252	-42.4373
BLOCK12/SES128/SA128S12	SES120	-3.00502	-45.4977	-42.4927
BLOCK12/SES128/SA128S12	SES158	-1.50709	-43.9997	-42.4927
BLOCK12/SES128/SA128S12	SES206	-1.65759	-44.1502	-42.4927
BLOCK12/SES128/SA128S12	SES226	-1.79456	-44.2872	-42.4927
BLOCK12/SES128/SA128S21	SES106	-3.46849	-47.1344	-43.6659
BLOCK12/SES128/SA128S21	SES120	-2.32783	-45.9938	-43.6659
BLOCK12/SES128/SA128S21	SES206	-3.35003	-47.016	-43.6659
BLOCK12/SES128/SA128S21	SES226	-3.07631	-46.7422	-43.6659
BLOCK12/SES128/SA128S24	SES087	-3.17477	-46.3794	-43.2046
BLOCK12/SES128/SA128S24	SES120	-0.97776	-44.1824	-43.2046
BLOCK12/SES128/SA128S24	SES206	-2.4365	-45.6411	-43.2046
BLOCK12/SES128/SA128S24	SES226	-2.07977	-45.2844	-43.2046
BLOCK12/SES128/SA128S27	SES099	-1.33012	-43.6993	-42.3691
BLOCK12/SES128/SA128S27	SES120	-1.37292	-43.7421	-42.3691
BLOCK12/SES128/SA128S27	SES206	-1.71079	-44.0799	-42.3691
BLOCK12/SES128/SA128S27	SES226	-1.06881	-43.438	-42.3691
BLOCK13/SES130/SA130S13	SES143	-2.33905	-46.4615	-44.1224
BLOCK13/SES130/SA130S13	SES144	-0.331642	-44.4541	-44.1224
BLOCK13/SES130/SA130S13	SES146	-0.522228	-44.6446	-44.1224
BLOCK13/SES130/SA130S13	SES275	-3.80728	-47.9297	-44.1224
BLOCK13/SES130/SA130S15	SES143	-2.06194	-44.7228	-42.6609
BLOCK13/SES130/SA130S15	SES144	-0.788223	-43.4491	-42.6609
BLOCK13/SES130/SA130S15	SES146	-0.812813	-43.4737	-42.6609
BLOCK13/SES130/SA130S15	SES275	-1.53126	-44.1922	-42.6609
BLOCK13/SES130/SA130S23	SES127	-2.04595	-46.4454	-44.3994
BLOCK13/SES130/SA130S23	SES144	-1.5309	-45.9303	-44.3994
BLOCK13/SES130/SA130S23	SES146	-0.766087	-45.1655	-44.3994
BLOCK13/SES130/SA130S23	SES162	-0.903049	-45.3025	-44.3994
BLOCK13/SES130/SA130S25	SES127	-1.39524	-43.951	-42.5557
BLOCK13/SES130/SA130S25	SES144	-0.578915	-43.1346	-42.5557
BLOCK13/SES130/SA130S25	SES146	-0.90556	-43.4613	-42.5557
BLOCK13/SES130/SA130S25	SES275	-1.07665	-43.6324	-42.5557
BLOCK13/SES130/SA130S28	SES127	-1.19577	-43.9329	-42.7372
BLOCK13/SES130/SA130S28	SES144	-0.865437	-43.6026	-42.7372
BLOCK13/SES130/SA130S28	SES146	-0.848061	-43.5852	-42.7372
BLOCK13/SES130/SA130S28	SES275	-0.571075	-43.3082	-42.7372
BLOCK13/SES131/SA131S13	SES002	-2.96611	-47.7362	-44.7701
BLOCK13/SES131/SA131S13	SES007	-3.98055	-48.7506	-44.7701
BLOCK13/SES131/SA131S13	SES099	-1.69484	-46.4649	-44.7701
BLOCK13/SES131/SA131S13	SES105	-2.53313	-47.3032	-44.7701
BLOCK13/SES131/SA131S14	SES104	-0.95797	-43.9811	-43.0231
BLOCK13/SES131/SA131S14	SES106	-0.773647	-43.7968	-43.0231
BLOCK13/SES131/SA131S14	SES125	-1.87572	-44.8989	-43.0231
BLOCK13/SES131/SA131S14	SES148	-2.99733	-46.0205	-43.0231
BLOCK13/SES131/SA131S20	SES104	-2.28054	-46.4285	-44.1479
BLOCK13/SES131/SA131S20	SES106	-0.773567	-44.9215	-44.1479
BLOCK13/SES131/SA131S20	SES125	-1.87453	-46.0224	-44.1479
BLOCK13/SES131/SA131S20	SES148	-4.72297	-48.8709	-44.1479
BLOCK13/SES131/SA131S22	SES099	-0.88406	-44.3581	-43.474
BLOCK13/SES131/SA131S22	SES104	-1.49742	-44.9715	-43.474
BLOCK13/SES131/SA131S22	SES125	-1.30206	-44.7761	-43.474
BLOCK13/SES131/SA131S22	SES206	-1.59089	-45.0649	-43.474
BLOCK13/SES131/SA131S29	SES087	-1.44767	-45.5222	-44.0745
BLOCK13/SES131/SA131S29	SES104	-2.35068	-46.4252	-44.0745
BLOCK13/SES131/SA131S29	SES125	-2.30052	-46.375	-44.0745
BLOCK13/SES131/SA131S29	SES206	-1.80211	-45.8766	-44.0745
BLOCK13/SES132/SA132S11	SES083	-2.59112	-44.8621	-42.271
BLOCK13/SES132/SA132S11	SES120	-0.118725	-42.3897	-42.271
BLOCK13/SES132/SA132S11	SES127	-1.3018	-43.5728	-42.271
BLOCK13/SES132/SA132S11	SES275	-0.626438	-42.8974	-42.271
BLOCK13/SES132/SA132S12	SES083	-1.40265	-43.3016	-41.8989
BLOCK13/SES132/SA132S12	SES143	-1.36442	-43.2633	-41.8989
BLOCK13/SES132/SA132S12	SES144	-1.23473	-43.1336	-41.8989
BLOCK13/SES132/SA132S12	SES148	-0.991306	-42.8902	-41.8989
BLOCK13/SES132/SA132S22	SES062	-0.230949	-42.2848	-42.0539
BLOCK13/SES132/SA132S22	SES083	-1.45549	-43.5093	-42.0539
BLOCK13/SES132/SA132S22	SES127	-1.12962	-43.1835	-42.0539
BLOCK13/SES132/SA132S22	SES275	-0.637753	-42.6916	-42.0539
BLOCK13/SES132/SA132S24	SES007	-0.33963	-42.1272	-41.7876
BLOCK13/SES132/SA132S24	SES083	-1.78967	-43.5773	-41.7876
BLOCK13/SES132/SA132S24	SES127	-1.73516	-43.5228	-41.7876
BLOCK13/SES132/SA132S24	SES275	-0.619331	-42.4069	-41.7876
BLOCK13/SES132/SA132S27	SES083	-2.50509	-44.9857	-42.4806
BLOCK13/SES132/SA132S27	SES120	-0.256851	-42.7375	-42.4806
BLOCK13/SES132/SA132S27	SES127	-1.83439	-44.315	-42.4806
BLOCK13/SES132/SA132S27	SES275	-1.67714	-44.1578	-42.4806
BLOCK14/SES141/SA141S09	SES143	-1.27352	-43.7308	-42.4572
BLOCK14/SES141/SA141S09	SES144	-0.956154	-43.4134	-42.4572
BLOCK14/SES141/SA141S09	SES162	-1.41851	-43.8757	-42.4572
BLOCK14/SES141/SA141S09	SES180	-1.32496	-43.7822	-42.4572
BLOCK14/SES141/SA141S15	SES127	-1.01884	-43.4168	-42.398
BLOCK14/SES141/SA141S15	SES144	-0.965824	-43.3638	-42.398
BLOCK14/SES141/SA141S15	SES162	-1.54022	-43.9382	-42.398
BLOCK14/SES141/SA141S15	SES180	-0.703018	-43.101	-42.398
BLOCK14/SES141/SA141S24	SES127	-0.961845	-42.7927	-41.8308
BLOCK14/SES141/SA141S24	SES144	-1.19554	-43.0263	-41.8308
BLOCK14/SES141/SA141S24	SES162	-1.44335	-43.2742	-41.8308
BLOCK14/SES141/SA141S24	SES183	-1.94051	-43.7713	-41.8308
BLOCK14/SES141/SA141S26	SES142	-1.58551	-44.4551	-42.8696
BLOCK14/SES141/SA141S26	SES144	-1.13602	-44.0056	-42.8696
BLOCK14/SES141/SA141S26	SES172	-2.10708	-44.9767	-42.8696
BLOCK14/SES141/SA141S26	SES180	-1.45021	-44.3198	-42.8696
BLOCK14/SES141/SA141S29	SES127	-0.532017	-42.432	-41.9
BLOCK14/SES141/SA141S29	SES142	-0.477718	-42.3777	-41.9
BLOCK14/SES141/SA141S29	SES144	-0.970882	-42.8709	-41.9
BLOCK14/SES141/SA141S29	SES180	-0.743717	-42.6437	-41.9
BLOCK15/SES157/SA157S08	SES083	-2.82793	-45.6182	-42.7903
BLOCK15/SES157/SA157S08	SES127	-1.28904	-44.0794	-42.7903
BLOCK15/SES157/SA157S08	SES148	-1.69104	-44.4814	-42.7903
BLOCK15/SES157/SA157S08	SES292	-2.56707	-45.3574	-42.7903
BLOCK15/SES157/SA157S11	SES083	-2.21242	-45.0278	-42.8154
BLOCK15/SES157/SA157S11	SES127	-1.47189	-44.2873	-42.8154
BLOCK15/SES157/SA157S11	SES148	-1.40148	-44.2169	-42.8154
BLOCK15/SES157/SA157S11	SES292	-2.26551	-45.0809	-42.8154
BLOCK15/SES157/SA157S21	SES127	-1.64507	-43.9331	-42.288
BLOCK15/SES157/SA157S21	SES148	-1.33184	-43.6199	-42.288
BLOCK15/SES157/SA157S21	SES158	-5.81314	-48.1011	-42.288
BLOCK15/SES157/SA157S21	SES292	-1.89091	-44.1789	-42.288
BLOCK15/SES157/SA157S24	SES127	-0.777161	-43.3548	-42.5776
BLOCK15/SES157/SA157S24	SES148	-1.53572	-44.1133	-42.5776
BLOCK15/SES157/SA157S24	SES183	-1.55581	-44.1334	-42.5776
BLOCK15/SES157/SA157S24	SES292	-2.6211	-45.1987	-42.5776
BLOCK15/SES157/SA157S26	SES007	-0.534767	-42.7345	-42.1997
BLOCK15/SES157/SA157S26	SES127	-0.680279	-42.88	-42.1997
BLOCK15/SES157/SA157S26	SES147	-3.30885	-45.5085	-42.1997
BLOCK15/SES157/SA157S26	SES148	-1.36772	-43.5674	-42.1997
BLOCK16/SES161/SA161S10	SES007	-2.43155	-46.2679	-43.8363
BLOCK16/SES161/SA161S10	SES105	-1.65404	-45.4903	-43.8363
BLOCK16/SES161/SA161S10	SES158	-2.21291	-46.0492	-43.8363
BLOCK16/SES161/SA161S10	SES275	-2.62526	-46.4616	-43.8363
BLOCK16/SES161/SA161S12	SES007	-1.9087	-45.3067	-43.398
BLOCK16/SES161/SA161S12	SES105	-2.33948	-45.7374	-43.398
BLOCK16/SES161/SA161S12	SES158	-1.67218	-45.0701	-43.398
BLOCK16/SES161/SA161S12	SES275	-2.26144	-45.6594	-43.398
BLOCK16/SES161/SA161S20	SES007	-2.83859	-47.2512	-44.4127
BLOCK16/SES161/SA161S20	SES105	-3.0896	-47.5023	-44.4127
BLOCK16/SES161/SA161S20	SES158	-1.79966	-46.2123	-44.4127
BLOCK16/SES161/SA161S20	SES275	-3.67379	-48.0864	-44.4127
BLOCK16/SES161/SA161S23	SES007	-1.94214	-45.0228	-43.0806
BLOCK16/SES161/SA161S23	SES105	-1.51471	-44.5953	-43.0806
BLOCK16/SES161/SA161S23	SES148	-2.31562	-45.3962	-43.0806
BLOCK16/SES161/SA161S23	SES158	-0.946575	-44.0272	-43.0806
BLOCK16/SES161/SA161S28	SES007	-2.88573	-46.5174	-43.6317
BLOCK16/SES161/SA161S28	SES105	-2.96396	-46.5957	-43.6317
BLOCK16/SES161/SA161S28	SES158	-0.889839	-44.5215	-43.6317
BLOCK16/SES161/SA161S28	SES206	-1.67625	-45.308	-43.6317
BLOCK16/SES164/SA164S11	SES104	-1.95369	-44.2677	-42.314
BLOCK16/SES164/SA164S11	SES125	-1.00092	-43.3149	-42.314
BLOCK16/SES164/SA164S11	SES158	-0.499203	-42.8132	-42.314
BLOCK16/SES164/SA164S11	SES206	-1.85888	-44.1728	-42.314
BLOCK16/SES164/SA164S13	SES099	-0.950409	-44.4926	-43.5422
BLOCK16/SES164/SA164S13	SES104	-1.79621	-45.3384	-43.5422
BLOCK16/SES164/SA164S13	SES125	-2.20591	-45.7481	-43.5422
BLOCK16/SES164/SA164S13	SES206	-2.57157	-46.1138	-43.5422
BLOCK16/SES164/SA164S24	SES002	-0.564648	-43.4638	-42.8992
BLOCK16/SES164/SA164S24	SES099	-0.575298	-43.4745	-42.8992
BLOCK16/SES164/SA164S24	SES125	-1.74704	-44.6462	-42.8992
BLOCK16/SES164/SA164S24	SES226	-0.785385	-43.6846	-42.8992
BLOCK16/SES164/SA164S27	SES087	-2.48901	-45.5634	-43.0744
BLOCK16/SES164/SA164S27	SES125	-1.42918	-44.5035	-43.0744
BLOCK16/SES164/SA164S27	SES206	-1.52038	-44.5947	-43.0744
BLOCK16/SES164/SA164S27	SES226	-1.26361	-44.338	-43.0744
BLOCK16/SES164/SA164S29	SES002	-0.273903	-42.9793	-42.7054
BLOCK16/SES164/SA164S29	SES019	-1.77755	-44.4829	-42.7054
BLOCK16/SES164/SA164S29	SES125	-1.55951	-44.2649	-42.7054
BLOCK16/SES164/SA164S29	SES226	-1.49101	-44.1964	-42.7054
BLOCK16/SES169/SA169S13	SES117	-1.68594	-44.3293	-42.6433
BLOCK16/SES169/SA169S13	SES144	-1.09597	-43.7393	-42.6433
BLOCK16/SES169/SA169S13	SES146	-1.54454	-44.1879	-42.6433
BLOCK16/SES169/SA169S13	SES162	-1.43899	-44.0823	-42.6433
BLOCK16/SES169/SA169S14	SES144	-1.06114	-42.9297	-41.8685
BLOCK16/SES169/SA169S14	SES148	-0.98885	-42.8574	-41.8685
BLOCK16/SES169/SA169S14	SES177	-0.957447	-42.826	-41.8685
BLOCK16/SES169/SA169S14	SES180	-1.60606	-43.4746	-41.8685
BLOCK16/SES169/SA169S24	SES117	-1.31035	-44.7958	-43.4855
BLOCK16/SES169/SA169S24	SES144	-0.944546	-44.43	-43.4855
BLOCK16/SES169/SA169S24	SES146	-1.50253	-44.988	-43.4855
BLOCK16/SES169/SA169S24	SES162	-1.23648	-44.722	-43.4855
BLOCK16/SES169/SA169S27	SES127	-1.45825	-44.1088	-42.6506
BLOCK16/SES169/SA169S27	SES129	-1.36392	-44.0145	-42.6506
BLOCK16/SES169/SA169S27	SES144	-1.4026	-44.0532	-42.6506
BLOCK16/SES169/SA169S27	SES146	-0.713181	-43.3638	-42.6506
BLOCK16/SES169/SA169S29	SES144	-0.57856	-42.3608	-41.7822
BLOCK16/SES169/SA169S29	SES162	-0.77792	-42.5602	-41.7822
BLOCK16/SES169/SA169S29	SES177	-1.71899	-43.5012	-41.7822
BLOCK16/SES169/SA169S29	SES180	-0.849133	-42.6314	-41.7822
BLOCK17/SES171/SA171S12	SES083	-1.38266	-44.7594	-43.3767
BLOCK17/SES171/SA171S12	SES148	-1.56387	-44.9406	-43.3767
BLOCK17/SES171/SA171S12	SES172	-1.0603	-44.437	-43.3767
BLOCK17/SES171/SA171S12	SES292	-2.30437	-45.6811	-43.3767
BLOCK17/SES171/SA171S15	SES148	-1.32917	-45.1611	-43.832
BLOCK17/SES171/SA171S15	SES177	-1.35147	-45.1834	-43.832
BLOCK17/SES171/SA171S15	SES180	-4.06925	-47.9012	-43.832
BLOCK17/SES171/SA171S15	SES292	-3.84188	-47.6738	-43.832
BLOCK17/SES171/SA171S22	SES007	-1.24459	-43.8582	-42.6136
BLOCK17/SES171/SA171S22	SES148	-1.06956	-43.6831	-42.6136
BLOCK17/SES171/SA171S22	SES177	-0.454231	-43.0678	-42.6136
BLOCK17/SES171/SA171S22	SES180	-2.14286	-44.7564	-42.6136
BLOCK17/SES171/SA171S25	SES101	-2.53277	-46.2407	-43.708
BLOCK17/SES171/SA171S25	SES120	-3.45094	-47.1589	-43.708
BLOCK17/SES171/SA171S25	SES177	-1.00976	-44.7177	-43.708
BLOCK17/SES171/SA171S25	SES180	-3.04059	-46.7486	-43.708
BLOCK17/SES171/SA171S27	SES177	-0.857525	-43.8548	-42.9973
BLOCK17/SES171/SA171S27	SES180	-2.63971	-45.637	-42.9973
BLOCK17/SES171/SA171S27	SES189	-0.917038	-43.9143	-42.9973
BLOCK17/SES171/SA171S27	SES292	-2.76493	-45.7622	-42.9973
BLOCK17/SES173/SA173S13	SES162	-2.44752	-46.2536	-43.8061
BLOCK17/SES173/SA173S13	SES177	-1.61371	-45.4198	-43.8061
BLOCK17/SES173/SA173S13	SES180	-3.05229	-46.8584	-43.8061
BLOCK17/SES173/SA173S13	SES292	-1.96894	-45.775	-43.8061
BLOCK17/SES173/SA173S14	SES007	-2.80664	-46.7092	-43.9026
BLOCK17/SES173/SA173S14	SES162	-2.15135	-46.0539	-43.9026
BLOCK17/SES173/SA173S14	SES177	-1.14191	-45.0445	-43.9026
BLOCK17/SES173/SA173S14	SES180	-3.1048	-47.0074	-43.9026
BLOCK17/SES173/SA173S24	SES144	-1.36072	-45.648	-44.2873
BLOCK17/SES173/SA173S24	SES162	-2.6055	-46.8928	-44.2873
BLOCK17/SES173/SA173S24	SES177	-1.42307	-45.7104	-44.2873
BLOCK17/SES173/SA173S24	SES180	-3.11393	-47.4013	-44.2873
BLOCK17/SES173/SA173S27	SES162	-3.07964	-47.2521	-44.1724
BLOCK17/SES173/SA173S27	SES177	-1.83614	-46.0086	-44.1724
BLOCK17/SES173/SA173S27	SES180	-2.84985	-47.0223	-44.1724
BLOCK17/SES173/SA173S27	SES292	-2.67052	-46.8429	-44.1724
BLOCK17/SES173/SA173S29	SES162	-2.48841	-46.1711	-43.6826
BLOCK17/SES173/SA173S29	SES175	-1.34516	-45.0278	-43.6826
BLOCK17/SES173/SA173S29	SES177	-1.29118	-44.9738	-43.6826
BLOCK17/SES173/SA173S29	SES292	-3.14137	-46.824	-43.6826
BLOCK18/SES182/SA182S10	SES144	-1.06273	-43.6548	-42.5921
BLOCK18/SES182/SA182S10	SES177	-0.986622	-43.5787	-42.5921
BLOCK18/SES182/SA182S10	SES180	-1.94544	-44.5375	-42.5921
BLOCK18/SES182/SA182S10	SES275	-0.485775	-43.0779	-42.5921
BLOCK18/SES182/SA182S12	SES144	-0.629944	-42.8622	-42.2322
BLOCK18/SES182/SA182S12	SES177	-0.838837	-43.0711	-42.2322
BLOCK18/SES182/SA182S12	SES180	-1.38044	-43.6127	-42.2322
BLOCK18/SES182/SA182S12	SES275	-0.966068	-43.1983	-42.2322
BLOCK18/SES182/SA182S21	SES117	-2.00562	-45.0521	-43.0465
BLOCK18/SES182/SA182S21	SES144	-1.13432	-44.1808	-43.0465
BLOCK18/SES182/SA182S21	SES162	-1.21334	-44.2599	-43.0465
BLOCK18/SES182/SA182S21	SES180	-2.27585	-45.3224	-43.0465
BLOCK18/SES182/SA182S23	SES117	-1.88515	-44.804	-42.9189
BLOCK18/SES182/SA182S23	SES144	-1.394	-44.3129	-42.9189
BLOCK18/SES182/SA182S23	SES180	-2.10244	-45.0213	-42.9189
BLOCK18/SES182/SA182S23	SES275	-0.526352	-43.4452	-42.9189
BLOCK18/SES182/SA182S25	SES007	-0.104164	-42.6675	-42.5633
BLOCK18/SES182/SA182S25	SES162	-1.06909	-43.6324	-42.5633
BLOCK18/SES182/SA182S25	SES177	-0.985531	-43.5488	-42.5633
BLOCK18/SES182/SA182S25	SES180	-1.9568	-44.5201	-42.5633
BLOCK18/SES184/SA184S12	SES177	-2.04284	-44.8267	-42.7839
BLOCK18/SES184/SA184S12	SES180	-2.20756	-44.9914	-42.7839
BLOCK18/SES184/SA184S12	SES189	-1.79069	-44.5745	-42.7839
BLOCK18/SES184/SA184S12	SES292	-1.68978	-44.4736	-42.7839
BLOCK18/SES184/SA184S13	SES101	-2.48635	-45.0833	-42.597
BLOCK18/SES184/SA184S13	SES177	-1.41772	-44.0147	-42.597
BLOCK18/SES184/SA184S13	SES180	-1.8248	-44.4218	-42.597
BLOCK18/SES184/SA184S13	SES292	-1.73844	-44.3354	-42.597
BLOCK18/SES184/SA184S22	SES177	-1.87929	-43.6297	-41.7504
BLOCK18/SES184/SA184S22	SES180	-1.53273	-43.2831	-41.7504
BLOCK18/SES184/SA184S22	SES189	-2.63239	-44.3828	-41.7504
BLOCK18/SES184/SA184S22	SES292	-1.71684	-43.4672	-41.7504
BLOCK18/SES184/SA184S25	SES101	-1.27033	-42.7186	-41.4482
BLOCK18/SES184/SA184S25	SES177	-1.83398	-43.2822	-41.4482
BLOCK18/SES184/SA184S25	SES180	-1.27652	-42.7248	-41.4482
BLOCK18/SES184/SA184S25	SES292	-1.07607	-42.5243	-41.4482
BLOCK18/SES184/SA184S27	SES083	-2.06142	-44.1981	-42.1367
BLOCK18/SES184/SA184S27	SES177	-1.60245	-43.7392	-42.1367
BLOCK18/SES184/SA184S27	SES202	-1.76826	-43.905	-42.1367
BLOCK18/SES184/SA184S27	SES292	-1.68037	-43.8171	-42.1367
BLOCK20/SES204/SA204S12	SES062	-2.21966	-44.2437	-42.024
BLOCK20/SES204/SA204S12	SES083	-2.38226	-44.4063	-42.024
BLOCK20/SES204/SA204S12	SES206	-0.856907	-42.8809	-42.024
BLOCK20/SES204/SA204S12	SES226	-2.24038	-44.2644	-42.024
BLOCK20/SES204/SA204S14	SES068	-2.58388	-43.9923	-41.4084
BLOCK20/SES204/SA204S14	SES087	-0.491386	-41.8998	-41.4084
BLOCK20/SES204/SA204S14	SES206	-1.53996	-42.9484	-41.4084
BLOCK20/SES204/SA204S14	SES226	-1.86742	-43.2758	-41.4084
BLOCK20/SES204/SA204S22	SES068	-3.81784	-45.8776	-42.0598
BLOCK20/SES204/SA204S22	SES082	-3.46716	-45.527	-42.0598
BLOCK20/SES204/SA204S22	SES083	-3.71359	-45.7734	-42.0598
BLOCK20/SES204/SA204S22	SES206	-1.6564	-43.7162	-42.0598
BLOCK20/SES204/SA204S25	SES062	-3.35004	-45.7238	-42.3737
BLOCK20/SES204/SA204S25	SES083	-3.40475	-45.7785	-42.3737
BLOCK20/SES204/SA204S25	SES206	-0.956184	-43.3299	-42.3737
BLOCK20/SES204/SA204S25	SES226	-2.1662	-44.5399	-42.3737
BLOCK20/SES204/SA204S27	SES068	-4.35885	-46.6942	-42.3354
BLOCK20/SES204/SA204S27	SES082	-2.64913	-44.9845	-42.3354
BLOCK20/SES204/SA204S27	SES087	-1.00506	-43.3404	-42.3354
BLOCK20/SES204/SA204S27	SES206	-1.4898	-43.8252	-42.3354
BLOCK20/SES207/SA207S10	SES127	-1.00236	-43.8942	-42.8918
BLOCK20/SES207/SA207S10	SES183	-1.59666	-44.4885	-42.8918
BLOCK20/SES207/SA207S10	SES189	-1.36139	-44.2532	-42.8918
BLOCK20/SES207/SA207S10	SES292	-1.86285	-44.7546	-42.8918
BLOCK20/SES207/SA207S11	SES127	-1.94193	-44.8646	-42.9226
BLOCK20/SES207/SA207S11	SES183	-1.9568	-44.8794	-42.9226
BLOCK20/SES207/SA207S11	SES187	-0.891472	-43.8141	-42.9226
BLOCK20/SES207/SA207S11	SES292	-2.10756	-45.0302	-42.9226
BLOCK20/SES207/SA207S25	SES068	-1.56163	-44.5155	-42.9539
BLOCK20/SES207/SA207S25	SES083	-2.40828	-45.3622	-42.9539
BLOCK20/SES207/SA207S25	SES127	-0.94062	-43.8945	-42.9539
BLOCK20/SES207/SA207S25	SES187	-0.761082	-43.715	-42.9539
BLOCK20/SES207/SA207S27	SES127	-1.7231	-45.0785	-43.3554
BLOCK20/SES207/SA207S27	SES183	-0.901733	-44.2572	-43.3554
BLOCK20/SES207/SA207S27	SES187	-1.42514	-44.7806	-43.3554
BLOCK20/SES207/SA207S27	SES292	-2.23697	-45.5924	-43.3554
BLOCK20/SES207/SA207S29	SES083	-2.41244	-45.1343	-42.7218
BLOCK20/SES207/SA207S29	SES085	-1.15113	-43.8729	-42.7218
BLOCK20/SES207/SA207S29	SES172	-1.50138	-44.2232	-42.7218
BLOCK20/SES207/SA207S29	SES189	-2.33773	-45.0595	-42.7218
BLOCK22/SES221/SA221S12	SES068	-2.59902	-45.2445	-42.6455
BLOCK22/SES221/SA221S12	SES143	-1.88701	-44.5325	-42.6455
BLOCK22/SES221/SA221S12	SES175	-0.679005	-43.3245	-42.6455
BLOCK22/SES221/SA221S12	SES202	-0.705162	-43.3507	-42.6455
BLOCK22/SES221/SA221S15	SES085	-2.54575	-46.3441	-43.7984
BLOCK22/SES221/SA221S15	SES143	-2.59774	-46.3961	-43.7984
BLOCK22/SES221/SA221S15	SES175	-1.67421	-45.4726	-43.7984
BLOCK22/SES221/SA221S15	SES187	-0.672409	-44.4708	-43.7984
BLOCK22/SES221/SA221S23	SES068	-2.07473	-44.7637	-42.689
BLOCK22/SES221/SA221S23	SES143	-2.96473	-45.6537	-42.689
BLOCK22/SES221/SA221S23	SES175	-0.574127	-43.2631	-42.689
BLOCK22/SES221/SA221S23	SES189	-0.108444	-42.7974	-42.689
BLOCK22/SES221/SA221S27	SES085	-2.72881	-45.7403	-43.0115
BLOCK22/SES221/SA221S27	SES143	-1.7183	-44.7298	-43.0115
BLOCK22/SES221/SA221S27	SES175	-1.22589	-44.2374	-43.0115
BLOCK22/SES221/SA221S27	SES189	0.423359	-42.5882	-43.0115
BLOCK22/SES221/SA221S29	SES085	-3.4314	-47.5025	-44.0712
BLOCK22/SES221/SA221S29	SES143	-2.02039	-46.0915	-44.0712
BLOCK22/SES221/SA221S29	SES175	-0.624249	-44.6954	-44.0712
BLOCK22/SES221/SA221S29	SES187	-0.0331879	-44.1043	-44.0712
BLOCK22/SES223/SA223S11	SES143	-1.38124	-44.9912	-43.61
BLOCK22/SES223/SA223S11	SES144	-2.08924	-45.6992	-43.61
BLOCK22/SES223/SA223S11	SES175	-1.29318	-44.9032	-43.61
BLOCK22/SES223/SA223S11	SES187	-1.63442	-45.2444	-43.61
BLOCK22/SES223/SA223S13	SES068	-2.36089	-46.7396	-44.3787
BLOCK22/SES223/SA223S13	SES143	-2.69508	-47.0738	-44.3787
BLOCK22/SES223/SA223S13	SES146	-2.91297	-47.2917	-44.3787
BLOCK22/SES223/SA223S13	SES202	-1.90959	-46.2883	-44.3787
BLOCK22/SES223/SA223S22	SES143	-1.60381	-45.0784	-43.4746
BLOCK22/SES223/SA223S22	SES144	-1.98314	-45.4577	-43.4746
BLOCK22/SES223/SA223S22	SES175	-1.53239	-45.007	-43.4746
BLOCK22/SES223/SA223S22	SES187	-1.06249	-44.5371	-43.4746
BLOCK22/SES223/SA223S25	SES068	-1.25986	-44.6061	-43.3462
BLOCK22/SES223/SA223S25	SES143	-1.68618	-45.0324	-43.3462
BLOCK22/SES223/SA223S25	SES175	-1.30756	-44.6538	-43.3462
BLOCK22/SES223/SA223S25	SES187	-0.931728	-44.278	-43.3462
BLOCK22/SES223/SA223S27	SES143	-0.97295	-44.8801	-43.9071
BLOCK22/SES223/SA223S27	SES146	-1.64561	-45.5527	-43.9071
BLOCK22/SES223/SA223S27	SES187	-1.12592	-45.0331	-43.9071
BLOCK22/SES223/SA223S27	SES292	-2.31901	-46.2262	-43.9071
BLOCK27/SES273/SA273S12	SES099	-0.139713	-41.5279	-41.3882
BLOCK27/SES273/SA273S12	SES104	-0.83115	-42.2194	-41.3882
BLOCK27/SES273/SA273S12	SES125	-1.14717	-42.5354	-41.3882
BLOCK27/SES273/SA273S12	SES206	-0.385391	-41.7736	-41.3882
BLOCK27/SES273/SA273S13	SES099	-1.16346	-42.2705	-41.107
BLOCK27/SES273/SA273S13	SES104	-0.871616	-41.9787	-41.107
BLOCK27/SES273/SA273S13	SES206	-1.02269	-42.1297	-41.107
BLOCK27/SES273/SA273S13	SES292	-3.63194	-44.739	-41.107
BLOCK27/SES273/SA273S21	SES099	-0.0553627	-41.7346	-41.6793
BLOCK27/SES273/SA273S21	SES148	-2.98269	-44.6619	-41.6793
BLOCK27/SES273/SA273S21	SES149	-0.84462	-42.5239	-41.6793
BLOCK27/SES273/SA273S21	SES177	-3.49598	-45.1752	-41.6793
BLOCK27/SES273/SA273S25	SES104	-0.824558	-42.3551	-41.5306
BLOCK27/SES273/SA273S25	SES125	-1.17923	-42.7098	-41.5306
BLOCK27/SES273/SA273S25	SES158	-0.319218	-41.8498	-41.5306
BLOCK27/SES273/SA273S25	SES206	-0.165119	-41.6957	-41.5306
BLOCK27/SES273/SA273S27	SES099	-0.538891	-41.6869	-41.148
BLOCK27/SES273/SA273S27	SES104	-1.14874	-42.2967	-41.148
BLOCK27/SES273/SA273S27	SES149	-0.858761	-42.0068	-41.148
BLOCK27/SES273/SA273S27	SES275	-2.39291	-43.5409	-41.148
BLOCK27/SES274/SA274S10	SES105	-1.56238	-43.0723	-41.5099
BLOCK27/SES274/SA274S10	SES125	-0.94743	-42.4574	-41.5099
BLOCK27/SES274/SA274S10	SES129	-0.819088	-42.329	-41.5099
BLOCK27/SES274/SA274S10	SES158	-1.18663	-42.6966	-41.5099
BLOCK27/SES274/SA274S11	SES105	-1.80566	-43.5803	-41.7746
BLOCK27/SES274/SA274S11	SES149	-0.581741	-42.3564	-41.7746
BLOCK27/SES274/SA274S11	SES158	-0.831127	-42.6057	-41.7746
BLOCK27/SES274/SA274S11	SES275	-2.0036	-43.7782	-41.7746
BLOCK27/SES274/SA274S21	SES105	-1.52701	-43.6842	-42.1572
BLOCK27/SES274/SA274S21	SES129	-1.25389	-43.4111	-42.1572
BLOCK27/SES274/SA274S21	SES149	-0.608234	-42.7654	-42.1572
BLOCK27/SES274/SA274S21	SES158	-2.28304	-44.4403	-42.1572
BLOCK27/SES274/SA274S24	SES105	-1.99989	-44.064	-42.0641
BLOCK27/SES274/SA274S24	SES129	-2.00931	-44.0734	-42.0641
BLOCK27/SES274/SA274S24	SES149	-1.07567	-43.1398	-42.0641
BLOCK27/SES274/SA274S24	SES158	-1.74393	-43.8081	-42.0641
BLOCK27/SES274/SA274S29	SES105	-1.96635	-43.7527	-41.7864
BLOCK27/SES274/SA274S29	SES106	-2.08463	-43.871	-41.7864
BLOCK27/SES274/SA274S29	SES120	-2.16011	-43.9465	-41.7864
BLOCK27/SES274/SA274S29	SES275	-1.64628	-43.4326	-41.7864
BLOCK27/SES276/SA276S16	SES148	-1.44785	-44.2269	-42.779
BLOCK27/SES276/SA276S16	SES172	-1.75395	-44.533	-42.779
BLOCK27/SES276/SA276S16	SES180	-2.24755	-45.0266	-42.779
BLOCK27/SES276/SA276S16	SES292	-1.78365	-44.5627	-42.779
BLOCK27/SES276/SA276S17	SES101	-2.36611	-45.1423	-42.7762
BLOCK27/SES276/SA276S17	SES177	-1.47851	-44.2547	-42.7762
BLOCK27/SES276/SA276S17	SES180	-1.391	-44.1672	-42.7762
BLOCK27/SES276/SA276S17	SES292	-1.71902	-44.4952	-42.7762
BLOCK27/SES276/SA276S24	SES101	-1.39511	-43.1538	-41.7587
BLOCK27/SES276/SA276S24	SES177	-1.1982	-42.9569	-41.7587
BLOCK27/SES276/SA276S24	SES180	-1.59917	-43.3579	-41.7587
BLOCK27/SES276/SA276S24	SES292	-1.90346	-43.6622	-41.7587
BLOCK27/SES276/SA276S26	SES101	-2.59418	-44.7067	-42.1125
BLOCK27/SES276/SA276S26	SES177	-1.17682	-43.2893	-42.1125
BLOCK27/SES276/SA276S26	SES180	-0.925591	-43.0381	-42.1125
BLOCK27/SES276/SA276S26	SES292	-0.777477	-42.89	-42.1125
BLOCK27/SES276/SA276S28	SES101	-2.73088	-45.0544	-42.3235
BLOCK27/SES276/SA276S28	SES177	-1.96741	-44.2909	-42.3235
BLOCK27/SES276/SA276S28	SES180	-1.32928	-43.6528	-42.3235
BLOCK27/SES276/SA276S28	SES292	-2.38391	-44.7074	-42.3235
BLOCK27/SES277/SA277S12	SES101	-1.11237	-44.0177	-42.9054
BLOCK27/SES277/SA277S12	SES177	-1.44625	-44.3516	-42.9054
BLOCK27/SES277/SA277S12	SES180	-2.18468	-45.09	-42.9054
BLOCK27/SES277/SA277S12	SES292	-2.89684	-45.8022	-42.9054
BLOCK27/SES277/SA277S14	SES177	-1.73803	-45.058	-43.32
BLOCK27/SES277/SA277S14	SES180	-2.51876	-45.8388	-43.32
BLOCK27/SES277/SA277S14	SES189	-0.994968	-44.315	-43.32
BLOCK27/SES277/SA277S14	SES292	-3.50533	-46.8253	-43.32
BLOCK27/SES277/SA277S21	SES177	-0.727974	-43.3122	-42.5842
BLOCK27/SES277/SA277S21	SES180	-2.23923	-44.8234	-42.5842
BLOCK27/SES277/SA277S21	SES189	-0.724842	-43.309	-42.5842
BLOCK27/SES277/SA277S21	SES292	-3.31005	-45.8943	-42.5842
BLOCK27/SES277/SA277S24	SES144	-1.60225	-45.0611	-43.4588
BLOCK27/SES277/SA277S24	SES177	-1.73669	-45.1955	-43.4588
BLOCK27/SES277/SA277S24	SES180	-2.71193	-46.1707	-43.4588
BLOCK27/SES277/SA277S24	SES189	-1.39728	-44.8561	-43.4588
BLOCK27/SES277/SA277S29	SES177	-0.802925	-42.1447	-41.3418
BLOCK27/SES277/SA277S29	SES180	-1.35406	-42.6959	-41.3418
BLOCK27/SES277/SA277S29	SES202	-1.27597	-42.6178	-41.3418
BLOCK27/SES277/SA277S29	SES292	-2.43114	-43.7729	-41.3418
BLOCK27/SES279/SA279S09	SES120	-1.31371	-43.3659	-42.0522
BLOCK27/SES279/SA279S09	SES146	-1.47175	-43.524	-42.0522
BLOCK27/SES279/SA279S09	SES206	-2.74172	-44.794	-42.0522
BLOCK27/SES279/SA279S09	SES226	-2.58598	-44.6382	-42.0522
BLOCK27/SES279/SA279S10	SES099	-1.75378	-43.8341	-42.0804
BLOCK27/SES279/SA279S10	SES206	-1.90909	-43.9894	-42.0804
BLOCK27/SES279/SA279S10	SES226	-2.33314	-44.4135	-42.0804
BLOCK27/SES279/SA279S10	SES292	-1.60598	-43.6863	-42.0804
BLOCK27/SES279/SA279S20	SES099	-3.22598	-45.9876	-42.7616
BLOCK27/SES279/SA279S20	SES206	-1.97496	-44.7366	-42.7616
BLOCK27/SES279/SA279S20	SES226	-2.84851	-45.6101	-42.7616
BLOCK27/SES279/SA279S20	SES292	-1.07764	-43.8392	-42.7616
BLOCK27/SES279/SA279S26	SES099	-2.28481	-44.8395	-42.5547
BLOCK27/SES279/SA279S26	SES206	-1.30711	-43.8618	-42.5547
BLOCK27/SES279/SA279S26	SES226	-1.58006	-44.1347	-42.5547
BLOCK27/SES279/SA279S26	SES292	-1.64371	-44.1984	-42.5547
BLOCK27/SES279/SA279S28	SES099	-3.09664	-43.992	-40.8953
BLOCK27/SES279/SA279S28	SES120	-1.37208	-42.2674	-40.8953
BLOCK27/SES279/SA279S28	SES177	-2.61089	-43.5062	-40.8953
BLOCK27/SES279/SA279S28	SES206	-2.79457	-43.6899	-40.8953
BLOCK29/SES290/SA290S12	SES162	-1.67859	-43.4555	-41.7769
BLOCK29/SES290/SA290S12	SES177	-1.41607	-43.1929	-41.7769
BLOCK29/SES290/SA290S12	SES180	-2.4545	-44.2314	-41.7769
BLOCK29/SES290/SA290S12	SES292	-2.05084	-43.8277	-41.7769
BLOCK29/SES290/SA290S13	SES007	-1.89527	-44.424	-42.5288
BLOCK29/SES290/SA290S13	SES162	-2.23314	-44.7619	-42.5288
BLOCK29/SES290/SA290S13	SES177	-0.989208	-43.518	-42.5288
BLOCK29/SES290/SA290S13	SES180	-1.90323	-44.432	-42.5288
BLOCK29/SES290/SA290S22	SES177	-1.28879	-43.2076	-41.9188
BLOCK29/SES290/SA290S22	SES180	-1.40803	-43.3268	-41.9188
BLOCK29/SES290/SA290S22	SES202	-1.19423	-43.113	-41.9188
BLOCK29/SES290/SA290S22	SES292	-1.99981	-43.9186	-41.9188
BLOCK29/SES290/SA290S25	SES162	-1.75222	-43.5137	-41.7615
BLOCK29/SES290/SA290S25	SES177	-1.16331	-42.9248	-41.7615
BLOCK29/SES290/SA290S25	SES180	-1.46061	-43.2221	-41.7615
BLOCK29/SES290/SA290S25	SES292	-1.38669	-43.1482	-41.7615
BLOCK29/SES290/SA290S29	SES177	-0.583267	-42.3035	-41.7202
BLOCK29/SES290/SA290S29	SES180	-1.43779	-43.158	-41.7202
BLOCK29/SES290/SA290S29	SES275	-1.83261	-43.5528	-41.7202
BLOCK29/SES290/SA290S29	SES292	-1.11348	-42.8337	-41.7202
BLOCK29/SES291/SA291S11	SES105	-3.83091	-46.5552	-42.7242
BLOCK29/SES291/SA291S11	SES125	-1.19097	-43.9152	-42.7242
BLOCK29/SES291/SA291S11	SES158	-1.32449	-44.0487	-42.7242
BLOCK29/SES291/SA291S11	SES275	-5.1376	-47.8618	-42.7242
BLOCK29/SES291/SA291S12	SES158	-0.734753	-42.9573	-42.2226
BLOCK29/SES291/SA291S12	SES226	-1.467	-43.6896	-42.2226
BLOCK29/SES291/SA291S12	SES270	-0.354927	-42.5775	-42.2226
BLOCK29/SES291/SA291S12	SES275	-6.19044	-48.413	-42.2226
BLOCK29/SES291/SA291S22	SES082	-1.02273	-43.3727	-42.35
BLOCK29/SES291/SA291S22	SES158	-1.00308	-43.3531	-42.35
BLOCK29/SES291/SA291S22	SES259	-1.53033	-43.8803	-42.35
BLOCK29/SES291/SA291S22	SES275	-3.99627	-46.3463	-42.35
BLOCK29/SES291/SA291S24	SES104	-0.626083	-41.9184	-41.2923
BLOCK29/SES291/SA291S24	SES125	-0.167137	-41.4594	-41.2923
BLOCK29/SES291/SA291S24	SES158	-0.789894	-42.0822	-41.2923
BLOCK29/SES291/SA291S24	SES275	-4.74001	-46.0323	-41.2923
BLOCK29/SES291/SA291S27	SES158	-0.290039	-41.7996	-41.5096
BLOCK29/SES291/SA291S27	SES172	-5.38073	-46.8903	-41.5096
BLOCK29/SES291/SA291S27	SES275	-5.11461	-46.6242	-41.5096
BLOCK29/SES291/SA291S27	SES292	-4.26699	-45.7766	-41.5096
