spk_ver/v00/v0000	SES146	1.15613	-41.3541	-42.5102
spk_ver/v00/v0001	SES002	-21.6381	-64.7531	-43.1151
spk_ver/v00/v0002	SES002	-16.641	-59.5033	-42.8622
spk_ver/v00/v0003	SES002	-20.8092	-64.567	-43.7578
spk_ver/v00/v0004	SES002	-2.11032	-45.1976	-43.0872
spk_ver/v00/v0005	SES002	-4.79059	-46.462	-41.6714
spk_ver/v00/v0006	SES002	-11.8845	-54.0586	-42.1741
spk_ver/v00/v0007	SES002	-11.6074	-54.9285	-43.3211
spk_ver/v00/v0008	SES146	0.612564	-42.0297	-42.6423
spk_ver/v00/v0009	SES002	-1.37283	-43.3734	-42.0006
spk_ver/v00/v0010	SES002	-3.75946	-46.0881	-42.3286
spk_ver/v00/v0011	SES002	-2.61289	-46.0868	-43.4739
spk_ver/v00/v0012	SES002	-20.2285	-61.2462	-41.0177
spk_ver/v00/v0013	SES002	-14.9891	-56.6638	-41.6747
spk_ver/v00/v0014	SES002	-2.27223	-44.5217	-42.2495
spk_ver/v00/v0015	SES002	-1.86825	-43.402	-41.5338
spk_ver/v00/v0016	SES275	1.0926	-42.1655	-43.2581
spk_ver/v00/v0017	SES002	0.376076	-41.8226	-42.1987
spk_ver/v00/v0018	SES002	-15.2858	-58.7426	-43.4568
spk_ver/v00/v0019	SES002	-2.76383	-44.4468	-41.683
spk_ver/v00/v0020	SES002	-14.5438	-58.4844	-43.9405
spk_ver/v00/v0021	SES002	-19.19	-61.5652	-42.3753
spk_ver/v00/v0022	SES002	-2.25902	-45.4838	-43.2248
spk_ver/v00/v0023	SES002	-15.1573	-56.4382	-41.2808
spk_ver/v00/v0024	SES002	-13.4891	-57.3572	-43.8681
spk_ver/v00/v0025	SES002	-7.81969	-50.417	-42.5973
spk_ver/v00/v0026	SES002	-9.07945	-50.5847	-41.5052
spk_ver/v00/v0027	SES129	1.94018	-40.126	-42.0662
spk_ver/v00/v0028	SES007	-1.76765	-43.7243	-41.9567
spk_ver/v00/v0029	SES083	0.548668	-41.0673	-41.6159
spk_ver/v00/v0030	SES019	2.3798	-40.4318	-42.8116
spk_ver/v00/v0031	SES007	-2.23601	-44.741	-42.505
spk_ver/v00/v0032	SES270	1.53323	-40.3335	-41.8667
spk_ver/v00/v0033	SES007	-2.38784	-44.1497	-41.7618
spk_ver/v00/v0034	SES007	-2.08298	-46.4551	-44.3721
spk_ver/v00/v0035	SES007	-0.885818	-42.523	-41.6372
spk_ver/v00/v0036	SES007	-1.58316	-42.8399	-41.2568
spk_ver/v00/v0037	SES007	-2.71661	-44.5726	-41.8559
spk_ver/v00/v0038	SES259	2.17736	-39.0866	-41.264
spk_ver/v00/v0039	SES007	-3.3011	-45.3999	-42.0988
spk_ver/v00/v0040	SES007	-2.35699	-43.8967	-41.5397
spk_ver/v00/v0041	SES007	-2.44812	-44.1656	-41.7175
spk_ver/v00/v0042	SES007	-1.10572	-43.2279	-42.1222
spk_ver/v00/v0043	SES007	-1.38947	-43.7119	-42.3225
spk_ver/v00/v0044	SES007	-2.10892	-42.9868	-40.8779
spk_ver/v00/v0045	SES007	-0.927788	-43.0502	-42.1224
spk_ver/v00/v0046	SES007	-1.43185	-43.2357	-41.8038
spk_ver/v00/v0047	SES172	1.32982	-40.8338	-42.1636
spk_ver/v00/v0048	SES105	1.73743	-40.9117	-42.6491
spk_ver/v00/v0049	SES007	-0.514767	-42.2208	-41.706
spk_ver/v00/v0050	SES292	0.291416	-41.8338	-42.1252
spk_ver/v00/v0051	SES007	-1.71363	-44.1205	-42.4069
spk_ver/v00/v0052	SES068	1.25119	-40.3447	-41.5959
spk_ver/v00/v0053	SES008	-1.28944	-42.5494	-41.2599
spk_ver/v00/v0054	SES008	-4.87814	-48.4799	-43.6017
spk_ver/v00/v0055	SES008	-3.95938	-46.0536	-42.0942
spk_ver/v00/v0056	SES008	-6.36948	-49.0922	-42.7227
spk_ver/v00/v0057	SES008	-7.85489	-50.3555	-42.5006
spk_ver/v00/v0058	SES083	0.644817	-41.1796	-41.8244
spk_ver/v00/v0059	SES158	2.10948	-40.4362	-42.5457
spk_ver/v00/v0060	SES008	-2.58696	-44.3336	-41.7466
spk_ver/v00/v0061	SES101	1.20589	-41.7388	-42.9447
spk_ver/v00/v0062	SES008	-3.15311	-45.4256	-42.2725
spk_ver/v00/v0063	SES008	-1.89116	-44.1731	-42.2819
spk_ver/v00/v0064	SES117	1.69895	-41.161	-42.8599
spk_ver/v00/v0065	SES149	2.09044	-39.8645	-41.9549
spk_ver/v00/v0066	SES008	-3.94934	-45.7682	-41.8189
spk_ver/v00/v0067	SES008	-5.4797	-48.7219	-43.2422
spk_ver/v00/v0068	SES162	2.19114	-40.9861	-43.1772
spk_ver/v00/v0069	SES008	-5.83029	-48.3173	-42.487
spk_ver/v00/v0070	SES008	0.161293	-41.594	-41.7553
spk_ver/v00/v0071	SES008	-2.84445	-45.3108	-42.4664
spk_ver/v00/v0072	SES008	-0.315479	-41.2538	-40.9383
spk_ver/v00/v0073	SES008	-3.01642	-43.9119	-40.8955
spk_ver/v00/v0074	SES008	-4.95919	-46.8261	-41.867
spk_ver/v00/v0075	SES008	-8.9728	-52.4736	-43.5008
spk_ver/v00/v0076	SES167	1.49627	-40.2106	-41.7069
spk_ver/v00/v0077	SES008	-2.04733	-43.2946	-41.2473
spk_ver/v00/v0078	SES177	0.994339	-40.5002	-41.4945
spk_ver/v00/v0079	SES008	-1.14667	-43.42	-42.2733
spk_ver/v00/v0080	SES008	-3.07074	-45.8281	-42.7574
spk_ver/v00/v0081	SES008	-6.92463	-50.3703	-43.4457
spk_ver/v00/v0082	SES008	-2.91896	-44.8123	-41.8933
spk_ver/v00/v0083	SES008	-6.55438	-50.2611	-43.7067
spk_ver/v00/v0084	SES144	1.81764	-41.1462	-42.9638
spk_ver/v00/v0085	SES008	-2.24444	-44.168	-41.9235
spk_ver/v00/v0086	SES008	-1.52052	-42.0795	-40.559
spk_ver/v00/v0087	SES008	-4.21278	-47.3575	-43.1447
spk_ver/v00/v0088	SES008	-1.98254	-44.0919	-42.1093
spk_ver/v00/v0089	SES008	-2.01714	-44.6863	-42.6691
spk_ver/v00/v0090	SES142	2.22364	-40.5033	-42.7269
spk_ver/v00/v0091	SES008	-7.28337	-49.4344	-42.151
spk_ver/v00/v0092	SES158	1.4288	-41.234	-42.6628
spk_ver/v00/v0093	SES014	-5.41669	-46.9686	-41.5519
spk_ver/v00/v0094	SES014	-4.33784	-48.0937	-43.7559
spk_ver/v00/v0095	SES014	-0.801678	-42.3396	-41.5379
spk_ver/v00/v0096	SES014	-2.63978	-44.5359	-41.8961
spk_ver/v00/v0097	SES014	-2.10818	-44.9738	-42.8656
spk_ver/v00/v0098	SES014	-1.11277	-42.4152	-41.3024
spk_ver/v00/v0099	SES014	-14.8748	-57.6317	-42.7569
spk_ver/v01/v0100	SES127	1.38396	-40.7254	-42.1094
spk_ver/v01/v0101	SES014	-10.8116	-54.5097	-43.6981
spk_ver/v01/v0102	SES014	-18.7262	-62.3358	-43.6096
spk_ver/v01/v0103	SES014	-5.04655	-49.0241	-43.9776
spk_ver/v01/v0104	SES014	-12.5288	-55.6503	-43.1215
spk_ver/v01/v0105	SES014	-3.81634	-47.636	-43.8196
spk_ver/v01/v0106	SES014	-2.81363	-45.2637	-42.4501
spk_ver/v01/v0107	SES014	-15.6333	-57.3054	-41.6721
spk_ver/v01/v0108	SES014	-20.025	-63.282	-43.257
spk_ver/v01/v0109	SES014	-12.4783	-55.2835	-42.8051
spk_ver/v01/v0110	SES014	-2.752	-46.5692	-43.8173
spk_ver/v01/v0111	SES014	-0.634819	-42.4649	-41.8301
spk_ver/v01/v0112	SES014	-13.1298	-54.8409	-41.7112
spk_ver/v01/v0113	SES104	0.279354	-42.1754	-42.4548
spk_ver/v01/v0114	SES082	1.2322	-40.6327	-41.8649
spk_ver/v01/v0115	SES087	2.41645	-39.9068	-42.3232
spk_ver/v01/v0116	SES014	-1.27414	-43.2807	-42.0065
spk_ver/v01/v0117	SES177	0.655571	-41.7866	-42.4422
spk_ver/v01/v0118	SES014	-11.826	-54.9488	-43.1228
spk_ver/v01/v0119	SES014	-0.835197	-42.5099	-41.6747
spk_ver/v01/v0120	SES014	-18.2971	-61.7915	-43.4944
spk_ver/v01/v0121	SES146	0.977348	-41.4117	-42.389
spk_ver/v01/v0122	SES014	2.25065	-38.6075	-40.8581
spk_ver/v01/v0123	SES014	-1.47921	-43.5748	-42.0955
spk_ver/v01/v0124	SES014	-14.4442	-57.0769	-42.6327
spk_ver/v01/v0125	SES014	-6.28796	-48.9988	-42.7108
spk_ver/v01/v0126	SES016	-2.76905	-45.4229	-42.6539
spk_ver/v01/v0127	SES016	-2.3763	-46.1134	-43.7371
spk_ver/v01/v0128	SES106	2.774	-40.1486	-42.9226
spk_ver/v01/v0129	SES016	-4.35564	-45.9167	-41.561
spk_ver/v01/v0130	SES016	-2.47557	-45.0689	-42.5933
spk_ver/v01/v0131	SES016	-5.69569	-47.6672	-41.9715
spk_ver/v01/v0132	SES016	-2.19676	-44.5024	-42.3057
spk_ver/v01/v0133	SES016	-2.35415	-44.9278	-42.5736
spk_ver/v01/v0134	SES016	-2.87607	-44.1895	-41.3134
spk_ver/v01/v0135	SES016	-3.37869	-46.8768	-43.4981
spk_ver/v01/v0136	SES016	-3.31717	-46.526	-43.2088
spk_ver/v01/v0137	SES007	1.08148	-41.3671	-42.4486
spk_ver/v01/v0138	SES016	-0.841	-42.7788	-41.9378
spk_ver/v01/v0139	SES016	-1.72314	-42.8395	-41.1164
spk_ver/v01/v0140	SES016	1.75603	-40.5084	-42.2644
spk_ver/v01/v0141	SES016	-10.0678	-54.3282	-44.2605
spk_ver/v01/v0142	SES016	-4.31535	-46.4142	-42.0989
spk_ver/v01/v0143	SES016	-8.17404	-51.1701	-42.9961
spk_ver/v01/v0144	SES016	-3.44729	-45.5113	-42.064
spk_ver/v01/v0145	SES016	-3.58092	-47.1628	-43.5819
spk_ver/v01/v0146	SES016	-0.888783	-42.0372	-41.1484
spk_ver/v01/v0147	SES016	-1.1835	-42.8613	-41.6778
spk_ver/v01/v0148	SES127	1.31478	-40.8984	-42.2131
spk_ver/v01/v0149	SES016	-4.55296	-46.4977	-41.9447
spk_ver/v01/v0150	SES016	-1.81306	-43.7544	-41.9413
spk_ver/v01/v0151	SES147	1.81404	-41.7359	-43.5499
spk_ver/v01/v0152	SES016	-1.73443	-43.7956	-42.0612
spk_ver/v01/v0153	SES104	1.79596	-39.72	-41.5159
spk_ver/v01/v0154	SES016	-2.99804	-46.0371	-43.0391
spk_ver/v01/v0155	SES016	-2.31696	-45.1899	-42.8729
spk_ver/v01/v0156	SES019	-1.41655	-44.6124	-43.1959
spk_ver/v01/v0157	SES019	-4.1165	-45.2949	-41.1784
spk_ver/v01/v0158	SES019	-0.649483	-42.8122	-42.1627
spk_ver/v01/v0159	SES007	0.844646	-41.6602	-42.5049
spk_ver/v01/v0160	SES019	-2.59629	-43.9952	-41.3989
spk_ver/v01/v0161	SES019	-2.79297	-45.556	-42.7631
spk_ver/v01/v0162	SES019	-11.409	-52.925	-41.516
spk_ver/v01/v0163	SES189	1.81203	-41.8946	-43.7066
spk_ver/v01/v0164	SES019	-1.96365	-43.8071	-41.8435
spk_ver/v01/v0165	SES019	-0.803974	-43.8525	-43.0485
spk_ver/v01/v0166	SES019	-8.82249	-50.6034	-41.7809
spk_ver/v01/v0167	SES019	-12.0779	-54.5563	-42.4784
spk_ver/v01/v0168	SES019	-1.57345	-44.4678	-42.8943
spk_ver/v01/v0169	SES019	-4.79071	-47.9413	-43.1506
spk_ver/v01/v0170	SES270	1.62794	-40.4297	-42.0576
spk_ver/v01/v0171	SES019	-2.6583	-44.5923	-41.934
spk_ver/v01/v0172	SES019	-10.3797	-52.7227	-42.3429
spk_ver/v01/v0173	SES206	1.87512	-40.6325	-42.5076
spk_ver/v01/v0174	SES019	-1.98783	-45.0704	-43.0826
spk_ver/v01/v0175	SES014	1.48537	-40.1191	-41.6044
spk_ver/v01/v0176	SES019	-9.79931	-51.4549	-41.6556
spk_ver/v01/v0177	SES120	1.11938	-41.4739	-42.5933
spk_ver/v01/v0178	SES019	-1.07742	-44.6731	-43.5956
spk_ver/v01/v0179	SES019	-13.5988	-54.7317	-41.1329
spk_ver/v01/v0180	SES175	1.91748	-40.6285	-42.546
spk_ver/v01/v0181	SES019	-11.2815	-54.2379	-42.9564
spk_ver/v01/v0182	SES019	-6.69726	-48.2898	-41.5925
spk_ver/v01/v0183	SES029	-3.03252	-45.519	-42.4865
spk_ver/v01/v0184	SES029	-5.8521	-47.9217	-42.0696
spk_ver/v01/v0185	SES029	-3.58655	-45.871	-42.2844
spk_ver/v01/v0186	SES068	1.39485	-40.049	-41.4438
spk_ver/v01/v0187	SES029	-5.78359	-47.4553	-41.6717
spk_ver/v01/v0188	SES029	-2.75801	-43.5895	-40.8315
spk_ver/v01/v0189	SES149	2.03287	-39.4585	-41.4914
spk_ver/v01/v0190	SES029	-5.23111	-46.6836	-41.4525
spk_ver/v01/v0191	SES029	-4.32801	-46.9677	-42.6397
spk_ver/v01/v0192	SES183	2.27912	-39.7282	-42.0073
spk_ver/v01/v0193	SES029	-1.10696	-43.8456	-42.7386
spk_ver/v01/v0194	SES016	1.9149	-40.2535	-42.1684
spk_ver/v01/v0195	SES029	-3.46124	-45.2205	-41.7593
spk_ver/v01/v0196	SES029	-1.39917	-43.4266	-42.0274
spk_ver/v01/v0197	SES029	-4.33782	-46.3224	-41.9846
spk_ver/v01/v0198	SES146	0.960995	-41.5201	-42.4811
spk_ver/v01/v0199	SES029	-3.94639	-47.3569	-43.4105
spk_ver/v02/v0200	SES029	-2.86958	-45.422	-42.5524
spk_ver/v02/v0201	SES068	1.43841	-40.3873	-41.8258
spk_ver/v02/v0202	SES148	1.46286	-40.687	-42.1498
spk_ver/v02/v0203	SES029	-3.69803	-45.6073	-41.9093
spk_ver/v02/v0204	SES029	-0.326702	-42.4145	-42.0878
spk_ver/v02/v0205	SES060	1.73643	-40.0768	-41.8133
spk_ver/v02/v0206	SES127	2.45451	-39.7597	-42.2142
spk_ver/v02/v0207	SES029	-4.5453	-47.471	-42.9257
spk_ver/v02/v0208	SES048	2.90089	-40.7318	-43.6326
spk_ver/v02/v0209	SES029	-2.06363	-43.4779	-41.4143
spk_ver/v02/v0210	SES029	-5.37934	-48.0932	-42.7139
spk_ver/v02/v0211	SES029	-3.42334	-44.7884	-41.3651
spk_ver/v02/v0212	SES042	-17.8911	-60.924	-43.033
spk_ver/v02/v0213	SES085	2.4013	-40.7657	-43.167
spk_ver/v02/v0214	SES206	2.41698	-39.7549	-42.1718
spk_ver/v02/v0215	SES144	0.890633	-41.3829	-42.2735
spk_ver/v02/v0216	SES042	-3.71569	-45.6875	-41.9718
spk_ver/v02/v0217	SES042	-3.34818	-49.063	-45.7148
spk_ver/v02/v0218	SES042	-0.887825	-42.4773	-41.5895
spk_ver/v02/v0219	SES206	2.04631	-39.9756	-42.0219
spk_ver/v02/v0220	SES019	3.84324	-39.5015	-43.3447
spk_ver/v02/v0221	SES007	0.736557	-41.3563	-42.0929
spk_ver/v02/v0222	SES042	-14.0628	-57.7266	-43.6638
spk_ver/v02/v0223	SES147	2.05016	-41.738	-43.7882
spk_ver/v02/v0224	SES105	1.46438	-41.4802	-42.9445
spk_ver/v02/v0225	SES042	-2.90218	-44.4416	-41.5395
spk_ver/v02/v0226	SES275	0.713936	-41.5901	-42.3041
spk_ver/v02/v0227	SES042	-5.22368	-47.5	-42.2763
spk_ver/v02/v0228	SES042	-7.26477	-48.9349	-41.6701
spk_ver/v02/v0229	SES042	-21.9859	-63.7977	-41.8119
spk_ver/v02/v0230	SES085	1.47075	-39.4893	-40.9601
spk_ver/v02/v0231	SES014	2.03706	-38.8331	-40.8701
spk_ver/v02/v0232	SES042	-1.64019	-43.3289	-41.6887
spk_ver/v02/v0233	SES048	-4.75523	-46.738	-41.9827
spk_ver/v02/v0234	SES048	-7.48745	-51.3713	-43.8839
spk_ver/v02/v0235	SES029	0.960934	-41.1198	-42.0808
spk_ver/v02/v0236	SES048	-4.19968	-45.7979	-41.5982
spk_ver/v02/v0237	SES048	-5.09503	-47.4739	-42.3789
spk_ver/v02/v0238	SES048	-3.73755	-45.7372	-41.9997
spk_ver/v02/v0239	SES060	1.47321	-40.2909	-41.7641
spk_ver/v02/v0240	SES048	-5.80393	-48.5264	-42.7225
spk_ver/v02/v0241	SES048	-5.60535	-48.2791	-42.6738
spk_ver/v02/v0242	SES189	3.9613	-40.7529	-44.7142
spk_ver/v02/v0243	SES162	1.51957	-41.4989	-43.0185
spk_ver/v02/v0244	SES048	-4.09824	-45.5526	-41.4544
spk_ver/v02/v0245	SES048	-4.26375	-45.9544	-41.6907
spk_ver/v02/v0246	SES048	-4.26603	-45.8644	-41.5983
spk_ver/v02/v0247	SES048	-5.21482	-48.9813	-43.7665
spk_ver/v02/v0248	SES226	1.95071	-40.3512	-42.3019
spk_ver/v02/v0249	SES048	-2.92767	-44.8139	-41.8862
spk_ver/v02/v0250	SES048	-3.26816	-46.4548	-43.1866
spk_ver/v02/v0251	SES048	-4.95423	-47.8735	-42.9192
spk_ver/v02/v0252	SES060	-4.85739	-48.6293	-43.7719
spk_ver/v02/v0253	SES060	-4.90523	-47.1639	-42.2586
spk_ver/v02/v0254	SES259	2.40063	-38.9502	-41.3508
spk_ver/v02/v0255	SES060	-3.51789	-46.8044	-43.2865
spk_ver/v02/v0256	SES202	0.774902	-42.3402	-43.1151
spk_ver/v02/v0257	SES148	1.15783	-40.3336	-41.4914
spk_ver/v02/v0258	SES060	-7.59208	-52.4953	-44.9032
spk_ver/v02/v0259	SES060	-1.57727	-43.2315	-41.6542
spk_ver/v02/v0260	SES060	-2.04213	-44.4142	-42.3721
spk_ver/v02/v0261	SES099	2.47178	-39.7754	-42.2472
spk_ver/v02/v0262	SES060	-2.55033	-44.5861	-42.0358
spk_ver/v02/v0263	SES060	-1.20236	-42.6105	-41.4081
spk_ver/v02/v0264	SES292	0.842075	-41.6034	-42.4455
spk_ver/v02/v0265	SES060	-0.761234	-42.6213	-41.8601
spk_ver/v02/v0266	SES060	-7.22622	-50.3953	-43.1691
spk_ver/v02/v0267	SES060	-6.34286	-49.8642	-43.5214
spk_ver/v02/v0268	SES060	-5.42398	-49.4444	-44.0204
spk_ver/v02/v0269	SES127	1.47842	-40.6904	-42.1688
spk_ver/v02/v0270	SES060	-2.96962	-46.423	-43.4534
spk_ver/v02/v0271	SES060	-0.658665	-42.4835	-41.8249
spk_ver/v02/v0272	SES060	-5.03462	-48.446	-43.4114
spk_ver/v02/v0273	SES087	2.21585	-40.2478	-42.4636
spk_ver/v02/v0274	SES146	1.08897	-41.3278	-42.4167
spk_ver/v02/v0275	SES060	-6.90299	-50.0514	-43.1485
spk_ver/v02/v0276	SES002	2.95873	-39.221	-42.1797
spk_ver/v02/v0277	SES060	-1.06009	-43.0156	-41.9556
spk_ver/v02/v0278	SES060	-5.71577	-48.4051	-42.6894
spk_ver/v02/v0279	SES060	-4.88435	-46.4744	-41.59
spk_ver/v02/v0280	SES129	2.31779	-39.9177	-42.2355
spk_ver/v02/v0281	SES162	1.88226	-40.8053	-42.6875
spk_ver/v02/v0282	SES060	-4.27895	-46.1621	-41.8832
spk_ver/v02/v0283	SES060	-1.87331	-43.3205	-41.4472
spk_ver/v02/v0284	SES062	-3.05866	-46.432	-43.3733
spk_ver/v02/v0285	SES062	-4.14309	-46.4252	-42.2821
spk_ver/v02/v0286	SES120	0.404705	-42.5392	-42.9439
spk_ver/v02/v0287	SES062	-4.22021	-47.2614	-43.0412
spk_ver/v02/v0288	SES062	-3.60799	-46.0676	-42.4596
spk_ver/v02/v0289	SES062	-3.16455	-44.4746	-41.31
spk_ver/v02/v0290	SES062	-1.74082	-43.3798	-41.639
spk_ver/v02/v0291	SES275	0.8004	-41.2041	-42.0045
spk_ver/v02/v0292	SES062	-3.5761	-46.8922	-43.3161
spk_ver/v02/v0293	SES062	-3.69888	-46.5488	-42.85
spk_ver/v02/v0294	SES062	-2.88536	-44.1693	-41.284
spk_ver/v02/v0295	SES062	-3.33462	-45.4375	-42.1029
spk_ver/v02/v0296	SES062	-3.16692	-45.2152	-42.0483
spk_ver/v02/v0297	SES062	-4.55464	-47.1133	-42.5587
spk_ver/v02/v0298	SES062	-4.07631	-46.8362	-42.7599
spk_ver/v02/v0299	SES062	-2.35542	-44.7548	-42.3993
spk_ver/v03/v0300	SES062	-3.68579	-47.2826	-43.5968
spk_ver/v03/v0301	SES062	-2.39628	-43.286	-40.8897
spk_ver/v03/v0302	SES172	1.60368	-39.5561	-41.1598
spk_ver/v03/v0303	SES062	-1.31619	-43.6022	-42.286
spk_ver/v03/v0304	SES062	-2.49859	-44.7059	-42.2073
spk_ver/v03/v0305	SES062	-3.4674	-46.4744	-43.007
spk_ver/v03/v0306	SES062	-4.84125	-49.0606	-44.2194
spk_ver/v03/v0307	SES062	-4.56795	-46.3482	-41.7803
spk_ver/v03/v0308	SES062	-4.77886	-47.7986	-43.0197
spk_ver/v03/v0309	SES062	-3.36664	-47.4317	-44.0651
spk_ver/v03/v0310	SES125	2.18032	-38.9818	-41.1622
spk_ver/v03/v0311	SES062	-2.44456	-44.3725	-41.928
spk_ver/v03/v0312	SES062	-5.46164	-48.318	-42.8564
spk_ver/v03/v0313	SES062	-2.51728	-46.3565	-43.8392
spk_ver/v03/v0314	SES068	-4.99301	-46.919	-41.9259
spk_ver/v03/v0315	SES068	-4.05442	-45.1134	-41.059
spk_ver/v03/v0316	SES068	-2.32265	-45.6687	-43.3461
spk_ver/v03/v0317	SES068	-2.78445	-45.7758	-42.9913
spk_ver/v03/v0318	SES068	-5.1002	-46.9949	-41.8947
spk_ver/v03/v0319	SES068	-7.63288	-50.7064	-43.0735
spk_ver/v03/v0320	SES068	-1.41225	-42.5068	-41.0946
spk_ver/v03/v0321	SES068	-0.287601	-42.358	-42.0704
spk_ver/v03/v0322	SES068	-0.794415	-43.0245	-42.2301
spk_ver/v03/v0323	SES068	-3.40549	-45.8755	-42.47
spk_ver/v03/v0324	SES144	0.458855	-42.9185	-43.3774
spk_ver/v03/v0325	SES068	-1.48689	-42.8732	-41.3863
spk_ver/v03/v0326	SES068	-0.217743	-40.6514	-40.4337
spk_ver/v03/v0327	SES068	-3.08299	-45.2504	-42.1674
spk_ver/v03/v0328	SES068	-5.53939	-48.2453	-42.7059
spk_ver/v03/v0329	SES068	-1.48569	-43.2388	-41.7531
spk_ver/v03/v0330	SES180	1.40521	-41.4982	-42.9034
spk_ver/v03/v0331	SES068	-0.285889	-42.7112	-42.4253
spk_ver/v03/v0332	SES275	1.42446	-40.6043	-42.0288
spk_ver/v03/v0333	SES062	2.04786	-39.4747	-41.5226
spk_ver/v03/v0334	SES270	1.89956	-40.488	-42.3876
spk_ver/v03/v0335	SES068	-6.66995	-49.9459	-43.2759
spk_ver/v03/v0336	SES068	-0.516663	-41.5703	-41.0536
spk_ver/v03/v0337	SES068	-2.79023	-45.7914	-43.0011
spk_ver/v03/v0338	SES068	-1.84137	-44.6027	-42.7613
spk_ver/v03/v0339	SES068	-0.924946	-43.3341	-42.4091
spk_ver/v03/v0340	SES068	-2.70301	-45.9848	-43.2818
spk_ver/v03/v0341	SES016	1.20235	-40.3267	-41.529
spk_ver/v03/v0342	SES068	-3.48972	-46.8177	-43.328
spk_ver/v03/v0343	SES068	-0.98341	-42.8888	-41.9053
spk_ver/v03/v0344	SES125	1.87099	-39.9901	-41.8611
spk_ver/v03/v0345	SES187	1.84447	-40.06	-41.9044
spk_ver/v03/v0346	SES068	-1.84306	-43.3993	-41.5562
spk_ver/v03/v0347	SES143	1.5335	-40.7058	-42.2393
spk_ver/v03/v0348	SES292	1.53455	-40.6988	-42.2334
spk_ver/v03/v0349	SES082	-6.96766	-49.4684	-42.5008
spk_ver/v03/v0350	SES101	1.8625	-39.8024	-41.6649
spk_ver/v03/v0351	SES082	-0.127869	-42.7331	-42.6053
spk_ver/v03/v0352	SES082	-0.666679	-43.8407	-43.174
spk_ver/v03/v0353	SES082	-5.19942	-47.4702	-42.2708
spk_ver/v03/v0354	SES082	-12.0621	-55.3658	-43.3037
spk_ver/v03/v0355	SES083	0.985851	-39.9241	-40.91
spk_ver/v03/v0356	SES082	-2.50677	-45.3173	-42.8106
spk_ver/v03/v0357	SES082	-9.23403	-51.8388	-42.6048
spk_ver/v03/v0358	SES082	-0.848297	-43.4162	-42.5679
spk_ver/v03/v0359	SES117	0.989967	-42.5973	-43.5873
spk_ver/v03/v0360	SES082	-5.94281	-47.8682	-41.9254
spk_ver/v03/v0361	SES082	-1.13232	-43.6757	-42.5434
spk_ver/v03/v0362	SES007	1.19674	-40.7912	-41.9879
spk_ver/v03/v0363	SES082	-2.89591	-44.6496	-41.7537
spk_ver/v03/v0364	SES019	2.24861	-40.4339	-42.6825
spk_ver/v03/v0365	SES082	-0.799667	-43.5034	-42.7037
spk_ver/v03/v0366	SES226	1.99413	-40.759	-42.7532
spk_ver/v03/v0367	SES167	2.21916	-39.4661	-41.6853
spk_ver/v03/v0368	SES082	-2.95323	-43.8504	-40.8972
spk_ver/v03/v0369	SES042	3.89593	-38.3027	-42.1986
spk_ver/v03/v0370	SES042	3.07605	-39.3973	-42.4734
spk_ver/v03/v0371	SES082	-6.63736	-48.8898	-42.2525
spk_ver/v03/v0372	SES082	-1.58152	-43.1338	-41.5523
spk_ver/v03/v0373	SES082	-4.54815	-47.0488	-42.5006
spk_ver/v03/v0374	SES083	-1.94048	-43.2751	-41.3347
spk_ver/v03/v0375	SES292	1.32566	-40.6676	-41.9932
spk_ver/v03/v0376	SES083	-3.78158	-45.8594	-42.0778
spk_ver/v03/v0377	SES083	-4.19003	-47.4117	-43.2217
spk_ver/v03/v0378	SES083	-1.67037	-44.6953	-43.0249
spk_ver/v03/v0379	SES083	-1.60013	-43.8384	-42.2383
spk_ver/v03/v0380	SES083	-2.72976	-45.8015	-43.0717
spk_ver/v03/v0381	SES083	-2.13761	-44.1882	-42.0506
spk_ver/v03/v0382	SES148	1.10839	-41.4112	-42.5196
spk_ver/v03/v0383	SES083	-0.902679	-41.7061	-40.8035
spk_ver/v03/v0384	SES226	1.97824	-40.1713	-42.1495
spk_ver/v03/v0385	SES226	2.03612	-39.5138	-41.5499
spk_ver/v03/v0386	SES087	2.07242	-40.1596	-42.232
spk_ver/v03/v0387	SES029	1.41057	-40.8044	-42.215
spk_ver/v03/v0388	SES147	2.35232	-41.1985	-43.5508
spk_ver/v03/v0389	SES083	-5.75945	-49.0123	-43.2528
spk_ver/v03/v0390	SES189	1.86811	-40.7483	-42.6164
spk_ver/v03/v0391	SES083	-0.68375	-42.5588	-41.875
spk_ver/v03/v0392	SES083	0.0986519	-40.8366	-40.9352
spk_ver/v03/v0393	SES083	-2.11886	-44.2095	-42.0907
spk_ver/v03/v0394	SES083	-3.72684	-46.0711	-42.3443
spk_ver/v03/v0395	SES083	-1.20109	-42.8334	-41.6323
spk_ver/v03/v0396	SES014	2.47293	-38.2746	-40.7476
spk_ver/v03/v0397	SES085	0.747993	-40.5161	-41.2641
spk_ver/v03/v0398	SES085	-1.35824	-41.769	-40.4107
spk_ver/v03/v0399	SES085	-7.60946	-49.3642	-41.7547
spk_ver/v04/v0400	SES106	2.73956	-39.2201	-41.9596
spk_ver/v04/v0401	SES085	-4.64807	-46.7111	-42.063
spk_ver/v04/v0402	SES085	-10.6501	-54.8156	-44.1654
spk_ver/v04/v0403	SES085	-0.400784	-41.393	-40.9922
spk_ver/v04/v0404	SES180	1.37768	-40.0704	-41.4481
spk_ver/v04/v0405	SES129	1.98308	-39.1575	-41.1406
spk_ver/v04/v0406	SES085	-6.21359	-48.5455	-42.3319
spk_ver/v04/v0407	SES146	0.28632	-41.9772	-42.2635
spk_ver/v04/v0408	SES085	-1.08472	-42.3789	-41.2942
spk_ver/v04/v0409	SES085	-4.12467	-45.8435	-41.7188
spk_ver/v04/v0410	SES085	-6.35194	-48.8718	-42.5199
spk_ver/v04/v0411	SES292	1.32269	-41.23	-42.5527
spk_ver/v04/v0412	SES085	-1.61324	-42.7144	-41.1012
spk_ver/v04/v0413	SES125	2.57544	-38.9961	-41.5716
spk_ver/v04/v0414	SES085	-5.4175	-50.2704	-44.8529
spk_ver/v04/v0415	SES085	-1.25083	-43.5022	-42.2513
spk_ver/v04/v0416	SES085	-4.36625	-45.9421	-41.5759
spk_ver/v04/v0417	SES062	0.913624	-40.0964	-41.0101
spk_ver/v04/v0418	SES060	2.84618	-39.6127	-42.4588
spk_ver/v04/v0419	SES085	-2.53934	-44.8701	-42.3308
spk_ver/v04/v0420	SES085	-5.62454	-48.0294	-42.4048
spk_ver/v04/v0421	SES085	-8.19239	-51.4328	-43.2404
spk_ver/v04/v0422	SES085	-1.70646	-44.7909	-43.0844
spk_ver/v04/v0423	SES085	-7.91392	-50.2617	-42.3478
spk_ver/v04/v0424	SES085	-4.56146	-47.5881	-43.0267
spk_ver/v04/v0425	SES183	1.60205	-41.0938	-42.6959
spk_ver/v04/v0426	SES085	-5.0497	-47.1312	-42.0815
spk_ver/v04/v0427	SES087	-2.55488	-45.5705	-43.0156
spk_ver/v04/v0428	SES162	1.48426	-41.0419	-42.5262
spk_ver/v04/v0429	SES087	-1.83675	-43.2019	-41.3652
spk_ver/v04/v0430	SES087	-4.68549	-47.4576	-42.7721
spk_ver/v04/v0431	SES087	-13.2066	-55.6088	-42.4022
spk_ver/v04/v0432	SES087	-1.69877	-44.2321	-42.5334
spk_ver/v04/v0433	SES087	-13.9706	-55.4292	-41.4585
spk_ver/v04/v0434	SES142	2.4245	-39.6643	-42.0888
spk_ver/v04/v0435	SES087	-12.3032	-55.4036	-43.1004
spk_ver/v04/v0436	SES099	1.80947	-40.4053	-42.2148
spk_ver/v04/v0437	SES087	-6.03708	-47.0657	-41.0286
spk_ver/v04/v0438	SES087	-6.81464	-49.4134	-42.5988
spk_ver/v04/v0439	SES087	-1.43114	-42.773	-41.3418
spk_ver/v04/v0440	SES087	-8.60366	-50.2638	-41.6602
spk_ver/v04/v0441	SES087	-12.9382	-55.1295	-42.1913
spk_ver/v04/v0442	SES187	2.06044	-41.3704	-43.4308
spk_ver/v04/v0443	SES172	2.69523	-40.1486	-42.8439
spk_ver/v04/v0444	SES087	-3.93459	-45.1054	-41.1708
spk_ver/v04/v0445	SES087	-1.75521	-42.7613	-41.0061
spk_ver/v04/v0446	SES087	0.0426407	-41.6009	-41.6435
spk_ver/v04/v0447	SES087	-0.875275	-42.566	-41.6907
spk_ver/v04/v0448	SES106	2.48312	-40.4182	-42.9014
spk_ver/v04/v0449	SES146	1.07101	-41.9312	-43.0022
spk_ver/v04/v0450	SES087	-13.4544	-55.9481	-42.4937
spk_ver/v04/v0451	SES087	-0.908031	-43.6156	-42.7076
spk_ver/v04/v0452	SES007	1.62425	-40.9998	-42.624
spk_ver/v04/v0453	SES087	-1.68416	-43.9918	-42.3076
spk_ver/v04/v0454	SES087	-9.15109	-51.4681	-42.317
spk_ver/v04/v0455	SES180	1.23259	-40.7861	-42.0187
spk_ver/v04/v0456	SES099	-5.19889	-47.8975	-42.6987
spk_ver/v04/v0457	SES042	2.07693	-39.8921	-41.9691
spk_ver/v04/v0458	SES099	-0.343426	-42.6185	-42.275
spk_ver/v04/v0459	SES099	-12.9361	-55.8056	-42.8695
spk_ver/v04/v0460	SES099	-6.52597	-50.3326	-43.8066
spk_ver/v04/v0461	SES099	-1.63913	-43.2823	-41.6432
spk_ver/v04/v0462	SES082	2.54054	-39.4365	-41.977
spk_ver/v04/v0463	SES099	-0.22826	-42.3779	-42.1497
spk_ver/v04/v0464	SES099	1.09941	-40.4714	-41.5708
spk_ver/v04/v0465	SES099	-13.0641	-54.666	-41.6019
spk_ver/v04/v0466	SES099	0.324333	-41.6668	-41.9911
spk_ver/v04/v0467	SES099	-0.451477	-42.5888	-42.1374
spk_ver/v04/v0468	SES129	2.32869	-40.0364	-42.365
spk_ver/v04/v0469	SES101	1.36606	-40.6512	-42.0173
spk_ver/v04/v0470	SES099	-8.46703	-51.8405	-43.3734
spk_ver/v04/v0471	SES172	1.58242	-40.9382	-42.5207
spk_ver/v04/v0472	SES099	0.851162	-41.5088	-42.3599
spk_ver/v04/v0473	SES270	2.74337	-39.5844	-42.3277
spk_ver/v04/v0474	SES099	-4.54217	-46.1464	-41.6043
spk_ver/v04/v0475	SES099	-4.94442	-46.2348	-41.2903
spk_ver/v04/v0476	SES099	-3.32866	-47.1881	-43.8595
spk_ver/v04/v0477	SES002	2.73927	-39.1673	-41.9066
spk_ver/v04/v0478	SES099	0.462799	-41.8262	-42.289
spk_ver/v04/v0479	SES007	0.473984	-42.2983	-42.7723
spk_ver/v04/v0480	SES101	-4.21466	-45.6694	-41.4548
spk_ver/v04/v0481	SES101	-5.39642	-48.8753	-43.4789
spk_ver/v04/v0482	SES175	1.72196	-40.959	-42.681
spk_ver/v04/v0483	SES101	-1.92181	-43.7533	-41.8315
spk_ver/v04/v0484	SES101	-4.27625	-45.3137	-41.0374
spk_ver/v04/v0485	SES101	-3.01547	-46.243	-43.2275
spk_ver/v04/v0486	SES101	-0.716942	-44.4809	-43.764
spk_ver/v04/v0487	SES101	-2.5902	-45.3799	-42.7897
spk_ver/v04/v0488	SES101	-5.24541	-47.7873	-42.5419
spk_ver/v04/v0489	SES147	0.832226	-42.7897	-43.6219
spk_ver/v04/v0490	SES085	1.18053	-42.2163	-43.3969
spk_ver/v04/v0491	SES101	-3.40513	-46.5769	-43.1718
spk_ver/v04/v0492	SES101	-4.39586	-48.7201	-44.3242
spk_ver/v04/v0493	SES101	-3.68901	-45.2267	-41.5377
spk_ver/v04/v0494	SES101	-2.4241	-45.5172	-43.0931
spk_ver/v04/v0495	SES101	-1.1159	-41.8917	-40.7758
spk_ver/v04/v0496	SES101	-1.3989	-43.8713	-42.4724
spk_ver/v04/v0497	SES014	2.1108	-38.7923	-40.9031
spk_ver/v04/v0498	SES101	-3.59093	-46.1707	-42.5798
spk_ver/v04/v0499	SES101	-1.9839	-43.1603	-41.1764
spk_ver/v05/v0500	SES085	1.4462	-40.2067	-41.6529
spk_ver/v05/v0501	SES101	-5.70894	-47.8549	-42.1459
spk_ver/v05/v0502	SES275	0.910053	-41.055	-41.9651
spk_ver/v05/v0503	SES117	1.54489	-41.4299	-42.9748
spk_ver/v05/v0504	SES101	-4.50094	-46.2386	-41.7377
spk_ver/v05/v0505	SES101	-2.94016	-44.5429	-41.6027
spk_ver/v05/v0506	SES101	-2.04185	-44.3185	-42.2767
spk_ver/v05/v0507	SES048	1.5133	-40.4272	-41.9405
spk_ver/v05/v0508	SES117	1.28743	-42.2187	-43.5061
spk_ver/v05/v0509	SES202	2.41707	-39.6588	-42.0759
spk_ver/v05/v0510	SES104	-2.37173	-46.0254	-43.6536
spk_ver/v05/v0511	SES008	1.10451	-41.9003	-43.0048
spk_ver/v05/v0512	SES104	-1.21582	-44.0021	-42.7863
spk_ver/v05/v0513	SES104	-0.656208	-41.874	-41.2178
spk_ver/v05/v0514	SES104	-13.8651	-55.0482	-41.1831
spk_ver/v05/v0515	SES104	-17.6075	-60.5171	-42.9096
spk_ver/v05/v0516	SES104	-1.36565	-44.6907	-43.325
spk_ver/v05/v0517	SES060	1.54595	-39.214	-40.76
spk_ver/v05/v0518	SES104	-13.0721	-56.5408	-43.4687
spk_ver/v05/v0519	SES104	-16.0639	-58.7197	-42.6559
spk_ver/v05/v0520	SES104	-0.310768	-41.4606	-41.1498
spk_ver/v05/v0521	SES008	1.67149	-39.3449	-41.0163
spk_ver/v05/v0522	SES068	1.83365	-40.2945	-42.1281
spk_ver/v05/v0523	SES087	2.12388	-39.5705	-41.6943
spk_ver/v05/v0524	SES104	-1.65508	-44.2298	-42.5747
spk_ver/v05/v0525	SES104	-1.33117	-43.9165	-42.5854
spk_ver/v05/v0526	SES104	-2.01991	-43.538	-41.518
spk_ver/v05/v0527	SES083	1.09384	-40.4964	-41.5903
spk_ver/v05/v0528	SES148	1.34629	-40.6657	-42.0119
spk_ver/v05/v0529	SES104	-3.53107	-46.1313	-42.6002
spk_ver/v05/v0530	SES104	-11.8966	-54.2448	-42.3481
spk_ver/v05/v0531	SES125	2.03866	-40.3981	-42.4367
spk_ver/v05/v0532	SES104	-15.5573	-57.944	-42.3867
spk_ver/v05/v0533	SES149	2.61143	-38.9835	-41.5949
spk_ver/v05/v0534	SES104	-17.8531	-59.8783	-42.0252
spk_ver/v05/v0535	SES187	1.04081	-42.2369	-43.2777
spk_ver/v05/v0536	SES104	-2.77608	-44.4881	-41.7121
spk_ver/v05/v0537	SES104	-1.43409	-43.6477	-42.2136
spk_ver/v05/v0538	SES167	2.49525	-40.1956	-42.6909
spk_ver/v05/v0539	SES104	-2.43377	-46.3626	-43.9288
spk_ver/v05/v0540	SES104	-15.1919	-55.69	-40.4981
spk_ver/v05/v0541	SES183	2.3372	-41.4855	-43.8227
spk_ver/v05/v0542	SES104	-0.852753	-43.2448	-42.3921
spk_ver/v05/v0543	SES104	-14.7043	-56.4198	-41.7155
spk_ver/v05/v0544	SES105	-3.68762	-45.7767	-42.0891
spk_ver/v05/v0545	SES105	-2.16502	-45.0708	-42.9058
spk_ver/v05/v0546	SES105	-2.50864	-44.7907	-42.2821
spk_ver/v05/v0547	SES105	-3.22276	-46.5435	-43.3207
spk_ver/v05/v0548	SES019	3.2087	-39.902	-43.1107
spk_ver/v05/v0549	SES105	-2.29448	-44.6078	-42.3133
spk_ver/v05/v0550	SES105	-3.1931	-46.5965	-43.4034
spk_ver/v05/v0551	SES202	1.69465	-41.6589	-43.3536
spk_ver/v05/v0552	SES105	-3.6403	-45.9457	-42.3054
spk_ver/v05/v0553	SES105	-0.616039	-42.7961	-42.1801
spk_ver/v05/v0554	SES105	-1.35395	-42.4954	-41.1415
spk_ver/v05/v0555	SES105	-1.85891	-44.0664	-42.2075
spk_ver/v05/v0556	SES082	1.30017	-41.3573	-42.6575
spk_ver/v05/v0557	SES105	-2.81043	-44.8007	-41.9903
spk_ver/v05/v0558	SES014	1.6475	-39.3417	-40.9892
spk_ver/v05/v0559	SES105	-1.55164	-43.4576	-41.906
spk_ver/v05/v0560	SES177	0.299545	-41.8746	-42.1741
spk_ver/v05/v0561	SES189	4.69914	-44.317	-49.0161
spk_ver/v05/v0562	SES105	-3.14359	-45.9556	-42.812
spk_ver/v05/v0563	SES099	1.88654	-41.5964	-43.4829
spk_ver/v05/v0564	SES105	-1.87804	-43.3285	-41.4505
spk_ver/v05/v0565	SES105	-2.75715	-45.0664	-42.3092
spk_ver/v05/v0566	SES105	-2.86202	-45.6073	-42.7453
spk_ver/v05/v0567	SES142	1.88005	-41.1306	-43.0106
spk_ver/v05/v0568	SES048	1.34318	-40.781	-42.1241
spk_ver/v05/v0569	SES105	-3.87717	-45.8844	-42.0072
spk_ver/v05/v0570	SES105	-0.757027	-42.8608	-42.1037
spk_ver/v05/v0571	SES105	-3.23328	-45.9318	-42.6985
spk_ver/v05/v0572	SES105	-3.07086	-46.5859	-43.5151
spk_ver/v05/v0573	SES105	-3.39839	-46.2869	-42.8885
spk_ver/v05/v0574	SES105	-1.39459	-44.0101	-42.6155
spk_ver/v05/v0575	SES105	-1.24603	-44.2943	-43.0483
spk_ver/v05/v0576	SES106	-8.02721	-51.2353	-43.2081
spk_ver/v05/v0577	SES106	-4.21053	-47.3343	-43.1237
spk_ver/v05/v0578	SES106	-9.89426	-52.3157	-42.4214
spk_ver/v05/v0579	SES106	-9.40235	-50.7863	-41.3839
spk_ver/v05/v0580	SES106	-0.974342	-42.2395	-41.2652
spk_ver/v05/v0581	SES106	-11.5691	-54.5377	-42.9687
spk_ver/v05/v0582	SES106	-1.35236	-44.8109	-43.4586
spk_ver/v05/v0583	SES106	-0.511101	-42.3392	-41.8281
spk_ver/v05/v0584	SES106	-9.86877	-52.3065	-42.4377
spk_ver/v05/v0585	SES106	-0.0873222	-44.1746	-44.0873
spk_ver/v05/v0586	SES106	-8.4097	-50.7329	-42.3232
spk_ver/v05/v0587	SES106	-4.41037	-46.5963	-42.1859
spk_ver/v05/v0588	SES106	-8.15844	-49.4525	-41.294
spk_ver/v05/v0589	SES106	-9.81806	-51.2506	-41.4325
spk_ver/v05/v0590	SES082	1.64273	-40.7969	-42.4396
spk_ver/v05/v0591	SES180	1.29379	-40.9011	-42.1949
spk_ver/v05/v0592	SES106	-0.775856	-43.8543	-43.0784
spk_ver/v05/v0593	SES106	-13.3004	-56.253	-42.9526
spk_ver/v05/v0594	SES292	1.75679	-40.3982	-42.1549
spk_ver/v05/v0595	SES106	-0.988949	-43.3336	-42.3447
spk_ver/v05/v0596	SES106	-9.70041	-52.555	-42.8545
spk_ver/v05/v0597	SES106	-9.55444	-51.6193	-42.0649
spk_ver/v05/v0598	SES042	2.32921	-40.2213	-42.5505
spk_ver/v05/v0599	SES106	-9.32335	-52.2272	-42.9038
spk_ver/v06/v0600	SES106	0.685665	-42.3084	-42.9941
spk_ver/v06/v0601	SES106	-1.6465	-44.1195	-42.473
spk_ver/v06/v0602	SES106	-6.25447	-47.9507	-41.6963
spk_ver/v06/v0603	SES106	-9.55345	-52.0936	-42.5401
spk_ver/v06/v0604	SES106	-8.44287	-50.2288	-41.786
spk_ver/v06/v0605	SES106	-6.15348	-49.6526	-43.4991
spk_ver/v06/v0606	SES048	2.37725	-39.4895	-41.8668
spk_ver/v06/v0607	SES167	3.03108	-39.2425	-42.2736
spk_ver/v06/v0608	SES106	-7.10393	-49.8751	-42.7712
spk_ver/v06/v0609	SES143	1.96049	-41.1156	-43.0761
spk_ver/v06/v0610	SES106	-12.1723	-56.2831	-44.1108
spk_ver/v06/v0611	SES106	-6.25234	-48.8515	-42.5991
spk_ver/v06/v0612	SES106	-12.2558	-56.0712	-43.8154
spk_ver/v06/v0613	SES117	-1.12876	-43.2708	-42.142
spk_ver/v06/v0614	SES117	-5.37936	-47.5995	-42.2202
spk_ver/v06/v0615	SES117	-0.863106	-43.5786	-42.7155
spk_ver/v06/v0616	SES106	2.77924	-38.2672	-41.0464
spk_ver/v06/v0617	SES142	2.86489	-40.5021	-43.367
spk_ver/v06/v0618	SES048	2.06042	-39.6002	-41.6606
spk_ver/v06/v0619	SES175	1.14241	-41.6593	-42.8017
spk_ver/v06/v0620	SES180	1.56807	-40.2252	-41.7932
spk_ver/v06/v0621	SES117	-0.361763	-44.0493	-43.6876
spk_ver/v06/v0622	SES029	0.997459	-41.5315	-42.529
spk_ver/v06/v0623	SES117	-1.43739	-42.8957	-41.4583
spk_ver/v06/v0624	SES117	-3.98683	-46.3165	-42.3297
spk_ver/v06/v0625	SES117	-1.96209	-46.7876	-44.8255
spk_ver/v06/v0626	SES106	2.47169	-39.8112	-42.2828
spk_ver/v06/v0627	SES226	2.02941	-39.2844	-41.3138
spk_ver/v06/v0628	SES117	0.14819	-42.495	-42.6432
spk_ver/v06/v0629	SES117	-1.4951	-40.9875	-39.4924
spk_ver/v06/v0630	SES117	-4.04156	-45.1492	-41.1076
spk_ver/v06/v0631	SES117	-4.36871	-48.5384	-44.1697
spk_ver/v06/v0632	SES117	-1.26105	-42.3744	-41.1133
spk_ver/v06/v0633	SES099	3.08802	-40.1839	-43.2719
spk_ver/v06/v0634	SES105	2.22264	-40.911	-43.1336
spk_ver/v06/v0635	SES167	1.44141	-41.2222	-42.6636
spk_ver/v06/v0636	SES117	-0.298534	-41.715	-41.4164
spk_ver/v06/v0637	SES202	1.82257	-41.0078	-42.8304
spk_ver/v06/v0638	SES117	-2.3536	-44.0081	-41.6545
spk_ver/v06/v0639	SES167	1.99118	-40.3783	-42.3695
spk_ver/v06/v0640	SES117	-1.49984	-43.6566	-42.1567
spk_ver/v06/v0641	SES117	-2.73351	-43.9294	-41.1959
spk_ver/v06/v0642	SES101	1.38503	-40.0373	-41.4224
spk_ver/v06/v0643	SES068	1.36732	-40.6346	-42.002
spk_ver/v06/v0644	SES120	-4.31097	-48.0464	-43.7354
spk_ver/v06/v0645	SES120	-2.12993	-45.2893	-43.1594
spk_ver/v06/v0646	SES172	1.55005	-40.9095	-42.4596
spk_ver/v06/v0647	SES120	-1.5787	-43.2155	-41.6368
spk_ver/v06/v0648	SES120	-0.50423	-41.6749	-41.1707
spk_ver/v06/v0649	SES120	-3.90279	-47.3167	-43.4139
spk_ver/v06/v0650	SES087	2.04146	-40.4523	-42.4938
spk_ver/v06/v0651	SES120	-1.64703	-43.6509	-42.0039
spk_ver/v06/v0652	SES104	-1.05487	-44.0223	-42.9675
spk_ver/v06/v0653	SES129	1.70995	-39.8889	-41.5989
spk_ver/v06/v0654	SES120	-2.29283	-44.932	-42.6392
spk_ver/v06/v0655	SES120	-2.0926	-45.1506	-43.058
spk_ver/v06/v0656	SES120	-1.55113	-43.3632	-41.812
spk_ver/v06/v0657	SES147	1.40049	-41.8675	-43.268
spk_ver/v06/v0658	SES120	-2.6898	-45.5604	-42.8707
spk_ver/v06/v0659	SES120	-2.31217	-43.6802	-41.368
spk_ver/v06/v0660	SES120	-0.502575	-42.2709	-41.7683
spk_ver/v06/v0661	SES120	-3.37859	-46.3763	-42.9977
spk_ver/v06/v0662	SES120	-2.83454	-44.8344	-41.9999
spk_ver/v06/v0663	SES120	-2.605	-46.1018	-43.4968
spk_ver/v06/v0664	SES147	1.78075	-41.0628	-42.8436
spk_ver/v06/v0665	SES162	1.80527	-41.0719	-42.8772
spk_ver/v06/v0666	SES120	-1.95094	-43.4505	-41.4995
spk_ver/v06/v0667	SES120	-2.82821	-45.399	-42.5708
spk_ver/v06/v0668	SES120	1.60182	-40.4145	-42.0164
spk_ver/v06/v0669	SES142	2.45803	-40.5225	-42.9805
spk_ver/v06/v0670	SES106	3.02816	-39.3942	-42.4223
spk_ver/v06/v0671	SES183	2.00859	-40.7696	-42.7782
spk_ver/v06/v0672	SES120	-1.78626	-44.7104	-42.9242
spk_ver/v06/v0673	SES029	1.41972	-41.6679	-43.0876
spk_ver/v06/v0674	SES120	-1.47955	-43.7753	-42.2958
spk_ver/v06/v0675	SES008	2.20919	-39.9954	-42.2046
spk_ver/v06/v0676	SES125	-13.8162	-57.8519	-44.0357
spk_ver/v06/v0677	SES143	1.61563	-41.1049	-42.7206
spk_ver/v06/v0678	SES125	-12.0084	-55.6692	-43.6607
spk_ver/v06/v0679	SES162	0.667862	-41.1771	-41.845
spk_ver/v06/v0680	SES125	-6.95775	-48.1273	-41.1695
spk_ver/v06/v0681	SES125	-1.85155	-44.2754	-42.4238
spk_ver/v06/v0682	SES125	-9.03178	-49.9843	-40.9525
spk_ver/v06/v0683	SES226	2.0713	-40.3219	-42.3932
spk_ver/v06/v0684	SES125	-11.0894	-54.0593	-42.9699
spk_ver/v06/v0685	SES125	-16.5371	-58.5387	-42.0016
spk_ver/v06/v0686	SES120	1.35622	-39.9854	-41.3416
spk_ver/v06/v0687	SES125	-3.76064	-47.6846	-43.9239
spk_ver/v06/v0688	SES158	2.24035	-40.1027	-42.3431
spk_ver/v06/v0689	SES125	-5.08294	-47.9462	-42.8633
spk_ver/v06/v0690	SES105	2.07421	-40.8371	-42.9113
spk_ver/v06/v0691	SES125	-0.547558	-43.517	-42.9694
spk_ver/v06/v0692	SES125	-2.64426	-44.4127	-41.7684
spk_ver/v06/v0693	SES180	1.6563	-40.349	-42.0053
spk_ver/v06/v0694	SES125	-20.165	-63.1022	-42.9371
spk_ver/v06/v0695	SES125	-2.95275	-44.8737	-41.921
spk_ver/v06/v0696	SES125	-16.0751	-58.0009	-41.9258
spk_ver/v06/v0697	SES125	-16.2665	-59.7236	-43.4572
spk_ver/v06/v0698	SES083	1.62598	-40.1999	-41.8259
spk_ver/v06/v0699	SES125	-12.8478	-55.0609	-42.2131
spk_ver/v07/v0700	SES014	2.68439	-39.3937	-42.0781
spk_ver/v07/v0701	SES125	-9.38912	-50.4424	-41.0533
spk_ver/v07/v0702	SES127	-0.593174	-42.304	-41.7108
spk_ver/v07/v0703	SES127	-1.47908	-44.1966	-42.7176
spk_ver/v07/v0704	SES206	2.77235	-39.4846	-42.2569
spk_ver/v07/v0705	SES127	-1.3827	-43.9469	-42.5642
spk_ver/v07/v0706	SES127	-2.01765	-44.4952	-42.4776
spk_ver/v07/v0707	SES127	-4.62818	-46.4636	-41.8354
spk_ver/v07/v0708	SES275	0.884941	-41.167	-42.052
spk_ver/v07/v0709	SES127	-2.28739	-44.3878	-42.1004
spk_ver/v07/v0710	SES105	1.19582	-41.4957	-42.6915
spk_ver/v07/v0711	SES127	-3.07507	-46.0237	-42.9486
spk_ver/v07/v0712	SES127	-0.952427	-42.4329	-41.4805
spk_ver/v07/v0713	SES127	-2.93954	-44.9678	-42.0282
spk_ver/v07/v0714	SES019	4.02114	-39.6272	-43.6483
spk_ver/v07/v0715	SES127	-2.41774	-46.5606	-44.1428
spk_ver/v07/v0716	SES148	0.888103	-40.7851	-41.6732
spk_ver/v07/v0717	SES162	1.42411	-40.6752	-42.0993
spk_ver/v07/v0718	SES189	2.03302	-42.3887	-44.4217
spk_ver/v07/v0719	SES149	0.484749	-40.4258	-40.9105
spk_ver/v07/v0720	SES175	1.42749	-41.3328	-42.7603
spk_ver/v07/v0721	SES127	-4.57398	-46.6269	-42.0529
spk_ver/v07/v0722	SES127	-2.16538	-44.5799	-42.4145
spk_ver/v07/v0723	SES127	-2.21181	-44.2016	-41.9898
spk_ver/v07/v0724	SES127	-1.84499	-44.4184	-42.5734
spk_ver/v07/v0725	SES127	-2.45393	-44.9477	-42.4937
spk_ver/v07/v0726	SES259	2.0878	-39.3081	-41.3959
spk_ver/v07/v0727	SES127	-3.26646	-46.5238	-43.2573
spk_ver/v07/v0728	SES127	-0.556717	-41.1694	-40.6127
spk_ver/v07/v0729	SES127	-5.30318	-47.8107	-42.5076
spk_ver/v07/v0730	SES127	-1.81258	-45.0324	-43.2198
spk_ver/v07/v0731	SES129	-1.51259	-42.524	-41.0114
spk_ver/v07/v0732	SES129	-3.35251	-46.0046	-42.652
spk_ver/v07/v0733	SES129	-6.72229	-50.7396	-44.0173
spk_ver/v07/v0734	SES129	-10.1951	-54.7705	-44.5754
spk_ver/v07/v0735	SES183	1.6924	-40.8404	-42.5328
spk_ver/v07/v0736	SES129	-3.82641	-46.1342	-42.3078
spk_ver/v07/v0737	SES129	-3.52055	-46.5982	-43.0776
spk_ver/v07/v0738	SES129	-5.57095	-48.5111	-42.9402
spk_ver/v07/v0739	SES129	-4.76607	-47.2508	-42.4847
spk_ver/v07/v0740	SES167	0.30748	-41.5077	-41.8152
spk_ver/v07/v0741	SES129	-3.04017	-45.9138	-42.8737
spk_ver/v07/v0742	SES129	-3.0367	-43.8459	-40.8092
spk_ver/v07/v0743	SES129	-2.6028	-44.9158	-42.313
spk_ver/v07/v0744	SES129	-7.62761	-51.4384	-43.8108
spk_ver/v07/v0745	SES180	1.56263	-40.7359	-42.2986
spk_ver/v07/v0746	SES129	-1.1946	-42.8376	-41.643
spk_ver/v07/v0747	SES292	0.896893	-40.7614	-41.6583
spk_ver/v07/v0748	SES202	1.61732	-40.4615	-42.0789
spk_ver/v07/v0749	SES270	1.16264	-40.767	-41.9296
spk_ver/v07/v0750	SES129	-2.98148	-44.3623	-41.3808
spk_ver/v07/v0751	SES129	-3.89471	-45.1872	-41.2925
spk_ver/v07/v0752	SES060	0.86615	-41.0673	-41.9334
spk_ver/v07/v0753	SES129	-5.9	-48.556	-42.656
spk_ver/v07/v0754	SES129	-11.4945	-56.8866	-45.3921
spk_ver/v07/v0755	SES129	-4.14933	-46.6455	-42.4962
spk_ver/v07/v0756	SES175	1.70638	-41.3689	-43.0753
spk_ver/v07/v0757	SES129	-5.2696	-48.0127	-42.7431
spk_ver/v07/v0758	SES129	-5.86607	-48.6017	-42.7356
spk_ver/v07/v0759	SES129	-3.86202	-45.0511	-41.189
spk_ver/v07/v0760	SES129	-4.1843	-45.9781	-41.7938
spk_ver/v07/v0761	SES129	-2.94529	-43.602	-40.6568
spk_ver/v07/v0762	SES172	1.74725	-41.1929	-42.9401
spk_ver/v07/v0763	SES129	-5.25969	-49.2392	-43.9795
spk_ver/v07/v0764	SES129	-4.86728	-46.3563	-41.489
spk_ver/v07/v0765	SES175	1.52899	-41.8757	-43.4047
spk_ver/v07/v0766	SES129	-3.84023	-45.5499	-41.7097
spk_ver/v07/v0767	SES129	-3.85523	-46.3249	-42.4697
spk_ver/v07/v0768	SES042	2.96459	-38.8881	-41.8526
spk_ver/v07/v0769	SES099	1.99166	-41.0584	-43.05
spk_ver/v07/v0770	SES142	-5.50864	-47.9782	-42.4696
spk_ver/v07/v0771	SES142	-4.25917	-45.8794	-41.6203
spk_ver/v07/v0772	SES101	1.35997	-40.6865	-42.0464
spk_ver/v07/v0773	SES142	-8.21225	-51.5381	-43.3258
spk_ver/v07/v0774	SES142	-5.38364	-49.204	-43.8203
spk_ver/v07/v0775	SES142	-2.76081	-44.9129	-42.1521
spk_ver/v07/v0776	SES142	-1.48574	-42.828	-41.3422
spk_ver/v07/v0777	SES142	-3.01387	-45.2267	-42.2129
spk_ver/v07/v0778	SES142	-1.56768	-44.7078	-43.1401
spk_ver/v07/v0779	SES142	-9.15792	-51.9197	-42.7618
spk_ver/v07/v0780	SES142	-4.16486	-47.2753	-43.1105
spk_ver/v07/v0781	SES142	-7.24088	-49.563	-42.3221
spk_ver/v07/v0782	SES101	1.14489	-41.4053	-42.5502
spk_ver/v07/v0783	SES142	-4.15903	-45.2301	-41.0711
spk_ver/v07/v0784	SES187	1.92942	-40.9561	-42.8855
spk_ver/v07/v0785	SES143	1.27838	-41.5307	-42.809
spk_ver/v07/v0786	SES142	-2.82117	-45.7925	-42.9714
spk_ver/v07/v0787	SES144	1.12323	-41.1384	-42.2616
spk_ver/v07/v0788	SES275	0.22617	-41.7593	-41.9855
spk_ver/v07/v0789	SES142	-2.27716	-44.164	-41.8868
spk_ver/v07/v0790	SES099	2.30469	-39.5975	-41.9022
spk_ver/v07/v0791	SES142	-7.86535	-50.7401	-42.8747
spk_ver/v07/v0792	SES142	-3.63593	-44.5914	-40.9555
spk_ver/v07/v0793	SES142	-6.50941	-49.3553	-42.8459
spk_ver/v07/v0794	SES014	2.00485	-39.1856	-41.1904
spk_ver/v07/v0795	SES142	-6.01094	-48.0674	-42.0564
spk_ver/v07/v0796	SES142	-2.92791	-44.9052	-41.9773
spk_ver/v07/v0797	SES143	0.0410995	-41.3965	-41.4376
spk_ver/v07/v0798	SES206	1.99498	-39.6961	-41.6911
spk_ver/v07/v0799	SES143	-5.72058	-48.4783	-42.7577
spk_ver/v08/v0800	SES143	-2.05124	-44.5306	-42.4793
spk_ver/v08/v0801	SES143	-0.118584	-41.6128	-41.4943
spk_ver/v08/v0802	SES143	-2.58068	-44.1739	-41.5932
spk_ver/v08/v0803	SES143	-4.05163	-45.8364	-41.7848
spk_ver/v08/v0804	SES143	-4.06567	-46.6712	-42.6055
spk_ver/v08/v0805	SES143	-4.28987	-46.9356	-42.6458
spk_ver/v08/v0806	SES143	-5.02488	-48.3132	-43.2883
spk_ver/v08/v0807	SES177	0.933632	-41.0525	-41.9861
spk_ver/v08/v0808	SES149	1.48951	-40.1247	-41.6142
spk_ver/v08/v0809	SES143	-6.69764	-49.2036	-42.5059
spk_ver/v08/v0810	SES158	2.68303	-40.8432	-43.5262
spk_ver/v08/v0811	SES143	-4.45438	-48.8614	-44.407
spk_ver/v08/v0812	SES062	1.3665	-39.9518	-41.3183
spk_ver/v08/v0813	SES259	1.902	-39.8032	-41.7052
spk_ver/v08/v0814	SES143	-5.43336	-47.0134	-41.58
spk_ver/v08/v0815	SES143	-5.39524	-47.5687	-42.1735
spk_ver/v08/v0816	SES143	-0.998905	-43.134	-42.1351
spk_ver/v08/v0817	SES144	1.34264	-41.6469	-42.9895
spk_ver/v08/v0818	SES143	-1.52647	-43.8802	-42.3538
spk_ver/v08/v0819	SES143	-3.27432	-45.5721	-42.2978
spk_ver/v08/v0820	SES143	-0.419979	-41.0795	-40.6596
spk_ver/v08/v0821	SES143	-2.56526	-45.1592	-42.594
spk_ver/v08/v0822	SES143	-3.82359	-45.7409	-41.9173
spk_ver/v08/v0823	SES104	2.1986	-39.6929	-41.8915
spk_ver/v08/v0824	SES143	-3.21551	-45.9504	-42.7349
spk_ver/v08/v0825	SES143	-3.84562	-45.6468	-41.8012
spk_ver/v08/v0826	SES144	-5.34085	-47.3646	-42.0238
spk_ver/v08/v0827	SES144	-0.821289	-42.6049	-41.7836
spk_ver/v08/v0828	SES144	-0.432899	-41.5804	-41.1475
spk_ver/v08/v0829	SES172	1.51003	-41.2678	-42.7779
spk_ver/v08/v0830	SES144	0.197067	-42.0774	-42.2745
spk_ver/v08/v0831	SES183	1.90418	-41.604	-43.5082
spk_ver/v08/v0832	SES144	-4.34541	-47.6666	-43.3212
spk_ver/v08/v0833	SES144	-5.9522	-48.0764	-42.1242
spk_ver/v08/v0834	SES144	-1.68149	-43.6806	-41.9991
spk_ver/v08/v0835	SES144	-2.72182	-46.0231	-43.3013
spk_ver/v08/v0836	SES144	-3.07852	-45.2945	-42.216
spk_ver/v08/v0837	SES144	-2.97123	-43.6787	-40.7075
spk_ver/v08/v0838	SES144	-3.20992	-46.7833	-43.5734
spk_ver/v08/v0839	SES085	0.85574	-41.0083	-41.864
spk_ver/v08/v0840	SES144	0.00949478	-42.453	-42.4625
spk_ver/v08/v0841	SES144	-5.53044	-49.0535	-43.5231
spk_ver/v08/v0842	SES144	-4.51585	-46.8441	-42.3283
spk_ver/v08/v0843	SES144	-0.118141	-41.7807	-41.6626
spk_ver/v08/v0844	SES144	-3.25108	-45.1546	-41.9036
spk_ver/v08/v0845	SES144	-4.82938	-46.2392	-41.4098
spk_ver/v08/v0846	SES104	1.34286	-41.0586	-42.4015
spk_ver/v08/v0847	SES144	-1.56482	-43.9479	-42.3831
spk_ver/v08/v0848	SES144	-2.33937	-46.4902	-44.1508
spk_ver/v08/v0849	SES144	-5.78026	-48.2081	-42.4279
spk_ver/v08/v0850	SES144	-4.77507	-46.1969	-41.4218
spk_ver/v08/v0851	SES144	-1.89157	-43.452	-41.5604
spk_ver/v08/v0852	SES144	-0.0156631	-41.2056	-41.19
spk_ver/v08/v0853	SES144	-6.16174	-48.3608	-42.1991
spk_ver/v08/v0854	SES144	-0.709896	-42.9824	-42.2725
spk_ver/v08/v0855	SES144	-0.0508957	-41.1115	-41.0606
spk_ver/v08/v0856	SES082	-0.00755692	-44.1167	-44.1092
spk_ver/v08/v0857	SES142	2.596	-39.8882	-42.4842
spk_ver/v08/v0858	SES144	0.215008	-43.2709	-43.4859
spk_ver/v08/v0859	SES144	-0.734566	-43.6027	-42.8682
spk_ver/v08/v0860	SES146	-2.79157	-46.1589	-43.3673
spk_ver/v08/v0861	SES146	-2.84035	-45.8175	-42.9771
spk_ver/v08/v0862	SES146	-3.61903	-46.1268	-42.5078
spk_ver/v08/v0863	SES146	-2.53645	-45.6816	-43.1451
spk_ver/v08/v0864	SES146	-3.02317	-44.7992	-41.776
spk_ver/v08/v0865	SES008	2.3978	-38.9288	-41.3265
spk_ver/v08/v0866	SES142	1.04915	-41.2135	-42.2627
spk_ver/v08/v0867	SES146	-2.90683	-43.98	-41.0731
spk_ver/v08/v0868	SES082	2.82643	-38.8628	-41.6892
spk_ver/v08/v0869	SES146	-1.20603	-42.4429	-41.2369
spk_ver/v08/v0870	SES146	-3.34379	-45.8833	-42.5395
spk_ver/v08/v0871	SES146	-3.44911	-46.0791	-42.63
spk_ver/v08/v0872	SES146	-4.55552	-48.0228	-43.4673
spk_ver/v08/v0873	SES082	2.70298	-38.4405	-41.1435
spk_ver/v08/v0874	SES146	-2.04834	-44.8336	-42.7852
spk_ver/v08/v0875	SES144	0.684673	-42.2254	-42.9101
spk_ver/v08/v0876	SES146	-1.65798	-41.2595	-39.6015
spk_ver/v08/v0877	SES146	-2.91693	-44.9023	-41.9854
spk_ver/v08/v0878	SES146	-1.86055	-44.2229	-42.3624
spk_ver/v08/v0879	SES146	-2.52459	-44.4027	-41.8781
spk_ver/v08/v0880	SES146	-2.47112	-44.6953	-42.2241
spk_ver/v08/v0881	SES143	1.53859	-40.6425	-42.1811
spk_ver/v08/v0882	SES146	-0.973728	-43.2559	-42.2821
spk_ver/v08/v0883	SES147	-2.51437	-43.9737	-41.4594
spk_ver/v08/v0884	SES147	-1.73997	-43.6997	-41.9597
spk_ver/v08/v0885	SES016	1.60336	-40.3009	-41.9042
spk_ver/v08/v0886	SES147	-1.61547	-44.6992	-43.0837
spk_ver/v08/v0887	SES147	-1.92965	-44.2987	-42.3691
spk_ver/v08/v0888	SES147	-3.02163	-45.7729	-42.7513
spk_ver/v08/v0889	SES019	1.73628	-40.9377	-42.674
spk_ver/v08/v0890	SES147	-3.01311	-46.0536	-43.0405
spk_ver/v08/v0891	SES147	-4.11787	-45.7828	-41.665
spk_ver/v08/v0892	SES147	-3.3205	-46.2227	-42.9022
spk_ver/v08/v0893	SES270	2.6269	-41.2713	-43.8982
spk_ver/v08/v0894	SES029	1.34472	-41.3684	-42.7132
spk_ver/v08/v0895	SES147	-2.54294	-46.6872	-44.1443
spk_ver/v08/v0896	SES117	1.54216	-41.727	-43.2692
spk_ver/v08/v0897	SES183	2.06376	-42.1811	-44.2449
spk_ver/v08/v0898	SES147	-3.92536	-45.4945	-41.5692
spk_ver/v08/v0899	SES147	-3.72353	-48.6543	-44.9308
spk_ver/v09/v0900	SES087	1.92655	-39.9694	-41.8959
spk_ver/v09/v0901	SES147	-4.74432	-47.7328	-42.9885
spk_ver/v09/v0902	SES147	-2.9526	-44.9523	-41.9997
spk_ver/v09/v0903	SES147	-2.55574	-44.8439	-42.2882
spk_ver/v09/v0904	SES147	-1.78251	-43.701	-41.9185
spk_ver/v09/v0905	SES143	1.77569	-41.1654	-42.9411
spk_ver/v09/v0906	SES149	0.876514	-40.4621	-41.3386
spk_ver/v09/v0907	SES148	-1.06604	-42.49	-41.424
spk_ver/v09/v0908	SES148	-0.636478	-42.4958	-41.8593
spk_ver/v09/v0909	SES106	2.53992	-40.5126	-43.0525
spk_ver/v09/v0910	SES148	-0.420719	-44.061	-43.6402
spk_ver/v09/v0911	SES148	-2.95348	-45.0846	-42.1311
spk_ver/v09/v0912	SES142	1.25539	-41.3514	-42.6068
spk_ver/v09/v0913	SES148	-5.64807	-48.5805	-42.9324
spk_ver/v09/v0914	SES148	-3.26683	-45.4889	-42.2221
spk_ver/v09/v0915	SES148	-1.27359	-45.3196	-44.046
spk_ver/v09/v0916	SES148	-2.35699	-46.0686	-43.7116
spk_ver/v09/v0917	SES148	1.19133	-41.4317	-42.623
spk_ver/v09/v0918	SES148	-0.507801	-41.7221	-41.2143
spk_ver/v09/v0919	SES270	2.10279	-41.1212	-43.224
spk_ver/v09/v0920	SES148	-1.15307	-42.4781	-41.325
spk_ver/v09/v0921	SES148	-2.93032	-44.6291	-41.6988
spk_ver/v09/v0922	SES129	1.36113	-39.6804	-41.0415
spk_ver/v09/v0923	SES117	1.30705	-40.7664	-42.0734
spk_ver/v09/v0924	SES042	3.28708	-38.8061	-42.0932
spk_ver/v09/v0925	SES148	-5.10949	-48.4994	-43.3899
spk_ver/v09/v0926	SES148	-4.42219	-48.0761	-43.6539
spk_ver/v09/v0927	SES144	1.53198	-41.148	-42.68
spk_ver/v09/v0928	SES007	1.37691	-41.5973	-42.9742
spk_ver/v09/v0929	SES148	-1.25577	-42.6972	-41.4414
spk_ver/v09/v0930	SES148	-0.866375	-42.45	-41.5836
spk_ver/v09/v0931	SES148	-1.82852	-44.8379	-43.0094
spk_ver/v09/v0932	SES202	2.83287	-39.6382	-42.4711
spk_ver/v09/v0933	SES148	-0.00401306	-41.4342	-41.4302
spk_ver/v09/v0934	SES148	-4.33295	-45.5791	-41.2462
spk_ver/v09/v0935	SES060	1.69884	-39.794	-41.4928
spk_ver/v09/v0936	SES060	2.18446	-40.2933	-42.4778
spk_ver/v09/v0937	SES148	-1.16161	-43.244	-42.0824
spk_ver/v09/v0938	SES148	-2.14234	-44.2549	-42.1126
spk_ver/v09/v0939	SES148	-2.75099	-43.9504	-41.1994
spk_ver/v09/v0940	SES148	-2.9978	-44.0675	-41.0697
spk_ver/v09/v0941	SES149	-3.47554	-45.7879	-42.3124
spk_ver/v09/v0942	SES149	-7.09591	-48.5362	-41.4403
spk_ver/v09/v0943	SES149	-7.24504	-49.9136	-42.6685
spk_ver/v09/v0944	SES149	-1.87974	-43.7908	-41.911
spk_ver/v09/v0945	SES105	1.00248	-40.7017	-41.7042
spk_ver/v09/v0946	SES149	-3.46464	-45.1823	-41.7177
spk_ver/v09/v0947	SES149	-4.69242	-48.665	-43.9726
spk_ver/v09/v0948	SES149	-8.32628	-49.9534	-41.6271
spk_ver/v09/v0949	SES149	-5.08258	-45.3824	-40.2998
spk_ver/v09/v0950	SES226	1.42352	-40.1151	-41.5386
spk_ver/v09/v0951	SES149	-6.25578	-49.0395	-42.7837
spk_ver/v09/v0952	SES149	-4.33838	-46.8156	-42.4772
spk_ver/v09/v0953	SES062	1.82371	-39.7411	-41.5648
spk_ver/v09/v0954	SES149	-6.18621	-48.7772	-42.591
spk_ver/v09/v0955	SES048	0.685135	-40.6492	-41.3343
spk_ver/v09/v0956	SES158	-0.358768	-42.3253	-41.9665
spk_ver/v09/v0957	SES158	-4.09232	-47.3883	-43.296
spk_ver/v09/v0958	SES158	-0.377823	-41.3581	-40.9803
spk_ver/v09/v0959	SES158	-1.46293	-43.2796	-41.8167
spk_ver/v09/v0960	SES158	-6.8452	-50.0969	-43.2517
spk_ver/v09/v0961	SES147	1.79477	-41.8368	-43.6316
spk_ver/v09/v0962	SES158	-9.94543	-53.0923	-43.1469
spk_ver/v09/v0963	SES292	1.77448	-40.5832	-42.3577
spk_ver/v09/v0964	SES060	1.46679	-40.1106	-41.5774
spk_ver/v09/v0965	SES002	1.74261	-40.9207	-42.6633
spk_ver/v09/v0966	SES149	2.43999	-39.1766	-41.6166
spk_ver/v09/v0967	SES158	-7.67036	-51.1382	-43.4678
spk_ver/v09/v0968	SES158	-1.83863	-44.0164	-42.1778
spk_ver/v09/v0969	SES275	0.103451	-43.2006	-43.304
spk_ver/v09/v0970	SES158	-7.64046	-49.1209	-41.4804
spk_ver/v09/v0971	SES158	-6.70131	-48.6441	-41.9427
spk_ver/v09/v0972	SES002	2.40558	-39.378	-41.7836
spk_ver/v09/v0973	SES158	-7.47825	-49.2055	-41.7272
spk_ver/v09/v0974	SES202	1.48479	-40.9758	-42.4606
spk_ver/v09/v0975	SES158	-7.91101	-51.2461	-43.3351
spk_ver/v09/v0976	SES158	0.126709	-41.6758	-41.8025
spk_ver/v09/v0977	SES162	-0.802212	-42.9391	-42.1369
spk_ver/v09/v0978	SES162	-6.68148	-50.3289	-43.6474
spk_ver/v09/v0979	SES162	-5.36241	-47.8708	-42.5084
spk_ver/v09/v0980	SES162	-1.50071	-44.7581	-43.2574
spk_ver/v09/v0981	SES162	-2.64454	-45.3757	-42.7311
spk_ver/v09/v0982	SES259	2.78619	-39.0245	-41.8107
spk_ver/v09/v0983	SES162	-4.33101	-49.2366	-44.9055
spk_ver/v09/v0984	SES162	-1.52954	-42.9874	-41.4578
spk_ver/v09/v0985	SES162	-0.837048	-42.5709	-41.7338
spk_ver/v09/v0986	SES062	1.88035	-39.587	-41.4674
spk_ver/v09/v0987	SES162	-1.69403	-44.3361	-42.6421
spk_ver/v09/v0988	SES162	-4.20967	-45.9546	-41.745
spk_ver/v09/v0989	SES162	-4.73828	-48.4592	-43.7209
spk_ver/v09/v0990	SES162	-3.17059	-44.802	-41.6314
spk_ver/v09/v0991	SES087	2.38647	-40.0613	-42.4478
spk_ver/v09/v0992	SES120	0.203598	-42.3319	-42.5355
spk_ver/v09/v0993	SES162	-4.23058	-45.8495	-41.6189
spk_ver/v09/v0994	SES162	-1.0081	-42.7282	-41.7201
spk_ver/v09/v0995	SES162	-4.21045	-45.3612	-41.1507
spk_ver/v09/v0996	SES162	-1.34061	-42.0972	-40.7566
spk_ver/v09/v0997	SES162	-5.45596	-47.6466	-42.1906
spk_ver/v09/v0998	SES162	-3.84748	-47.2862	-43.4387
spk_ver/v09/v0999	SES162	-1.03615	-41.5126	-40.4764
spk_ver/v10/v1000	SES162	-3.55239	-45.3988	-41.8464
spk_ver/v10/v1001	SES148	1.36349	-41.4238	-42.7872
spk_ver/v10/v1002	SES162	-0.278961	-42.8509	-42.5719
spk_ver/v10/v1003	SES162	-2.84455	-45.3994	-42.5549
spk_ver/v10/v1004	SES162	-2.79798	-45.587	-42.789
spk_ver/v10/v1005	SES162	-4.25011	-47.1913	-42.9412
spk_ver/v10/v1006	SES162	-3.511	-45.4929	-41.9819
spk_ver/v10/v1007	SES162	-1.6883	-44.6662	-42.9779
spk_ver/v10/v1008	SES162	-4.17372	-48.3401	-44.1664
spk_ver/v10/v1009	SES162	-5.2578	-46.9857	-41.7279
spk_ver/v10/v1010	SES167	-4.14678	-47.0292	-42.8824
spk_ver/v10/v1011	SES167	-0.617882	-42.5244	-41.9066
spk_ver/v10/v1012	SES167	-1.82222	-44.6359	-42.8137
spk_ver/v10/v1013	SES167	-7.4329	-49.881	-42.4481
spk_ver/v10/v1014	SES167	-0.242023	-41.4597	-41.2177
spk_ver/v10/v1015	SES167	-0.783607	-42.5202	-41.7366
spk_ver/v10/v1016	SES167	-0.806362	-43.0766	-42.2702
spk_ver/v10/v1017	SES167	-1.28572	-43.6087	-42.323
spk_ver/v10/v1018	SES167	-2.87347	-45.2746	-42.4012
spk_ver/v10/v1019	SES167	-1.53337	-43.5543	-42.0209
spk_ver/v10/v1020	SES167	-6.82859	-49.2237	-42.3951
spk_ver/v10/v1021	SES167	-1.34843	-45.3092	-43.9607
spk_ver/v10/v1022	SES167	-4.19127	-46.5987	-42.4074
spk_ver/v10/v1023	SES167	-5.75883	-49.0454	-43.2866
spk_ver/v10/v1024	SES167	-5.29662	-49.9355	-44.6389
spk_ver/v10/v1025	SES167	-1.01028	-42.2597	-41.2495
spk_ver/v10/v1026	SES167	-1.51989	-44.2684	-42.7485
spk_ver/v10/v1027	SES167	-0.99155	-42.346	-41.3545
spk_ver/v10/v1028	SES167	-5.53658	-47.7522	-42.2156
spk_ver/v10/v1029	SES167	-3.66133	-46.2144	-42.553
spk_ver/v10/v1030	SES167	-2.66534	-44.4353	-41.7699
spk_ver/v10/v1031	SES167	-5.92967	-47.9982	-42.0686
spk_ver/v10/v1032	SES167	-5.31486	-46.5711	-41.2563
spk_ver/v10/v1033	SES167	-5.57856	-46.7968	-41.2183
spk_ver/v10/v1034	SES002	2.46302	-38.6793	-41.1423
spk_ver/v10/v1035	SES167	-0.845364	-42.9215	-42.0761
spk_ver/v10/v1036	SES083	1.16591	-41.0126	-42.1785
spk_ver/v10/v1037	SES167	-2.00453	-44.6531	-42.6485
spk_ver/v10/v1038	SES167	-3.64806	-47.653	-44.0049
spk_ver/v10/v1039	SES167	-0.820324	-43.5054	-42.6851
spk_ver/v10/v1040	SES167	-6.5172	-48.9677	-42.4505
spk_ver/v10/v1041	SES167	-0.603004	-43.4625	-42.8595
spk_ver/v10/v1042	SES087	1.60317	-41.0913	-42.6945
spk_ver/v10/v1043	SES029	1.80688	-40.7821	-42.5889
spk_ver/v10/v1044	SES206	1.32117	-40.6548	-41.976
spk_ver/v10/v1045	SES172	-2.87267	-45.462	-42.5894
spk_ver/v10/v1046	SES172	2.08997	-40.1301	-42.2201
spk_ver/v10/v1047	SES172	-0.994022	-42.9796	-41.9856
spk_ver/v10/v1048	SES259	2.87051	-38.7771	-41.6476
spk_ver/v10/v1049	SES172	-5.19259	-46.3662	-41.1736
spk_ver/v10/v1050	SES120	1.57052	-41.7699	-43.3404
spk_ver/v10/v1051	SES172	-1.64801	-43.2672	-41.6192
spk_ver/v10/v1052	SES172	-3.17601	-45.8653	-42.6893
spk_ver/v10/v1053	SES172	-4.12635	-46.4657	-42.3393
spk_ver/v10/v1054	SES172	-1.94666	-44.0238	-42.0772
spk_ver/v10/v1055	SES189	3.20527	-42.1962	-45.4015
spk_ver/v10/v1056	SES172	-6.26286	-48.5587	-42.2958
spk_ver/v10/v1057	SES172	-1.24033	-43.6389	-42.3985
spk_ver/v10/v1058	SES172	-2.05592	-44.5169	-42.461
spk_ver/v10/v1059	SES172	-2.32912	-44.2909	-41.9618
spk_ver/v10/v1060	SES029	0.934837	-40.6797	-41.6146
spk_ver/v10/v1061	SES175	-7.47548	-50.8258	-43.3503
spk_ver/v10/v1062	SES187	0.866989	-40.6076	-41.4745
spk_ver/v10/v1063	SES019	3.42209	-40.5715	-43.9936
spk_ver/v10/v1064	SES175	-5.55967	-47.8793	-42.3196
spk_ver/v10/v1065	SES175	-6.73059	-49.1492	-42.4186
spk_ver/v10/v1066	SES175	-8.4987	-52.726	-44.2273
spk_ver/v10/v1067	SES175	-2.23158	-44.7719	-42.5404
spk_ver/v10/v1068	SES175	-4.39799	-46.3195	-41.9216
spk_ver/v10/v1069	SES016	2.97378	-38.9978	-41.9716
spk_ver/v10/v1070	SES175	-4.141	-47.7757	-43.6347
spk_ver/v10/v1071	SES175	-1.32056	-41.9445	-40.624
spk_ver/v10/v1072	SES175	-6.61689	-48.909	-42.2921
spk_ver/v10/v1073	SES029	1.2064	-41.238	-42.4444
spk_ver/v10/v1074	SES175	-3.54135	-45.8007	-42.2593
spk_ver/v10/v1075	SES175	-0.596298	-41.7186	-41.1223
spk_ver/v10/v1076	SES175	0.11998	-41.0205	-41.1405
spk_ver/v10/v1077	SES175	-5.24624	-46.441	-41.1948
spk_ver/v10/v1078	SES127	1.95113	-39.2942	-41.2453
spk_ver/v10/v1079	SES175	-3.62799	-44.7902	-41.1623
spk_ver/v10/v1080	SES175	-2.53566	-45.52	-42.9843
spk_ver/v10/v1081	SES175	-5.09498	-47.3984	-42.3034
spk_ver/v10/v1082	SES175	-4.29821	-45.6926	-41.3944
spk_ver/v10/v1083	SES007	1.77157	-41.222	-42.9936
spk_ver/v10/v1084	SES068	1.26536	-40.072	-41.3373
spk_ver/v10/v1085	SES008	1.78511	-39.5736	-41.3587
spk_ver/v10/v1086	SES175	-0.752644	-41.3715	-40.6189
spk_ver/v10/v1087	SES175	-3.61787	-45.8311	-42.2132
spk_ver/v10/v1088	SES008	2.30864	-39.6816	-41.9903
spk_ver/v10/v1089	SES177	-2.47597	-43.0925	-40.6165
spk_ver/v10/v1090	SES177	-3.65713	-45.3472	-41.6901
spk_ver/v10/v1091	SES177	-5.69447	-48.5598	-42.8654
spk_ver/v10/v1092	SES177	-0.473186	-42.5811	-42.1079
spk_ver/v10/v1093	SES177	-5.49212	-47.9721	-42.48
spk_ver/v10/v1094	SES002	2.06372	-39.7842	-41.8479
spk_ver/v10/v1095	SES104	1.42475	-40.7468	-42.1715
spk_ver/v10/v1096	SES177	-0.639427	-42.6745	-42.0351
spk_ver/v10/v1097	SES177	-2.71547	-46.0978	-43.3824
spk_ver/v10/v1098	SES177	-2.47049	-43.57	-41.0995
spk_ver/v10/v1099	SES177	-0.0172729	-41.5639	-41.5467
spk_ver/v11/v1100	SES177	-4.58053	-47.0453	-42.4647
spk_ver/v11/v1101	SES085	1.18076	-40.8069	-41.9877
spk_ver/v11/v1102	SES187	1.58312	-41.0223	-42.6054
spk_ver/v11/v1103	SES177	-1.1596	-43.7849	-42.6253
spk_ver/v11/v1104	SES177	1.30136	-40.141	-41.4423
spk_ver/v11/v1105	SES177	0.143188	-40.9389	-41.0821
spk_ver/v11/v1106	SES177	-1.64662	-43.629	-41.9823
spk_ver/v11/v1107	SES177	-0.335262	-42.0581	-41.7228
spk_ver/v11/v1108	SES177	-0.658024	-42.7322	-42.0742
spk_ver/v11/v1109	SES125	2.21387	-39.544	-41.7579
spk_ver/v11/v1110	SES177	-4.06778	-45.8738	-41.8061
spk_ver/v11/v1111	SES177	-0.962772	-43.0636	-42.1009
spk_ver/v11/v1112	SES177	-2.81924	-44.6458	-41.8265
spk_ver/v11/v1113	SES177	-4.61535	-46.3818	-41.7665
spk_ver/v11/v1114	SES177	-1.60836	-44.9161	-43.3077
spk_ver/v11/v1115	SES177	-2.12876	-44.94	-42.8112
spk_ver/v11/v1116	SES085	1.786	-39.5337	-41.3197
spk_ver/v11/v1117	SES147	0.989845	-41.4032	-42.3931
spk_ver/v11/v1118	SES177	-0.44437	-42.8489	-42.4046
spk_ver/v11/v1119	SES177	-3.77571	-45.3339	-41.5581
spk_ver/v11/v1120	SES180	-6.3323	-49.2509	-42.9186
spk_ver/v11/v1121	SES189	1.71294	-42.3813	-44.0943
spk_ver/v11/v1122	SES117	1.81917	-43.0827	-44.9018
spk_ver/v11/v1123	SES129	2.21605	-39.3905	-41.6065
spk_ver/v11/v1124	SES180	-2.26112	-45.0088	-42.7477
spk_ver/v11/v1125	SES180	-0.58012	-41.6816	-41.1015
spk_ver/v11/v1126	SES180	-0.375122	-42.286	-41.9109
spk_ver/v11/v1127	SES180	-2.18848	-44.4814	-42.293
spk_ver/v11/v1128	SES016	1.64824	-41.4024	-43.0507
spk_ver/v11/v1129	SES158	1.59682	-40.3867	-41.9835
spk_ver/v11/v1130	SES180	-2.33681	-44.6653	-42.3284
spk_ver/v11/v1131	SES180	-3.9373	-45.0363	-41.099
spk_ver/v11/v1132	SES180	-3.06164	-45.7118	-42.6501
spk_ver/v11/v1133	SES180	-3.98296	-45.1477	-41.1648
spk_ver/v11/v1134	SES180	-1.50279	-44.3438	-42.841
spk_ver/v11/v1135	SES180	-0.826511	-42.0467	-41.2202
spk_ver/v11/v1136	SES180	-7.34923	-51.1599	-43.8107
spk_ver/v11/v1137	SES148	1.00546	-40.8004	-41.8059
spk_ver/v11/v1138	SES104	2.29846	-38.7789	-41.0773
spk_ver/v11/v1139	SES180	-4.47199	-46.503	-42.0311
spk_ver/v11/v1140	SES083	1.21975	-40.6625	-41.8823
spk_ver/v11/v1141	SES180	-5.63486	-47.7733	-42.1385
spk_ver/v11/v1142	SES180	-2.08992	-44.6021	-42.5121
spk_ver/v11/v1143	SES180	-2.79839	-46.3761	-43.5778
spk_ver/v11/v1144	SES099	2.40161	-41.0104	-43.412
spk_ver/v11/v1145	SES180	-1.61133	-43.5716	-41.9603
spk_ver/v11/v1146	SES183	-3.04179	-45.3194	-42.2776
spk_ver/v11/v1147	SES183	-0.463112	-42.2556	-41.7925
spk_ver/v11/v1148	SES183	-4.09483	-47.9583	-43.8634
spk_ver/v11/v1149	SES183	-5.06897	-47.6604	-42.5914
spk_ver/v11/v1150	SES183	-3.82206	-46.8992	-43.0772
spk_ver/v11/v1151	SES082	1.93314	-40.0064	-41.9395
spk_ver/v11/v1152	SES183	-2.41839	-46.0684	-43.65
spk_ver/v11/v1153	SES183	-1.39963	-43.4459	-42.0463
spk_ver/v11/v1154	SES002	2.0427	-39.345	-41.3877
spk_ver/v11/v1155	SES183	-2.32104	-44.8415	-42.5205
spk_ver/v11/v1156	SES183	-5.21084	-48.5347	-43.3238
spk_ver/v11/v1157	SES183	-1.79514	-41.833	-40.0378
spk_ver/v11/v1158	SES183	-0.0214462	-41.7795	-41.758
spk_ver/v11/v1159	SES183	-2.61998	-44.9296	-42.3097
spk_ver/v11/v1160	SES183	-4.31016	-46.3781	-42.0679
spk_ver/v11/v1161	SES183	-4.28003	-47.3064	-43.0264
spk_ver/v11/v1162	SES105	1.98138	-40.5656	-42.547
spk_ver/v11/v1163	SES183	-5.31335	-47.6207	-42.3074
spk_ver/v11/v1164	SES259	2.36083	-39.4598	-41.8206
spk_ver/v11/v1165	SES183	-2.83443	-45.3361	-42.5017
spk_ver/v11/v1166	SES183	-3.79024	-45.7333	-41.9431
spk_ver/v11/v1167	SES183	-1.66407	-44.0654	-42.4013
spk_ver/v11/v1168	SES183	-1.43863	-42.8152	-41.3766
spk_ver/v11/v1169	SES183	-4.74421	-46.5058	-41.7616
spk_ver/v11/v1170	SES183	-3.62949	-45.2379	-41.6084
spk_ver/v11/v1171	SES183	-6.95006	-50.5719	-43.6218
spk_ver/v11/v1172	SES187	-2.85531	-45.1517	-42.2964
spk_ver/v11/v1173	SES019	3.1235	-41.0038	-44.1273
spk_ver/v11/v1174	SES187	-6.17929	-49.7638	-43.5845
spk_ver/v11/v1175	SES187	-2.23182	-45.7284	-43.4966
spk_ver/v11/v1176	SES083	1.42905	-39.6673	-41.0963
spk_ver/v11/v1177	SES187	-6.12408	-50.0294	-43.9053
spk_ver/v11/v1178	SES187	-4.22796	-46.2051	-41.9771
spk_ver/v11/v1179	SES187	-2.89419	-46.0101	-43.1159
spk_ver/v11/v1180	SES187	-0.345795	-42.8456	-42.4998
spk_ver/v11/v1181	SES187	-5.93689	-47.8129	-41.876
spk_ver/v11/v1182	SES187	-0.355057	-41.8565	-41.5014
spk_ver/v11/v1183	SES187	-4.76759	-46.6746	-41.907
spk_ver/v11/v1184	SES187	0.551098	-41.5597	-42.1107
spk_ver/v11/v1185	SES127	1.59397	-40.4566	-42.0506
spk_ver/v11/v1186	SES187	-0.651756	-41.8469	-41.1951
spk_ver/v11/v1187	SES187	-0.368736	-41.3788	-41.01
spk_ver/v11/v1188	SES187	-1.86793	-45.1513	-43.2834
spk_ver/v11/v1189	SES042	2.49514	-39.322	-41.8172
spk_ver/v11/v1190	SES187	-0.633884	-42.0629	-41.429
spk_ver/v11/v1191	SES187	-5.44455	-49.1115	-43.667
spk_ver/v11/v1192	SES187	-4.26672	-46.8224	-42.5556
spk_ver/v11/v1193	SES183	1.57807	-41.4246	-43.0027
spk_ver/v11/v1194	SES187	-1.67728	-44.795	-43.1177
spk_ver/v11/v1195	SES187	-5.41513	-47.9987	-42.5835
spk_ver/v11/v1196	SES146	1.75166	-41.7868	-43.5384
spk_ver/v11/v1197	SES189	-4.90617	-46.7546	-41.8484
spk_ver/v11/v1198	SES175	1.94294	-41.2662	-43.2091
spk_ver/v11/v1199	SES189	-4.88242	-48.0237	-43.1413
spk_ver/v12/v1200	SES189	-1.30957	-42.3066	-40.9971
spk_ver/v12/v1201	SES177	1.35641	-40.2952	-41.6517
spk_ver/v12/v1202	SES189	-0.964565	-44.0969	-43.1323
spk_ver/v12/v1203	SES143	1.3407	-41.2561	-42.5968
spk_ver/v12/v1204	SES189	-2.78415	-44.4749	-41.6908
spk_ver/v12/v1205	SES189	-1.27597	-42.6454	-41.3694
spk_ver/v12/v1206	SES189	-5.53067	-49.2922	-43.7615
spk_ver/v12/v1207	SES189	-3.04659	-44.3073	-41.2607
spk_ver/v12/v1208	SES189	-2.89126	-43.6262	-40.7349
spk_ver/v12/v1209	SES189	-4.82909	-48.1508	-43.3217
spk_ver/v12/v1210	SES189	0.690895	-42.4942	-43.1851
spk_ver/v12/v1211	SES062	1.88738	-39.5352	-41.4226
spk_ver/v12/v1212	SES189	-2.39586	-43.7664	-41.3705
spk_ver/v12/v1213	SES048	2.01407	-39.9624	-41.9764
spk_ver/v12/v1214	SES042	2.7039	-38.6881	-41.392
spk_ver/v12/v1215	SES008	2.3593	-38.9113	-41.2705
spk_ver/v12/v1216	SES202	-3.60965	-44.7348	-41.1252
spk_ver/v12/v1217	SES202	-3.28611	-46.3901	-43.104
spk_ver/v12/v1218	SES085	1.73791	-38.8109	-40.5488
spk_ver/v12/v1219	SES202	-1.28301	-42.7573	-41.4743
spk_ver/v12/v1220	SES202	-4.14572	-45.4824	-41.3367
spk_ver/v12/v1221	SES202	-3.13497	-46.2467	-43.1117
spk_ver/v12/v1222	SES202	-7.51146	-51.0992	-43.5877
spk_ver/v12/v1223	SES158	1.44633	-40.4798	-41.9261
spk_ver/v12/v1224	SES202	-1.73813	-45.1896	-43.4515
spk_ver/v12/v1225	SES202	-5.91538	-47.6981	-41.7827
spk_ver/v12/v1226	SES202	-4.84599	-46.3637	-41.5177
spk_ver/v12/v1227	SES202	-5.80081	-48.3236	-42.5227
spk_ver/v12/v1228	SES177	0.785202	-41.3428	-42.128
spk_ver/v12/v1229	SES202	-5.05646	-47.1917	-42.1352
spk_ver/v12/v1230	SES202	-1.25995	-43.4916	-42.2316
spk_ver/v12/v1231	SES202	-6.15768	-49.068	-42.9104
spk_ver/v12/v1232	SES202	-2.79563	-47.3497	-44.5541
spk_ver/v12/v1233	SES206	1.80176	-39.5143	-41.3161
spk_ver/v12/v1234	SES202	-5.61662	-48.4064	-42.7898
spk_ver/v12/v1235	SES202	-2.08949	-44.057	-41.9675
spk_ver/v12/v1236	SES125	2.57029	-39.8518	-42.4221
spk_ver/v12/v1237	SES127	1.48023	-40.19	-41.6702
spk_ver/v12/v1238	SES202	2.88545	-39.3363	-42.2217
spk_ver/v12/v1239	SES167	1.92009	-39.5293	-41.4494
spk_ver/v12/v1240	SES206	-13.8558	-56.7216	-42.8658
spk_ver/v12/v1241	SES206	-14.5903	-58.0541	-43.4638
spk_ver/v12/v1242	SES206	-0.854115	-42.3014	-41.4473
spk_ver/v12/v1243	SES206	-2.58839	-45.4746	-42.8862
spk_ver/v12/v1244	SES259	2.11433	-40.3543	-42.4687
spk_ver/v12/v1245	SES206	-6.52616	-48.3744	-41.8483
spk_ver/v12/v1246	SES206	-9.52142	-51.63	-42.1086
spk_ver/v12/v1247	SES206	-0.170551	-42.2317	-42.0612
spk_ver/v12/v1248	SES206	-15.8798	-59.7491	-43.8694
spk_ver/v12/v1249	SES270	2.61621	-40.5162	-43.1324
spk_ver/v12/v1250	SES206	-11.5451	-53.9792	-42.4342
spk_ver/v12/v1251	SES206	-8.19276	-49.426	-41.2333
spk_ver/v12/v1252	SES206	-7.62706	-49.7342	-42.1072
spk_ver/v12/v1253	SES206	-0.968662	-42.9665	-41.9978
spk_ver/v12/v1254	SES206	-1.06161	-43.1496	-42.088
spk_ver/v12/v1255	SES125	2.54056	-39.4711	-42.0117
spk_ver/v12/v1256	SES206	-18.9878	-61.2361	-42.2483
spk_ver/v12/v1257	SES206	-11.4774	-52.4407	-40.9632
spk_ver/v12/v1258	SES206	-1.98003	-44.4931	-42.5131
spk_ver/v12/v1259	SES206	-13.4224	-55.8545	-42.4321
spk_ver/v12/v1260	SES206	-17.5609	-60.7838	-43.2229
spk_ver/v12/v1261	SES206	-12.2609	-54.0257	-41.7649
spk_ver/v12/v1262	SES206	-16.173	-58.8156	-42.6426
spk_ver/v12/v1263	SES206	-11.4163	-53.109	-41.6927
spk_ver/v12/v1264	SES149	1.5043	-40.7048	-42.209
spk_ver/v12/v1265	SES206	-0.361012	-44.5712	-44.2102
spk_ver/v12/v1266	SES206	-17.8987	-61.1931	-43.2944
spk_ver/v12/v1267	SES206	-0.72345	-45.2393	-44.5159
spk_ver/v12/v1268	SES206	-6.67642	-49.6755	-42.999
spk_ver/v12/v1269	SES206	-12.8912	-57.7043	-44.813
spk_ver/v12/v1270	SES206	-21.085	-66.0461	-44.9611
spk_ver/v12/v1271	SES226	-11.8316	-55.545	-43.7134
spk_ver/v12/v1272	SES226	0.0483551	-41.3207	-41.369
spk_ver/v12/v1273	SES226	-12.3719	-53.8573	-41.4853
spk_ver/v12/v1274	SES226	-8.57051	-50.7937	-42.2232
spk_ver/v12/v1275	SES226	-0.00168228	-42.2101	-42.2084
spk_ver/v12/v1276	SES226	-9.24483	-51.5643	-42.3195
spk_ver/v12/v1277	SES226	-0.281975	-42.2161	-41.9341
spk_ver/v12/v1278	SES226	0.261627	-42.5774	-42.8391
spk_ver/v12/v1279	SES226	-9.48356	-50.4952	-41.0117
spk_ver/v12/v1280	SES226	-2.35115	-43.6879	-41.3368
spk_ver/v12/v1281	SES226	-1.24673	-44.2246	-42.9779
spk_ver/v12/v1282	SES226	-1.74569	-44.4436	-42.6979
spk_ver/v12/v1283	SES143	1.99517	-40.7006	-42.6958
spk_ver/v12/v1284	SES226	-7.49038	-48.8878	-41.3974
spk_ver/v12/v1285	SES226	-0.704376	-43.0152	-42.3109
spk_ver/v12/v1286	SES226	-2.01369	-44.3738	-42.3601
spk_ver/v12/v1287	SES226	-3.40501	-45.7185	-42.3135
spk_ver/v12/v1288	SES226	-9.12955	-50.6363	-41.5068
spk_ver/v12/v1289	SES104	1.88407	-40.384	-42.2681
spk_ver/v12/v1290	SES008	2.11547	-40.6878	-42.8033
spk_ver/v12/v1291	SES226	-0.989674	-42.7302	-41.7406
spk_ver/v12/v1292	SES259	-3.20408	-46.5328	-43.3287
spk_ver/v12/v1293	SES062	1.61863	-39.924	-41.5426
spk_ver/v12/v1294	SES099	1.83171	-41.3681	-43.1999
spk_ver/v12/v1295	SES158	1.08258	-41.794	-42.8766
spk_ver/v12/v1296	SES259	-7.94037	-49.0889	-41.1486
spk_ver/v12/v1297	SES259	-4.4674	-46.5569	-42.0895
spk_ver/v12/v1298	SES259	-2.77853	-44.8698	-42.0913
spk_ver/v12/v1299	SES259	-8.59958	-51.0533	-42.4537
spk_ver/v13/v1300	SES120	1.3581	-41.3503	-42.7084
spk_ver/v13/v1301	SES259	-10.2654	-52.1742	-41.9088
spk_ver/v13/v1302	SES259	-10.2364	-52.6436	-42.4072
spk_ver/v13/v1303	SES129	1.7247	-40.4262	-42.1509
spk_ver/v13/v1304	SES259	-5.33336	-47.7355	-42.4021
spk_ver/v13/v1305	SES259	-4.55275	-47.5485	-42.9958
spk_ver/v13/v1306	SES106	1.89145	-40.5552	-42.4466
spk_ver/v13/v1307	SES259	-3.67664	-46.7316	-43.055
spk_ver/v13/v1308	SES259	-0.979046	-43.152	-42.173
spk_ver/v13/v1309	SES259	-8.08282	-49.7984	-41.7156
spk_ver/v13/v1310	SES259	-7.10101	-48.2212	-41.1202
spk_ver/v13/v1311	SES259	-7.65468	-49.3995	-41.7448
spk_ver/v13/v1312	SES259	-1.67509	-42.6742	-40.9991
spk_ver/v13/v1313	SES144	1.09677	-40.9955	-42.0923
spk_ver/v13/v1314	SES259	-10.3651	-52.7455	-42.3803
spk_ver/v13/v1315	SES162	2.24878	-40.0288	-42.2775
spk_ver/v13/v1316	SES206	1.93224	-39.8083	-41.7405
spk_ver/v13/v1317	SES175	1.44228	-41.402	-42.8443
spk_ver/v13/v1318	SES259	-7.17629	-50.3717	-43.1954
spk_ver/v13/v1319	SES259	-11.326	-54.2874	-42.9614
spk_ver/v13/v1320	SES270	0.194736	-42.0114	-42.2061
spk_ver/v13/v1321	SES101	1.02038	-41.0788	-42.0992
spk_ver/v13/v1322	SES177	1.87308	-40.1706	-42.0437
spk_ver/v13/v1323	SES127	1.83459	-39.1181	-40.9527
spk_ver/v13/v1324	SES270	-9.15744	-51.7017	-42.5442
spk_ver/v13/v1325	SES062	1.69779	-40.0594	-41.7572
spk_ver/v13/v1326	SES270	0.34956	-42.2345	-42.5841
spk_ver/v13/v1327	SES120	0.450523	-42.4527	-42.9032
spk_ver/v13/v1328	SES270	-4.2592	-47.6446	-43.3854
spk_ver/v13/v1329	SES270	-7.46929	-47.6077	-40.1384
spk_ver/v13/v1330	SES270	0.409782	-43.0679	-43.4777
spk_ver/v13/v1331	SES270	-9.39615	-50.5398	-41.1436
spk_ver/v13/v1332	SES270	-0.152859	-41.6451	-41.4923
spk_ver/v13/v1333	SES270	-0.99855	-44.1464	-43.1479
spk_ver/v13/v1334	SES270	-2.53556	-44.4	-41.8645
spk_ver/v13/v1335	SES270	0.681561	-40.9281	-41.6096
spk_ver/v13/v1336	SES270	-0.991032	-42.6527	-41.6616
spk_ver/v13/v1337	SES016	1.96399	-40.1786	-42.1426
spk_ver/v13/v1338	SES270	-6.16898	-47.874	-41.705
spk_ver/v13/v1339	SES002	2.22838	-39.2667	-41.4951
spk_ver/v13/v1340	SES105	2.46714	-40.9109	-43.378
spk_ver/v13/v1341	SES275	-2.45172	-46.0056	-43.5539
spk_ver/v13/v1342	SES187	1.77884	-41.4198	-43.1986
spk_ver/v13/v1343	SES275	-2.62266	-45.0366	-42.4139
spk_ver/v13/v1344	SES275	-3.98282	-46.7767	-42.7939
spk_ver/v13/v1345	SES275	-2.29131	-44.8869	-42.5956
spk_ver/v13/v1346	SES275	-4.38463	-47.1667	-42.7821
spk_ver/v13/v1347	SES275	-4.31107	-47.3552	-43.0441
spk_ver/v13/v1348	SES180	0.751236	-41.0362	-41.7875
spk_ver/v13/v1349	SES275	-2.41314	-46.4954	-44.0823
spk_ver/v13/v1350	SES275	-0.478222	-40.9632	-40.485
spk_ver/v13/v1351	SES275	-4.07057	-50.3281	-46.2575
spk_ver/v13/v1352	SES275	-2.34713	-44.4662	-42.1191
spk_ver/v13/v1353	SES275	-3.22954	-46.6478	-43.4183
spk_ver/v13/v1354	SES189	2.74126	-42.4691	-45.2104
spk_ver/v13/v1355	SES068	0.811115	-40.0236	-40.8347
spk_ver/v13/v1356	SES275	-3.94233	-47.5506	-43.6083
spk_ver/v13/v1357	SES048	0.877518	-41.1854	-42.0629
spk_ver/v13/v1358	SES226	2.20609	-39.2221	-41.4282
spk_ver/v13/v1359	SES016	0.890648	-40.6205	-41.5111
spk_ver/v13/v1360	SES275	-2.82242	-45.8177	-42.9953
spk_ver/v13/v1361	SES068	1.74821	-39.5719	-41.3201
spk_ver/v13/v1362	SES275	-4.1954	-45.9399	-41.7445
spk_ver/v13/v1363	SES275	-3.3338	-45.6709	-42.3371
spk_ver/v13/v1364	SES275	-3.40916	-47.5881	-44.1789
spk_ver/v13/v1365	SES275	-1.94399	-43.7107	-41.7667
spk_ver/v13/v1366	SES187	1.27909	-40.8357	-42.1148
spk_ver/v13/v1367	SES275	-4.68839	-48.1867	-43.4983
spk_ver/v13/v1368	SES125	1.98275	-40.0442	-42.027
spk_ver/v13/v1369	SES275	-2.2968	-45.0521	-42.7553
spk_ver/v13/v1370	SES292	-3.37676	-45.1687	-41.792
spk_ver/v13/v1371	SES292	-3.25067	-44.9588	-41.7082
spk_ver/v13/v1372	SES292	-3.52948	-47.0007	-43.4712
spk_ver/v13/v1373	SES292	-1.39108	-43.2118	-41.8207
spk_ver/v13/v1374	SES101	1.42774	-41.2923	-42.7201
spk_ver/v13/v1375	SES292	-1.94548	-44.9743	-43.0288
spk_ver/v13/v1376	SES292	-1.22799	-42.9926	-41.7646
spk_ver/v13/v1377	SES292	-6.53273	-50.428	-43.8953
spk_ver/v13/v1378	SES292	-0.364227	-42.332	-41.9678
spk_ver/v13/v1379	SES292	-1.11905	-42.8368	-41.7178
spk_ver/v13/v1380	SES292	-2.10189	-44.404	-42.3021
spk_ver/v13/v1381	SES292	-2.89333	-43.4237	-40.5304
spk_ver/v13/v1382	SES292	-2.68594	-45.4012	-42.7153
spk_ver/v13/v1383	SES292	-2.58439	-44.9151	-42.3307
spk_ver/v13/v1384	SES292	-1.44216	-43.4392	-41.997
spk_ver/v13/v1385	SES292	-1.5937	-43.4428	-41.8491
spk_ver/v13/v1386	SES292	-1.48095	-44.0346	-42.5536
spk_ver/v13/v1387	SES158	2.41144	-41.8062	-44.2176
spk_ver/v13/v1388	SES292	-0.467812	-42.0391	-41.5713
spk_ver/v13/v1389	SES292	-0.363293	-40.8595	-40.4962
spk_ver/v13/v1390	SES292	-3.67905	-45.5857	-41.9066
spk_ver/v13/v1391	SES292	-1.91139	-44.1047	-42.1933
spk_ver/v13/v1392	SES292	-3.55111	-46.7293	-43.1782
spk_ver/v13/v1393	SES292	-3.11103	-45.0148	-41.9038
spk_ver/v13/v1394	SES292	-3.57788	-46.2261	-42.6482
spk_ver/v13/v1395	SES292	-3.83879	-45.252	-41.4132
spk_ver/v13/v1396	SES117	2.02301	-41.3707	-43.3937
spk_ver/v13/v1397	SES292	-3.06159	-44.5528	-41.4912
spk_ver/v13/v1398	SES292	-4.34439	-47.673	-43.3286
spk_ver/v13/v1399	SES292	-1.54203	-43.4344	-41.8924
