BLOCK00/SES002/SA002S12	SES002	1.94393	13.6801	11.7362
BLOCK00/SES002/SA002S13	SES002	2.60347	13.6656	11.0621
BLOCK00/SES002/SA002S23	SES002	1.4674	13.4333	11.9659
BLOCK00/SES002/SA002S26	SES002	2.03703	14.5831	12.546
BLOCK00/SES002/SA002S28	SES002	1.86399	12.8289	10.9649
BLOCK00/SES007/SA007S14	SES007	1.51832	16.0382	14.5199
BLOCK00/SES007/SA007S15	SES007	0.801528	13.9232	13.1217
BLOCK00/SES007/SA007S24	SES007	1.25077	13.9002	12.6494
BLOCK00/SES007/SA007S27	SES007	0.967626	12.9861	12.0185
BLOCK00/SES007/SA007S29	SES007	0.551519	14.0453	13.4938
BLOCK00/SES008/SA008S11	SES008	1.68339	14.8325	13.1491
BLOCK00/SES008/SA008S12	SES008	1.26087	14.3307	13.0698
BLOCK00/SES008/SA008S19	SES008	1.99901	15.4625	13.4634
BLOCK00/SES008/SA008S22	SES008	1.11596	13.6181	12.5021
BLOCK00/SES008/SA008S29	SES008	1.81321	15.6766	13.8634
BLOCK01/SES014/SA014S10	SES014	2.46038	14.6097	12.1494
BLOCK01/SES014/SA014S12	SES014	3.26513	17.2693	14.0042
BLOCK01/SES014/SA014S24	SES014	2.07036	15.2673	13.197
BLOCK01/SES014/SA014S26	SES014	2.46782	17.824	15.3561
BLOCK01/SES014/SA014S28	SES014	4.23355	18.207	13.9734
BLOCK01/SES016/SA016S12	SES016	1.75995	14.3428	12.5829
BLOCK01/SES016/SA016S13	SES016	1.90667	16.1051	14.1985
BLOCK01/SES016/SA016S22	SES016	2.05839	16.6265	14.5681
BLOCK01/SES016/SA016S25	SES016	1.83023	16.9465	15.1163
BLOCK01/SES016/SA016S27	SES016	1.87819	17.5072	15.6291
BLOCK01/SES019/SA019S13	SES019	3.77522	12.7283	8.95306
BLOCK01/SES019/SA019S14	SES019	2.8661	12.9756	10.1095
BLOCK01/SES019/SA019S22	SES019	3.46374	13.1872	9.7235
BLOCK01/SES019/SA019S25	SES019	3.51312	13.2672	9.75404
BLOCK01/SES019/SA019S29	SES019	4.11533	13.6911	9.57581
BLOCK02/SES029/SA029S11	SES029	1.887	15.4507	13.5637
BLOCK02/SES029/SA029S12	SES029	0.812364	14.8071	13.9948
BLOCK02/SES029/SA029S20	SES029	1.51282	14.9156	13.4027
BLOCK02/SES029/SA029S25	SES029	1.07654	16.9275	15.8509
BLOCK02/SES029/SA029S28	SES029	0.581232	14.56	13.9788
BLOCK04/SES042/SA042S12	SES042	2.77833	14.2931	11.5147
BLOCK04/SES042/SA042S15	SES042	3.02224	15.1065	12.0843
BLOCK04/SES042/SA042S22	SES042	4.00566	17.4737	13.468
BLOCK04/SES042/SA042S25	SES042	3.05157	13.2788	10.2272
BLOCK04/SES042/SA042S27	SES042	2.78728	15.3918	12.6046
BLOCK04/SES048/SA048S11	SES048	1.77496	15.0509	13.276
BLOCK04/SES048/SA048S12	SES048	0.745466	14.1862	13.4407
BLOCK04/SES048/SA048S20	SES048	0.485826	14.0963	13.6105
BLOCK04/SES048/SA048S23	SES048	1.6598	13.5338	11.874
BLOCK04/SES048/SA048S27	SES048	0.809799	15.3172	14.5074
BLOCK06/SES060/SA060S11	SES060	2.08155	16.3565	14.275
BLOCK06/SES060/SA060S12	SES060	0.572035	14.5377	13.9657
BLOCK06/SES060/SA060S22	SES060	0.160678	13.1103	12.9497
BLOCK06/SES060/SA060S24	SES060	1.74476	15.4342	13.6895
BLOCK06/SES060/SA060S28	SES060	1.68251	17.1088	15.4263
BLOCK06/SES062/SA062S10	SES062	1.19753	15.3794	14.1819
BLOCK06/SES062/SA062S11	SES062	1.52046	15.784	14.2635
BLOCK06/SES062/SA062S21	SES062	1.89884	17.974	16.0751
BLOCK06/SES062/SA062S26	SES062	1.29644	16.5271	15.2306
BLOCK06/SES062/SA062S29	SES062	1.88378	17.9342	16.0504
BLOCK06/SES068/SA068S14	SES068	0.723492	16.0242	15.3008
BLOCK06/SES068/SA068S15	SES068	1.97212	17.5595	15.5873
BLOCK06/SES068/SA068S23	SES068	1.5772	15.0079	13.4307
BLOCK06/SES068/SA068S27	SES068	2.1778	17.8551	15.6773
BLOCK06/SES068/SA068S29	SES068	0.88539	15.2019	14.3165
BLOCK08/SES082/SA082S12	SES082	1.15926	12.3984	11.2391
BLOCK08/SES082/SA082S14	SES082	1.03991	12.0481	11.0082
BLOCK08/SES082/SA082S21	SES082	0.75942	12.1934	11.434
BLOCK08/SES082/SA082S24	SES082	1.39121	14.3445	12.9533
BLOCK08/SES082/SA082S28	SES082	1.07409	12.9009	11.8269
BLOCK08/SES083/SA083S14	SES083	0.391975	14.8414	14.4495
BLOCK08/SES083/SA083S15	SES083	1.25962	16.3836	15.1239
BLOCK08/SES083/SA083S24	SES083	0.786883	15.0641	14.2773
BLOCK08/SES083/SA083S26	SES083	0.808544	14.093	13.2845
BLOCK08/SES083/SA083S29	SES083	0.627222	15.1842	14.557
BLOCK08/SES085/SA085S10	SES085	0.802296	15.5458	14.7435
BLOCK08/SES085/SA085S13	SES085	0.428662	15.361	14.9324
BLOCK08/SES085/SA085S22	SES085	0.791025	17.2122	16.4212
BLOCK08/SES085/SA085S26	SES085	0.600138	18.1469	17.5468
BLOCK08/SES085/SA085S28	SES085	1.15902	15.732	14.573
BLOCK08/SES087/SA087S15	SES087	1.80471	13.6346	11.8299
BLOCK08/SES087/SA087S16	SES087	2.12762	13.8745	11.7469
BLOCK08/SES087/SA087S24	SES087	1.88511	13.6901	11.805
BLOCK08/SES087/SA087S26	SES087	1.82639	14.7776	12.9512
BLOCK08/SES087/SA087S29	SES087	2.52569	13.6358	11.1102
BLOCK09/SES099/SA099S15	SES099	2.29416	13.1727	10.8785
BLOCK09/SES099/SA099S16	SES099	2.26173	13.4388	11.1771
BLOCK09/SES099/SA099S24	SES099	1.84654	13.6145	11.768
BLOCK09/SES099/SA099S26	SES099	2.34222	13.5099	11.1676
BLOCK09/SES099/SA099S29	SES099	2.34069	13.9944	11.6537
BLOCK10/SES101/SA101S11	SES101	0.815332	14.3266	13.5112
BLOCK10/SES101/SA101S13	SES101	1.91781	16.8527	14.9349
BLOCK10/SES101/SA101S22	SES101	1.28768	15.0319	13.7442
BLOCK10/SES101/SA101S24	SES101	1.13807	14.3255	13.1874
BLOCK10/SES101/SA101S28	SES101	0.747084	14.5007	13.7536
BLOCK10/SES104/SA104S11	SES104	2.39181	16.6246	14.2328
BLOCK10/SES104/SA104S12	SES104	2.07857	14.7002	12.6216
BLOCK10/SES104/SA104S21	SES104	2.21261	14.2514	12.0388
BLOCK10/SES104/SA104S24	SES104	1.80202	14.0789	12.2768
BLOCK10/SES104/SA104S28	SES104	1.97434	15.1205	13.1461
BLOCK10/SES105/SA105S12	SES105	1.04978	12.4419	11.3921
BLOCK10/SES105/SA105S13	SES105	0.985951	12.2973	11.3113
BLOCK10/SES105/SA105S22	SES105	0.633701	11.524	10.8903
BLOCK10/SES105/SA105S26	SES105	1.41294	12.7032	11.2903
BLOCK10/SES105/SA105S29	SES105	1.3059	13.7815	12.4756
BLOCK10/SES106/SA106S09	SES106	2.31972	12.1894	9.8697
BLOCK10/SES106/SA106S11	SES106	2.4726	14.2934	11.8208
BLOCK10/SES106/SA106S22	SES106	4.284	14.1858	9.90179
BLOCK10/SES106/SA106S27	SES106	2.2599	12.9012	10.6413
BLOCK10/SES106/SA106S29	SES106	1.68212	12.7667	11.0846
BLOCK11/SES117/SA117S12	SES117	1.32688	15.4419	14.1151
BLOCK11/SES117/SA117S13	SES117	0.691885	15.9728	15.2809
BLOCK11/SES117/SA117S23	SES117	1.32472	14.7886	13.4639
BLOCK11/SES117/SA117S25	SES117	1.37243	14.6386	13.2662
BLOCK11/SES117/SA117S28	SES117	1.26631	14.1927	12.9264
BLOCK12/SES120/SA120S08	SES120	1.41453	12.081	10.6665
BLOCK12/SES120/SA120S11	SES120	1.81293	11.1491	9.33616
BLOCK12/SES120/SA120S22	SES120	0.609749	14.1737	13.5639
BLOCK12/SES120/SA120S24	SES120	1.6117	13.5101	11.8984
BLOCK12/SES120/SA120S28	SES120	1.15706	11.3208	10.1637
BLOCK12/SES125/SA125S13	SES125	2.31942	14.1327	11.8133
BLOCK12/SES125/SA125S14	SES125	1.23193	12.8965	11.6646
BLOCK12/SES125/SA125S25	SES125	1.97763	14.2681	12.2904
BLOCK12/SES125/SA125S27	SES125	2.45371	15.5649	13.1111
BLOCK12/SES125/SA125S29	SES125	1.82862	13.6712	11.8426
BLOCK12/SES127/SA127S11	SES127	0.93566	15.2025	14.2668
BLOCK12/SES127/SA127S12	SES127	0.578196	15.2149	14.6367
BLOCK12/SES127/SA127S23	SES127	0.908844	15.4943	14.5855
BLOCK12/SES127/SA127S25	SES127	0.204109	14.2057	14.0016
BLOCK12/SES127/SA127S27	SES127	0.857901	15.928	15.0701
BLOCK12/SES129/SA129S11	SES129	1.65231	15.4904	13.8381
BLOCK12/SES129/SA129S12	SES129	1.88379	15.1376	13.2538
BLOCK12/SES129/SA129S22	SES129	1.60288	14.5391	12.9362
BLOCK12/SES129/SA129S27	SES129	1.7176	14.9933	13.2757
BLOCK12/SES129/SA129S29	SES129	1.30928	14.7871	13.4778
BLOCK14/SES142/SA142S11	SES142	2.63356	16.6321	13.9986
BLOCK14/SES142/SA142S12	SES142	1.28669	15.4294	14.1427
BLOCK14/SES142/SA142S24	SES142	1.85297	16.9123	15.0593
BLOCK14/SES142/SA142S27	SES142	1.86048	15.7563	13.8958
BLOCK14/SES142/SA142S29	SES142	2.77333	17.1625	14.3892
BLOCK14/SES143/SA143S12	SES143	1.40602	15.0784	13.6724
BLOCK14/SES143/SA143S13	SES143	1.25254	13.9319	12.6794
BLOCK14/SES143/SA143S23	SES143	1.42233	15.1966	13.7743
BLOCK14/SES143/SA143S25	SES143	1.73256	16.5301	14.7976
BLOCK14/SES143/SA143S28	SES143	1.29532	15.3062	14.0108
BLOCK14/SES144/SA144S09	SES144	1.07284	15.0287	13.9559
BLOCK14/SES144/SA144S11	SES144	1.35838	13.583	12.2247
BLOCK14/SES144/SA144S21	SES144	0.133603	13.8759	13.7423
BLOCK14/SES144/SA144S25	SES144	0.94638	13.2652	12.3189
BLOCK14/SES144/SA144S29	SES144	0.393872	15.1114	14.7175
BLOCK14/SES146/SA146S14	SES146	0.93015	12.1054	11.1752
BLOCK14/SES146/SA146S15	SES146	0.898199	13.0506	12.1524
BLOCK14/SES146/SA146S24	SES146	0.971651	12.6892	11.7175
BLOCK14/SES146/SA146S26	SES146	1.16192	13.0227	11.8607
BLOCK14/SES146/SA146S29	SES146	0.829599	12.1593	11.3297
BLOCK14/SES147/SA147S11	SES147	1.44758	14.4094	12.9618
BLOCK14/SES147/SA147S13	SES147	2.41221	15.8791	13.4668
BLOCK14/SES147/SA147S23	SES147	1.06029	15.4641	14.4038
BLOCK14/SES147/SA147S26	SES147	1.59913	15.1517	13.5526
BLOCK14/SES147/SA147S28	SES147	1.78816	15.3284	13.5402
BLOCK14/SES148/SA148S10	SES148	1.8658	13.3732	11.5074
BLOCK14/SES148/SA148S12	SES148	1.32449	12.3349	11.0104
BLOCK14/SES148/SA148S22	SES148	1.792	14.3098	12.5179
BLOCK14/SES148/SA148S26	SES148	0.214537	13.9108	13.6963
BLOCK14/SES148/SA148S29	SES148	0.549588	12.953	12.4034
BLOCK14/SES149/SA149S13	SES149	-0.0399952	12.9296	12.9696
BLOCK14/SES149/SA149S14	SES149	0.549395	14.045	13.4956
BLOCK14/SES149/SA149S24	SES149	1.52087	14.737	13.2161
BLOCK14/SES149/SA149S26	SES149	1.75901	15.6089	13.8499
BLOCK14/SES149/SA149S28	SES149	1.95498	16.6414	14.6864
BLOCK15/SES158/SA158S13	SES158	2.11305	12.2671	10.1541
BLOCK15/SES158/SA158S14	SES158	3.14695	12.5726	9.42564
BLOCK15/SES158/SA158S23	SES158	1.73585	12.5659	10.83
BLOCK15/SES158/SA158S26	SES158	3.04221	12.4612	9.41902
BLOCK15/SES158/SA158S28	SES158	1.24741	11.4433	10.1959
BLOCK16/SES162/SA162S10	SES162	0.828326	12.0062	11.1779
BLOCK16/SES162/SA162S11	SES162	0.984911	15.0179	14.0329
BLOCK16/SES162/SA162S21	SES162	1.72164	14.8541	13.1325
BLOCK16/SES162/SA162S24	SES162	1.43015	14.5917	13.1615
BLOCK16/SES162/SA162S27	SES162	1.47745	13.654	12.1765
BLOCK16/SES167/SA167S14	SES167	1.37507	17.0908	15.7158
BLOCK16/SES167/SA167S15	SES167	2.26657	16.4409	14.1743
BLOCK16/SES167/SA167S21	SES167	2.06837	17.4332	15.3648
BLOCK16/SES167/SA167S25	SES167	2.45259	16.8106	14.3581
BLOCK16/SES167/SA167S29	SES167	2.85767	18.4079	15.5502
BLOCK17/SES172/SA172S12	SES172	1.25169	15.2957	14.044
BLOCK17/SES172/SA172S13	SES172	1.50587	14.9118	13.4059
BLOCK17/SES172/SA172S23	SES172	1.28063	17.1245	15.8439
BLOCK17/SES172/SA172S27	SES172	0.928272	14.9534	14.0251
BLOCK17/SES172/SA172S29	SES172	1.63915	15.1914	13.5523
BLOCK17/SES175/SA175S11	SES175	1.12957	16.1827	15.0531
BLOCK17/SES175/SA175S13	SES175	1.5989	15.2091	13.6102
BLOCK17/SES175/SA175S23	SES175	1.62471	16.1289	14.5042
BLOCK17/SES175/SA175S25	SES175	1.22802	13.7967	12.5687
BLOCK17/SES175/SA175S28	SES175	1.36933	17.1266	15.7573
BLOCK17/SES177/SA177S15	SES177	0.804991	15.1983	14.3933
BLOCK17/SES177/SA177S17	SES177	0.816285	15.2975	14.4813
BLOCK17/SES177/SA177S23	SES177	0.394535	14.8206	14.4261
BLOCK17/SES177/SA177S26	SES177	1.02203	17.2173	16.1952
BLOCK17/SES177/SA177S28	SES177	0.912084	16.2274	15.3153
BLOCK18/SES180/SA180S13	SES180	0.515362	15.05	14.5346
BLOCK18/SES180/SA180S15	SES180	1.1223	14.5296	13.4073
BLOCK18/SES180/SA180S24	SES180	1.13116	16.7447	15.6136
BLOCK18/SES180/SA180S26	SES180	1.39493	16.0907	14.6957
BLOCK18/SES180/SA180S29	SES180	1.44546	16.2995	14.8541
BLOCK18/SES183/SA183S13	SES183	1.43205	12.9096	11.4775
BLOCK18/SES183/SA183S14	SES183	0.164302	12.5232	12.3589
BLOCK18/SES183/SA183S24	SES183	1.57222	12.6266	11.0544
BLOCK18/SES183/SA183S27	SES183	1.4365	12.4552	11.0187
BLOCK18/SES183/SA183S29	SES183	0.999742	14.1528	13.153
BLOCK18/SES187/SA187S13	SES187	1.25599	15.977	14.721
BLOCK18/SES187/SA187S14	SES187	1.3232	15.4124	14.0892
BLOCK18/SES187/SA187S24	SES187	1.76283	17.4248	15.662
BLOCK18/SES187/SA187S27	SES187	1.2345	15.6876	14.4531
BLOCK18/SES187/SA187S29	SES187	1.33865	16.7178	15.3791
BLOCK18/SES189/SA189S10	SES189	1.94314	13.651	11.7078
BLOCK18/SES189/SA189S13	SES189	2.36036	12.9211	10.5607
BLOCK18/SES189/SA189S24	SES189	2.49023	13.385	10.8948
BLOCK18/SES189/SA189S26	SES189	1.62725	14.5118	12.8846
BLOCK18/SES189/SA189S29	SES189	2.38943	14.7774	12.388
BLOCK20/SES202/SA202S12	SES202	1.34003	12.6364	11.2964
BLOCK20/SES202/SA202S14	SES202	2.32828	16.0808	13.7525
BLOCK20/SES202/SA202S24	SES202	1.3377	15.5284	14.1907
BLOCK20/SES202/SA202S27	SES202	1.69562	17.3736	15.678
BLOCK20/SES202/SA202S29	SES202	1.67618	17.8011	16.1249
BLOCK20/SES206/SA206S15	SES206	0.0238953	12.8385	12.8146
BLOCK20/SES206/SA206S17	SES206	2.09543	15.2881	13.1927
BLOCK20/SES206/SA206S24	SES206	2.47577	15.6544	13.1787
BLOCK20/SES206/SA206S27	SES206	2.72912	14.389	11.6598
BLOCK20/SES206/SA206S29	SES206	1.49767	15.3897	13.892
BLOCK22/SES226/SA226S12	SES226	1.57884	13.3655	11.7867
BLOCK22/SES226/SA226S13	SES226	0.109531	11.3858	11.2763
BLOCK22/SES226/SA226S20	SES226	1.82635	12.904	11.0776
BLOCK22/SES226/SA226S23	SES226	2.01282	13.757	11.7442
BLOCK22/SES226/SA226S28	SES226	2.102	14.0983	11.9963
BLOCK25/SES259/SA259S13	SES259	4.08416	15.5874	11.5033
BLOCK25/SES259/SA259S14	SES259	2.58036	14.3355	11.7551
BLOCK25/SES259/SA259S22	SES259	2.34559	13.881	11.5354
BLOCK25/SES259/SA259S24	SES259	2.29796	15.351	13.053
BLOCK25/SES259/SA259S28	SES259	2.2303	14.4024	12.1721
BLOCK27/SES270/SA270S14	SES270	2.77913	12.296	9.51687
BLOCK27/SES270/SA270S16	SES270	1.06037	12.007	10.9467
BLOCK27/SES270/SA270S22	SES270	3.35948	13.5404	10.181
BLOCK27/SES270/SA270S26	SES270	2.27445	11.1406	8.86613
BLOCK27/SES270/SA270S28	SES270	1.91152	13.013	11.1015
BLOCK27/SES275/SA275S17	SES275	1.32653	13.7292	12.4026
BLOCK27/SES275/SA275S18	SES275	0.947902	14.1486	13.2007
BLOCK27/SES275/SA275S24	SES275	0.886089	12.3874	11.5014
BLOCK27/SES275/SA275S26	SES275	1.35101	13.8243	12.4733
BLOCK27/SES275/SA275S28	SES275	0.441545	13.2435	12.8019
BLOCK29/SES292/SA292S10	SES292	0.648876	13.6672	13.0183
BLOCK29/SES292/SA292S12	SES292	0.64596	14.5861	13.9401
BLOCK29/SES292/SA292S22	SES292	0.689076	15.0039	14.3148
BLOCK29/SES292/SA292S24	SES292	0.326868	14.9011	14.5742
BLOCK29/SES292/SA292S27	SES292	0.50984	14.8561	14.3463
BLOCK00/SES001/SA001S14	SES062	-2.39386	7.77877	10.1726
BLOCK00/SES001/SA001S14	SES082	-1.89837	8.27426	10.1726
BLOCK00/SES001/SA001S14	SES106	-1.42328	8.74935	10.1726
BLOCK00/SES001/SA001S14	SES206	-1.08266	9.08997	10.1726
BLOCK00/SES001/SA001S15	SES062	-2.47709	9.46828	11.9454
BLOCK00/SES001/SA001S15	SES104	-2.17783	9.76754	11.9454
BLOCK00/SES001/SA001S15	SES106	-1.57331	10.3721	11.9454
BLOCK00/SES001/SA001S15	SES206	-1.25622	10.6892	11.9454
BLOCK00/SES001/SA001S24	SES062	-3.01024	7.24403	10.2543
BLOCK00/SES001/SA001S24	SES082	-2.01661	8.23766	10.2543
BLOCK00/SES001/SA001S24	SES087	-0.824425	9.42984	10.2543
BLOCK00/SES001/SA001S24	SES206	-1.69311	8.56116	10.2543
BLOCK00/SES001/SA001S27	SES062	-1.89017	10.7807	12.6709
BLOCK00/SES001/SA001S27	SES082	-1.22742	11.4435	12.6709
BLOCK00/SES001/SA001S27	SES087	-0.847306	11.8236	12.6709
BLOCK00/SES001/SA001S27	SES206	-0.970558	11.7003	12.6709
BLOCK00/SES001/SA001S29	SES062	-2.57097	8.12902	10.7
BLOCK00/SES001/SA001S29	SES082	-1.18246	9.51753	10.7
BLOCK00/SES001/SA001S29	SES158	-0.811483	9.88851	10.7
BLOCK00/SES001/SA001S29	SES206	-1.8511	8.8489	10.7
BLOCK00/SES003/SA003S11	SES002	0.339867	11.5281	11.1883
BLOCK00/SES003/SA003S11	SES019	-0.708502	10.4798	11.1883
BLOCK00/SES003/SA003S11	SES082	-0.00759411	11.1807	11.1883
BLOCK00/SES003/SA003S11	SES125	-1.08323	10.105	11.1883
BLOCK00/SES003/SA003S15	SES016	-1.94494	10.5897	12.5347
BLOCK00/SES003/SA003S15	SES019	-0.901735	11.6329	12.5347
BLOCK00/SES003/SA003S15	SES062	-1.81369	10.721	12.5347
BLOCK00/SES003/SA003S15	SES206	-0.865733	11.6689	12.5347
BLOCK00/SES003/SA003S22	SES002	-0.885427	11.167	12.0525
BLOCK00/SES003/SA003S22	SES062	-0.707191	11.3453	12.0525
BLOCK00/SES003/SA003S22	SES082	-1.1754	10.8771	12.0525
BLOCK00/SES003/SA003S22	SES087	-0.710836	11.3416	12.0525
BLOCK00/SES003/SA003S25	SES062	-2.25505	8.56229	10.8173
BLOCK00/SES003/SA003S25	SES082	-0.105427	10.7119	10.8173
BLOCK00/SES003/SA003S25	SES087	-0.803387	10.014	10.8173
BLOCK00/SES003/SA003S25	SES206	-1.27792	9.53942	10.8173
BLOCK00/SES003/SA003S29	SES002	-0.479116	10.5909	11.0701
BLOCK00/SES003/SA003S29	SES062	-2.17757	8.89248	11.0701
BLOCK00/SES003/SA003S29	SES082	-0.688602	10.3815	11.0701
BLOCK00/SES003/SA003S29	SES087	-0.812468	10.2576	11.0701
BLOCK00/SES004/SA004S12	SES083	-1.54116	11.153	12.6942
BLOCK00/SES004/SA004S12	SES148	-1.8446	10.8496	12.6942
BLOCK00/SES004/SA004S12	SES172	-0.699468	11.9947	12.6942
BLOCK00/SES004/SA004S12	SES292	-1.46741	11.2268	12.6942
BLOCK00/SES004/SA004S17	SES083	-1.37084	10.8594	12.2303
BLOCK00/SES004/SA004S17	SES162	-0.808061	11.4222	12.2303
BLOCK00/SES004/SA004S17	SES172	-0.732762	11.4975	12.2303
BLOCK00/SES004/SA004S17	SES292	-1.75648	10.4738	12.2303
BLOCK00/SES004/SA004S24	SES083	-1.33454	11.4398	12.7743
BLOCK00/SES004/SA004S24	SES148	-2.16898	10.6053	12.7743
BLOCK00/SES004/SA004S24	SES172	-0.621277	12.153	12.7743
BLOCK00/SES004/SA004S24	SES292	-1.0117	11.7626	12.7743
BLOCK00/SES004/SA004S26	SES083	-1.4772	11.3326	12.8098
BLOCK00/SES004/SA004S26	SES127	-1.69415	11.1157	12.8098
BLOCK00/SES004/SA004S26	SES148	-3.07296	9.73689	12.8098
BLOCK00/SES004/SA004S26	SES292	-1.99938	10.8105	12.8098
BLOCK00/SES004/SA004S28	SES083	-1.33821	13.735	15.0733
BLOCK00/SES004/SA004S28	SES127	-1.43105	13.6422	15.0733
BLOCK00/SES004/SA004S28	SES187	-0.841393	14.2319	15.0733
BLOCK00/SES004/SA004S28	SES292	-2.15529	12.918	15.0733
BLOCK00/SES006/SA006S10	SES014	-2.20349	6.58121	8.7847
BLOCK00/SES006/SA006S10	SES158	-1.2097	7.575	8.7847
BLOCK00/SES006/SA006S10	SES226	-3.02665	5.75806	8.7847
BLOCK00/SES006/SA006S10	SES270	-0.606519	8.17818	8.7847
BLOCK00/SES006/SA006S11	SES158	-1.10134	8.15648	9.25782
BLOCK00/SES006/SA006S11	SES226	-1.93809	7.31973	9.25782
BLOCK00/SES006/SA006S11	SES270	-0.793814	8.46401	9.25782
BLOCK00/SES006/SA006S11	SES275	-1.70219	7.55563	9.25782
BLOCK00/SES006/SA006S23	SES062	-3.05919	8.66625	11.7254
BLOCK00/SES006/SA006S23	SES105	-3.03273	8.69271	11.7254
BLOCK00/SES006/SA006S23	SES158	-1.72988	9.99556	11.7254
BLOCK00/SES006/SA006S23	SES275	-1.99985	9.72559	11.7254
BLOCK00/SES006/SA006S26	SES104	-2.88917	7.88486	10.774
BLOCK00/SES006/SA006S26	SES158	-1.13478	9.63925	10.774
BLOCK00/SES006/SA006S26	SES270	-0.210154	10.5639	10.774
BLOCK00/SES006/SA006S26	SES275	-1.66341	9.11063	10.774
BLOCK00/SES006/SA006S28	SES007	-2.05366	7.34923	9.40289
BLOCK00/SES006/SA006S28	SES105	-2.39612	7.00677	9.40289
BLOCK00/SES006/SA006S28	SES158	-1.47302	7.92987	9.40289
BLOCK00/SES006/SA006S28	SES275	-2.4814	6.92149	9.40289
BLOCK00/SES009/SA009S12	SES083	-2.12732	11.3606	13.488
BLOCK00/SES009/SA009S12	SES148	-2.45531	11.0327	13.488
BLOCK00/SES009/SA009S12	SES177	-1.20239	12.2856	13.488
BLOCK00/SES009/SA009S12	SES292	-1.44909	12.0389	13.488
BLOCK00/SES009/SA009S15	SES007	-0.351909	13.945	14.2969
BLOCK00/SES009/SA009S15	SES099	-3.31419	10.9828	14.2969
BLOCK00/SES009/SA009S15	SES148	-2.28643	12.0105	14.2969
BLOCK00/SES009/SA009S15	SES172	-1.44563	12.8513	14.2969
BLOCK00/SES009/SA009S24	SES146	-1.12311	12.9622	14.0854
BLOCK00/SES009/SA009S24	SES148	-2.72098	11.3644	14.0854
BLOCK00/SES009/SA009S24	SES177	-0.492302	13.5931	14.0854
BLOCK00/SES009/SA009S24	SES292	-1.35937	12.726	14.0854
BLOCK00/SES009/SA009S26	SES083	-2.05184	11.0868	13.1387
BLOCK00/SES009/SA009S26	SES101	-2.24926	10.8894	13.1387
BLOCK00/SES009/SA009S26	SES120	-1.29465	11.844	13.1387
BLOCK00/SES009/SA009S26	SES177	-0.924484	12.2142	13.1387
BLOCK00/SES009/SA009S29	SES083	-1.53024	12.4036	13.9338
BLOCK00/SES009/SA009S29	SES101	-1.66823	12.2656	13.9338
BLOCK00/SES009/SA009S29	SES177	-0.830889	13.1029	13.9338
BLOCK00/SES009/SA009S29	SES292	-1.03556	12.8982	13.9338
BLOCK01/SES011/SA011S10	SES019	-1.14161	10.6595	11.8011
BLOCK01/SES011/SA011S10	SES042	0.182296	11.9834	11.8011
BLOCK01/SES011/SA011S10	SES082	-1.63414	10.1669	11.8011
BLOCK01/SES011/SA011S10	SES206	-1.01905	10.782	11.8011
BLOCK01/SES011/SA011S11	SES019	-1.44514	9.06041	10.5056
BLOCK01/SES011/SA011S11	SES042	-1.36968	9.13587	10.5056
BLOCK01/SES011/SA011S11	SES082	-1.75525	8.75031	10.5056
BLOCK01/SES011/SA011S11	SES206	-1.85049	8.65507	10.5056
BLOCK01/SES011/SA011S22	SES019	-0.590281	10.331	10.9213
BLOCK01/SES011/SA011S22	SES042	0.525399	11.4467	10.9213
BLOCK01/SES011/SA011S22	SES082	-1.3311	9.59021	10.9213
BLOCK01/SES011/SA011S22	SES206	-1.60726	9.31405	10.9213
BLOCK01/SES011/SA011S24	SES019	-1.49612	10.3888	11.8849
BLOCK01/SES011/SA011S24	SES042	0.13747	12.0224	11.8849
BLOCK01/SES011/SA011S24	SES104	-1.57954	10.3054	11.8849
BLOCK01/SES011/SA011S24	SES206	-1.18964	10.6953	11.8849
BLOCK01/SES011/SA011S27	SES082	0.0961523	11.3104	11.2142
BLOCK01/SES011/SA011S27	SES087	-1.23841	9.97581	11.2142
BLOCK01/SES011/SA011S27	SES125	-1.25179	9.96243	11.2142
BLOCK01/SES011/SA011S27	SES206	-0.666394	10.5478	11.2142
BLOCK01/SES012/SA012S11	SES007	-1.04368	13.1611	14.2048
BLOCK01/SES012/SA012S11	SES082	-1.75687	12.4479	14.2048
BLOCK01/SES012/SA012S11	SES083	-1.55923	12.6456	14.2048
BLOCK01/SES012/SA012S11	SES206	-1.68449	12.5203	14.2048
BLOCK01/SES012/SA012S14	SES082	-0.471987	12.4471	12.9191
BLOCK01/SES012/SA012S14	SES087	-1.70063	11.2185	12.9191
BLOCK01/SES012/SA012S14	SES206	-0.562662	12.3565	12.9191
BLOCK01/SES012/SA012S14	SES292	-1.41954	11.4996	12.9191
BLOCK01/SES012/SA012S24	SES082	-0.0545626	11.8039	11.8584
BLOCK01/SES012/SA012S24	SES087	-1.02269	10.8357	11.8584
BLOCK01/SES012/SA012S24	SES120	-1.48954	10.3689	11.8584
BLOCK01/SES012/SA012S24	SES206	-0.266396	11.592	11.8584
BLOCK01/SES012/SA012S26	SES019	-3.44662	9.78935	13.236
BLOCK01/SES012/SA012S26	SES082	-1.35176	11.8842	13.236
BLOCK01/SES012/SA012S26	SES206	-0.156898	13.0791	13.236
BLOCK01/SES012/SA012S26	SES292	-0.684166	12.5518	13.236
BLOCK01/SES012/SA012S29	SES062	-1.41428	12.4908	13.9051
BLOCK01/SES012/SA012S29	SES082	-0.940879	12.9642	13.9051
BLOCK01/SES012/SA012S29	SES083	-1.65413	12.2509	13.9051
BLOCK01/SES012/SA012S29	SES206	-0.765251	13.1398	13.9051
BLOCK01/SES013/SA013S16	SES062	-2.60866	8.6732	11.2819
BLOCK01/SES013/SA013S16	SES106	-1.03751	10.2443	11.2819
BLOCK01/SES013/SA013S16	SES206	-0.908138	10.3737	11.2819
BLOCK01/SES013/SA013S16	SES226	-0.770164	10.5117	11.2819
BLOCK01/SES013/SA013S17	SES062	-2.021	10.799	12.82
BLOCK01/SES013/SA013S17	SES106	-1.72799	11.092	12.82
BLOCK01/SES013/SA013S17	SES206	0.205424	13.0254	12.82
BLOCK01/SES013/SA013S17	SES226	-0.216667	12.6033	12.82
BLOCK01/SES013/SA013S23	SES104	-1.17418	10.8285	12.0026
BLOCK01/SES013/SA013S23	SES106	-0.770004	11.2326	12.0026
BLOCK01/SES013/SA013S23	SES206	-0.665483	11.3372	12.0026
BLOCK01/SES013/SA013S23	SES270	-0.272525	11.7301	12.0026
BLOCK01/SES013/SA013S25	SES042	-1.81498	11.1631	12.9781
BLOCK01/SES013/SA013S25	SES104	-0.841426	12.1367	12.9781
BLOCK01/SES013/SA013S25	SES106	-1.19086	11.7873	12.9781
BLOCK01/SES013/SA013S25	SES206	-0.697451	12.2807	12.9781
BLOCK01/SES013/SA013S29	SES062	-3.42059	8.69794	12.1185
BLOCK01/SES013/SA013S29	SES104	-1.7174	10.4011	12.1185
BLOCK01/SES013/SA013S29	SES106	-1.31868	10.7999	12.1185
BLOCK01/SES013/SA013S29	SES206	-1.02687	11.0917	12.1185
BLOCK02/SES021/SA021S13	SES016	-2.61883	11.2217	13.8406
BLOCK02/SES021/SA021S13	SES029	-0.970984	12.8696	13.8406
BLOCK02/SES021/SA021S13	SES087	-1.04621	12.7943	13.8406
BLOCK02/SES021/SA021S13	SES206	-1.04971	12.7908	13.8406
BLOCK02/SES021/SA021S15	SES087	-0.549019	14.3293	14.8783
BLOCK02/SES021/SA021S15	SES125	-0.767505	14.1108	14.8783
BLOCK02/SES021/SA021S15	SES206	-0.607664	14.2706	14.8783
BLOCK02/SES021/SA021S15	SES226	-1.75419	13.1241	14.8783
BLOCK02/SES021/SA021S23	SES062	-2.76071	9.00721	11.7679
BLOCK02/SES021/SA021S23	SES087	-0.330783	11.4371	11.7679
BLOCK02/SES021/SA021S23	SES206	-1.0267	10.7412	11.7679
BLOCK02/SES021/SA021S23	SES226	-0.937034	10.8309	11.7679
BLOCK02/SES021/SA021S27	SES002	-0.415912	13.4681	13.884
BLOCK02/SES021/SA021S27	SES016	-3.5405	10.3435	13.884
BLOCK02/SES021/SA021S27	SES019	-1.68786	12.1962	13.884
BLOCK02/SES021/SA021S27	SES062	-1.71895	12.1651	13.884
BLOCK02/SES021/SA021S29	SES087	-0.943357	12.9179	13.8613
BLOCK02/SES021/SA021S29	SES125	-0.353469	13.5078	13.8613
BLOCK02/SES021/SA021S29	SES206	-0.453983	13.4073	13.8613
BLOCK02/SES021/SA021S29	SES226	-1.75905	12.1022	13.8613
BLOCK04/SES043/SA043S09	SES083	-0.807339	11.3051	12.1125
BLOCK04/SES043/SA043S09	SES101	-1.02344	11.089	12.1125
BLOCK04/SES043/SA043S09	SES144	-0.412361	11.7001	12.1125
BLOCK04/SES043/SA043S09	SES172	-1.18571	10.9268	12.1125
BLOCK04/SES043/SA043S11	SES083	-0.199441	12.9158	13.1152
BLOCK04/SES043/SA043S11	SES101	-0.799214	12.316	13.1152
BLOCK04/SES043/SA043S11	SES144	-0.322701	12.7925	13.1152
BLOCK04/SES043/SA043S11	SES172	-0.734196	12.381	13.1152
BLOCK04/SES043/SA043S23	SES083	-0.616125	12.6493	13.2654
BLOCK04/SES043/SA043S23	SES144	-0.21503	13.0504	13.2654
BLOCK04/SES043/SA043S23	SES177	-1.23731	12.0281	13.2654
BLOCK04/SES043/SA043S23	SES275	-0.779635	12.4858	13.2654
BLOCK04/SES043/SA043S26	SES083	-0.719842	11.4688	12.1887
BLOCK04/SES043/SA043S26	SES101	-1.03691	11.1518	12.1887
BLOCK04/SES043/SA043S26	SES144	-0.111945	12.0767	12.1887
BLOCK04/SES043/SA043S26	SES177	-1.35785	10.8308	12.1887
BLOCK04/SES043/SA043S28	SES016	-1.50176	12.1046	13.6064
BLOCK04/SES043/SA043S28	SES083	-0.566725	13.0396	13.6064
BLOCK04/SES043/SA043S28	SES101	-0.587124	13.0192	13.6064
BLOCK04/SES043/SA043S28	SES144	-1.16273	12.4436	13.6064
BLOCK04/SES044/SA044S10	SES127	-2.28945	8.22921	10.5187
BLOCK04/SES044/SA044S10	SES144	0.0493641	10.568	10.5187
BLOCK04/SES044/SA044S10	SES147	-1.75844	8.76022	10.5187
BLOCK04/SES044/SA044S10	SES148	-1.90978	8.60888	10.5187
BLOCK04/SES044/SA044S11	SES101	-0.807942	11.4609	12.2688
BLOCK04/SES044/SA044S11	SES144	0.160337	12.4291	12.2688
BLOCK04/SES044/SA044S11	SES147	-1.12092	11.1479	12.2688
BLOCK04/SES044/SA044S11	SES177	-1.69147	10.5773	12.2688
BLOCK04/SES044/SA044S24	SES007	-1.95969	10.009	11.9687
BLOCK04/SES044/SA044S24	SES101	-0.664687	11.304	11.9687
BLOCK04/SES044/SA044S24	SES147	-1.8014	10.1673	11.9687
BLOCK04/SES044/SA044S24	SES177	-1.40018	10.5685	11.9687
BLOCK04/SES044/SA044S26	SES007	-1.79888	10.6556	12.4545
BLOCK04/SES044/SA044S26	SES016	-1.4508	11.0037	12.4545
BLOCK04/SES044/SA044S26	SES101	-1.17804	11.2764	12.4545
BLOCK04/SES044/SA044S26	SES147	-0.941529	11.5129	12.4545
BLOCK04/SES044/SA044S29	SES007	-2.40866	12.0175	14.4261
BLOCK04/SES044/SA044S29	SES101	-0.598998	13.8271	14.4261
BLOCK04/SES044/SA044S29	SES147	-1.62702	12.7991	14.4261
BLOCK04/SES044/SA044S29	SES177	-2.57197	11.8542	14.4261
BLOCK04/SES046/SA046S13	SES101	-0.779284	12.4249	13.2042
BLOCK04/SES046/SA046S13	SES144	-0.517048	12.6872	13.2042
BLOCK04/SES046/SA046S13	SES147	-1.63016	11.5741	13.2042
BLOCK04/SES046/SA046S13	SES177	-1.51258	11.6917	13.2042
BLOCK04/SES046/SA046S15	SES048	-0.454855	14.035	14.4899
BLOCK04/SES046/SA046S15	SES083	-0.341123	14.1487	14.4899
BLOCK04/SES046/SA046S15	SES120	-2.20828	12.2816	14.4899
BLOCK04/SES046/SA046S15	SES148	-1.8636	12.6263	14.4899
BLOCK04/SES046/SA046S22	SES101	-0.0450382	13.4137	13.4587
BLOCK04/SES046/SA046S22	SES144	-0.650661	12.8081	13.4587
BLOCK04/SES046/SA046S22	SES147	-1.72236	11.7364	13.4587
BLOCK04/SES046/SA046S22	SES172	-0.315796	13.1429	13.4587
BLOCK04/SES046/SA046S25	SES083	-0.865143	11.7102	12.5753
BLOCK04/SES046/SA046S25	SES127	-1.36185	11.2135	12.5753
BLOCK04/SES046/SA046S25	SES144	-2.01015	10.5652	12.5753
BLOCK04/SES046/SA046S25	SES148	-1.59407	10.9813	12.5753
BLOCK04/SES046/SA046S28	SES007	-2.04264	10.3825	12.4251
BLOCK04/SES046/SA046S28	SES105	-2.36947	10.0557	12.4251
BLOCK04/SES046/SA046S28	SES147	-1.97517	10.45	12.4251
BLOCK04/SES046/SA046S28	SES148	-1.20312	11.222	12.4251
BLOCK04/SES049/SA049S16	SES104	-1.0389	9.04529	10.0842
BLOCK04/SES049/SA049S16	SES106	-0.979954	9.10424	10.0842
BLOCK04/SES049/SA049S16	SES120	-1.75652	8.32767	10.0842
BLOCK04/SES049/SA049S16	SES206	-0.903776	9.18041	10.0842
BLOCK04/SES049/SA049S18	SES099	-0.155785	9.85088	10.0067
BLOCK04/SES049/SA049S18	SES104	-0.91026	9.09641	10.0067
BLOCK04/SES049/SA049S18	SES125	-2.08281	7.92386	10.0067
BLOCK04/SES049/SA049S18	SES206	-1.56643	8.44024	10.0067
BLOCK04/SES049/SA049S25	SES087	-0.624503	10.4956	11.1201
BLOCK04/SES049/SA049S25	SES104	-0.305144	10.8149	11.1201
BLOCK04/SES049/SA049S25	SES125	-1.37534	9.74473	11.1201
BLOCK04/SES049/SA049S25	SES206	-0.525493	10.5946	11.1201
BLOCK04/SES049/SA049S27	SES099	-0.0394583	11.1941	11.2336
BLOCK04/SES049/SA049S27	SES104	-0.510423	10.7231	11.2336
BLOCK04/SES049/SA049S27	SES125	-1.32007	9.9135	11.2336
BLOCK04/SES049/SA049S27	SES206	-1.32387	9.90969	11.2336
BLOCK04/SES049/SA049S29	SES099	0.210014	12.4319	12.2219
BLOCK04/SES049/SA049S29	SES104	0.118354	12.3402	12.2219
BLOCK04/SES049/SA049S29	SES125	-0.65091	11.5709	12.2219
BLOCK04/SES049/SA049S29	SES206	0.27314	12.495	12.2219
BLOCK06/SES063/SA063S09	SES068	-1.29371	13.4316	14.7253
BLOCK06/SES063/SA063S09	SES083	-0.626493	14.0988	14.7253
BLOCK06/SES063/SA063S09	SES177	-1.13489	13.5904	14.7253
BLOCK06/SES063/SA063S09	SES187	-1.2787	13.4466	14.7253
BLOCK06/SES063/SA063S10	SES068	-1.89692	11.8033	13.7002
BLOCK06/SES063/SA063S10	SES083	-0.900631	12.7995	13.7002
BLOCK06/SES063/SA063S10	SES172	-1.5558	12.1444	13.7002
BLOCK06/SES063/SA063S10	SES187	-1.24992	12.4503	13.7002
BLOCK06/SES063/SA063S20	SES068	-1.02555	13.4402	14.4658
BLOCK06/SES063/SA063S20	SES083	-0.122851	14.3429	14.4658
BLOCK06/SES063/SA063S20	SES172	-0.407987	14.0578	14.4658
BLOCK06/SES063/SA063S20	SES187	-0.344814	14.121	14.4658
BLOCK06/SES063/SA063S24	SES029	-1.34547	13.7546	15.1001
BLOCK06/SES063/SA063S24	SES083	-0.112184	14.9879	15.1001
BLOCK06/SES063/SA063S24	SES177	-0.453292	14.6468	15.1001
BLOCK06/SES063/SA063S24	SES189	-0.899145	14.2009	15.1001
BLOCK06/SES063/SA063S27	SES083	0.070282	13.4918	13.4215
BLOCK06/SES063/SA063S27	SES172	-0.724635	12.6969	13.4215
BLOCK06/SES063/SA063S27	SES187	-1.08479	12.3368	13.4215
BLOCK06/SES063/SA063S27	SES292	-1.0501	12.3714	13.4215
BLOCK06/SES067/SA067S12	SES083	-1.37858	13.6	14.9786
BLOCK06/SES067/SA067S12	SES172	-1.67787	13.3007	14.9786
BLOCK06/SES067/SA067S12	SES202	-0.838824	14.1397	14.9786
BLOCK06/SES067/SA067S12	SES292	-1.38891	13.5896	14.9786
BLOCK06/SES067/SA067S14	SES085	-0.703373	14.7803	15.4837
BLOCK06/SES067/SA067S14	SES177	-1.75502	13.7287	15.4837
BLOCK06/SES067/SA067S14	SES183	-0.389434	15.0943	15.4837
BLOCK06/SES067/SA067S14	SES202	-1.02689	14.4568	15.4837
BLOCK06/SES067/SA067S21	SES144	-0.531324	13.5732	14.1045
BLOCK06/SES067/SA067S21	SES177	-0.843722	13.2608	14.1045
BLOCK06/SES067/SA067S21	SES183	-0.511162	13.5933	14.1045
BLOCK06/SES067/SA067S21	SES189	-0.682824	13.4217	14.1045
BLOCK06/SES067/SA067S25	SES085	-0.340748	14.5075	14.8482
BLOCK06/SES067/SA067S25	SES177	-0.743067	14.1052	14.8482
BLOCK06/SES067/SA067S25	SES183	-0.790203	14.058	14.8482
BLOCK06/SES067/SA067S25	SES202	-0.730209	14.118	14.8482
BLOCK06/SES067/SA067S29	SES085	-0.736547	14.8241	15.5606
BLOCK06/SES067/SA067S29	SES177	-0.886498	14.6741	15.5606
BLOCK06/SES067/SA067S29	SES183	-0.287466	15.2732	15.5606
BLOCK06/SES067/SA067S29	SES202	-0.165602	15.395	15.5606
BLOCK06/SES069/SA069S12	SES029	-1.94435	10.5808	12.5252
BLOCK06/SES069/SA069S12	SES082	-0.0500278	12.4752	12.5252
BLOCK06/SES069/SA069S12	SES087	-0.653462	11.8717	12.5252
BLOCK06/SES069/SA069S12	SES206	-0.163495	12.3617	12.5252
BLOCK06/SES069/SA069S13	SES029	-2.20671	10.6744	12.8811
BLOCK06/SES069/SA069S13	SES087	-0.530025	12.3511	12.8811
BLOCK06/SES069/SA069S13	SES206	-0.740633	12.1405	12.8811
BLOCK06/SES069/SA069S13	SES226	0.421214	13.3023	12.8811
BLOCK06/SES069/SA069S23	SES029	-0.379945	14.0344	14.4143
BLOCK06/SES069/SA069S23	SES087	0.0235825	14.4379	14.4143
BLOCK06/SES069/SA069S23	SES206	-1.02721	13.3871	14.4143
BLOCK06/SES069/SA069S23	SES226	0.327565	14.7419	14.4143
BLOCK06/SES069/SA069S25	SES087	-0.380903	13.1194	13.5003
BLOCK06/SES069/SA069S25	SES206	-2.02272	11.4776	13.5003
BLOCK06/SES069/SA069S25	SES226	0.0269918	13.5273	13.5003
BLOCK06/SES069/SA069S25	SES270	-1.40876	12.0916	13.5003
BLOCK06/SES069/SA069S27	SES087	-1.26623	12.1989	13.4651
BLOCK06/SES069/SA069S27	SES206	-0.398205	13.0669	13.4651
BLOCK06/SES069/SA069S27	SES226	0.36667	13.8318	13.4651
BLOCK06/SES069/SA069S27	SES270	-0.763491	12.7016	13.4651
BLOCK08/SES081/SA081S11	SES060	-1.27484	12.6147	13.8895
BLOCK08/SES081/SA081S11	SES062	-1.71759	12.1719	13.8895
BLOCK08/SES081/SA081S11	SES117	-2.14834	11.7412	13.8895
BLOCK08/SES081/SA081S11	SES162	-1.77284	12.1167	13.8895
BLOCK08/SES081/SA081S13	SES016	-1.6393	12.7516	14.3909
BLOCK08/SES081/SA081S13	SES060	-0.0761185	14.3148	14.3909
BLOCK08/SES081/SA081S13	SES068	-0.451825	13.9391	14.3909
BLOCK08/SES081/SA081S13	SES129	-2.09314	12.2978	14.3909
BLOCK08/SES081/SA081S24	SES060	-0.654027	12.9998	13.6539
BLOCK08/SES081/SA081S24	SES068	-0.819276	12.8346	13.6539
BLOCK08/SES081/SA081S24	SES117	-1.59993	12.0539	13.6539
BLOCK08/SES081/SA081S24	SES275	-1.70753	11.9463	13.6539
BLOCK08/SES081/SA081S27	SES007	-1.05406	12.1404	13.1944
BLOCK08/SES081/SA081S27	SES060	-1.11384	12.0806	13.1944
BLOCK08/SES081/SA081S27	SES117	-0.625568	12.5689	13.1944
BLOCK08/SES081/SA081S27	SES275	-1.52296	11.6715	13.1944
BLOCK08/SES081/SA081S29	SES007	-0.744797	13.7823	14.5271
BLOCK08/SES081/SA081S29	SES060	-0.709129	13.818	14.5271
BLOCK08/SES081/SA081S29	SES117	-1.2601	13.267	14.5271
BLOCK08/SES081/SA081S29	SES275	-1.8811	12.646	14.5271
BLOCK08/SES086/SA086S11	SES029	-3.24175	6.852	10.0938
BLOCK08/SES086/SA086S11	SES082	-0.655191	9.43856	10.0938
BLOCK08/SES086/SA086S11	SES087	0.891235	10.985	10.0938
BLOCK08/SES086/SA086S11	SES206	-1.25531	8.83844	10.0938
BLOCK08/SES086/SA086S12	SES029	-2.14185	9.12565	11.2675
BLOCK08/SES086/SA086S12	SES082	-1.00085	10.2667	11.2675
BLOCK08/SES086/SA086S12	SES087	0.922622	12.1901	11.2675
BLOCK08/SES086/SA086S12	SES206	-0.998723	10.2688	11.2675
BLOCK08/SES086/SA086S20	SES029	-3.05509	9.78019	12.8353
BLOCK08/SES086/SA086S20	SES082	-1.86879	10.9665	12.8353
BLOCK08/SES086/SA086S20	SES087	0.59462	13.4299	12.8353
BLOCK08/SES086/SA086S20	SES206	-0.382895	12.4524	12.8353
BLOCK08/SES086/SA086S24	SES087	0.533343	11.7829	11.2495
BLOCK08/SES086/SA086S24	SES104	-1.58878	9.66077	11.2495
BLOCK08/SES086/SA086S24	SES120	-2.13949	9.11006	11.2495
BLOCK08/SES086/SA086S24	SES206	-0.0640116	11.1855	11.2495
BLOCK08/SES086/SA086S28	SES029	-1.87241	10.0893	11.9617
BLOCK08/SES086/SA086S28	SES082	-1.05082	10.9109	11.9617
BLOCK08/SES086/SA086S28	SES087	0.217235	12.1789	11.9617
BLOCK08/SES086/SA086S28	SES206	-0.270665	11.691	11.9617
BLOCK08/SES089/SA089S13	SES087	-0.719692	10.0638	10.7835
BLOCK08/SES089/SA089S13	SES206	-1.29475	9.48876	10.7835
BLOCK08/SES089/SA089S13	SES226	-0.745315	10.0382	10.7835
BLOCK08/SES089/SA089S13	SES270	-1.81861	8.9649	10.7835
BLOCK08/SES089/SA089S14	SES062	-2.20612	9.86708	12.0732
BLOCK08/SES089/SA089S14	SES087	-0.190342	11.8829	12.0732
BLOCK08/SES089/SA089S14	SES206	-0.677797	11.3954	12.0732
BLOCK08/SES089/SA089S14	SES226	-0.830795	11.2424	12.0732
BLOCK08/SES089/SA089S23	SES087	0.188489	9.51627	9.32778
BLOCK08/SES089/SA089S23	SES206	-0.796794	8.53099	9.32778
BLOCK08/SES089/SA089S23	SES226	-0.287558	9.04023	9.32778
BLOCK08/SES089/SA089S23	SES270	-1.22906	8.09873	9.32778
BLOCK08/SES089/SA089S25	SES062	-2.39046	9.17438	11.5648
BLOCK08/SES089/SA089S25	SES087	-0.181148	11.3837	11.5648
BLOCK08/SES089/SA089S25	SES206	-1.83652	9.72832	11.5648
BLOCK08/SES089/SA089S25	SES226	-0.528698	11.0361	11.5648
BLOCK08/SES089/SA089S28	SES062	-1.26524	10.1678	11.433
BLOCK08/SES089/SA089S28	SES087	0.216799	11.6498	11.433
BLOCK08/SES089/SA089S28	SES206	-0.398324	11.0347	11.433
BLOCK08/SES089/SA089S28	SES226	0.00256252	11.4356	11.433
BLOCK09/SES097/SA097S11	SES099	0.862102	11.6131	10.751
BLOCK09/SES097/SA097S11	SES125	-0.735354	10.0157	10.751
BLOCK09/SES097/SA097S11	SES206	-0.330265	10.4208	10.751
BLOCK09/SES097/SA097S11	SES226	0.544881	11.2959	10.751
BLOCK09/SES097/SA097S14	SES062	-1.53681	9.40634	10.9431
BLOCK09/SES097/SA097S14	SES099	0.23364	11.1768	10.9431
BLOCK09/SES097/SA097S14	SES104	-0.428539	10.5146	10.9431
BLOCK09/SES097/SA097S14	SES206	-0.995502	9.94765	10.9431
BLOCK09/SES097/SA097S22	SES099	1.14404	12.0915	10.9474
BLOCK09/SES097/SA097S22	SES206	-0.874526	10.0729	10.9474
BLOCK09/SES097/SA097S22	SES226	-0.816153	10.1313	10.9474
BLOCK09/SES097/SA097S22	SES270	-0.0276194	10.9198	10.9474
BLOCK09/SES097/SA097S26	SES099	0.746836	12.5282	11.7813
BLOCK09/SES097/SA097S26	SES120	-0.849128	10.9322	11.7813
BLOCK09/SES097/SA097S26	SES206	-1.0242	10.7571	11.7813
BLOCK09/SES097/SA097S26	SES226	-1.41069	10.3706	11.7813
BLOCK09/SES097/SA097S28	SES099	0.324501	11.6067	11.2822
BLOCK09/SES097/SA097S28	SES120	-0.944976	10.3372	11.2822
BLOCK09/SES097/SA097S28	SES206	-0.972395	10.3098	11.2822
BLOCK09/SES097/SA097S28	SES226	-1.53908	9.74308	11.2822
BLOCK09/SES098/SA098S11	SES127	-1.65449	11.233	12.8875
BLOCK09/SES098/SA098S11	SES144	-1.85097	11.0365	12.8875
BLOCK09/SES098/SA098S11	SES147	-1.02712	11.8604	12.8875
BLOCK09/SES098/SA098S11	SES148	-2.98628	9.90124	12.8875
BLOCK09/SES098/SA098S12	SES127	-2.65048	10.2108	12.8612
BLOCK09/SES098/SA098S12	SES144	-2.3561	10.5051	12.8612
BLOCK09/SES098/SA098S12	SES147	-1.47565	11.3856	12.8612
BLOCK09/SES098/SA098S12	SES189	-1.3915	11.4697	12.8612
BLOCK09/SES098/SA098S20	SES127	-2.42933	11.5782	14.0075
BLOCK09/SES098/SA098S20	SES147	-1.49331	12.5142	14.0075
BLOCK09/SES098/SA098S20	SES148	-3.01972	10.9878	14.0075
BLOCK09/SES098/SA098S20	SES292	-1.44328	12.5642	14.0075
BLOCK09/SES098/SA098S23	SES127	-1.76841	12.684	14.4524
BLOCK09/SES098/SA098S23	SES147	-1.45682	12.9955	14.4524
BLOCK09/SES098/SA098S23	SES187	-0.980529	13.4718	14.4524
BLOCK09/SES098/SA098S23	SES292	-1.14889	13.3035	14.4524
BLOCK09/SES098/SA098S27	SES127	-3.06659	10.4897	13.5563
BLOCK09/SES098/SA098S27	SES147	-2.97326	10.583	13.5563
BLOCK09/SES098/SA098S27	SES148	-3.16619	10.3901	13.5563
BLOCK09/SES098/SA098S27	SES292	-2.30112	11.2552	13.5563
BLOCK10/SES102/SA102S13	SES101	-0.871093	11.2233	12.0944
BLOCK10/SES102/SA102S13	SES105	-1.41627	10.6782	12.0944
BLOCK10/SES102/SA102S13	SES120	-1.9765	10.1179	12.0944
BLOCK10/SES102/SA102S13	SES158	-1.7842	10.3102	12.0944
BLOCK10/SES102/SA102S14	SES007	-0.0187092	13.506	13.5247
BLOCK10/SES102/SA102S14	SES101	0.169363	13.6941	13.5247
BLOCK10/SES102/SA102S14	SES105	0.0272017	13.5519	13.5247
BLOCK10/SES102/SA102S14	SES147	-2.67186	10.8529	13.5247
BLOCK10/SES102/SA102S22	SES007	-1.28695	11.6027	12.8896
BLOCK10/SES102/SA102S22	SES101	0.165133	13.0548	12.8896
BLOCK10/SES102/SA102S22	SES105	-0.503486	12.3862	12.8896
BLOCK10/SES102/SA102S22	SES158	-1.63995	11.2497	12.8896
BLOCK10/SES102/SA102S25	SES007	-0.733318	13.0023	13.7357
BLOCK10/SES102/SA102S25	SES101	-0.217502	13.5182	13.7357
BLOCK10/SES102/SA102S25	SES105	-0.943371	12.7923	13.7357
BLOCK10/SES102/SA102S25	SES147	-2.77382	10.9618	13.7357
BLOCK10/SES102/SA102S27	SES007	-0.520271	12.4721	12.9924
BLOCK10/SES102/SA102S27	SES101	0.474198	13.4666	12.9924
BLOCK10/SES102/SA102S27	SES105	-1.04417	11.9482	12.9924
BLOCK10/SES102/SA102S27	SES147	-2.02351	10.9689	12.9924
BLOCK10/SES103/SA103S14	SES105	-1.9328	7.77766	9.71046
BLOCK10/SES103/SA103S14	SES106	-0.63966	9.0708	9.71046
BLOCK10/SES103/SA103S14	SES120	-2.16304	7.54741	9.71046
BLOCK10/SES103/SA103S14	SES206	-2.18083	7.52963	9.71046
BLOCK10/SES103/SA103S15	SES099	-1.1762	7.11099	8.28719
BLOCK10/SES103/SA103S15	SES101	-2.82338	5.46381	8.28719
BLOCK10/SES103/SA103S15	SES104	-1.79806	6.48912	8.28719
BLOCK10/SES103/SA103S15	SES125	-1.08704	7.20015	8.28719
BLOCK10/SES103/SA103S24	SES104	-1.61105	9.67471	11.2858
BLOCK10/SES103/SA103S24	SES125	-1.54078	9.74499	11.2858
BLOCK10/SES103/SA103S24	SES148	-2.88252	8.40324	11.2858
BLOCK10/SES103/SA103S24	SES158	-0.950054	10.3357	11.2858
BLOCK10/SES103/SA103S26	SES104	-1.94359	7.01592	8.95951
BLOCK10/SES103/SA103S26	SES106	-0.494816	8.4647	8.95951
BLOCK10/SES103/SA103S26	SES125	-1.23549	7.72402	8.95951
BLOCK10/SES103/SA103S26	SES148	-3.83484	5.12468	8.95951
BLOCK10/SES103/SA103S28	SES104	-2.28214	5.89277	8.17492
BLOCK10/SES103/SA103S28	SES106	-0.671864	7.50305	8.17492
BLOCK10/SES103/SA103S28	SES125	-1.71632	6.45859	8.17492
BLOCK10/SES103/SA103S28	SES206	-2.60605	5.56886	8.17492
BLOCK12/SES121/SA121S12	SES042	-2.18747	5.12064	7.30811
BLOCK12/SES121/SA121S12	SES087	-0.772479	6.53563	7.30811
BLOCK12/SES121/SA121S12	SES105	-0.660215	6.64789	7.30811
BLOCK12/SES121/SA121S12	SES206	-1.27157	6.03654	7.30811
BLOCK12/SES121/SA121S14	SES007	-2.04392	5.90337	7.94728
BLOCK12/SES121/SA121S14	SES105	-1.37337	6.57391	7.94728
BLOCK12/SES121/SA121S14	SES106	-1.24467	6.70261	7.94728
BLOCK12/SES121/SA121S14	SES206	-1.85966	6.08762	7.94728
BLOCK12/SES121/SA121S23	SES105	-0.801366	8.01409	8.81546
BLOCK12/SES121/SA121S23	SES106	0.230822	9.04628	8.81546
BLOCK12/SES121/SA121S23	SES120	-1.23971	7.57575	8.81546
BLOCK12/SES121/SA121S23	SES206	-0.65344	8.16202	8.81546
BLOCK12/SES121/SA121S25	SES007	-1.57771	4.61388	6.1916
BLOCK12/SES121/SA121S25	SES105	-1.20269	4.9889	6.1916
BLOCK12/SES121/SA121S25	SES106	-0.699306	5.49229	6.1916
BLOCK12/SES121/SA121S25	SES206	-2.14779	4.0438	6.1916
BLOCK12/SES121/SA121S27	SES087	-0.295041	7.99704	8.29208
BLOCK12/SES121/SA121S27	SES105	-2.34615	5.94592	8.29208
BLOCK12/SES121/SA121S27	SES120	-0.580315	7.71176	8.29208
BLOCK12/SES121/SA121S27	SES206	-1.07495	7.21713	8.29208
BLOCK12/SES124/SA124S16	SES042	-0.0734758	10.8224	10.8959
BLOCK12/SES124/SA124S16	SES082	-1.30687	9.58904	10.8959
BLOCK12/SES124/SA124S16	SES183	-2.24033	8.65558	10.8959
BLOCK12/SES124/SA124S16	SES206	-1.33467	9.56124	10.8959
BLOCK12/SES124/SA124S17	SES105	-2.10617	7.19117	9.29734
BLOCK12/SES124/SA124S17	SES149	-2.62987	6.66748	9.29734
BLOCK12/SES124/SA124S17	SES158	-2.20112	7.09623	9.29734
BLOCK12/SES124/SA124S17	SES275	-1.60339	7.69396	9.29734
BLOCK12/SES124/SA124S23	SES105	-2.36172	10.0468	12.4085
BLOCK12/SES124/SA124S23	SES125	0.0875311	12.496	12.4085
BLOCK12/SES124/SA124S23	SES129	-2.3744	10.0341	12.4085
BLOCK12/SES124/SA124S23	SES158	-0.605223	11.8033	12.4085
BLOCK12/SES124/SA124S26	SES105	-2.9359	8.78639	11.7223
BLOCK12/SES124/SA124S26	SES125	-0.868313	10.854	11.7223
BLOCK12/SES124/SA124S26	SES129	-2.58797	9.13433	11.7223
BLOCK12/SES124/SA124S26	SES158	-1.20739	10.5149	11.7223
BLOCK12/SES124/SA124S28	SES104	-0.343931	11.1236	11.4675
BLOCK12/SES124/SA124S28	SES106	-0.454211	11.0133	11.4675
BLOCK12/SES124/SA124S28	SES125	0.299719	11.7672	11.4675
BLOCK12/SES124/SA124S28	SES275	-1.71872	9.7488	11.4675
BLOCK12/SES126/SA126S13	SES007	-1.21747	10.8047	12.0222
BLOCK12/SES126/SA126S13	SES162	-1.50639	10.5158	12.0222
BLOCK12/SES126/SA126S13	SES177	-1.09448	10.9277	12.0222
BLOCK12/SES126/SA126S13	SES180	-1.56844	10.4538	12.0222
BLOCK12/SES126/SA126S14	SES144	-0.171701	13.9523	14.124
BLOCK12/SES126/SA126S14	SES148	-1.39891	12.7251	14.124
BLOCK12/SES126/SA126S14	SES177	-0.523814	13.6002	14.124
BLOCK12/SES126/SA126S14	SES180	-1.28961	12.8344	14.124
BLOCK12/SES126/SA126S20	SES007	-1.19887	11.9893	13.1882
BLOCK12/SES126/SA126S20	SES162	-1.28517	11.903	13.1882
BLOCK12/SES126/SA126S20	SES172	-1.70516	11.483	13.1882
BLOCK12/SES126/SA126S20	SES180	-1.69382	11.4944	13.1882
BLOCK12/SES126/SA126S24	SES120	-0.711541	14.1763	14.8878
BLOCK12/SES126/SA126S24	SES162	-1.19282	13.695	14.8878
BLOCK12/SES126/SA126S24	SES177	-0.193039	14.6948	14.8878
BLOCK12/SES126/SA126S24	SES180	-0.629289	14.2585	14.8878
BLOCK12/SES126/SA126S26	SES120	-0.388395	12.6466	13.035
BLOCK12/SES126/SA126S26	SES177	-0.929571	12.1055	13.035
BLOCK12/SES126/SA126S26	SES180	-0.870464	12.1646	13.035
BLOCK12/SES126/SA126S26	SES202	-0.939537	12.0955	13.035
BLOCK12/SES128/SA128S10	SES087	-1.8549	10.09	11.9449
BLOCK12/SES128/SA128S10	SES206	-1.02637	10.9185	11.9449
BLOCK12/SES128/SA128S10	SES226	-0.446106	11.4988	11.9449
BLOCK12/SES128/SA128S10	SES270	-0.525657	11.4193	11.9449
BLOCK12/SES128/SA128S12	SES120	-1.20986	10.3938	11.6036
BLOCK12/SES128/SA128S12	SES158	-1.85174	9.75188	11.6036
BLOCK12/SES128/SA128S12	SES206	-1.27564	10.328	11.6036
BLOCK12/SES128/SA128S12	SES226	-1.63486	9.96877	11.6036
BLOCK12/SES128/SA128S21	SES106	-2.05237	8.85159	10.904
BLOCK12/SES128/SA128S21	SES120	-2.18631	8.71764	10.904
BLOCK12/SES128/SA128S21	SES206	-1.57248	9.33148	10.904
BLOCK12/SES128/SA128S21	SES226	-0.565921	10.338	10.904
BLOCK12/SES128/SA128S24	SES087	-1.04111	9.58082	10.6219
BLOCK12/SES128/SA128S24	SES120	-0.858188	9.76374	10.6219
BLOCK12/SES128/SA128S24	SES206	-1.12016	9.50177	10.6219
BLOCK12/SES128/SA128S24	SES226	-1.23227	9.38966	10.6219
BLOCK12/SES128/SA128S27	SES099	-0.907287	11.7855	12.6928
BLOCK12/SES128/SA128S27	SES120	-1.051	11.6418	12.6928
BLOCK12/SES128/SA128S27	SES206	-1.16642	11.5263	12.6928
BLOCK12/SES128/SA128S27	SES226	-0.763409	11.9294	12.6928
BLOCK13/SES130/SA130S13	SES143	-1.30137	10.9758	12.2772
BLOCK13/SES130/SA130S13	SES144	-0.418422	11.8587	12.2772
BLOCK13/SES130/SA130S13	SES146	-1.26239	11.0148	12.2772
BLOCK13/SES130/SA130S13	SES275	-2.34774	9.92942	12.2772
BLOCK13/SES130/SA130S15	SES143	-1.68125	12.381	14.0622
BLOCK13/SES130/SA130S15	SES144	-0.469571	13.5927	14.0622
BLOCK13/SES130/SA130S15	SES146	-0.723424	13.3388	14.0622
BLOCK13/SES130/SA130S15	SES275	-1.48565	12.5766	14.0622
BLOCK13/SES130/SA130S23	SES127	-1.54361	10.1359	11.6795
BLOCK13/SES130/SA130S23	SES144	-1.24296	10.4366	11.6795
BLOCK13/SES130/SA130S23	SES146	-0.675628	11.0039	11.6795
BLOCK13/SES130/SA130S23	SES162	-1.03217	10.6474	11.6795
BLOCK13/SES130/SA130S25	SES127	-0.875753	12.7771	13.6529
BLOCK13/SES130/SA130S25	SES144	-0.819188	12.8337	13.6529
BLOCK13/SES130/SA130S25	SES146	-0.483286	13.1696	13.6529
BLOCK13/SES130/SA130S25	SES275	-1.21935	12.4336	13.6529
BLOCK13/SES130/SA130S28	SES127	-0.918266	11.7857	12.7039
BLOCK13/SES130/SA130S28	SES144	-1.23755	11.4664	12.7039
BLOCK13/SES130/SA130S28	SES146	-0.68937	12.0146	12.7039
BLOCK13/SES130/SA130S28	SES275	-0.953375	11.7506	12.7039
BLOCK13/SES131/SA131S13	SES002	-1.37582	6.82471	8.20052
BLOCK13/SES131/SA131S13	SES007	-1.73735	6.46317	8.20052
BLOCK13/SES131/SA131S13	SES099	-1.33308	6.86745	8.20052
BLOCK13/SES131/SA131S13	SES105	-1.36333	6.83719	8.20052
BLOCK13/SES131/SA131S14	SES104	-0.0712061	9.93626	10.0075
BLOCK13/SES131/SA131S14	SES106	-0.749732	9.25773	10.0075
BLOCK13/SES131/SA131S14	SES125	-0.98335	9.02411	10.0075
BLOCK13/SES131/SA131S14	SES148	-1.0483	8.95916	10.0075
BLOCK13/SES131/SA131S20	SES104	-2.24897	6.13656	8.38552
BLOCK13/SES131/SA131S20	SES106	-1.31857	7.06696	8.38552
BLOCK13/SES131/SA131S20	SES125	-2.50173	5.8838	8.38552
BLOCK13/SES131/SA131S20	SES148	-1.66641	6.71911	8.38552
BLOCK13/SES131/SA131S22	SES099	-1.3462	8.60344	9.94964
BLOCK13/SES131/SA131S22	SES104	-1.67273	8.27691	9.94964
BLOCK13/SES131/SA131S22	SES125	-1.69231	8.25733	9.94964
BLOCK13/SES131/SA131S22	SES206	-2.22012	7.72952	9.94964
BLOCK13/SES131/SA131S29	SES087	-1.2047	7.65482	8.85952
BLOCK13/SES131/SA131S29	SES104	-2.75416	6.10536	8.85952
BLOCK13/SES131/SA131S29	SES125	-2.42476	6.43476	8.85952
BLOCK13/SES131/SA131S29	SES206	-2.35017	6.50935	8.85952
BLOCK13/SES132/SA132S11	SES083	-1.47561	12.9297	14.4053
BLOCK13/SES132/SA132S11	SES120	-0.294257	14.1111	14.4053
BLOCK13/SES132/SA132S11	SES127	-1.26321	13.1421	14.4053
BLOCK13/SES132/SA132S11	SES275	-1.51106	12.8943	14.4053
BLOCK13/SES132/SA132S12	SES083	-1.92106	11.0261	12.9472
BLOCK13/SES132/SA132S12	SES143	-1.198	11.7492	12.9472
BLOCK13/SES132/SA132S12	SES144	-0.847584	12.0996	12.9472
BLOCK13/SES132/SA132S12	SES148	-1.16265	11.7845	12.9472
BLOCK13/SES132/SA132S22	SES062	-0.995316	13.3264	14.3217
BLOCK13/SES132/SA132S22	SES083	-1.22643	13.0953	14.3217
BLOCK13/SES132/SA132S22	SES127	-1.03118	13.2905	14.3217
BLOCK13/SES132/SA132S22	SES275	-1.20735	13.1144	14.3217
BLOCK13/SES132/SA132S24	SES007	-0.97571	13.8134	14.7891
BLOCK13/SES132/SA132S24	SES083	-1.39006	13.3991	14.7891
BLOCK13/SES132/SA132S24	SES127	-1.66818	13.1209	14.7891
BLOCK13/SES132/SA132S24	SES275	-1.13406	13.6551	14.7891
BLOCK13/SES132/SA132S27	SES083	-1.6034	12.0202	13.6236
BLOCK13/SES132/SA132S27	SES120	0.0270824	13.6507	13.6236
BLOCK13/SES132/SA132S27	SES127	-1.67749	11.9461	13.6236
BLOCK13/SES132/SA132S27	SES275	-1.78366	11.8399	13.6236
BLOCK14/SES141/SA141S09	SES143	-0.884208	12.8717	13.7559
BLOCK14/SES141/SA141S09	SES144	-0.362728	13.3932	13.7559
BLOCK14/SES141/SA141S09	SES162	-1.21994	12.536	13.7559
BLOCK14/SES141/SA141S09	SES180	-1.06275	12.6932	13.7559
BLOCK14/SES141/SA141S15	SES127	-0.799676	13.4512	14.2509
BLOCK14/SES141/SA141S15	SES144	-0.979332	13.2716	14.2509
BLOCK14/SES141/SA141S15	SES162	-1.62552	12.6254	14.2509
BLOCK14/SES141/SA141S15	SES180	-1.07633	13.1746	14.2509
BLOCK14/SES141/SA141S24	SES127	-0.697416	13.6455	14.3429
BLOCK14/SES141/SA141S24	SES144	-0.929346	13.4136	14.3429
BLOCK14/SES141/SA141S24	SES162	-1.27217	13.0707	14.3429
BLOCK14/SES141/SA141S24	SES183	-1.68588	12.657	14.3429
BLOCK14/SES141/SA141S26	SES142	-0.475596	13.7851	14.2607
BLOCK14/SES141/SA141S26	SES144	-0.567736	13.693	14.2607
BLOCK14/SES141/SA141S26	SES172	-0.283305	13.9774	14.2607
BLOCK14/SES141/SA141S26	SES180	-0.704159	13.5566	14.2607
BLOCK14/SES141/SA141S29	SES127	-0.403984	14.0482	14.4522
BLOCK14/SES141/SA141S29	SES142	-0.0693035	14.3829	14.4522
BLOCK14/SES141/SA141S29	SES144	-0.58709	13.8651	14.4522
BLOCK14/SES141/SA141S29	SES180	-0.704532	13.7477	14.4522
BLOCK15/SES157/SA157S08	SES083	-1.72846	11.8623	13.5908
BLOCK15/SES157/SA157S08	SES127	-0.713272	12.8775	13.5908
BLOCK15/SES157/SA157S08	SES148	-1.28959	12.3012	13.5908
BLOCK15/SES157/SA157S08	SES292	-1.84188	11.7489	13.5908
BLOCK15/SES157/SA157S11	SES083	-2.0376	11.2263	13.2639
BLOCK15/SES157/SA157S11	SES127	-1.54003	11.7238	13.2639
BLOCK15/SES157/SA157S11	SES148	-2.13692	11.127	13.2639
BLOCK15/SES157/SA157S11	SES292	-1.98359	11.2803	13.2639
BLOCK15/SES157/SA157S21	SES127	-0.8499	12.0463	12.8962
BLOCK15/SES157/SA157S21	SES148	-0.486402	12.4098	12.8962
BLOCK15/SES157/SA157S21	SES158	-4.03932	8.85688	12.8962
BLOCK15/SES157/SA157S21	SES292	-1.10212	11.7941	12.8962
BLOCK15/SES157/SA157S24	SES127	-0.522881	13.2904	13.8133
BLOCK15/SES157/SA157S24	SES148	-1.65361	12.1597	13.8133
BLOCK15/SES157/SA157S24	SES183	-1.72537	12.0879	13.8133
BLOCK15/SES157/SA157S24	SES292	-1.88324	11.9301	13.8133
BLOCK15/SES157/SA157S26	SES007	-1.03145	11.759	12.7905
BLOCK15/SES157/SA157S26	SES127	-1.28043	11.51	12.7905
BLOCK15/SES157/SA157S26	SES147	-2.05082	10.7396	12.7905
BLOCK15/SES157/SA157S26	SES148	-0.906636	11.8838	12.7905
BLOCK16/SES161/SA161S10	SES007	-1.61816	8.2779	9.89607
BLOCK16/SES161/SA161S10	SES105	-1.03637	8.85969	9.89607
BLOCK16/SES161/SA161S10	SES158	-1.21146	8.68461	9.89607
BLOCK16/SES161/SA161S10	SES275	-1.10559	8.79047	9.89607
BLOCK16/SES161/SA161S12	SES007	-1.28499	8.55582	9.84081
BLOCK16/SES161/SA161S12	SES105	-1.89562	7.94519	9.84081
BLOCK16/SES161/SA161S12	SES158	-0.94922	8.89159	9.84081
BLOCK16/SES161/SA161S12	SES275	-0.969121	8.87169	9.84081
BLOCK16/SES161/SA161S20	SES007	-1.23325	7.57923	8.81248
BLOCK16/SES161/SA161S20	SES105	-1.5732	7.23928	8.81248
BLOCK16/SES161/SA161S20	SES158	-0.7125	8.09998	8.81248
BLOCK16/SES161/SA161S20	SES275	-1.4726	7.33988	8.81248
BLOCK16/SES161/SA161S23	SES007	-2.28007	8.35701	10.6371
BLOCK16/SES161/SA161S23	SES105	-0.88632	9.75076	10.6371
BLOCK16/SES161/SA161S23	SES148	-1.53012	9.10696	10.6371
BLOCK16/SES161/SA161S23	SES158	-1.53337	9.1037	10.6371
BLOCK16/SES161/SA161S28	SES007	-1.72749	8.91834	10.6458
BLOCK16/SES161/SA161S28	SES105	-1.739	8.90684	10.6458
BLOCK16/SES161/SA161S28	SES158	-0.725457	9.92037	10.6458
BLOCK16/SES161/SA161S28	SES206	-1.18813	9.4577	10.6458
BLOCK16/SES164/SA164S11	SES104	-0.563556	11.1886	11.7521
BLOCK16/SES164/SA164S11	SES125	-0.581496	11.1706	11.7521
BLOCK16/SES164/SA164S11	SES158	-0.294817	11.4573	11.7521
BLOCK16/SES164/SA164S11	SES206	-1.29791	10.4542	11.7521
BLOCK16/SES164/SA164S13	SES099	-0.884858	9.38752	10.2724
BLOCK16/SES164/SA164S13	SES104	-1.22087	9.05151	10.2724
BLOCK16/SES164/SA164S13	SES125	-1.20576	9.06661	10.2724
BLOCK16/SES164/SA164S13	SES206	-1.03044	9.24193	10.2724
BLOCK16/SES164/SA164S24	SES002	0.688456	11.676	10.9875
BLOCK16/SES164/SA164S24	SES099	-0.48081	10.5067	10.9875
BLOCK16/SES164/SA164S24	SES125	-1.23051	9.75704	10.9875
BLOCK16/SES164/SA164S24	SES226	0.316697	11.3042	10.9875
BLOCK16/SES164/SA164S27	SES087	-0.495172	9.89822	10.3934
BLOCK16/SES164/SA164S27	SES125	-1.19572	9.19768	10.3934
BLOCK16/SES164/SA164S27	SES206	-1.72463	8.66877	10.3934
BLOCK16/SES164/SA164S27	SES226	-0.661839	9.73156	10.3934
BLOCK16/SES164/SA164S29	SES002	0.429893	10.9875	10.5576
BLOCK16/SES164/SA164S29	SES019	-1.50966	9.04792	10.5576
BLOCK16/SES164/SA164S29	SES125	-0.761469	9.79612	10.5576
BLOCK16/SES164/SA164S29	SES226	-1.03188	9.5257	10.5576
BLOCK16/SES169/SA169S13	SES117	-1.38579	10.7301	12.1159
BLOCK16/SES169/SA169S13	SES144	-0.964845	11.151	12.1159
BLOCK16/SES169/SA169S13	SES146	-0.937837	11.178	12.1159
BLOCK16/SES169/SA169S13	SES162	-0.764758	11.3511	12.1159
BLOCK16/SES169/SA169S14	SES144	-1.73299	11.5156	13.2486
BLOCK16/SES169/SA169S14	SES148	-1.36424	11.8844	13.2486
BLOCK16/SES169/SA169S14	SES177	-1.34713	11.9015	13.2486
BLOCK16/SES169/SA169S14	SES180	-1.50184	11.7468	13.2486
BLOCK16/SES169/SA169S24	SES117	-1.32174	9.91414	11.2359
BLOCK16/SES169/SA169S24	SES144	-0.640332	10.5956	11.2359
BLOCK16/SES169/SA169S24	SES146	-0.576274	10.6596	11.2359
BLOCK16/SES169/SA169S24	SES162	-0.532883	10.703	11.2359
BLOCK16/SES169/SA169S27	SES127	-0.945213	11.0815	12.0267
BLOCK16/SES169/SA169S27	SES129	-0.604935	11.4218	12.0267
BLOCK16/SES169/SA169S27	SES144	-1.16382	10.8629	12.0267
BLOCK16/SES169/SA169S27	SES146	-0.112052	11.9146	12.0267
BLOCK16/SES169/SA169S29	SES144	-0.764235	12.2111	12.9754
BLOCK16/SES169/SA169S29	SES162	-0.560589	12.4148	12.9754
BLOCK16/SES169/SA169S29	SES177	-2.08827	10.8871	12.9754
BLOCK16/SES169/SA169S29	SES180	-1.18184	11.7935	12.9754
BLOCK17/SES171/SA171S12	SES083	-1.13551	11.123	12.2585
BLOCK17/SES171/SA171S12	SES148	-1.88496	10.3735	12.2585
BLOCK17/SES171/SA171S12	SES172	-1.09974	11.1587	12.2585
BLOCK17/SES171/SA171S12	SES292	-1.37434	10.8841	12.2585
BLOCK17/SES171/SA171S15	SES148	-1.95141	10.2598	12.2112
BLOCK17/SES171/SA171S15	SES177	-0.751402	11.4598	12.2112
BLOCK17/SES171/SA171S15	SES180	-2.22299	9.98819	12.2112
BLOCK17/SES171/SA171S15	SES292	-1.73493	10.4762	12.2112
BLOCK17/SES171/SA171S22	SES007	-1.46746	11.6968	13.1643
BLOCK17/SES171/SA171S22	SES148	-1.7197	11.4446	13.1643
BLOCK17/SES171/SA171S22	SES177	-0.647067	12.5172	13.1643
BLOCK17/SES171/SA171S22	SES180	-2.34758	10.8167	13.1643
BLOCK17/SES171/SA171S25	SES101	-0.994094	12.7134	13.7075
BLOCK17/SES171/SA171S25	SES120	-2.41916	11.2883	13.7075
BLOCK17/SES171/SA171S25	SES177	-0.651365	13.0561	13.7075
BLOCK17/SES171/SA171S25	SES180	-1.55903	12.1484	13.7075
BLOCK17/SES171/SA171S27	SES177	-0.614841	12.3757	12.9905
BLOCK17/SES171/SA171S27	SES180	-2.18981	10.8007	12.9905
BLOCK17/SES171/SA171S27	SES189	-0.801657	12.1888	12.9905
BLOCK17/SES171/SA171S27	SES292	-1.31025	11.6802	12.9905
BLOCK17/SES173/SA173S13	SES162	-2.95081	11.1387	14.0895
BLOCK17/SES173/SA173S13	SES177	-1.28139	12.8081	14.0895
BLOCK17/SES173/SA173S13	SES180	-2.34969	11.7398	14.0895
BLOCK17/SES173/SA173S13	SES292	-0.683942	13.4055	14.0895
BLOCK17/SES173/SA173S14	SES007	-1.35914	10.5754	11.9345
BLOCK17/SES173/SA173S14	SES162	-2.41307	9.52147	11.9345
BLOCK17/SES173/SA173S14	SES177	-0.848421	11.0861	11.9345
BLOCK17/SES173/SA173S14	SES180	-2.14696	9.78758	11.9345
BLOCK17/SES173/SA173S24	SES144	-1.42492	10.7331	12.1581
BLOCK17/SES173/SA173S24	SES162	-2.10971	10.0483	12.1581
BLOCK17/SES173/SA173S24	SES177	-0.700353	11.4577	12.1581
BLOCK17/SES173/SA173S24	SES180	-2.35337	9.80468	12.1581
BLOCK17/SES173/SA173S27	SES162	-3.06207	11.1196	14.1817
BLOCK17/SES173/SA173S27	SES177	-0.96424	13.2174	14.1817
BLOCK17/SES173/SA173S27	SES180	-1.79105	12.3906	14.1817
BLOCK17/SES173/SA173S27	SES292	-0.476059	13.7056	14.1817
BLOCK17/SES173/SA173S29	SES162	-1.70599	11.3716	13.0776
BLOCK17/SES173/SA173S29	SES175	-0.909682	12.168	13.0776
BLOCK17/SES173/SA173S29	SES177	-0.465945	12.6117	13.0776
BLOCK17/SES173/SA173S29	SES292	-1.52538	11.5523	13.0776
BLOCK18/SES182/SA182S10	SES144	-1.10076	11.5754	12.6762
BLOCK18/SES182/SA182S10	SES177	-1.44773	11.2285	12.6762
BLOCK18/SES182/SA182S10	SES180	-1.94042	10.7358	12.6762
BLOCK18/SES182/SA182S10	SES275	-0.513189	12.163	12.6762
BLOCK18/SES182/SA182S12	SES144	-0.220595	13.154	13.3746
BLOCK18/SES182/SA182S12	SES177	-0.472862	12.9017	13.3746
BLOCK18/SES182/SA182S12	SES180	-0.981457	12.3931	13.3746
BLOCK18/SES182/SA182S12	SES275	-0.530862	12.8437	13.3746
BLOCK18/SES182/SA182S21	SES117	-0.854172	11.5273	12.3815
BLOCK18/SES182/SA182S21	SES144	-0.696866	11.6846	12.3815
BLOCK18/SES182/SA182S21	SES162	-0.797824	11.5836	12.3815
BLOCK18/SES182/SA182S21	SES180	-1.42971	10.9518	12.3815
BLOCK18/SES182/SA182S23	SES117	-0.587253	12.6906	13.2778
BLOCK18/SES182/SA182S23	SES144	-1.35376	11.9241	13.2778
BLOCK18/SES182/SA182S23	SES180	-1.76777	11.51	13.2778
BLOCK18/SES182/SA182S23	SES275	-0.730987	12.5468	13.2778
BLOCK18/SES182/SA182S25	SES007	0.250842	13.2268	12.9759
BLOCK18/SES182/SA182S25	SES162	-0.587511	12.3884	12.9759
BLOCK18/SES182/SA182S25	SES177	-0.479281	12.4967	12.9759
BLOCK18/SES182/SA182S25	SES180	-1.13108	11.8449	12.9759
BLOCK18/SES184/SA184S12	SES177	-1.25391	12.4017	13.6556
BLOCK18/SES184/SA184S12	SES180	-1.41385	12.2418	13.6556
BLOCK18/SES184/SA184S12	SES189	-1.63588	12.0197	13.6556
BLOCK18/SES184/SA184S12	SES292	-1.53508	12.1205	13.6556
BLOCK18/SES184/SA184S13	SES101	-1.44522	11.8319	13.2771
BLOCK18/SES184/SA184S13	SES177	-1.10922	12.1679	13.2771
BLOCK18/SES184/SA184S13	SES180	-1.71386	11.5632	13.2771
BLOCK18/SES184/SA184S13	SES292	-1.77889	11.4982	13.2771
BLOCK18/SES184/SA184S22	SES177	-1.60604	13.8769	15.483
BLOCK18/SES184/SA184S22	SES180	-2.12064	13.3623	15.483
BLOCK18/SES184/SA184S22	SES189	-2.30412	13.1788	15.483
BLOCK18/SES184/SA184S22	SES292	-1.96579	13.5172	15.483
BLOCK18/SES184/SA184S25	SES101	-0.937097	14.3516	15.2887
BLOCK18/SES184/SA184S25	SES177	-1.86653	13.4221	15.2887
BLOCK18/SES184/SA184S25	SES180	-1.38554	13.9031	15.2887
BLOCK18/SES184/SA184S25	SES292	-1.43166	13.857	15.2887
BLOCK18/SES184/SA184S27	SES083	-1.18989	11.8266	13.0165
BLOCK18/SES184/SA184S27	SES177	-0.953838	12.0626	13.0165
BLOCK18/SES184/SA184S27	SES202	-1.43224	11.5842	13.0165
BLOCK18/SES184/SA184S27	SES292	-1.5499	11.4666	13.0165
BLOCK20/SES204/SA204S12	SES062	-1.00878	11.9426	12.9513
BLOCK20/SES204/SA204S12	SES083	-2.00682	10.9445	12.9513
BLOCK20/SES204/SA204S12	SES206	-1.12217	11.8292	12.9513
BLOCK20/SES204/SA204S12	SES226	-2.15614	10.7952	12.9513
BLOCK20/SES204/SA204S14	SES068	-1.10868	13.1645	14.2732
BLOCK20/SES204/SA204S14	SES087	-0.0879488	14.1852	14.2732
BLOCK20/SES204/SA204S14	SES206	-1.65748	12.6157	14.2732
BLOCK20/SES204/SA204S14	SES226	-2.02873	12.2445	14.2732
BLOCK20/SES204/SA204S22	SES068	-1.11827	11.6732	12.7915
BLOCK20/SES204/SA204S22	SES082	-2.51894	10.2725	12.7915
BLOCK20/SES204/SA204S22	SES083	-2.86329	9.92818	12.7915
BLOCK20/SES204/SA204S22	SES206	-1.80363	10.9878	12.7915
BLOCK20/SES204/SA204S25	SES062	-1.4229	11.5582	12.9811
BLOCK20/SES204/SA204S25	SES083	-2.04449	10.9366	12.9811
BLOCK20/SES204/SA204S25	SES206	-1.1804	11.8007	12.9811
BLOCK20/SES204/SA204S25	SES226	-1.5931	11.388	12.9811
BLOCK20/SES204/SA204S27	SES068	-0.720031	11.3457	12.0657
BLOCK20/SES204/SA204S27	SES082	-2.15543	9.91027	12.0657
BLOCK20/SES204/SA204S27	SES087	-0.520967	11.5447	12.0657
BLOCK20/SES204/SA204S27	SES206	-1.14213	10.9236	12.0657
BLOCK20/SES207/SA207S10	SES127	-1.4472	11.3481	12.7953
BLOCK20/SES207/SA207S10	SES183	-2.1074	10.6879	12.7953
BLOCK20/SES207/SA207S10	SES189	-1.76393	11.0313	12.7953
BLOCK20/SES207/SA207S10	SES292	-1.23209	11.5632	12.7953
BLOCK20/SES207/SA207S11	SES127	-1.75169	10.6047	12.3564
BLOCK20/SES207/SA207S11	SES183	-1.4379	10.9185	12.3564
BLOCK20/SES207/SA207S11	SES187	-1.43262	10.9238	12.3564
BLOCK20/SES207/SA207S11	SES292	-1.06415	11.2923	12.3564
BLOCK20/SES207/SA207S25	SES068	-1.56676	11.827	13.3938
BLOCK20/SES207/SA207S25	SES083	-1.42051	11.9733	13.3938
BLOCK20/SES207/SA207S25	SES127	-0.927033	12.4667	13.3938
BLOCK20/SES207/SA207S25	SES187	-0.946725	12.447	13.3938
BLOCK20/SES207/SA207S27	SES127	-1.75409	9.85409	11.6082
BLOCK20/SES207/SA207S27	SES183	-1.26384	10.3443	11.6082
BLOCK20/SES207/SA207S27	SES187	-1.8961	9.71208	11.6082
BLOCK20/SES207/SA207S27	SES292	-1.64219	9.96599	11.6082
BLOCK20/SES207/SA207S29	SES083	-1.3735	12.5576	13.9311
BLOCK20/SES207/SA207S29	SES085	-0.848196	13.0829	13.9311
BLOCK20/SES207/SA207S29	SES172	-0.269833	13.6613	13.9311
BLOCK20/SES207/SA207S29	SES189	-2.01798	11.9132	13.9311
BLOCK22/SES221/SA221S12	SES068	-0.050684	15.1541	15.2048
BLOCK22/SES221/SA221S12	SES143	-1.45115	13.7537	15.2048
BLOCK22/SES221/SA221S12	SES175	-0.425974	14.7788	15.2048
BLOCK22/SES221/SA221S12	SES202	-0.863963	14.3409	15.2048
BLOCK22/SES221/SA221S15	SES085	-0.154782	13.3034	13.4582
BLOCK22/SES221/SA221S15	SES143	-1.82715	11.631	13.4582
BLOCK22/SES221/SA221S15	SES175	-0.237839	13.2203	13.4582
BLOCK22/SES221/SA221S15	SES187	-0.633882	12.8243	13.4582
BLOCK22/SES221/SA221S23	SES068	-0.928269	13.9002	14.8285
BLOCK22/SES221/SA221S23	SES143	-1.85914	12.9693	14.8285
BLOCK22/SES221/SA221S23	SES175	-0.426476	14.402	14.8285
BLOCK22/SES221/SA221S23	SES189	-0.427328	14.4011	14.8285
BLOCK22/SES221/SA221S27	SES085	0.61632	16.0825	15.4662
BLOCK22/SES221/SA221S27	SES143	-1.0221	14.4441	15.4662
BLOCK22/SES221/SA221S27	SES175	0.161108	15.6273	15.4662
BLOCK22/SES221/SA221S27	SES189	0.365023	15.8312	15.4662
BLOCK22/SES221/SA221S29	SES085	0.275132	15.1584	14.8833
BLOCK22/SES221/SA221S29	SES143	-1.15106	13.7322	14.8833
BLOCK22/SES221/SA221S29	SES175	-0.150754	14.7325	14.8833
BLOCK22/SES221/SA221S29	SES187	-0.41495	14.4683	14.8833
BLOCK22/SES223/SA223S11	SES143	-1.38803	12.0479	13.4359
BLOCK22/SES223/SA223S11	SES144	-2.46346	10.9724	13.4359
BLOCK22/SES223/SA223S11	SES175	-0.680682	12.7552	13.4359
BLOCK22/SES223/SA223S11	SES187	-1.56671	11.8692	13.4359
BLOCK22/SES223/SA223S13	SES068	-0.505026	11.0957	11.6008
BLOCK22/SES223/SA223S13	SES143	-2.06346	9.53729	11.6008
BLOCK22/SES223/SA223S13	SES146	-2.11478	9.48598	11.6008
BLOCK22/SES223/SA223S13	SES202	-1.17327	10.4275	11.6008
BLOCK22/SES223/SA223S22	SES143	-1.08912	12.7498	13.839
BLOCK22/SES223/SA223S22	SES144	-2.49423	11.3447	13.839
BLOCK22/SES223/SA223S22	SES175	-0.614976	13.224	13.839
BLOCK22/SES223/SA223S22	SES187	-0.388018	13.4509	13.839
BLOCK22/SES223/SA223S25	SES068	-0.763882	13.8025	14.5664
BLOCK22/SES223/SA223S25	SES143	-2.00343	12.563	14.5664
BLOCK22/SES223/SA223S25	SES175	-1.67367	12.8927	14.5664
BLOCK22/SES223/SA223S25	SES187	-1.40894	13.1574	14.5664
BLOCK22/SES223/SA223S27	SES143	-0.648973	13.2703	13.9193
BLOCK22/SES223/SA223S27	SES146	-1.38712	12.5322	13.9193
BLOCK22/SES223/SA223S27	SES187	-0.991163	12.9281	13.9193
BLOCK22/SES223/SA223S27	SES292	-0.45164	13.4676	13.9193
BLOCK27/SES273/SA273S12	SES099	-0.255358	13.7535	14.0089
BLOCK27/SES273/SA273S12	SES104	-0.962106	13.0468	14.0089
BLOCK27/SES273/SA273S12	SES125	-1.22106	12.7878	14.0089
BLOCK27/SES273/SA273S12	SES206	-0.536763	13.4721	14.0089
BLOCK27/SES273/SA273S13	SES099	-0.760043	13.7223	14.4824
BLOCK27/SES273/SA273S13	SES104	-1.16271	13.3197	14.4824
BLOCK27/SES273/SA273S13	SES206	-1.24874	13.2336	14.4824
BLOCK27/SES273/SA273S13	SES292	-1.40654	13.0758	14.4824
BLOCK27/SES273/SA273S21	SES099	-0.437258	13.6615	14.0988
BLOCK27/SES273/SA273S21	SES148	-2.71037	11.3884	14.0988
BLOCK27/SES273/SA273S21	SES149	-2.09589	12.0029	14.0988
BLOCK27/SES273/SA273S21	SES177	-1.78394	12.3148	14.0988
BLOCK27/SES273/SA273S25	SES104	-1.20279	11.871	13.0737
BLOCK27/SES273/SA273S25	SES125	-1.24749	11.8263	13.0737
BLOCK27/SES273/SA273S25	SES158	-0.384363	12.6894	13.0737
BLOCK27/SES273/SA273S25	SES206	-0.516588	12.5572	13.0737
BLOCK27/SES273/SA273S27	SES099	-0.471031	12.8595	13.3305
BLOCK27/SES273/SA273S27	SES104	-1.26207	12.0684	13.3305
BLOCK27/SES273/SA273S27	SES149	-1.13899	12.1915	13.3305
BLOCK27/SES273/SA273S27	SES275	-1.19684	12.1337	13.3305
BLOCK27/SES274/SA274S10	SES105	-1.64977	11.6493	13.2991
BLOCK27/SES274/SA274S10	SES125	-2.03273	11.2664	13.2991
BLOCK27/SES274/SA274S10	SES129	-0.44631	12.8528	13.2991
BLOCK27/SES274/SA274S10	SES158	-3.03522	10.2639	13.2991
BLOCK27/SES274/SA274S11	SES105	-1.38188	12.1195	13.5014
BLOCK27/SES274/SA274S11	SES149	-2.05218	11.4492	13.5014
BLOCK27/SES274/SA274S11	SES158	-2.17963	11.3217	13.5014
BLOCK27/SES274/SA274S11	SES275	-0.881155	12.6202	13.5014
BLOCK27/SES274/SA274S21	SES105	-1.6271	11.8926	13.5197
BLOCK27/SES274/SA274S21	SES129	-0.434913	13.0848	13.5197
BLOCK27/SES274/SA274S21	SES149	-1.40477	12.1149	13.5197
BLOCK27/SES274/SA274S21	SES158	-3.70227	9.81745	13.5197
BLOCK27/SES274/SA274S24	SES105	-1.58897	12.2626	13.8516
BLOCK27/SES274/SA274S24	SES129	-0.381866	13.4697	13.8516
BLOCK27/SES274/SA274S24	SES149	-2.0511	11.8005	13.8516
BLOCK27/SES274/SA274S24	SES158	-3.82726	10.0243	13.8516
BLOCK27/SES274/SA274S29	SES105	-1.7401	11.1862	12.9263
BLOCK27/SES274/SA274S29	SES106	-3.47145	9.45486	12.9263
BLOCK27/SES274/SA274S29	SES120	-1.44514	11.4812	12.9263
BLOCK27/SES274/SA274S29	SES275	-0.983419	11.9429	12.9263
BLOCK27/SES276/SA276S16	SES148	-1.82605	11.3927	13.2187
BLOCK27/SES276/SA276S16	SES172	-0.791891	12.4268	13.2187
BLOCK27/SES276/SA276S16	SES180	-1.96397	11.2547	13.2187
BLOCK27/SES276/SA276S16	SES292	-1.31899	11.8997	13.2187
BLOCK27/SES276/SA276S17	SES101	-1.10599	12.5548	13.6608
BLOCK27/SES276/SA276S17	SES177	-1.74628	11.9145	13.6608
BLOCK27/SES276/SA276S17	SES180	-1.61723	12.0435	13.6608
BLOCK27/SES276/SA276S17	SES292	-1.35409	12.3067	13.6608
BLOCK27/SES276/SA276S24	SES101	-0.749894	13.4898	14.2397
BLOCK27/SES276/SA276S24	SES177	-0.722008	13.5177	14.2397
BLOCK27/SES276/SA276S24	SES180	-1.47491	12.7648	14.2397
BLOCK27/SES276/SA276S24	SES292	-1.92965	12.3101	14.2397
BLOCK27/SES276/SA276S26	SES101	-1.88298	12.8104	14.6934
BLOCK27/SES276/SA276S26	SES177	-0.542882	14.1505	14.6934
BLOCK27/SES276/SA276S26	SES180	-0.577238	14.1162	14.6934
BLOCK27/SES276/SA276S26	SES292	-0.894052	13.7994	14.6934
BLOCK27/SES276/SA276S28	SES101	-0.807206	13.9732	14.7804
BLOCK27/SES276/SA276S28	SES177	-1.1532	13.6272	14.7804
BLOCK27/SES276/SA276S28	SES180	-0.142386	14.638	14.7804
BLOCK27/SES276/SA276S28	SES292	-0.786088	13.9943	14.7804
BLOCK27/SES277/SA277S12	SES101	-0.79335	11.5293	12.3227
BLOCK27/SES277/SA277S12	SES177	-1.63843	10.6842	12.3227
BLOCK27/SES277/SA277S12	SES180	-2.03284	10.2898	12.3227
BLOCK27/SES277/SA277S12	SES292	-1.8211	10.5015	12.3227
BLOCK27/SES277/SA277S14	SES177	-0.660922	11.3854	12.0463
BLOCK27/SES277/SA277S14	SES180	-1.89382	10.1525	12.0463
BLOCK27/SES277/SA277S14	SES189	-0.446623	11.5997	12.0463
BLOCK27/SES277/SA277S14	SES292	-2.10824	9.93811	12.0463
BLOCK27/SES277/SA277S21	SES177	-0.480241	12.7978	13.278
BLOCK27/SES277/SA277S21	SES180	-1.37665	11.9014	13.278
BLOCK27/SES277/SA277S21	SES189	-0.527002	12.751	13.278
BLOCK27/SES277/SA277S21	SES292	-1.89953	11.3785	13.278
BLOCK27/SES277/SA277S24	SES144	-1.86321	9.83824	11.7015
BLOCK27/SES277/SA277S24	SES177	-0.702234	10.9992	11.7015
BLOCK27/SES277/SA277S24	SES180	-2.11977	9.58168	11.7015
BLOCK27/SES277/SA277S24	SES189	-0.538602	11.1628	11.7015
BLOCK27/SES277/SA277S29	SES177	-0.815162	13.4248	14.24
BLOCK27/SES277/SA277S29	SES180	-1.78112	12.4588	14.24
BLOCK27/SES277/SA277S29	SES202	-0.971809	13.2682	14.24
BLOCK27/SES277/SA277S29	SES292	-1.88005	12.3599	14.24
BLOCK27/SES279/SA279S09	SES120	-1.86874	11.0784	12.9471
BLOCK27/SES279/SA279S09	SES146	-2.10007	10.847	12.9471
BLOCK27/SES279/SA279S09	SES206	-1.80469	11.1424	12.9471
BLOCK27/SES279/SA279S09	SES226	-2.5342	10.4129	12.9471
BLOCK27/SES279/SA279S10	SES099	-0.497272	12.3455	12.8427
BLOCK27/SES279/SA279S10	SES206	-0.696582	12.1461	12.8427
BLOCK27/SES279/SA279S10	SES226	-1.77947	11.0633	12.8427
BLOCK27/SES279/SA279S10	SES292	-0.381658	12.4611	12.8427
BLOCK27/SES279/SA279S20	SES099	-1.45723	10.8745	12.3317
BLOCK27/SES279/SA279S20	SES206	-0.610538	11.7212	12.3317
BLOCK27/SES279/SA279S20	SES226	-1.71218	10.6195	12.3317
BLOCK27/SES279/SA279S20	SES292	-0.17036	12.1614	12.3317
BLOCK27/SES279/SA279S26	SES099	-0.398799	12.2613	12.6601
BLOCK27/SES279/SA279S26	SES206	0.139417	12.7995	12.6601
BLOCK27/SES279/SA279S26	SES226	-1.74208	10.918	12.6601
BLOCK27/SES279/SA279S26	SES292	-0.11161	12.5485	12.6601
BLOCK27/SES279/SA279S28	SES099	-1.19208	13.0376	14.2297
BLOCK27/SES279/SA279S28	SES120	-0.839222	13.3905	14.2297
BLOCK27/SES279/SA279S28	SES177	-1.94637	12.2834	14.2297
BLOCK27/SES279/SA279S28	SES206	-1.08941	13.1403	14.2297
BLOCK29/SES290/SA290S12	SES162	-0.39614	12.8319	13.228
BLOCK29/SES290/SA290S12	SES177	-0.514604	12.7134	13.228
BLOCK29/SES290/SA290S12	SES180	-1.49621	11.7318	13.228
BLOCK29/SES290/SA290S12	SES292	-1.4818	11.7462	13.228
BLOCK29/SES290/SA290S13	SES007	-0.87925	12.542	13.4213
BLOCK29/SES290/SA290S13	SES162	-1.37038	12.0509	13.4213
BLOCK29/SES290/SA290S13	SES177	-0.35116	13.0701	13.4213
BLOCK29/SES290/SA290S13	SES180	-0.750758	12.6705	13.4213
BLOCK29/SES290/SA290S22	SES177	-0.842769	12.6845	13.5272
BLOCK29/SES290/SA290S22	SES180	-1.29241	12.2348	13.5272
BLOCK29/SES290/SA290S22	SES202	-0.984729	12.5425	13.5272
BLOCK29/SES290/SA290S22	SES292	-1.3635	12.1637	13.5272
BLOCK29/SES290/SA290S25	SES162	-0.826204	13.4188	14.245
BLOCK29/SES290/SA290S25	SES177	-1.26799	12.977	14.245
BLOCK29/SES290/SA290S25	SES180	-1.19712	13.0479	14.245
BLOCK29/SES290/SA290S25	SES292	-0.912251	13.3328	14.245
BLOCK29/SES290/SA290S29	SES177	-0.32316	12.6745	12.9977
BLOCK29/SES290/SA290S29	SES180	-0.749367	12.2483	12.9977
BLOCK29/SES290/SA290S29	SES275	-0.98783	12.0098	12.9977
BLOCK29/SES290/SA290S29	SES292	-0.786828	12.2108	12.9977
BLOCK29/SES291/SA291S11	SES105	-2.27223	8.42657	10.6988
BLOCK29/SES291/SA291S11	SES125	-0.831613	9.86719	10.6988
BLOCK29/SES291/SA291S11	SES158	-0.73893	9.95987	10.6988
BLOCK29/SES291/SA291S11	SES275	-2.06875	8.63005	10.6988
BLOCK29/SES291/SA291S12	SES158	0.600412	11.1949	10.5945
BLOCK29/SES291/SA291S12	SES226	-1.67982	8.91472	10.5945
BLOCK29/SES291/SA291S12	SES270	0.8655	11.46	10.5945
BLOCK29/SES291/SA291S12	SES275	-2.8978	7.69673	10.5945
BLOCK29/SES291/SA291S22	SES082	-0.838699	10.8551	11.6938
BLOCK29/SES291/SA291S22	SES158	-0.535352	11.1584	11.6938
BLOCK29/SES291/SA291S22	SES259	-1.77905	9.91474	11.6938
BLOCK29/SES291/SA291S22	SES275	-2.20403	9.48976	11.6938
BLOCK29/SES291/SA291S24	SES104	0.23429	12.8579	12.6236
BLOCK29/SES291/SA291S24	SES125	-0.552941	12.0707	12.6236
BLOCK29/SES291/SA291S24	SES158	-0.16739	12.4562	12.6236
BLOCK29/SES291/SA291S24	SES275	-2.12536	10.4982	12.6236
BLOCK29/SES291/SA291S27	SES158	0.138441	12.6269	12.4884
BLOCK29/SES291/SA291S27	SES172	-3.37775	9.11068	12.4884
BLOCK29/SES291/SA291S27	SES275	-2.74121	9.74723	12.4884
BLOCK29/SES291/SA291S27	SES292	-1.39548	11.093	12.4884
