BLOCK00/SES002/SA002S12	SES002	1.71248	-7.27232	-8.9848
BLOCK00/SES002/SA002S13	SES002	2.93487	-7.19807	-10.1329
BLOCK00/SES002/SA002S23	SES002	1.23255	-7.82864	-9.06119
BLOCK00/SES002/SA002S26	SES002	2.04358	-8.51	-10.5536
BLOCK00/SES002/SA002S28	SES002	1.55169	-7.82711	-9.37881
BLOCK00/SES007/SA007S14	SES007	2.0683	-6.03082	-8.09912
BLOCK00/SES007/SA007S15	SES007	1.60566	-7.03313	-8.63879
BLOCK00/SES007/SA007S24	SES007	1.56846	-6.5175	-8.08597
BLOCK00/SES007/SA007S27	SES007	1.70959	-7.7945	-9.50409
BLOCK00/SES007/SA007S29	SES007	1.19287	-6.70938	-7.90225
BLOCK00/SES008/SA008S11	SES008	2.1086	-6.30513	-8.41373
BLOCK00/SES008/SA008S12	SES008	0.882621	-7.43525	-8.31787
BLOCK00/SES008/SA008S19	SES008	2.01671	-6.72662	-8.74333
BLOCK00/SES008/SA008S22	SES008	1.62825	-7.27282	-8.90107
BLOCK00/SES008/SA008S29	SES008	1.88467	-6.27728	-8.16195
BLOCK01/SES014/SA014S10	SES014	1.90668	-7.09993	-9.00661
BLOCK01/SES014/SA014S12	SES014	3.45786	-6.18012	-9.63798
BLOCK01/SES014/SA014S24	SES014	2.86621	-7.0629	-9.92911
BLOCK01/SES014/SA014S26	SES014	3.56628	-5.92356	-9.48985
BLOCK01/SES014/SA014S28	SES014	3.45539	-5.38645	-8.84184
BLOCK01/SES016/SA016S12	SES016	2.71806	-8.45556	-11.1736
BLOCK01/SES016/SA016S13	SES016	2.35517	-6.83442	-9.18959
BLOCK01/SES016/SA016S22	SES016	2.6761	-6.30104	-8.97714
BLOCK01/SES016/SA016S25	SES016	2.65879	-4.98696	-7.64575
BLOCK01/SES016/SA016S27	SES016	2.66372	-6.2882	-8.95192
BLOCK01/SES019/SA019S13	SES019	3.97709	-5.98052	-9.95761
BLOCK01/SES019/SA019S14	SES019	2.37867	-7.84496	-10.2236
BLOCK01/SES019/SA019S22	SES019	3.12253	-6.58777	-9.7103
BLOCK01/SES019/SA019S25	SES019	3.15058	-6.82054	-9.97112
BLOCK01/SES019/SA019S29	SES019	4.46879	-6.68006	-11.1488
BLOCK02/SES029/SA029S11	SES029	1.77348	-6.06088	-7.83435
BLOCK02/SES029/SA029S12	SES029	1.32031	-6.66849	-7.9888
BLOCK02/SES029/SA029S20	SES029	1.29994	-6.42243	-7.72237
BLOCK02/SES029/SA029S25	SES029	1.58472	-7.09088	-8.6756
BLOCK02/SES029/SA029S28	SES029	1.42131	-6.73886	-8.16017
BLOCK04/SES042/SA042S12	SES042	-nan	-nan	-8.80917
BLOCK04/SES042/SA042S15	SES042	-nan	-nan	-8.38261
BLOCK04/SES042/SA042S22	SES042	-nan	-nan	-10.7396
BLOCK04/SES042/SA042S25	SES042	-nan	-nan	-10.7866
BLOCK04/SES042/SA042S27	SES042	-nan	-nan	-10.2995
BLOCK04/SES048/SA048S11	SES048	2.1001	-5.91262	-8.01272
BLOCK04/SES048/SA048S12	SES048	1.54344	-7.53818	-9.08161
BLOCK04/SES048/SA048S20	SES048	1.55844	-6.36887	-7.92731
BLOCK04/SES048/SA048S23	SES048	2.42147	-6.37143	-8.7929
BLOCK04/SES048/SA048S27	SES048	1.07336	-7.37108	-8.44444
BLOCK06/SES060/SA060S11	SES060	2.69895	-6.45519	-9.15413
BLOCK06/SES060/SA060S12	SES060	1.82359	-7.58693	-9.41052
BLOCK06/SES060/SA060S22	SES060	0.15793	-9.65832	-9.81625
BLOCK06/SES060/SA060S24	SES060	2.21124	-5.48266	-7.69391
BLOCK06/SES060/SA060S28	SES060	1.91393	-5.45635	-7.37028
BLOCK06/SES062/SA062S10	SES062	1.51836	-7.07927	-8.59763
BLOCK06/SES062/SA062S11	SES062	1.56329	-7.84821	-9.4115
BLOCK06/SES062/SA062S21	SES062	1.9578	-5.32932	-7.28712
BLOCK06/SES062/SA062S26	SES062	1.23049	-7.24118	-8.47167
BLOCK06/SES062/SA062S29	SES062	2.00462	-6.0569	-8.06152
BLOCK06/SES068/SA068S14	SES068	1.85386	-6.79426	-8.64812
BLOCK06/SES068/SA068S15	SES068	1.89836	-6.81609	-8.71445
BLOCK06/SES068/SA068S23	SES068	1.37867	-7.29187	-8.67054
BLOCK06/SES068/SA068S27	SES068	2.84372	-6.05142	-8.89514
BLOCK06/SES068/SA068S29	SES068	1.92125	-6.94018	-8.86143
BLOCK08/SES082/SA082S12	SES082	0.902789	-8.33604	-9.23883
BLOCK08/SES082/SA082S14	SES082	0.63867	-8.4737	-9.11237
BLOCK08/SES082/SA082S21	SES082	1.49743	-7.12893	-8.62636
BLOCK08/SES082/SA082S24	SES082	0.705891	-8.40992	-9.11581
BLOCK08/SES082/SA082S28	SES082	1.67038	-7.37318	-9.04356
BLOCK08/SES083/SA083S14	SES083	1.50919	-7.0561	-8.56529
BLOCK08/SES083/SA083S15	SES083	1.68345	-6.62391	-8.30736
BLOCK08/SES083/SA083S24	SES083	1.42788	-7.15251	-8.58039
BLOCK08/SES083/SA083S26	SES083	1.78003	-7.7903	-9.57033
BLOCK08/SES083/SA083S29	SES083	1.54094	-7.43327	-8.97421
BLOCK08/SES085/SA085S10	SES085	1.92759	-5.87977	-7.80736
BLOCK08/SES085/SA085S13	SES085	1.15891	-7.95346	-9.11237
BLOCK08/SES085/SA085S22	SES085	1.91882	-6.66518	-8.584
BLOCK08/SES085/SA085S26	SES085	1.17706	-7.70579	-8.88285
BLOCK08/SES085/SA085S28	SES085	1.13307	-7.06962	-8.20268
BLOCK08/SES087/SA087S15	SES087	2.01861	-7.58844	-9.60705
BLOCK08/SES087/SA087S16	SES087	2.8736	-7.10888	-9.98247
BLOCK08/SES087/SA087S24	SES087	2.88553	-7.09432	-9.97985
BLOCK08/SES087/SA087S26	SES087	1.99109	-6.58507	-8.57616
BLOCK08/SES087/SA087S29	SES087	2.30191	-6.27091	-8.57282
BLOCK09/SES099/SA099S15	SES099	2.41747	-7.56743	-9.9849
BLOCK09/SES099/SA099S16	SES099	2.17037	-7.06645	-9.23682
BLOCK09/SES099/SA099S24	SES099	2.51968	-7.23146	-9.75114
BLOCK09/SES099/SA099S26	SES099	2.76025	-6.88028	-9.64052
BLOCK09/SES099/SA099S29	SES099	1.9506	-7.77313	-9.72373
BLOCK10/SES101/SA101S11	SES101	1.62014	-6.09416	-7.7143
BLOCK10/SES101/SA101S13	SES101	2.56075	-5.18558	-7.74634
BLOCK10/SES101/SA101S22	SES101	2.37017	-7.43609	-9.80626
BLOCK10/SES101/SA101S24	SES101	2.3402	-6.29075	-8.63095
BLOCK10/SES101/SA101S28	SES101	2.29808	-6.77915	-9.07724
BLOCK10/SES104/SA104S11	SES104	2.14429	-6.34381	-8.4881
BLOCK10/SES104/SA104S12	SES104	1.53518	-7.21271	-8.74788
BLOCK10/SES104/SA104S21	SES104	1.7877	-7.4303	-9.218
BLOCK10/SES104/SA104S24	SES104	1.53823	-7.90638	-9.4446
BLOCK10/SES104/SA104S28	SES104	2.17135	-6.98179	-9.15313
BLOCK10/SES105/SA105S12	SES105	1.95166	-7.51372	-9.46538
BLOCK10/SES105/SA105S13	SES105	1.20342	-7.20975	-8.41317
BLOCK10/SES105/SA105S22	SES105	1.51942	-7.82283	-9.34225
BLOCK10/SES105/SA105S26	SES105	1.82217	-7.6955	-9.51766
BLOCK10/SES105/SA105S29	SES105	2.48727	-5.99568	-8.48294
BLOCK10/SES106/SA106S09	SES106	2.13234	-7.58825	-9.72058
BLOCK10/SES106/SA106S11	SES106	2.10189	-6.685	-8.78688
BLOCK10/SES106/SA106S22	SES106	3.08534	-7.17195	-10.2573
BLOCK10/SES106/SA106S27	SES106	2.00314	-6.83348	-8.83662
BLOCK10/SES106/SA106S29	SES106	1.70968	-6.416	-8.12568
BLOCK11/SES117/SA117S12	SES117	2.18409	-7.31005	-9.49414
BLOCK11/SES117/SA117S13	SES117	1.45934	-7.95089	-9.41023
BLOCK11/SES117/SA117S23	SES117	2.21567	-8.19601	-10.4117
BLOCK11/SES117/SA117S25	SES117	1.72102	-7.61911	-9.34013
BLOCK11/SES117/SA117S28	SES117	2.52385	-7.21552	-9.73937
BLOCK12/SES120/SA120S08	SES120	2.03023	-7.25292	-9.28315
BLOCK12/SES120/SA120S11	SES120	3.28444	-9.90861	-13.1931
BLOCK12/SES120/SA120S22	SES120	1.7047	-6.80332	-8.50803
BLOCK12/SES120/SA120S24	SES120	1.51463	-7.96593	-9.48057
BLOCK12/SES120/SA120S28	SES120	1.07639	-8.24588	-9.32226
BLOCK12/SES125/SA125S13	SES125	2.13864	-6.82183	-8.96047
BLOCK12/SES125/SA125S14	SES125	2.21895	-7.28126	-9.5002
BLOCK12/SES125/SA125S25	SES125	2.52465	-7.58883	-10.1135
BLOCK12/SES125/SA125S27	SES125	2.44403	-6.32087	-8.7649
BLOCK12/SES125/SA125S29	SES125	1.67947	-6.98239	-8.66186
BLOCK12/SES127/SA127S11	SES127	1.29356	-7.49925	-8.79281
BLOCK12/SES127/SA127S12	SES127	1.31669	-5.72351	-7.0402
BLOCK12/SES127/SA127S23	SES127	1.29091	-6.38434	-7.67525
BLOCK12/SES127/SA127S25	SES127	1.39095	-6.52199	-7.91294
BLOCK12/SES127/SA127S27	SES127	1.92998	-6.56192	-8.49189
BLOCK12/SES129/SA129S11	SES129	2.10948	-5.77359	-7.88307
BLOCK12/SES129/SA129S12	SES129	1.93678	-5.68855	-7.62533
BLOCK12/SES129/SA129S22	SES129	2.24974	-6.60842	-8.85815
BLOCK12/SES129/SA129S27	SES129	1.91895	-6.4552	-8.37415
BLOCK12/SES129/SA129S29	SES129	1.42297	-7.91316	-9.33612
BLOCK14/SES142/SA142S11	SES142	2.02185	-6.20739	-8.22923
BLOCK14/SES142/SA142S12	SES142	1.28216	-7.26831	-8.55047
BLOCK14/SES142/SA142S24	SES142	1.76598	-6.44281	-8.2088
BLOCK14/SES142/SA142S27	SES142	1.92301	-6.1893	-8.11231
BLOCK14/SES142/SA142S29	SES142	2.26763	-5.88755	-8.15518
BLOCK14/SES143/SA143S12	SES143	1.94385	-6.70581	-8.64967
BLOCK14/SES143/SA143S13	SES143	1.62836	-6.95928	-8.58764
BLOCK14/SES143/SA143S23	SES143	1.68612	-6.91466	-8.60078
BLOCK14/SES143/SA143S25	SES143	1.78087	-7.16555	-8.94642
BLOCK14/SES143/SA143S28	SES143	1.87794	-6.83035	-8.70829
BLOCK14/SES144/SA144S09	SES144	1.84024	-7.16362	-9.00386
BLOCK14/SES144/SA144S11	SES144	1.44139	-6.91953	-8.36092
BLOCK14/SES144/SA144S21	SES144	0.822395	-7.91368	-8.73608
BLOCK14/SES144/SA144S25	SES144	1.83668	-7.56089	-9.39757
BLOCK14/SES144/SA144S29	SES144	1.048	-8.10108	-9.14908
BLOCK14/SES146/SA146S14	SES146	1.64434	-7.46309	-9.10743
BLOCK14/SES146/SA146S15	SES146	1.24051	-7.70446	-8.94497
BLOCK14/SES146/SA146S24	SES146	1.6254	-7.23586	-8.86126
BLOCK14/SES146/SA146S26	SES146	1.77181	-7.01945	-8.79126
BLOCK14/SES146/SA146S29	SES146	1.7154	-7.61105	-9.32646
BLOCK14/SES147/SA147S11	SES147	1.81833	-7.02194	-8.84026
BLOCK14/SES147/SA147S13	SES147	1.98875	-6.25204	-8.24079
BLOCK14/SES147/SA147S23	SES147	1.50548	-7.20263	-8.70811
BLOCK14/SES147/SA147S26	SES147	1.94899	-6.86894	-8.81793
BLOCK14/SES147/SA147S28	SES147	1.85354	-6.21049	-8.06403
BLOCK14/SES148/SA148S10	SES148	1.50654	-6.24097	-7.74752
BLOCK14/SES148/SA148S12	SES148	1.0053	-7.89653	-8.90182
BLOCK14/SES148/SA148S22	SES148	1.57531	-6.4361	-8.01142
BLOCK14/SES148/SA148S26	SES148	1.15827	-6.12361	-7.28188
BLOCK14/SES148/SA148S29	SES148	1.47627	-7.00162	-8.47789
BLOCK14/SES149/SA149S13	SES149	1.14835	-7.06858	-8.21693
BLOCK14/SES149/SA149S14	SES149	1.45287	-6.25494	-7.70781
BLOCK14/SES149/SA149S24	SES149	1.90372	-6.64676	-8.55048
BLOCK14/SES149/SA149S26	SES149	1.86627	-5.93592	-7.80219
BLOCK14/SES149/SA149S28	SES149	2.81884	-5.05698	-7.87582
BLOCK15/SES158/SA158S13	SES158	2.43133	-6.83172	-9.26305
BLOCK15/SES158/SA158S14	SES158	2.39802	-7.76928	-10.1673
BLOCK15/SES158/SA158S23	SES158	2.12546	-6.06799	-8.19344
BLOCK15/SES158/SA158S26	SES158	2.36665	-6.98991	-9.35656
BLOCK15/SES158/SA158S28	SES158	1.68252	-7.45576	-9.13828
BLOCK16/SES162/SA162S10	SES162	1.39808	-7.93219	-9.33027
BLOCK16/SES162/SA162S11	SES162	2.02285	-6.26148	-8.28433
BLOCK16/SES162/SA162S21	SES162	1.91741	-6.54488	-8.46229
BLOCK16/SES162/SA162S24	SES162	1.69011	-7.01109	-8.70121
BLOCK16/SES162/SA162S27	SES162	2.38873	-7.69612	-10.0849
BLOCK16/SES167/SA167S14	SES167	2.02029	-6.10895	-8.12925
BLOCK16/SES167/SA167S15	SES167	2.38699	-6.05661	-8.4436
BLOCK16/SES167/SA167S21	SES167	2.08024	-5.80654	-7.88678
BLOCK16/SES167/SA167S25	SES167	2.7984	-6.04677	-8.84516
BLOCK16/SES167/SA167S29	SES167	2.41296	-5.51052	-7.92348
BLOCK17/SES172/SA172S12	SES172	2.08642	-7.55014	-9.63657
BLOCK17/SES172/SA172S13	SES172	2.35283	-7.05983	-9.41266
BLOCK17/SES172/SA172S23	SES172	1.72976	-6.45455	-8.18431
BLOCK17/SES172/SA172S27	SES172	1.66654	-8.03661	-9.70315
BLOCK17/SES172/SA172S29	SES172	2.35399	-6.87509	-9.22908
BLOCK17/SES175/SA175S11	SES175	1.85009	-7.2413	-9.09139
BLOCK17/SES175/SA175S13	SES175	1.74212	-5.2683	-7.01043
BLOCK17/SES175/SA175S23	SES175	1.87498	-6.10262	-7.9776
BLOCK17/SES175/SA175S25	SES175	0.930747	-8.13365	-9.06439
BLOCK17/SES175/SA175S28	SES175	1.53502	-6.47508	-8.0101
BLOCK17/SES177/SA177S15	SES177	1.65976	-7.82782	-9.48758
BLOCK17/SES177/SA177S17	SES177	1.60175	-7.44615	-9.0479
BLOCK17/SES177/SA177S23	SES177	1.22687	-7.78375	-9.01061
BLOCK17/SES177/SA177S26	SES177	2.0774	-5.53804	-7.61544
BLOCK17/SES177/SA177S28	SES177	1.88409	-7.33086	-9.21494
BLOCK18/SES180/SA180S13	SES180	1.29146	-8.18952	-9.48098
BLOCK18/SES180/SA180S15	SES180	1.32884	-7.11975	-8.44859
BLOCK18/SES180/SA180S24	SES180	1.50368	-5.97948	-7.48316
BLOCK18/SES180/SA180S26	SES180	1.52569	-6.45848	-7.98417
BLOCK18/SES180/SA180S29	SES180	0.986878	-7.95214	-8.93901
BLOCK18/SES183/SA183S13	SES183	2.41444	-6.5724	-8.98684
BLOCK18/SES183/SA183S14	SES183	1.53538	-7.28336	-8.81875
BLOCK18/SES183/SA183S24	SES183	2.7356	-7.07164	-9.80725
BLOCK18/SES183/SA183S27	SES183	2.29761	-7.52357	-9.82118
BLOCK18/SES183/SA183S29	SES183	2.45421	-6.58894	-9.04315
BLOCK18/SES187/SA187S13	SES187	1.55502	-8.12217	-9.67719
BLOCK18/SES187/SA187S14	SES187	2.12662	-7.82212	-9.94874
BLOCK18/SES187/SA187S24	SES187	1.8801	-7.74984	-9.62994
BLOCK18/SES187/SA187S27	SES187	1.71238	-7.93595	-9.64833
BLOCK18/SES187/SA187S29	SES187	2.17766	-8.33643	-10.5141
BLOCK18/SES189/SA189S10	SES189	2.50767	-7.4576	-9.96528
BLOCK18/SES189/SA189S13	SES189	2.70919	-8.37714	-11.0863
BLOCK18/SES189/SA189S24	SES189	2.20172	-6.54012	-8.74184
BLOCK18/SES189/SA189S26	SES189	2.33998	-6.7673	-9.10728
BLOCK18/SES189/SA189S29	SES189	2.59863	-6.5666	-9.16522
BLOCK20/SES202/SA202S12	SES202	1.68669	-7.1201	-8.80679
BLOCK20/SES202/SA202S14	SES202	1.861	-6.91545	-8.77645
BLOCK20/SES202/SA202S24	SES202	1.22987	-7.92364	-9.15351
BLOCK20/SES202/SA202S27	SES202	1.91606	-6.44019	-8.35625
BLOCK20/SES202/SA202S29	SES202	1.8724	-6.56874	-8.44114
BLOCK20/SES206/SA206S15	SES206	0.499072	-7.32605	-7.82512
BLOCK20/SES206/SA206S17	SES206	1.82829	-7.4424	-9.27069
BLOCK20/SES206/SA206S24	SES206	2.20889	-5.98334	-8.19223
BLOCK20/SES206/SA206S27	SES206	2.4417	-7.33782	-9.77952
BLOCK20/SES206/SA206S29	SES206	3.14138	-5.89003	-9.03141
BLOCK22/SES226/SA226S12	SES226	2.0691	-7.40133	-9.47043
BLOCK22/SES226/SA226S13	SES226	2.0239	-7.79759	-9.82149
BLOCK22/SES226/SA226S20	SES226	2.06397	-7.25782	-9.32179
BLOCK22/SES226/SA226S23	SES226	1.97683	-6.62407	-8.6009
BLOCK22/SES226/SA226S28	SES226	1.95974	-6.60913	-8.56887
BLOCK25/SES259/SA259S13	SES259	3.41937	-6.07088	-9.49025
BLOCK25/SES259/SA259S14	SES259	2.64281	-6.3942	-9.03701
BLOCK25/SES259/SA259S22	SES259	3.42491	-6.02755	-9.45245
BLOCK25/SES259/SA259S24	SES259	2.49598	-6.71454	-9.21052
BLOCK25/SES259/SA259S28	SES259	2.30728	-6.77195	-9.07922
BLOCK27/SES270/SA270S14	SES270	3.07933	-6.87561	-9.95494
BLOCK27/SES270/SA270S16	SES270	1.39899	-7.01523	-8.41422
BLOCK27/SES270/SA270S22	SES270	3.57011	-6.10301	-9.67312
BLOCK27/SES270/SA270S26	SES270	1.80758	-7.39898	-9.20656
BLOCK27/SES270/SA270S28	SES270	2.13057	-6.9828	-9.11336
BLOCK27/SES275/SA275S17	SES275	1.66271	-6.57975	-8.24246
BLOCK27/SES275/SA275S18	SES275	1.46356	-6.9637	-8.42726
BLOCK27/SES275/SA275S24	SES275	1.47649	-7.40386	-8.88035
BLOCK27/SES275/SA275S26	SES275	1.65796	-6.8356	-8.49356
BLOCK27/SES275/SA275S28	SES275	1.404	-7.20211	-8.60611
BLOCK29/SES292/SA292S10	SES292	0.870563	-6.72536	-7.59593
BLOCK29/SES292/SA292S12	SES292	1.75348	-7.97297	-9.72645
BLOCK29/SES292/SA292S22	SES292	1.70627	-7.41745	-9.12372
BLOCK29/SES292/SA292S24	SES292	1.29962	-7.38847	-8.68808
BLOCK29/SES292/SA292S27	SES292	0.915502	-7.19736	-8.11286
BLOCK00/SES001/SA001S14	SES062	-0.98157	-10.3425	-9.36094
BLOCK00/SES001/SA001S14	SES082	0.737432	-8.6235	-9.36094
BLOCK00/SES001/SA001S14	SES106	-0.155489	-9.51643	-9.36094
BLOCK00/SES001/SA001S14	SES206	-0.252345	-9.61328	-9.36094
BLOCK00/SES001/SA001S15	SES062	-0.694338	-9.02819	-8.33385
BLOCK00/SES001/SA001S15	SES104	-0.505083	-8.83893	-8.33385
BLOCK00/SES001/SA001S15	SES106	-0.459251	-8.7931	-8.33385
BLOCK00/SES001/SA001S15	SES206	-0.981415	-9.31526	-8.33385
BLOCK00/SES001/SA001S24	SES062	0.410258	-8.26314	-8.6734
BLOCK00/SES001/SA001S24	SES082	0.367002	-8.3064	-8.6734
BLOCK00/SES001/SA001S24	SES087	0.489195	-8.1842	-8.6734
BLOCK00/SES001/SA001S24	SES206	0.937677	-7.73572	-8.6734
BLOCK00/SES001/SA001S27	SES062	0.0562935	-6.75997	-6.81626
BLOCK00/SES001/SA001S27	SES082	0.215646	-6.60062	-6.81626
BLOCK00/SES001/SA001S27	SES087	0.0255575	-6.79071	-6.81626
BLOCK00/SES001/SA001S27	SES206	-0.485356	-7.30162	-6.81626
BLOCK00/SES001/SA001S29	SES062	-0.125985	-9.21836	-9.09238
BLOCK00/SES001/SA001S29	SES082	0.636611	-8.45577	-9.09238
BLOCK00/SES001/SA001S29	SES158	0.594393	-8.49798	-9.09238
BLOCK00/SES001/SA001S29	SES206	0.00457096	-9.08781	-9.09238
BLOCK00/SES003/SA003S11	SES002	0.853823	-8.24034	-9.09416
BLOCK00/SES003/SA003S11	SES019	-0.383266	-9.47743	-9.09416
BLOCK00/SES003/SA003S11	SES082	0.565341	-8.52882	-9.09416
BLOCK00/SES003/SA003S11	SES125	0.0423145	-9.05185	-9.09416
BLOCK00/SES003/SA003S15	SES016	-0.711947	-8.68996	-7.97802
BLOCK00/SES003/SA003S15	SES019	-3.14773	-11.1257	-7.97802
BLOCK00/SES003/SA003S15	SES062	0.773455	-7.20456	-7.97802
BLOCK00/SES003/SA003S15	SES206	0.401494	-7.57652	-7.97802
BLOCK00/SES003/SA003S22	SES002	0.737187	-7.98874	-8.72592
BLOCK00/SES003/SA003S22	SES062	1.25602	-7.4699	-8.72592
BLOCK00/SES003/SA003S22	SES082	0.54011	-8.18581	-8.72592
BLOCK00/SES003/SA003S22	SES087	0.697757	-8.02817	-8.72592
BLOCK00/SES003/SA003S25	SES062	-0.251507	-10.468	-10.2165
BLOCK00/SES003/SA003S25	SES082	-0.386906	-10.6034	-10.2165
BLOCK00/SES003/SA003S25	SES087	0.376137	-9.84038	-10.2165
BLOCK00/SES003/SA003S25	SES206	-0.238058	-10.4546	-10.2165
BLOCK00/SES003/SA003S29	SES002	-0.113396	-9.28127	-9.16787
BLOCK00/SES003/SA003S29	SES062	-1.28663	-10.4545	-9.16787
BLOCK00/SES003/SA003S29	SES082	0.0499792	-9.11789	-9.16787
BLOCK00/SES003/SA003S29	SES087	-0.785427	-9.9533	-9.16787
BLOCK00/SES004/SA004S12	SES083	-0.0276003	-7.99833	-7.97073
BLOCK00/SES004/SA004S12	SES148	0.52064	-7.45009	-7.97073
BLOCK00/SES004/SA004S12	SES172	1.24509	-6.72564	-7.97073
BLOCK00/SES004/SA004S12	SES292	0.255788	-7.71495	-7.97073
BLOCK00/SES004/SA004S17	SES083	0.371645	-7.88717	-8.25881
BLOCK00/SES004/SA004S17	SES162	0.253363	-8.00545	-8.25881
BLOCK00/SES004/SA004S17	SES172	0.736762	-7.52205	-8.25881
BLOCK00/SES004/SA004S17	SES292	-0.2735	-8.53231	-8.25881
BLOCK00/SES004/SA004S24	SES083	0.124004	-7.78071	-7.90472
BLOCK00/SES004/SA004S24	SES148	-0.135109	-8.03982	-7.90472
BLOCK00/SES004/SA004S24	SES172	1.05145	-6.85326	-7.90472
BLOCK00/SES004/SA004S24	SES292	0.405554	-7.49916	-7.90472
BLOCK00/SES004/SA004S26	SES083	0.0661221	-9.02125	-9.08737
BLOCK00/SES004/SA004S26	SES127	1.04018	-8.04719	-9.08737
BLOCK00/SES004/SA004S26	SES148	-0.2566	-9.34398	-9.08737
BLOCK00/SES004/SA004S26	SES292	0.0412951	-9.04608	-9.08737
BLOCK00/SES004/SA004S28	SES083	0.328428	-8.00042	-8.32885
BLOCK00/SES004/SA004S28	SES127	1.45588	-6.87297	-8.32885
BLOCK00/SES004/SA004S28	SES187	1.5184	-6.81044	-8.32885
BLOCK00/SES004/SA004S28	SES292	0.312336	-8.01651	-8.32885
BLOCK00/SES006/SA006S10	SES014	0.281707	-10.3812	-10.6629
BLOCK00/SES006/SA006S10	SES158	0.0465698	-10.6163	-10.6629
BLOCK00/SES006/SA006S10	SES226	-1.45473	-12.1176	-10.6629
BLOCK00/SES006/SA006S10	SES270	1.72346	-8.93942	-10.6629
BLOCK00/SES006/SA006S11	SES158	-0.361338	-10.5124	-10.1511
BLOCK00/SES006/SA006S11	SES226	-0.16774	-10.3188	-10.1511
BLOCK00/SES006/SA006S11	SES270	1.32759	-8.82351	-10.1511
BLOCK00/SES006/SA006S11	SES275	-0.50971	-10.6608	-10.1511
BLOCK00/SES006/SA006S23	SES062	-2.99853	-13.2654	-10.2669
BLOCK00/SES006/SA006S23	SES105	-1.6616	-11.9285	-10.2669
BLOCK00/SES006/SA006S23	SES158	0.112884	-10.154	-10.2669
BLOCK00/SES006/SA006S23	SES275	-1.23503	-11.5019	-10.2669
BLOCK00/SES006/SA006S26	SES104	-1.57506	-12.0605	-10.4855
BLOCK00/SES006/SA006S26	SES158	-0.0785217	-10.564	-10.4855
BLOCK00/SES006/SA006S26	SES270	1.15951	-9.32597	-10.4855
BLOCK00/SES006/SA006S26	SES275	-0.312922	-10.7984	-10.4855
BLOCK00/SES006/SA006S28	SES007	-0.583111	-10.9947	-10.4115
BLOCK00/SES006/SA006S28	SES105	-1.62002	-12.0316	-10.4115
BLOCK00/SES006/SA006S28	SES158	0.230735	-10.1808	-10.4115
BLOCK00/SES006/SA006S28	SES275	-0.819763	-11.2313	-10.4115
BLOCK00/SES009/SA009S12	SES083	-0.809776	-9.59751	-8.78774
BLOCK00/SES009/SA009S12	SES148	-0.035778	-8.82351	-8.78774
BLOCK00/SES009/SA009S12	SES177	0.80957	-7.97817	-8.78774
BLOCK00/SES009/SA009S12	SES292	0.377523	-8.41021	-8.78774
BLOCK00/SES009/SA009S15	SES007	1.30847	-6.88438	-8.19285
BLOCK00/SES009/SA009S15	SES099	-1.32793	-9.52078	-8.19285
BLOCK00/SES009/SA009S15	SES148	0.154078	-8.03877	-8.19285
BLOCK00/SES009/SA009S15	SES172	0.6031	-7.58975	-8.19285
BLOCK00/SES009/SA009S24	SES146	1.21907	-7.86004	-9.07911
BLOCK00/SES009/SA009S24	SES148	-0.381769	-9.46088	-9.07911
BLOCK00/SES009/SA009S24	SES177	1.25712	-7.82198	-9.07911
BLOCK00/SES009/SA009S24	SES292	0.465304	-8.6138	-9.07911
BLOCK00/SES009/SA009S26	SES083	-1.23111	-9.81139	-8.58028
BLOCK00/SES009/SA009S26	SES101	-0.719609	-9.29989	-8.58028
BLOCK00/SES009/SA009S26	SES120	0.523242	-8.05704	-8.58028
BLOCK00/SES009/SA009S26	SES177	0.131413	-8.44887	-8.58028
BLOCK00/SES009/SA009S29	SES083	-0.542241	-9.07834	-8.5361
BLOCK00/SES009/SA009S29	SES101	-0.000234604	-8.53633	-8.5361
BLOCK00/SES009/SA009S29	SES177	0.5263	-8.0098	-8.5361
BLOCK00/SES009/SA009S29	SES292	-0.143101	-8.6792	-8.5361
BLOCK01/SES011/SA011S10	SES019	-2.35412	-12.7536	-10.3995
BLOCK01/SES011/SA011S10	SES042	-nan	-nan	-10.3995
BLOCK01/SES011/SA011S10	SES082	0.511833	-9.88767	-10.3995
BLOCK01/SES011/SA011S10	SES206	1.26549	-9.13402	-10.3995
BLOCK01/SES011/SA011S11	SES019	-1.32895	-11.0439	-9.71495
BLOCK01/SES011/SA011S11	SES042	-nan	-nan	-9.71495
BLOCK01/SES011/SA011S11	SES082	1.07076	-8.6442	-9.71495
BLOCK01/SES011/SA011S11	SES206	0.665983	-9.04897	-9.71495
BLOCK01/SES011/SA011S22	SES019	-1.4661	-11.2292	-9.76307
BLOCK01/SES011/SA011S22	SES042	-nan	-nan	-9.76307
BLOCK01/SES011/SA011S22	SES082	0.0231571	-9.73991	-9.76307
BLOCK01/SES011/SA011S22	SES206	0.405865	-9.3572	-9.76307
BLOCK01/SES011/SA011S24	SES019	-1.70766	-10.9443	-9.23666
BLOCK01/SES011/SA011S24	SES042	-nan	-nan	-9.23666
BLOCK01/SES011/SA011S24	SES104	1.15787	-8.07879	-9.23666
BLOCK01/SES011/SA011S24	SES206	1.14004	-8.09663	-9.23666
BLOCK01/SES011/SA011S27	SES082	1.09151	-8.01576	-9.10727
BLOCK01/SES011/SA011S27	SES087	-0.238251	-9.34552	-9.10727
BLOCK01/SES011/SA011S27	SES125	1.03203	-8.07523	-9.10727
BLOCK01/SES011/SA011S27	SES206	0.792337	-8.31493	-9.10727
BLOCK01/SES012/SA012S11	SES007	1.30208	-6.7569	-8.05897
BLOCK01/SES012/SA012S11	SES082	1.05134	-7.00764	-8.05897
BLOCK01/SES012/SA012S11	SES083	0.052721	-8.00625	-8.05897
BLOCK01/SES012/SA012S11	SES206	0.934714	-7.12426	-8.05897
BLOCK01/SES012/SA012S14	SES082	1.08759	-8.52769	-9.61528
BLOCK01/SES012/SA012S14	SES087	0.401011	-9.21427	-9.61528
BLOCK01/SES012/SA012S14	SES206	1.13904	-8.47624	-9.61528
BLOCK01/SES012/SA012S14	SES292	0.630787	-8.98449	-9.61528
BLOCK01/SES012/SA012S24	SES082	0.873775	-8.83043	-9.7042
BLOCK01/SES012/SA012S24	SES087	-0.612576	-10.3168	-9.7042
BLOCK01/SES012/SA012S24	SES120	-0.291957	-9.99616	-9.7042
BLOCK01/SES012/SA012S24	SES206	0.475321	-9.22888	-9.7042
BLOCK01/SES012/SA012S26	SES019	-4.8141	-15.265	-10.4509
BLOCK01/SES012/SA012S26	SES082	0.263786	-10.1871	-10.4509
BLOCK01/SES012/SA012S26	SES206	2.25791	-8.19298	-10.4509
BLOCK01/SES012/SA012S26	SES292	1.23124	-9.21965	-10.4509
BLOCK01/SES012/SA012S29	SES062	-0.0457034	-7.55945	-7.51375
BLOCK01/SES012/SA012S29	SES082	1.10606	-6.40769	-7.51375
BLOCK01/SES012/SA012S29	SES083	-0.478793	-7.99254	-7.51375
BLOCK01/SES012/SA012S29	SES206	1.0869	-6.42684	-7.51375
BLOCK01/SES013/SA013S16	SES062	-1.5012	-12.2094	-10.7082
BLOCK01/SES013/SA013S16	SES106	0.82983	-9.87833	-10.7082
BLOCK01/SES013/SA013S16	SES206	0.657893	-10.0503	-10.7082
BLOCK01/SES013/SA013S16	SES226	0.808738	-9.89943	-10.7082
BLOCK01/SES013/SA013S17	SES062	-0.218784	-9.56753	-9.34874
BLOCK01/SES013/SA013S17	SES106	0.196037	-9.15271	-9.34874
BLOCK01/SES013/SA013S17	SES206	0.752517	-8.59623	-9.34874
BLOCK01/SES013/SA013S17	SES226	1.14796	-8.20078	-9.34874
BLOCK01/SES013/SA013S23	SES104	0.399358	-9.8555	-10.2549
BLOCK01/SES013/SA013S23	SES106	1.07268	-9.18218	-10.2549
BLOCK01/SES013/SA013S23	SES206	-0.756866	-11.0117	-10.2549
BLOCK01/SES013/SA013S23	SES270	0.587353	-9.66751	-10.2549
BLOCK01/SES013/SA013S25	SES042	-nan	-nan	-9.72051
BLOCK01/SES013/SA013S25	SES104	0.739089	-8.98142	-9.72051
BLOCK01/SES013/SA013S25	SES106	1.35145	-8.36907	-9.72051
BLOCK01/SES013/SA013S25	SES206	-0.672073	-10.3926	-9.72051
BLOCK01/SES013/SA013S29	SES062	-2.15826	-11.9391	-9.78087
BLOCK01/SES013/SA013S29	SES104	0.00573921	-9.77513	-9.78087
BLOCK01/SES013/SA013S29	SES106	0.948243	-8.83262	-9.78087
BLOCK01/SES013/SA013S29	SES206	-1.29739	-11.0783	-9.78087
BLOCK02/SES021/SA021S13	SES016	-1.11764	-9.91974	-8.8021
BLOCK02/SES021/SA021S13	SES029	0.148269	-8.65383	-8.8021
BLOCK02/SES021/SA021S13	SES087	-1.21605	-10.0182	-8.8021
BLOCK02/SES021/SA021S13	SES206	0.198521	-8.60358	-8.8021
BLOCK02/SES021/SA021S15	SES087	0.0873165	-8.37311	-8.46042
BLOCK02/SES021/SA021S15	SES125	0.0929193	-8.3675	-8.46042
BLOCK02/SES021/SA021S15	SES206	0.481123	-7.9793	-8.46042
BLOCK02/SES021/SA021S15	SES226	-0.303417	-8.76384	-8.46042
BLOCK02/SES021/SA021S23	SES062	-1.26969	-10.8494	-9.57975
BLOCK02/SES021/SA021S23	SES087	0.0715046	-9.50824	-9.57975
BLOCK02/SES021/SA021S23	SES206	-0.399498	-9.97925	-9.57975
BLOCK02/SES021/SA021S23	SES226	-0.196067	-9.77582	-9.57975
BLOCK02/SES021/SA021S27	SES002	0.563741	-7.94776	-8.5115
BLOCK02/SES021/SA021S27	SES016	-1.85825	-10.3698	-8.5115
BLOCK02/SES021/SA021S27	SES019	-0.29857	-8.81007	-8.5115
BLOCK02/SES021/SA021S27	SES062	0.237903	-8.2736	-8.5115
BLOCK02/SES021/SA021S29	SES087	0.451799	-9.35491	-9.80671
BLOCK02/SES021/SA021S29	SES125	0.0442381	-9.76247	-9.80671
BLOCK02/SES021/SA021S29	SES206	1.42691	-8.3798	-9.80671
BLOCK02/SES021/SA021S29	SES226	0.959043	-8.84766	-9.80671
BLOCK04/SES043/SA043S09	SES083	1.17457	-8.38934	-9.56391
BLOCK04/SES043/SA043S09	SES101	0.704664	-8.85925	-9.56391
BLOCK04/SES043/SA043S09	SES144	1.34305	-8.22086	-9.56391
BLOCK04/SES043/SA043S09	SES172	0.00116539	-9.56275	-9.56391
BLOCK04/SES043/SA043S11	SES083	1.43642	-6.96944	-8.40585
BLOCK04/SES043/SA043S11	SES101	0.957021	-7.44883	-8.40585
BLOCK04/SES043/SA043S11	SES144	1.54069	-6.86516	-8.40585
BLOCK04/SES043/SA043S11	SES172	0.832856	-7.573	-8.40585
BLOCK04/SES043/SA043S23	SES083	0.53841	-8.12697	-8.66538
BLOCK04/SES043/SA043S23	SES144	0.838912	-7.82647	-8.66538
BLOCK04/SES043/SA043S23	SES177	0.236393	-8.42899	-8.66538
BLOCK04/SES043/SA043S23	SES275	0.380034	-8.28535	-8.66538
BLOCK04/SES043/SA043S26	SES083	0.80779	-9.38936	-10.1971
BLOCK04/SES043/SA043S26	SES101	0.99746	-9.19969	-10.1971
BLOCK04/SES043/SA043S26	SES144	1.35	-8.84715	-10.1971
BLOCK04/SES043/SA043S26	SES177	0.405492	-9.79166	-10.1971
BLOCK04/SES043/SA043S28	SES016	-0.409573	-9.42896	-9.01939
BLOCK04/SES043/SA043S28	SES083	0.945064	-8.07432	-9.01939
BLOCK04/SES043/SA043S28	SES101	0.79845	-8.22093	-9.01939
BLOCK04/SES043/SA043S28	SES144	0.889238	-8.13015	-9.01939
BLOCK04/SES044/SA044S10	SES127	-1.2969	-11.4327	-10.1358
BLOCK04/SES044/SA044S10	SES144	1.31088	-8.82488	-10.1358
BLOCK04/SES044/SA044S10	SES147	-3.46938	-13.6051	-10.1358
BLOCK04/SES044/SA044S10	SES148	-1.24822	-11.384	-10.1358
BLOCK04/SES044/SA044S11	SES101	1.06167	-8.04957	-9.11124
BLOCK04/SES044/SA044S11	SES144	1.56585	-7.54539	-9.11124
BLOCK04/SES044/SA044S11	SES147	-0.48667	-9.59791	-9.11124
BLOCK04/SES044/SA044S11	SES177	0.283324	-8.82792	-9.11124
BLOCK04/SES044/SA044S24	SES007	-0.676047	-9.88919	-9.21314
BLOCK04/SES044/SA044S24	SES101	0.965136	-8.24801	-9.21314
BLOCK04/SES044/SA044S24	SES147	-0.639706	-9.85285	-9.21314
BLOCK04/SES044/SA044S24	SES177	0.964396	-8.24875	-9.21314
BLOCK04/SES044/SA044S26	SES007	-0.33276	-8.94786	-8.6151
BLOCK04/SES044/SA044S26	SES016	0.721991	-7.89311	-8.6151
BLOCK04/SES044/SA044S26	SES101	1.28742	-7.32768	-8.6151
BLOCK04/SES044/SA044S26	SES147	0.409422	-8.20568	-8.6151
BLOCK04/SES044/SA044S29	SES007	-0.405375	-8.91371	-8.50834
BLOCK04/SES044/SA044S29	SES101	1.56552	-6.94282	-8.50834
BLOCK04/SES044/SA044S29	SES147	0.356996	-8.15134	-8.50834
BLOCK04/SES044/SA044S29	SES177	-1.68605	-10.1944	-8.50834
BLOCK04/SES046/SA046S13	SES101	1.1824	-9.14941	-10.3318
BLOCK04/SES046/SA046S13	SES144	1.48713	-8.84469	-10.3318
BLOCK04/SES046/SA046S13	SES147	-1.01058	-11.3424	-10.3318
BLOCK04/SES046/SA046S13	SES177	0.197598	-10.1342	-10.3318
BLOCK04/SES046/SA046S15	SES048	1.46203	-6.34995	-7.81198
BLOCK04/SES046/SA046S15	SES083	0.870223	-6.94176	-7.81198
BLOCK04/SES046/SA046S15	SES120	-0.851947	-8.66393	-7.81198
BLOCK04/SES046/SA046S15	SES148	0.621949	-7.19003	-7.81198
BLOCK04/SES046/SA046S22	SES101	1.10509	-8.25019	-9.35527
BLOCK04/SES046/SA046S22	SES144	1.24425	-8.11102	-9.35527
BLOCK04/SES046/SA046S22	SES147	-0.688509	-10.0438	-9.35527
BLOCK04/SES046/SA046S22	SES172	1.37971	-7.97556	-9.35527
BLOCK04/SES046/SA046S25	SES083	0.703566	-7.69827	-8.40183
BLOCK04/SES046/SA046S25	SES127	-0.330153	-8.73198	-8.40183
BLOCK04/SES046/SA046S25	SES144	0.83972	-7.56211	-8.40183
BLOCK04/SES046/SA046S25	SES148	-0.0845661	-8.4864	-8.40183
BLOCK04/SES046/SA046S28	SES007	-0.294916	-9.07902	-8.78411
BLOCK04/SES046/SA046S28	SES105	0.019186	-8.76492	-8.78411
BLOCK04/SES046/SA046S28	SES147	0.208055	-8.57605	-8.78411
BLOCK04/SES046/SA046S28	SES148	-0.204863	-8.98897	-8.78411
BLOCK04/SES049/SA049S16	SES104	0.681806	-10.0899	-10.7717
BLOCK04/SES049/SA049S16	SES106	-0.42767	-11.1993	-10.7717
BLOCK04/SES049/SA049S16	SES120	0.467097	-10.3046	-10.7717
BLOCK04/SES049/SA049S16	SES206	-0.221863	-10.9935	-10.7717
BLOCK04/SES049/SA049S18	SES099	0.917838	-8.89831	-9.81615
BLOCK04/SES049/SA049S18	SES104	-0.278113	-10.0943	-9.81615
BLOCK04/SES049/SA049S18	SES125	-0.612775	-10.4289	-9.81615
BLOCK04/SES049/SA049S18	SES206	-1.48751	-11.3037	-9.81615
BLOCK04/SES049/SA049S25	SES087	-0.0603609	-11.3485	-11.2881
BLOCK04/SES049/SA049S25	SES104	1.08984	-10.1983	-11.2881
BLOCK04/SES049/SA049S25	SES125	1.016	-10.2721	-11.2881
BLOCK04/SES049/SA049S25	SES206	0.547783	-10.7403	-11.2881
BLOCK04/SES049/SA049S27	SES099	0.760795	-8.35442	-9.11521
BLOCK04/SES049/SA049S27	SES104	1.29475	-7.82047	-9.11521
BLOCK04/SES049/SA049S27	SES125	-0.471378	-9.58659	-9.11521
BLOCK04/SES049/SA049S27	SES206	-0.413652	-9.52887	-9.11521
BLOCK04/SES049/SA049S29	SES099	0.656391	-8.18441	-8.84081
BLOCK04/SES049/SA049S29	SES104	1.22508	-7.61573	-8.84081
BLOCK04/SES049/SA049S29	SES125	0.770465	-8.07034	-8.84081
BLOCK04/SES049/SA049S29	SES206	-0.372618	-9.21342	-8.84081
BLOCK06/SES063/SA063S09	SES068	-1.35544	-11.721	-10.3656
BLOCK06/SES063/SA063S09	SES083	0.749203	-9.61638	-10.3656
BLOCK06/SES063/SA063S09	SES177	0.479644	-9.88594	-10.3656
BLOCK06/SES063/SA063S09	SES187	0.579402	-9.78618	-10.3656
BLOCK06/SES063/SA063S10	SES068	-1.13129	-10.4346	-9.30336
BLOCK06/SES063/SA063S10	SES083	0.0283051	-9.27505	-9.30336
BLOCK06/SES063/SA063S10	SES172	0.0519161	-9.25144	-9.30336
BLOCK06/SES063/SA063S10	SES187	-0.208069	-9.51143	-9.30336
BLOCK06/SES063/SA063S20	SES068	-1.32264	-11.442	-10.1194
BLOCK06/SES063/SA063S20	SES083	0.693398	-9.42596	-10.1194
BLOCK06/SES063/SA063S20	SES172	0.545378	-9.57398	-10.1194
BLOCK06/SES063/SA063S20	SES187	0.933548	-9.18581	-10.1194
BLOCK06/SES063/SA063S24	SES029	-1.11652	-12.2656	-11.1491
BLOCK06/SES063/SA063S24	SES083	0.885297	-10.2638	-11.1491
BLOCK06/SES063/SA063S24	SES177	0.708722	-10.4404	-11.1491
BLOCK06/SES063/SA063S24	SES189	2.52207	-8.62702	-11.1491
BLOCK06/SES063/SA063S27	SES083	1.1806	-8.781	-9.9616
BLOCK06/SES063/SA063S27	SES172	0.0289707	-9.93263	-9.9616
BLOCK06/SES063/SA063S27	SES187	0.828101	-9.1335	-9.9616
BLOCK06/SES063/SA063S27	SES292	0.264256	-9.69734	-9.9616
BLOCK06/SES067/SA067S12	SES083	0.163853	-7.86002	-8.02388
BLOCK06/SES067/SA067S12	SES172	-0.347073	-8.37095	-8.02388
BLOCK06/SES067/SA067S12	SES202	0.182528	-7.84135	-8.02388
BLOCK06/SES067/SA067S12	SES292	-0.298893	-8.32277	-8.02388
BLOCK06/SES067/SA067S14	SES085	-0.198404	-7.09179	-6.89339
BLOCK06/SES067/SA067S14	SES177	-0.599467	-7.49286	-6.89339
BLOCK06/SES067/SA067S14	SES183	1.5027	-5.39069	-6.89339
BLOCK06/SES067/SA067S14	SES202	0.971329	-5.92206	-6.89339
BLOCK06/SES067/SA067S21	SES144	0.866077	-8.41127	-9.27734
BLOCK06/SES067/SA067S21	SES177	0.595105	-8.68224	-9.27734
BLOCK06/SES067/SA067S21	SES183	0.530136	-8.74721	-9.27734
BLOCK06/SES067/SA067S21	SES189	0.447823	-8.82952	-9.27734
BLOCK06/SES067/SA067S25	SES085	-0.834846	-8.92718	-8.09234
BLOCK06/SES067/SA067S25	SES177	0.413949	-7.67839	-8.09234
BLOCK06/SES067/SA067S25	SES183	0.474588	-7.61775	-8.09234
BLOCK06/SES067/SA067S25	SES202	-0.176952	-8.26929	-8.09234
BLOCK06/SES067/SA067S29	SES085	-1.5176	-11.0602	-9.54255
BLOCK06/SES067/SA067S29	SES177	-0.225983	-9.76854	-9.54255
BLOCK06/SES067/SA067S29	SES183	1.0166	-8.52596	-9.54255
BLOCK06/SES067/SA067S29	SES202	1.02419	-8.51836	-9.54255
BLOCK06/SES069/SA069S12	SES029	-0.804448	-9.25176	-8.44731
BLOCK06/SES069/SA069S12	SES082	0.247125	-8.20019	-8.44731
BLOCK06/SES069/SA069S12	SES087	-0.16095	-8.60826	-8.44731
BLOCK06/SES069/SA069S12	SES206	0.66363	-7.78368	-8.44731
BLOCK06/SES069/SA069S13	SES029	-1.21094	-9.48611	-8.27517
BLOCK06/SES069/SA069S13	SES087	-0.286964	-8.56213	-8.27517
BLOCK06/SES069/SA069S13	SES206	-0.722083	-8.99725	-8.27517
BLOCK06/SES069/SA069S13	SES226	1.14198	-7.13319	-8.27517
BLOCK06/SES069/SA069S23	SES029	-0.232985	-7.75665	-7.52366
BLOCK06/SES069/SA069S23	SES087	0.186017	-7.33765	-7.52366
BLOCK06/SES069/SA069S23	SES206	-0.967719	-8.49138	-7.52366
BLOCK06/SES069/SA069S23	SES226	0.922627	-6.60104	-7.52366
BLOCK06/SES069/SA069S25	SES087	0.361342	-8.04843	-8.40977
BLOCK06/SES069/SA069S25	SES206	-1.03837	-9.44815	-8.40977
BLOCK06/SES069/SA069S25	SES226	0.988614	-7.42116	-8.40977
BLOCK06/SES069/SA069S25	SES270	-0.0869389	-8.49671	-8.40977
BLOCK06/SES069/SA069S27	SES087	-0.240169	-9.1604	-8.92023
BLOCK06/SES069/SA069S27	SES206	0.296833	-8.62339	-8.92023
BLOCK06/SES069/SA069S27	SES226	1.22784	-7.69239	-8.92023
BLOCK06/SES069/SA069S27	SES270	0.319262	-8.60097	-8.92023
BLOCK08/SES081/SA081S11	SES060	-1.0188	-9.96362	-8.94481
BLOCK08/SES081/SA081S11	SES062	0.541299	-8.40351	-8.94481
BLOCK08/SES081/SA081S11	SES117	-1.34043	-10.2852	-8.94481
BLOCK08/SES081/SA081S11	SES162	-0.498898	-9.44371	-8.94481
BLOCK08/SES081/SA081S13	SES016	0.970544	-7.19986	-8.17041
BLOCK08/SES081/SA081S13	SES060	0.913684	-7.25672	-8.17041
BLOCK08/SES081/SA081S13	SES068	1.04634	-7.12407	-8.17041
BLOCK08/SES081/SA081S13	SES129	0.220244	-7.95016	-8.17041
BLOCK08/SES081/SA081S24	SES060	0.660679	-8.10126	-8.76194
BLOCK08/SES081/SA081S24	SES068	0.793954	-7.96798	-8.76194
BLOCK08/SES081/SA081S24	SES117	-0.188296	-8.95023	-8.76194
BLOCK08/SES081/SA081S24	SES275	0.401374	-8.36056	-8.76194
BLOCK08/SES081/SA081S27	SES007	1.52084	-8.12911	-9.64995
BLOCK08/SES081/SA081S27	SES060	0.627374	-9.02258	-9.64995
BLOCK08/SES081/SA081S27	SES117	0.556608	-9.09334	-9.64995
BLOCK08/SES081/SA081S27	SES275	0.236316	-9.41363	-9.64995
BLOCK08/SES081/SA081S29	SES007	1.14062	-8.88926	-10.0299
BLOCK08/SES081/SA081S29	SES060	1.01405	-9.01583	-10.0299
BLOCK08/SES081/SA081S29	SES117	0.315387	-9.71449	-10.0299
BLOCK08/SES081/SA081S29	SES275	0.248139	-9.78174	-10.0299
BLOCK08/SES086/SA086S11	SES029	-1.22461	-12.1726	-10.948
BLOCK08/SES086/SA086S11	SES082	-1.07196	-12.02	-10.948
BLOCK08/SES086/SA086S11	SES087	1.32986	-9.61816	-10.948
BLOCK08/SES086/SA086S11	SES206	-0.483394	-11.4314	-10.948
BLOCK08/SES086/SA086S12	SES029	-1.18228	-11.0938	-9.91151
BLOCK08/SES086/SA086S12	SES082	-0.853583	-10.7651	-9.91151
BLOCK08/SES086/SA086S12	SES087	1.68787	-8.22364	-9.91151
BLOCK08/SES086/SA086S12	SES206	0.62454	-9.28697	-9.91151
BLOCK08/SES086/SA086S20	SES029	-0.291965	-9.86832	-9.57636
BLOCK08/SES086/SA086S20	SES082	0.304727	-9.27163	-9.57636
BLOCK08/SES086/SA086S20	SES087	1.76963	-7.80673	-9.57636
BLOCK08/SES086/SA086S20	SES206	0.848867	-8.72749	-9.57636
BLOCK08/SES086/SA086S24	SES087	1.97975	-9.18558	-11.1653
BLOCK08/SES086/SA086S24	SES104	0.638058	-10.5273	-11.1653
BLOCK08/SES086/SA086S24	SES120	1.24786	-9.91746	-11.1653
BLOCK08/SES086/SA086S24	SES206	1.39522	-9.77011	-11.1653
BLOCK08/SES086/SA086S28	SES029	-0.332336	-9.93723	-9.60489
BLOCK08/SES086/SA086S28	SES082	0.146987	-9.45791	-9.60489
BLOCK08/SES086/SA086S28	SES087	1.68494	-7.91995	-9.60489
BLOCK08/SES086/SA086S28	SES206	0.952435	-8.65246	-9.60489
BLOCK08/SES089/SA089S13	SES087	0.177641	-9.76004	-9.93768
BLOCK08/SES089/SA089S13	SES206	-0.504333	-10.442	-9.93768
BLOCK08/SES089/SA089S13	SES226	0.429314	-9.50836	-9.93768
BLOCK08/SES089/SA089S13	SES270	-0.591257	-10.5289	-9.93768
BLOCK08/SES089/SA089S14	SES062	-0.875329	-10.091	-9.21571
BLOCK08/SES089/SA089S14	SES087	0.849145	-8.36656	-9.21571
BLOCK08/SES089/SA089S14	SES206	-0.572354	-9.78806	-9.21571
BLOCK08/SES089/SA089S14	SES226	-0.154984	-9.37069	-9.21571
BLOCK08/SES089/SA089S23	SES087	0.713559	-10.566	-11.2795
BLOCK08/SES089/SA089S23	SES206	-1.13385	-12.4134	-11.2795
BLOCK08/SES089/SA089S23	SES226	-0.0277519	-11.3073	-11.2795
BLOCK08/SES089/SA089S23	SES270	-1.80155	-13.0811	-11.2795
BLOCK08/SES089/SA089S25	SES062	-0.0974503	-9.53654	-9.43909
BLOCK08/SES089/SA089S25	SES087	0.233999	-9.20509	-9.43909
BLOCK08/SES089/SA089S25	SES206	-1.21041	-10.6495	-9.43909
BLOCK08/SES089/SA089S25	SES226	-0.00338078	-9.44247	-9.43909
BLOCK08/SES089/SA089S28	SES062	0.125995	-9.26871	-9.3947
BLOCK08/SES089/SA089S28	SES087	1.0873	-8.3074	-9.3947
BLOCK08/SES089/SA089S28	SES206	-0.493104	-9.88781	-9.3947
BLOCK08/SES089/SA089S28	SES226	0.27233	-9.12237	-9.3947
BLOCK09/SES097/SA097S11	SES099	1.32905	-8.93606	-10.2651
BLOCK09/SES097/SA097S11	SES125	-0.729405	-10.9945	-10.2651
BLOCK09/SES097/SA097S11	SES206	-0.0611153	-10.3262	-10.2651
BLOCK09/SES097/SA097S11	SES226	1.75673	-8.50838	-10.2651
BLOCK09/SES097/SA097S14	SES062	-1.90918	-11.2777	-9.3685
BLOCK09/SES097/SA097S14	SES099	0.555513	-8.81298	-9.3685
BLOCK09/SES097/SA097S14	SES104	0.220464	-9.14803	-9.3685
BLOCK09/SES097/SA097S14	SES206	-0.349647	-9.71814	-9.3685
BLOCK09/SES097/SA097S22	SES099	1.26452	-8.43266	-9.69718
BLOCK09/SES097/SA097S22	SES206	-1.21842	-10.9156	-9.69718
BLOCK09/SES097/SA097S22	SES226	0.145701	-9.55148	-9.69718
BLOCK09/SES097/SA097S22	SES270	0.166224	-9.53096	-9.69718
BLOCK09/SES097/SA097S26	SES099	1.82921	-8.79151	-10.6207
BLOCK09/SES097/SA097S26	SES120	0.612299	-10.0084	-10.6207
BLOCK09/SES097/SA097S26	SES206	-1.30472	-11.9254	-10.6207
BLOCK09/SES097/SA097S26	SES226	1.24434	-9.37638	-10.6207
BLOCK09/SES097/SA097S28	SES099	1.25225	-7.88432	-9.13657
BLOCK09/SES097/SA097S28	SES120	0.569318	-8.56725	-9.13657
BLOCK09/SES097/SA097S28	SES206	-0.603099	-9.73967	-9.13657
BLOCK09/SES097/SA097S28	SES226	0.507627	-8.62894	-9.13657
BLOCK09/SES098/SA098S11	SES127	0.458642	-7.99309	-8.45173
BLOCK09/SES098/SA098S11	SES144	0.674711	-7.77702	-8.45173
BLOCK09/SES098/SA098S11	SES147	0.97306	-7.47867	-8.45173
BLOCK09/SES098/SA098S11	SES148	-0.555531	-9.00726	-8.45173
BLOCK09/SES098/SA098S12	SES127	-0.504571	-10.6979	-10.1933
BLOCK09/SES098/SA098S12	SES144	-0.146071	-10.3394	-10.1933
BLOCK09/SES098/SA098S12	SES147	0.100167	-10.0931	-10.1933
BLOCK09/SES098/SA098S12	SES189	0.356586	-9.8367	-10.1933
BLOCK09/SES098/SA098S20	SES127	-1.41272	-11.1355	-9.72282
BLOCK09/SES098/SA098S20	SES147	-0.489336	-10.2122	-9.72282
BLOCK09/SES098/SA098S20	SES148	-1.35732	-11.0801	-9.72282
BLOCK09/SES098/SA098S20	SES292	0.639804	-9.08301	-9.72282
BLOCK09/SES098/SA098S23	SES127	-0.357149	-9.59968	-9.24253
BLOCK09/SES098/SA098S23	SES147	-3.14713e-05	-9.24256	-9.24253
BLOCK09/SES098/SA098S23	SES187	0.631372	-8.61116	-9.24253
BLOCK09/SES098/SA098S23	SES292	0.68244	-8.56009	-9.24253
BLOCK09/SES098/SA098S27	SES127	-0.899532	-10.3276	-9.42802
BLOCK09/SES098/SA098S27	SES147	-0.406824	-9.83484	-9.42802
BLOCK09/SES098/SA098S27	SES148	-1.20955	-10.6376	-9.42802
BLOCK09/SES098/SA098S27	SES292	1.01957	-8.40845	-9.42802
BLOCK10/SES102/SA102S13	SES101	1.23156	-9.39874	-10.6303
BLOCK10/SES102/SA102S13	SES105	0.248535	-10.3818	-10.6303
BLOCK10/SES102/SA102S13	SES120	-0.535244	-11.1655	-10.6303
BLOCK10/SES102/SA102S13	SES158	-0.698145	-11.3284	-10.6303
BLOCK10/SES102/SA102S14	SES007	1.80879	-6.25724	-8.06603
BLOCK10/SES102/SA102S14	SES101	1.21754	-6.84849	-8.06603
BLOCK10/SES102/SA102S14	SES105	0.840679	-7.22535	-8.06603
BLOCK10/SES102/SA102S14	SES147	-0.503358	-8.56939	-8.06603
BLOCK10/SES102/SA102S22	SES007	0.707799	-8.19804	-8.90583
BLOCK10/SES102/SA102S22	SES101	1.26467	-7.64117	-8.90583
BLOCK10/SES102/SA102S22	SES105	1.06846	-7.83738	-8.90583
BLOCK10/SES102/SA102S22	SES158	-0.674692	-9.58053	-8.90583
BLOCK10/SES102/SA102S25	SES007	1.26876	-7.24866	-8.51742
BLOCK10/SES102/SA102S25	SES101	1.42158	-7.09584	-8.51742
BLOCK10/SES102/SA102S25	SES105	0.384176	-8.13324	-8.51742
BLOCK10/SES102/SA102S25	SES147	-1.36521	-9.88263	-8.51742
BLOCK10/SES102/SA102S27	SES007	0.890194	-7.90754	-8.79773
BLOCK10/SES102/SA102S27	SES101	1.50764	-7.29009	-8.79773
BLOCK10/SES102/SA102S27	SES105	-0.45838	-9.25611	-8.79773
BLOCK10/SES102/SA102S27	SES147	-1.27979	-10.0775	-8.79773
BLOCK10/SES103/SA103S14	SES105	-0.358375	-10.4673	-10.1089
BLOCK10/SES103/SA103S14	SES106	0.341477	-9.76744	-10.1089
BLOCK10/SES103/SA103S14	SES120	-0.480933	-10.5899	-10.1089
BLOCK10/SES103/SA103S14	SES206	-0.200848	-10.3098	-10.1089
BLOCK10/SES103/SA103S15	SES099	-0.776135	-11.7599	-10.9837
BLOCK10/SES103/SA103S15	SES101	-1.72411	-12.7078	-10.9837
BLOCK10/SES103/SA103S15	SES104	-0.148042	-11.1318	-10.9837
BLOCK10/SES103/SA103S15	SES125	-0.862216	-11.846	-10.9837
BLOCK10/SES103/SA103S24	SES104	-0.037447	-9.88994	-9.85249
BLOCK10/SES103/SA103S24	SES125	-1.57549	-11.428	-9.85249
BLOCK10/SES103/SA103S24	SES148	-0.822312	-10.6748	-9.85249
BLOCK10/SES103/SA103S24	SES158	-0.305261	-10.1578	-9.85249
BLOCK10/SES103/SA103S26	SES104	0.222101	-9.41631	-9.63841
BLOCK10/SES103/SA103S26	SES106	-0.814	-10.4524	-9.63841
BLOCK10/SES103/SA103S26	SES125	-0.169082	-9.80749	-9.63841
BLOCK10/SES103/SA103S26	SES148	-0.83574	-10.4742	-9.63841
BLOCK10/SES103/SA103S28	SES104	0.0470428	-9.95652	-10.0036
BLOCK10/SES103/SA103S28	SES106	-0.437509	-10.4411	-10.0036
BLOCK10/SES103/SA103S28	SES125	-1.06237	-11.0659	-10.0036
BLOCK10/SES103/SA103S28	SES206	-0.644929	-10.6485	-10.0036
BLOCK12/SES121/SA121S12	SES042	-nan	-nan	-9.5425
BLOCK12/SES121/SA121S12	SES087	-0.40225	-9.94475	-9.5425
BLOCK12/SES121/SA121S12	SES105	0.44346	-9.09904	-9.5425
BLOCK12/SES121/SA121S12	SES206	0.15971	-9.38279	-9.5425
BLOCK12/SES121/SA121S14	SES007	0.72399	-12.5725	-13.2965
BLOCK12/SES121/SA121S14	SES105	-1.09285	-14.3893	-13.2965
BLOCK12/SES121/SA121S14	SES106	1.47485	-11.8216	-13.2965
BLOCK12/SES121/SA121S14	SES206	1.02102	-12.2754	-13.2965
BLOCK12/SES121/SA121S23	SES105	-0.330202	-13.0691	-12.7389
BLOCK12/SES121/SA121S23	SES106	1.37843	-11.3605	-12.7389
BLOCK12/SES121/SA121S23	SES120	1.29051	-11.4484	-12.7389
BLOCK12/SES121/SA121S23	SES206	1.79555	-10.9433	-12.7389
BLOCK12/SES121/SA121S25	SES007	0.878614	-12.3502	-13.2289
BLOCK12/SES121/SA121S25	SES105	-1.15638	-14.3852	-13.2289
BLOCK12/SES121/SA121S25	SES106	1.96332	-11.2655	-13.2289
BLOCK12/SES121/SA121S25	SES206	0.857193	-12.3717	-13.2289
BLOCK12/SES121/SA121S27	SES087	2.86073	-9.57635	-12.4371
BLOCK12/SES121/SA121S27	SES105	-2.03744	-14.4745	-12.4371
BLOCK12/SES121/SA121S27	SES120	2.1246	-10.3125	-12.4371
BLOCK12/SES121/SA121S27	SES206	0.785832	-11.6512	-12.4371
BLOCK12/SES124/SA124S16	SES042	-nan	-nan	-7.87078
BLOCK12/SES124/SA124S16	SES082	0.40881	-7.46197	-7.87078
BLOCK12/SES124/SA124S16	SES183	-0.0365191	-7.9073	-7.87078
BLOCK12/SES124/SA124S16	SES206	0.329594	-7.54119	-7.87078
BLOCK12/SES124/SA124S17	SES105	-0.257806	-9.29895	-9.04115
BLOCK12/SES124/SA124S17	SES149	0.0455236	-8.99562	-9.04115
BLOCK12/SES124/SA124S17	SES158	-1.1778	-10.2189	-9.04115
BLOCK12/SES124/SA124S17	SES275	-0.178506	-9.21965	-9.04115
BLOCK12/SES124/SA124S23	SES105	-0.544643	-8.23991	-7.69527
BLOCK12/SES124/SA124S23	SES125	1.67367	-6.02161	-7.69527
BLOCK12/SES124/SA124S23	SES129	-0.781877	-8.47715	-7.69527
BLOCK12/SES124/SA124S23	SES158	0.151658	-7.54361	-7.69527
BLOCK12/SES124/SA124S26	SES105	-0.990443	-9.64385	-8.65341
BLOCK12/SES124/SA124S26	SES125	0.481623	-8.17179	-8.65341
BLOCK12/SES124/SA124S26	SES129	-1.54754	-10.201	-8.65341
BLOCK12/SES124/SA124S26	SES158	-0.0532827	-8.70669	-8.65341
BLOCK12/SES124/SA124S28	SES104	0.451136	-7.53735	-7.98848
BLOCK12/SES124/SA124S28	SES106	-0.00621367	-7.9947	-7.98848
BLOCK12/SES124/SA124S28	SES125	1.03661	-6.95187	-7.98848
BLOCK12/SES124/SA124S28	SES275	-0.396323	-8.38481	-7.98848
BLOCK12/SES126/SA126S13	SES007	0.574163	-8.50528	-9.07944
BLOCK12/SES126/SA126S13	SES162	-0.0675468	-9.14699	-9.07944
BLOCK12/SES126/SA126S13	SES177	0.604296	-8.47515	-9.07944
BLOCK12/SES126/SA126S13	SES180	-0.396286	-9.47573	-9.07944
BLOCK12/SES126/SA126S14	SES144	0.954618	-7.87717	-8.83179
BLOCK12/SES126/SA126S14	SES148	0.304894	-8.52689	-8.83179
BLOCK12/SES126/SA126S14	SES177	1.15208	-7.67971	-8.83179
BLOCK12/SES126/SA126S14	SES180	0.408875	-8.42291	-8.83179
BLOCK12/SES126/SA126S20	SES007	0.84586	-7.09464	-7.9405
BLOCK12/SES126/SA126S20	SES162	0.137724	-7.80277	-7.9405
BLOCK12/SES126/SA126S20	SES172	0.171262	-7.76923	-7.9405
BLOCK12/SES126/SA126S20	SES180	0.238538	-7.70196	-7.9405
BLOCK12/SES126/SA126S24	SES120	1.33893	-7.11894	-8.45786
BLOCK12/SES126/SA126S24	SES162	0.443199	-8.01466	-8.45786
BLOCK12/SES126/SA126S24	SES177	1.17679	-7.28108	-8.45786
BLOCK12/SES126/SA126S24	SES180	0.851149	-7.60671	-8.45786
BLOCK12/SES126/SA126S26	SES120	2.03626	-7.05432	-9.09058
BLOCK12/SES126/SA126S26	SES177	1.34374	-7.74684	-9.09058
BLOCK12/SES126/SA126S26	SES180	0.815315	-8.27526	-9.09058
BLOCK12/SES126/SA126S26	SES202	0.577949	-8.51263	-9.09058
BLOCK12/SES128/SA128S10	SES087	-0.780064	-10.3129	-9.53286
BLOCK12/SES128/SA128S10	SES206	0.696438	-8.83642	-9.53286
BLOCK12/SES128/SA128S10	SES226	1.15213	-8.38073	-9.53286
BLOCK12/SES128/SA128S10	SES270	0.926702	-8.60616	-9.53286
BLOCK12/SES128/SA128S12	SES120	1.25957	-8.15993	-9.4195
BLOCK12/SES128/SA128S12	SES158	1.29384	-8.12566	-9.4195
BLOCK12/SES128/SA128S12	SES206	1.17729	-8.24221	-9.4195
BLOCK12/SES128/SA128S12	SES226	-0.216807	-9.63631	-9.4195
BLOCK12/SES128/SA128S21	SES106	-0.0465364	-9.17922	-9.13269
BLOCK12/SES128/SA128S21	SES120	0.40368	-8.72901	-9.13269
BLOCK12/SES128/SA128S21	SES206	0.26898	-8.86371	-9.13269
BLOCK12/SES128/SA128S21	SES226	1.71611	-7.41658	-9.13269
BLOCK12/SES128/SA128S24	SES087	0.412499	-9.67987	-10.0924
BLOCK12/SES128/SA128S24	SES120	1.35927	-8.7331	-10.0924
BLOCK12/SES128/SA128S24	SES206	0.78547	-9.3069	-10.0924
BLOCK12/SES128/SA128S24	SES226	0.102663	-9.98971	-10.0924
BLOCK12/SES128/SA128S27	SES099	2.19883	-7.13763	-9.33646
BLOCK12/SES128/SA128S27	SES120	2.19587	-7.14059	-9.33646
BLOCK12/SES128/SA128S27	SES206	1.19544	-8.14102	-9.33646
BLOCK12/SES128/SA128S27	SES226	0.872665	-8.46379	-9.33646
BLOCK13/SES130/SA130S13	SES143	1.5474	-8.98824	-10.5356
BLOCK13/SES130/SA130S13	SES144	2.06629	-8.46935	-10.5356
BLOCK13/SES130/SA130S13	SES146	0.288615	-10.247	-10.5356
BLOCK13/SES130/SA130S13	SES275	-0.456303	-10.9919	-10.5356
BLOCK13/SES130/SA130S15	SES143	0.845253	-7.85222	-8.69747
BLOCK13/SES130/SA130S15	SES144	1.79734	-6.90013	-8.69747
BLOCK13/SES130/SA130S15	SES146	0.903008	-7.79447	-8.69747
BLOCK13/SES130/SA130S15	SES275	0.492154	-8.20532	-8.69747
BLOCK13/SES130/SA130S23	SES127	0.25329	-9.04928	-9.30257
BLOCK13/SES130/SA130S23	SES144	1.16599	-8.13658	-9.30257
BLOCK13/SES130/SA130S23	SES146	0.559781	-8.74279	-9.30257
BLOCK13/SES130/SA130S23	SES162	0.246099	-9.05647	-9.30257
BLOCK13/SES130/SA130S25	SES127	0.716675	-7.47186	-8.18854
BLOCK13/SES130/SA130S25	SES144	1.4449	-6.74364	-8.18854
BLOCK13/SES130/SA130S25	SES146	0.517574	-7.67097	-8.18854
BLOCK13/SES130/SA130S25	SES275	0.411503	-7.77704	-8.18854
BLOCK13/SES130/SA130S28	SES127	0.911802	-8.40686	-9.31867
BLOCK13/SES130/SA130S28	SES144	0.477869	-8.8408	-9.31867
BLOCK13/SES130/SA130S28	SES146	1.29764	-8.02103	-9.31867
BLOCK13/SES130/SA130S28	SES275	0.541387	-8.77728	-9.31867
BLOCK13/SES131/SA131S13	SES002	-0.602784	-10.3251	-9.72236
BLOCK13/SES131/SA131S13	SES007	-0.245124	-9.96748	-9.72236
BLOCK13/SES131/SA131S13	SES099	0.900789	-8.82157	-9.72236
BLOCK13/SES131/SA131S13	SES105	-0.436614	-10.159	-9.72236
BLOCK13/SES131/SA131S14	SES104	-0.244265	-7.34655	-7.10229
BLOCK13/SES131/SA131S14	SES106	-2.07883	-9.18112	-7.10229
BLOCK13/SES131/SA131S14	SES125	-0.77076	-7.87305	-7.10229
BLOCK13/SES131/SA131S14	SES148	0.61828	-6.48401	-7.10229
BLOCK13/SES131/SA131S20	SES104	0.0142069	-9.93562	-9.94983
BLOCK13/SES131/SA131S20	SES106	-0.874249	-10.8241	-9.94983
BLOCK13/SES131/SA131S20	SES125	-0.256005	-10.2058	-9.94983
BLOCK13/SES131/SA131S20	SES148	-0.484285	-10.4341	-9.94983
BLOCK13/SES131/SA131S22	SES099	1.27612	-7.29356	-8.56968
BLOCK13/SES131/SA131S22	SES104	0.791037	-7.77864	-8.56968
BLOCK13/SES131/SA131S22	SES125	1.01797	-7.55171	-8.56968
BLOCK13/SES131/SA131S22	SES206	0.85433	-7.71535	-8.56968
BLOCK13/SES131/SA131S29	SES087	-0.163586	-10.4576	-10.294
BLOCK13/SES131/SA131S29	SES104	-1.17598	-11.47	-10.294
BLOCK13/SES131/SA131S29	SES125	-2.56092	-12.855	-10.294
BLOCK13/SES131/SA131S29	SES206	-0.643604	-10.9376	-10.294
BLOCK13/SES132/SA132S11	SES083	-0.087532	-9.00021	-8.91268
BLOCK13/SES132/SA132S11	SES120	1.62232	-7.29035	-8.91268
BLOCK13/SES132/SA132S11	SES127	-0.7157	-9.62838	-8.91268
BLOCK13/SES132/SA132S11	SES275	0.118385	-8.79429	-8.91268
BLOCK13/SES132/SA132S12	SES083	-0.212328	-8.66516	-8.45283
BLOCK13/SES132/SA132S12	SES143	-0.588991	-9.04182	-8.45283
BLOCK13/SES132/SA132S12	SES144	0.133946	-8.31888	-8.45283
BLOCK13/SES132/SA132S12	SES148	-0.0708456	-8.52367	-8.45283
BLOCK13/SES132/SA132S22	SES062	0.9463	-8.25784	-9.20414
BLOCK13/SES132/SA132S22	SES083	-0.204364	-9.4085	-9.20414
BLOCK13/SES132/SA132S22	SES127	-0.368917	-9.57306	-9.20414
BLOCK13/SES132/SA132S22	SES275	0.859313	-8.34483	-9.20414
BLOCK13/SES132/SA132S24	SES007	0.669484	-7.49219	-8.16168
BLOCK13/SES132/SA132S24	SES083	-0.429376	-8.59105	-8.16168
BLOCK13/SES132/SA132S24	SES127	-1.05879	-9.22046	-8.16168
BLOCK13/SES132/SA132S24	SES275	-0.0738316	-8.23551	-8.16168
BLOCK13/SES132/SA132S27	SES083	-0.963035	-10.7764	-9.81341
BLOCK13/SES132/SA132S27	SES120	1.79124	-8.02217	-9.81341
BLOCK13/SES132/SA132S27	SES127	-2.59116	-12.4046	-9.81341
BLOCK13/SES132/SA132S27	SES275	-0.839401	-10.6528	-9.81341
BLOCK14/SES141/SA141S09	SES143	0.299863	-7.82702	-8.12688
BLOCK14/SES141/SA141S09	SES144	0.973212	-7.15367	-8.12688
BLOCK14/SES141/SA141S09	SES162	0.36606	-7.76082	-8.12688
BLOCK14/SES141/SA141S09	SES180	0.418826	-7.70806	-8.12688
BLOCK14/SES141/SA141S15	SES127	-0.505769	-9.27771	-8.77194
BLOCK14/SES141/SA141S15	SES144	0.086668	-8.68527	-8.77194
BLOCK14/SES141/SA141S15	SES162	-0.919726	-9.69166	-8.77194
BLOCK14/SES141/SA141S15	SES180	-0.279064	-9.051	-8.77194
BLOCK14/SES141/SA141S24	SES127	-0.479857	-9.40702	-8.92716
BLOCK14/SES141/SA141S24	SES144	0.157164	-8.76999	-8.92716
BLOCK14/SES141/SA141S24	SES162	0.0415277	-8.88563	-8.92716
BLOCK14/SES141/SA141S24	SES183	0.247595	-8.67956	-8.92716
BLOCK14/SES141/SA141S26	SES142	0.785408	-8.49996	-9.28537
BLOCK14/SES141/SA141S26	SES144	-0.431669	-9.71704	-9.28537
BLOCK14/SES141/SA141S26	SES172	0.203756	-9.08162	-9.28537
BLOCK14/SES141/SA141S26	SES180	0.108395	-9.17698	-9.28537
BLOCK14/SES141/SA141S29	SES127	0.859709	-7.68717	-8.54688
BLOCK14/SES141/SA141S29	SES142	1.51026	-7.03662	-8.54688
BLOCK14/SES141/SA141S29	SES144	0.96981	-7.57707	-8.54688
BLOCK14/SES141/SA141S29	SES180	1.17883	-7.36805	-8.54688
BLOCK15/SES157/SA157S08	SES083	-0.423481	-8.34675	-7.92327
BLOCK15/SES157/SA157S08	SES127	-0.268508	-8.19178	-7.92327
BLOCK15/SES157/SA157S08	SES148	0.463234	-7.46004	-7.92327
BLOCK15/SES157/SA157S08	SES292	-0.818075	-8.74135	-7.92327
BLOCK15/SES157/SA157S11	SES083	-0.227757	-9.13461	-8.90685
BLOCK15/SES157/SA157S11	SES127	-0.153562	-9.06042	-8.90685
BLOCK15/SES157/SA157S11	SES148	-0.55901	-9.46586	-8.90685
BLOCK15/SES157/SA157S11	SES292	-1.14292	-10.0498	-8.90685
BLOCK15/SES157/SA157S21	SES127	0.576424	-7.12868	-7.70511
BLOCK15/SES157/SA157S21	SES148	0.978651	-6.72646	-7.70511
BLOCK15/SES157/SA157S21	SES158	-3.45148	-11.1566	-7.70511
BLOCK15/SES157/SA157S21	SES292	-0.351106	-8.05621	-7.70511
BLOCK15/SES157/SA157S24	SES127	-0.184689	-8.73234	-8.54765
BLOCK15/SES157/SA157S24	SES148	-0.202134	-8.74978	-8.54765
BLOCK15/SES157/SA157S24	SES183	-0.48639	-9.03404	-8.54765
BLOCK15/SES157/SA157S24	SES292	-1.2899	-9.83755	-8.54765
BLOCK15/SES157/SA157S26	SES007	-0.203919	-8.33707	-8.13315
BLOCK15/SES157/SA157S26	SES127	0.25472	-7.87843	-8.13315
BLOCK15/SES157/SA157S26	SES147	-0.474579	-8.60773	-8.13315
BLOCK15/SES157/SA157S26	SES148	-0.194332	-8.32748	-8.13315
BLOCK16/SES161/SA161S10	SES007	0.393752	-8.40403	-8.79778
BLOCK16/SES161/SA161S10	SES105	0.268549	-8.52923	-8.79778
BLOCK16/SES161/SA161S10	SES158	-0.579773	-9.37756	-8.79778
BLOCK16/SES161/SA161S10	SES275	0.504893	-8.29289	-8.79778
BLOCK16/SES161/SA161S12	SES007	0.216208	-11.178	-11.3942
BLOCK16/SES161/SA161S12	SES105	-0.0169907	-11.4112	-11.3942
BLOCK16/SES161/SA161S12	SES158	0.90515	-10.4891	-11.3942
BLOCK16/SES161/SA161S12	SES275	-0.459856	-11.8541	-11.3942
BLOCK16/SES161/SA161S20	SES007	0.656434	-9.91038	-10.5668
BLOCK16/SES161/SA161S20	SES105	-0.724148	-11.291	-10.5668
BLOCK16/SES161/SA161S20	SES158	1.21994	-9.34687	-10.5668
BLOCK16/SES161/SA161S20	SES275	-0.123999	-10.6908	-10.5668
BLOCK16/SES161/SA161S23	SES007	-0.257127	-11.3442	-11.0871
BLOCK16/SES161/SA161S23	SES105	0.66864	-10.4185	-11.0871
BLOCK16/SES161/SA161S23	SES148	-0.0116625	-11.0988	-11.0871
BLOCK16/SES161/SA161S23	SES158	-1.09947	-12.1866	-11.0871
BLOCK16/SES161/SA161S28	SES007	0.741272	-9.60604	-10.3473
BLOCK16/SES161/SA161S28	SES105	-0.53613	-10.8834	-10.3473
BLOCK16/SES161/SA161S28	SES158	2.02187	-8.32544	-10.3473
BLOCK16/SES161/SA161S28	SES206	1.46066	-8.88666	-10.3473
BLOCK16/SES164/SA164S11	SES104	0.00353718	-9.48363	-9.48717
BLOCK16/SES164/SA164S11	SES125	0.984006	-8.50316	-9.48717
BLOCK16/SES164/SA164S11	SES158	0.762464	-8.7247	-9.48717
BLOCK16/SES164/SA164S11	SES206	-2.49417	-11.9813	-9.48717
BLOCK16/SES164/SA164S13	SES099	-0.0670576	-9.93077	-9.86371
BLOCK16/SES164/SA164S13	SES104	0.265883	-9.59783	-9.86371
BLOCK16/SES164/SA164S13	SES125	0.197742	-9.66597	-9.86371
BLOCK16/SES164/SA164S13	SES206	-0.125837	-9.98955	-9.86371
BLOCK16/SES164/SA164S24	SES002	1.4666	-7.67125	-9.13785
BLOCK16/SES164/SA164S24	SES099	0.699692	-8.43816	-9.13785
BLOCK16/SES164/SA164S24	SES125	0.203137	-8.93472	-9.13785
BLOCK16/SES164/SA164S24	SES226	1.74402	-7.39384	-9.13785
BLOCK16/SES164/SA164S27	SES087	-2.25662	-11.9083	-9.65168
BLOCK16/SES164/SA164S27	SES125	0.294306	-9.35737	-9.65168
BLOCK16/SES164/SA164S27	SES206	-1.55987	-11.2115	-9.65168
BLOCK16/SES164/SA164S27	SES226	0.985306	-8.66637	-9.65168
BLOCK16/SES164/SA164S29	SES002	1.40252	-8.20346	-9.60597
BLOCK16/SES164/SA164S29	SES019	-0.141584	-9.74756	-9.60597
BLOCK16/SES164/SA164S29	SES125	0.69994	-8.90603	-9.60597
BLOCK16/SES164/SA164S29	SES226	1.3785	-8.22748	-9.60597
BLOCK16/SES169/SA169S13	SES117	0.0229616	-8.98503	-9.00799
BLOCK16/SES169/SA169S13	SES144	0.632952	-8.37504	-9.00799
BLOCK16/SES169/SA169S13	SES146	0.726604	-8.28139	-9.00799
BLOCK16/SES169/SA169S13	SES162	0.0519524	-8.95604	-9.00799
BLOCK16/SES169/SA169S14	SES144	0.816644	-7.01823	-7.83488
BLOCK16/SES169/SA169S14	SES148	1.08264	-6.75223	-7.83488
BLOCK16/SES169/SA169S14	SES177	1.01843	-6.81644	-7.83488
BLOCK16/SES169/SA169S14	SES180	0.739278	-7.0956	-7.83488
BLOCK16/SES169/SA169S24	SES117	0.0236349	-9.45947	-9.4831
BLOCK16/SES169/SA169S24	SES144	0.43941	-9.04369	-9.4831
BLOCK16/SES169/SA169S24	SES146	0.0133686	-9.46974	-9.4831
BLOCK16/SES169/SA169S24	SES162	0.0240002	-9.4591	-9.4831
BLOCK16/SES169/SA169S27	SES127	0.368055	-8.32771	-8.69577
BLOCK16/SES169/SA169S27	SES129	0.707287	-7.98848	-8.69577
BLOCK16/SES169/SA169S27	SES144	0.425919	-8.26985	-8.69577
BLOCK16/SES169/SA169S27	SES146	0.598126	-8.09764	-8.69577
BLOCK16/SES169/SA169S29	SES144	1.0723	-6.50353	-7.57583
BLOCK16/SES169/SA169S29	SES162	0.711852	-6.86397	-7.57583
BLOCK16/SES169/SA169S29	SES177	-0.113896	-7.68972	-7.57583
BLOCK16/SES169/SA169S29	SES180	-0.138558	-7.71438	-7.57583
BLOCK17/SES171/SA171S12	SES083	0.178522	-9.66032	-9.83885
BLOCK17/SES171/SA171S12	SES148	-1.35777	-11.1966	-9.83885
BLOCK17/SES171/SA171S12	SES172	-0.193639	-10.0325	-9.83885
BLOCK17/SES171/SA171S12	SES292	-1.3853	-11.2241	-9.83885
BLOCK17/SES171/SA171S15	SES148	-0.502481	-9.34074	-8.83825
BLOCK17/SES171/SA171S15	SES177	-0.418984	-9.25724	-8.83825
BLOCK17/SES171/SA171S15	SES180	-2.65726	-11.4955	-8.83825
BLOCK17/SES171/SA171S15	SES292	-0.626034	-9.46429	-8.83825
BLOCK17/SES171/SA171S22	SES007	-0.351363	-7.5272	-7.17584
BLOCK17/SES171/SA171S22	SES148	0.12724	-7.0486	-7.17584
BLOCK17/SES171/SA171S22	SES177	0.21556	-6.96028	-7.17584
BLOCK17/SES171/SA171S22	SES180	-1.05339	-8.22923	-7.17584
BLOCK17/SES171/SA171S25	SES101	-0.125242	-9.49201	-9.36676
BLOCK17/SES171/SA171S25	SES120	-2.0715	-11.4383	-9.36676
BLOCK17/SES171/SA171S25	SES177	-0.0858231	-9.45259	-9.36676
BLOCK17/SES171/SA171S25	SES180	-0.939692	-10.3065	-9.36676
BLOCK17/SES171/SA171S27	SES177	0.729321	-9.35114	-10.0805
BLOCK17/SES171/SA171S27	SES180	-0.984102	-11.0646	-10.0805
BLOCK17/SES171/SA171S27	SES189	1.41651	-8.66396	-10.0805
BLOCK17/SES171/SA171S27	SES292	-1.11972	-11.2002	-10.0805
BLOCK17/SES173/SA173S13	SES162	-0.889723	-9.72399	-8.83426
BLOCK17/SES173/SA173S13	SES177	0.115493	-8.71877	-8.83426
BLOCK17/SES173/SA173S13	SES180	-0.510811	-9.34507	-8.83426
BLOCK17/SES173/SA173S13	SES292	1.14392	-7.69034	-8.83426
BLOCK17/SES173/SA173S14	SES007	0.0436583	-8.17311	-8.21677
BLOCK17/SES173/SA173S14	SES162	-1.7678	-9.98457	-8.21677
BLOCK17/SES173/SA173S14	SES177	-0.914074	-9.13085	-8.21677
BLOCK17/SES173/SA173S14	SES180	-1.6369	-9.85368	-8.21677
BLOCK17/SES173/SA173S24	SES144	-0.766176	-9.85466	-9.08848
BLOCK17/SES173/SA173S24	SES162	-1.1284	-10.2169	-9.08848
BLOCK17/SES173/SA173S24	SES177	0.552843	-8.53564	-9.08848
BLOCK17/SES173/SA173S24	SES180	-1.61669	-10.7052	-9.08848
BLOCK17/SES173/SA173S27	SES162	-1.84643	-11.1022	-9.25578
BLOCK17/SES173/SA173S27	SES177	0.0621319	-9.19365	-9.25578
BLOCK17/SES173/SA173S27	SES180	0.204168	-9.05162	-9.25578
BLOCK17/SES173/SA173S27	SES292	1.2864	-7.96938	-9.25578
BLOCK17/SES173/SA173S29	SES162	-1.25285	-10.2143	-8.96148
BLOCK17/SES173/SA173S29	SES175	-0.0646229	-9.02611	-8.96148
BLOCK17/SES173/SA173S29	SES177	0.435141	-8.52634	-8.96148
BLOCK17/SES173/SA173S29	SES292	-0.344049	-9.30553	-8.96148
BLOCK18/SES182/SA182S10	SES144	-0.435356	-8.23242	-7.79707
BLOCK18/SES182/SA182S10	SES177	-0.231327	-8.02839	-7.79707
BLOCK18/SES182/SA182S10	SES180	-1.38744	-9.1845	-7.79707
BLOCK18/SES182/SA182S10	SES275	-0.0721903	-7.86926	-7.79707
BLOCK18/SES182/SA182S12	SES144	0.237869	-7.59883	-7.8367
BLOCK18/SES182/SA182S12	SES177	0.257255	-7.57945	-7.8367
BLOCK18/SES182/SA182S12	SES180	-0.968785	-8.80549	-7.8367
BLOCK18/SES182/SA182S12	SES275	-0.00610924	-7.84281	-7.8367
BLOCK18/SES182/SA182S21	SES117	0.0417204	-9.95182	-9.99354
BLOCK18/SES182/SA182S21	SES144	0.538302	-9.45524	-9.99354
BLOCK18/SES182/SA182S21	SES162	0.493418	-9.50012	-9.99354
BLOCK18/SES182/SA182S21	SES180	-0.72404	-10.7176	-9.99354
BLOCK18/SES182/SA182S23	SES117	-0.140467	-10.4639	-10.3235
BLOCK18/SES182/SA182S23	SES144	0.11692	-10.2065	-10.3235
BLOCK18/SES182/SA182S23	SES180	-1.80843	-12.1319	-10.3235
BLOCK18/SES182/SA182S23	SES275	-0.14648	-10.4699	-10.3235
BLOCK18/SES182/SA182S25	SES007	1.19788	-7.94498	-9.14286
BLOCK18/SES182/SA182S25	SES162	0.183481	-8.95938	-9.14286
BLOCK18/SES182/SA182S25	SES177	0.498673	-8.64419	-9.14286
BLOCK18/SES182/SA182S25	SES180	-0.636986	-9.77984	-9.14286
BLOCK18/SES184/SA184S12	SES177	-0.568756	-8.9898	-8.42105
BLOCK18/SES184/SA184S12	SES180	1.05515	-7.3659	-8.42105
BLOCK18/SES184/SA184S12	SES189	-0.629969	-9.05101	-8.42105
BLOCK18/SES184/SA184S12	SES292	0.872577	-7.54847	-8.42105
BLOCK18/SES184/SA184S13	SES101	0.18316	-8.51196	-8.69512
BLOCK18/SES184/SA184S13	SES177	-0.00545788	-8.70058	-8.69512
BLOCK18/SES184/SA184S13	SES180	0.0841484	-8.61098	-8.69512
BLOCK18/SES184/SA184S13	SES292	0.000384331	-8.69474	-8.69512
BLOCK18/SES184/SA184S22	SES177	-0.360314	-9.37842	-9.01811
BLOCK18/SES184/SA184S22	SES180	1.00229	-8.01582	-9.01811
BLOCK18/SES184/SA184S22	SES189	0.0459099	-8.9722	-9.01811
BLOCK18/SES184/SA184S22	SES292	0.491474	-8.52664	-9.01811
BLOCK18/SES184/SA184S25	SES101	0.209061	-8.19443	-8.40349
BLOCK18/SES184/SA184S25	SES177	-0.703798	-9.10729	-8.40349
BLOCK18/SES184/SA184S25	SES180	0.632819	-7.77067	-8.40349
BLOCK18/SES184/SA184S25	SES292	0.700986	-7.70251	-8.40349
BLOCK18/SES184/SA184S27	SES083	0.274107	-8.31493	-8.58903
BLOCK18/SES184/SA184S27	SES177	0.164294	-8.42474	-8.58903
BLOCK18/SES184/SA184S27	SES202	-0.0203152	-8.60935	-8.58903
BLOCK18/SES184/SA184S27	SES292	0.460175	-8.12886	-8.58903
BLOCK20/SES204/SA204S12	SES062	0.258832	-8.01554	-8.27437
BLOCK20/SES204/SA204S12	SES083	-0.691724	-8.9661	-8.27437
BLOCK20/SES204/SA204S12	SES206	0.501153	-7.77322	-8.27437
BLOCK20/SES204/SA204S12	SES226	0.0816412	-8.19273	-8.27437
BLOCK20/SES204/SA204S14	SES068	1.86511	-6.43109	-8.2962
BLOCK20/SES204/SA204S14	SES087	1.81259	-6.4836	-8.2962
BLOCK20/SES204/SA204S14	SES206	0.960717	-7.33548	-8.2962
BLOCK20/SES204/SA204S14	SES226	0.482697	-7.8135	-8.2962
BLOCK20/SES204/SA204S22	SES068	1.18144	-7.38754	-8.56898
BLOCK20/SES204/SA204S22	SES082	0.770494	-7.79848	-8.56898
BLOCK20/SES204/SA204S22	SES083	-0.924206	-9.49318	-8.56898
BLOCK20/SES204/SA204S22	SES206	1.05977	-7.50921	-8.56898
BLOCK20/SES204/SA204S25	SES062	0.557995	-7.77509	-8.33309
BLOCK20/SES204/SA204S25	SES083	-0.581092	-8.91418	-8.33309
BLOCK20/SES204/SA204S25	SES206	1.20051	-7.13257	-8.33309
BLOCK20/SES204/SA204S25	SES226	0.357811	-7.97527	-8.33309
BLOCK20/SES204/SA204S27	SES068	0.936388	-8.02767	-8.96405
BLOCK20/SES204/SA204S27	SES082	-0.227295	-9.19135	-8.96405
BLOCK20/SES204/SA204S27	SES087	1.03234	-7.93172	-8.96405
BLOCK20/SES204/SA204S27	SES206	-0.504725	-9.46878	-8.96405
BLOCK20/SES207/SA207S10	SES127	-1.08839	-9.30775	-8.21936
BLOCK20/SES207/SA207S10	SES183	-0.224162	-8.44352	-8.21936
BLOCK20/SES207/SA207S10	SES189	0.26546	-7.9539	-8.21936
BLOCK20/SES207/SA207S10	SES292	-0.789493	-9.00885	-8.21936
BLOCK20/SES207/SA207S11	SES127	-1.12567	-10.0932	-8.96754
BLOCK20/SES207/SA207S11	SES183	-0.631838	-9.59938	-8.96754
BLOCK20/SES207/SA207S11	SES187	-0.149936	-9.11748	-8.96754
BLOCK20/SES207/SA207S11	SES292	-0.00324821	-8.97079	-8.96754
BLOCK20/SES207/SA207S25	SES068	0.370184	-9.16277	-9.53295
BLOCK20/SES207/SA207S25	SES083	-0.162354	-9.69531	-9.53295
BLOCK20/SES207/SA207S25	SES127	0.406734	-9.12622	-9.53295
BLOCK20/SES207/SA207S25	SES187	0.0142336	-9.51872	-9.53295
BLOCK20/SES207/SA207S27	SES127	-0.0282049	-9.495	-9.46679
BLOCK20/SES207/SA207S27	SES183	0.0555582	-9.41123	-9.46679
BLOCK20/SES207/SA207S27	SES187	0.572612	-8.89418	-9.46679
BLOCK20/SES207/SA207S27	SES292	-0.338777	-9.80557	-9.46679
BLOCK20/SES207/SA207S29	SES083	-1.40028	-10.083	-8.68272
BLOCK20/SES207/SA207S29	SES085	-0.261557	-8.94428	-8.68272
BLOCK20/SES207/SA207S29	SES172	0.479854	-8.20287	-8.68272
BLOCK20/SES207/SA207S29	SES189	-1.03234	-9.71507	-8.68272
BLOCK22/SES221/SA221S12	SES068	1.2006	-6.78988	-7.99048
BLOCK22/SES221/SA221S12	SES143	0.11913	-7.87135	-7.99048
BLOCK22/SES221/SA221S12	SES175	0.78491	-7.20557	-7.99048
BLOCK22/SES221/SA221S12	SES202	0.516488	-7.47399	-7.99048
BLOCK22/SES221/SA221S15	SES085	0.687337	-7.34126	-8.0286
BLOCK22/SES221/SA221S15	SES143	-0.381691	-8.41029	-8.0286
BLOCK22/SES221/SA221S15	SES175	0.413515	-7.61508	-8.0286
BLOCK22/SES221/SA221S15	SES187	-0.0552912	-8.08389	-8.0286
BLOCK22/SES221/SA221S23	SES068	1.3158	-6.65606	-7.97186
BLOCK22/SES221/SA221S23	SES143	-0.501072	-8.47293	-7.97186
BLOCK22/SES221/SA221S23	SES175	-0.0750761	-8.04694	-7.97186
BLOCK22/SES221/SA221S23	SES189	-0.52088	-8.49274	-7.97186
BLOCK22/SES221/SA221S27	SES085	1.36594	-7.2487	-8.61465
BLOCK22/SES221/SA221S27	SES143	-0.236585	-8.85123	-8.61465
BLOCK22/SES221/SA221S27	SES175	0.138904	-8.47574	-8.61465
BLOCK22/SES221/SA221S27	SES189	0.0543413	-8.5603	-8.61465
BLOCK22/SES221/SA221S29	SES085	1.45276	-6.82912	-8.28188
BLOCK22/SES221/SA221S29	SES143	0.438309	-7.84357	-8.28188
BLOCK22/SES221/SA221S29	SES175	0.986137	-7.29574	-8.28188
BLOCK22/SES221/SA221S29	SES187	0.373085	-7.90879	-8.28188
BLOCK22/SES223/SA223S11	SES143	0.0593891	-8.64931	-8.7087
BLOCK22/SES223/SA223S11	SES144	-1.00201	-9.71071	-8.7087
BLOCK22/SES223/SA223S11	SES175	0.279314	-8.42938	-8.7087
BLOCK22/SES223/SA223S11	SES187	-0.372217	-9.08091	-8.7087
BLOCK22/SES223/SA223S13	SES068	0.762507	-7.83498	-8.59749
BLOCK22/SES223/SA223S13	SES143	-0.400781	-8.99827	-8.59749
BLOCK22/SES223/SA223S13	SES146	-0.0954638	-8.69295	-8.59749
BLOCK22/SES223/SA223S13	SES202	0.00511456	-8.59237	-8.59749
BLOCK22/SES223/SA223S22	SES143	0.477276	-7.84345	-8.32073
BLOCK22/SES223/SA223S22	SES144	-0.68123	-9.00196	-8.32073
BLOCK22/SES223/SA223S22	SES175	0.565361	-7.75537	-8.32073
BLOCK22/SES223/SA223S22	SES187	-0.00708961	-8.32782	-8.32073
BLOCK22/SES223/SA223S25	SES068	0.629094	-8.01768	-8.64677
BLOCK22/SES223/SA223S25	SES143	0.381366	-8.26541	-8.64677
BLOCK22/SES223/SA223S25	SES175	0.704498	-7.94227	-8.64677
BLOCK22/SES223/SA223S25	SES187	-0.125641	-8.77241	-8.64677
BLOCK22/SES223/SA223S27	SES143	0.357264	-8.71046	-9.06773
BLOCK22/SES223/SA223S27	SES146	-0.715642	-9.78337	-9.06773
BLOCK22/SES223/SA223S27	SES187	0.0505886	-9.01714	-9.06773
BLOCK22/SES223/SA223S27	SES292	0.735925	-8.3318	-9.06773
BLOCK27/SES273/SA273S12	SES099	1.34735	-7.49768	-8.84504
BLOCK27/SES273/SA273S12	SES104	1.55317	-7.29187	-8.84504
BLOCK27/SES273/SA273S12	SES125	1.03381	-7.81122	-8.84504
BLOCK27/SES273/SA273S12	SES206	1.51224	-7.3328	-8.84504
BLOCK27/SES273/SA273S13	SES099	0.564929	-7.82052	-8.38545
BLOCK27/SES273/SA273S13	SES104	1.44924	-6.93621	-8.38545
BLOCK27/SES273/SA273S13	SES206	0.208251	-8.1772	-8.38545
BLOCK27/SES273/SA273S13	SES292	0.547728	-7.83772	-8.38545
BLOCK27/SES273/SA273S21	SES099	0.505259	-8.48873	-8.99398
BLOCK27/SES273/SA273S21	SES148	-0.540812	-9.5348	-8.99398
BLOCK27/SES273/SA273S21	SES149	-0.649143	-9.64313	-8.99398
BLOCK27/SES273/SA273S21	SES177	-1.02571	-10.0197	-8.99398
BLOCK27/SES273/SA273S25	SES104	1.51051	-8.2871	-9.79762
BLOCK27/SES273/SA273S25	SES125	0.901807	-8.89581	-9.79762
BLOCK27/SES273/SA273S25	SES158	1.79246	-8.00515	-9.79762
BLOCK27/SES273/SA273S25	SES206	1.43878	-8.35883	-9.79762
BLOCK27/SES273/SA273S27	SES099	0.95286	-6.84708	-7.79994
BLOCK27/SES273/SA273S27	SES104	0.960192	-6.83975	-7.79994
BLOCK27/SES273/SA273S27	SES149	0.301131	-7.49881	-7.79994
BLOCK27/SES273/SA273S27	SES275	0.195532	-7.60441	-7.79994
BLOCK27/SES274/SA274S10	SES105	-0.914543	-8.46219	-7.54764
BLOCK27/SES274/SA274S10	SES125	-0.610871	-8.15851	-7.54764
BLOCK27/SES274/SA274S10	SES129	0.969985	-6.57766	-7.54764
BLOCK27/SES274/SA274S10	SES158	-2.90851	-10.4561	-7.54764
BLOCK27/SES274/SA274S11	SES105	0.246506	-7.37592	-7.62243
BLOCK27/SES274/SA274S11	SES149	0.481643	-7.14078	-7.62243
BLOCK27/SES274/SA274S11	SES158	-0.399538	-8.02196	-7.62243
BLOCK27/SES274/SA274S11	SES275	0.698234	-6.92419	-7.62243
BLOCK27/SES274/SA274S21	SES105	0.187419	-7.78755	-7.97497
BLOCK27/SES274/SA274S21	SES129	1.08614	-6.88883	-7.97497
BLOCK27/SES274/SA274S21	SES149	-0.798042	-8.77302	-7.97497
BLOCK27/SES274/SA274S21	SES158	-2.20477	-10.1797	-7.97497
BLOCK27/SES274/SA274S24	SES105	-0.47027	-9.23051	-8.76024
BLOCK27/SES274/SA274S24	SES129	1.47282	-7.28742	-8.76024
BLOCK27/SES274/SA274S24	SES149	-1.35459	-10.1148	-8.76024
BLOCK27/SES274/SA274S24	SES158	-4.21614	-12.9764	-8.76024
BLOCK27/SES274/SA274S29	SES105	0.0247536	-8.45986	-8.48461
BLOCK27/SES274/SA274S29	SES106	-0.404011	-8.88862	-8.48461
BLOCK27/SES274/SA274S29	SES120	0.529825	-7.95479	-8.48461
BLOCK27/SES274/SA274S29	SES275	0.699716	-7.7849	-8.48461
BLOCK27/SES276/SA276S16	SES148	0.9562	-7.28177	-8.23797
BLOCK27/SES276/SA276S16	SES172	1.25723	-6.98074	-8.23797
BLOCK27/SES276/SA276S16	SES180	0.433144	-7.80482	-8.23797
BLOCK27/SES276/SA276S16	SES292	0.316679	-7.92129	-8.23797
BLOCK27/SES276/SA276S17	SES101	0.327197	-8.49147	-8.81867
BLOCK27/SES276/SA276S17	SES177	-0.162641	-8.98131	-8.81867
BLOCK27/SES276/SA276S17	SES180	0.019742	-8.79893	-8.81867
BLOCK27/SES276/SA276S17	SES292	0.341845	-8.47683	-8.81867
BLOCK27/SES276/SA276S24	SES101	1.10451	-6.94972	-8.05423
BLOCK27/SES276/SA276S24	SES177	0.549241	-7.50499	-8.05423
BLOCK27/SES276/SA276S24	SES180	0.415481	-7.63875	-8.05423
BLOCK27/SES276/SA276S24	SES292	0.264468	-7.78976	-8.05423
BLOCK27/SES276/SA276S26	SES101	0.38632	-7.58523	-7.97155
BLOCK27/SES276/SA276S26	SES177	0.164488	-7.80706	-7.97155
BLOCK27/SES276/SA276S26	SES180	0.554895	-7.41666	-7.97155
BLOCK27/SES276/SA276S26	SES292	1.05761	-6.91395	-7.97155
BLOCK27/SES276/SA276S28	SES101	1.10646	-7.02742	-8.13388
BLOCK27/SES276/SA276S28	SES177	0.437756	-7.69612	-8.13388
BLOCK27/SES276/SA276S28	SES180	1.10202	-7.03186	-8.13388
BLOCK27/SES276/SA276S28	SES292	0.892007	-7.24187	-8.13388
BLOCK27/SES277/SA277S12	SES101	1.03916	-8.62349	-9.66265
BLOCK27/SES277/SA277S12	SES177	-1.12569	-10.7883	-9.66265
BLOCK27/SES277/SA277S12	SES180	-1.09492	-10.7576	-9.66265
BLOCK27/SES277/SA277S12	SES292	-0.435189	-10.0978	-9.66265
BLOCK27/SES277/SA277S14	SES177	0.822559	-9.42813	-10.2507
BLOCK27/SES277/SA277S14	SES180	-0.317565	-10.5682	-10.2507
BLOCK27/SES277/SA277S14	SES189	1.77344	-8.47725	-10.2507
BLOCK27/SES277/SA277S14	SES292	-1.00996	-11.2606	-10.2507
BLOCK27/SES277/SA277S21	SES177	0.252927	-9.33107	-9.584
BLOCK27/SES277/SA277S21	SES180	-0.361796	-9.9458	-9.584
BLOCK27/SES277/SA277S21	SES189	1.18568	-8.39832	-9.584
BLOCK27/SES277/SA277S21	SES292	-1.99255	-11.5765	-9.584
BLOCK27/SES277/SA277S24	SES144	1.08979	-9.58012	-10.6699
BLOCK27/SES277/SA277S24	SES177	0.573272	-10.0966	-10.6699
BLOCK27/SES277/SA277S24	SES180	-0.624347	-11.2943	-10.6699
BLOCK27/SES277/SA277S24	SES189	2.02517	-8.64474	-10.6699
BLOCK27/SES277/SA277S29	SES177	0.360169	-7.24333	-7.60349
BLOCK27/SES277/SA277S29	SES180	0.568943	-7.03455	-7.60349
BLOCK27/SES277/SA277S29	SES202	0.703624	-6.89987	-7.60349
BLOCK27/SES277/SA277S29	SES292	0.0381866	-7.56531	-7.60349
BLOCK27/SES279/SA279S09	SES120	0.470904	-7.63204	-8.10294
BLOCK27/SES279/SA279S09	SES146	0.224437	-7.8785	-8.10294
BLOCK27/SES279/SA279S09	SES206	0.626823	-7.47612	-8.10294
BLOCK27/SES279/SA279S09	SES226	0.330665	-7.77228	-8.10294
BLOCK27/SES279/SA279S10	SES099	0.381917	-8.46342	-8.84534
BLOCK27/SES279/SA279S10	SES206	-0.185376	-9.03071	-8.84534
BLOCK27/SES279/SA279S10	SES226	-0.666573	-9.51191	-8.84534
BLOCK27/SES279/SA279S10	SES292	0.938793	-7.90654	-8.84534
BLOCK27/SES279/SA279S20	SES099	0.255709	-9.14349	-9.3992
BLOCK27/SES279/SA279S20	SES206	1.18159	-8.21762	-9.3992
BLOCK27/SES279/SA279S20	SES226	-0.82239	-10.2216	-9.3992
BLOCK27/SES279/SA279S20	SES292	1.59594	-7.80326	-9.3992
BLOCK27/SES279/SA279S26	SES099	1.09252	-8.9393	-10.0318
BLOCK27/SES279/SA279S26	SES206	0.419442	-9.61238	-10.0318
BLOCK27/SES279/SA279S26	SES226	0.100757	-9.93106	-10.0318
BLOCK27/SES279/SA279S26	SES292	2.30217	-7.72965	-10.0318
BLOCK27/SES279/SA279S28	SES099	1.01367	-7.11505	-8.12872
BLOCK27/SES279/SA279S28	SES120	0.923536	-7.20519	-8.12872
BLOCK27/SES279/SA279S28	SES177	-0.627878	-8.7566	-8.12872
BLOCK27/SES279/SA279S28	SES206	0.300672	-7.82805	-8.12872
BLOCK29/SES290/SA290S12	SES162	1.51258	-5.92198	-7.43456
BLOCK29/SES290/SA290S12	SES177	1.38313	-6.05143	-7.43456
BLOCK29/SES290/SA290S12	SES180	1.03748	-6.39708	-7.43456
BLOCK29/SES290/SA290S12	SES292	0.406384	-7.02818	-7.43456
BLOCK29/SES290/SA290S13	SES007	1.78884	-6.22217	-8.01101
BLOCK29/SES290/SA290S13	SES162	0.567952	-7.44306	-8.01101
BLOCK29/SES290/SA290S13	SES177	0.770907	-7.24011	-8.01101
BLOCK29/SES290/SA290S13	SES180	1.31553	-6.69548	-8.01101
BLOCK29/SES290/SA290S22	SES177	0.193966	-7.35255	-7.54652
BLOCK29/SES290/SA290S22	SES180	0.366768	-7.17975	-7.54652
BLOCK29/SES290/SA290S22	SES202	0.41205	-7.13447	-7.54652
BLOCK29/SES290/SA290S22	SES292	0.700314	-6.84621	-7.54652
BLOCK29/SES290/SA290S25	SES162	0.864404	-6.93209	-7.7965
BLOCK29/SES290/SA290S25	SES177	0.537065	-7.25943	-7.7965
BLOCK29/SES290/SA290S25	SES180	0.661345	-7.13515	-7.7965
BLOCK29/SES290/SA290S25	SES292	0.872284	-6.92421	-7.7965
BLOCK29/SES290/SA290S29	SES177	0.656458	-6.80589	-7.46235
BLOCK29/SES290/SA290S29	SES180	1.36028	-6.10207	-7.46235
BLOCK29/SES290/SA290S29	SES275	0.480067	-6.98228	-7.46235
BLOCK29/SES290/SA290S29	SES292	0.761405	-6.70094	-7.46235
BLOCK29/SES291/SA291S11	SES105	-0.25039	-9.60979	-9.3594
BLOCK29/SES291/SA291S11	SES125	0.116489	-9.24291	-9.3594
BLOCK29/SES291/SA291S11	SES158	1.09876	-8.26063	-9.3594
BLOCK29/SES291/SA291S11	SES275	0.355644	-9.00375	-9.3594
BLOCK29/SES291/SA291S12	SES158	1.9571	-7.1392	-9.0963
BLOCK29/SES291/SA291S12	SES226	0.659035	-8.43727	-9.0963
BLOCK29/SES291/SA291S12	SES270	0.833347	-8.26296	-9.0963
BLOCK29/SES291/SA291S12	SES275	-0.760072	-9.85638	-9.0963
BLOCK29/SES291/SA291S22	SES082	0.307834	-8.4044	-8.71224
BLOCK29/SES291/SA291S22	SES158	0.837807	-7.87443	-8.71224
BLOCK29/SES291/SA291S22	SES259	0.200105	-8.51213	-8.71224
BLOCK29/SES291/SA291S22	SES275	-0.670283	-9.38252	-8.71224
BLOCK29/SES291/SA291S24	SES104	1.66511	-6.80922	-8.47433
BLOCK29/SES291/SA291S24	SES125	0.72894	-7.74539	-8.47433
BLOCK29/SES291/SA291S24	SES158	1.16225	-7.31208	-8.47433
BLOCK29/SES291/SA291S24	SES275	-0.161476	-8.63581	-8.47433
BLOCK29/SES291/SA291S27	SES158	1.4715	-7.04989	-8.52138
BLOCK29/SES291/SA291S27	SES172	-0.729239	-9.25062	-8.52138
BLOCK29/SES291/SA291S27	SES275	-0.0743179	-8.5957	-8.52138
BLOCK29/SES291/SA291S27	SES292	0.853808	-7.66757	-8.52138
