BLOCK00/SES002/SA002S12	SES002	0.747799	-60.4691	-61.2169
BLOCK00/SES002/SA002S13	SES002	0.997414	-60.8946	-61.8921
BLOCK00/SES002/SA002S23	SES002	0.452534	-60.632	-61.0846
BLOCK00/SES002/SA002S26	SES002	1.52628	-60.0331	-61.5594
BLOCK00/SES002/SA002S28	SES002	0.173405	-61.4962	-61.6696
BLOCK00/SES007/SA007S14	SES007	1.02414	-60.4169	-61.441
BLOCK00/SES007/SA007S15	SES007	-0.108761	-62.4752	-62.3665
BLOCK00/SES007/SA007S24	SES007	-0.158272	-62.0888	-61.9305
BLOCK00/SES007/SA007S27	SES007	0.306519	-61.8836	-62.1901
BLOCK00/SES007/SA007S29	SES007	-0.0469322	-61.5236	-61.4767
BLOCK00/SES008/SA008S11	SES008	0.535637	-62.2408	-62.7764
BLOCK00/SES008/SA008S12	SES008	-0.294662	-62.2077	-61.913
BLOCK00/SES008/SA008S19	SES008	0.788536	-61.3074	-62.096
BLOCK00/SES008/SA008S22	SES008	-0.583794	-63.1566	-62.5728
BLOCK00/SES008/SA008S29	SES008	0.287056	-61.9167	-62.2037
BLOCK01/SES014/SA014S10	SES014	0.815342	-61.655	-62.4703
BLOCK01/SES014/SA014S12	SES014	1.75438	-59.1439	-60.8983
BLOCK01/SES014/SA014S24	SES014	0.484375	-61.0512	-61.5356
BLOCK01/SES014/SA014S26	SES014	1.62193	-58.4131	-60.035
BLOCK01/SES014/SA014S28	SES014	1.66949	-59.8707	-61.5402
BLOCK01/SES016/SA016S12	SES016	-0.780838	-64.9974	-64.2166
BLOCK01/SES016/SA016S13	SES016	-0.148018	-63.2557	-63.1077
BLOCK01/SES016/SA016S22	SES016	-0.700203	-63.7712	-63.071
BLOCK01/SES016/SA016S25	SES016	0.292374	-60.6001	-60.8925
BLOCK01/SES016/SA016S27	SES016	0.742981	-61.1507	-61.8937
BLOCK01/SES019/SA019S13	SES019	1.55156	-61.4328	-62.9844
BLOCK01/SES019/SA019S14	SES019	1.07341	-61.5095	-62.5829
BLOCK01/SES019/SA019S22	SES019	1.40196	-61.2153	-62.6172
BLOCK01/SES019/SA019S25	SES019	1.03042	-62.468	-63.4985
BLOCK01/SES019/SA019S29	SES019	1.99089	-61.3796	-63.3705
BLOCK02/SES029/SA029S11	SES029	-0.144852	-62.419	-62.2742
BLOCK02/SES029/SA029S12	SES029	-0.0830727	-62.3028	-62.2197
BLOCK02/SES029/SA029S20	SES029	-0.803242	-63.852	-63.0488
BLOCK02/SES029/SA029S25	SES029	-0.308086	-62.146	-61.8379
BLOCK02/SES029/SA029S28	SES029	-0.528095	-62.7306	-62.2025
BLOCK04/SES042/SA042S12	SES042	1.74438	-59.4361	-61.1805
BLOCK04/SES042/SA042S15	SES042	1.16244	-60.1884	-61.3508
BLOCK04/SES042/SA042S22	SES042	3.22512	-57.5519	-60.7771
BLOCK04/SES042/SA042S25	SES042	1.35016	-60.9214	-62.2716
BLOCK04/SES042/SA042S27	SES042	1.94258	-58.9876	-60.9302
BLOCK04/SES048/SA048S11	SES048	0.607433	-61.4757	-62.0832
BLOCK04/SES048/SA048S12	SES048	-0.387005	-61.9622	-61.5752
BLOCK04/SES048/SA048S20	SES048	0.371052	-61.1211	-61.4922
BLOCK04/SES048/SA048S23	SES048	0.934261	-61.631	-62.5652
BLOCK04/SES048/SA048S27	SES048	0.374886	-60.9622	-61.3371
BLOCK06/SES060/SA060S11	SES060	0.571957	-61.9091	-62.4811
BLOCK06/SES060/SA060S12	SES060	-0.870426	-64.0092	-63.1387
BLOCK06/SES060/SA060S22	SES060	-0.622959	-63.7591	-63.1361
BLOCK06/SES060/SA060S24	SES060	0.0405006	-62.0762	-62.1167
BLOCK06/SES060/SA060S28	SES060	0.592628	-59.7691	-60.3617
BLOCK06/SES062/SA062S10	SES062	0.128712	-61.4501	-61.5788
BLOCK06/SES062/SA062S11	SES062	0.348259	-61.6326	-61.9809
BLOCK06/SES062/SA062S21	SES062	0.817833	-59.344	-60.1619
BLOCK06/SES062/SA062S26	SES062	-0.382233	-61.2881	-60.9059
BLOCK06/SES062/SA062S29	SES062	0.62907	-60.3679	-60.997
BLOCK06/SES068/SA068S14	SES068	-0.105961	-62.2535	-62.1475
BLOCK06/SES068/SA068S15	SES068	0.202026	-61.0078	-61.2099
BLOCK06/SES068/SA068S23	SES068	0.0594635	-62.4933	-62.5528
BLOCK06/SES068/SA068S27	SES068	0.634716	-61.4911	-62.1258
BLOCK06/SES068/SA068S29	SES068	0.233498	-61.6644	-61.8979
BLOCK08/SES082/SA082S12	SES082	-0.0366631	-62.0148	-61.9782
BLOCK08/SES082/SA082S14	SES082	-0.0165863	-62.5683	-62.5518
BLOCK08/SES082/SA082S21	SES082	0.244759	-62.179	-62.4238
BLOCK08/SES082/SA082S24	SES082	0.737736	-61.399	-62.1367
BLOCK08/SES082/SA082S28	SES082	-0.749153	-63.1652	-62.4161
BLOCK08/SES083/SA083S14	SES083	-1.02541	-62.8417	-61.8163
BLOCK08/SES083/SA083S15	SES083	-0.504364	-62.1049	-61.6006
BLOCK08/SES083/SA083S24	SES083	-0.632725	-62.5718	-61.9391
BLOCK08/SES083/SA083S26	SES083	-0.61718	-62.2686	-61.6514
BLOCK08/SES083/SA083S29	SES083	-1.25719	-63.1277	-61.8705
BLOCK08/SES085/SA085S10	SES085	-0.431408	-62.4926	-62.0611
BLOCK08/SES085/SA085S13	SES085	-0.291134	-63.2098	-62.9187
BLOCK08/SES085/SA085S22	SES085	-2.16086	-65.0935	-62.9327
BLOCK08/SES085/SA085S26	SES085	-0.476112	-62.9989	-62.5227
BLOCK08/SES085/SA085S28	SES085	-0.171101	-62.2626	-62.0915
BLOCK08/SES087/SA087S15	SES087	0.624882	-60.9657	-61.5906
BLOCK08/SES087/SA087S16	SES087	0.626488	-61.0862	-61.7127
BLOCK08/SES087/SA087S24	SES087	-0.128723	-61.5832	-61.4545
BLOCK08/SES087/SA087S26	SES087	0.464645	-60.0001	-60.4647
BLOCK08/SES087/SA087S29	SES087	0.482071	-61.2875	-61.7696
BLOCK09/SES099/SA099S15	SES099	1.38656	-61.4421	-62.8286
BLOCK09/SES099/SA099S16	SES099	1.33394	-60.9068	-62.2407
BLOCK09/SES099/SA099S24	SES099	1.11296	-60.5769	-61.6899
BLOCK09/SES099/SA099S26	SES099	1.50108	-60.3124	-61.8135
BLOCK09/SES099/SA099S29	SES099	1.31383	-60.6655	-61.9793
BLOCK10/SES101/SA101S11	SES101	-0.610748	-61.7297	-61.119
BLOCK10/SES101/SA101S13	SES101	-0.315475	-61.8391	-61.5236
BLOCK10/SES101/SA101S22	SES101	-0.34267	-62.8597	-62.5171
BLOCK10/SES101/SA101S24	SES101	0.300373	-61.447	-61.7474
BLOCK10/SES101/SA101S28	SES101	-1.23869	-64.0089	-62.7702
BLOCK10/SES104/SA104S11	SES104	0.328022	-60.3948	-60.7228
BLOCK10/SES104/SA104S12	SES104	0.886436	-60.414	-61.3005
BLOCK10/SES104/SA104S21	SES104	0.543133	-61.3526	-61.8958
BLOCK10/SES104/SA104S24	SES104	0.519501	-61.3519	-61.8714
BLOCK10/SES104/SA104S28	SES104	1.25718	-60.5355	-61.7927
BLOCK10/SES105/SA105S12	SES105	-0.14975	-62.8287	-62.679
BLOCK10/SES105/SA105S13	SES105	-0.00427246	-62.554	-62.5497
BLOCK10/SES105/SA105S22	SES105	0.179573	-63.1215	-63.3011
BLOCK10/SES105/SA105S26	SES105	0.130672	-62.3804	-62.5111
BLOCK10/SES105/SA105S29	SES105	-0.214397	-62.5614	-62.347
BLOCK10/SES106/SA106S09	SES106	0.415131	-62.728	-63.1431
BLOCK10/SES106/SA106S11	SES106	0.834797	-60.3998	-61.2346
BLOCK10/SES106/SA106S22	SES106	1.96327	-61.0952	-63.0585
BLOCK10/SES106/SA106S27	SES106	0.310448	-61.6013	-61.9118
BLOCK10/SES106/SA106S29	SES106	0.243988	-60.892	-61.1359
BLOCK11/SES117/SA117S12	SES117	0.255722	-62.9404	-63.1961
BLOCK11/SES117/SA117S13	SES117	-0.313274	-62.566	-62.2527
BLOCK11/SES117/SA117S23	SES117	1.04008	-63.7078	-64.7479
BLOCK11/SES117/SA117S25	SES117	0.582714	-63.0581	-63.6408
BLOCK11/SES117/SA117S28	SES117	0.566608	-63.2544	-63.821
BLOCK12/SES120/SA120S08	SES120	0.314812	-63.5278	-63.8427
BLOCK12/SES120/SA120S11	SES120	-0.133919	-64.4766	-64.3426
BLOCK12/SES120/SA120S22	SES120	-0.456501	-62.6823	-62.2258
BLOCK12/SES120/SA120S24	SES120	0.0969925	-62.4574	-62.5544
BLOCK12/SES120/SA120S28	SES120	-0.483921	-64.4055	-63.9216
BLOCK12/SES125/SA125S13	SES125	0.978039	-60.6627	-61.6408
BLOCK12/SES125/SA125S14	SES125	0.234123	-61.5913	-61.8254
BLOCK12/SES125/SA125S25	SES125	1.51426	-60.2303	-61.7446
BLOCK12/SES125/SA125S27	SES125	1.36614	-59.9283	-61.2945
BLOCK12/SES125/SA125S29	SES125	1.137	-60.5507	-61.6877
BLOCK12/SES127/SA127S11	SES127	-0.122032	-62.5559	-62.4339
BLOCK12/SES127/SA127S12	SES127	-0.850758	-62.6506	-61.7999
BLOCK12/SES127/SA127S23	SES127	-0.229351	-62.5988	-62.3695
BLOCK12/SES127/SA127S25	SES127	-1.31534	-63.8052	-62.4898
BLOCK12/SES127/SA127S27	SES127	-0.0469818	-62.7829	-62.7359
BLOCK12/SES129/SA129S11	SES129	0.720406	-61.3037	-62.0241
BLOCK12/SES129/SA129S12	SES129	1.12961	-60.9283	-62.0579
BLOCK12/SES129/SA129S22	SES129	0.516167	-61.1282	-61.6444
BLOCK12/SES129/SA129S27	SES129	1.43557	-60.3427	-61.7783
BLOCK12/SES129/SA129S29	SES129	1.86508	-60.116	-61.9811
BLOCK14/SES142/SA142S11	SES142	1.26747	-62.4632	-63.7307
BLOCK14/SES142/SA142S12	SES142	0.537689	-63.2427	-63.7804
BLOCK14/SES142/SA142S24	SES142	2.08625	-61.7897	-63.8759
BLOCK14/SES142/SA142S27	SES142	1.92548	-61.3377	-63.2632
BLOCK14/SES142/SA142S29	SES142	1.95947	-60.8709	-62.8304
BLOCK14/SES143/SA143S12	SES143	0.283443	-62.7542	-63.0377
BLOCK14/SES143/SA143S13	SES143	0.139992	-62.8216	-62.9616
BLOCK14/SES143/SA143S23	SES143	0.664818	-62.8224	-63.4873
BLOCK14/SES143/SA143S25	SES143	0.224796	-62.7066	-62.9314
BLOCK14/SES143/SA143S28	SES143	0.113247	-62.0498	-62.163
BLOCK14/SES144/SA144S09	SES144	0.0515175	-62.5406	-62.5921
BLOCK14/SES144/SA144S11	SES144	0.483051	-63.1052	-63.5883
BLOCK14/SES144/SA144S21	SES144	-0.454998	-63.2025	-62.7475
BLOCK14/SES144/SA144S25	SES144	-0.667801	-63.5976	-62.9298
BLOCK14/SES144/SA144S29	SES144	-0.585827	-62.8742	-62.2883
BLOCK14/SES146/SA146S14	SES146	0.48148	-62.6206	-63.1021
BLOCK14/SES146/SA146S15	SES146	-0.143036	-62.7735	-62.6304
BLOCK14/SES146/SA146S24	SES146	-0.198917	-62.7176	-62.5186
BLOCK14/SES146/SA146S26	SES146	0.306324	-63.1931	-63.4994
BLOCK14/SES146/SA146S29	SES146	0.0960846	-63.3866	-63.4827
BLOCK14/SES147/SA147S11	SES147	0.277634	-63.124	-63.4016
BLOCK14/SES147/SA147S13	SES147	0.941151	-61.4261	-62.3673
BLOCK14/SES147/SA147S23	SES147	0.63483	-63.4745	-64.1093
BLOCK14/SES147/SA147S26	SES147	0.959728	-62.5298	-63.4896
BLOCK14/SES147/SA147S28	SES147	1.00663	-62.0701	-63.0767
BLOCK14/SES148/SA148S10	SES148	0.600319	-61.2459	-61.8462
BLOCK14/SES148/SA148S12	SES148	-0.0390091	-62.6242	-62.5852
BLOCK14/SES148/SA148S22	SES148	0.191406	-61.189	-61.3804
BLOCK14/SES148/SA148S26	SES148	-0.452541	-62.2988	-61.8462
BLOCK14/SES148/SA148S29	SES148	-0.28841	-62.492	-62.2036
BLOCK14/SES149/SA149S13	SES149	-0.841805	-62.4254	-61.5836
BLOCK14/SES149/SA149S14	SES149	-0.19381	-61.6941	-61.5003
BLOCK14/SES149/SA149S24	SES149	0.859726	-61.3572	-62.217
BLOCK14/SES149/SA149S26	SES149	1.54128	-60.8672	-62.4084
BLOCK14/SES149/SA149S28	SES149	1.64775	-59.7649	-61.4127
BLOCK15/SES158/SA158S13	SES158	0.690395	-61.5797	-62.2701
BLOCK15/SES158/SA158S14	SES158	1.25669	-61.7486	-63.0053
BLOCK15/SES158/SA158S23	SES158	0.236534	-61.5858	-61.8223
BLOCK15/SES158/SA158S26	SES158	1.40574	-61.0387	-62.4445
BLOCK15/SES158/SA158S28	SES158	0.137184	-62.1141	-62.2513
BLOCK16/SES162/SA162S10	SES162	-0.44772	-63.2005	-62.7528
BLOCK16/SES162/SA162S11	SES162	0.305023	-62.3494	-62.6545
BLOCK16/SES162/SA162S21	SES162	0.729836	-62.052	-62.7818
BLOCK16/SES162/SA162S24	SES162	0.626602	-62.2213	-62.8479
BLOCK16/SES162/SA162S27	SES162	0.13538	-63.4233	-63.5587
BLOCK16/SES167/SA167S14	SES167	0.718197	-61.1039	-61.8221
BLOCK16/SES167/SA167S15	SES167	0.662575	-62.3226	-62.9852
BLOCK16/SES167/SA167S21	SES167	0.69632	-61.1954	-61.8917
BLOCK16/SES167/SA167S25	SES167	0.50256	-62.5048	-63.0073
BLOCK16/SES167/SA167S29	SES167	1.73089	-60.3611	-62.092
BLOCK17/SES172/SA172S12	SES172	0.0632973	-62.607	-62.6703
BLOCK17/SES172/SA172S13	SES172	0.534081	-62.906	-63.4401
BLOCK17/SES172/SA172S23	SES172	-0.0300827	-61.6871	-61.6571
BLOCK17/SES172/SA172S27	SES172	0.0853691	-62.6424	-62.7278
BLOCK17/SES172/SA172S29	SES172	0.55695	-62.0204	-62.5774
BLOCK17/SES175/SA175S11	SES175	0.616165	-62.5877	-63.2039
BLOCK17/SES175/SA175S13	SES175	0.265823	-61.9146	-62.1805
BLOCK17/SES175/SA175S23	SES175	0.95525	-62.3977	-63.353
BLOCK17/SES175/SA175S25	SES175	-0.0883636	-63.7069	-63.6185
BLOCK17/SES175/SA175S28	SES175	0.842083	-61.9825	-62.8245
BLOCK17/SES177/SA177S15	SES177	-0.0279732	-62.3927	-62.3647
BLOCK17/SES177/SA177S17	SES177	-0.474007	-62.861	-62.387
BLOCK17/SES177/SA177S23	SES177	-0.865967	-63.2911	-62.4252
BLOCK17/SES177/SA177S26	SES177	0.182354	-60.8988	-61.0811
BLOCK17/SES177/SA177S28	SES177	0.229626	-61.451	-61.6806
BLOCK18/SES180/SA180S13	SES180	0.195339	-62.4869	-62.6823
BLOCK18/SES180/SA180S15	SES180	0.0229034	-62.7647	-62.7876
BLOCK18/SES180/SA180S24	SES180	0.594826	-61.0937	-61.6885
BLOCK18/SES180/SA180S26	SES180	0.194889	-62.0502	-62.2451
BLOCK18/SES180/SA180S29	SES180	0.371613	-62.5931	-62.9647
BLOCK18/SES183/SA183S13	SES183	0.157787	-62.9348	-63.0926
BLOCK18/SES183/SA183S14	SES183	-0.350796	-62.7788	-62.4281
BLOCK18/SES183/SA183S24	SES183	0.752911	-62.8122	-63.5651
BLOCK18/SES183/SA183S27	SES183	0.664795	-61.9786	-62.6434
BLOCK18/SES183/SA183S29	SES183	0.672375	-61.6428	-62.3152
BLOCK18/SES187/SA187S13	SES187	-0.390228	-64.0836	-63.6934
BLOCK18/SES187/SA187S14	SES187	0.205925	-63.32	-63.5259
BLOCK18/SES187/SA187S24	SES187	0.512585	-62.6105	-63.1231
BLOCK18/SES187/SA187S27	SES187	0.00725555	-63.1194	-63.1267
BLOCK18/SES187/SA187S29	SES187	0.0657387	-63.2325	-63.2982
BLOCK18/SES189/SA189S10	SES189	1.19395	-64.3941	-65.5881
BLOCK18/SES189/SA189S13	SES189	1.73997	-65.0795	-66.8194
BLOCK18/SES189/SA189S24	SES189	1.61443	-63.7514	-65.3658
BLOCK18/SES189/SA189S26	SES189	0.618256	-64.1695	-64.7878
BLOCK18/SES189/SA189S29	SES189	1.73817	-63.3499	-65.088
BLOCK20/SES202/SA202S12	SES202	0.873425	-62.9499	-63.8234
BLOCK20/SES202/SA202S14	SES202	1.9744	-60.9501	-62.9245
BLOCK20/SES202/SA202S24	SES202	0.817745	-62.3585	-63.1762
BLOCK20/SES202/SA202S27	SES202	1.29872	-60.9433	-62.242
BLOCK20/SES202/SA202S29	SES202	1.66549	-60.9082	-62.5737
BLOCK20/SES206/SA206S15	SES206	-0.026474	-60.5798	-60.5533
BLOCK20/SES206/SA206S17	SES206	1.30296	-59.9853	-61.2883
BLOCK20/SES206/SA206S24	SES206	1.22009	-59.567	-60.787
BLOCK20/SES206/SA206S27	SES206	0.891499	-60.5924	-61.4839
BLOCK20/SES206/SA206S29	SES206	1.03918	-59.1703	-60.2094
BLOCK22/SES226/SA226S12	SES226	0.662136	-61.9576	-62.6197
BLOCK22/SES226/SA226S13	SES226	-0.92738	-62.7834	-61.8561
BLOCK22/SES226/SA226S20	SES226	0.445858	-61.9329	-62.3788
BLOCK22/SES226/SA226S23	SES226	0.646347	-61.1029	-61.7492
BLOCK22/SES226/SA226S28	SES226	0.63356	-61.0085	-61.642
BLOCK25/SES259/SA259S13	SES259	1.60379	-60.1703	-61.7741
BLOCK25/SES259/SA259S14	SES259	0.382172	-61.1139	-61.4961
BLOCK25/SES259/SA259S22	SES259	0.546932	-60.787	-61.3339
BLOCK25/SES259/SA259S24	SES259	1.36012	-59.4847	-60.8448
BLOCK25/SES259/SA259S28	SES259	1.12943	-59.8851	-61.0146
BLOCK27/SES270/SA270S14	SES270	1.22997	-62.117	-63.347
BLOCK27/SES270/SA270S16	SES270	0.0800972	-62.1416	-62.2217
BLOCK27/SES270/SA270S22	SES270	1.77779	-60.9827	-62.7605
BLOCK27/SES270/SA270S26	SES270	0.801823	-62.3931	-63.1949
BLOCK27/SES270/SA270S28	SES270	0.484306	-61.276	-61.7603
BLOCK27/SES275/SA275S17	SES275	0.428455	-62.5584	-62.9868
BLOCK27/SES275/SA275S18	SES275	-0.240089	-62.929	-62.6889
BLOCK27/SES275/SA275S24	SES275	0.150227	-63.5637	-63.7139
BLOCK27/SES275/SA275S26	SES275	0.575211	-62.1059	-62.6811
BLOCK27/SES275/SA275S28	SES275	-0.101593	-62.3485	-62.2469
BLOCK29/SES292/SA292S10	SES292	-0.652748	-62.8781	-62.2254
BLOCK29/SES292/SA292S12	SES292	-0.888672	-64.1405	-63.2518
BLOCK29/SES292/SA292S22	SES292	0.381836	-61.8688	-62.2506
BLOCK29/SES292/SA292S24	SES292	-0.716324	-62.8727	-62.1563
BLOCK29/SES292/SA292S27	SES292	-0.58947	-62.1031	-61.5136
BLOCK00/SES001/SA001S14	SES062	-1.63187	-64.1965	-62.5646
BLOCK00/SES001/SA001S14	SES082	-2.57095	-65.1356	-62.5646
BLOCK00/SES001/SA001S14	SES106	-3.54787	-66.1125	-62.5646
BLOCK00/SES001/SA001S14	SES206	-3.75078	-66.3154	-62.5646
BLOCK00/SES001/SA001S15	SES062	-1.66935	-63.1395	-61.4701
BLOCK00/SES001/SA001S15	SES104	-2.84387	-64.314	-61.4701
BLOCK00/SES001/SA001S15	SES106	-2.49332	-63.9635	-61.4701
BLOCK00/SES001/SA001S15	SES206	-3.18396	-64.6541	-61.4701
BLOCK00/SES001/SA001S24	SES062	-2.77615	-65.4548	-62.6786
BLOCK00/SES001/SA001S24	SES082	-2.802	-65.4806	-62.6786
BLOCK00/SES001/SA001S24	SES087	-3.45025	-66.1289	-62.6786
BLOCK00/SES001/SA001S24	SES206	-3.0346	-65.7132	-62.6786
BLOCK00/SES001/SA001S27	SES062	-1.89865	-63.1554	-61.2567
BLOCK00/SES001/SA001S27	SES082	-3.86071	-65.1174	-61.2567
BLOCK00/SES001/SA001S27	SES087	-4.14732	-65.404	-61.2567
BLOCK00/SES001/SA001S27	SES206	-3.81831	-65.075	-61.2567
BLOCK00/SES001/SA001S29	SES062	-2.24789	-64.9553	-62.7074
BLOCK00/SES001/SA001S29	SES082	-2.79332	-65.5007	-62.7074
BLOCK00/SES001/SA001S29	SES158	-2.63908	-65.3465	-62.7074
BLOCK00/SES001/SA001S29	SES206	-4.22853	-66.9359	-62.7074
BLOCK00/SES003/SA003S11	SES002	-1.71504	-63.9313	-62.2163
BLOCK00/SES003/SA003S11	SES019	-1.44645	-63.6627	-62.2163
BLOCK00/SES003/SA003S11	SES082	-0.485195	-62.7015	-62.2163
BLOCK00/SES003/SA003S11	SES125	-1.75911	-63.9754	-62.2163
BLOCK00/SES003/SA003S15	SES016	-5.80411	-67.4914	-61.6872
BLOCK00/SES003/SA003S15	SES019	-1.25636	-62.9436	-61.6872
BLOCK00/SES003/SA003S15	SES062	-2.18585	-63.8731	-61.6872
BLOCK00/SES003/SA003S15	SES206	-1.43995	-63.1272	-61.6872
BLOCK00/SES003/SA003S22	SES002	-2.54679	-64.4775	-61.9307
BLOCK00/SES003/SA003S22	SES062	-1.67218	-63.6029	-61.9307
BLOCK00/SES003/SA003S22	SES082	-1.40582	-63.3365	-61.9307
BLOCK00/SES003/SA003S22	SES087	-2.20657	-64.1373	-61.9307
BLOCK00/SES003/SA003S25	SES062	-2.34649	-65.3786	-63.0321
BLOCK00/SES003/SA003S25	SES082	-0.419155	-63.4512	-63.0321
BLOCK00/SES003/SA003S25	SES087	-2.1052	-65.1373	-63.0321
BLOCK00/SES003/SA003S25	SES206	-1.77151	-64.8036	-63.0321
BLOCK00/SES003/SA003S29	SES002	-2.82148	-65.0009	-62.1795
BLOCK00/SES003/SA003S29	SES062	-2.20358	-64.383	-62.1795
BLOCK00/SES003/SA003S29	SES082	-1.33976	-63.5192	-62.1795
BLOCK00/SES003/SA003S29	SES087	-1.99929	-64.1787	-62.1795
BLOCK00/SES004/SA004S12	SES083	-1.78393	-64.8426	-63.0587
BLOCK00/SES004/SA004S12	SES148	-2.02173	-65.0804	-63.0587
BLOCK00/SES004/SA004S12	SES172	-1.53257	-64.5912	-63.0587
BLOCK00/SES004/SA004S12	SES292	-1.78798	-64.8467	-63.0587
BLOCK00/SES004/SA004S17	SES083	-2.16759	-65.5661	-63.3985
BLOCK00/SES004/SA004S17	SES162	-1.36365	-64.7622	-63.3985
BLOCK00/SES004/SA004S17	SES172	-1.67715	-65.0757	-63.3985
BLOCK00/SES004/SA004S17	SES292	-1.83372	-65.2323	-63.3985
BLOCK00/SES004/SA004S24	SES083	-2.16024	-64.9117	-62.7515
BLOCK00/SES004/SA004S24	SES148	-1.8522	-64.6037	-62.7515
BLOCK00/SES004/SA004S24	SES172	-1.61839	-64.3699	-62.7515
BLOCK00/SES004/SA004S24	SES292	-1.57629	-64.3278	-62.7515
BLOCK00/SES004/SA004S26	SES083	-1.56385	-64.1526	-62.5887
BLOCK00/SES004/SA004S26	SES127	-1.57701	-64.1657	-62.5887
BLOCK00/SES004/SA004S26	SES148	-2.47503	-65.0637	-62.5887
BLOCK00/SES004/SA004S26	SES292	-1.7091	-64.2978	-62.5887
BLOCK00/SES004/SA004S28	SES083	-1.84455	-64.5292	-62.6847
BLOCK00/SES004/SA004S28	SES127	-2.19144	-64.8761	-62.6847
BLOCK00/SES004/SA004S28	SES187	-1.35958	-64.0442	-62.6847
BLOCK00/SES004/SA004S28	SES292	-1.80417	-64.4888	-62.6847
BLOCK00/SES006/SA006S10	SES014	-2.20732	-66.1192	-63.9119
BLOCK00/SES006/SA006S10	SES158	-0.991188	-64.9031	-63.9119
BLOCK00/SES006/SA006S10	SES226	-2.52691	-66.4388	-63.9119
BLOCK00/SES006/SA006S10	SES270	-0.736168	-64.6481	-63.9119
BLOCK00/SES006/SA006S11	SES158	-1.04035	-64.7195	-63.6792
BLOCK00/SES006/SA006S11	SES226	-2.24141	-65.9206	-63.6792
BLOCK00/SES006/SA006S11	SES270	-1.11399	-64.7932	-63.6792
BLOCK00/SES006/SA006S11	SES275	-3.13037	-66.8096	-63.6792
BLOCK00/SES006/SA006S23	SES062	-2.97067	-65.4973	-62.5267
BLOCK00/SES006/SA006S23	SES105	-2.20381	-64.7305	-62.5267
BLOCK00/SES006/SA006S23	SES158	-1.29767	-63.8243	-62.5267
BLOCK00/SES006/SA006S23	SES275	-2.86494	-65.3916	-62.5267
BLOCK00/SES006/SA006S26	SES104	-2.09801	-64.4205	-62.3225
BLOCK00/SES006/SA006S26	SES158	-0.646057	-62.9686	-62.3225
BLOCK00/SES006/SA006S26	SES270	-0.75927	-63.0818	-62.3225
BLOCK00/SES006/SA006S26	SES275	-3.10506	-65.4276	-62.3225
BLOCK00/SES006/SA006S28	SES007	-2.56207	-65.6838	-63.1217
BLOCK00/SES006/SA006S28	SES105	-2.24078	-65.3625	-63.1217
BLOCK00/SES006/SA006S28	SES158	-1.46061	-64.5823	-63.1217
BLOCK00/SES006/SA006S28	SES275	-3.1752	-66.2969	-63.1217
BLOCK00/SES009/SA009S12	SES083	-2.17514	-64.226	-62.0508
BLOCK00/SES009/SA009S12	SES148	-1.47684	-63.5277	-62.0508
BLOCK00/SES009/SA009S12	SES177	-3.02509	-65.0759	-62.0508
BLOCK00/SES009/SA009S12	SES292	-0.469048	-62.5199	-62.0508
BLOCK00/SES009/SA009S15	SES007	0.489616	-61.0813	-61.5709
BLOCK00/SES009/SA009S15	SES099	-7.34198	-68.9129	-61.5709
BLOCK00/SES009/SA009S15	SES148	-1.51818	-63.0891	-61.5709
BLOCK00/SES009/SA009S15	SES172	-1.8368	-63.4077	-61.5709
BLOCK00/SES009/SA009S24	SES146	-1.22492	-63.0439	-61.819
BLOCK00/SES009/SA009S24	SES148	-1.36535	-63.1844	-61.819
BLOCK00/SES009/SA009S24	SES177	-2.52644	-64.3455	-61.819
BLOCK00/SES009/SA009S24	SES292	-0.858585	-62.6776	-61.819
BLOCK00/SES009/SA009S26	SES083	-2.43167	-64.937	-62.5054
BLOCK00/SES009/SA009S26	SES101	-1.71155	-64.2169	-62.5054
BLOCK00/SES009/SA009S26	SES120	-1.28265	-63.788	-62.5054
BLOCK00/SES009/SA009S26	SES177	-3.16216	-65.6675	-62.5054
BLOCK00/SES009/SA009S29	SES083	-1.85798	-63.7076	-61.8496
BLOCK00/SES009/SA009S29	SES101	-1.59877	-63.4484	-61.8496
BLOCK00/SES009/SA009S29	SES177	-2.99229	-64.8419	-61.8496
BLOCK00/SES009/SA009S29	SES292	-0.718811	-62.5684	-61.8496
BLOCK01/SES011/SA011S10	SES019	-0.659195	-63.338	-62.6788
BLOCK01/SES011/SA011S10	SES042	-0.504025	-63.1828	-62.6788
BLOCK01/SES011/SA011S10	SES082	-1.60838	-64.2872	-62.6788
BLOCK01/SES011/SA011S10	SES206	-0.360218	-63.039	-62.6788
BLOCK01/SES011/SA011S11	SES019	-1.08867	-64.4315	-63.3429
BLOCK01/SES011/SA011S11	SES042	-1.47925	-64.8221	-63.3429
BLOCK01/SES011/SA011S11	SES082	-1.11142	-64.4543	-63.3429
BLOCK01/SES011/SA011S11	SES206	-0.603909	-63.9468	-63.3429
BLOCK01/SES011/SA011S22	SES019	-0.865944	-64.0252	-63.1592
BLOCK01/SES011/SA011S22	SES042	-0.859978	-64.0192	-63.1592
BLOCK01/SES011/SA011S22	SES082	-1.46499	-64.6242	-63.1592
BLOCK01/SES011/SA011S22	SES206	-0.248138	-63.4074	-63.1592
BLOCK01/SES011/SA011S24	SES019	-0.680046	-62.6493	-61.9693
BLOCK01/SES011/SA011S24	SES042	-0.319431	-62.2887	-61.9693
BLOCK01/SES011/SA011S24	SES104	-0.980377	-62.9497	-61.9693
BLOCK01/SES011/SA011S24	SES206	-0.0961113	-62.0654	-61.9693
BLOCK01/SES011/SA011S27	SES082	-0.575024	-62.5752	-62.0001
BLOCK01/SES011/SA011S27	SES087	-1.30705	-63.3072	-62.0001
BLOCK01/SES011/SA011S27	SES125	-0.0446854	-62.0448	-62.0001
BLOCK01/SES011/SA011S27	SES206	-0.670135	-62.6703	-62.0001
BLOCK01/SES012/SA012S11	SES007	-2.46715	-63.0324	-60.5652
BLOCK01/SES012/SA012S11	SES082	-1.55298	-62.1182	-60.5652
BLOCK01/SES012/SA012S11	SES083	-2.54423	-63.1094	-60.5652
BLOCK01/SES012/SA012S11	SES206	-0.491405	-61.0566	-60.5652
BLOCK01/SES012/SA012S14	SES082	-0.967239	-62.1998	-61.2326
BLOCK01/SES012/SA012S14	SES087	-2.32723	-63.5598	-61.2326
BLOCK01/SES012/SA012S14	SES206	-1.10328	-62.3358	-61.2326
BLOCK01/SES012/SA012S14	SES292	-3.33962	-64.5722	-61.2326
BLOCK01/SES012/SA012S24	SES082	-0.242577	-62.5673	-62.3247
BLOCK01/SES012/SA012S24	SES087	-1.16343	-63.4881	-62.3247
BLOCK01/SES012/SA012S24	SES120	-4.42463	-66.7493	-62.3247
BLOCK01/SES012/SA012S24	SES206	-0.266197	-62.5909	-62.3247
BLOCK01/SES012/SA012S26	SES019	-2.43392	-63.817	-61.3831
BLOCK01/SES012/SA012S26	SES082	-2.17148	-63.5546	-61.3831
BLOCK01/SES012/SA012S26	SES206	-0.242332	-61.6254	-61.3831
BLOCK01/SES012/SA012S26	SES292	-3.55249	-64.9356	-61.3831
BLOCK01/SES012/SA012S29	SES062	-2.15796	-63.3093	-61.1514
BLOCK01/SES012/SA012S29	SES082	-1.73465	-62.886	-61.1514
BLOCK01/SES012/SA012S29	SES083	-2.47179	-63.6232	-61.1514
BLOCK01/SES012/SA012S29	SES206	-1.12552	-62.2769	-61.1514
BLOCK01/SES013/SA013S16	SES062	-3.59153	-65.7194	-62.1279
BLOCK01/SES013/SA013S16	SES106	-0.644657	-62.7726	-62.1279
BLOCK01/SES013/SA013S16	SES206	-0.609154	-62.7371	-62.1279
BLOCK01/SES013/SA013S16	SES226	-0.725361	-62.8533	-62.1279
BLOCK01/SES013/SA013S17	SES062	-2.84163	-64.251	-61.4094
BLOCK01/SES013/SA013S17	SES106	-0.784595	-62.194	-61.4094
BLOCK01/SES013/SA013S17	SES206	0.302727	-61.1067	-61.4094
BLOCK01/SES013/SA013S17	SES226	-1.14293	-62.5523	-61.4094
BLOCK01/SES013/SA013S23	SES104	-0.875996	-63.2131	-62.3371
BLOCK01/SES013/SA013S23	SES106	-0.413185	-62.7503	-62.3371
BLOCK01/SES013/SA013S23	SES206	-0.828045	-63.1651	-62.3371
BLOCK01/SES013/SA013S23	SES270	-0.595345	-62.9324	-62.3371
BLOCK01/SES013/SA013S25	SES042	-1.5269	-63.1886	-61.6617
BLOCK01/SES013/SA013S25	SES104	-0.383144	-62.0449	-61.6617
BLOCK01/SES013/SA013S25	SES106	-0.369568	-62.0313	-61.6617
BLOCK01/SES013/SA013S25	SES206	-0.747074	-62.4088	-61.6617
BLOCK01/SES013/SA013S29	SES062	-3.73922	-65.7627	-62.0234
BLOCK01/SES013/SA013S29	SES104	-1.03008	-63.0535	-62.0234
BLOCK01/SES013/SA013S29	SES106	0.0375748	-61.9859	-62.0234
BLOCK01/SES013/SA013S29	SES206	-0.930012	-62.9535	-62.0234
BLOCK02/SES021/SA021S13	SES016	-6.08795	-67.3451	-61.2571
BLOCK02/SES021/SA021S13	SES029	-5.10428	-66.3614	-61.2571
BLOCK02/SES021/SA021S13	SES087	-1.60189	-62.859	-61.2571
BLOCK02/SES021/SA021S13	SES206	-0.981956	-62.2391	-61.2571
BLOCK02/SES021/SA021S15	SES087	-0.959091	-61.3897	-60.4306
BLOCK02/SES021/SA021S15	SES125	-0.759766	-61.1904	-60.4306
BLOCK02/SES021/SA021S15	SES206	-0.70348	-61.1341	-60.4306
BLOCK02/SES021/SA021S15	SES226	-0.546204	-60.9768	-60.4306
BLOCK02/SES021/SA021S23	SES062	-2.96315	-65.7063	-62.7431
BLOCK02/SES021/SA021S23	SES087	-1.46328	-64.2064	-62.7431
BLOCK02/SES021/SA021S23	SES206	-1.57261	-64.3158	-62.7431
BLOCK02/SES021/SA021S23	SES226	-0.556522	-63.2997	-62.7431
BLOCK02/SES021/SA021S27	SES002	-2.29626	-63.5964	-61.3001
BLOCK02/SES021/SA021S27	SES016	-5.0436	-66.3437	-61.3001
BLOCK02/SES021/SA021S27	SES019	-2.00444	-63.3046	-61.3001
BLOCK02/SES021/SA021S27	SES062	-2.18356	-63.4837	-61.3001
BLOCK02/SES021/SA021S29	SES087	-1.74899	-63.1751	-61.4261
BLOCK02/SES021/SA021S29	SES125	-0.903431	-62.3296	-61.4261
BLOCK02/SES021/SA021S29	SES206	-0.503052	-61.9292	-61.4261
BLOCK02/SES021/SA021S29	SES226	-0.896572	-62.3227	-61.4261
BLOCK04/SES043/SA043S09	SES083	-2.11436	-65.5049	-63.3905
BLOCK04/SES043/SA043S09	SES101	-2.85796	-66.2485	-63.3905
BLOCK04/SES043/SA043S09	SES144	-0.97023	-64.3607	-63.3905
BLOCK04/SES043/SA043S09	SES172	-3.49299	-66.8835	-63.3905
BLOCK04/SES043/SA043S11	SES083	-1.43713	-63.4748	-62.0377
BLOCK04/SES043/SA043S11	SES101	-1.95088	-63.9886	-62.0377
BLOCK04/SES043/SA043S11	SES144	-1.10859	-63.1463	-62.0377
BLOCK04/SES043/SA043S11	SES172	-2.15884	-64.1965	-62.0377
BLOCK04/SES043/SA043S23	SES083	-1.32516	-63.8356	-62.5105
BLOCK04/SES043/SA043S23	SES144	-0.67791	-63.1884	-62.5105
BLOCK04/SES043/SA043S23	SES177	-2.97427	-65.4847	-62.5105
BLOCK04/SES043/SA043S23	SES275	-1.11369	-63.6242	-62.5105
BLOCK04/SES043/SA043S26	SES083	-1.60594	-63.8339	-62.228
BLOCK04/SES043/SA043S26	SES101	-1.684	-63.912	-62.228
BLOCK04/SES043/SA043S26	SES144	-0.585663	-62.8137	-62.228
BLOCK04/SES043/SA043S26	SES177	-2.28533	-64.5133	-62.228
BLOCK04/SES043/SA043S28	SES016	-2.07534	-63.7301	-61.6547
BLOCK04/SES043/SA043S28	SES083	-1.472	-63.1267	-61.6547
BLOCK04/SES043/SA043S28	SES101	-1.29553	-62.9503	-61.6547
BLOCK04/SES043/SA043S28	SES144	-1.16755	-62.8223	-61.6547
BLOCK04/SES044/SA044S10	SES127	-2.79307	-67.3111	-64.518
BLOCK04/SES044/SA044S10	SES144	-1.0676	-65.5856	-64.518
BLOCK04/SES044/SA044S10	SES147	-2.16027	-66.6783	-64.518
BLOCK04/SES044/SA044S10	SES148	-2.13901	-66.657	-64.518
BLOCK04/SES044/SA044S11	SES101	-2.06967	-65.6467	-63.577
BLOCK04/SES044/SA044S11	SES144	-1.19065	-64.7676	-63.577
BLOCK04/SES044/SA044S11	SES147	-2.06257	-65.6396	-63.577
BLOCK04/SES044/SA044S11	SES177	-2.42809	-66.0051	-63.577
BLOCK04/SES044/SA044S24	SES007	-1.63576	-64.7524	-63.1166
BLOCK04/SES044/SA044S24	SES101	-1.85106	-64.9677	-63.1166
BLOCK04/SES044/SA044S24	SES147	-2.53847	-65.6551	-63.1166
BLOCK04/SES044/SA044S24	SES177	-2.89792	-66.0146	-63.1166
BLOCK04/SES044/SA044S26	SES007	-1.89653	-64.9784	-63.0818
BLOCK04/SES044/SA044S26	SES016	-1.384	-64.4658	-63.0818
BLOCK04/SES044/SA044S26	SES101	-1.27346	-64.3553	-63.0818
BLOCK04/SES044/SA044S26	SES147	-1.26329	-64.3451	-63.0818
BLOCK04/SES044/SA044S29	SES007	-1.70245	-64.0114	-62.309
BLOCK04/SES044/SA044S29	SES101	-1.33494	-63.6439	-62.309
BLOCK04/SES044/SA044S29	SES147	-1.53743	-63.8464	-62.309
BLOCK04/SES044/SA044S29	SES177	-1.68068	-63.9896	-62.309
BLOCK04/SES046/SA046S13	SES101	-2.56059	-65.9899	-63.4293
BLOCK04/SES046/SA046S13	SES144	-1.54543	-64.9747	-63.4293
BLOCK04/SES046/SA046S13	SES147	-2.35667	-65.786	-63.4293
BLOCK04/SES046/SA046S13	SES177	-2.34672	-65.776	-63.4293
BLOCK04/SES046/SA046S15	SES048	-2.49707	-64.6617	-62.1647
BLOCK04/SES046/SA046S15	SES083	-1.90146	-64.0661	-62.1647
BLOCK04/SES046/SA046S15	SES120	-2.04692	-64.2116	-62.1647
BLOCK04/SES046/SA046S15	SES148	-1.74339	-63.9081	-62.1647
BLOCK04/SES046/SA046S22	SES101	-1.65361	-64.7659	-63.1123
BLOCK04/SES046/SA046S22	SES144	-1.47798	-64.5903	-63.1123
BLOCK04/SES046/SA046S22	SES147	-1.3296	-64.4419	-63.1123
BLOCK04/SES046/SA046S22	SES172	-1.46962	-64.5819	-63.1123
BLOCK04/SES046/SA046S25	SES083	-1.46281	-64.0056	-62.5428
BLOCK04/SES046/SA046S25	SES127	-1.83524	-64.378	-62.5428
BLOCK04/SES046/SA046S25	SES144	-2.21714	-64.7599	-62.5428
BLOCK04/SES046/SA046S25	SES148	-1.90097	-64.4437	-62.5428
BLOCK04/SES046/SA046S28	SES007	-3.23376	-66.322	-63.0882
BLOCK04/SES046/SA046S28	SES105	-2.98416	-66.0724	-63.0882
BLOCK04/SES046/SA046S28	SES147	-3.15086	-66.2391	-63.0882
BLOCK04/SES046/SA046S28	SES148	-1.76894	-64.8571	-63.0882
BLOCK04/SES049/SA049S16	SES104	-1.23584	-64.5451	-63.3092
BLOCK04/SES049/SA049S16	SES106	-0.95417	-64.2634	-63.3092
BLOCK04/SES049/SA049S16	SES120	-4.63045	-67.9397	-63.3092
BLOCK04/SES049/SA049S16	SES206	-1.22269	-64.5319	-63.3092
BLOCK04/SES049/SA049S18	SES099	-1.77967	-65.3603	-63.5806
BLOCK04/SES049/SA049S18	SES104	-1.4553	-65.0359	-63.5806
BLOCK04/SES049/SA049S18	SES125	-1.70879	-65.2894	-63.5806
BLOCK04/SES049/SA049S18	SES206	-1.81942	-65.4	-63.5806
BLOCK04/SES049/SA049S25	SES087	-0.893898	-63.7838	-62.8899
BLOCK04/SES049/SA049S25	SES104	-0.531456	-63.4213	-62.8899
BLOCK04/SES049/SA049S25	SES125	-1.2852	-64.1751	-62.8899
BLOCK04/SES049/SA049S25	SES206	-0.617619	-63.5075	-62.8899
BLOCK04/SES049/SA049S27	SES099	-1.39907	-63.7374	-62.3383
BLOCK04/SES049/SA049S27	SES104	-0.596375	-62.9347	-62.3383
BLOCK04/SES049/SA049S27	SES125	-1.68199	-64.0203	-62.3383
BLOCK04/SES049/SA049S27	SES206	-1.14082	-63.4791	-62.3383
BLOCK04/SES049/SA049S29	SES099	-0.776226	-62.4514	-61.6752
BLOCK04/SES049/SA049S29	SES104	-0.408821	-62.084	-61.6752
BLOCK04/SES049/SA049S29	SES125	-0.860752	-62.536	-61.6752
BLOCK04/SES049/SA049S29	SES206	-0.72823	-62.4034	-61.6752
BLOCK06/SES063/SA063S09	SES068	-2.23387	-64.4772	-62.2434
BLOCK06/SES063/SA063S09	SES083	-1.63893	-63.8823	-62.2434
BLOCK06/SES063/SA063S09	SES177	-1.42286	-63.6662	-62.2434
BLOCK06/SES063/SA063S09	SES187	-1.23185	-63.4752	-62.2434
BLOCK06/SES063/SA063S10	SES068	-2.07056	-64.5707	-62.5001
BLOCK06/SES063/SA063S10	SES083	-1.0584	-63.5585	-62.5001
BLOCK06/SES063/SA063S10	SES172	-0.465065	-62.9652	-62.5001
BLOCK06/SES063/SA063S10	SES187	-0.925598	-63.4257	-62.5001
BLOCK06/SES063/SA063S20	SES068	-2.31559	-64.9339	-62.6183
BLOCK06/SES063/SA063S20	SES083	-1.49372	-64.1121	-62.6183
BLOCK06/SES063/SA063S20	SES172	-0.975567	-63.5939	-62.6183
BLOCK06/SES063/SA063S20	SES187	-0.688301	-63.3066	-62.6183
BLOCK06/SES063/SA063S24	SES029	-1.87471	-63.5636	-61.6889
BLOCK06/SES063/SA063S24	SES083	-1.08704	-62.776	-61.6889
BLOCK06/SES063/SA063S24	SES177	-0.635975	-62.3249	-61.6889
BLOCK06/SES063/SA063S24	SES189	-0.817669	-62.5066	-61.6889
BLOCK06/SES063/SA063S27	SES083	-1.14018	-64.0484	-62.9082
BLOCK06/SES063/SA063S27	SES172	-0.438389	-63.3466	-62.9082
BLOCK06/SES063/SA063S27	SES187	-1.31385	-64.222	-62.9082
BLOCK06/SES063/SA063S27	SES292	-1.84239	-64.7506	-62.9082
BLOCK06/SES067/SA067S12	SES083	-2.2086	-64.335	-62.1264
BLOCK06/SES067/SA067S12	SES172	-2.49522	-64.6216	-62.1264
BLOCK06/SES067/SA067S12	SES202	-0.0168266	-62.1432	-62.1264
BLOCK06/SES067/SA067S12	SES292	-2.25521	-64.3816	-62.1264
BLOCK06/SES067/SA067S14	SES085	-1.25393	-62.8839	-61.6299
BLOCK06/SES067/SA067S14	SES177	-2.21754	-63.8475	-61.6299
BLOCK06/SES067/SA067S14	SES183	-1.26968	-62.8996	-61.6299
BLOCK06/SES067/SA067S14	SES202	-0.271385	-61.9013	-61.6299
BLOCK06/SES067/SA067S21	SES144	-1.4693	-65.2567	-63.7874
BLOCK06/SES067/SA067S21	SES177	-1.57935	-65.3668	-63.7874
BLOCK06/SES067/SA067S21	SES183	-2.66089	-66.4483	-63.7874
BLOCK06/SES067/SA067S21	SES189	-0.586456	-64.3739	-63.7874
BLOCK06/SES067/SA067S25	SES085	-1.06866	-63.3787	-62.31
BLOCK06/SES067/SA067S25	SES177	-1.03238	-63.3424	-62.31
BLOCK06/SES067/SA067S25	SES183	-1.46481	-63.7748	-62.31
BLOCK06/SES067/SA067S25	SES202	-0.414894	-62.7249	-62.31
BLOCK06/SES067/SA067S29	SES085	-0.679249	-63.5602	-62.881
BLOCK06/SES067/SA067S29	SES177	-1.31671	-64.1977	-62.881
BLOCK06/SES067/SA067S29	SES183	-0.707737	-63.5887	-62.881
BLOCK06/SES067/SA067S29	SES202	0.449554	-62.4314	-62.881
BLOCK06/SES069/SA069S12	SES029	-3.61989	-65.3523	-61.7325
BLOCK06/SES069/SA069S12	SES082	-1.11744	-62.8499	-61.7325
BLOCK06/SES069/SA069S12	SES087	-1.65042	-63.3829	-61.7325
BLOCK06/SES069/SA069S12	SES206	-1.03482	-62.7673	-61.7325
BLOCK06/SES069/SA069S13	SES029	-4.32484	-66.2419	-61.917
BLOCK06/SES069/SA069S13	SES087	-2.74788	-64.6649	-61.917
BLOCK06/SES069/SA069S13	SES206	-2.47413	-64.3911	-61.917
BLOCK06/SES069/SA069S13	SES226	-2.40908	-64.3261	-61.917
BLOCK06/SES069/SA069S23	SES029	-3.22316	-63.4411	-60.2179
BLOCK06/SES069/SA069S23	SES087	-1.79807	-62.016	-60.2179
BLOCK06/SES069/SA069S23	SES206	-1.95859	-62.1765	-60.2179
BLOCK06/SES069/SA069S23	SES226	-1.57821	-61.7961	-60.2179
BLOCK06/SES069/SA069S25	SES087	-1.53402	-62.2778	-60.7438
BLOCK06/SES069/SA069S25	SES206	-2.13979	-62.8836	-60.7438
BLOCK06/SES069/SA069S25	SES226	-1.53949	-62.2833	-60.7438
BLOCK06/SES069/SA069S25	SES270	-1.95667	-62.7005	-60.7438
BLOCK06/SES069/SA069S27	SES087	-2.02118	-63.4766	-61.4554
BLOCK06/SES069/SA069S27	SES206	-0.566837	-62.0222	-61.4554
BLOCK06/SES069/SA069S27	SES226	-0.461731	-61.9171	-61.4554
BLOCK06/SES069/SA069S27	SES270	-1.50842	-62.9638	-61.4554
BLOCK08/SES081/SA081S11	SES060	-1.56712	-64.0752	-62.5081
BLOCK08/SES081/SA081S11	SES062	-2.94118	-65.4492	-62.5081
BLOCK08/SES081/SA081S11	SES117	-1.9035	-64.4116	-62.5081
BLOCK08/SES081/SA081S11	SES162	-1.21395	-63.722	-62.5081
BLOCK08/SES081/SA081S13	SES016	-0.931454	-62.412	-61.4805
BLOCK08/SES081/SA081S13	SES060	-0.624325	-62.1048	-61.4805
BLOCK08/SES081/SA081S13	SES068	-0.459274	-61.9398	-61.4805
BLOCK08/SES081/SA081S13	SES129	-2.33947	-63.82	-61.4805
BLOCK08/SES081/SA081S24	SES060	-1.00621	-63.3333	-62.3271
BLOCK08/SES081/SA081S24	SES068	-1.11713	-63.4442	-62.3271
BLOCK08/SES081/SA081S24	SES117	-1.73152	-64.0586	-62.3271
BLOCK08/SES081/SA081S24	SES275	-2.23763	-64.5647	-62.3271
BLOCK08/SES081/SA081S27	SES007	-1.35294	-63.4494	-62.0965
BLOCK08/SES081/SA081S27	SES060	-1.55125	-63.6478	-62.0965
BLOCK08/SES081/SA081S27	SES117	-1.28166	-63.3782	-62.0965
BLOCK08/SES081/SA081S27	SES275	-2.07682	-64.1733	-62.0965
BLOCK08/SES081/SA081S29	SES007	-1.71136	-63.5498	-61.8384
BLOCK08/SES081/SA081S29	SES060	-1.19551	-63.0339	-61.8384
BLOCK08/SES081/SA081S29	SES117	-1.34013	-63.1785	-61.8384
BLOCK08/SES081/SA081S29	SES275	-2.09888	-63.9373	-61.8384
BLOCK08/SES086/SA086S11	SES029	-4.79146	-67.8555	-63.064
BLOCK08/SES086/SA086S11	SES082	-1.6141	-64.6781	-63.064
BLOCK08/SES086/SA086S11	SES087	-1.17974	-64.2438	-63.064
BLOCK08/SES086/SA086S11	SES206	-1.2333	-64.2973	-63.064
BLOCK08/SES086/SA086S12	SES029	-4.77394	-67.2344	-62.4604
BLOCK08/SES086/SA086S12	SES082	-1.4126	-63.873	-62.4604
BLOCK08/SES086/SA086S12	SES087	-0.189812	-62.6502	-62.4604
BLOCK08/SES086/SA086S12	SES206	-0.60368	-63.0641	-62.4604
BLOCK08/SES086/SA086S20	SES029	-4.91112	-66.0879	-61.1768
BLOCK08/SES086/SA086S20	SES082	-1.44295	-62.6197	-61.1768
BLOCK08/SES086/SA086S20	SES087	-0.512424	-61.6892	-61.1768
BLOCK08/SES086/SA086S20	SES206	-0.382587	-61.5594	-61.1768
BLOCK08/SES086/SA086S24	SES087	-0.437199	-62.963	-62.5258
BLOCK08/SES086/SA086S24	SES104	-0.826939	-63.3527	-62.5258
BLOCK08/SES086/SA086S24	SES120	-4.43778	-66.9636	-62.5258
BLOCK08/SES086/SA086S24	SES206	-0.0908127	-62.6166	-62.5258
BLOCK08/SES086/SA086S28	SES029	-4.04454	-65.5075	-61.463
BLOCK08/SES086/SA086S28	SES082	-1.44169	-62.9047	-61.463
BLOCK08/SES086/SA086S28	SES087	-0.455547	-61.9185	-61.463
BLOCK08/SES086/SA086S28	SES206	-0.651062	-62.114	-61.463
BLOCK08/SES089/SA089S13	SES087	-1.76618	-64.3755	-62.6093
BLOCK08/SES089/SA089S13	SES206	-2.03921	-64.6485	-62.6093
BLOCK08/SES089/SA089S13	SES226	-1.44092	-64.0502	-62.6093
BLOCK08/SES089/SA089S13	SES270	-2.95436	-65.5637	-62.6093
BLOCK08/SES089/SA089S14	SES062	-2.23504	-64.0408	-61.8057
BLOCK08/SES089/SA089S14	SES087	-1.24306	-63.0488	-61.8057
BLOCK08/SES089/SA089S14	SES206	-1.44319	-63.2489	-61.8057
BLOCK08/SES089/SA089S14	SES226	-0.589989	-62.3957	-61.8057
BLOCK08/SES089/SA089S23	SES087	-1.04758	-63.8047	-62.7571
BLOCK08/SES089/SA089S23	SES206	-2.26365	-65.0207	-62.7571
BLOCK08/SES089/SA089S23	SES226	-0.969193	-63.7263	-62.7571
BLOCK08/SES089/SA089S23	SES270	-2.98838	-65.7455	-62.7571
BLOCK08/SES089/SA089S25	SES062	-2.31369	-64.8712	-62.5575
BLOCK08/SES089/SA089S25	SES087	-0.948505	-63.506	-62.5575
BLOCK08/SES089/SA089S25	SES206	-1.73275	-64.2902	-62.5575
BLOCK08/SES089/SA089S25	SES226	0.0891953	-62.4683	-62.5575
BLOCK08/SES089/SA089S28	SES062	-2.03183	-64.6548	-62.623
BLOCK08/SES089/SA089S28	SES087	-0.843998	-63.467	-62.623
BLOCK08/SES089/SA089S28	SES206	-1.47741	-64.1004	-62.623
BLOCK08/SES089/SA089S28	SES226	-0.41758	-63.0406	-62.623
BLOCK09/SES097/SA097S11	SES099	-0.668427	-63.3146	-62.6461
BLOCK09/SES097/SA097S11	SES125	-1.22193	-63.8681	-62.6461
BLOCK09/SES097/SA097S11	SES206	-1.12221	-63.7684	-62.6461
BLOCK09/SES097/SA097S11	SES226	-0.845535	-63.4917	-62.6461
BLOCK09/SES097/SA097S14	SES062	-3.3064	-65.8594	-62.553
BLOCK09/SES097/SA097S14	SES099	-1.62857	-64.1815	-62.553
BLOCK09/SES097/SA097S14	SES104	-0.313713	-62.8667	-62.553
BLOCK09/SES097/SA097S14	SES206	-1.27436	-63.8273	-62.553
BLOCK09/SES097/SA097S22	SES099	-1.07328	-63.6129	-62.5397
BLOCK09/SES097/SA097S22	SES206	-0.785259	-63.3249	-62.5397
BLOCK09/SES097/SA097S22	SES226	-1.14609	-63.6857	-62.5397
BLOCK09/SES097/SA097S22	SES270	-0.62439	-63.1641	-62.5397
BLOCK09/SES097/SA097S26	SES099	-0.454739	-62.6542	-62.1995
BLOCK09/SES097/SA097S26	SES120	-3.08471	-65.2842	-62.1995
BLOCK09/SES097/SA097S26	SES206	-0.966145	-63.1656	-62.1995
BLOCK09/SES097/SA097S26	SES226	-1.13523	-63.3347	-62.1995
BLOCK09/SES097/SA097S28	SES099	-1.07487	-63.2374	-62.1625
BLOCK09/SES097/SA097S28	SES120	-3.25185	-65.4144	-62.1625
BLOCK09/SES097/SA097S28	SES206	-1.38712	-63.5496	-62.1625
BLOCK09/SES097/SA097S28	SES226	-1.47853	-63.641	-62.1625
BLOCK09/SES098/SA098S11	SES127	-2.95206	-67.604	-64.6519
BLOCK09/SES098/SA098S11	SES144	-2.03482	-66.6867	-64.6519
BLOCK09/SES098/SA098S11	SES147	-1.01395	-65.6658	-64.6519
BLOCK09/SES098/SA098S11	SES148	-2.81817	-67.4701	-64.6519
BLOCK09/SES098/SA098S12	SES127	-4.57631	-70.4233	-65.847
BLOCK09/SES098/SA098S12	SES144	-2.46367	-68.3107	-65.847
BLOCK09/SES098/SA098S12	SES147	-1.34295	-67.19	-65.847
BLOCK09/SES098/SA098S12	SES189	-0.31086	-66.1579	-65.847
BLOCK09/SES098/SA098S20	SES127	-4.06128	-69.0194	-64.9581
BLOCK09/SES098/SA098S20	SES147	-0.803116	-65.7613	-64.9581
BLOCK09/SES098/SA098S20	SES148	-3.10775	-68.0659	-64.9581
BLOCK09/SES098/SA098S20	SES292	-4.24403	-69.2022	-64.9581
BLOCK09/SES098/SA098S23	SES127	-2.33719	-66.3134	-63.9762
BLOCK09/SES098/SA098S23	SES147	-0.31926	-64.2955	-63.9762
BLOCK09/SES098/SA098S23	SES187	-0.840439	-64.8166	-63.9762
BLOCK09/SES098/SA098S23	SES292	-3.31614	-67.2923	-63.9762
BLOCK09/SES098/SA098S27	SES127	-3.21534	-67.5379	-64.3226
BLOCK09/SES098/SA098S27	SES147	-1.52158	-65.8442	-64.3226
BLOCK09/SES098/SA098S27	SES148	-3.29292	-67.6155	-64.3226
BLOCK09/SES098/SA098S27	SES292	-3.31152	-67.6341	-64.3226
BLOCK10/SES102/SA102S13	SES101	-1.17353	-64.0519	-62.8784
BLOCK10/SES102/SA102S13	SES105	-1.3999	-64.2783	-62.8784
BLOCK10/SES102/SA102S13	SES120	-2.20975	-65.0881	-62.8784
BLOCK10/SES102/SA102S13	SES158	-9.59011	-72.4685	-62.8784
BLOCK10/SES102/SA102S14	SES007	-0.419891	-62.3012	-61.8813
BLOCK10/SES102/SA102S14	SES101	-0.521294	-62.4026	-61.8813
BLOCK10/SES102/SA102S14	SES105	-1.4192	-63.3005	-61.8813
BLOCK10/SES102/SA102S14	SES147	-2.80731	-64.6886	-61.8813
BLOCK10/SES102/SA102S22	SES007	-1.10615	-62.5539	-61.4478
BLOCK10/SES102/SA102S22	SES101	-1.17477	-62.6225	-61.4478
BLOCK10/SES102/SA102S22	SES105	-1.0398	-62.4876	-61.4478
BLOCK10/SES102/SA102S22	SES158	-5.38736	-66.8351	-61.4478
BLOCK10/SES102/SA102S25	SES007	-0.924191	-62.8824	-61.9582
BLOCK10/SES102/SA102S25	SES101	-1.37039	-63.3285	-61.9582
BLOCK10/SES102/SA102S25	SES105	-1.25117	-63.2093	-61.9582
BLOCK10/SES102/SA102S25	SES147	-3.4856	-65.4438	-61.9582
BLOCK10/SES102/SA102S27	SES007	-1.47332	-64.1424	-62.6691
BLOCK10/SES102/SA102S27	SES101	-1.27177	-63.9408	-62.6691
BLOCK10/SES102/SA102S27	SES105	-1.15675	-63.8258	-62.6691
BLOCK10/SES102/SA102S27	SES147	-2.22662	-64.8957	-62.6691
BLOCK10/SES103/SA103S14	SES105	-2.01141	-64.5574	-62.546
BLOCK10/SES103/SA103S14	SES106	-0.5956	-63.1416	-62.546
BLOCK10/SES103/SA103S14	SES120	-3.67087	-66.2169	-62.546
BLOCK10/SES103/SA103S14	SES206	-0.927853	-63.4739	-62.546
BLOCK10/SES103/SA103S15	SES099	-1.11347	-64.6076	-63.4941
BLOCK10/SES103/SA103S15	SES101	-4.59974	-68.0938	-63.4941
BLOCK10/SES103/SA103S15	SES104	-0.938526	-64.4326	-63.4941
BLOCK10/SES103/SA103S15	SES125	-1.32588	-64.82	-63.4941
BLOCK10/SES103/SA103S24	SES104	-1.40823	-63.357	-61.9488
BLOCK10/SES103/SA103S24	SES125	-1.87413	-63.8229	-61.9488
BLOCK10/SES103/SA103S24	SES148	-4.54622	-66.495	-61.9488
BLOCK10/SES103/SA103S24	SES158	-0.878376	-62.8272	-61.9488
BLOCK10/SES103/SA103S26	SES104	-1.5458	-64.2952	-62.7494
BLOCK10/SES103/SA103S26	SES106	-1.04764	-63.7971	-62.7494
BLOCK10/SES103/SA103S26	SES125	-2.1487	-64.8981	-62.7494
BLOCK10/SES103/SA103S26	SES148	-4.08377	-66.8332	-62.7494
BLOCK10/SES103/SA103S28	SES104	-1.8598	-65.4401	-63.5803
BLOCK10/SES103/SA103S28	SES106	-1.12428	-64.7046	-63.5803
BLOCK10/SES103/SA103S28	SES125	-2.28914	-65.8695	-63.5803
BLOCK10/SES103/SA103S28	SES206	-2.3533	-65.9336	-63.5803
BLOCK12/SES121/SA121S12	SES042	-2.69769	-65.8425	-63.1448
BLOCK12/SES121/SA121S12	SES087	-2.39895	-65.5438	-63.1448
BLOCK12/SES121/SA121S12	SES105	-1.74378	-64.8886	-63.1448
BLOCK12/SES121/SA121S12	SES206	-1.37881	-64.5236	-63.1448
BLOCK12/SES121/SA121S14	SES007	-3.57327	-67.5018	-63.9285
BLOCK12/SES121/SA121S14	SES105	-2.74164	-66.6701	-63.9285
BLOCK12/SES121/SA121S14	SES106	-1.61059	-65.5391	-63.9285
BLOCK12/SES121/SA121S14	SES206	-2.13163	-66.0601	-63.9285
BLOCK12/SES121/SA121S23	SES105	-2.6003	-66.9266	-64.3263
BLOCK12/SES121/SA121S23	SES106	-1.36163	-65.688	-64.3263
BLOCK12/SES121/SA121S23	SES120	-4.23939	-68.5657	-64.3263
BLOCK12/SES121/SA121S23	SES206	-1.84629	-66.1726	-64.3263
BLOCK12/SES121/SA121S25	SES007	-3.57218	-67.976	-64.4039
BLOCK12/SES121/SA121S25	SES105	-3.11076	-67.5146	-64.4039
BLOCK12/SES121/SA121S25	SES106	-1.49248	-65.8963	-64.4039
BLOCK12/SES121/SA121S25	SES206	-1.74207	-66.1459	-64.4039
BLOCK12/SES121/SA121S27	SES087	-1.80263	-65.4981	-63.6954
BLOCK12/SES121/SA121S27	SES105	-3.53361	-67.229	-63.6954
BLOCK12/SES121/SA121S27	SES120	-4.42631	-68.1217	-63.6954
BLOCK12/SES121/SA121S27	SES206	-1.78657	-65.482	-63.6954
BLOCK12/SES124/SA124S16	SES042	-1.37308	-63.4327	-62.0596
BLOCK12/SES124/SA124S16	SES082	-1.79483	-63.8545	-62.0596
BLOCK12/SES124/SA124S16	SES183	-3.95177	-66.0114	-62.0596
BLOCK12/SES124/SA124S16	SES206	-1.04785	-63.1075	-62.0596
BLOCK12/SES124/SA124S17	SES105	-2.41558	-65.2832	-62.8677
BLOCK12/SES124/SA124S17	SES149	-1.72762	-64.5953	-62.8677
BLOCK12/SES124/SA124S17	SES158	-1.74868	-64.6163	-62.8677
BLOCK12/SES124/SA124S17	SES275	-3.45834	-66.326	-62.8677
BLOCK12/SES124/SA124S23	SES105	-2.53756	-63.0221	-60.4845
BLOCK12/SES124/SA124S23	SES125	-0.00272369	-60.4873	-60.4845
BLOCK12/SES124/SA124S23	SES129	-4.47221	-64.9567	-60.4845
BLOCK12/SES124/SA124S23	SES158	-0.94046	-61.425	-60.4845
BLOCK12/SES124/SA124S26	SES105	-3.15303	-64.792	-61.639
BLOCK12/SES124/SA124S26	SES125	-0.237679	-61.8767	-61.639
BLOCK12/SES124/SA124S26	SES129	-5.24292	-66.8819	-61.639
BLOCK12/SES124/SA124S26	SES158	-0.76376	-62.4027	-61.639
BLOCK12/SES124/SA124S28	SES104	-0.726933	-62.199	-61.4721
BLOCK12/SES124/SA124S28	SES106	-0.163437	-61.6355	-61.4721
BLOCK12/SES124/SA124S28	SES125	-0.360004	-61.8321	-61.4721
BLOCK12/SES124/SA124S28	SES275	-3.40195	-64.8741	-61.4721
BLOCK12/SES126/SA126S13	SES007	-2.38062	-66.9056	-64.525
BLOCK12/SES126/SA126S13	SES162	-0.974792	-65.4998	-64.525
BLOCK12/SES126/SA126S13	SES177	-1.35107	-65.8761	-64.525
BLOCK12/SES126/SA126S13	SES180	-1.06836	-65.5934	-64.525
BLOCK12/SES126/SA126S14	SES144	-1.32656	-64.0567	-62.7301
BLOCK12/SES126/SA126S14	SES148	-1.11034	-63.8405	-62.7301
BLOCK12/SES126/SA126S14	SES177	-0.768963	-63.4991	-62.7301
BLOCK12/SES126/SA126S14	SES180	-0.833405	-63.5635	-62.7301
BLOCK12/SES126/SA126S20	SES007	-2.19923	-65.2611	-63.0619
BLOCK12/SES126/SA126S20	SES162	-1.5011	-64.563	-63.0619
BLOCK12/SES126/SA126S20	SES172	-2.85992	-65.9218	-63.0619
BLOCK12/SES126/SA126S20	SES180	-1.81133	-64.8732	-63.0619
BLOCK12/SES126/SA126S24	SES120	-1.76345	-64.5672	-62.8037
BLOCK12/SES126/SA126S24	SES162	-0.531826	-63.3355	-62.8037
BLOCK12/SES126/SA126S24	SES177	-1.13031	-63.934	-62.8037
BLOCK12/SES126/SA126S24	SES180	-0.169712	-62.9734	-62.8037
BLOCK12/SES126/SA126S26	SES120	-1.94702	-65.5558	-63.6087
BLOCK12/SES126/SA126S26	SES177	-1.53856	-65.1473	-63.6087
BLOCK12/SES126/SA126S26	SES180	-0.920422	-64.5292	-63.6087
BLOCK12/SES126/SA126S26	SES202	-3.46634	-67.0751	-63.6087
BLOCK12/SES128/SA128S10	SES087	-2.41159	-64.6954	-62.2839
BLOCK12/SES128/SA128S10	SES206	-1.44776	-63.7316	-62.2839
BLOCK12/SES128/SA128S10	SES226	-1.48427	-63.7681	-62.2839
BLOCK12/SES128/SA128S10	SES270	-1.60368	-63.8875	-62.2839
BLOCK12/SES128/SA128S12	SES120	-3.53377	-65.6395	-62.1057
BLOCK12/SES128/SA128S12	SES158	-1.48316	-63.5889	-62.1057
BLOCK12/SES128/SA128S12	SES206	-1.21756	-63.3233	-62.1057
BLOCK12/SES128/SA128S12	SES226	-1.7073	-63.813	-62.1057
BLOCK12/SES128/SA128S21	SES106	-2.96245	-66.5525	-63.59
BLOCK12/SES128/SA128S21	SES120	-3.09851	-66.6885	-63.59
BLOCK12/SES128/SA128S21	SES206	-2.79386	-66.3839	-63.59
BLOCK12/SES128/SA128S21	SES226	-1.85515	-65.4452	-63.59
BLOCK12/SES128/SA128S24	SES087	-3.40313	-66.6769	-63.2738
BLOCK12/SES128/SA128S24	SES120	-2.29361	-65.5674	-63.2738
BLOCK12/SES128/SA128S24	SES206	-2.69799	-65.9718	-63.2738
BLOCK12/SES128/SA128S24	SES226	-1.98478	-65.2586	-63.2738
BLOCK12/SES128/SA128S27	SES099	-2.09163	-64.3361	-62.2445
BLOCK12/SES128/SA128S27	SES120	-2.74198	-64.9865	-62.2445
BLOCK12/SES128/SA128S27	SES206	-2.26043	-64.5049	-62.2445
BLOCK12/SES128/SA128S27	SES226	-1.6423	-63.8868	-62.2445
BLOCK13/SES130/SA130S13	SES143	-4.03431	-69.0154	-64.9811
BLOCK13/SES130/SA130S13	SES144	-0.421829	-65.4029	-64.9811
BLOCK13/SES130/SA130S13	SES146	-1.0873	-66.0684	-64.9811
BLOCK13/SES130/SA130S13	SES275	-2.7067	-67.6878	-64.9811
BLOCK13/SES130/SA130S15	SES143	-2.32194	-65.5707	-63.2487
BLOCK13/SES130/SA130S15	SES144	-0.883797	-64.1325	-63.2487
BLOCK13/SES130/SA130S15	SES146	-1.01226	-64.261	-63.2487
BLOCK13/SES130/SA130S15	SES275	-1.34679	-64.5955	-63.2487
BLOCK13/SES130/SA130S23	SES127	-3.35713	-67.7443	-64.3871
BLOCK13/SES130/SA130S23	SES144	-1.33364	-65.7208	-64.3871
BLOCK13/SES130/SA130S23	SES146	-0.568123	-64.9552	-64.3871
BLOCK13/SES130/SA130S23	SES162	-1.9955	-66.3826	-64.3871
BLOCK13/SES130/SA130S25	SES127	-2.41138	-65.3178	-62.9064
BLOCK13/SES130/SA130S25	SES144	-0.741821	-63.6482	-62.9064
BLOCK13/SES130/SA130S25	SES146	-0.47617	-63.3825	-62.9064
BLOCK13/SES130/SA130S25	SES275	-1.13689	-64.0433	-62.9064
BLOCK13/SES130/SA130S28	SES127	-1.81076	-64.7738	-62.9631
BLOCK13/SES130/SA130S28	SES144	-1.1269	-64.09	-62.9631
BLOCK13/SES130/SA130S28	SES146	-1.56657	-64.5297	-62.9631
BLOCK13/SES130/SA130S28	SES275	-0.903744	-63.8668	-62.9631
BLOCK13/SES131/SA131S13	SES002	-2.59885	-66.3764	-63.7776
BLOCK13/SES131/SA131S13	SES007	-3.0701	-66.8477	-63.7776
BLOCK13/SES131/SA131S13	SES099	-2.27052	-66.0481	-63.7776
BLOCK13/SES131/SA131S13	SES105	-2.53064	-66.3082	-63.7776
BLOCK13/SES131/SA131S14	SES104	-1.69859	-63.6826	-61.984
BLOCK13/SES131/SA131S14	SES106	-1.18129	-63.1653	-61.984
BLOCK13/SES131/SA131S14	SES125	-1.82064	-63.8047	-61.984
BLOCK13/SES131/SA131S14	SES148	-3.1798	-65.1638	-61.984
BLOCK13/SES131/SA131S20	SES104	-2.15456	-65.4387	-63.2841
BLOCK13/SES131/SA131S20	SES106	-1.05257	-64.3367	-63.2841
BLOCK13/SES131/SA131S20	SES125	-1.76505	-65.0492	-63.2841
BLOCK13/SES131/SA131S20	SES148	-4.72032	-68.0044	-63.2841
BLOCK13/SES131/SA131S22	SES099	-1.63128	-64.5254	-62.8941
BLOCK13/SES131/SA131S22	SES104	-1.5126	-64.4067	-62.8941
BLOCK13/SES131/SA131S22	SES125	-1.53027	-64.4244	-62.8941
BLOCK13/SES131/SA131S22	SES206	-2.17448	-65.0686	-62.8941
BLOCK13/SES131/SA131S29	SES087	-1.75986	-64.8981	-63.1383
BLOCK13/SES131/SA131S29	SES104	-2.78022	-65.9185	-63.1383
BLOCK13/SES131/SA131S29	SES125	-1.84846	-64.9867	-63.1383
BLOCK13/SES131/SA131S29	SES206	-2.15172	-65.29	-63.1383
BLOCK13/SES132/SA132S11	SES083	-1.82152	-63.9639	-62.1424
BLOCK13/SES132/SA132S11	SES120	-0.283985	-62.4264	-62.1424
BLOCK13/SES132/SA132S11	SES127	-1.13145	-63.2738	-62.1424
BLOCK13/SES132/SA132S11	SES275	-1.57415	-63.7165	-62.1424
BLOCK13/SES132/SA132S12	SES083	-2.34179	-64.3976	-62.0558
BLOCK13/SES132/SA132S12	SES143	-1.45259	-63.5084	-62.0558
BLOCK13/SES132/SA132S12	SES144	-1.25757	-63.3134	-62.0558
BLOCK13/SES132/SA132S12	SES148	-1.46847	-63.5243	-62.0558
BLOCK13/SES132/SA132S22	SES062	-1.35949	-63.46	-62.1005
BLOCK13/SES132/SA132S22	SES083	-1.76743	-63.8679	-62.1005
BLOCK13/SES132/SA132S22	SES127	-1.13547	-63.2359	-62.1005
BLOCK13/SES132/SA132S22	SES275	-1.22575	-63.3262	-62.1005
BLOCK13/SES132/SA132S24	SES007	-1.28188	-63.3138	-62.0319
BLOCK13/SES132/SA132S24	SES083	-1.59792	-63.6298	-62.0319
BLOCK13/SES132/SA132S24	SES127	-1.6879	-63.7198	-62.0319
BLOCK13/SES132/SA132S24	SES275	-1.90646	-63.9383	-62.0319
BLOCK13/SES132/SA132S27	SES083	-2.54512	-65.1298	-62.5846
BLOCK13/SES132/SA132S27	SES120	-0.566875	-63.1515	-62.5846
BLOCK13/SES132/SA132S27	SES127	-2.08136	-64.666	-62.5846
BLOCK13/SES132/SA132S27	SES275	-1.68316	-64.2678	-62.5846
BLOCK14/SES141/SA141S09	SES143	-0.895374	-63.8209	-62.9255
BLOCK14/SES141/SA141S09	SES144	-1.17584	-64.1014	-62.9255
BLOCK14/SES141/SA141S09	SES162	-0.574516	-63.5	-62.9255
BLOCK14/SES141/SA141S09	SES180	-1.02509	-63.9506	-62.9255
BLOCK14/SES141/SA141S15	SES127	-1.63306	-64.272	-62.6389
BLOCK14/SES141/SA141S15	SES144	-1.50774	-64.1467	-62.6389
BLOCK14/SES141/SA141S15	SES162	-0.804379	-63.4433	-62.6389
BLOCK14/SES141/SA141S15	SES180	-1.19492	-63.8339	-62.6389
BLOCK14/SES141/SA141S24	SES127	-0.94207	-63.7821	-62.84
BLOCK14/SES141/SA141S24	SES144	-1.70665	-64.5466	-62.84
BLOCK14/SES141/SA141S24	SES162	-0.310944	-63.1509	-62.84
BLOCK14/SES141/SA141S24	SES183	-1.74326	-64.5833	-62.84
BLOCK14/SES141/SA141S26	SES142	-0.853497	-64.3012	-63.4477
BLOCK14/SES141/SA141S26	SES144	-1.89505	-65.3428	-63.4477
BLOCK14/SES141/SA141S26	SES172	-2.42189	-65.8696	-63.4477
BLOCK14/SES141/SA141S26	SES180	-0.91917	-64.3669	-63.4477
BLOCK14/SES141/SA141S29	SES127	-0.717484	-63.4366	-62.7191
BLOCK14/SES141/SA141S29	SES142	-0.100224	-62.8193	-62.7191
BLOCK14/SES141/SA141S29	SES144	-1.61907	-64.3382	-62.7191
BLOCK14/SES141/SA141S29	SES180	-0.282215	-63.0013	-62.7191
BLOCK15/SES157/SA157S08	SES083	-2.31509	-65.1676	-62.8525
BLOCK15/SES157/SA157S08	SES127	-2.896	-65.7485	-62.8525
BLOCK15/SES157/SA157S08	SES148	-1.36694	-64.2195	-62.8525
BLOCK15/SES157/SA157S08	SES292	-1.8867	-64.7392	-62.8525
BLOCK15/SES157/SA157S11	SES083	-2.29439	-64.9512	-62.6568
BLOCK15/SES157/SA157S11	SES127	-3.5813	-66.2381	-62.6568
BLOCK15/SES157/SA157S11	SES148	-1.99253	-64.6494	-62.6568
BLOCK15/SES157/SA157S11	SES292	-2.05777	-64.7146	-62.6568
BLOCK15/SES157/SA157S21	SES127	-3.88678	-66.4629	-62.5761
BLOCK15/SES157/SA157S21	SES148	-1.73531	-64.3114	-62.5761
BLOCK15/SES157/SA157S21	SES158	-6.09718	-68.6733	-62.5761
BLOCK15/SES157/SA157S21	SES292	-1.31444	-63.8905	-62.5761
BLOCK15/SES157/SA157S24	SES127	-3.17446	-65.7401	-62.5657
BLOCK15/SES157/SA157S24	SES148	-1.03956	-63.6052	-62.5657
BLOCK15/SES157/SA157S24	SES183	-1.87041	-64.4361	-62.5657
BLOCK15/SES157/SA157S24	SES292	-0.924168	-63.4898	-62.5657
BLOCK15/SES157/SA157S26	SES007	-0.57761	-62.9348	-62.3572
BLOCK15/SES157/SA157S26	SES127	-2.00238	-64.3596	-62.3572
BLOCK15/SES157/SA157S26	SES147	-2.39927	-64.7565	-62.3572
BLOCK15/SES157/SA157S26	SES148	-1.53349	-63.8907	-62.3572
BLOCK16/SES161/SA161S10	SES007	-2.47408	-65.9968	-63.5227
BLOCK16/SES161/SA161S10	SES105	-1.61383	-65.1366	-63.5227
BLOCK16/SES161/SA161S10	SES158	-2.76949	-66.2922	-63.5227
BLOCK16/SES161/SA161S10	SES275	-2.37104	-65.8938	-63.5227
BLOCK16/SES161/SA161S12	SES007	-2.13942	-65.7659	-63.6265
BLOCK16/SES161/SA161S12	SES105	-1.87506	-65.5016	-63.6265
BLOCK16/SES161/SA161S12	SES158	-1.65857	-65.2851	-63.6265
BLOCK16/SES161/SA161S12	SES275	-1.7828	-65.4093	-63.6265
BLOCK16/SES161/SA161S20	SES007	-2.61812	-67.3803	-64.7622
BLOCK16/SES161/SA161S20	SES105	-2.29942	-67.0616	-64.7622
BLOCK16/SES161/SA161S20	SES158	-2.93241	-67.6946	-64.7622
BLOCK16/SES161/SA161S20	SES275	-2.21889	-66.9811	-64.7622
BLOCK16/SES161/SA161S23	SES007	-2.43126	-65.4693	-63.0381
BLOCK16/SES161/SA161S23	SES105	-1.54529	-64.5834	-63.0381
BLOCK16/SES161/SA161S23	SES148	-3.08634	-66.1244	-63.0381
BLOCK16/SES161/SA161S23	SES158	-1.95212	-64.9902	-63.0381
BLOCK16/SES161/SA161S28	SES007	-2.99932	-66.631	-63.6317
BLOCK16/SES161/SA161S28	SES105	-2.41951	-66.0512	-63.6317
BLOCK16/SES161/SA161S28	SES158	-1.28678	-64.9185	-63.6317
BLOCK16/SES161/SA161S28	SES206	-2.1457	-65.7774	-63.6317
BLOCK16/SES164/SA164S11	SES104	-1.91016	-63.415	-61.5049
BLOCK16/SES164/SA164S11	SES125	-1.3836	-62.8885	-61.5049
BLOCK16/SES164/SA164S11	SES158	-0.508938	-62.0138	-61.5049
BLOCK16/SES164/SA164S11	SES206	-1.83069	-63.3356	-61.5049
BLOCK16/SES164/SA164S13	SES099	-0.868237	-64.0914	-63.2232
BLOCK16/SES164/SA164S13	SES104	-2.21877	-65.4419	-63.2232
BLOCK16/SES164/SA164S13	SES125	-2.12831	-65.3515	-63.2232
BLOCK16/SES164/SA164S13	SES206	-1.47926	-64.7024	-63.2232
BLOCK16/SES164/SA164S24	SES002	-0.833939	-63.137	-62.3031
BLOCK16/SES164/SA164S24	SES099	-0.790825	-63.0939	-62.3031
BLOCK16/SES164/SA164S24	SES125	-1.60176	-63.9048	-62.3031
BLOCK16/SES164/SA164S24	SES226	-1.62501	-63.9281	-62.3031
BLOCK16/SES164/SA164S27	SES087	-2.18503	-65.0152	-62.8302
BLOCK16/SES164/SA164S27	SES125	-1.83464	-64.6648	-62.8302
BLOCK16/SES164/SA164S27	SES206	-1.88292	-64.7131	-62.8302
BLOCK16/SES164/SA164S27	SES226	-2.01083	-64.841	-62.8302
BLOCK16/SES164/SA164S29	SES002	-1.51849	-63.7806	-62.2622
BLOCK16/SES164/SA164S29	SES019	-1.64739	-63.9096	-62.2622
BLOCK16/SES164/SA164S29	SES125	-1.4348	-63.697	-62.2622
BLOCK16/SES164/SA164S29	SES226	-1.66647	-63.9286	-62.2622
BLOCK16/SES169/SA169S13	SES117	-2.0435	-65.0069	-62.9634
BLOCK16/SES169/SA169S13	SES144	-1.39989	-64.3633	-62.9634
BLOCK16/SES169/SA169S13	SES146	-1.12561	-64.089	-62.9634
BLOCK16/SES169/SA169S13	SES162	-2.56886	-65.5322	-62.9634
BLOCK16/SES169/SA169S14	SES144	-1.4696	-63.038	-61.5684
BLOCK16/SES169/SA169S14	SES148	-1.13756	-62.706	-61.5684
BLOCK16/SES169/SA169S14	SES177	-2.02435	-63.5928	-61.5684
BLOCK16/SES169/SA169S14	SES180	-2.60977	-64.1782	-61.5684
BLOCK16/SES169/SA169S24	SES117	-1.97019	-65.6213	-63.6511
BLOCK16/SES169/SA169S24	SES144	-1.09311	-64.7443	-63.6511
BLOCK16/SES169/SA169S24	SES146	-1.19604	-64.8472	-63.6511
BLOCK16/SES169/SA169S24	SES162	-2.15612	-65.8073	-63.6511
BLOCK16/SES169/SA169S27	SES127	-1.84087	-64.9565	-63.1157
BLOCK16/SES169/SA169S27	SES129	-0.892273	-64.0079	-63.1157
BLOCK16/SES169/SA169S27	SES144	-1.39488	-64.5105	-63.1157
BLOCK16/SES169/SA169S27	SES146	-0.911362	-64.027	-63.1157
BLOCK16/SES169/SA169S29	SES144	-1.23585	-63.4852	-62.2493
BLOCK16/SES169/SA169S29	SES162	-1.76454	-64.0139	-62.2493
BLOCK16/SES169/SA169S29	SES177	-2.56993	-64.8193	-62.2493
BLOCK16/SES169/SA169S29	SES180	-2.06898	-64.3183	-62.2493
BLOCK17/SES171/SA171S12	SES083	-1.70471	-64.6739	-62.9692
BLOCK17/SES171/SA171S12	SES148	-1.7068	-64.676	-62.9692
BLOCK17/SES171/SA171S12	SES172	-1.43858	-64.4078	-62.9692
BLOCK17/SES171/SA171S12	SES292	-1.8812	-64.8504	-62.9692
BLOCK17/SES171/SA171S15	SES148	-2.22797	-65.9355	-63.7075
BLOCK17/SES171/SA171S15	SES177	-2.62385	-66.3314	-63.7075
BLOCK17/SES171/SA171S15	SES180	-3.00074	-66.7083	-63.7075
BLOCK17/SES171/SA171S15	SES292	-2.99795	-66.7055	-63.7075
BLOCK17/SES171/SA171S22	SES007	-1.56221	-63.7095	-62.1473
BLOCK17/SES171/SA171S22	SES148	-1.46656	-63.6138	-62.1473
BLOCK17/SES171/SA171S22	SES177	-1.04679	-63.194	-62.1473
BLOCK17/SES171/SA171S22	SES180	-1.61575	-63.763	-62.1473
BLOCK17/SES171/SA171S25	SES101	-3.05017	-67.2401	-64.1899
BLOCK17/SES171/SA171S25	SES120	-3.2923	-67.4822	-64.1899
BLOCK17/SES171/SA171S25	SES177	-2.05893	-66.2488	-64.1899
BLOCK17/SES171/SA171S25	SES180	-2.51103	-66.7009	-64.1899
BLOCK17/SES171/SA171S27	SES177	-1.21585	-64.4039	-63.1881
BLOCK17/SES171/SA171S27	SES180	-2.0042	-65.1923	-63.1881
BLOCK17/SES171/SA171S27	SES189	-0.97506	-64.1631	-63.1881
BLOCK17/SES171/SA171S27	SES292	-2.36953	-65.5576	-63.1881
BLOCK17/SES173/SA173S13	SES162	-1.47511	-65.5763	-64.1012
BLOCK17/SES173/SA173S13	SES177	-2.12614	-66.2273	-64.1012
BLOCK17/SES173/SA173S13	SES180	-2.22861	-66.3298	-64.1012
BLOCK17/SES173/SA173S13	SES292	-3.46998	-67.5712	-64.1012
BLOCK17/SES173/SA173S14	SES007	-3.06553	-67.7206	-64.655
BLOCK17/SES173/SA173S14	SES162	-1.28467	-65.9397	-64.655
BLOCK17/SES173/SA173S14	SES177	-2.15119	-66.8062	-64.655
BLOCK17/SES173/SA173S14	SES180	-1.77408	-66.4291	-64.655
BLOCK17/SES173/SA173S24	SES144	-1.37222	-66.7869	-65.4147
BLOCK17/SES173/SA173S24	SES162	-1.51878	-66.9335	-65.4147
BLOCK17/SES173/SA173S24	SES177	-2.56377	-67.9785	-65.4147
BLOCK17/SES173/SA173S24	SES180	-2.38261	-67.7973	-65.4147
BLOCK17/SES173/SA173S27	SES162	-1.14455	-65.0051	-63.8606
BLOCK17/SES173/SA173S27	SES177	-1.80947	-65.67	-63.8606
BLOCK17/SES173/SA173S27	SES180	-1.85193	-65.7125	-63.8606
BLOCK17/SES173/SA173S27	SES292	-3.00142	-66.862	-63.8606
BLOCK17/SES173/SA173S29	SES162	-1.61974	-66.2891	-64.6694
BLOCK17/SES173/SA173S29	SES175	-1.45425	-66.1237	-64.6694
BLOCK17/SES173/SA173S29	SES177	-2.56326	-67.2327	-64.6694
BLOCK17/SES173/SA173S29	SES292	-4.30183	-68.9712	-64.6694
BLOCK18/SES182/SA182S10	SES144	-1.26038	-63.9314	-62.671
BLOCK18/SES182/SA182S10	SES177	-1.14006	-63.8111	-62.671
BLOCK18/SES182/SA182S10	SES180	-1.42989	-64.1009	-62.671
BLOCK18/SES182/SA182S10	SES275	-1.49362	-64.1646	-62.671
BLOCK18/SES182/SA182S12	SES144	-0.810997	-63.108	-62.297
BLOCK18/SES182/SA182S12	SES177	-1.3791	-63.6761	-62.297
BLOCK18/SES182/SA182S12	SES180	-1.45044	-63.7475	-62.297
BLOCK18/SES182/SA182S12	SES275	-1.60365	-63.9007	-62.297
BLOCK18/SES182/SA182S21	SES117	-0.761387	-64.4178	-63.6564
BLOCK18/SES182/SA182S21	SES144	-1.7671	-65.4235	-63.6564
BLOCK18/SES182/SA182S21	SES162	-0.659672	-64.3161	-63.6564
BLOCK18/SES182/SA182S21	SES180	-1.01867	-64.6751	-63.6564
BLOCK18/SES182/SA182S23	SES117	-1.13374	-63.8858	-62.7521
BLOCK18/SES182/SA182S23	SES144	-1.87787	-64.6299	-62.7521
BLOCK18/SES182/SA182S23	SES180	-1.52043	-64.2725	-62.7521
BLOCK18/SES182/SA182S23	SES275	-1.88816	-64.6402	-62.7521
BLOCK18/SES182/SA182S25	SES007	-1.40461	-64.6383	-63.2337
BLOCK18/SES182/SA182S25	SES162	-0.682499	-63.9162	-63.2337
BLOCK18/SES182/SA182S25	SES177	-1.30523	-64.5389	-63.2337
BLOCK18/SES182/SA182S25	SES180	-0.913479	-64.1471	-63.2337
BLOCK18/SES184/SA184S12	SES177	-1.26276	-64.6981	-63.4354
BLOCK18/SES184/SA184S12	SES180	-0.931053	-64.3664	-63.4354
BLOCK18/SES184/SA184S12	SES189	-1.56941	-65.0048	-63.4354
BLOCK18/SES184/SA184S12	SES292	-1.36436	-64.7998	-63.4354
BLOCK18/SES184/SA184S13	SES101	-2.15899	-65.2535	-63.0946
BLOCK18/SES184/SA184S13	SES177	-1.5707	-64.6653	-63.0946
BLOCK18/SES184/SA184S13	SES180	-1.95859	-65.0532	-63.0946
BLOCK18/SES184/SA184S13	SES292	-1.56055	-64.6551	-63.0946
BLOCK18/SES184/SA184S22	SES177	-2.02078	-64.8912	-62.8704
BLOCK18/SES184/SA184S22	SES180	-1.11007	-63.9805	-62.8704
BLOCK18/SES184/SA184S22	SES189	-1.72252	-64.5929	-62.8704
BLOCK18/SES184/SA184S22	SES292	-1.69349	-64.5639	-62.8704
BLOCK18/SES184/SA184S25	SES101	-0.904816	-62.7015	-61.7966
BLOCK18/SES184/SA184S25	SES177	-1.73815	-63.5348	-61.7966
BLOCK18/SES184/SA184S25	SES180	-1.63451	-63.4312	-61.7966
BLOCK18/SES184/SA184S25	SES292	-1.33613	-63.1328	-61.7966
BLOCK18/SES184/SA184S27	SES083	-1.64277	-63.943	-62.3003
BLOCK18/SES184/SA184S27	SES177	-2.08564	-64.3859	-62.3003
BLOCK18/SES184/SA184S27	SES202	-3.44138	-65.7417	-62.3003
BLOCK18/SES184/SA184S27	SES292	-1.60449	-63.9048	-62.3003
BLOCK20/SES204/SA204S12	SES062	-2.45818	-64.2397	-61.7816
BLOCK20/SES204/SA204S12	SES083	-3.12539	-64.907	-61.7816
BLOCK20/SES204/SA204S12	SES206	-1.12152	-62.9031	-61.7816
BLOCK20/SES204/SA204S12	SES226	-1.43442	-63.216	-61.7816
BLOCK20/SES204/SA204S14	SES068	-4.69203	-65.7485	-61.0565
BLOCK20/SES204/SA204S14	SES087	-1.4175	-62.474	-61.0565
BLOCK20/SES204/SA204S14	SES206	-1.55971	-62.6162	-61.0565
BLOCK20/SES204/SA204S14	SES226	-1.63058	-62.687	-61.0565
BLOCK20/SES204/SA204S22	SES068	-5.53357	-67.736	-62.2025
BLOCK20/SES204/SA204S22	SES082	-3.07489	-65.2774	-62.2025
BLOCK20/SES204/SA204S22	SES083	-3.47037	-65.6728	-62.2025
BLOCK20/SES204/SA204S22	SES206	-1.44246	-63.6449	-62.2025
BLOCK20/SES204/SA204S25	SES062	-3.28696	-65.3562	-62.0692
BLOCK20/SES204/SA204S25	SES083	-3.3052	-65.3744	-62.0692
BLOCK20/SES204/SA204S25	SES206	-0.595184	-62.6644	-62.0692
BLOCK20/SES204/SA204S25	SES226	-1.3377	-63.4069	-62.0692
BLOCK20/SES204/SA204S27	SES068	-5.87761	-68.2258	-62.3482
BLOCK20/SES204/SA204S27	SES082	-1.57103	-63.9192	-62.3482
BLOCK20/SES204/SA204S27	SES087	-1.3093	-63.6575	-62.3482
BLOCK20/SES204/SA204S27	SES206	-0.959923	-63.3081	-62.3482
BLOCK20/SES207/SA207S10	SES127	-1.57515	-64.1214	-62.5462
BLOCK20/SES207/SA207S10	SES183	-1.60742	-64.1536	-62.5462
BLOCK20/SES207/SA207S10	SES189	-1.05621	-63.6024	-62.5462
BLOCK20/SES207/SA207S10	SES292	-1.917	-64.4632	-62.5462
BLOCK20/SES207/SA207S11	SES127	-3.06969	-65.7468	-62.6771
BLOCK20/SES207/SA207S11	SES183	-1.50591	-64.183	-62.6771
BLOCK20/SES207/SA207S11	SES187	-1.75827	-64.4353	-62.6771
BLOCK20/SES207/SA207S11	SES292	-1.98208	-64.6591	-62.6771
BLOCK20/SES207/SA207S25	SES068	-1.7412	-64.7493	-63.0081
BLOCK20/SES207/SA207S25	SES083	-2.44002	-65.4481	-63.0081
BLOCK20/SES207/SA207S25	SES127	-1.92696	-64.935	-63.0081
BLOCK20/SES207/SA207S25	SES187	-1.17269	-64.1808	-63.0081
BLOCK20/SES207/SA207S27	SES127	-2.07861	-65.4886	-63.41
BLOCK20/SES207/SA207S27	SES183	-1.43857	-64.8486	-63.41
BLOCK20/SES207/SA207S27	SES187	-1.62341	-65.0334	-63.41
BLOCK20/SES207/SA207S27	SES292	-2.19569	-65.6057	-63.41
BLOCK20/SES207/SA207S29	SES083	-2.45203	-65.1888	-62.7368
BLOCK20/SES207/SA207S29	SES085	-1.47799	-64.2148	-62.7368
BLOCK20/SES207/SA207S29	SES172	-2.59458	-65.3314	-62.7368
BLOCK20/SES207/SA207S29	SES189	-1.62877	-64.3656	-62.7368
BLOCK22/SES221/SA221S12	SES068	-2.83547	-65.8265	-62.991
BLOCK22/SES221/SA221S12	SES143	-1.66091	-64.652	-62.991
BLOCK22/SES221/SA221S12	SES175	-1.12386	-64.1149	-62.991
BLOCK22/SES221/SA221S12	SES202	-0.947929	-63.939	-62.991
BLOCK22/SES221/SA221S15	SES085	-3.16628	-67.8238	-64.6575
BLOCK22/SES221/SA221S15	SES143	-1.94385	-66.6013	-64.6575
BLOCK22/SES221/SA221S15	SES175	-1.74618	-66.4036	-64.6575
BLOCK22/SES221/SA221S15	SES187	-1.25479	-65.9123	-64.6575
BLOCK22/SES221/SA221S23	SES068	-3.54382	-66.9451	-63.4013
BLOCK22/SES221/SA221S23	SES143	-2.08349	-65.4848	-63.4013
BLOCK22/SES221/SA221S23	SES175	-1.38354	-64.7848	-63.4013
BLOCK22/SES221/SA221S23	SES189	0.0782204	-63.3231	-63.4013
BLOCK22/SES221/SA221S27	SES085	-2.98381	-66.7335	-63.7497
BLOCK22/SES221/SA221S27	SES143	-1.55348	-65.3032	-63.7497
BLOCK22/SES221/SA221S27	SES175	-1.92893	-65.6786	-63.7497
BLOCK22/SES221/SA221S27	SES189	0.876328	-62.8734	-63.7497
BLOCK22/SES221/SA221S29	SES085	-4.18329	-69.7499	-65.5666
BLOCK22/SES221/SA221S29	SES143	-2.61433	-68.1809	-65.5666
BLOCK22/SES221/SA221S29	SES175	-3.20029	-68.7669	-65.5666
BLOCK22/SES221/SA221S29	SES187	-0.915321	-66.4819	-65.5666
BLOCK22/SES223/SA223S11	SES143	-1.21733	-64.9971	-63.7797
BLOCK22/SES223/SA223S11	SES144	-2.49724	-66.277	-63.7797
BLOCK22/SES223/SA223S11	SES175	-1.55627	-65.336	-63.7797
BLOCK22/SES223/SA223S11	SES187	-1.65094	-65.4307	-63.7797
BLOCK22/SES223/SA223S13	SES068	-2.66386	-67.3564	-64.6926
BLOCK22/SES223/SA223S13	SES143	-1.79296	-66.4855	-64.6926
BLOCK22/SES223/SA223S13	SES146	-3.20347	-67.896	-64.6926
BLOCK22/SES223/SA223S13	SES202	-2.75305	-67.4456	-64.6926
BLOCK22/SES223/SA223S22	SES143	-1.2892	-65.6038	-64.3146
BLOCK22/SES223/SA223S22	SES144	-2.26221	-66.5768	-64.3146
BLOCK22/SES223/SA223S22	SES175	-1.4798	-65.7944	-64.3146
BLOCK22/SES223/SA223S22	SES187	-1.05717	-65.3718	-64.3146
BLOCK22/SES223/SA223S25	SES068	-2.79305	-67.0533	-64.2603
BLOCK22/SES223/SA223S25	SES143	-1.53389	-65.7942	-64.2603
BLOCK22/SES223/SA223S25	SES175	-1.63991	-65.9002	-64.2603
BLOCK22/SES223/SA223S25	SES187	-1.69467	-65.9549	-64.2603
BLOCK22/SES223/SA223S27	SES143	-1.55078	-65.7447	-64.194
BLOCK22/SES223/SA223S27	SES146	-2.78487	-66.9788	-64.194
BLOCK22/SES223/SA223S27	SES187	-1.89145	-66.0854	-64.194
BLOCK22/SES223/SA223S27	SES292	-3.62241	-67.8164	-64.194
BLOCK27/SES273/SA273S12	SES099	-0.567581	-61.3896	-60.8221
BLOCK27/SES273/SA273S12	SES104	0.154766	-60.6673	-60.8221
BLOCK27/SES273/SA273S12	SES125	-0.803066	-61.6251	-60.8221
BLOCK27/SES273/SA273S12	SES206	0.0861206	-60.7359	-60.8221
BLOCK27/SES273/SA273S13	SES099	-0.685646	-61.1604	-60.4747
BLOCK27/SES273/SA273S13	SES104	-0.499989	-60.9747	-60.4747
BLOCK27/SES273/SA273S13	SES206	-0.353653	-60.8284	-60.4747
BLOCK27/SES273/SA273S13	SES292	-3.102	-63.5767	-60.4747
BLOCK27/SES273/SA273S21	SES099	-0.328339	-61.2556	-60.9272
BLOCK27/SES273/SA273S21	SES148	-4.70108	-65.6283	-60.9272
BLOCK27/SES273/SA273S21	SES149	-0.586895	-61.5141	-60.9272
BLOCK27/SES273/SA273S21	SES177	-5.22147	-66.1487	-60.9272
BLOCK27/SES273/SA273S25	SES104	-0.170712	-60.9689	-60.7982
BLOCK27/SES273/SA273S25	SES125	-0.775799	-61.574	-60.7982
BLOCK27/SES273/SA273S25	SES158	-0.24744	-61.0456	-60.7982
BLOCK27/SES273/SA273S25	SES206	0.0234108	-60.7748	-60.7982
BLOCK27/SES273/SA273S27	SES099	-0.511444	-61.017	-60.5055
BLOCK27/SES273/SA273S27	SES104	-1.3677	-61.8732	-60.5055
BLOCK27/SES273/SA273S27	SES149	-1.17976	-61.6853	-60.5055
BLOCK27/SES273/SA273S27	SES275	-2.28173	-62.7873	-60.5055
BLOCK27/SES274/SA274S10	SES105	-2.22853	-63.4216	-61.1931
BLOCK27/SES274/SA274S10	SES125	-0.929737	-62.1228	-61.1931
BLOCK27/SES274/SA274S10	SES129	-2.75154	-63.9446	-61.1931
BLOCK27/SES274/SA274S10	SES158	-1.71653	-62.9096	-61.1931
BLOCK27/SES274/SA274S11	SES105	-2.21859	-63.4381	-61.2195
BLOCK27/SES274/SA274S11	SES149	-1.49328	-62.7128	-61.2195
BLOCK27/SES274/SA274S11	SES158	-1.23317	-62.4527	-61.2195
BLOCK27/SES274/SA274S11	SES275	-2.26265	-63.4822	-61.2195
BLOCK27/SES274/SA274S21	SES105	-1.87047	-63.2393	-61.3688
BLOCK27/SES274/SA274S21	SES129	-3.08839	-64.4572	-61.3688
BLOCK27/SES274/SA274S21	SES149	-1.08961	-62.4584	-61.3688
BLOCK27/SES274/SA274S21	SES158	-2.19728	-63.5661	-61.3688
BLOCK27/SES274/SA274S24	SES105	-2.23941	-63.1373	-60.8979
BLOCK27/SES274/SA274S24	SES129	-3.58999	-64.4879	-60.8979
BLOCK27/SES274/SA274S24	SES149	-1.32386	-62.2218	-60.8979
BLOCK27/SES274/SA274S24	SES158	-1.65076	-62.5487	-60.8979
BLOCK27/SES274/SA274S29	SES105	-1.95415	-63.246	-61.2919
BLOCK27/SES274/SA274S29	SES106	-1.40162	-62.6935	-61.2919
BLOCK27/SES274/SA274S29	SES120	-3.21776	-64.5097	-61.2919
BLOCK27/SES274/SA274S29	SES275	-2.29727	-63.5892	-61.2919
BLOCK27/SES276/SA276S16	SES148	-1.57191	-64.641	-63.0691
BLOCK27/SES276/SA276S16	SES172	-2.15714	-65.2262	-63.0691
BLOCK27/SES276/SA276S16	SES180	-3.27345	-66.3425	-63.0691
BLOCK27/SES276/SA276S16	SES292	-1.39243	-64.4615	-63.0691
BLOCK27/SES276/SA276S17	SES101	-1.57008	-64.3672	-62.7971
BLOCK27/SES276/SA276S17	SES177	-2.08342	-64.8806	-62.7971
BLOCK27/SES276/SA276S17	SES180	-2.16817	-64.9653	-62.7971
BLOCK27/SES276/SA276S17	SES292	-1.43282	-64.23	-62.7971
BLOCK27/SES276/SA276S24	SES101	-1.40913	-63.5613	-62.1521
BLOCK27/SES276/SA276S24	SES177	-2.15046	-64.3026	-62.1521
BLOCK27/SES276/SA276S24	SES180	-2.32194	-64.4741	-62.1521
BLOCK27/SES276/SA276S24	SES292	-1.66545	-63.8176	-62.1521
BLOCK27/SES276/SA276S26	SES101	-2.28711	-65.1092	-62.8221
BLOCK27/SES276/SA276S26	SES177	-1.89606	-64.7182	-62.8221
BLOCK27/SES276/SA276S26	SES180	-1.46182	-64.2839	-62.8221
BLOCK27/SES276/SA276S26	SES292	-1.49509	-64.3172	-62.8221
BLOCK27/SES276/SA276S28	SES101	-1.90961	-64.6574	-62.7478
BLOCK27/SES276/SA276S28	SES177	-2.38377	-65.1316	-62.7478
BLOCK27/SES276/SA276S28	SES180	-1.93548	-64.6833	-62.7478
BLOCK27/SES276/SA276S28	SES292	-1.79958	-64.5474	-62.7478
BLOCK27/SES277/SA277S12	SES101	-1.48946	-65.4295	-63.94
BLOCK27/SES277/SA277S12	SES177	-1.90967	-65.8497	-63.94
BLOCK27/SES277/SA277S12	SES180	-1.49873	-65.4387	-63.94
BLOCK27/SES277/SA277S12	SES292	-2.10815	-66.0481	-63.94
BLOCK27/SES277/SA277S14	SES177	-1.46109	-65.1919	-63.7308
BLOCK27/SES277/SA277S14	SES180	-2.22422	-65.955	-63.7308
BLOCK27/SES277/SA277S14	SES189	-0.356583	-64.0874	-63.7308
BLOCK27/SES277/SA277S14	SES292	-2.55682	-66.2876	-63.7308
BLOCK27/SES277/SA277S21	SES177	-1.4747	-64.1813	-62.7066
BLOCK27/SES277/SA277S21	SES180	-2.13277	-64.8394	-62.7066
BLOCK27/SES277/SA277S21	SES189	-0.514992	-63.2216	-62.7066
BLOCK27/SES277/SA277S21	SES292	-2.30867	-65.0153	-62.7066
BLOCK27/SES277/SA277S24	SES144	-2.13971	-66.3095	-64.1698
BLOCK27/SES277/SA277S24	SES177	-1.8669	-66.0367	-64.1698
BLOCK27/SES277/SA277S24	SES180	-2.24384	-66.4136	-64.1698
BLOCK27/SES277/SA277S24	SES189	-0.819397	-64.9892	-64.1698
BLOCK27/SES277/SA277S29	SES177	-1.3011	-63.3521	-62.051
BLOCK27/SES277/SA277S29	SES180	-1.37247	-63.4234	-62.051
BLOCK27/SES277/SA277S29	SES202	-1.28096	-63.3319	-62.051
BLOCK27/SES277/SA277S29	SES292	-2.00697	-64.0579	-62.051
BLOCK27/SES279/SA279S09	SES120	-2.26451	-64.3197	-62.0552
BLOCK27/SES279/SA279S09	SES146	-1.63984	-63.6951	-62.0552
BLOCK27/SES279/SA279S09	SES206	-2.29949	-64.3547	-62.0552
BLOCK27/SES279/SA279S09	SES226	-2.79912	-64.8543	-62.0552
BLOCK27/SES279/SA279S10	SES099	-1.66901	-63.6692	-62.0002
BLOCK27/SES279/SA279S10	SES206	-1.75184	-63.7521	-62.0002
BLOCK27/SES279/SA279S10	SES226	-2.01294	-64.0132	-62.0002
BLOCK27/SES279/SA279S10	SES292	-1.83134	-63.8316	-62.0002
BLOCK27/SES279/SA279S20	SES099	-2.95121	-65.4296	-62.4784
BLOCK27/SES279/SA279S20	SES206	-2.25296	-64.7313	-62.4784
BLOCK27/SES279/SA279S20	SES226	-1.86605	-64.3444	-62.4784
BLOCK27/SES279/SA279S20	SES292	-1.40322	-63.8816	-62.4784
BLOCK27/SES279/SA279S26	SES099	-1.89967	-64.5814	-62.6817
BLOCK27/SES279/SA279S26	SES206	-1.15457	-63.8363	-62.6817
BLOCK27/SES279/SA279S26	SES226	-1.80469	-64.4864	-62.6817
BLOCK27/SES279/SA279S26	SES292	-1.66776	-64.3495	-62.6817
BLOCK27/SES279/SA279S28	SES099	-2.87204	-63.7695	-60.8975
BLOCK27/SES279/SA279S28	SES120	-2.197	-63.0945	-60.8975
BLOCK27/SES279/SA279S28	SES177	-4.41751	-65.315	-60.8975
BLOCK27/SES279/SA279S28	SES206	-2.63618	-63.5337	-60.8975
BLOCK29/SES290/SA290S12	SES162	-1.37194	-63.8189	-62.447
BLOCK29/SES290/SA290S12	SES177	-1.81928	-64.2663	-62.447
BLOCK29/SES290/SA290S12	SES180	-2.09289	-64.5399	-62.447
BLOCK29/SES290/SA290S12	SES292	-2.88223	-65.3292	-62.447
BLOCK29/SES290/SA290S13	SES007	-3.35043	-67.2707	-63.9203
BLOCK29/SES290/SA290S13	SES162	-1.68047	-65.6008	-63.9203
BLOCK29/SES290/SA290S13	SES177	-1.55032	-65.4706	-63.9203
BLOCK29/SES290/SA290S13	SES180	-2.22629	-66.1466	-63.9203
BLOCK29/SES290/SA290S22	SES177	-1.16974	-64.2907	-63.1209
BLOCK29/SES290/SA290S22	SES180	-1.01688	-64.1378	-63.1209
BLOCK29/SES290/SA290S22	SES202	-1.27934	-64.4003	-63.1209
BLOCK29/SES290/SA290S22	SES292	-2.94122	-66.0622	-63.1209
BLOCK29/SES290/SA290S25	SES162	-1.23145	-63.7277	-62.4963
BLOCK29/SES290/SA290S25	SES177	-1.68648	-64.1828	-62.4963
BLOCK29/SES290/SA290S25	SES180	-1.4933	-63.9896	-62.4963
BLOCK29/SES290/SA290S25	SES292	-2.49782	-64.9941	-62.4963
BLOCK29/SES290/SA290S29	SES177	-0.660664	-62.8132	-62.1525
BLOCK29/SES290/SA290S29	SES180	-0.585361	-62.7379	-62.1525
BLOCK29/SES290/SA290S29	SES275	-2.01835	-64.1709	-62.1525
BLOCK29/SES290/SA290S29	SES292	-1.8238	-63.9763	-62.1525
BLOCK29/SES291/SA291S11	SES105	-2.94638	-65.5356	-62.5892
BLOCK29/SES291/SA291S11	SES125	-1.20479	-63.794	-62.5892
BLOCK29/SES291/SA291S11	SES158	-1.00484	-63.5941	-62.5892
BLOCK29/SES291/SA291S11	SES275	-3.6332	-66.2224	-62.5892
BLOCK29/SES291/SA291S12	SES158	0.00951767	-62.0767	-62.0862
BLOCK29/SES291/SA291S12	SES226	-1.56772	-63.654	-62.0862
BLOCK29/SES291/SA291S12	SES270	0.137127	-61.9491	-62.0862
BLOCK29/SES291/SA291S12	SES275	-3.49347	-65.5797	-62.0862
BLOCK29/SES291/SA291S22	SES082	-2.03473	-63.8619	-61.8272
BLOCK29/SES291/SA291S22	SES158	-0.873287	-62.7005	-61.8272
BLOCK29/SES291/SA291S22	SES259	-2.11354	-63.9408	-61.8272
BLOCK29/SES291/SA291S22	SES275	-3.38366	-65.2109	-61.8272
BLOCK29/SES291/SA291S24	SES104	-0.384315	-61.1377	-60.7534
BLOCK29/SES291/SA291S24	SES125	-0.692554	-61.446	-60.7534
BLOCK29/SES291/SA291S24	SES158	-0.56884	-61.3222	-60.7534
BLOCK29/SES291/SA291S24	SES275	-3.49148	-64.2449	-60.7534
BLOCK29/SES291/SA291S27	SES158	-0.100136	-61.3141	-61.214
BLOCK29/SES291/SA291S27	SES172	-5.18497	-66.399	-61.214
BLOCK29/SES291/SA291S27	SES275	-3.80087	-65.0149	-61.214
BLOCK29/SES291/SA291S27	SES292	-3.54229	-64.7563	-61.214
